2019-03-07 20:03:32,924 [MainThread  ][INFO ]  Output file name will be "scan_Omega100_megascan_bigheights"
2019-03-07 20:03:32,924 [MainThread  ][INFO ]  Starting super iteration loop
2019-03-07 20:03:32,924 [MainThread  ][INFO ]  Working on height 0/4
2019-03-07 20:03:32,924 [MainThread  ][INFO ]  Starting iteration 1/200
2019-03-07 20:03:37,245 [MainThread  ][INFO ]  Starting iteration 2/200
2019-03-07 20:03:44,435 [MainThread  ][INFO ]  Starting iteration 3/200
2019-03-07 20:03:51,761 [MainThread  ][INFO ]  Starting iteration 4/200
2019-03-07 20:03:59,293 [MainThread  ][INFO ]  Starting iteration 5/200
2019-03-07 20:04:07,375 [MainThread  ][INFO ]  Starting iteration 6/200
2019-03-07 20:04:15,376 [MainThread  ][INFO ]  Starting iteration 7/200
2019-03-07 20:04:23,415 [MainThread  ][INFO ]  Starting iteration 8/200
2019-03-07 20:04:31,568 [MainThread  ][INFO ]  Starting iteration 9/200
2019-03-07 20:04:40,086 [MainThread  ][INFO ]  Starting iteration 10/200
2019-03-07 20:04:48,632 [MainThread  ][INFO ]  Starting iteration 11/200
2019-03-07 20:04:57,382 [MainThread  ][INFO ]  Starting iteration 12/200
2019-03-07 20:05:06,186 [MainThread  ][INFO ]  Starting iteration 13/200
2019-03-07 20:05:15,360 [MainThread  ][INFO ]  Starting iteration 14/200
2019-03-07 20:05:24,465 [MainThread  ][INFO ]  Starting iteration 15/200
2019-03-07 20:05:33,998 [MainThread  ][INFO ]  Starting iteration 16/200
2019-03-07 20:05:43,845 [MainThread  ][INFO ]  Starting iteration 17/200
2019-03-07 20:05:53,649 [MainThread  ][INFO ]  Starting iteration 18/200
2019-03-07 20:06:03,517 [MainThread  ][INFO ]  Starting iteration 19/200
2019-03-07 20:06:13,488 [MainThread  ][INFO ]  Starting iteration 20/200
2019-03-07 20:06:23,823 [MainThread  ][INFO ]  Starting iteration 21/200
2019-03-07 20:06:34,415 [MainThread  ][INFO ]  Starting iteration 22/200
2019-03-07 20:06:44,734 [MainThread  ][INFO ]  Starting iteration 23/200
2019-03-07 20:06:55,277 [MainThread  ][INFO ]  Starting iteration 24/200
2019-03-07 20:07:05,632 [MainThread  ][INFO ]  Starting iteration 25/200
2019-03-07 20:07:16,145 [MainThread  ][INFO ]  Starting iteration 26/200
2019-03-07 20:07:26,804 [MainThread  ][INFO ]  Starting iteration 27/200
2019-03-07 20:07:37,618 [MainThread  ][INFO ]  Starting iteration 28/200
2019-03-07 20:07:48,561 [MainThread  ][INFO ]  Starting iteration 29/200
2019-03-07 20:07:59,764 [MainThread  ][INFO ]  Starting iteration 30/200
2019-03-07 20:08:11,138 [MainThread  ][INFO ]  Starting iteration 31/200
2019-03-07 20:08:22,424 [MainThread  ][INFO ]  Starting iteration 32/200
2019-03-07 20:08:33,897 [MainThread  ][INFO ]  Starting iteration 33/200
2019-03-07 20:08:44,949 [MainThread  ][INFO ]  Starting iteration 34/200
2019-03-07 20:08:58,875 [MainThread  ][INFO ]  Starting iteration 35/200
2019-03-07 20:09:15,846 [MainThread  ][INFO ]  Starting iteration 36/200
2019-03-07 20:09:33,204 [MainThread  ][INFO ]  Starting iteration 37/200
2019-03-07 20:09:50,754 [MainThread  ][INFO ]  Starting iteration 38/200
2019-03-07 20:10:08,819 [MainThread  ][INFO ]  Starting iteration 39/200
2019-03-07 20:10:26,697 [MainThread  ][INFO ]  Starting iteration 40/200
2019-03-07 20:10:44,443 [MainThread  ][INFO ]  Starting iteration 41/200
2019-03-07 20:11:02,048 [MainThread  ][INFO ]  Starting iteration 42/200
2019-03-07 20:11:19,704 [MainThread  ][INFO ]  Starting iteration 43/200
2019-03-07 20:11:38,396 [MainThread  ][INFO ]  Starting iteration 44/200
2019-03-07 20:11:56,735 [MainThread  ][INFO ]  Starting iteration 45/200
2019-03-07 20:12:15,431 [MainThread  ][INFO ]  Starting iteration 46/200
2019-03-07 20:12:38,955 [MainThread  ][INFO ]  Starting iteration 47/200
2019-03-07 20:13:11,593 [MainThread  ][INFO ]  Starting iteration 48/200
2019-03-07 20:13:42,599 [MainThread  ][INFO ]  Starting iteration 49/200
2019-03-07 20:14:12,123 [MainThread  ][INFO ]  Starting iteration 50/200
2019-03-07 20:14:43,004 [MainThread  ][INFO ]  Starting iteration 51/200
2019-03-07 20:15:14,494 [MainThread  ][INFO ]  Starting iteration 52/200
2019-03-07 20:15:48,062 [MainThread  ][INFO ]  Starting iteration 53/200
2019-03-07 20:16:18,360 [MainThread  ][INFO ]  Starting iteration 54/200
2019-03-07 20:16:49,949 [MainThread  ][INFO ]  Starting iteration 55/200
2019-03-07 20:17:18,089 [MainThread  ][INFO ]  Starting iteration 56/200
2019-03-07 20:17:45,292 [MainThread  ][INFO ]  Starting iteration 57/200
2019-03-07 20:18:15,368 [MainThread  ][INFO ]  Starting iteration 58/200
2019-03-07 20:18:45,604 [MainThread  ][INFO ]  Starting iteration 59/200
2019-03-07 20:19:15,595 [MainThread  ][INFO ]  Starting iteration 60/200
2019-03-07 20:19:46,730 [MainThread  ][INFO ]  Starting iteration 61/200
2019-03-07 20:20:17,064 [MainThread  ][INFO ]  Starting iteration 62/200
2019-03-07 20:20:49,417 [MainThread  ][INFO ]  Starting iteration 63/200
2019-03-07 20:21:19,267 [MainThread  ][INFO ]  Starting iteration 64/200
2019-03-07 20:21:50,882 [MainThread  ][INFO ]  Starting iteration 65/200
2019-03-07 20:22:25,435 [MainThread  ][INFO ]  Starting iteration 66/200
2019-03-07 20:22:57,821 [MainThread  ][INFO ]  Starting iteration 67/200
2019-03-07 20:23:28,975 [MainThread  ][INFO ]  Starting iteration 68/200
2019-03-07 20:24:02,111 [MainThread  ][INFO ]  Starting iteration 69/200
2019-03-07 20:24:36,016 [MainThread  ][INFO ]  Starting iteration 70/200
2019-03-07 20:25:08,439 [MainThread  ][INFO ]  Starting iteration 71/200
2019-03-07 20:25:40,960 [MainThread  ][INFO ]  Starting iteration 72/200
2019-03-07 20:26:12,241 [MainThread  ][INFO ]  Starting iteration 73/200
2019-03-07 20:26:43,793 [MainThread  ][INFO ]  Starting iteration 74/200
2019-03-07 20:27:20,597 [MainThread  ][INFO ]  Starting iteration 75/200
2019-03-07 20:27:56,000 [MainThread  ][INFO ]  Starting iteration 76/200
2019-03-07 20:28:27,877 [MainThread  ][INFO ]  Starting iteration 77/200
2019-03-07 20:29:00,104 [MainThread  ][INFO ]  Starting iteration 78/200
2019-03-07 20:29:34,139 [MainThread  ][INFO ]  Starting iteration 79/200
2019-03-07 20:30:08,684 [MainThread  ][INFO ]  Starting iteration 80/200
2019-03-07 20:30:43,313 [MainThread  ][INFO ]  Starting iteration 81/200
2019-03-07 20:31:17,193 [MainThread  ][INFO ]  Starting iteration 82/200
2019-03-07 20:31:54,098 [MainThread  ][INFO ]  Starting iteration 83/200
2019-03-07 20:32:27,710 [MainThread  ][INFO ]  Starting iteration 84/200
2019-03-07 20:33:03,159 [MainThread  ][INFO ]  Starting iteration 85/200
2019-03-07 20:33:42,822 [MainThread  ][INFO ]  Starting iteration 86/200
2019-03-07 20:34:20,706 [MainThread  ][INFO ]  Starting iteration 87/200
2019-03-07 20:34:56,795 [MainThread  ][INFO ]  Starting iteration 88/200
2019-03-07 20:35:34,509 [MainThread  ][INFO ]  Starting iteration 89/200
2019-03-07 20:36:12,869 [MainThread  ][INFO ]  Starting iteration 90/200
2019-03-07 20:36:49,728 [MainThread  ][INFO ]  Starting iteration 91/200
2019-03-07 20:37:31,055 [MainThread  ][INFO ]  Starting iteration 92/200
2019-03-07 20:38:10,397 [MainThread  ][INFO ]  Starting iteration 93/200
2019-03-07 20:38:50,712 [MainThread  ][INFO ]  Starting iteration 94/200
2019-03-07 20:39:28,029 [MainThread  ][INFO ]  Starting iteration 95/200
2019-03-07 20:40:07,791 [MainThread  ][INFO ]  Starting iteration 96/200
2019-03-07 20:40:47,074 [MainThread  ][INFO ]  Starting iteration 97/200
2019-03-07 20:41:27,955 [MainThread  ][INFO ]  Starting iteration 98/200
2019-03-07 20:42:05,452 [MainThread  ][INFO ]  Starting iteration 99/200
2019-03-07 20:42:42,880 [MainThread  ][INFO ]  Starting iteration 100/200
2019-03-07 20:43:20,274 [MainThread  ][INFO ]  Starting iteration 101/200
2019-03-07 20:43:56,165 [MainThread  ][INFO ]  Starting iteration 102/200
2019-03-07 20:44:33,046 [MainThread  ][INFO ]  Starting iteration 103/200
2019-03-07 20:45:11,936 [MainThread  ][INFO ]  Starting iteration 104/200
2019-03-07 20:45:49,289 [MainThread  ][INFO ]  Starting iteration 105/200
2019-03-07 20:46:27,667 [MainThread  ][INFO ]  Starting iteration 106/200
2019-03-07 20:47:11,001 [MainThread  ][INFO ]  Starting iteration 107/200
2019-03-07 20:47:51,207 [MainThread  ][INFO ]  Starting iteration 108/200
2019-03-07 20:48:31,111 [MainThread  ][INFO ]  Starting iteration 109/200
2019-03-07 20:49:10,329 [MainThread  ][INFO ]  Starting iteration 110/200
2019-03-07 20:49:48,754 [MainThread  ][INFO ]  Starting iteration 111/200
2019-03-07 20:50:31,862 [MainThread  ][INFO ]  Starting iteration 112/200
2019-03-07 20:51:11,219 [MainThread  ][INFO ]  Starting iteration 113/200
2019-03-07 20:51:50,572 [MainThread  ][INFO ]  Starting iteration 114/200
2019-03-07 20:52:34,966 [MainThread  ][INFO ]  Starting iteration 115/200
2019-03-07 20:53:15,749 [MainThread  ][INFO ]  Starting iteration 116/200
2019-03-07 20:53:59,286 [MainThread  ][INFO ]  Starting iteration 117/200
2019-03-07 20:54:42,598 [MainThread  ][INFO ]  Starting iteration 118/200
2019-03-07 20:55:23,948 [MainThread  ][INFO ]  Starting iteration 119/200
2019-03-07 20:56:03,838 [MainThread  ][INFO ]  Starting iteration 120/200
2019-03-07 20:56:47,048 [MainThread  ][INFO ]  Starting iteration 121/200
2019-03-07 20:57:32,066 [MainThread  ][INFO ]  Starting iteration 122/200
2019-03-07 20:58:19,539 [MainThread  ][INFO ]  Starting iteration 123/200
2019-03-07 20:59:03,237 [MainThread  ][INFO ]  Starting iteration 124/200
2019-03-07 20:59:48,615 [MainThread  ][INFO ]  Starting iteration 125/200
2019-03-07 21:00:33,145 [MainThread  ][INFO ]  Starting iteration 126/200
2019-03-07 21:01:16,673 [MainThread  ][INFO ]  Starting iteration 127/200
2019-03-07 21:01:55,949 [MainThread  ][INFO ]  Starting iteration 128/200
2019-03-07 21:02:36,897 [MainThread  ][INFO ]  Starting iteration 129/200
2019-03-07 21:03:16,731 [MainThread  ][INFO ]  Starting iteration 130/200
2019-03-07 21:04:04,859 [MainThread  ][INFO ]  Starting iteration 131/200
2019-03-07 21:04:48,863 [MainThread  ][INFO ]  Starting iteration 132/200
2019-03-07 21:05:35,828 [MainThread  ][INFO ]  Starting iteration 133/200
2019-03-07 21:06:23,254 [MainThread  ][INFO ]  Starting iteration 134/200
2019-03-07 21:07:09,165 [MainThread  ][INFO ]  Starting iteration 135/200
2019-03-07 21:07:56,179 [MainThread  ][INFO ]  Starting iteration 136/200
2019-03-07 21:08:41,661 [MainThread  ][INFO ]  Starting iteration 137/200
2019-03-07 21:09:26,947 [MainThread  ][INFO ]  Starting iteration 138/200
2019-03-07 21:10:14,513 [MainThread  ][INFO ]  Starting iteration 139/200
2019-03-07 21:11:04,288 [MainThread  ][INFO ]  Starting iteration 140/200
2019-03-07 21:11:52,364 [MainThread  ][INFO ]  Starting iteration 141/200
2019-03-07 21:12:42,157 [MainThread  ][INFO ]  Starting iteration 142/200
2019-03-07 21:13:32,748 [MainThread  ][INFO ]  Starting iteration 143/200
2019-03-07 21:14:24,689 [MainThread  ][INFO ]  Starting iteration 144/200
2019-03-07 21:15:15,629 [MainThread  ][INFO ]  Starting iteration 145/200
2019-03-07 21:16:07,479 [MainThread  ][INFO ]  Starting iteration 146/200
2019-03-07 21:17:01,029 [MainThread  ][INFO ]  Starting iteration 147/200
2019-03-07 21:17:55,249 [MainThread  ][INFO ]  Starting iteration 148/200
2019-03-07 21:18:45,742 [MainThread  ][INFO ]  Starting iteration 149/200
2019-03-07 21:19:40,624 [MainThread  ][INFO ]  Starting iteration 150/200
2019-03-07 21:20:32,412 [MainThread  ][INFO ]  Starting iteration 151/200
2019-03-07 21:21:22,189 [MainThread  ][INFO ]  Starting iteration 152/200
2019-03-07 21:22:13,528 [MainThread  ][INFO ]  Starting iteration 153/200
2019-03-07 21:23:10,476 [MainThread  ][INFO ]  Starting iteration 154/200
2019-03-07 21:24:02,793 [MainThread  ][INFO ]  Starting iteration 155/200
2019-03-07 21:24:55,933 [MainThread  ][INFO ]  Starting iteration 156/200
2019-03-07 21:25:51,009 [MainThread  ][INFO ]  Starting iteration 157/200
2019-03-07 21:26:43,447 [MainThread  ][INFO ]  Starting iteration 158/200
2019-03-07 21:27:35,032 [MainThread  ][INFO ]  Starting iteration 159/200
2019-03-07 21:28:31,999 [MainThread  ][INFO ]  Starting iteration 160/200
2019-03-07 21:29:22,051 [MainThread  ][INFO ]  Starting iteration 161/200
2019-03-07 21:30:17,731 [MainThread  ][INFO ]  Starting iteration 162/200
2019-03-07 21:31:15,788 [MainThread  ][INFO ]  Starting iteration 163/200
2019-03-07 21:32:08,958 [MainThread  ][INFO ]  Starting iteration 164/200
2019-03-07 21:33:02,552 [MainThread  ][INFO ]  Starting iteration 165/200
2019-03-07 21:33:59,441 [MainThread  ][INFO ]  Starting iteration 166/200
2019-03-07 21:34:53,127 [MainThread  ][INFO ]  Starting iteration 167/200
2019-03-07 21:35:44,385 [MainThread  ][INFO ]  Starting iteration 168/200
2019-03-07 21:36:40,330 [MainThread  ][INFO ]  Starting iteration 169/200
2019-03-07 21:37:36,695 [MainThread  ][INFO ]  Starting iteration 170/200
2019-03-07 21:38:36,850 [MainThread  ][INFO ]  Starting iteration 171/200
2019-03-07 21:39:36,109 [MainThread  ][INFO ]  Starting iteration 172/200
2019-03-07 21:40:31,787 [MainThread  ][INFO ]  Starting iteration 173/200
2019-03-07 21:41:25,213 [MainThread  ][INFO ]  Starting iteration 174/200
2019-03-07 21:42:23,429 [MainThread  ][INFO ]  Starting iteration 175/200
2019-03-07 21:43:25,407 [MainThread  ][INFO ]  Starting iteration 176/200
2019-03-07 21:44:25,342 [MainThread  ][INFO ]  Starting iteration 177/200
2019-03-07 21:45:21,190 [MainThread  ][INFO ]  Starting iteration 178/200
2019-03-07 21:46:24,383 [MainThread  ][INFO ]  Starting iteration 179/200
2019-03-07 21:47:21,615 [MainThread  ][INFO ]  Starting iteration 180/200
2019-03-07 21:48:20,306 [MainThread  ][INFO ]  Starting iteration 181/200
2019-03-07 21:49:17,989 [MainThread  ][INFO ]  Starting iteration 182/200
2019-03-07 21:50:16,003 [MainThread  ][INFO ]  Starting iteration 183/200
2019-03-07 21:51:16,025 [MainThread  ][INFO ]  Starting iteration 184/200
2019-03-07 21:52:13,797 [MainThread  ][INFO ]  Starting iteration 185/200
2019-03-07 21:53:11,976 [MainThread  ][INFO ]  Starting iteration 186/200
2019-03-07 21:54:12,129 [MainThread  ][INFO ]  Starting iteration 187/200
2019-03-07 21:55:15,901 [MainThread  ][INFO ]  Starting iteration 188/200
2019-03-07 21:56:12,898 [MainThread  ][INFO ]  Starting iteration 189/200
2019-03-07 21:57:11,383 [MainThread  ][INFO ]  Starting iteration 190/200
2019-03-07 21:58:12,048 [MainThread  ][INFO ]  Starting iteration 191/200
2019-03-07 21:59:16,740 [MainThread  ][INFO ]  Starting iteration 192/200
2019-03-07 22:00:17,389 [MainThread  ][INFO ]  Starting iteration 193/200
2019-03-07 22:01:18,845 [MainThread  ][INFO ]  Starting iteration 194/200
2019-03-07 22:02:22,538 [MainThread  ][INFO ]  Starting iteration 195/200
2019-03-07 22:03:23,244 [MainThread  ][INFO ]  Starting iteration 196/200
2019-03-07 22:04:19,917 [MainThread  ][INFO ]  Starting iteration 197/200
2019-03-07 22:05:20,289 [MainThread  ][INFO ]  Starting iteration 198/200
2019-03-07 22:06:21,430 [MainThread  ][INFO ]  Starting iteration 199/200
2019-03-07 22:07:23,326 [MainThread  ][INFO ]  Starting iteration 200/200
2019-03-07 22:08:22,135 [MainThread  ][INFO ]  Working on height 1/4
2019-03-07 22:08:22,135 [MainThread  ][INFO ]  Starting iteration 1/200
2019-03-07 22:08:34,018 [MainThread  ][INFO ]  Starting iteration 2/200
2019-03-07 22:08:53,253 [MainThread  ][INFO ]  Starting iteration 3/200
2019-03-07 22:09:12,086 [MainThread  ][INFO ]  Starting iteration 4/200
2019-03-07 22:09:34,781 [MainThread  ][INFO ]  Starting iteration 5/200
2019-03-07 22:09:56,527 [MainThread  ][INFO ]  Starting iteration 6/200
2019-03-07 22:10:15,480 [MainThread  ][INFO ]  Starting iteration 7/200
2019-03-07 22:10:35,625 [MainThread  ][INFO ]  Starting iteration 8/200
2019-03-07 22:10:54,612 [MainThread  ][INFO ]  Starting iteration 9/200
2019-03-07 22:11:14,663 [MainThread  ][INFO ]  Starting iteration 10/200
2019-03-07 22:11:35,019 [MainThread  ][INFO ]  Starting iteration 11/200
2019-03-07 22:11:58,104 [MainThread  ][INFO ]  Starting iteration 12/200
2019-03-07 22:12:20,625 [MainThread  ][INFO ]  Starting iteration 13/200
2019-03-07 22:12:42,531 [MainThread  ][INFO ]  Starting iteration 14/200
2019-03-07 22:13:01,928 [MainThread  ][INFO ]  Starting iteration 15/200
2019-03-07 22:13:22,823 [MainThread  ][INFO ]  Starting iteration 16/200
2019-03-07 22:13:45,843 [MainThread  ][INFO ]  Starting iteration 17/200
2019-03-07 22:14:09,460 [MainThread  ][INFO ]  Starting iteration 18/200
2019-03-07 22:14:33,626 [MainThread  ][INFO ]  Starting iteration 19/200
2019-03-07 22:14:59,832 [MainThread  ][INFO ]  Starting iteration 20/200
2019-03-07 22:15:23,803 [MainThread  ][INFO ]  Starting iteration 21/200
2019-03-07 22:15:48,719 [MainThread  ][INFO ]  Starting iteration 22/200
2019-03-07 22:16:15,386 [MainThread  ][INFO ]  Starting iteration 23/200
2019-03-07 22:16:40,545 [MainThread  ][INFO ]  Starting iteration 24/200
2019-03-07 22:17:04,050 [MainThread  ][INFO ]  Starting iteration 25/200
2019-03-07 22:17:32,376 [MainThread  ][INFO ]  Starting iteration 26/200
2019-03-07 22:17:58,138 [MainThread  ][INFO ]  Starting iteration 27/200
2019-03-07 22:18:25,232 [MainThread  ][INFO ]  Starting iteration 28/200
2019-03-07 22:18:55,539 [MainThread  ][INFO ]  Starting iteration 29/200
2019-03-07 22:19:21,705 [MainThread  ][INFO ]  Starting iteration 30/200
2019-03-07 22:19:51,458 [MainThread  ][INFO ]  Starting iteration 31/200
2019-03-07 22:20:17,820 [MainThread  ][INFO ]  Starting iteration 32/200
2019-03-07 22:20:43,030 [MainThread  ][INFO ]  Starting iteration 33/200
2019-03-07 22:21:14,510 [MainThread  ][INFO ]  Starting iteration 34/200
2019-03-07 22:21:41,492 [MainThread  ][INFO ]  Starting iteration 35/200
2019-03-07 22:22:10,239 [MainThread  ][INFO ]  Starting iteration 36/200
2019-03-07 22:22:39,561 [MainThread  ][INFO ]  Starting iteration 37/200
2019-03-07 22:23:09,185 [MainThread  ][INFO ]  Starting iteration 38/200
2019-03-07 22:23:38,785 [MainThread  ][INFO ]  Starting iteration 39/200
2019-03-07 22:24:11,242 [MainThread  ][INFO ]  Starting iteration 40/200
2019-03-07 22:24:45,294 [MainThread  ][INFO ]  Starting iteration 41/200
2019-03-07 22:25:13,757 [MainThread  ][INFO ]  Starting iteration 42/200
2019-03-07 22:25:46,207 [MainThread  ][INFO ]  Starting iteration 43/200
2019-03-07 22:26:18,656 [MainThread  ][INFO ]  Starting iteration 44/200
2019-03-07 22:26:50,796 [MainThread  ][INFO ]  Starting iteration 45/200
2019-03-07 22:27:21,035 [MainThread  ][INFO ]  Starting iteration 46/200
2019-03-07 22:27:52,152 [MainThread  ][INFO ]  Starting iteration 47/200
2019-03-07 22:28:24,329 [MainThread  ][INFO ]  Starting iteration 48/200
2019-03-07 22:28:56,350 [MainThread  ][INFO ]  Starting iteration 49/200
2019-03-07 22:29:31,945 [MainThread  ][INFO ]  Starting iteration 50/200
2019-03-07 22:30:07,678 [MainThread  ][INFO ]  Starting iteration 51/200
2019-03-07 22:30:39,893 [MainThread  ][INFO ]  Starting iteration 52/200
2019-03-07 22:31:13,931 [MainThread  ][INFO ]  Starting iteration 53/200
2019-03-07 22:31:51,768 [MainThread  ][INFO ]  Starting iteration 54/200
2019-03-07 22:32:25,557 [MainThread  ][INFO ]  Starting iteration 55/200
2019-03-07 22:33:00,982 [MainThread  ][INFO ]  Starting iteration 56/200
2019-03-07 22:33:37,072 [MainThread  ][INFO ]  Starting iteration 57/200
2019-03-07 22:34:10,518 [MainThread  ][INFO ]  Starting iteration 58/200
2019-03-07 22:34:48,115 [MainThread  ][INFO ]  Starting iteration 59/200
2019-03-07 22:35:25,262 [MainThread  ][INFO ]  Starting iteration 60/200
2019-03-07 22:36:03,159 [MainThread  ][INFO ]  Starting iteration 61/200
2019-03-07 22:36:42,268 [MainThread  ][INFO ]  Starting iteration 62/200
2019-03-07 22:37:19,194 [MainThread  ][INFO ]  Starting iteration 63/200
2019-03-07 22:37:58,669 [MainThread  ][INFO ]  Starting iteration 64/200
2019-03-07 22:38:37,337 [MainThread  ][INFO ]  Starting iteration 65/200
2019-03-07 22:39:12,805 [MainThread  ][INFO ]  Starting iteration 66/200
2019-03-07 22:39:49,413 [MainThread  ][INFO ]  Starting iteration 67/200
2019-03-07 22:40:26,460 [MainThread  ][INFO ]  Starting iteration 68/200
2019-03-07 22:41:05,636 [MainThread  ][INFO ]  Starting iteration 69/200
2019-03-07 22:41:45,778 [MainThread  ][INFO ]  Starting iteration 70/200
2019-03-07 22:42:24,769 [MainThread  ][INFO ]  Starting iteration 71/200
2019-03-07 22:43:06,519 [MainThread  ][INFO ]  Starting iteration 72/200
2019-03-07 22:43:45,991 [MainThread  ][INFO ]  Starting iteration 73/200
2019-03-07 22:44:23,828 [MainThread  ][INFO ]  Starting iteration 74/200
2019-03-07 22:45:03,834 [MainThread  ][INFO ]  Starting iteration 75/200
2019-03-07 22:45:42,911 [MainThread  ][INFO ]  Starting iteration 76/200
2019-03-07 22:46:22,993 [MainThread  ][INFO ]  Starting iteration 77/200
2019-03-07 22:47:05,665 [MainThread  ][INFO ]  Starting iteration 78/200
2019-03-07 22:47:48,479 [MainThread  ][INFO ]  Starting iteration 79/200
2019-03-07 22:48:29,523 [MainThread  ][INFO ]  Starting iteration 80/200
2019-03-07 22:49:10,612 [MainThread  ][INFO ]  Starting iteration 81/200
2019-03-07 22:49:55,217 [MainThread  ][INFO ]  Starting iteration 82/200
2019-03-07 22:50:36,823 [MainThread  ][INFO ]  Starting iteration 83/200
2019-03-07 22:51:20,699 [MainThread  ][INFO ]  Starting iteration 84/200
2019-03-07 22:52:05,830 [MainThread  ][INFO ]  Starting iteration 85/200
2019-03-07 22:52:49,127 [MainThread  ][INFO ]  Starting iteration 86/200
2019-03-07 22:53:35,894 [MainThread  ][INFO ]  Starting iteration 87/200
2019-03-07 22:54:23,768 [MainThread  ][INFO ]  Starting iteration 88/200
2019-03-07 22:55:07,934 [MainThread  ][INFO ]  Starting iteration 89/200
2019-03-07 22:55:53,611 [MainThread  ][INFO ]  Starting iteration 90/200
2019-03-07 22:56:39,600 [MainThread  ][INFO ]  Starting iteration 91/200
2019-03-07 22:57:24,246 [MainThread  ][INFO ]  Starting iteration 92/200
2019-03-07 22:58:09,905 [MainThread  ][INFO ]  Starting iteration 93/200
2019-03-07 22:58:54,137 [MainThread  ][INFO ]  Starting iteration 94/200
2019-03-07 22:59:33,927 [MainThread  ][INFO ]  Starting iteration 95/200
2019-03-07 23:00:19,918 [MainThread  ][INFO ]  Starting iteration 96/200
2019-03-07 23:01:07,242 [MainThread  ][INFO ]  Starting iteration 97/200
2019-03-07 23:01:54,834 [MainThread  ][INFO ]  Starting iteration 98/200
2019-03-07 23:02:43,701 [MainThread  ][INFO ]  Starting iteration 99/200
2019-03-07 23:03:30,835 [MainThread  ][INFO ]  Starting iteration 100/200
2019-03-07 23:04:19,960 [MainThread  ][INFO ]  Starting iteration 101/200
2019-03-07 23:05:05,400 [MainThread  ][INFO ]  Starting iteration 102/200
2019-03-07 23:05:55,399 [MainThread  ][INFO ]  Starting iteration 103/200
2019-03-07 23:06:45,169 [MainThread  ][INFO ]  Starting iteration 104/200
2019-03-07 23:07:37,494 [MainThread  ][INFO ]  Starting iteration 105/200
2019-03-07 23:08:30,335 [MainThread  ][INFO ]  Starting iteration 106/200
2019-03-07 23:09:16,006 [MainThread  ][INFO ]  Starting iteration 107/200
2019-03-07 23:10:03,190 [MainThread  ][INFO ]  Starting iteration 108/200
2019-03-07 23:10:54,745 [MainThread  ][INFO ]  Starting iteration 109/200
2019-03-07 23:11:41,627 [MainThread  ][INFO ]  Starting iteration 110/200
2019-03-07 23:12:33,664 [MainThread  ][INFO ]  Starting iteration 111/200
2019-03-07 23:13:26,210 [MainThread  ][INFO ]  Starting iteration 112/200
2019-03-07 23:14:15,527 [MainThread  ][INFO ]  Starting iteration 113/200
2019-03-07 23:15:07,138 [MainThread  ][INFO ]  Starting iteration 114/200
2019-03-07 23:15:58,502 [MainThread  ][INFO ]  Starting iteration 115/200
2019-03-07 23:16:56,515 [MainThread  ][INFO ]  Starting iteration 116/200
2019-03-07 23:17:49,392 [MainThread  ][INFO ]  Starting iteration 117/200
2019-03-07 23:18:45,454 [MainThread  ][INFO ]  Starting iteration 118/200
2019-03-07 23:19:37,035 [MainThread  ][INFO ]  Starting iteration 119/200
2019-03-07 23:20:30,298 [MainThread  ][INFO ]  Starting iteration 120/200
2019-03-07 23:21:27,464 [MainThread  ][INFO ]  Starting iteration 121/200
2019-03-07 23:22:18,177 [MainThread  ][INFO ]  Starting iteration 122/200
2019-03-07 23:23:13,216 [MainThread  ][INFO ]  Starting iteration 123/200
2019-03-07 23:24:06,391 [MainThread  ][INFO ]  Starting iteration 124/200
2019-03-07 23:24:57,859 [MainThread  ][INFO ]  Starting iteration 125/200
2019-03-07 23:25:52,629 [MainThread  ][INFO ]  Starting iteration 126/200
2019-03-07 23:26:46,469 [MainThread  ][INFO ]  Starting iteration 127/200
2019-03-07 23:27:42,518 [MainThread  ][INFO ]  Starting iteration 128/200
2019-03-07 23:28:41,285 [MainThread  ][INFO ]  Starting iteration 129/200
2019-03-07 23:29:38,218 [MainThread  ][INFO ]  Starting iteration 130/200
2019-03-07 23:30:37,065 [MainThread  ][INFO ]  Starting iteration 131/200
2019-03-07 23:31:35,646 [MainThread  ][INFO ]  Starting iteration 132/200
2019-03-07 23:32:32,476 [MainThread  ][INFO ]  Starting iteration 133/200
2019-03-07 23:33:30,337 [MainThread  ][INFO ]  Starting iteration 134/200
2019-03-07 23:34:28,795 [MainThread  ][INFO ]  Starting iteration 135/200
2019-03-07 23:35:25,772 [MainThread  ][INFO ]  Starting iteration 136/200
2019-03-07 23:36:24,095 [MainThread  ][INFO ]  Starting iteration 137/200
2019-03-07 23:37:23,730 [MainThread  ][INFO ]  Starting iteration 138/200
2019-03-07 23:38:22,521 [MainThread  ][INFO ]  Starting iteration 139/200
2019-03-07 23:39:23,723 [MainThread  ][INFO ]  Starting iteration 140/200
2019-03-07 23:40:24,537 [MainThread  ][INFO ]  Starting iteration 141/200
2019-03-07 23:41:23,584 [MainThread  ][INFO ]  Starting iteration 142/200
2019-03-07 23:42:23,098 [MainThread  ][INFO ]  Starting iteration 143/200
2019-03-07 23:43:25,752 [MainThread  ][INFO ]  Starting iteration 144/200
2019-03-07 23:44:29,401 [MainThread  ][INFO ]  Starting iteration 145/200
2019-03-07 23:45:32,537 [MainThread  ][INFO ]  Starting iteration 146/200
2019-03-07 23:46:34,326 [MainThread  ][INFO ]  Starting iteration 147/200
2019-03-07 23:47:42,691 [MainThread  ][INFO ]  Starting iteration 148/200
2019-03-07 23:48:44,878 [MainThread  ][INFO ]  Starting iteration 149/200
2019-03-07 23:49:44,990 [MainThread  ][INFO ]  Starting iteration 150/200
2019-03-07 23:50:44,957 [MainThread  ][INFO ]  Starting iteration 151/200
2019-03-07 23:51:50,996 [MainThread  ][INFO ]  Starting iteration 152/200
2019-03-07 23:52:56,879 [MainThread  ][INFO ]  Starting iteration 153/200
2019-03-07 23:54:00,219 [MainThread  ][INFO ]  Starting iteration 154/200
2019-03-07 23:55:05,425 [MainThread  ][INFO ]  Starting iteration 155/200
2019-03-07 23:56:06,504 [MainThread  ][INFO ]  Starting iteration 156/200
2019-03-07 23:57:10,608 [MainThread  ][INFO ]  Starting iteration 157/200
2019-03-07 23:58:15,173 [MainThread  ][INFO ]  Starting iteration 158/200
2019-03-07 23:59:24,525 [MainThread  ][INFO ]  Starting iteration 159/200
2019-03-08 00:00:29,847 [MainThread  ][INFO ]  Starting iteration 160/200
2019-03-08 00:01:31,648 [MainThread  ][INFO ]  Starting iteration 161/200
2019-03-08 00:02:37,235 [MainThread  ][INFO ]  Starting iteration 162/200
2019-03-08 00:03:45,019 [MainThread  ][INFO ]  Starting iteration 163/200
2019-03-08 00:04:49,239 [MainThread  ][INFO ]  Starting iteration 164/200
2019-03-08 00:05:53,643 [MainThread  ][INFO ]  Starting iteration 165/200
2019-03-08 00:07:04,458 [MainThread  ][INFO ]  Starting iteration 166/200
2019-03-08 00:08:21,301 [MainThread  ][INFO ]  Starting iteration 167/200
2019-03-08 00:09:24,509 [MainThread  ][INFO ]  Starting iteration 168/200
2019-03-08 00:10:30,053 [MainThread  ][INFO ]  Starting iteration 169/200
2019-03-08 00:11:36,412 [MainThread  ][INFO ]  Starting iteration 170/200
2019-03-08 00:12:47,124 [MainThread  ][INFO ]  Starting iteration 171/200
2019-03-08 00:14:00,955 [MainThread  ][INFO ]  Starting iteration 172/200
2019-03-08 00:15:10,170 [MainThread  ][INFO ]  Starting iteration 173/200
2019-03-08 00:16:18,335 [MainThread  ][INFO ]  Starting iteration 174/200
2019-03-08 00:17:28,429 [MainThread  ][INFO ]  Starting iteration 175/200
2019-03-08 00:18:41,193 [MainThread  ][INFO ]  Starting iteration 176/200
2019-03-08 00:19:53,647 [MainThread  ][INFO ]  Starting iteration 177/200
2019-03-08 00:21:07,820 [MainThread  ][INFO ]  Starting iteration 178/200
2019-03-08 00:22:13,785 [MainThread  ][INFO ]  Starting iteration 179/200
2019-03-08 00:23:30,096 [MainThread  ][INFO ]  Starting iteration 180/200
2019-03-08 00:24:42,104 [MainThread  ][INFO ]  Starting iteration 181/200
2019-03-08 00:25:52,717 [MainThread  ][INFO ]  Starting iteration 182/200
2019-03-08 00:27:07,204 [MainThread  ][INFO ]  Starting iteration 183/200
2019-03-08 00:28:20,934 [MainThread  ][INFO ]  Starting iteration 184/200
2019-03-08 00:29:41,102 [MainThread  ][INFO ]  Starting iteration 185/200
2019-03-08 00:30:52,080 [MainThread  ][INFO ]  Starting iteration 186/200
2019-03-08 00:32:02,079 [MainThread  ][INFO ]  Starting iteration 187/200
2019-03-08 00:33:13,668 [MainThread  ][INFO ]  Starting iteration 188/200
2019-03-08 00:34:26,887 [MainThread  ][INFO ]  Starting iteration 189/200
2019-03-08 00:35:43,397 [MainThread  ][INFO ]  Starting iteration 190/200
2019-03-08 00:36:59,377 [MainThread  ][INFO ]  Starting iteration 191/200
2019-03-08 00:38:15,982 [MainThread  ][INFO ]  Starting iteration 192/200
2019-03-08 00:39:32,451 [MainThread  ][INFO ]  Starting iteration 193/200
2019-03-08 00:40:54,308 [MainThread  ][INFO ]  Starting iteration 194/200
2019-03-08 00:42:13,127 [MainThread  ][INFO ]  Starting iteration 195/200
2019-03-08 00:43:29,454 [MainThread  ][INFO ]  Starting iteration 196/200
2019-03-08 00:44:47,764 [MainThread  ][INFO ]  Starting iteration 197/200
2019-03-08 00:46:00,485 [MainThread  ][INFO ]  Starting iteration 198/200
2019-03-08 00:47:18,229 [MainThread  ][INFO ]  Starting iteration 199/200
2019-03-08 00:48:40,114 [MainThread  ][INFO ]  Starting iteration 200/200
2019-03-08 00:50:07,389 [MainThread  ][INFO ]  Working on height 2/4
2019-03-08 00:50:07,389 [MainThread  ][INFO ]  Starting iteration 1/200
2019-03-08 00:50:19,793 [MainThread  ][INFO ]  Starting iteration 2/200
2019-03-08 00:50:38,016 [MainThread  ][INFO ]  Starting iteration 3/200
2019-03-08 00:50:55,013 [MainThread  ][INFO ]  Starting iteration 4/200
2019-03-08 00:51:12,525 [MainThread  ][INFO ]  Starting iteration 5/200
2019-03-08 00:51:31,823 [MainThread  ][INFO ]  Starting iteration 6/200
2019-03-08 00:51:52,962 [MainThread  ][INFO ]  Starting iteration 7/200
2019-03-08 00:52:13,718 [MainThread  ][INFO ]  Starting iteration 8/200
2019-03-08 00:52:33,271 [MainThread  ][INFO ]  Starting iteration 9/200
2019-03-08 00:52:55,171 [MainThread  ][INFO ]  Starting iteration 10/200
2019-03-08 00:53:15,201 [MainThread  ][INFO ]  Starting iteration 11/200
2019-03-08 00:53:37,187 [MainThread  ][INFO ]  Starting iteration 12/200
2019-03-08 00:53:58,431 [MainThread  ][INFO ]  Starting iteration 13/200
2019-03-08 00:54:22,233 [MainThread  ][INFO ]  Starting iteration 14/200
2019-03-08 00:54:46,302 [MainThread  ][INFO ]  Starting iteration 15/200
2019-03-08 00:55:09,150 [MainThread  ][INFO ]  Starting iteration 16/200
2019-03-08 00:55:33,175 [MainThread  ][INFO ]  Starting iteration 17/200
2019-03-08 00:55:55,627 [MainThread  ][INFO ]  Starting iteration 18/200
2019-03-08 00:56:19,551 [MainThread  ][INFO ]  Starting iteration 19/200
2019-03-08 00:56:45,851 [MainThread  ][INFO ]  Starting iteration 20/200
2019-03-08 00:57:09,731 [MainThread  ][INFO ]  Starting iteration 21/200
2019-03-08 00:57:37,669 [MainThread  ][INFO ]  Starting iteration 22/200
2019-03-08 00:58:04,339 [MainThread  ][INFO ]  Starting iteration 23/200
2019-03-08 00:58:32,549 [MainThread  ][INFO ]  Starting iteration 24/200
2019-03-08 00:58:58,149 [MainThread  ][INFO ]  Starting iteration 25/200
2019-03-08 00:59:27,106 [MainThread  ][INFO ]  Starting iteration 26/200
2019-03-08 00:59:53,688 [MainThread  ][INFO ]  Starting iteration 27/200
2019-03-08 01:00:19,181 [MainThread  ][INFO ]  Starting iteration 28/200
2019-03-08 01:00:50,866 [MainThread  ][INFO ]  Starting iteration 29/200
2019-03-08 01:01:18,407 [MainThread  ][INFO ]  Starting iteration 30/200
2019-03-08 01:01:45,779 [MainThread  ][INFO ]  Starting iteration 31/200
2019-03-08 01:02:12,374 [MainThread  ][INFO ]  Starting iteration 32/200
2019-03-08 01:02:41,131 [MainThread  ][INFO ]  Starting iteration 33/200
2019-03-08 01:03:15,213 [MainThread  ][INFO ]  Starting iteration 34/200
2019-03-08 01:03:42,231 [MainThread  ][INFO ]  Starting iteration 35/200
2019-03-08 01:04:12,742 [MainThread  ][INFO ]  Starting iteration 36/200
2019-03-08 01:04:44,975 [MainThread  ][INFO ]  Starting iteration 37/200
2019-03-08 01:05:16,780 [MainThread  ][INFO ]  Starting iteration 38/200
2019-03-08 01:05:50,992 [MainThread  ][INFO ]  Starting iteration 39/200
2019-03-08 01:06:21,800 [MainThread  ][INFO ]  Starting iteration 40/200
2019-03-08 01:06:55,463 [MainThread  ][INFO ]  Starting iteration 41/200
2019-03-08 01:07:26,099 [MainThread  ][INFO ]  Starting iteration 42/200
2019-03-08 01:07:58,260 [MainThread  ][INFO ]  Starting iteration 43/200
2019-03-08 01:08:29,495 [MainThread  ][INFO ]  Starting iteration 44/200
2019-03-08 01:09:00,631 [MainThread  ][INFO ]  Starting iteration 45/200
2019-03-08 01:09:33,103 [MainThread  ][INFO ]  Starting iteration 46/200
2019-03-08 01:10:03,777 [MainThread  ][INFO ]  Starting iteration 47/200
2019-03-08 01:10:34,677 [MainThread  ][INFO ]  Starting iteration 48/200
2019-03-08 01:11:07,639 [MainThread  ][INFO ]  Starting iteration 49/200
2019-03-08 01:11:40,316 [MainThread  ][INFO ]  Starting iteration 50/200
2019-03-08 01:12:12,386 [MainThread  ][INFO ]  Starting iteration 51/200
2019-03-08 01:12:48,986 [MainThread  ][INFO ]  Starting iteration 52/200
2019-03-08 01:13:26,236 [MainThread  ][INFO ]  Starting iteration 53/200
2019-03-08 01:14:00,602 [MainThread  ][INFO ]  Starting iteration 54/200
2019-03-08 01:14:35,399 [MainThread  ][INFO ]  Starting iteration 55/200
2019-03-08 01:15:11,079 [MainThread  ][INFO ]  Starting iteration 56/200
2019-03-08 01:15:49,703 [MainThread  ][INFO ]  Starting iteration 57/200
2019-03-08 01:16:26,330 [MainThread  ][INFO ]  Starting iteration 58/200
2019-03-08 01:17:02,243 [MainThread  ][INFO ]  Starting iteration 59/200
2019-03-08 01:17:40,389 [MainThread  ][INFO ]  Starting iteration 60/200
2019-03-08 01:18:20,609 [MainThread  ][INFO ]  Starting iteration 61/200
2019-03-08 01:19:00,265 [MainThread  ][INFO ]  Starting iteration 62/200
2019-03-08 01:19:39,039 [MainThread  ][INFO ]  Starting iteration 63/200
2019-03-08 01:20:22,339 [MainThread  ][INFO ]  Starting iteration 64/200
2019-03-08 01:21:01,027 [MainThread  ][INFO ]  Starting iteration 65/200
2019-03-08 01:21:39,146 [MainThread  ][INFO ]  Starting iteration 66/200
2019-03-08 01:22:19,896 [MainThread  ][INFO ]  Starting iteration 67/200
2019-03-08 01:23:01,218 [MainThread  ][INFO ]  Starting iteration 68/200
2019-03-08 01:23:41,051 [MainThread  ][INFO ]  Starting iteration 69/200
2019-03-08 01:24:18,317 [MainThread  ][INFO ]  Starting iteration 70/200
2019-03-08 01:25:02,091 [MainThread  ][INFO ]  Starting iteration 71/200
2019-03-08 01:25:43,565 [MainThread  ][INFO ]  Starting iteration 72/200
2019-03-08 01:26:28,507 [MainThread  ][INFO ]  Starting iteration 73/200
2019-03-08 01:27:15,363 [MainThread  ][INFO ]  Starting iteration 74/200
2019-03-08 01:27:55,650 [MainThread  ][INFO ]  Starting iteration 75/200
2019-03-08 01:28:38,582 [MainThread  ][INFO ]  Starting iteration 76/200
2019-03-08 01:29:23,843 [MainThread  ][INFO ]  Starting iteration 77/200
2019-03-08 01:30:08,758 [MainThread  ][INFO ]  Starting iteration 78/200
2019-03-08 01:30:57,938 [MainThread  ][INFO ]  Starting iteration 79/200
2019-03-08 01:31:45,454 [MainThread  ][INFO ]  Starting iteration 80/200
2019-03-08 01:32:31,321 [MainThread  ][INFO ]  Starting iteration 81/200
2019-03-08 01:33:20,025 [MainThread  ][INFO ]  Starting iteration 82/200
2019-03-08 01:34:10,793 [MainThread  ][INFO ]  Starting iteration 83/200
2019-03-08 01:34:55,682 [MainThread  ][INFO ]  Starting iteration 84/200
2019-03-08 01:35:44,435 [MainThread  ][INFO ]  Starting iteration 85/200
2019-03-08 01:36:31,451 [MainThread  ][INFO ]  Starting iteration 86/200
2019-03-08 01:37:18,552 [MainThread  ][INFO ]  Starting iteration 87/200
2019-03-08 01:38:07,274 [MainThread  ][INFO ]  Starting iteration 88/200
2019-03-08 01:39:00,698 [MainThread  ][INFO ]  Starting iteration 89/200
2019-03-08 01:39:48,703 [MainThread  ][INFO ]  Starting iteration 90/200
2019-03-08 01:40:40,403 [MainThread  ][INFO ]  Starting iteration 91/200
2019-03-08 01:41:30,425 [MainThread  ][INFO ]  Starting iteration 92/200
2019-03-08 01:42:19,906 [MainThread  ][INFO ]  Starting iteration 93/200
2019-03-08 01:43:08,833 [MainThread  ][INFO ]  Starting iteration 94/200
2019-03-08 01:44:02,111 [MainThread  ][INFO ]  Starting iteration 95/200
2019-03-08 01:44:54,005 [MainThread  ][INFO ]  Starting iteration 96/200
2019-03-08 01:45:43,073 [MainThread  ][INFO ]  Starting iteration 97/200
2019-03-08 01:46:40,191 [MainThread  ][INFO ]  Starting iteration 98/200
2019-03-08 01:47:32,950 [MainThread  ][INFO ]  Starting iteration 99/200
2019-03-08 01:48:33,601 [MainThread  ][INFO ]  Starting iteration 100/200
2019-03-08 01:49:25,725 [MainThread  ][INFO ]  Starting iteration 101/200
2019-03-08 01:50:19,780 [MainThread  ][INFO ]  Starting iteration 102/200
2019-03-08 01:51:13,978 [MainThread  ][INFO ]  Starting iteration 103/200
2019-03-08 01:52:09,858 [MainThread  ][INFO ]  Starting iteration 104/200
2019-03-08 01:53:05,409 [MainThread  ][INFO ]  Starting iteration 105/200
2019-03-08 01:53:57,806 [MainThread  ][INFO ]  Starting iteration 106/200
2019-03-08 01:54:56,122 [MainThread  ][INFO ]  Starting iteration 107/200
2019-03-08 01:55:55,532 [MainThread  ][INFO ]  Starting iteration 108/200
2019-03-08 01:56:54,146 [MainThread  ][INFO ]  Starting iteration 109/200
2019-03-08 01:57:50,881 [MainThread  ][INFO ]  Starting iteration 110/200
2019-03-08 01:58:47,103 [MainThread  ][INFO ]  Starting iteration 111/200
2019-03-08 01:59:42,434 [MainThread  ][INFO ]  Starting iteration 112/200
2019-03-08 02:00:43,032 [MainThread  ][INFO ]  Starting iteration 113/200
2019-03-08 02:01:41,465 [MainThread  ][INFO ]  Starting iteration 114/200
2019-03-08 02:02:41,650 [MainThread  ][INFO ]  Starting iteration 115/200
2019-03-08 02:03:39,496 [MainThread  ][INFO ]  Starting iteration 116/200
2019-03-08 02:04:41,046 [MainThread  ][INFO ]  Starting iteration 117/200
2019-03-08 02:05:40,921 [MainThread  ][INFO ]  Starting iteration 118/200
2019-03-08 02:06:39,789 [MainThread  ][INFO ]  Starting iteration 119/200
2019-03-08 02:07:42,336 [MainThread  ][INFO ]  Starting iteration 120/200
2019-03-08 02:08:44,190 [MainThread  ][INFO ]  Starting iteration 121/200
2019-03-08 02:09:51,137 [MainThread  ][INFO ]  Starting iteration 122/200
2019-03-08 02:10:52,075 [MainThread  ][INFO ]  Starting iteration 123/200
2019-03-08 02:11:56,076 [MainThread  ][INFO ]  Starting iteration 124/200
2019-03-08 02:12:57,876 [MainThread  ][INFO ]  Starting iteration 125/200
2019-03-08 02:14:04,185 [MainThread  ][INFO ]  Starting iteration 126/200
2019-03-08 02:15:05,975 [MainThread  ][INFO ]  Starting iteration 127/200
2019-03-08 02:16:06,538 [MainThread  ][INFO ]  Starting iteration 128/200
2019-03-08 02:17:15,202 [MainThread  ][INFO ]  Starting iteration 129/200
2019-03-08 02:18:20,423 [MainThread  ][INFO ]  Starting iteration 130/200
2019-03-08 02:19:26,666 [MainThread  ][INFO ]  Starting iteration 131/200
2019-03-08 02:20:36,712 [MainThread  ][INFO ]  Starting iteration 132/200
2019-03-08 02:21:41,209 [MainThread  ][INFO ]  Starting iteration 133/200
2019-03-08 02:22:49,319 [MainThread  ][INFO ]  Starting iteration 134/200
2019-03-08 02:23:57,790 [MainThread  ][INFO ]  Starting iteration 135/200
2019-03-08 02:25:03,175 [MainThread  ][INFO ]  Starting iteration 136/200
2019-03-08 02:26:12,811 [MainThread  ][INFO ]  Starting iteration 137/200
2019-03-08 02:27:20,751 [MainThread  ][INFO ]  Starting iteration 138/200
2019-03-08 02:28:30,781 [MainThread  ][INFO ]  Starting iteration 139/200
2019-03-08 02:29:40,776 [MainThread  ][INFO ]  Starting iteration 140/200
2019-03-08 02:30:48,450 [MainThread  ][INFO ]  Starting iteration 141/200
2019-03-08 02:32:03,746 [MainThread  ][INFO ]  Starting iteration 142/200
2019-03-08 02:33:15,402 [MainThread  ][INFO ]  Starting iteration 143/200
2019-03-08 02:34:28,694 [MainThread  ][INFO ]  Starting iteration 144/200
2019-03-08 02:35:40,434 [MainThread  ][INFO ]  Starting iteration 145/200
2019-03-08 02:36:55,229 [MainThread  ][INFO ]  Starting iteration 146/200
2019-03-08 02:38:11,598 [MainThread  ][INFO ]  Starting iteration 147/200
2019-03-08 02:39:27,941 [MainThread  ][INFO ]  Starting iteration 148/200
2019-03-08 02:40:40,106 [MainThread  ][INFO ]  Starting iteration 149/200
2019-03-08 02:41:58,466 [MainThread  ][INFO ]  Starting iteration 150/200
2019-03-08 02:43:09,951 [MainThread  ][INFO ]  Starting iteration 151/200
2019-03-08 02:44:23,240 [MainThread  ][INFO ]  Starting iteration 152/200
2019-03-08 02:45:40,699 [MainThread  ][INFO ]  Starting iteration 153/200
2019-03-08 02:47:03,156 [MainThread  ][INFO ]  Starting iteration 154/200
2019-03-08 02:48:16,543 [MainThread  ][INFO ]  Starting iteration 155/200
2019-03-08 02:49:31,516 [MainThread  ][INFO ]  Starting iteration 156/200
2019-03-08 02:50:45,820 [MainThread  ][INFO ]  Starting iteration 157/200
2019-03-08 02:52:04,601 [MainThread  ][INFO ]  Starting iteration 158/200
2019-03-08 02:53:24,783 [MainThread  ][INFO ]  Starting iteration 159/200
2019-03-08 02:54:44,087 [MainThread  ][INFO ]  Starting iteration 160/200
2019-03-08 02:56:05,017 [MainThread  ][INFO ]  Starting iteration 161/200
2019-03-08 02:57:23,675 [MainThread  ][INFO ]  Starting iteration 162/200
2019-03-08 02:58:40,702 [MainThread  ][INFO ]  Starting iteration 163/200
2019-03-08 03:00:04,763 [MainThread  ][INFO ]  Starting iteration 164/200
2019-03-08 03:01:25,207 [MainThread  ][INFO ]  Starting iteration 165/200
2019-03-08 03:02:40,148 [MainThread  ][INFO ]  Starting iteration 166/200
2019-03-08 03:03:59,021 [MainThread  ][INFO ]  Starting iteration 167/200
2019-03-08 03:05:17,504 [MainThread  ][INFO ]  Starting iteration 168/200
2019-03-08 03:06:42,336 [MainThread  ][INFO ]  Starting iteration 169/200
2019-03-08 03:08:03,797 [MainThread  ][INFO ]  Starting iteration 170/200
2019-03-08 03:09:29,570 [MainThread  ][INFO ]  Starting iteration 171/200
2019-03-08 03:11:03,555 [MainThread  ][INFO ]  Starting iteration 172/200
2019-03-08 03:12:25,301 [MainThread  ][INFO ]  Starting iteration 173/200
2019-03-08 03:13:53,506 [MainThread  ][INFO ]  Starting iteration 174/200
2019-03-08 03:15:11,181 [MainThread  ][INFO ]  Starting iteration 175/200
2019-03-08 03:16:33,757 [MainThread  ][INFO ]  Starting iteration 176/200
2019-03-08 03:18:01,684 [MainThread  ][INFO ]  Starting iteration 177/200
2019-03-08 03:19:28,609 [MainThread  ][INFO ]  Starting iteration 178/200
2019-03-08 03:20:53,440 [MainThread  ][INFO ]  Starting iteration 179/200
2019-03-08 03:22:25,002 [MainThread  ][INFO ]  Starting iteration 180/200
2019-03-08 03:23:55,295 [MainThread  ][INFO ]  Starting iteration 181/200
2019-03-08 03:25:17,546 [MainThread  ][INFO ]  Starting iteration 182/200
2019-03-08 03:26:46,063 [MainThread  ][INFO ]  Starting iteration 183/200
2019-03-08 03:28:09,676 [MainThread  ][INFO ]  Starting iteration 184/200
2019-03-08 03:29:37,728 [MainThread  ][INFO ]  Starting iteration 185/200
2019-03-08 03:31:16,176 [MainThread  ][INFO ]  Starting iteration 186/200
2019-03-08 03:32:42,066 [MainThread  ][INFO ]  Starting iteration 187/200
2019-03-08 03:34:12,362 [MainThread  ][INFO ]  Starting iteration 188/200
2019-03-08 03:35:47,885 [MainThread  ][INFO ]  Starting iteration 189/200
2019-03-08 03:37:18,769 [MainThread  ][INFO ]  Starting iteration 190/200
2019-03-08 03:38:52,655 [MainThread  ][INFO ]  Starting iteration 191/200
2019-03-08 03:40:21,239 [MainThread  ][INFO ]  Starting iteration 192/200
2019-03-08 03:41:48,742 [MainThread  ][INFO ]  Starting iteration 193/200
2019-03-08 03:43:26,522 [MainThread  ][INFO ]  Starting iteration 194/200
2019-03-08 03:44:55,818 [MainThread  ][INFO ]  Starting iteration 195/200
2019-03-08 03:46:34,105 [MainThread  ][INFO ]  Starting iteration 196/200
2019-03-08 03:48:06,643 [MainThread  ][INFO ]  Starting iteration 197/200
2019-03-08 03:49:45,796 [MainThread  ][INFO ]  Starting iteration 198/200
2019-03-08 03:51:30,621 [MainThread  ][INFO ]  Starting iteration 199/200
2019-03-08 03:53:04,095 [MainThread  ][INFO ]  Starting iteration 200/200
2019-03-08 03:54:43,028 [MainThread  ][INFO ]  Working on height 3/4
2019-03-08 03:54:43,028 [MainThread  ][INFO ]  Starting iteration 1/200
2019-03-08 03:54:58,878 [MainThread  ][INFO ]  Starting iteration 2/200
2019-03-08 03:55:19,784 [MainThread  ][INFO ]  Starting iteration 3/200
2019-03-08 03:55:40,403 [MainThread  ][INFO ]  Starting iteration 4/200
2019-03-08 03:56:02,747 [MainThread  ][INFO ]  Starting iteration 5/200
2019-03-08 03:56:22,862 [MainThread  ][INFO ]  Starting iteration 6/200
2019-03-08 03:56:44,604 [MainThread  ][INFO ]  Starting iteration 7/200
2019-03-08 03:57:08,284 [MainThread  ][INFO ]  Starting iteration 8/200
2019-03-08 03:57:28,352 [MainThread  ][INFO ]  Starting iteration 9/200
2019-03-08 03:57:48,867 [MainThread  ][INFO ]  Starting iteration 10/200
2019-03-08 03:58:13,187 [MainThread  ][INFO ]  Starting iteration 11/200
2019-03-08 03:58:37,815 [MainThread  ][INFO ]  Starting iteration 12/200
2019-03-08 03:59:02,223 [MainThread  ][INFO ]  Starting iteration 13/200
2019-03-08 03:59:28,296 [MainThread  ][INFO ]  Starting iteration 14/200
2019-03-08 03:59:57,485 [MainThread  ][INFO ]  Starting iteration 15/200
2019-03-08 04:00:28,037 [MainThread  ][INFO ]  Starting iteration 16/200
2019-03-08 04:00:55,831 [MainThread  ][INFO ]  Starting iteration 17/200
2019-03-08 04:01:24,790 [MainThread  ][INFO ]  Starting iteration 18/200
2019-03-08 04:01:53,880 [MainThread  ][INFO ]  Starting iteration 19/200
2019-03-08 04:02:23,014 [MainThread  ][INFO ]  Starting iteration 20/200
2019-03-08 04:02:55,771 [MainThread  ][INFO ]  Starting iteration 21/200
2019-03-08 04:03:27,239 [MainThread  ][INFO ]  Starting iteration 22/200
2019-03-08 04:03:57,172 [MainThread  ][INFO ]  Starting iteration 23/200
2019-03-08 04:04:25,543 [MainThread  ][INFO ]  Starting iteration 24/200
2019-03-08 04:04:51,648 [MainThread  ][INFO ]  Starting iteration 25/200
2019-03-08 04:05:24,508 [MainThread  ][INFO ]  Starting iteration 26/200
2019-03-08 04:05:58,284 [MainThread  ][INFO ]  Starting iteration 27/200
2019-03-08 04:06:29,745 [MainThread  ][INFO ]  Starting iteration 28/200
2019-03-08 04:07:00,694 [MainThread  ][INFO ]  Starting iteration 29/200
2019-03-08 04:07:29,333 [MainThread  ][INFO ]  Starting iteration 30/200
2019-03-08 04:08:01,576 [MainThread  ][INFO ]  Starting iteration 31/200
2019-03-08 04:08:32,457 [MainThread  ][INFO ]  Starting iteration 32/200
2019-03-08 04:09:05,213 [MainThread  ][INFO ]  Starting iteration 33/200
2019-03-08 04:09:38,558 [MainThread  ][INFO ]  Starting iteration 34/200
2019-03-08 04:10:11,322 [MainThread  ][INFO ]  Starting iteration 35/200
2019-03-08 04:10:48,156 [MainThread  ][INFO ]  Starting iteration 36/200
2019-03-08 04:11:23,215 [MainThread  ][INFO ]  Starting iteration 37/200
2019-03-08 04:11:59,693 [MainThread  ][INFO ]  Starting iteration 38/200
2019-03-08 04:12:35,278 [MainThread  ][INFO ]  Starting iteration 39/200
2019-03-08 04:13:09,978 [MainThread  ][INFO ]  Starting iteration 40/200
2019-03-08 04:13:47,406 [MainThread  ][INFO ]  Starting iteration 41/200
2019-03-08 04:14:26,413 [MainThread  ][INFO ]  Starting iteration 42/200
2019-03-08 04:15:05,459 [MainThread  ][INFO ]  Starting iteration 43/200
2019-03-08 04:15:41,646 [MainThread  ][INFO ]  Starting iteration 44/200
2019-03-08 04:16:22,514 [MainThread  ][INFO ]  Starting iteration 45/200
2019-03-08 04:17:00,324 [MainThread  ][INFO ]  Starting iteration 46/200
2019-03-08 04:17:39,931 [MainThread  ][INFO ]  Starting iteration 47/200
2019-03-08 04:18:20,336 [MainThread  ][INFO ]  Starting iteration 48/200
2019-03-08 04:19:01,441 [MainThread  ][INFO ]  Starting iteration 49/200
2019-03-08 04:19:42,220 [MainThread  ][INFO ]  Starting iteration 50/200
2019-03-08 04:20:26,059 [MainThread  ][INFO ]  Starting iteration 51/200
2019-03-08 04:21:09,862 [MainThread  ][INFO ]  Starting iteration 52/200
2019-03-08 04:21:52,211 [MainThread  ][INFO ]  Starting iteration 53/200
2019-03-08 04:22:32,219 [MainThread  ][INFO ]  Starting iteration 54/200
2019-03-08 04:23:12,172 [MainThread  ][INFO ]  Starting iteration 55/200
2019-03-08 04:23:51,523 [MainThread  ][INFO ]  Starting iteration 56/200
2019-03-08 04:24:37,690 [MainThread  ][INFO ]  Starting iteration 57/200
2019-03-08 04:25:20,901 [MainThread  ][INFO ]  Starting iteration 58/200
2019-03-08 04:26:05,900 [MainThread  ][INFO ]  Starting iteration 59/200
2019-03-08 04:26:49,976 [MainThread  ][INFO ]  Starting iteration 60/200
2019-03-08 04:27:35,372 [MainThread  ][INFO ]  Starting iteration 61/200
2019-03-08 04:28:25,711 [MainThread  ][INFO ]  Starting iteration 62/200
2019-03-08 04:29:16,618 [MainThread  ][INFO ]  Starting iteration 63/200
2019-03-08 04:30:00,667 [MainThread  ][INFO ]  Starting iteration 64/200
2019-03-08 04:30:47,859 [MainThread  ][INFO ]  Starting iteration 65/200
2019-03-08 04:31:30,601 [MainThread  ][INFO ]  Starting iteration 66/200
2019-03-08 04:32:21,379 [MainThread  ][INFO ]  Starting iteration 67/200
2019-03-08 04:33:15,572 [MainThread  ][INFO ]  Starting iteration 68/200
2019-03-08 04:34:06,199 [MainThread  ][INFO ]  Starting iteration 69/200
2019-03-08 04:34:59,794 [MainThread  ][INFO ]  Starting iteration 70/200
2019-03-08 04:35:53,502 [MainThread  ][INFO ]  Starting iteration 71/200
2019-03-08 04:36:43,841 [MainThread  ][INFO ]  Starting iteration 72/200
2019-03-08 04:37:34,553 [MainThread  ][INFO ]  Starting iteration 73/200
2019-03-08 04:38:25,351 [MainThread  ][INFO ]  Starting iteration 74/200
2019-03-08 04:39:18,885 [MainThread  ][INFO ]  Starting iteration 75/200
2019-03-08 04:40:13,277 [MainThread  ][INFO ]  Starting iteration 76/200
2019-03-08 04:41:12,697 [MainThread  ][INFO ]  Starting iteration 77/200
2019-03-08 04:42:06,377 [MainThread  ][INFO ]  Starting iteration 78/200
2019-03-08 04:43:02,215 [MainThread  ][INFO ]  Starting iteration 79/200
2019-03-08 04:44:00,131 [MainThread  ][INFO ]  Starting iteration 80/200
2019-03-08 04:44:57,093 [MainThread  ][INFO ]  Starting iteration 81/200
2019-03-08 04:45:56,019 [MainThread  ][INFO ]  Starting iteration 82/200
2019-03-08 04:46:52,617 [MainThread  ][INFO ]  Starting iteration 83/200
2019-03-08 04:47:49,222 [MainThread  ][INFO ]  Starting iteration 84/200
2019-03-08 04:48:46,505 [MainThread  ][INFO ]  Starting iteration 85/200
2019-03-08 04:49:42,395 [MainThread  ][INFO ]  Starting iteration 86/200
2019-03-08 04:50:43,228 [MainThread  ][INFO ]  Starting iteration 87/200
2019-03-08 04:51:42,561 [MainThread  ][INFO ]  Starting iteration 88/200
2019-03-08 04:52:41,099 [MainThread  ][INFO ]  Starting iteration 89/200
2019-03-08 04:53:44,911 [MainThread  ][INFO ]  Starting iteration 90/200
2019-03-08 04:54:43,847 [MainThread  ][INFO ]  Starting iteration 91/200
2019-03-08 04:55:43,747 [MainThread  ][INFO ]  Starting iteration 92/200
2019-03-08 04:56:45,375 [MainThread  ][INFO ]  Starting iteration 93/200
2019-03-08 04:57:45,774 [MainThread  ][INFO ]  Starting iteration 94/200
2019-03-08 04:58:47,194 [MainThread  ][INFO ]  Starting iteration 95/200
2019-03-08 04:59:48,143 [MainThread  ][INFO ]  Starting iteration 96/200
2019-03-08 05:00:54,136 [MainThread  ][INFO ]  Starting iteration 97/200
2019-03-08 05:01:58,080 [MainThread  ][INFO ]  Starting iteration 98/200
2019-03-08 05:03:07,117 [MainThread  ][INFO ]  Starting iteration 99/200
2019-03-08 05:04:10,529 [MainThread  ][INFO ]  Starting iteration 100/200
2019-03-08 05:05:14,764 [MainThread  ][INFO ]  Starting iteration 101/200
2019-03-08 05:06:17,768 [MainThread  ][INFO ]  Starting iteration 102/200
2019-03-08 05:07:20,958 [MainThread  ][INFO ]  Starting iteration 103/200
2019-03-08 05:08:21,817 [MainThread  ][INFO ]  Starting iteration 104/200
2019-03-08 05:09:27,066 [MainThread  ][INFO ]  Starting iteration 105/200
2019-03-08 05:10:30,617 [MainThread  ][INFO ]  Starting iteration 106/200
2019-03-08 05:11:33,310 [MainThread  ][INFO ]  Starting iteration 107/200
2019-03-08 05:12:45,770 [MainThread  ][INFO ]  Starting iteration 108/200
2019-03-08 05:14:00,241 [MainThread  ][INFO ]  Starting iteration 109/200
2019-03-08 05:15:08,064 [MainThread  ][INFO ]  Starting iteration 110/200
2019-03-08 05:16:19,284 [MainThread  ][INFO ]  Starting iteration 111/200
2019-03-08 05:17:22,985 [MainThread  ][INFO ]  Starting iteration 112/200
2019-03-08 05:18:32,821 [MainThread  ][INFO ]  Starting iteration 113/200
2019-03-08 05:19:43,295 [MainThread  ][INFO ]  Starting iteration 114/200
2019-03-08 05:20:51,885 [MainThread  ][INFO ]  Starting iteration 115/200
2019-03-08 05:21:57,842 [MainThread  ][INFO ]  Starting iteration 116/200
2019-03-08 05:23:08,395 [MainThread  ][INFO ]  Starting iteration 117/200
2019-03-08 05:24:18,812 [MainThread  ][INFO ]  Starting iteration 118/200
2019-03-08 05:25:36,958 [MainThread  ][INFO ]  Starting iteration 119/200
2019-03-08 05:26:51,265 [MainThread  ][INFO ]  Starting iteration 120/200
2019-03-08 05:28:02,126 [MainThread  ][INFO ]  Starting iteration 121/200
2019-03-08 05:29:15,959 [MainThread  ][INFO ]  Starting iteration 122/200
2019-03-08 05:30:28,321 [MainThread  ][INFO ]  Starting iteration 123/200
2019-03-08 05:31:39,967 [MainThread  ][INFO ]  Starting iteration 124/200
2019-03-08 05:32:54,083 [MainThread  ][INFO ]  Starting iteration 125/200
2019-03-08 05:34:09,603 [MainThread  ][INFO ]  Starting iteration 126/200
2019-03-08 05:35:26,656 [MainThread  ][INFO ]  Starting iteration 127/200
2019-03-08 05:36:37,265 [MainThread  ][INFO ]  Starting iteration 128/200
2019-03-08 05:37:55,881 [MainThread  ][INFO ]  Starting iteration 129/200
2019-03-08 05:39:11,537 [MainThread  ][INFO ]  Starting iteration 130/200
2019-03-08 05:40:34,929 [MainThread  ][INFO ]  Starting iteration 131/200
2019-03-08 05:42:01,763 [MainThread  ][INFO ]  Starting iteration 132/200
2019-03-08 05:43:18,316 [MainThread  ][INFO ]  Starting iteration 133/200
2019-03-08 05:44:40,102 [MainThread  ][INFO ]  Starting iteration 134/200
2019-03-08 05:46:02,888 [MainThread  ][INFO ]  Starting iteration 135/200
2019-03-08 05:47:18,977 [MainThread  ][INFO ]  Starting iteration 136/200
2019-03-08 05:48:42,042 [MainThread  ][INFO ]  Starting iteration 137/200
2019-03-08 05:49:58,372 [MainThread  ][INFO ]  Starting iteration 138/200
2019-03-08 05:51:20,935 [MainThread  ][INFO ]  Starting iteration 139/200
2019-03-08 05:52:42,170 [MainThread  ][INFO ]  Starting iteration 140/200
2019-03-08 05:54:07,161 [MainThread  ][INFO ]  Starting iteration 141/200
2019-03-08 05:55:34,115 [MainThread  ][INFO ]  Starting iteration 142/200
2019-03-08 05:56:57,088 [MainThread  ][INFO ]  Starting iteration 143/200
2019-03-08 05:58:23,246 [MainThread  ][INFO ]  Starting iteration 144/200
2019-03-08 05:59:45,561 [MainThread  ][INFO ]  Starting iteration 145/200
2019-03-08 06:01:13,154 [MainThread  ][INFO ]  Starting iteration 146/200
2019-03-08 06:02:40,318 [MainThread  ][INFO ]  Starting iteration 147/200
2019-03-08 06:04:04,737 [MainThread  ][INFO ]  Starting iteration 148/200
2019-03-08 06:05:30,805 [MainThread  ][INFO ]  Starting iteration 149/200
2019-03-08 06:06:54,033 [MainThread  ][INFO ]  Starting iteration 150/200
2019-03-08 06:08:21,543 [MainThread  ][INFO ]  Starting iteration 151/200
2019-03-08 06:09:47,309 [MainThread  ][INFO ]  Starting iteration 152/200
2019-03-08 06:11:16,864 [MainThread  ][INFO ]  Starting iteration 153/200
2019-03-08 06:12:44,794 [MainThread  ][INFO ]  Starting iteration 154/200
2019-03-08 06:14:06,864 [MainThread  ][INFO ]  Starting iteration 155/200
2019-03-08 06:15:42,088 [MainThread  ][INFO ]  Starting iteration 156/200
2019-03-08 06:17:16,177 [MainThread  ][INFO ]  Starting iteration 157/200
2019-03-08 06:18:44,873 [MainThread  ][INFO ]  Starting iteration 158/200
2019-03-08 06:20:28,446 [MainThread  ][INFO ]  Starting iteration 159/200
2019-03-08 06:21:58,850 [MainThread  ][INFO ]  Starting iteration 160/200
2019-03-08 06:23:33,254 [MainThread  ][INFO ]  Starting iteration 161/200
2019-03-08 06:25:08,167 [MainThread  ][INFO ]  Starting iteration 162/200
2019-03-08 06:26:43,995 [MainThread  ][INFO ]  Starting iteration 163/200
2019-03-08 06:28:14,063 [MainThread  ][INFO ]  Starting iteration 164/200
2019-03-08 06:29:46,242 [MainThread  ][INFO ]  Starting iteration 165/200
2019-03-08 06:31:15,775 [MainThread  ][INFO ]  Starting iteration 166/200
2019-03-08 06:32:45,704 [MainThread  ][INFO ]  Starting iteration 167/200
2019-03-08 06:34:19,442 [MainThread  ][INFO ]  Starting iteration 168/200
2019-03-08 06:35:50,104 [MainThread  ][INFO ]  Starting iteration 169/200
2019-03-08 06:37:22,504 [MainThread  ][INFO ]  Starting iteration 170/200
2019-03-08 06:39:01,445 [MainThread  ][INFO ]  Starting iteration 171/200
2019-03-08 06:40:37,248 [MainThread  ][INFO ]  Starting iteration 172/200
2019-03-08 06:42:10,371 [MainThread  ][INFO ]  Starting iteration 173/200
2019-03-08 06:43:47,080 [MainThread  ][INFO ]  Starting iteration 174/200
2019-03-08 06:45:18,154 [MainThread  ][INFO ]  Starting iteration 175/200
2019-03-08 06:46:54,914 [MainThread  ][INFO ]  Starting iteration 176/200
2019-03-08 06:48:35,042 [MainThread  ][INFO ]  Starting iteration 177/200
2019-03-08 06:50:13,616 [MainThread  ][INFO ]  Starting iteration 178/200
2019-03-08 06:51:53,648 [MainThread  ][INFO ]  Starting iteration 179/200
2019-03-08 06:53:29,775 [MainThread  ][INFO ]  Starting iteration 180/200
2019-03-08 06:55:04,743 [MainThread  ][INFO ]  Starting iteration 181/200
2019-03-08 06:56:45,913 [MainThread  ][INFO ]  Starting iteration 182/200
2019-03-08 06:58:29,169 [MainThread  ][INFO ]  Starting iteration 183/200
2019-03-08 07:00:04,647 [MainThread  ][INFO ]  Starting iteration 184/200
2019-03-08 07:01:40,816 [MainThread  ][INFO ]  Starting iteration 185/200
2019-03-08 07:03:28,718 [MainThread  ][INFO ]  Starting iteration 186/200
2019-03-08 07:05:10,528 [MainThread  ][INFO ]  Starting iteration 187/200
2019-03-08 07:06:52,494 [MainThread  ][INFO ]  Starting iteration 188/200
2019-03-08 07:08:36,305 [MainThread  ][INFO ]  Starting iteration 189/200
2019-03-08 07:10:20,761 [MainThread  ][INFO ]  Starting iteration 190/200
2019-03-08 07:12:06,387 [MainThread  ][INFO ]  Starting iteration 191/200
2019-03-08 07:13:47,274 [MainThread  ][INFO ]  Starting iteration 192/200
2019-03-08 07:15:27,547 [MainThread  ][INFO ]  Starting iteration 193/200
2019-03-08 07:17:11,786 [MainThread  ][INFO ]  Starting iteration 194/200
2019-03-08 07:18:55,954 [MainThread  ][INFO ]  Starting iteration 195/200
2019-03-08 07:20:40,981 [MainThread  ][INFO ]  Starting iteration 196/200
2019-03-08 07:22:24,055 [MainThread  ][INFO ]  Starting iteration 197/200
2019-03-08 07:24:13,114 [MainThread  ][INFO ]  Starting iteration 198/200
2019-03-08 07:26:00,134 [MainThread  ][INFO ]  Starting iteration 199/200
2019-03-08 07:27:47,786 [MainThread  ][INFO ]  Starting iteration 200/200
