2019-02-27 19:49:19,244 [MainThread  ][INFO ]  Output file name will be "lmg_crab10freq_powell.csv"
2019-02-27 19:49:19,354 [MainThread  ][INFO ]  Using CRAB protocol ansatz.
2019-02-27 19:49:19,354 [MainThread  ][INFO ]  (CRAB) Default value of 2 frequencies chosen for the optimization
2019-02-27 19:49:19,354 [MainThread  ][INFO ]  (CRAB) Using 2 frequencies.
2019-02-27 19:49:19,355 [MainThread  ][DEBUG]  Initializing ProtocolAnsatz instance "crab"
2019-02-27 19:49:19,355 [MainThread  ][DEBUG]  Initializing CRAB protocol with 2 frequencies
2019-02-27 19:49:19,355 [MainThread  ][DEBUG]  Setting hyperparameter y0=0.0
2019-02-27 19:49:19,355 [MainThread  ][DEBUG]  Setting hyperparameter y1=1.0
2019-02-27 19:49:19,355 [MainThread  ][INFO ]  Using parameters constraints: [[-200, 200], [-200, 200], [-200, 200], [-200, 200]]
2019-02-27 19:49:19,355 [MainThread  ][INFO ]  Using total height constraint: [-2.0, 2.0]
2019-02-27 19:49:19,355 [MainThread  ][INFO ]  ---- Starting iteration 1/100
2019-02-27 19:49:19,356 [MainThread  ][DEBUG]  Regenerated CRAB frequencies: nuk=[-0.23214578  0.34896901]
2019-02-27 19:49:19,356 [MainThread  ][DEBUG]  Setting hyperparameter tf=0.1
2019-02-27 19:49:19,356 [MainThread  ][INFO ]  Starting optimization for tf=0.1
2019-02-27 19:49:19,356 [MainThread  ][DEBUG]  Optimization method: Powell
2019-02-27 19:49:19,356 [MainThread  ][DEBUG]  Optimization options: None
2019-02-27 19:49:19,357 [MainThread  ][INFO ]  Initial parameter values: [-0.06851955 -0.49465664  0.09132887  0.11676518]
2019-02-27 19:49:24,649 [MainThread  ][INFO ]  Final fidelity: 0.8087372721218736
2019-02-27 19:49:24,650 [MainThread  ][INFO ]  Final parameters: [-199.98958424  199.9946908  -199.98767911 -199.88781905]
2019-02-27 19:49:24,650 [MainThread  ][INFO ]  Fidelity: 0.8087372721218736
2019-02-27 19:49:24,650 [MainThread  ][INFO ]  ---- Starting iteration 2/100
2019-02-27 19:49:24,650 [MainThread  ][DEBUG]  Regenerated CRAB frequencies: nuk=[-0.25180531  0.02714867]
2019-02-27 19:49:24,651 [MainThread  ][DEBUG]  Setting hyperparameter tf=0.1191919191919192
2019-02-27 19:49:24,651 [MainThread  ][INFO ]  Starting optimization for tf=0.1191919191919192
2019-02-27 19:49:24,651 [MainThread  ][DEBUG]  Optimization method: Powell
2019-02-27 19:49:24,651 [MainThread  ][DEBUG]  Optimization options: None
2019-02-27 19:49:24,651 [MainThread  ][INFO ]  Initial parameter values: [ 0.43423049  0.82134813 -0.54281946 -0.91861232]
2019-02-27 19:49:29,081 [MainThread  ][INFO ]  Final fidelity: 0.8088442965542544
2019-02-27 19:49:29,081 [MainThread  ][INFO ]  Final parameters: [-199.98062667 -199.99977656 -199.99174818 -199.98022092]
2019-02-27 19:49:29,082 [MainThread  ][INFO ]  Fidelity: 0.8088442965542544
2019-02-27 19:49:29,082 [MainThread  ][INFO ]  ---- Starting iteration 3/100
2019-02-27 19:49:29,082 [MainThread  ][DEBUG]  Regenerated CRAB frequencies: nuk=[ 0.06042297  0.37036864]
2019-02-27 19:49:29,082 [MainThread  ][DEBUG]  Setting hyperparameter tf=0.1383838383838384
2019-02-27 19:49:29,082 [MainThread  ][INFO ]  Starting optimization for tf=0.1383838383838384
2019-02-27 19:49:29,082 [MainThread  ][DEBUG]  Optimization method: Powell
2019-02-27 19:49:29,082 [MainThread  ][DEBUG]  Optimization options: None
2019-02-27 19:49:29,082 [MainThread  ][INFO ]  Initial parameter values: [-0.41246018 -0.45208632 -0.18209941  0.9070277 ]
2019-02-27 19:49:33,596 [MainThread  ][INFO ]  Final fidelity: 0.8089683600103587
2019-02-27 19:49:33,596 [MainThread  ][INFO ]  Final parameters: [-199.99417102  199.99718831  199.97111507 -199.96982509]
2019-02-27 19:49:33,596 [MainThread  ][INFO ]  Fidelity: 0.8089683600103587
2019-02-27 19:49:33,597 [MainThread  ][INFO ]  ---- Starting iteration 4/100
2019-02-27 19:49:33,597 [MainThread  ][DEBUG]  Regenerated CRAB frequencies: nuk=[ 0.43563995 -0.18529105]
2019-02-27 19:49:33,597 [MainThread  ][DEBUG]  Setting hyperparameter tf=0.1575757575757576
2019-02-27 19:49:33,597 [MainThread  ][INFO ]  Starting optimization for tf=0.1575757575757576
2019-02-27 19:49:33,597 [MainThread  ][DEBUG]  Optimization method: Powell
2019-02-27 19:49:33,597 [MainThread  ][DEBUG]  Optimization options: None
2019-02-27 19:49:33,597 [MainThread  ][INFO ]  Initial parameter values: [ 0.44936356 -0.95965615  0.10527003 -0.91794631]
2019-02-27 19:49:37,902 [MainThread  ][INFO ]  Final fidelity: 0.8091221921513779
2019-02-27 19:49:37,902 [MainThread  ][INFO ]  Final parameters: [ 199.98846222  199.97292614  199.99189286  199.96867651]
2019-02-27 19:49:37,902 [MainThread  ][INFO ]  Fidelity: 0.8091221921513779
2019-02-27 19:49:37,902 [MainThread  ][INFO ]  ---- Starting iteration 5/100
2019-02-27 19:49:37,903 [MainThread  ][DEBUG]  Regenerated CRAB frequencies: nuk=[ 0.14697371  0.37069065]
2019-02-27 19:49:37,903 [MainThread  ][DEBUG]  Setting hyperparameter tf=0.17676767676767677
2019-02-27 19:49:37,903 [MainThread  ][INFO ]  Starting optimization for tf=0.17676767676767677
2019-02-27 19:49:37,903 [MainThread  ][DEBUG]  Optimization method: Powell
2019-02-27 19:49:37,903 [MainThread  ][DEBUG]  Optimization options: None
2019-02-27 19:49:37,903 [MainThread  ][INFO ]  Initial parameter values: [-0.06074069 -0.17092103 -0.97776137  0.36365583]
2019-02-27 19:49:43,388 [MainThread  ][INFO ]  Final fidelity: 0.8093220793720942
2019-02-27 19:49:43,389 [MainThread  ][INFO ]  Final parameters: [-199.99717133  199.99598101  199.99976573 -199.98834118]
2019-02-27 19:49:43,389 [MainThread  ][INFO ]  Fidelity: 0.8093220793720942
2019-02-27 19:49:43,389 [MainThread  ][INFO ]  ---- Starting iteration 6/100
2019-02-27 19:49:43,389 [MainThread  ][DEBUG]  Regenerated CRAB frequencies: nuk=[ 0.26602647 -0.02893052]
2019-02-27 19:49:43,389 [MainThread  ][DEBUG]  Setting hyperparameter tf=0.19595959595959594
2019-02-27 19:49:43,390 [MainThread  ][INFO ]  Starting optimization for tf=0.19595959595959594
2019-02-27 19:49:43,390 [MainThread  ][DEBUG]  Optimization method: Powell
2019-02-27 19:49:43,390 [MainThread  ][DEBUG]  Optimization options: None
2019-02-27 19:49:43,390 [MainThread  ][INFO ]  Initial parameter values: [ 0.48303327 -0.79584997  0.12293194  0.51743716]
2019-02-27 19:49:48,240 [MainThread  ][INFO ]  Final fidelity: 0.8095109708924701
2019-02-27 19:49:48,240 [MainThread  ][INFO ]  Final parameters: [-199.99316075 -199.99894211  199.97708905 -199.97780021]
2019-02-27 19:49:48,240 [MainThread  ][INFO ]  Fidelity: 0.8095109708924701
2019-02-27 19:49:48,240 [MainThread  ][INFO ]  ---- Starting iteration 7/100
2019-02-27 19:49:48,241 [MainThread  ][DEBUG]  Regenerated CRAB frequencies: nuk=[ 0.07379835  0.16237526]
2019-02-27 19:49:48,241 [MainThread  ][DEBUG]  Setting hyperparameter tf=0.21515151515151515
2019-02-27 19:49:48,241 [MainThread  ][INFO ]  Starting optimization for tf=0.21515151515151515
2019-02-27 19:49:48,241 [MainThread  ][DEBUG]  Optimization method: Powell
2019-02-27 19:49:48,241 [MainThread  ][DEBUG]  Optimization options: None
2019-02-27 19:49:48,241 [MainThread  ][INFO ]  Initial parameter values: [ 0.64759358  0.26547634 -0.66925249  0.85772988]
2019-02-27 19:49:53,223 [MainThread  ][INFO ]  Final fidelity: 0.8098592730707542
2019-02-27 19:49:53,223 [MainThread  ][INFO ]  Final parameters: [-199.99821622 -199.9571538   199.9521096   199.99228747]
2019-02-27 19:49:53,223 [MainThread  ][INFO ]  Fidelity: 0.8098592730707542
2019-02-27 19:49:53,223 [MainThread  ][INFO ]  ---- Starting iteration 8/100
2019-02-27 19:49:53,224 [MainThread  ][DEBUG]  Regenerated CRAB frequencies: nuk=[ 0.03790093  0.17540776]
2019-02-27 19:49:53,224 [MainThread  ][DEBUG]  Setting hyperparameter tf=0.23434343434343433
2019-02-27 19:49:53,224 [MainThread  ][INFO ]  Starting optimization for tf=0.23434343434343433
2019-02-27 19:49:53,224 [MainThread  ][DEBUG]  Optimization method: Powell
2019-02-27 19:49:53,224 [MainThread  ][DEBUG]  Optimization options: None
2019-02-27 19:49:53,224 [MainThread  ][INFO ]  Initial parameter values: [ 0.7177604  -0.70189209  0.17141928 -0.92977439]
2019-02-27 19:49:58,014 [MainThread  ][INFO ]  Final fidelity: 0.8101821924811672
2019-02-27 19:49:58,015 [MainThread  ][INFO ]  Final parameters: [-199.9829321  -199.97048093  199.96589182  199.97159308]
2019-02-27 19:49:58,015 [MainThread  ][INFO ]  Fidelity: 0.8101821924811672
2019-02-27 19:49:58,015 [MainThread  ][INFO ]  ---- Starting iteration 9/100
2019-02-27 19:49:58,015 [MainThread  ][DEBUG]  Regenerated CRAB frequencies: nuk=[ 0.47550281 -0.01300838]
2019-02-27 19:49:58,015 [MainThread  ][DEBUG]  Setting hyperparameter tf=0.2535353535353535
2019-02-27 19:49:58,015 [MainThread  ][INFO ]  Starting optimization for tf=0.2535353535353535
2019-02-27 19:49:58,016 [MainThread  ][DEBUG]  Optimization method: Powell
2019-02-27 19:49:58,016 [MainThread  ][DEBUG]  Optimization options: None
2019-02-27 19:49:58,016 [MainThread  ][INFO ]  Initial parameter values: [ 0.02931726  0.99734824  0.45521585  0.4044959 ]
2019-02-27 19:50:02,846 [MainThread  ][INFO ]  Final fidelity: 0.810389799704471
2019-02-27 19:50:02,846 [MainThread  ][INFO ]  Final parameters: [ 199.9963414  -199.99924347  199.99431451 -199.99920901]
2019-02-27 19:50:02,846 [MainThread  ][INFO ]  Fidelity: 0.810389799704471
2019-02-27 19:50:02,846 [MainThread  ][INFO ]  ---- Starting iteration 10/100
2019-02-27 19:50:02,847 [MainThread  ][DEBUG]  Regenerated CRAB frequencies: nuk=[-0.2306837  -0.23073852]
2019-02-27 19:50:02,847 [MainThread  ][DEBUG]  Setting hyperparameter tf=0.2727272727272727
2019-02-27 19:50:02,847 [MainThread  ][INFO ]  Starting optimization for tf=0.2727272727272727
2019-02-27 19:50:02,847 [MainThread  ][DEBUG]  Optimization method: Powell
2019-02-27 19:50:02,847 [MainThread  ][DEBUG]  Optimization options: None
2019-02-27 19:50:02,847 [MainThread  ][INFO ]  Initial parameter values: [-0.08154693  0.6956735   0.04173776  0.26503173]
2019-02-27 19:50:08,271 [MainThread  ][INFO ]  Final fidelity: 0.811404935484129
2019-02-27 19:50:08,272 [MainThread  ][INFO ]  Final parameters: [-199.96658523  199.9976129  -199.99137599  199.99970736]
2019-02-27 19:50:08,272 [MainThread  ][INFO ]  Fidelity: 0.811404935484129
2019-02-27 19:50:08,272 [MainThread  ][INFO ]  ---- Starting iteration 11/100
2019-02-27 19:50:08,272 [MainThread  ][DEBUG]  Regenerated CRAB frequencies: nuk=[-0.04839308  0.47681686]
2019-02-27 19:50:08,272 [MainThread  ][DEBUG]  Setting hyperparameter tf=0.2919191919191919
2019-02-27 19:50:08,272 [MainThread  ][INFO ]  Starting optimization for tf=0.2919191919191919
2019-02-27 19:50:08,272 [MainThread  ][DEBUG]  Optimization method: Powell
2019-02-27 19:50:08,272 [MainThread  ][DEBUG]  Optimization options: None
2019-02-27 19:50:08,273 [MainThread  ][INFO ]  Initial parameter values: [ 0.49642689 -0.74218791  0.16146581 -0.02846781]
2019-02-27 19:50:14,025 [MainThread  ][INFO ]  Final fidelity: 0.8112595092789756
2019-02-27 19:50:14,025 [MainThread  ][INFO ]  Final parameters: [-199.99965737 -199.9821307   165.29974964 -199.97741024]
2019-02-27 19:50:14,025 [MainThread  ][INFO ]  Fidelity: 0.8112595092789756
2019-02-27 19:50:14,025 [MainThread  ][INFO ]  ---- Starting iteration 12/100
2019-02-27 19:50:14,026 [MainThread  ][DEBUG]  Regenerated CRAB frequencies: nuk=[-0.36430639 -0.20304518]
2019-02-27 19:50:14,026 [MainThread  ][DEBUG]  Setting hyperparameter tf=0.3111111111111111
2019-02-27 19:50:14,026 [MainThread  ][INFO ]  Starting optimization for tf=0.3111111111111111
2019-02-27 19:50:14,026 [MainThread  ][DEBUG]  Optimization method: Powell
2019-02-27 19:50:14,026 [MainThread  ][DEBUG]  Optimization options: None
2019-02-27 19:50:14,026 [MainThread  ][INFO ]  Initial parameter values: [-0.05045852 -0.22426991  0.71973672  0.86364935]
2019-02-27 19:50:19,096 [MainThread  ][INFO ]  Final fidelity: 0.8125302795681161
2019-02-27 19:50:19,096 [MainThread  ][INFO ]  Final parameters: [-199.98572574  199.99651186 -199.99636817  199.99280026]
2019-02-27 19:50:19,096 [MainThread  ][INFO ]  Fidelity: 0.8125302795681161
2019-02-27 19:50:19,096 [MainThread  ][INFO ]  ---- Starting iteration 13/100
2019-02-27 19:50:19,097 [MainThread  ][DEBUG]  Regenerated CRAB frequencies: nuk=[-0.29994812 -0.01409311]
2019-02-27 19:50:19,097 [MainThread  ][DEBUG]  Setting hyperparameter tf=0.3303030303030303
2019-02-27 19:50:19,097 [MainThread  ][INFO ]  Starting optimization for tf=0.3303030303030303
2019-02-27 19:50:19,097 [MainThread  ][DEBUG]  Optimization method: Powell
2019-02-27 19:50:19,097 [MainThread  ][DEBUG]  Optimization options: None
2019-02-27 19:50:19,097 [MainThread  ][INFO ]  Initial parameter values: [ 0.12234937  0.73070066  0.22643766  0.3020987 ]
2019-02-27 19:50:24,647 [MainThread  ][INFO ]  Final fidelity: 0.8130382023650723
2019-02-27 19:50:24,647 [MainThread  ][INFO ]  Final parameters: [-199.98522694 -199.99130322 -199.99897934 -199.99412343]
2019-02-27 19:50:24,648 [MainThread  ][INFO ]  Fidelity: 0.8130382023650723
2019-02-27 19:50:24,648 [MainThread  ][INFO ]  ---- Starting iteration 14/100
2019-02-27 19:50:24,648 [MainThread  ][DEBUG]  Regenerated CRAB frequencies: nuk=[ 0.09905203  0.42725841]
2019-02-27 19:50:24,648 [MainThread  ][DEBUG]  Setting hyperparameter tf=0.3494949494949495
2019-02-27 19:50:24,648 [MainThread  ][INFO ]  Starting optimization for tf=0.3494949494949495
2019-02-27 19:50:24,648 [MainThread  ][DEBUG]  Optimization method: Powell
2019-02-27 19:50:24,648 [MainThread  ][DEBUG]  Optimization options: None
2019-02-27 19:50:24,649 [MainThread  ][INFO ]  Initial parameter values: [ 0.04169368 -0.56250047  0.10989252  0.62758398]
2019-02-27 19:50:30,117 [MainThread  ][INFO ]  Final fidelity: 0.813613810524989
2019-02-27 19:50:30,118 [MainThread  ][INFO ]  Final parameters: [-199.98352559  199.98846499  199.99981987 -199.99854159]
2019-02-27 19:50:30,118 [MainThread  ][INFO ]  Fidelity: 0.813613810524989
2019-02-27 19:50:30,118 [MainThread  ][INFO ]  ---- Starting iteration 15/100
2019-02-27 19:50:30,118 [MainThread  ][DEBUG]  Regenerated CRAB frequencies: nuk=[-0.14038982  0.33668569]
2019-02-27 19:50:30,118 [MainThread  ][DEBUG]  Setting hyperparameter tf=0.3686868686868686
2019-02-27 19:50:30,118 [MainThread  ][INFO ]  Starting optimization for tf=0.3686868686868686
2019-02-27 19:50:30,118 [MainThread  ][DEBUG]  Optimization method: Powell
2019-02-27 19:50:30,118 [MainThread  ][DEBUG]  Optimization options: None
2019-02-27 19:50:30,118 [MainThread  ][INFO ]  Initial parameter values: [ 0.22658614  0.04129224 -0.37150559  0.82635715]
2019-02-27 19:50:41,103 [MainThread  ][INFO ]  Final fidelity: 0.8139461210551905
2019-02-27 19:50:41,104 [MainThread  ][INFO ]  Final parameters: [-199.99995743  199.99998298 -114.74127092  199.99545279]
2019-02-27 19:50:41,104 [MainThread  ][INFO ]  Fidelity: 0.8139461210551905
2019-02-27 19:50:41,105 [MainThread  ][INFO ]  ---- Starting iteration 16/100
2019-02-27 19:50:41,105 [MainThread  ][DEBUG]  Regenerated CRAB frequencies: nuk=[ 0.15336906 -0.17848529]
2019-02-27 19:50:41,105 [MainThread  ][DEBUG]  Setting hyperparameter tf=0.3878787878787878
2019-02-27 19:50:41,105 [MainThread  ][INFO ]  Starting optimization for tf=0.3878787878787878
2019-02-27 19:50:41,105 [MainThread  ][DEBUG]  Optimization method: Powell
2019-02-27 19:50:41,105 [MainThread  ][DEBUG]  Optimization options: None
2019-02-27 19:50:41,105 [MainThread  ][INFO ]  Initial parameter values: [ 0.20690245  0.72989976  0.42938949 -0.27130152]
2019-02-27 19:50:50,627 [MainThread  ][INFO ]  Final fidelity: 0.8159596758397349
2019-02-27 19:50:50,627 [MainThread  ][INFO ]  Final parameters: [-199.99991776  199.99979657  199.9997218  -199.99106397]
2019-02-27 19:50:50,627 [MainThread  ][INFO ]  Fidelity: 0.8159596758397349
2019-02-27 19:50:50,627 [MainThread  ][INFO ]  ---- Starting iteration 17/100
2019-02-27 19:50:50,628 [MainThread  ][DEBUG]  Regenerated CRAB frequencies: nuk=[-0.45815029 -0.38744837]
2019-02-27 19:50:50,628 [MainThread  ][DEBUG]  Setting hyperparameter tf=0.407070707070707
2019-02-27 19:50:50,628 [MainThread  ][INFO ]  Starting optimization for tf=0.407070707070707
2019-02-27 19:50:50,628 [MainThread  ][DEBUG]  Optimization method: Powell
2019-02-27 19:50:50,628 [MainThread  ][DEBUG]  Optimization options: None
2019-02-27 19:50:50,628 [MainThread  ][INFO ]  Initial parameter values: [-0.26760712 -0.84170113 -0.87860783 -0.2345953 ]
2019-02-27 19:51:00,854 [MainThread  ][INFO ]  Final fidelity: 0.8181599779599565
2019-02-27 19:51:00,854 [MainThread  ][INFO ]  Final parameters: [-158.3753908  -199.99993946 -199.9999787   199.99986536]
2019-02-27 19:51:00,855 [MainThread  ][INFO ]  Fidelity: 0.8181599779599565
2019-02-27 19:51:00,855 [MainThread  ][INFO ]  ---- Starting iteration 18/100
2019-02-27 19:51:00,855 [MainThread  ][DEBUG]  Regenerated CRAB frequencies: nuk=[-0.11556024 -0.23025686]
2019-02-27 19:51:00,855 [MainThread  ][DEBUG]  Setting hyperparameter tf=0.42626262626262623
2019-02-27 19:51:00,855 [MainThread  ][INFO ]  Starting optimization for tf=0.42626262626262623
2019-02-27 19:51:00,855 [MainThread  ][DEBUG]  Optimization method: Powell
2019-02-27 19:51:00,855 [MainThread  ][DEBUG]  Optimization options: None
2019-02-27 19:51:00,855 [MainThread  ][INFO ]  Initial parameter values: [-0.44761449  0.17044882 -0.4079768  -0.15120409]
2019-02-27 19:51:11,200 [MainThread  ][INFO ]  Final fidelity: 0.8187764378597293
2019-02-27 19:51:11,200 [MainThread  ][INFO ]  Final parameters: [-199.99998769  199.99992909   22.09854282  199.99999449]
2019-02-27 19:51:11,200 [MainThread  ][INFO ]  Fidelity: 0.8187764378597293
2019-02-27 19:51:11,201 [MainThread  ][INFO ]  ---- Starting iteration 19/100
2019-02-27 19:51:11,201 [MainThread  ][DEBUG]  Regenerated CRAB frequencies: nuk=[ 0.07289575 -0.01286741]
2019-02-27 19:51:11,201 [MainThread  ][DEBUG]  Setting hyperparameter tf=0.44545454545454544
2019-02-27 19:51:11,201 [MainThread  ][INFO ]  Starting optimization for tf=0.44545454545454544
2019-02-27 19:51:11,201 [MainThread  ][DEBUG]  Optimization method: Powell
2019-02-27 19:51:11,201 [MainThread  ][DEBUG]  Optimization options: None
2019-02-27 19:51:11,201 [MainThread  ][INFO ]  Initial parameter values: [-0.4404349   0.39178909  0.3247072   0.4775435 ]
2019-02-27 19:51:20,030 [MainThread  ][INFO ]  Final fidelity: 0.8197851377786626
2019-02-27 19:51:20,030 [MainThread  ][INFO ]  Final parameters: [-199.99994017 -199.99996501  199.99968073 -199.99977049]
2019-02-27 19:51:20,030 [MainThread  ][INFO ]  Fidelity: 0.8197851377786626
2019-02-27 19:51:20,030 [MainThread  ][INFO ]  ---- Starting iteration 20/100
2019-02-27 19:51:20,030 [MainThread  ][DEBUG]  Regenerated CRAB frequencies: nuk=[ 0.23845704 -0.25189254]
2019-02-27 19:51:20,031 [MainThread  ][DEBUG]  Setting hyperparameter tf=0.46464646464646464
2019-02-27 19:51:20,031 [MainThread  ][INFO ]  Starting optimization for tf=0.46464646464646464
2019-02-27 19:51:20,031 [MainThread  ][DEBUG]  Optimization method: Powell
2019-02-27 19:51:20,031 [MainThread  ][DEBUG]  Optimization options: None
2019-02-27 19:51:20,031 [MainThread  ][INFO ]  Initial parameter values: [-0.97087568 -0.65017497 -0.70370791  0.34703275]
2019-02-27 19:51:29,856 [MainThread  ][INFO ]  Final fidelity: 0.8219100982214435
2019-02-27 19:51:29,857 [MainThread  ][INFO ]  Final parameters: [-166.394629    199.99996839  199.99996309  199.99991276]
2019-02-27 19:51:29,857 [MainThread  ][INFO ]  Fidelity: 0.8219100982214435
2019-02-27 19:51:29,857 [MainThread  ][INFO ]  ---- Starting iteration 21/100
2019-02-27 19:51:29,858 [MainThread  ][DEBUG]  Regenerated CRAB frequencies: nuk=[ 0.20343684  0.3663276 ]
2019-02-27 19:51:29,858 [MainThread  ][DEBUG]  Setting hyperparameter tf=0.48383838383838385
2019-02-27 19:51:29,858 [MainThread  ][INFO ]  Starting optimization for tf=0.48383838383838385
2019-02-27 19:51:29,858 [MainThread  ][DEBUG]  Optimization method: Powell
2019-02-27 19:51:29,858 [MainThread  ][DEBUG]  Optimization options: None
2019-02-27 19:51:29,858 [MainThread  ][INFO ]  Initial parameter values: [ 0.46484138 -0.67540848  0.2520734   0.39481903]
2019-02-27 19:51:39,754 [MainThread  ][INFO ]  Final fidelity: 0.8210092420915793
2019-02-27 19:51:39,755 [MainThread  ][INFO ]  Final parameters: [-199.99996597  199.99999366  199.99990238 -199.99982167]
2019-02-27 19:51:39,755 [MainThread  ][INFO ]  Fidelity: 0.8210092420915793
2019-02-27 19:51:39,755 [MainThread  ][INFO ]  ---- Starting iteration 22/100
2019-02-27 19:51:39,755 [MainThread  ][DEBUG]  Regenerated CRAB frequencies: nuk=[-0.2247926   0.28673378]
2019-02-27 19:51:39,755 [MainThread  ][DEBUG]  Setting hyperparameter tf=0.503030303030303
2019-02-27 19:51:39,755 [MainThread  ][INFO ]  Starting optimization for tf=0.503030303030303
2019-02-27 19:51:39,755 [MainThread  ][DEBUG]  Optimization method: Powell
2019-02-27 19:51:39,756 [MainThread  ][DEBUG]  Optimization options: None
2019-02-27 19:51:39,756 [MainThread  ][INFO ]  Initial parameter values: [ 0.05060001 -0.19290671  0.93177607  0.50265959]
2019-02-27 19:51:49,566 [MainThread  ][INFO ]  Final fidelity: 0.8234448553437789
2019-02-27 19:51:49,567 [MainThread  ][INFO ]  Final parameters: [-199.99999788  199.99995225 -136.10846333  199.99977895]
2019-02-27 19:51:49,567 [MainThread  ][INFO ]  Fidelity: 0.8234448553437789
2019-02-27 19:51:49,567 [MainThread  ][INFO ]  ---- Starting iteration 23/100
2019-02-27 19:51:49,567 [MainThread  ][DEBUG]  Regenerated CRAB frequencies: nuk=[ 0.39953698  0.19901292]
2019-02-27 19:51:49,567 [MainThread  ][DEBUG]  Setting hyperparameter tf=0.5222222222222221
2019-02-27 19:51:49,567 [MainThread  ][INFO ]  Starting optimization for tf=0.5222222222222221
2019-02-27 19:51:49,568 [MainThread  ][DEBUG]  Optimization method: Powell
2019-02-27 19:51:49,568 [MainThread  ][DEBUG]  Optimization options: None
2019-02-27 19:51:49,568 [MainThread  ][INFO ]  Initial parameter values: [-0.73615566 -0.15022393  0.22796803  0.23277577]
2019-02-27 19:52:01,390 [MainThread  ][INFO ]  Final fidelity: 0.8235255707962259
2019-02-27 19:52:01,391 [MainThread  ][INFO ]  Final parameters: [ 199.99967807  199.98894138  199.99958874  199.99935069]
2019-02-27 19:52:01,391 [MainThread  ][INFO ]  Fidelity: 0.8235255707962259
2019-02-27 19:52:01,391 [MainThread  ][INFO ]  ---- Starting iteration 24/100
2019-02-27 19:52:01,392 [MainThread  ][DEBUG]  Regenerated CRAB frequencies: nuk=[ 0.39623182  0.47203666]
2019-02-27 19:52:01,392 [MainThread  ][DEBUG]  Setting hyperparameter tf=0.5414141414141413
2019-02-27 19:52:01,392 [MainThread  ][INFO ]  Starting optimization for tf=0.5414141414141413
2019-02-27 19:52:01,392 [MainThread  ][DEBUG]  Optimization method: Powell
2019-02-27 19:52:01,392 [MainThread  ][DEBUG]  Optimization options: None
2019-02-27 19:52:01,393 [MainThread  ][INFO ]  Initial parameter values: [-0.68159209 -0.49305648  0.31614452  0.61389538]
2019-02-27 19:52:11,604 [MainThread  ][INFO ]  Final fidelity: 0.8245076348688014
2019-02-27 19:52:11,605 [MainThread  ][INFO ]  Final parameters: [ 199.99983038  199.99921344  199.99983233 -199.99962728]
2019-02-27 19:52:11,605 [MainThread  ][INFO ]  Fidelity: 0.8245076348688014
2019-02-27 19:52:11,605 [MainThread  ][INFO ]  ---- Starting iteration 25/100
2019-02-27 19:52:11,605 [MainThread  ][DEBUG]  Regenerated CRAB frequencies: nuk=[-0.11811683 -0.06313418]
2019-02-27 19:52:11,605 [MainThread  ][DEBUG]  Setting hyperparameter tf=0.5606060606060606
2019-02-27 19:52:11,606 [MainThread  ][INFO ]  Starting optimization for tf=0.5606060606060606
2019-02-27 19:52:11,606 [MainThread  ][DEBUG]  Optimization method: Powell
2019-02-27 19:52:11,606 [MainThread  ][DEBUG]  Optimization options: None
2019-02-27 19:52:11,606 [MainThread  ][INFO ]  Initial parameter values: [-0.4759234   0.22760967 -0.56642849 -0.41749035]
2019-02-27 19:52:27,794 [MainThread  ][INFO ]  Final fidelity: 0.8293219115130038
2019-02-27 19:52:27,794 [MainThread  ][INFO ]  Final parameters: [-199.99996253  199.99612503   36.52347784 -198.20162118]
2019-02-27 19:52:27,794 [MainThread  ][INFO ]  Fidelity: 0.8293219115130038
2019-02-27 19:52:27,795 [MainThread  ][INFO ]  ---- Starting iteration 26/100
2019-02-27 19:52:27,795 [MainThread  ][DEBUG]  Regenerated CRAB frequencies: nuk=[ 0.47691212 -0.05541311]
2019-02-27 19:52:27,795 [MainThread  ][DEBUG]  Setting hyperparameter tf=0.5797979797979798
2019-02-27 19:52:27,795 [MainThread  ][INFO ]  Starting optimization for tf=0.5797979797979798
2019-02-27 19:52:27,795 [MainThread  ][DEBUG]  Optimization method: Powell
2019-02-27 19:52:27,795 [MainThread  ][DEBUG]  Optimization options: None
2019-02-27 19:52:27,795 [MainThread  ][INFO ]  Initial parameter values: [ 0.98802584  0.13308234  0.06436783  0.14130197]
2019-02-27 19:52:39,894 [MainThread  ][INFO ]  Final fidelity: 0.8256862981009722
2019-02-27 19:52:39,895 [MainThread  ][INFO ]  Final parameters: [ 199.65201768  197.63759915  156.8179647    -2.73200618]
2019-02-27 19:52:39,895 [MainThread  ][INFO ]  Fidelity: 0.8256862981009722
2019-02-27 19:52:39,895 [MainThread  ][INFO ]  ---- Starting iteration 27/100
2019-02-27 19:52:39,896 [MainThread  ][DEBUG]  Regenerated CRAB frequencies: nuk=[-0.28192979  0.07061287]
2019-02-27 19:52:39,896 [MainThread  ][DEBUG]  Setting hyperparameter tf=0.598989898989899
2019-02-27 19:52:39,896 [MainThread  ][INFO ]  Starting optimization for tf=0.598989898989899
2019-02-27 19:52:39,896 [MainThread  ][DEBUG]  Optimization method: Powell
2019-02-27 19:52:39,896 [MainThread  ][DEBUG]  Optimization options: None
2019-02-27 19:52:39,896 [MainThread  ][INFO ]  Initial parameter values: [ 0.90986079 -0.1082687   0.40361869  0.68641658]
2019-02-27 19:52:49,640 [MainThread  ][INFO ]  Final fidelity: 0.8351585093903852
2019-02-27 19:52:49,641 [MainThread  ][INFO ]  Final parameters: [-199.99996977 -199.99995916 -161.85447109  199.99873151]
2019-02-27 19:52:49,641 [MainThread  ][INFO ]  Fidelity: 0.8351585093903852
2019-02-27 19:52:49,641 [MainThread  ][INFO ]  ---- Starting iteration 28/100
2019-02-27 19:52:49,641 [MainThread  ][DEBUG]  Regenerated CRAB frequencies: nuk=[ 0.36115894  0.3461238 ]
2019-02-27 19:52:49,641 [MainThread  ][DEBUG]  Setting hyperparameter tf=0.6181818181818182
2019-02-27 19:52:49,641 [MainThread  ][INFO ]  Starting optimization for tf=0.6181818181818182
2019-02-27 19:52:49,642 [MainThread  ][DEBUG]  Optimization method: Powell
2019-02-27 19:52:49,642 [MainThread  ][DEBUG]  Optimization options: None
2019-02-27 19:52:49,642 [MainThread  ][INFO ]  Initial parameter values: [-0.64191139 -0.32035314  0.83811691 -0.84816429]
2019-02-27 19:52:59,912 [MainThread  ][INFO ]  Final fidelity: 0.833798393546999
2019-02-27 19:52:59,913 [MainThread  ][INFO ]  Final parameters: [ 199.99999456  199.99993782  199.99994184 -199.99995406]
2019-02-27 19:52:59,913 [MainThread  ][INFO ]  Fidelity: 0.833798393546999
2019-02-27 19:52:59,913 [MainThread  ][INFO ]  ---- Starting iteration 29/100
2019-02-27 19:52:59,913 [MainThread  ][DEBUG]  Regenerated CRAB frequencies: nuk=[-0.31999962  0.33187083]
2019-02-27 19:52:59,913 [MainThread  ][DEBUG]  Setting hyperparameter tf=0.6373737373737373
2019-02-27 19:52:59,913 [MainThread  ][INFO ]  Starting optimization for tf=0.6373737373737373
2019-02-27 19:52:59,914 [MainThread  ][DEBUG]  Optimization method: Powell
2019-02-27 19:52:59,914 [MainThread  ][DEBUG]  Optimization options: None
2019-02-27 19:52:59,914 [MainThread  ][INFO ]  Initial parameter values: [ 0.73697509  0.94081985  0.64808741 -0.48217534]
2019-02-27 19:53:16,022 [MainThread  ][INFO ]  Final fidelity: 0.8419148667804092
2019-02-27 19:53:16,023 [MainThread  ][INFO ]  Final parameters: [-199.99997889  199.99993218 -199.99961012 -199.99980136]
2019-02-27 19:53:16,023 [MainThread  ][INFO ]  Fidelity: 0.8419148667804092
2019-02-27 19:53:16,023 [MainThread  ][INFO ]  ---- Starting iteration 30/100
2019-02-27 19:53:16,024 [MainThread  ][DEBUG]  Regenerated CRAB frequencies: nuk=[ 0.16400635  0.23477834]
2019-02-27 19:53:16,024 [MainThread  ][DEBUG]  Setting hyperparameter tf=0.6565656565656565
2019-02-27 19:53:16,024 [MainThread  ][INFO ]  Starting optimization for tf=0.6565656565656565
2019-02-27 19:53:16,024 [MainThread  ][DEBUG]  Optimization method: Powell
2019-02-27 19:53:16,024 [MainThread  ][DEBUG]  Optimization options: None
2019-02-27 19:53:16,024 [MainThread  ][INFO ]  Initial parameter values: [-0.93543376 -0.54713772  0.2946669  -0.19472737]
2019-02-27 19:53:26,798 [MainThread  ][INFO ]  Final fidelity: 0.8426320597473345
2019-02-27 19:53:26,798 [MainThread  ][INFO ]  Final parameters: [-164.68572853  199.99989485  199.99996459  199.99982258]
2019-02-27 19:53:26,798 [MainThread  ][INFO ]  Fidelity: 0.8426320597473345
2019-02-27 19:53:26,798 [MainThread  ][INFO ]  ---- Starting iteration 31/100
2019-02-27 19:53:26,799 [MainThread  ][DEBUG]  Regenerated CRAB frequencies: nuk=[ 0.00682761 -0.39885507]
2019-02-27 19:53:26,799 [MainThread  ][DEBUG]  Setting hyperparameter tf=0.6757575757575757
2019-02-27 19:53:26,799 [MainThread  ][INFO ]  Starting optimization for tf=0.6757575757575757
2019-02-27 19:53:26,799 [MainThread  ][DEBUG]  Optimization method: Powell
2019-02-27 19:53:26,799 [MainThread  ][DEBUG]  Optimization options: None
2019-02-27 19:53:26,799 [MainThread  ][INFO ]  Initial parameter values: [-0.15603998  0.515113    0.31512792 -0.8022765 ]
2019-02-27 19:53:45,319 [MainThread  ][INFO ]  Final fidelity: 0.8559162920475618
2019-02-27 19:53:45,320 [MainThread  ][INFO ]  Final parameters: [-199.99999948 -107.0565656   199.99999692   71.13883254]
2019-02-27 19:53:45,320 [MainThread  ][INFO ]  Fidelity: 0.8559162920475618
2019-02-27 19:53:45,321 [MainThread  ][INFO ]  ---- Starting iteration 32/100
2019-02-27 19:53:45,321 [MainThread  ][DEBUG]  Regenerated CRAB frequencies: nuk=[ 0.42554031 -0.30457745]
2019-02-27 19:53:45,321 [MainThread  ][DEBUG]  Setting hyperparameter tf=0.6949494949494949
2019-02-27 19:53:45,321 [MainThread  ][INFO ]  Starting optimization for tf=0.6949494949494949
2019-02-27 19:53:45,321 [MainThread  ][DEBUG]  Optimization method: Powell
2019-02-27 19:53:45,321 [MainThread  ][DEBUG]  Optimization options: None
2019-02-27 19:53:45,322 [MainThread  ][INFO ]  Initial parameter values: [ 0.5898989  -0.86710571  0.29667616 -0.36449141]
2019-02-27 19:53:59,043 [MainThread  ][INFO ]  Final fidelity: 0.8381312819416139
2019-02-27 19:53:59,043 [MainThread  ][INFO ]  Final parameters: [  1.98311978e+02   2.65961092e+01   1.31571771e+02   1.33955700e-01]
2019-02-27 19:53:59,044 [MainThread  ][INFO ]  Fidelity: 0.8381312819416139
2019-02-27 19:53:59,044 [MainThread  ][INFO ]  ---- Starting iteration 33/100
2019-02-27 19:53:59,044 [MainThread  ][DEBUG]  Regenerated CRAB frequencies: nuk=[-0.49935255  0.44018928]
2019-02-27 19:53:59,044 [MainThread  ][DEBUG]  Setting hyperparameter tf=0.7141414141414141
2019-02-27 19:53:59,044 [MainThread  ][INFO ]  Starting optimization for tf=0.7141414141414141
2019-02-27 19:53:59,044 [MainThread  ][DEBUG]  Optimization method: Powell
2019-02-27 19:53:59,044 [MainThread  ][DEBUG]  Optimization options: None
2019-02-27 19:53:59,044 [MainThread  ][INFO ]  Initial parameter values: [-0.66860981  0.04155766  0.31396457 -0.39069182]
2019-02-27 19:54:13,215 [MainThread  ][INFO ]  Final fidelity: 0.8381516520378152
2019-02-27 19:54:13,216 [MainThread  ][INFO ]  Final parameters: [   6.29709555  198.80557136 -199.99998842 -189.97995762]
2019-02-27 19:54:13,216 [MainThread  ][INFO ]  Fidelity: 0.8381516520378152
2019-02-27 19:54:13,216 [MainThread  ][INFO ]  ---- Starting iteration 34/100
2019-02-27 19:54:13,216 [MainThread  ][DEBUG]  Regenerated CRAB frequencies: nuk=[-0.19801954 -0.27538336]
2019-02-27 19:54:13,216 [MainThread  ][DEBUG]  Setting hyperparameter tf=0.7333333333333333
2019-02-27 19:54:13,216 [MainThread  ][INFO ]  Starting optimization for tf=0.7333333333333333
2019-02-27 19:54:13,216 [MainThread  ][DEBUG]  Optimization method: Powell
2019-02-27 19:54:13,217 [MainThread  ][DEBUG]  Optimization options: None
2019-02-27 19:54:13,217 [MainThread  ][INFO ]  Initial parameter values: [-0.01669068 -0.17227362  0.17493885 -0.10272361]
2019-02-27 19:54:40,697 [MainThread  ][INFO ]  Final fidelity: 0.8617364188550879
2019-02-27 19:54:40,698 [MainThread  ][INFO ]  Final parameters: [-199.86821258  106.72805772  -47.3614574    84.34993661]
2019-02-27 19:54:40,698 [MainThread  ][INFO ]  Fidelity: 0.8617364188550879
2019-02-27 19:54:40,698 [MainThread  ][INFO ]  ---- Starting iteration 35/100
2019-02-27 19:54:40,699 [MainThread  ][DEBUG]  Regenerated CRAB frequencies: nuk=[ 0.17934273  0.06205489]
2019-02-27 19:54:40,699 [MainThread  ][DEBUG]  Setting hyperparameter tf=0.7525252525252525
2019-02-27 19:54:40,699 [MainThread  ][INFO ]  Starting optimization for tf=0.7525252525252525
2019-02-27 19:54:40,699 [MainThread  ][DEBUG]  Optimization method: Powell
2019-02-27 19:54:40,699 [MainThread  ][DEBUG]  Optimization options: None
2019-02-27 19:54:40,700 [MainThread  ][INFO ]  Initial parameter values: [ 0.81623465  0.90318082  0.68018195  0.07986869]
2019-02-27 19:55:03,882 [MainThread  ][INFO ]  Final fidelity: 0.8503370170088231
2019-02-27 19:55:03,894 [MainThread  ][INFO ]  Final parameters: [-115.74314156 -199.42788991  147.87435289  198.0608673 ]
2019-02-27 19:55:03,894 [MainThread  ][INFO ]  Fidelity: 0.8503370170088231
2019-02-27 19:55:03,894 [MainThread  ][INFO ]  ---- Starting iteration 36/100
2019-02-27 19:55:03,894 [MainThread  ][DEBUG]  Regenerated CRAB frequencies: nuk=[ 0.49332793  0.08338017]
2019-02-27 19:55:03,894 [MainThread  ][DEBUG]  Setting hyperparameter tf=0.7717171717171717
2019-02-27 19:55:03,895 [MainThread  ][INFO ]  Starting optimization for tf=0.7717171717171717
2019-02-27 19:55:03,895 [MainThread  ][DEBUG]  Optimization method: Powell
2019-02-27 19:55:03,895 [MainThread  ][DEBUG]  Optimization options: None
2019-02-27 19:55:03,895 [MainThread  ][INFO ]  Initial parameter values: [ 0.56019538  0.01761502  0.46446576 -0.17131832]
2019-02-27 19:55:24,772 [MainThread  ][INFO ]  Final fidelity: 0.8553868427493834
2019-02-27 19:55:24,773 [MainThread  ][INFO ]  Final parameters: [ 199.99999882 -128.25801653  199.99992176  199.99999141]
2019-02-27 19:55:24,773 [MainThread  ][INFO ]  Fidelity: 0.8553868427493834
2019-02-27 19:55:24,773 [MainThread  ][INFO ]  ---- Starting iteration 37/100
2019-02-27 19:55:24,773 [MainThread  ][DEBUG]  Regenerated CRAB frequencies: nuk=[ 0.25240497  0.04404031]
2019-02-27 19:55:24,774 [MainThread  ][DEBUG]  Setting hyperparameter tf=0.7909090909090909
2019-02-27 19:55:24,774 [MainThread  ][INFO ]  Starting optimization for tf=0.7909090909090909
2019-02-27 19:55:24,774 [MainThread  ][DEBUG]  Optimization method: Powell
2019-02-27 19:55:24,774 [MainThread  ][DEBUG]  Optimization options: None
2019-02-27 19:55:24,774 [MainThread  ][INFO ]  Initial parameter values: [-0.86894104  0.42028468  0.25940666 -0.87370497]
2019-02-27 19:55:42,911 [MainThread  ][INFO ]  Final fidelity: 0.8580417522234087
2019-02-27 19:55:42,911 [MainThread  ][INFO ]  Final parameters: [ -65.84302199 -197.8332453   199.99999983  199.99984745]
2019-02-27 19:55:42,912 [MainThread  ][INFO ]  Fidelity: 0.8580417522234087
2019-02-27 19:55:42,912 [MainThread  ][INFO ]  ---- Starting iteration 38/100
2019-02-27 19:55:42,912 [MainThread  ][DEBUG]  Regenerated CRAB frequencies: nuk=[ 0.37500247  0.11708996]
2019-02-27 19:55:42,912 [MainThread  ][DEBUG]  Setting hyperparameter tf=0.81010101010101
2019-02-27 19:55:42,912 [MainThread  ][INFO ]  Starting optimization for tf=0.81010101010101
2019-02-27 19:55:42,912 [MainThread  ][DEBUG]  Optimization method: Powell
2019-02-27 19:55:42,912 [MainThread  ][DEBUG]  Optimization options: None
2019-02-27 19:55:42,912 [MainThread  ][INFO ]  Initial parameter values: [ 0.57459705  0.6134168  -0.20020619 -0.48635805]
2019-02-27 19:56:04,561 [MainThread  ][INFO ]  Final fidelity: 0.8661814668294429
2019-02-27 19:56:04,562 [MainThread  ][INFO ]  Final parameters: [ 159.11804358   -0.97310693  199.99998081  177.96573899]
2019-02-27 19:56:04,562 [MainThread  ][INFO ]  Fidelity: 0.8661814668294429
2019-02-27 19:56:04,562 [MainThread  ][INFO ]  ---- Starting iteration 39/100
2019-02-27 19:56:04,562 [MainThread  ][DEBUG]  Regenerated CRAB frequencies: nuk=[ 0.118855   -0.09281705]
2019-02-27 19:56:04,562 [MainThread  ][DEBUG]  Setting hyperparameter tf=0.8292929292929292
2019-02-27 19:56:04,562 [MainThread  ][INFO ]  Starting optimization for tf=0.8292929292929292
2019-02-27 19:56:04,562 [MainThread  ][DEBUG]  Optimization method: Powell
2019-02-27 19:56:04,562 [MainThread  ][DEBUG]  Optimization options: None
2019-02-27 19:56:04,563 [MainThread  ][INFO ]  Initial parameter values: [ 0.96030956  0.94435917 -0.7413866   0.06265798]
2019-02-27 19:56:29,521 [MainThread  ][INFO ]  Final fidelity: 0.8436192893723171
2019-02-27 19:56:29,521 [MainThread  ][INFO ]  Final parameters: [ -82.25973337  179.23407918   26.68192154  -22.6926599 ]
2019-02-27 19:56:29,521 [MainThread  ][INFO ]  Fidelity: 0.8436192893723171
2019-02-27 19:56:29,521 [MainThread  ][INFO ]  ---- Starting iteration 40/100
2019-02-27 19:56:29,522 [MainThread  ][DEBUG]  Regenerated CRAB frequencies: nuk=[ 0.30397387  0.39279306]
2019-02-27 19:56:29,522 [MainThread  ][DEBUG]  Setting hyperparameter tf=0.8484848484848484
2019-02-27 19:56:29,522 [MainThread  ][INFO ]  Starting optimization for tf=0.8484848484848484
2019-02-27 19:56:29,522 [MainThread  ][DEBUG]  Optimization method: Powell
2019-02-27 19:56:29,522 [MainThread  ][DEBUG]  Optimization options: None
2019-02-27 19:56:29,522 [MainThread  ][INFO ]  Initial parameter values: [-0.78294071 -0.00150066 -0.4917097   0.47358646]
2019-02-27 19:56:57,356 [MainThread  ][INFO ]  Final fidelity: 0.8633679322281476
2019-02-27 19:56:57,357 [MainThread  ][INFO ]  Final parameters: [  32.68349172  143.50829973  162.58914367 -102.77212077]
2019-02-27 19:56:57,357 [MainThread  ][INFO ]  Fidelity: 0.8633679322281476
2019-02-27 19:56:57,357 [MainThread  ][INFO ]  ---- Starting iteration 41/100
2019-02-27 19:56:57,357 [MainThread  ][DEBUG]  Regenerated CRAB frequencies: nuk=[ 0.23032456 -0.45622357]
2019-02-27 19:56:57,357 [MainThread  ][DEBUG]  Setting hyperparameter tf=0.8676767676767676
2019-02-27 19:56:57,357 [MainThread  ][INFO ]  Starting optimization for tf=0.8676767676767676
2019-02-27 19:56:57,357 [MainThread  ][DEBUG]  Optimization method: Powell
2019-02-27 19:56:57,357 [MainThread  ][DEBUG]  Optimization options: None
2019-02-27 19:56:57,358 [MainThread  ][INFO ]  Initial parameter values: [-0.12120861  0.04198792 -0.39800203 -0.07527487]
2019-02-27 19:57:19,665 [MainThread  ][INFO ]  Final fidelity: 0.8739938107329324
2019-02-27 19:57:19,666 [MainThread  ][INFO ]  Final parameters: [  24.5271859   -63.84682322  178.58806828    3.59467008]
2019-02-27 19:57:19,666 [MainThread  ][INFO ]  Fidelity: 0.8739938107329324
2019-02-27 19:57:19,666 [MainThread  ][INFO ]  ---- Starting iteration 42/100
2019-02-27 19:57:19,666 [MainThread  ][DEBUG]  Regenerated CRAB frequencies: nuk=[-0.16816804 -0.30681833]
2019-02-27 19:57:19,666 [MainThread  ][DEBUG]  Setting hyperparameter tf=0.8868686868686868
2019-02-27 19:57:19,666 [MainThread  ][INFO ]  Starting optimization for tf=0.8868686868686868
2019-02-27 19:57:19,666 [MainThread  ][DEBUG]  Optimization method: Powell
2019-02-27 19:57:19,667 [MainThread  ][DEBUG]  Optimization options: None
2019-02-27 19:57:19,667 [MainThread  ][INFO ]  Initial parameter values: [ 0.65192669  0.05136188 -0.62831404  0.96860779]
2019-02-27 19:57:39,201 [MainThread  ][INFO ]  Final fidelity: 0.890871698792331
2019-02-27 19:57:39,201 [MainThread  ][INFO ]  Final parameters: [-199.60691762   48.3556854    -0.46615478    0.97083245]
2019-02-27 19:57:39,201 [MainThread  ][INFO ]  Fidelity: 0.890871698792331
2019-02-27 19:57:39,201 [MainThread  ][INFO ]  ---- Starting iteration 43/100
2019-02-27 19:57:39,202 [MainThread  ][DEBUG]  Regenerated CRAB frequencies: nuk=[ 0.36834105  0.34148867]
2019-02-27 19:57:39,202 [MainThread  ][DEBUG]  Setting hyperparameter tf=0.906060606060606
2019-02-27 19:57:39,202 [MainThread  ][INFO ]  Starting optimization for tf=0.906060606060606
2019-02-27 19:57:39,202 [MainThread  ][DEBUG]  Optimization method: Powell
2019-02-27 19:57:39,202 [MainThread  ][DEBUG]  Optimization options: None
2019-02-27 19:57:39,202 [MainThread  ][INFO ]  Initial parameter values: [ 0.65564754 -0.51627974  0.26885104  0.79507617]
2019-02-27 19:58:19,971 [MainThread  ][INFO ]  Final fidelity: 0.880200904637473
2019-02-27 19:58:19,985 [MainThread  ][INFO ]  Final parameters: [ 125.98924654   87.64972147  174.44151366  -41.2958986 ]
2019-02-27 19:58:19,985 [MainThread  ][INFO ]  Fidelity: 0.880200904637473
2019-02-27 19:58:19,985 [MainThread  ][INFO ]  ---- Starting iteration 44/100
2019-02-27 19:58:19,985 [MainThread  ][DEBUG]  Regenerated CRAB frequencies: nuk=[-0.39858824  0.01483791]
2019-02-27 19:58:19,986 [MainThread  ][DEBUG]  Setting hyperparameter tf=0.9252525252525252
2019-02-27 19:58:19,986 [MainThread  ][INFO ]  Starting optimization for tf=0.9252525252525252
2019-02-27 19:58:19,986 [MainThread  ][DEBUG]  Optimization method: Powell
2019-02-27 19:58:19,986 [MainThread  ][DEBUG]  Optimization options: None
2019-02-27 19:58:19,986 [MainThread  ][INFO ]  Initial parameter values: [-0.64137934  0.21652527 -0.12463884  0.48935155]
2019-02-27 20:01:21,597 [MainThread  ][INFO ]  Final fidelity: 0.8578717582714064
2019-02-27 20:01:21,607 [MainThread  ][INFO ]  Final parameters: [ -33.38317811 -104.35542712  -75.64830211  -82.03842251]
2019-02-27 20:01:21,608 [MainThread  ][INFO ]  Fidelity: 0.8578717582714064
2019-02-27 20:01:21,608 [MainThread  ][INFO ]  ---- Starting iteration 45/100
2019-02-27 20:01:21,608 [MainThread  ][DEBUG]  Regenerated CRAB frequencies: nuk=[-0.39753896  0.21414609]
2019-02-27 20:01:21,608 [MainThread  ][DEBUG]  Setting hyperparameter tf=0.9444444444444443
2019-02-27 20:01:21,608 [MainThread  ][INFO ]  Starting optimization for tf=0.9444444444444443
2019-02-27 20:01:21,608 [MainThread  ][DEBUG]  Optimization method: Powell
2019-02-27 20:01:21,609 [MainThread  ][DEBUG]  Optimization options: None
2019-02-27 20:01:21,609 [MainThread  ][INFO ]  Initial parameter values: [ 0.86648111 -0.94523554  0.79457973 -0.01809697]
2019-02-27 20:03:53,168 [MainThread  ][INFO ]  Final fidelity: 0.8507064401364696
2019-02-27 20:03:53,191 [MainThread  ][INFO ]  Final parameters: [  -8.53194975   94.02105958  -69.22097683  119.10825625]
2019-02-27 20:03:53,191 [MainThread  ][INFO ]  Fidelity: 0.8507064401364696
2019-02-27 20:03:53,191 [MainThread  ][INFO ]  ---- Starting iteration 46/100
2019-02-27 20:03:53,191 [MainThread  ][DEBUG]  Regenerated CRAB frequencies: nuk=[ 0.07448553  0.08769601]
2019-02-27 20:03:53,191 [MainThread  ][DEBUG]  Setting hyperparameter tf=0.9636363636363635
2019-02-27 20:03:53,192 [MainThread  ][INFO ]  Starting optimization for tf=0.9636363636363635
2019-02-27 20:03:53,192 [MainThread  ][DEBUG]  Optimization method: Powell
2019-02-27 20:03:53,192 [MainThread  ][DEBUG]  Optimization options: None
2019-02-27 20:03:53,192 [MainThread  ][INFO ]  Initial parameter values: [ 0.50584569  0.60347183 -0.11069123 -0.87558504]
2019-02-27 20:05:07,866 [MainThread  ][INFO ]  Final fidelity: 0.8805230733300414
2019-02-27 20:05:07,870 [MainThread  ][INFO ]  Final parameters: [ -92.31508624 -102.7810745    79.70160284   93.45331124]
2019-02-27 20:05:07,870 [MainThread  ][INFO ]  Fidelity: 0.8805230733300414
2019-02-27 20:05:07,870 [MainThread  ][INFO ]  ---- Starting iteration 47/100
2019-02-27 20:05:07,870 [MainThread  ][DEBUG]  Regenerated CRAB frequencies: nuk=[-0.15978202  0.47500144]
2019-02-27 20:05:07,870 [MainThread  ][DEBUG]  Setting hyperparameter tf=0.9828282828282827
2019-02-27 20:05:07,871 [MainThread  ][INFO ]  Starting optimization for tf=0.9828282828282827
2019-02-27 20:05:07,871 [MainThread  ][DEBUG]  Optimization method: Powell
2019-02-27 20:05:07,871 [MainThread  ][DEBUG]  Optimization options: None
2019-02-27 20:05:07,871 [MainThread  ][INFO ]  Initial parameter values: [ 0.26958534 -0.34054838  0.91066031 -0.3408408 ]
2019-02-27 20:06:59,625 [MainThread  ][INFO ]  Final fidelity: 0.9098999692108714
2019-02-27 20:06:59,630 [MainThread  ][INFO ]  Final parameters: [-197.77299877   -1.34054837    0.91500474   -0.34084443]
2019-02-27 20:06:59,630 [MainThread  ][INFO ]  Fidelity: 0.9098999692108714
2019-02-27 20:06:59,630 [MainThread  ][INFO ]  ---- Starting iteration 48/100
2019-02-27 20:06:59,630 [MainThread  ][DEBUG]  Regenerated CRAB frequencies: nuk=[ 0.16278957  0.17583231]
2019-02-27 20:06:59,630 [MainThread  ][DEBUG]  Setting hyperparameter tf=1.002020202020202
2019-02-27 20:06:59,631 [MainThread  ][INFO ]  Starting optimization for tf=1.002020202020202
2019-02-27 20:06:59,631 [MainThread  ][DEBUG]  Optimization method: Powell
2019-02-27 20:06:59,631 [MainThread  ][DEBUG]  Optimization options: None
2019-02-27 20:06:59,631 [MainThread  ][INFO ]  Initial parameter values: [-0.26193817 -0.10972081 -0.91327799  0.80522193]
2019-02-27 20:09:24,617 [MainThread  ][INFO ]  Final fidelity: 0.8937481398658745
2019-02-27 20:09:24,632 [MainThread  ][INFO ]  Final parameters: [ -47.04936624   67.11854142  120.97392956  132.08030186]
2019-02-27 20:09:24,632 [MainThread  ][INFO ]  Fidelity: 0.8937481398658745
2019-02-27 20:09:24,632 [MainThread  ][INFO ]  ---- Starting iteration 49/100
2019-02-27 20:09:24,632 [MainThread  ][DEBUG]  Regenerated CRAB frequencies: nuk=[ 0.14992685 -0.37698907]
2019-02-27 20:09:24,632 [MainThread  ][DEBUG]  Setting hyperparameter tf=1.0212121212121212
2019-02-27 20:09:24,633 [MainThread  ][INFO ]  Starting optimization for tf=1.0212121212121212
2019-02-27 20:09:24,633 [MainThread  ][DEBUG]  Optimization method: Powell
2019-02-27 20:09:24,633 [MainThread  ][DEBUG]  Optimization options: None
2019-02-27 20:09:24,633 [MainThread  ][INFO ]  Initial parameter values: [-0.17141079 -0.06278401 -0.58988495  0.70036374]
2019-02-27 20:13:43,504 [MainThread  ][INFO ]  Final fidelity: 0.8978416258282753
2019-02-27 20:13:43,516 [MainThread  ][INFO ]  Final parameters: [ -87.96323489   48.91654118  123.48064486    2.13808611]
2019-02-27 20:13:43,516 [MainThread  ][INFO ]  Fidelity: 0.8978416258282753
2019-02-27 20:13:43,516 [MainThread  ][INFO ]  ---- Starting iteration 50/100
2019-02-27 20:13:43,517 [MainThread  ][DEBUG]  Regenerated CRAB frequencies: nuk=[ 0.16549769  0.05625307]
2019-02-27 20:13:43,517 [MainThread  ][DEBUG]  Setting hyperparameter tf=1.0404040404040404
2019-02-27 20:13:43,517 [MainThread  ][INFO ]  Starting optimization for tf=1.0404040404040404
2019-02-27 20:13:43,517 [MainThread  ][DEBUG]  Optimization method: Powell
2019-02-27 20:13:43,517 [MainThread  ][DEBUG]  Optimization options: None
2019-02-27 20:13:43,518 [MainThread  ][INFO ]  Initial parameter values: [ 0.64392789  0.35203027  0.38683095 -0.70026622]
2019-02-27 20:14:59,808 [MainThread  ][INFO ]  Final fidelity: 0.8503599264901172
2019-02-27 20:14:59,812 [MainThread  ][INFO ]  Final parameters: [ -62.80438516 -147.66045749    4.35900872    8.53986024]
2019-02-27 20:14:59,812 [MainThread  ][INFO ]  Fidelity: 0.8503599264901172
2019-02-27 20:14:59,812 [MainThread  ][INFO ]  ---- Starting iteration 51/100
2019-02-27 20:14:59,812 [MainThread  ][DEBUG]  Regenerated CRAB frequencies: nuk=[-0.10161919  0.09810811]
2019-02-27 20:14:59,812 [MainThread  ][DEBUG]  Setting hyperparameter tf=1.0595959595959596
2019-02-27 20:14:59,812 [MainThread  ][INFO ]  Starting optimization for tf=1.0595959595959596
2019-02-27 20:14:59,813 [MainThread  ][DEBUG]  Optimization method: Powell
2019-02-27 20:14:59,813 [MainThread  ][DEBUG]  Optimization options: None
2019-02-27 20:14:59,813 [MainThread  ][INFO ]  Initial parameter values: [ 0.29145739  0.51933334  0.44313987  0.41861543]
2019-02-27 20:17:44,040 [MainThread  ][INFO ]  Final fidelity: 0.898150351192667
2019-02-27 20:17:44,041 [MainThread  ][INFO ]  Final parameters: [-141.06094371   49.3528075     0.66830717  102.20812333]
2019-02-27 20:17:44,041 [MainThread  ][INFO ]  Fidelity: 0.898150351192667
2019-02-27 20:17:44,041 [MainThread  ][INFO ]  ---- Starting iteration 52/100
2019-02-27 20:17:44,042 [MainThread  ][DEBUG]  Regenerated CRAB frequencies: nuk=[ 0.05632101 -0.40742859]
2019-02-27 20:17:44,042 [MainThread  ][DEBUG]  Setting hyperparameter tf=1.0787878787878789
2019-02-27 20:17:44,042 [MainThread  ][INFO ]  Starting optimization for tf=1.0787878787878789
2019-02-27 20:17:44,042 [MainThread  ][DEBUG]  Optimization method: Powell
2019-02-27 20:17:44,042 [MainThread  ][DEBUG]  Optimization options: None
2019-02-27 20:17:44,043 [MainThread  ][INFO ]  Initial parameter values: [-0.07355185  0.45639212  0.81043052  0.06092069]
2019-02-27 20:19:51,593 [MainThread  ][INFO ]  Final fidelity: 0.9119981155340264
2019-02-27 20:19:51,601 [MainThread  ][INFO ]  Final parameters: [ -89.23566275   15.27219401  102.5688509     1.30390564]
2019-02-27 20:19:51,601 [MainThread  ][INFO ]  Fidelity: 0.9119981155340264
2019-02-27 20:19:51,601 [MainThread  ][INFO ]  ---- Starting iteration 53/100
2019-02-27 20:19:51,602 [MainThread  ][DEBUG]  Regenerated CRAB frequencies: nuk=[ 0.34481494  0.48051403]
2019-02-27 20:19:51,602 [MainThread  ][DEBUG]  Setting hyperparameter tf=1.097979797979798
2019-02-27 20:19:51,602 [MainThread  ][INFO ]  Starting optimization for tf=1.097979797979798
2019-02-27 20:19:51,602 [MainThread  ][DEBUG]  Optimization method: Powell
2019-02-27 20:19:51,602 [MainThread  ][DEBUG]  Optimization options: None
2019-02-27 20:19:51,602 [MainThread  ][INFO ]  Initial parameter values: [ 0.51637914  0.38136482 -0.11322658 -0.48223195]
2019-02-27 20:27:48,180 [MainThread  ][INFO ]  Final fidelity: 0.852843998075709
2019-02-27 20:27:48,181 [MainThread  ][INFO ]  Final parameters: [ 84.89894229 -72.11431301  16.58113077 -27.56454508]
2019-02-27 20:27:48,181 [MainThread  ][INFO ]  Fidelity: 0.852843998075709
2019-02-27 20:27:48,181 [MainThread  ][INFO ]  ---- Starting iteration 54/100
2019-02-27 20:27:48,182 [MainThread  ][DEBUG]  Regenerated CRAB frequencies: nuk=[ 0.47569201 -0.13581372]
2019-02-27 20:27:48,182 [MainThread  ][DEBUG]  Setting hyperparameter tf=1.1171717171717173
2019-02-27 20:27:48,182 [MainThread  ][INFO ]  Starting optimization for tf=1.1171717171717173
2019-02-27 20:27:48,182 [MainThread  ][DEBUG]  Optimization method: Powell
2019-02-27 20:27:48,182 [MainThread  ][DEBUG]  Optimization options: None
2019-02-27 20:27:48,183 [MainThread  ][INFO ]  Initial parameter values: [ 0.78294014  0.54883825 -0.5188797   0.63660286]
2019-02-27 20:29:18,723 [MainThread  ][INFO ]  Final fidelity: 0.8824371900686812
2019-02-27 20:29:18,724 [MainThread  ][INFO ]  Final parameters: [ 90.72310614   1.48106725  49.5285436    0.47754922]
2019-02-27 20:29:18,724 [MainThread  ][INFO ]  Fidelity: 0.8824371900686812
2019-02-27 20:29:18,725 [MainThread  ][INFO ]  ---- Starting iteration 55/100
2019-02-27 20:29:18,725 [MainThread  ][DEBUG]  Regenerated CRAB frequencies: nuk=[ 0.32170706  0.34547536]
2019-02-27 20:29:18,725 [MainThread  ][DEBUG]  Setting hyperparameter tf=1.1363636363636365
2019-02-27 20:29:18,725 [MainThread  ][INFO ]  Starting optimization for tf=1.1363636363636365
2019-02-27 20:29:18,725 [MainThread  ][DEBUG]  Optimization method: Powell
2019-02-27 20:29:18,725 [MainThread  ][DEBUG]  Optimization options: None
2019-02-27 20:29:18,726 [MainThread  ][INFO ]  Initial parameter values: [-0.92168186  0.81042618 -0.1128488  -0.59089263]
2019-02-27 20:30:57,134 [MainThread  ][INFO ]  Final fidelity: 0.9136466741790008
2019-02-27 20:30:57,144 [MainThread  ][INFO ]  Final parameters: [  51.7101329    51.75005992  126.40350894  -20.23181993]
2019-02-27 20:30:57,144 [MainThread  ][INFO ]  Fidelity: 0.9136466741790008
2019-02-27 20:30:57,144 [MainThread  ][INFO ]  ---- Starting iteration 56/100
2019-02-27 20:30:57,144 [MainThread  ][DEBUG]  Regenerated CRAB frequencies: nuk=[-0.27310225 -0.37232712]
2019-02-27 20:30:57,144 [MainThread  ][DEBUG]  Setting hyperparameter tf=1.1555555555555557
2019-02-27 20:30:57,144 [MainThread  ][INFO ]  Starting optimization for tf=1.1555555555555557
2019-02-27 20:30:57,144 [MainThread  ][DEBUG]  Optimization method: Powell
2019-02-27 20:30:57,145 [MainThread  ][DEBUG]  Optimization options: None
2019-02-27 20:30:57,145 [MainThread  ][INFO ]  Initial parameter values: [ 0.0962974   0.45005859 -0.18416719  0.43343666]
2019-02-27 20:34:18,845 [MainThread  ][INFO ]  Final fidelity: 0.9335854747627295
2019-02-27 20:34:18,860 [MainThread  ][INFO ]  Final parameters: [-114.1909519   -33.92649558  -22.13498098   20.41462265]
2019-02-27 20:34:18,860 [MainThread  ][INFO ]  Fidelity: 0.9335854747627295
2019-02-27 20:34:18,860 [MainThread  ][INFO ]  ---- Starting iteration 57/100
2019-02-27 20:34:18,860 [MainThread  ][DEBUG]  Regenerated CRAB frequencies: nuk=[ 0.13222248 -0.38385693]
2019-02-27 20:34:18,860 [MainThread  ][DEBUG]  Setting hyperparameter tf=1.1747474747474747
2019-02-27 20:34:18,860 [MainThread  ][INFO ]  Starting optimization for tf=1.1747474747474747
2019-02-27 20:34:18,861 [MainThread  ][DEBUG]  Optimization method: Powell
2019-02-27 20:34:18,861 [MainThread  ][DEBUG]  Optimization options: None
2019-02-27 20:34:18,861 [MainThread  ][INFO ]  Initial parameter values: [-0.41719535  0.45251868 -0.33340633  0.48696516]
2019-02-27 20:38:02,026 [MainThread  ][INFO ]  Final fidelity: 0.9198366455254896
2019-02-27 20:38:02,031 [MainThread  ][INFO ]  Final parameters: [-59.52929205  30.99749178  93.07975165   0.52443354]
2019-02-27 20:38:02,031 [MainThread  ][INFO ]  Fidelity: 0.9198366455254896
2019-02-27 20:38:02,031 [MainThread  ][INFO ]  ---- Starting iteration 58/100
2019-02-27 20:38:02,033 [MainThread  ][DEBUG]  Regenerated CRAB frequencies: nuk=[ 0.01370819  0.20408848]
2019-02-27 20:38:02,033 [MainThread  ][DEBUG]  Setting hyperparameter tf=1.1939393939393939
2019-02-27 20:38:02,033 [MainThread  ][INFO ]  Starting optimization for tf=1.1939393939393939
2019-02-27 20:38:02,033 [MainThread  ][DEBUG]  Optimization method: Powell
2019-02-27 20:38:02,033 [MainThread  ][DEBUG]  Optimization options: None
2019-02-27 20:38:02,033 [MainThread  ][INFO ]  Initial parameter values: [ 0.57393857 -0.45041681 -0.24479449 -0.38300247]
2019-02-27 20:39:45,286 [MainThread  ][INFO ]  Final fidelity: 0.8775094225208956
2019-02-27 20:39:45,290 [MainThread  ][INFO ]  Final parameters: [ -58.30494915  115.95621923    0.36463051   27.25746183]
2019-02-27 20:39:45,290 [MainThread  ][INFO ]  Fidelity: 0.8775094225208956
2019-02-27 20:39:45,290 [MainThread  ][INFO ]  ---- Starting iteration 59/100
2019-02-27 20:39:45,290 [MainThread  ][DEBUG]  Regenerated CRAB frequencies: nuk=[ 0.25681991 -0.44617693]
2019-02-27 20:39:45,291 [MainThread  ][DEBUG]  Setting hyperparameter tf=1.213131313131313
2019-02-27 20:39:45,291 [MainThread  ][INFO ]  Starting optimization for tf=1.213131313131313
2019-02-27 20:39:45,291 [MainThread  ][DEBUG]  Optimization method: Powell
2019-02-27 20:39:45,291 [MainThread  ][DEBUG]  Optimization options: None
2019-02-27 20:39:45,291 [MainThread  ][INFO ]  Initial parameter values: [ 0.02528538  0.78614577  0.67183846  0.33294575]
2019-02-27 20:41:51,176 [MainThread  ][INFO ]  Final fidelity: 0.9167843135869083
2019-02-27 20:41:51,181 [MainThread  ][INFO ]  Final parameters: [-25.14225792  15.20393232  85.13917888  26.69227568]
2019-02-27 20:41:51,181 [MainThread  ][INFO ]  Fidelity: 0.9167843135869083
2019-02-27 20:41:51,181 [MainThread  ][INFO ]  ---- Starting iteration 60/100
2019-02-27 20:41:51,181 [MainThread  ][DEBUG]  Regenerated CRAB frequencies: nuk=[-0.39104643  0.38850063]
2019-02-27 20:41:51,181 [MainThread  ][DEBUG]  Setting hyperparameter tf=1.2323232323232323
2019-02-27 20:41:51,181 [MainThread  ][INFO ]  Starting optimization for tf=1.2323232323232323
2019-02-27 20:41:51,181 [MainThread  ][DEBUG]  Optimization method: Powell
2019-02-27 20:41:51,181 [MainThread  ][DEBUG]  Optimization options: None
2019-02-27 20:41:51,182 [MainThread  ][INFO ]  Initial parameter values: [-0.33838479  0.9194839  -0.60356183 -0.18853804]
2019-02-27 20:44:19,618 [MainThread  ][INFO ]  Final fidelity: 0.8726894566214404
2019-02-27 20:44:19,639 [MainThread  ][INFO ]  Final parameters: [ -7.70186087  56.43857492 -29.97079813 -57.02355087]
2019-02-27 20:44:19,640 [MainThread  ][INFO ]  Fidelity: 0.8726894566214404
2019-02-27 20:44:19,640 [MainThread  ][INFO ]  ---- Starting iteration 61/100
2019-02-27 20:44:19,640 [MainThread  ][DEBUG]  Regenerated CRAB frequencies: nuk=[-0.24306887  0.37140042]
2019-02-27 20:44:19,640 [MainThread  ][DEBUG]  Setting hyperparameter tf=1.2515151515151515
2019-02-27 20:44:19,640 [MainThread  ][INFO ]  Starting optimization for tf=1.2515151515151515
2019-02-27 20:44:19,640 [MainThread  ][DEBUG]  Optimization method: Powell
2019-02-27 20:44:19,640 [MainThread  ][DEBUG]  Optimization options: None
2019-02-27 20:44:19,641 [MainThread  ][INFO ]  Initial parameter values: [ 0.60875751  0.10253986  0.52127491  0.24475596]
2019-02-27 20:47:18,551 [MainThread  ][INFO ]  Final fidelity: 0.9508393721286597
2019-02-27 20:47:18,560 [MainThread  ][INFO ]  Final parameters: [-105.01125839   39.71477991  -15.2046313   -19.8055744 ]
2019-02-27 20:47:18,560 [MainThread  ][INFO ]  Fidelity: 0.9508393721286597
2019-02-27 20:47:18,560 [MainThread  ][INFO ]  ---- Starting iteration 62/100
2019-02-27 20:47:18,560 [MainThread  ][DEBUG]  Regenerated CRAB frequencies: nuk=[-0.12223974  0.23524538]
2019-02-27 20:47:18,560 [MainThread  ][DEBUG]  Setting hyperparameter tf=1.2707070707070707
2019-02-27 20:47:18,561 [MainThread  ][INFO ]  Starting optimization for tf=1.2707070707070707
2019-02-27 20:47:18,561 [MainThread  ][DEBUG]  Optimization method: Powell
2019-02-27 20:47:18,561 [MainThread  ][DEBUG]  Optimization options: None
2019-02-27 20:47:18,561 [MainThread  ][INFO ]  Initial parameter values: [ 0.08692764 -0.51335327  0.39661893  0.874045  ]
2019-02-27 20:49:13,357 [MainThread  ][INFO ]  Final fidelity: 0.919295471248847
2019-02-27 20:49:13,367 [MainThread  ][INFO ]  Final parameters: [-85.09414211  63.82584369   0.44009794   0.87403391]
2019-02-27 20:49:13,367 [MainThread  ][INFO ]  Fidelity: 0.919295471248847
2019-02-27 20:49:13,367 [MainThread  ][INFO ]  ---- Starting iteration 63/100
2019-02-27 20:49:13,368 [MainThread  ][DEBUG]  Regenerated CRAB frequencies: nuk=[-0.01293084 -0.10800667]
2019-02-27 20:49:13,368 [MainThread  ][DEBUG]  Setting hyperparameter tf=1.2898989898989899
2019-02-27 20:49:13,368 [MainThread  ][INFO ]  Starting optimization for tf=1.2898989898989899
2019-02-27 20:49:13,368 [MainThread  ][DEBUG]  Optimization method: Powell
2019-02-27 20:49:13,368 [MainThread  ][DEBUG]  Optimization options: None
2019-02-27 20:49:13,369 [MainThread  ][INFO ]  Initial parameter values: [-0.25725395  0.8848159   0.63043818  0.46833148]
2019-02-27 20:51:49,864 [MainThread  ][INFO ]  Final fidelity: 0.9294078562543432
2019-02-27 20:51:49,865 [MainThread  ][INFO ]  Final parameters: [ -4.87306780e+01   2.43911453e+00   6.71800234e+01  -1.69600767e-02]
2019-02-27 20:51:49,865 [MainThread  ][INFO ]  Fidelity: 0.9294078562543432
2019-02-27 20:51:49,865 [MainThread  ][INFO ]  ---- Starting iteration 64/100
2019-02-27 20:51:49,866 [MainThread  ][DEBUG]  Regenerated CRAB frequencies: nuk=[-0.43191199  0.49181703]
2019-02-27 20:51:49,866 [MainThread  ][DEBUG]  Setting hyperparameter tf=1.309090909090909
2019-02-27 20:51:49,866 [MainThread  ][INFO ]  Starting optimization for tf=1.309090909090909
2019-02-27 20:51:49,866 [MainThread  ][DEBUG]  Optimization method: Powell
2019-02-27 20:51:49,866 [MainThread  ][DEBUG]  Optimization options: None
2019-02-27 20:51:49,866 [MainThread  ][INFO ]  Initial parameter values: [ 0.54734471  0.21110818 -0.58267702 -0.98395209]
2019-02-27 20:54:05,829 [MainThread  ][INFO ]  Final fidelity: 0.8711627994553208
2019-02-27 20:54:05,843 [MainThread  ][INFO ]  Final parameters: [ -0.69342051 -51.62210333 -30.94366234 -56.38500405]
2019-02-27 20:54:05,844 [MainThread  ][INFO ]  Fidelity: 0.8711627994553208
2019-02-27 20:54:05,844 [MainThread  ][INFO ]  ---- Starting iteration 65/100
2019-02-27 20:54:05,844 [MainThread  ][DEBUG]  Regenerated CRAB frequencies: nuk=[-0.35582993 -0.28160998]
2019-02-27 20:54:05,844 [MainThread  ][DEBUG]  Setting hyperparameter tf=1.3282828282828283
2019-02-27 20:54:05,844 [MainThread  ][INFO ]  Starting optimization for tf=1.3282828282828283
2019-02-27 20:54:05,844 [MainThread  ][DEBUG]  Optimization method: Powell
2019-02-27 20:54:05,845 [MainThread  ][DEBUG]  Optimization options: None
2019-02-27 20:54:05,845 [MainThread  ][INFO ]  Initial parameter values: [ 0.25745656 -0.75195127 -0.90796344  0.06407193]
2019-02-27 20:56:30,735 [MainThread  ][INFO ]  Final fidelity: 0.9348445817427158
2019-02-27 20:56:30,757 [MainThread  ][INFO ]  Final parameters: [-31.53381981  48.76048953 -27.31605518  18.27384417]
2019-02-27 20:56:30,758 [MainThread  ][INFO ]  Fidelity: 0.9348445817427158
2019-02-27 20:56:30,758 [MainThread  ][INFO ]  ---- Starting iteration 66/100
2019-02-27 20:56:30,758 [MainThread  ][DEBUG]  Regenerated CRAB frequencies: nuk=[-0.11470879  0.35978162]
2019-02-27 20:56:30,758 [MainThread  ][DEBUG]  Setting hyperparameter tf=1.3474747474747475
2019-02-27 20:56:30,758 [MainThread  ][INFO ]  Starting optimization for tf=1.3474747474747475
2019-02-27 20:56:30,758 [MainThread  ][DEBUG]  Optimization method: Powell
2019-02-27 20:56:30,758 [MainThread  ][DEBUG]  Optimization options: None
2019-02-27 20:56:30,759 [MainThread  ][INFO ]  Initial parameter values: [-0.41000396  0.72700665  0.20208071 -0.04929165]
2019-02-27 20:59:31,544 [MainThread  ][INFO ]  Final fidelity: 0.954636870831356
2019-02-27 20:59:31,551 [MainThread  ][INFO ]  Final parameters: [-70.78046788  52.9726673   28.67510268 -21.86946979]
2019-02-27 20:59:31,552 [MainThread  ][INFO ]  Fidelity: 0.954636870831356
2019-02-27 20:59:31,552 [MainThread  ][INFO ]  ---- Starting iteration 67/100
2019-02-27 20:59:31,552 [MainThread  ][DEBUG]  Regenerated CRAB frequencies: nuk=[-0.2712754  -0.20514595]
2019-02-27 20:59:31,552 [MainThread  ][DEBUG]  Setting hyperparameter tf=1.3666666666666667
2019-02-27 20:59:31,552 [MainThread  ][INFO ]  Starting optimization for tf=1.3666666666666667
2019-02-27 20:59:31,552 [MainThread  ][DEBUG]  Optimization method: Powell
2019-02-27 20:59:31,552 [MainThread  ][DEBUG]  Optimization options: None
2019-02-27 20:59:31,553 [MainThread  ][INFO ]  Initial parameter values: [ 0.5437118  -0.14829022 -0.32292378  0.85735607]
2019-02-27 21:04:17,101 [MainThread  ][INFO ]  Final fidelity: 0.9732543904137316
2019-02-27 21:04:17,127 [MainThread  ][INFO ]  Final parameters: [-99.36400943   0.62541412 -26.93816707 -23.66768085]
2019-02-27 21:04:17,127 [MainThread  ][INFO ]  Fidelity: 0.9732543904137316
2019-02-27 21:04:17,128 [MainThread  ][INFO ]  ---- Starting iteration 68/100
2019-02-27 21:04:17,128 [MainThread  ][DEBUG]  Regenerated CRAB frequencies: nuk=[-0.2099325   0.34557119]
2019-02-27 21:04:17,128 [MainThread  ][DEBUG]  Setting hyperparameter tf=1.385858585858586
2019-02-27 21:04:17,128 [MainThread  ][INFO ]  Starting optimization for tf=1.385858585858586
2019-02-27 21:04:17,128 [MainThread  ][DEBUG]  Optimization method: Powell
2019-02-27 21:04:17,128 [MainThread  ][DEBUG]  Optimization options: None
2019-02-27 21:04:17,129 [MainThread  ][INFO ]  Initial parameter values: [-0.55066411  0.00470912  0.85363971  0.88014976]
2019-02-27 21:05:44,837 [MainThread  ][INFO ]  Final fidelity: 0.9730046657812724
2019-02-27 21:05:44,838 [MainThread  ][INFO ]  Final parameters: [-90.07796093  46.1441337    1.88822657   0.87998106]
2019-02-27 21:05:44,838 [MainThread  ][INFO ]  Fidelity: 0.9730046657812724
2019-02-27 21:05:44,838 [MainThread  ][INFO ]  ---- Starting iteration 69/100
2019-02-27 21:05:44,838 [MainThread  ][DEBUG]  Regenerated CRAB frequencies: nuk=[-0.3381736  -0.37335854]
2019-02-27 21:05:44,838 [MainThread  ][DEBUG]  Setting hyperparameter tf=1.405050505050505
2019-02-27 21:05:44,839 [MainThread  ][INFO ]  Starting optimization for tf=1.405050505050505
2019-02-27 21:05:44,839 [MainThread  ][DEBUG]  Optimization method: Powell
2019-02-27 21:05:44,839 [MainThread  ][DEBUG]  Optimization options: None
2019-02-27 21:05:44,839 [MainThread  ][INFO ]  Initial parameter values: [-0.65586368 -0.06241782 -0.35384875 -0.396375  ]
2019-02-27 21:07:52,550 [MainThread  ][INFO ]  Final fidelity: 0.9519288127107703
2019-02-27 21:07:52,596 [MainThread  ][INFO ]  Final parameters: [-41.65998538 -32.52493015  -7.34453118  43.82507064]
2019-02-27 21:07:52,596 [MainThread  ][INFO ]  Fidelity: 0.9519288127107703
2019-02-27 21:07:52,596 [MainThread  ][INFO ]  ---- Starting iteration 70/100
2019-02-27 21:07:52,596 [MainThread  ][DEBUG]  Regenerated CRAB frequencies: nuk=[-0.03179317  0.30884471]
2019-02-27 21:07:52,596 [MainThread  ][DEBUG]  Setting hyperparameter tf=1.4242424242424243
2019-02-27 21:07:52,596 [MainThread  ][INFO ]  Starting optimization for tf=1.4242424242424243
2019-02-27 21:07:52,597 [MainThread  ][DEBUG]  Optimization method: Powell
2019-02-27 21:07:52,597 [MainThread  ][DEBUG]  Optimization options: None
2019-02-27 21:07:52,597 [MainThread  ][INFO ]  Initial parameter values: [-0.15723404 -0.56393642 -0.65855883  0.21939647]
2019-02-27 21:09:06,826 [MainThread  ][INFO ]  Final fidelity: 0.906964125268885
2019-02-27 21:09:06,844 [MainThread  ][INFO ]  Final parameters: [-37.21925437  70.91877726   4.48512036 -15.3395943 ]
2019-02-27 21:09:06,844 [MainThread  ][INFO ]  Fidelity: 0.906964125268885
2019-02-27 21:09:06,844 [MainThread  ][INFO ]  ---- Starting iteration 71/100
2019-02-27 21:09:06,844 [MainThread  ][DEBUG]  Regenerated CRAB frequencies: nuk=[ 0.40503394  0.44643689]
2019-02-27 21:09:06,844 [MainThread  ][DEBUG]  Setting hyperparameter tf=1.4434343434343435
2019-02-27 21:09:06,844 [MainThread  ][INFO ]  Starting optimization for tf=1.4434343434343435
2019-02-27 21:09:06,844 [MainThread  ][DEBUG]  Optimization method: Powell
2019-02-27 21:09:06,845 [MainThread  ][DEBUG]  Optimization options: None
2019-02-27 21:09:06,845 [MainThread  ][INFO ]  Initial parameter values: [-0.31762627 -0.8581256  -0.22246975  0.16422426]
2019-02-27 21:12:43,103 [MainThread  ][INFO ]  Final fidelity: 0.9363116898200107
2019-02-27 21:12:43,104 [MainThread  ][INFO ]  Final parameters: [ 51.62102163  14.14908201  38.60613228 -53.23292245]
2019-02-27 21:12:43,105 [MainThread  ][INFO ]  Fidelity: 0.9363116898200107
2019-02-27 21:12:43,105 [MainThread  ][INFO ]  ---- Starting iteration 72/100
2019-02-27 21:12:43,105 [MainThread  ][DEBUG]  Regenerated CRAB frequencies: nuk=[ 0.45148487  0.26642906]
2019-02-27 21:12:43,105 [MainThread  ][DEBUG]  Setting hyperparameter tf=1.4626262626262627
2019-02-27 21:12:43,105 [MainThread  ][INFO ]  Starting optimization for tf=1.4626262626262627
2019-02-27 21:12:43,105 [MainThread  ][DEBUG]  Optimization method: Powell
2019-02-27 21:12:43,105 [MainThread  ][DEBUG]  Optimization options: None
2019-02-27 21:12:43,106 [MainThread  ][INFO ]  Initial parameter values: [-0.8591683  -0.3935274  -0.40806876 -0.60177727]
2019-02-27 21:15:22,677 [MainThread  ][INFO ]  Final fidelity: 0.9511831621182715
2019-02-27 21:15:22,679 [MainThread  ][INFO ]  Final parameters: [ 77.47310262  56.22139696  28.52555432  -6.33954391]
2019-02-27 21:15:22,679 [MainThread  ][INFO ]  Fidelity: 0.9511831621182715
2019-02-27 21:15:22,679 [MainThread  ][INFO ]  ---- Starting iteration 73/100
2019-02-27 21:15:22,679 [MainThread  ][DEBUG]  Regenerated CRAB frequencies: nuk=[-0.40578819 -0.38663754]
2019-02-27 21:15:22,679 [MainThread  ][DEBUG]  Setting hyperparameter tf=1.481818181818182
2019-02-27 21:15:22,679 [MainThread  ][INFO ]  Starting optimization for tf=1.481818181818182
2019-02-27 21:15:22,680 [MainThread  ][DEBUG]  Optimization method: Powell
2019-02-27 21:15:22,680 [MainThread  ][DEBUG]  Optimization options: None
2019-02-27 21:15:22,680 [MainThread  ][INFO ]  Initial parameter values: [-0.46573072  0.01062083  0.96828849 -0.33067345]
2019-02-27 21:17:05,060 [MainThread  ][INFO ]  Final fidelity: 0.9630424522794092
2019-02-27 21:17:05,061 [MainThread  ][INFO ]  Final parameters: [-29.14732523 -22.48222541 -10.99622308  43.48178527]
2019-02-27 21:17:05,061 [MainThread  ][INFO ]  Fidelity: 0.9630424522794092
2019-02-27 21:17:05,061 [MainThread  ][INFO ]  ---- Starting iteration 74/100
2019-02-27 21:17:05,062 [MainThread  ][DEBUG]  Regenerated CRAB frequencies: nuk=[ 0.01787301 -0.18876227]
2019-02-27 21:17:05,062 [MainThread  ][DEBUG]  Setting hyperparameter tf=1.501010101010101
2019-02-27 21:17:05,062 [MainThread  ][INFO ]  Starting optimization for tf=1.501010101010101
2019-02-27 21:17:05,062 [MainThread  ][DEBUG]  Optimization method: Powell
2019-02-27 21:17:05,062 [MainThread  ][DEBUG]  Optimization options: None
2019-02-27 21:17:05,062 [MainThread  ][INFO ]  Initial parameter values: [ 0.08759229  0.2361509  -0.3372246   0.29792386]
2019-02-27 21:19:27,281 [MainThread  ][INFO ]  Final fidelity: 0.943382569623328
2019-02-27 21:19:27,295 [MainThread  ][INFO ]  Final parameters: [-22.07819832  29.69204087  25.36790519  -1.17453848]
2019-02-27 21:19:27,296 [MainThread  ][INFO ]  Fidelity: 0.943382569623328
2019-02-27 21:19:27,296 [MainThread  ][INFO ]  ---- Starting iteration 75/100
2019-02-27 21:19:27,296 [MainThread  ][DEBUG]  Regenerated CRAB frequencies: nuk=[ 0.29745801  0.4422781 ]
2019-02-27 21:19:27,296 [MainThread  ][DEBUG]  Setting hyperparameter tf=1.52020202020202
2019-02-27 21:19:27,296 [MainThread  ][INFO ]  Starting optimization for tf=1.52020202020202
2019-02-27 21:19:27,296 [MainThread  ][DEBUG]  Optimization method: Powell
2019-02-27 21:19:27,296 [MainThread  ][DEBUG]  Optimization options: None
2019-02-27 21:19:27,297 [MainThread  ][INFO ]  Initial parameter values: [-0.65234892 -0.26039678  0.3771737  -0.85471769]
2019-02-27 21:21:21,155 [MainThread  ][INFO ]  Final fidelity: 0.9249252410758506
2019-02-27 21:21:21,156 [MainThread  ][INFO ]  Final parameters: [  0.82945921 -11.7329162   48.21038142 -25.5044307 ]
2019-02-27 21:21:21,157 [MainThread  ][INFO ]  Fidelity: 0.9249252410758506
2019-02-27 21:21:21,157 [MainThread  ][INFO ]  ---- Starting iteration 76/100
2019-02-27 21:21:21,157 [MainThread  ][DEBUG]  Regenerated CRAB frequencies: nuk=[-0.37268956 -0.12375338]
2019-02-27 21:21:21,157 [MainThread  ][DEBUG]  Setting hyperparameter tf=1.5393939393939393
2019-02-27 21:21:21,157 [MainThread  ][INFO ]  Starting optimization for tf=1.5393939393939393
2019-02-27 21:21:21,157 [MainThread  ][DEBUG]  Optimization method: Powell
2019-02-27 21:21:21,157 [MainThread  ][DEBUG]  Optimization options: None
2019-02-27 21:21:21,158 [MainThread  ][INFO ]  Initial parameter values: [ 0.00686919  0.5368392   0.18474666 -0.74354243]
2019-02-27 21:23:54,177 [MainThread  ][INFO ]  Final fidelity: 0.9118662303084362
2019-02-27 21:23:54,187 [MainThread  ][INFO ]  Final parameters: [ -7.55473999  52.29774173  -5.97987216  -5.48810121]
2019-02-27 21:23:54,188 [MainThread  ][INFO ]  Fidelity: 0.9118662303084362
2019-02-27 21:23:54,188 [MainThread  ][INFO ]  ---- Starting iteration 77/100
2019-02-27 21:23:54,188 [MainThread  ][DEBUG]  Regenerated CRAB frequencies: nuk=[-0.38103283  0.25435351]
2019-02-27 21:23:54,188 [MainThread  ][DEBUG]  Setting hyperparameter tf=1.5585858585858585
2019-02-27 21:23:54,188 [MainThread  ][INFO ]  Starting optimization for tf=1.5585858585858585
2019-02-27 21:23:54,188 [MainThread  ][DEBUG]  Optimization method: Powell
2019-02-27 21:23:54,189 [MainThread  ][DEBUG]  Optimization options: None
2019-02-27 21:23:54,189 [MainThread  ][INFO ]  Initial parameter values: [ 0.98762523  0.87294541  0.83113472 -0.18847649]
2019-02-27 21:26:21,576 [MainThread  ][INFO ]  Final fidelity: 0.8995379584438362
2019-02-27 21:26:21,599 [MainThread  ][INFO ]  Final parameters: [ -5.28847058  33.52775357 -15.65494545  33.35851822]
2019-02-27 21:26:21,600 [MainThread  ][INFO ]  Fidelity: 0.8995379584438362
2019-02-27 21:26:21,600 [MainThread  ][INFO ]  ---- Starting iteration 78/100
2019-02-27 21:26:21,600 [MainThread  ][DEBUG]  Regenerated CRAB frequencies: nuk=[ 0.43272463  0.37602586]
2019-02-27 21:26:21,600 [MainThread  ][DEBUG]  Setting hyperparameter tf=1.5777777777777777
2019-02-27 21:26:21,600 [MainThread  ][INFO ]  Starting optimization for tf=1.5777777777777777
2019-02-27 21:26:21,600 [MainThread  ][DEBUG]  Optimization method: Powell
2019-02-27 21:26:21,601 [MainThread  ][DEBUG]  Optimization options: None
2019-02-27 21:26:21,601 [MainThread  ][INFO ]  Initial parameter values: [ 0.13417003 -0.88251097 -0.2599137  -0.63185528]
2019-02-27 21:29:02,747 [MainThread  ][INFO ]  Final fidelity: 0.9481899729525372
2019-02-27 21:29:02,752 [MainThread  ][INFO ]  Final parameters: [ 44.39882148  33.8849182   25.39459782 -34.24262474]
2019-02-27 21:29:02,752 [MainThread  ][INFO ]  Fidelity: 0.9481899729525372
2019-02-27 21:29:02,752 [MainThread  ][INFO ]  ---- Starting iteration 79/100
2019-02-27 21:29:02,752 [MainThread  ][DEBUG]  Regenerated CRAB frequencies: nuk=[-0.44011088  0.37866411]
2019-02-27 21:29:02,752 [MainThread  ][DEBUG]  Setting hyperparameter tf=1.596969696969697
2019-02-27 21:29:02,753 [MainThread  ][INFO ]  Starting optimization for tf=1.596969696969697
2019-02-27 21:29:02,753 [MainThread  ][DEBUG]  Optimization method: Powell
2019-02-27 21:29:02,753 [MainThread  ][DEBUG]  Optimization options: None
2019-02-27 21:29:02,753 [MainThread  ][INFO ]  Initial parameter values: [-0.64942135 -0.93422374 -0.84319542  0.99345506]
2019-02-27 21:31:29,441 [MainThread  ][INFO ]  Final fidelity: 0.895685676592729
2019-02-27 21:31:29,456 [MainThread  ][INFO ]  Final parameters: [ -0.76101303  35.81036483 -14.56964194 -27.2518419 ]
2019-02-27 21:31:29,456 [MainThread  ][INFO ]  Fidelity: 0.895685676592729
2019-02-27 21:31:29,456 [MainThread  ][INFO ]  ---- Starting iteration 80/100
2019-02-27 21:31:29,456 [MainThread  ][DEBUG]  Regenerated CRAB frequencies: nuk=[ 0.29147874  0.49085224]
2019-02-27 21:31:29,456 [MainThread  ][DEBUG]  Setting hyperparameter tf=1.6161616161616161
2019-02-27 21:31:29,456 [MainThread  ][INFO ]  Starting optimization for tf=1.6161616161616161
2019-02-27 21:31:29,456 [MainThread  ][DEBUG]  Optimization method: Powell
2019-02-27 21:31:29,456 [MainThread  ][DEBUG]  Optimization options: None
2019-02-27 21:31:29,457 [MainThread  ][INFO ]  Initial parameter values: [ 0.37903093  0.83917615 -0.42536627 -0.49218934]
2019-02-27 21:33:58,007 [MainThread  ][INFO ]  Final fidelity: 0.9199261908806118
2019-02-27 21:33:58,036 [MainThread  ][INFO ]  Final parameters: [ -1.13706411 -33.47220544  26.09179417 -17.18263798]
2019-02-27 21:33:58,036 [MainThread  ][INFO ]  Fidelity: 0.9199261908806118
2019-02-27 21:33:58,036 [MainThread  ][INFO ]  ---- Starting iteration 81/100
2019-02-27 21:33:58,036 [MainThread  ][DEBUG]  Regenerated CRAB frequencies: nuk=[ 0.31758275  0.46270136]
2019-02-27 21:33:58,036 [MainThread  ][DEBUG]  Setting hyperparameter tf=1.6353535353535353
2019-02-27 21:33:58,037 [MainThread  ][INFO ]  Starting optimization for tf=1.6353535353535353
2019-02-27 21:33:58,037 [MainThread  ][DEBUG]  Optimization method: Powell
2019-02-27 21:33:58,037 [MainThread  ][DEBUG]  Optimization options: None
2019-02-27 21:33:58,037 [MainThread  ][INFO ]  Initial parameter values: [-0.52373112 -0.22103867 -0.71099679  0.03752866]
2019-02-27 21:36:06,701 [MainThread  ][INFO ]  Final fidelity: 0.9540660256944037
2019-02-27 21:36:06,707 [MainThread  ][INFO ]  Final parameters: [ 22.09034147  -9.91648776  40.52560869 -17.59462182]
2019-02-27 21:36:06,708 [MainThread  ][INFO ]  Fidelity: 0.9540660256944037
2019-02-27 21:36:06,708 [MainThread  ][INFO ]  ---- Starting iteration 82/100
2019-02-27 21:36:06,708 [MainThread  ][DEBUG]  Regenerated CRAB frequencies: nuk=[ 0.44157623 -0.12403385]
2019-02-27 21:36:06,708 [MainThread  ][DEBUG]  Setting hyperparameter tf=1.6545454545454545
2019-02-27 21:36:06,708 [MainThread  ][INFO ]  Starting optimization for tf=1.6545454545454545
2019-02-27 21:36:06,708 [MainThread  ][DEBUG]  Optimization method: Powell
2019-02-27 21:36:06,708 [MainThread  ][DEBUG]  Optimization options: None
2019-02-27 21:36:06,709 [MainThread  ][INFO ]  Initial parameter values: [-0.72351231  0.75070822 -0.60885022 -0.28429814]
2019-02-27 21:37:43,919 [MainThread  ][INFO ]  Final fidelity: 0.9448579825004031
2019-02-27 21:37:43,920 [MainThread  ][INFO ]  Final parameters: [ 39.28460083   2.14649388  19.14821689  -0.29187796]
2019-02-27 21:37:43,920 [MainThread  ][INFO ]  Fidelity: 0.9448579825004031
2019-02-27 21:37:43,921 [MainThread  ][INFO ]  ---- Starting iteration 83/100
2019-02-27 21:37:43,921 [MainThread  ][DEBUG]  Regenerated CRAB frequencies: nuk=[-0.46149724 -0.00532176]
2019-02-27 21:37:43,921 [MainThread  ][DEBUG]  Setting hyperparameter tf=1.6737373737373737
2019-02-27 21:37:43,921 [MainThread  ][INFO ]  Starting optimization for tf=1.6737373737373737
2019-02-27 21:37:43,921 [MainThread  ][DEBUG]  Optimization method: Powell
2019-02-27 21:37:43,921 [MainThread  ][DEBUG]  Optimization options: None
2019-02-27 21:37:43,922 [MainThread  ][INFO ]  Initial parameter values: [ 0.61629518 -0.02504971 -0.36624725  0.62815248]
2019-02-27 21:39:49,267 [MainThread  ][INFO ]  Final fidelity: 0.9199461156333829
2019-02-27 21:39:49,274 [MainThread  ][INFO ]  Final parameters: [ -3.85430324 -33.34434334 -15.78191896 -18.8044424 ]
2019-02-27 21:39:49,274 [MainThread  ][INFO ]  Fidelity: 0.9199461156333829
2019-02-27 21:39:49,274 [MainThread  ][INFO ]  ---- Starting iteration 84/100
2019-02-27 21:39:49,275 [MainThread  ][DEBUG]  Regenerated CRAB frequencies: nuk=[ 0.29646521 -0.02737527]
2019-02-27 21:39:49,275 [MainThread  ][DEBUG]  Setting hyperparameter tf=1.692929292929293
2019-02-27 21:39:49,275 [MainThread  ][INFO ]  Starting optimization for tf=1.692929292929293
2019-02-27 21:39:49,275 [MainThread  ][DEBUG]  Optimization method: Powell
2019-02-27 21:39:49,275 [MainThread  ][DEBUG]  Optimization options: None
2019-02-27 21:39:49,276 [MainThread  ][INFO ]  Initial parameter values: [ 0.48593156 -0.05533859  0.30921531 -0.02009508]
2019-02-27 21:44:37,009 [MainThread  ][INFO ]  Final fidelity: 0.9891618229032979
2019-02-27 21:44:37,010 [MainThread  ][INFO ]  Final parameters: [ 38.14313293 -32.11391782  66.35003022  48.9338887 ]
2019-02-27 21:44:37,010 [MainThread  ][INFO ]  Fidelity: 0.9891618229032979
2019-02-27 21:44:37,010 [MainThread  ][INFO ]  ---- Starting iteration 85/100
2019-02-27 21:44:37,011 [MainThread  ][DEBUG]  Regenerated CRAB frequencies: nuk=[ 0.36634074  0.39250919]
2019-02-27 21:44:37,011 [MainThread  ][DEBUG]  Setting hyperparameter tf=1.7121212121212122
2019-02-27 21:44:37,011 [MainThread  ][INFO ]  Starting optimization for tf=1.7121212121212122
2019-02-27 21:44:37,011 [MainThread  ][DEBUG]  Optimization method: Powell
2019-02-27 21:44:37,011 [MainThread  ][DEBUG]  Optimization options: None
2019-02-27 21:44:37,011 [MainThread  ][INFO ]  Initial parameter values: [-0.03515226  0.99832854 -0.09511136  0.67723356]
2019-02-27 21:46:46,442 [MainThread  ][INFO ]  Final fidelity: 0.9678665923546576
2019-02-27 21:46:46,459 [MainThread  ][INFO ]  Final parameters: [ 34.47622399  15.43615553  27.5083293  -37.99829089]
2019-02-27 21:46:46,460 [MainThread  ][INFO ]  Fidelity: 0.9678665923546576
2019-02-27 21:46:46,460 [MainThread  ][INFO ]  ---- Starting iteration 86/100
2019-02-27 21:46:46,460 [MainThread  ][DEBUG]  Regenerated CRAB frequencies: nuk=[-0.15006404 -0.09814374]
2019-02-27 21:46:46,460 [MainThread  ][DEBUG]  Setting hyperparameter tf=1.7313131313131314
2019-02-27 21:46:46,460 [MainThread  ][INFO ]  Starting optimization for tf=1.7313131313131314
2019-02-27 21:46:46,460 [MainThread  ][DEBUG]  Optimization method: Powell
2019-02-27 21:46:46,460 [MainThread  ][DEBUG]  Optimization options: None
2019-02-27 21:46:46,461 [MainThread  ][INFO ]  Initial parameter values: [ 0.2722128  -0.86079254 -0.10588123 -0.72002719]
2019-02-27 22:03:22,651 [MainThread  ][INFO ]  Final fidelity: 0.9938339327540092
2019-02-27 22:03:22,652 [MainThread  ][INFO ]  Final parameters: [-67.6441694  -56.13732735  10.7035671   23.40471035]
2019-02-27 22:03:22,652 [MainThread  ][INFO ]  Fidelity: 0.9938339327540092
2019-02-27 22:03:22,652 [MainThread  ][INFO ]  ---- Starting iteration 87/100
2019-02-27 22:03:22,653 [MainThread  ][DEBUG]  Regenerated CRAB frequencies: nuk=[ 0.40233108  0.03887046]
2019-02-27 22:03:22,653 [MainThread  ][DEBUG]  Setting hyperparameter tf=1.7505050505050506
2019-02-27 22:03:22,653 [MainThread  ][INFO ]  Starting optimization for tf=1.7505050505050506
2019-02-27 22:03:22,653 [MainThread  ][DEBUG]  Optimization method: Powell
2019-02-27 22:03:22,653 [MainThread  ][DEBUG]  Optimization options: None
2019-02-27 22:03:22,653 [MainThread  ][INFO ]  Initial parameter values: [ 0.50928016 -0.94955487  0.43427836 -0.82262094]
2019-02-27 22:04:47,639 [MainThread  ][INFO ]  Final fidelity: 0.957214266797873
2019-02-27 22:04:47,641 [MainThread  ][INFO ]  Final parameters: [ 33.49925638  -1.22317259  19.42745007  -0.84345407]
2019-02-27 22:04:47,641 [MainThread  ][INFO ]  Fidelity: 0.957214266797873
2019-02-27 22:04:47,641 [MainThread  ][INFO ]  ---- Starting iteration 88/100
2019-02-27 22:04:47,642 [MainThread  ][DEBUG]  Regenerated CRAB frequencies: nuk=[ 0.24967448  0.4216886 ]
2019-02-27 22:04:47,642 [MainThread  ][DEBUG]  Setting hyperparameter tf=1.7696969696969698
2019-02-27 22:04:47,642 [MainThread  ][INFO ]  Starting optimization for tf=1.7696969696969698
2019-02-27 22:04:47,642 [MainThread  ][DEBUG]  Optimization method: Powell
2019-02-27 22:04:47,642 [MainThread  ][DEBUG]  Optimization options: None
2019-02-27 22:04:47,642 [MainThread  ][INFO ]  Initial parameter values: [-0.31049034  0.79599716 -0.97795895 -0.86738876]
2019-02-27 22:09:31,647 [MainThread  ][INFO ]  Final fidelity: 0.9837820483328639
2019-02-27 22:09:31,648 [MainThread  ][INFO ]  Final parameters: [ 22.20975165   7.35114082  38.74845232 -29.91669553]
2019-02-27 22:09:31,649 [MainThread  ][INFO ]  Fidelity: 0.9837820483328639
2019-02-27 22:09:31,649 [MainThread  ][INFO ]  ---- Starting iteration 89/100
2019-02-27 22:09:31,649 [MainThread  ][DEBUG]  Regenerated CRAB frequencies: nuk=[-0.18564755  0.26543139]
2019-02-27 22:09:31,649 [MainThread  ][DEBUG]  Setting hyperparameter tf=1.7888888888888888
2019-02-27 22:09:31,649 [MainThread  ][INFO ]  Starting optimization for tf=1.7888888888888888
2019-02-27 22:09:31,649 [MainThread  ][DEBUG]  Optimization method: Powell
2019-02-27 22:09:31,650 [MainThread  ][DEBUG]  Optimization options: None
2019-02-27 22:09:31,650 [MainThread  ][INFO ]  Initial parameter values: [ 0.92900725  0.56977509 -0.12066221  0.08992065]
2019-02-27 22:12:39,651 [MainThread  ][INFO ]  Final fidelity: 0.9989550061363177
2019-02-27 22:12:39,664 [MainThread  ][INFO ]  Final parameters: [-48.33790565  24.48125574  12.8670234    1.75904538]
2019-02-27 22:12:39,664 [MainThread  ][INFO ]  Fidelity: 0.9989550061363177
2019-02-27 22:12:39,664 [MainThread  ][INFO ]  ---- Starting iteration 90/100
2019-02-27 22:12:39,664 [MainThread  ][DEBUG]  Regenerated CRAB frequencies: nuk=[ 0.38874883 -0.45529146]
2019-02-27 22:12:39,664 [MainThread  ][DEBUG]  Setting hyperparameter tf=1.808080808080808
2019-02-27 22:12:39,664 [MainThread  ][INFO ]  Starting optimization for tf=1.808080808080808
2019-02-27 22:12:39,664 [MainThread  ][DEBUG]  Optimization method: Powell
2019-02-27 22:12:39,665 [MainThread  ][DEBUG]  Optimization options: None
2019-02-27 22:12:39,665 [MainThread  ][INFO ]  Initial parameter values: [ 0.74159799 -0.40236041  0.28239273 -0.85731845]
2019-02-27 22:14:30,997 [MainThread  ][INFO ]  Final fidelity: 0.9705231367501738
2019-02-27 22:14:31,031 [MainThread  ][INFO ]  Final parameters: [ 33.15058755 -14.09976691   0.68392145   8.52326236]
2019-02-27 22:14:31,032 [MainThread  ][INFO ]  Fidelity: 0.9705231367501738
2019-02-27 22:14:31,032 [MainThread  ][INFO ]  ---- Starting iteration 91/100
2019-02-27 22:14:31,032 [MainThread  ][DEBUG]  Regenerated CRAB frequencies: nuk=[-0.01485378 -0.44291786]
2019-02-27 22:14:31,032 [MainThread  ][DEBUG]  Setting hyperparameter tf=1.8272727272727272
2019-02-27 22:14:31,032 [MainThread  ][INFO ]  Starting optimization for tf=1.8272727272727272
2019-02-27 22:14:31,032 [MainThread  ][DEBUG]  Optimization method: Powell
2019-02-27 22:14:31,032 [MainThread  ][DEBUG]  Optimization options: None
2019-02-27 22:14:31,033 [MainThread  ][INFO ]  Initial parameter values: [-0.71669618  0.37489191 -0.99142363 -0.47754259]
2019-02-27 22:17:19,406 [MainThread  ][INFO ]  Final fidelity: 0.9923439112203927
2019-02-27 22:17:19,407 [MainThread  ][INFO ]  Final parameters: [-17.24933726   0.49161601  21.99455461  13.58728849]
2019-02-27 22:17:19,407 [MainThread  ][INFO ]  Fidelity: 0.9923439112203927
2019-02-27 22:17:19,408 [MainThread  ][INFO ]  ---- Starting iteration 92/100
2019-02-27 22:17:19,408 [MainThread  ][DEBUG]  Regenerated CRAB frequencies: nuk=[ 0.36360771  0.12575813]
2019-02-27 22:17:19,408 [MainThread  ][DEBUG]  Setting hyperparameter tf=1.8464646464646464
2019-02-27 22:17:19,408 [MainThread  ][INFO ]  Starting optimization for tf=1.8464646464646464
2019-02-27 22:17:19,408 [MainThread  ][DEBUG]  Optimization method: Powell
2019-02-27 22:17:19,408 [MainThread  ][DEBUG]  Optimization options: None
2019-02-27 22:17:19,409 [MainThread  ][INFO ]  Initial parameter values: [ 0.6467815   0.73352853  0.1982452   0.1193983 ]
2019-02-27 22:21:31,945 [MainThread  ][INFO ]  Final fidelity: 0.9832046339699779
2019-02-27 22:21:31,955 [MainThread  ][INFO ]  Final parameters: [ 31.25651444  24.76481268  27.72110016  32.64364799]
2019-02-27 22:21:31,955 [MainThread  ][INFO ]  Fidelity: 0.9832046339699779
2019-02-27 22:21:31,955 [MainThread  ][INFO ]  ---- Starting iteration 93/100
2019-02-27 22:21:31,955 [MainThread  ][DEBUG]  Regenerated CRAB frequencies: nuk=[ 0.35155299  0.39133077]
2019-02-27 22:21:31,955 [MainThread  ][DEBUG]  Setting hyperparameter tf=1.8656565656565656
2019-02-27 22:21:31,955 [MainThread  ][INFO ]  Starting optimization for tf=1.8656565656565656
2019-02-27 22:21:31,956 [MainThread  ][DEBUG]  Optimization method: Powell
2019-02-27 22:21:31,956 [MainThread  ][DEBUG]  Optimization options: None
2019-02-27 22:21:31,956 [MainThread  ][INFO ]  Initial parameter values: [ 0.61175651 -0.8462578  -0.25123168  0.7480107 ]
2019-02-27 22:24:42,632 [MainThread  ][INFO ]  Final fidelity: 0.981492923017017
2019-02-27 22:24:42,647 [MainThread  ][INFO ]  Final parameters: [ 29.53315696   7.524311    21.48051061 -31.97223772]
2019-02-27 22:24:42,648 [MainThread  ][INFO ]  Fidelity: 0.981492923017017
2019-02-27 22:24:42,648 [MainThread  ][INFO ]  ---- Starting iteration 94/100
2019-02-27 22:24:42,648 [MainThread  ][DEBUG]  Regenerated CRAB frequencies: nuk=[-0.44952741  0.30784346]
2019-02-27 22:24:42,648 [MainThread  ][DEBUG]  Setting hyperparameter tf=1.8848484848484848
2019-02-27 22:24:42,648 [MainThread  ][INFO ]  Starting optimization for tf=1.8848484848484848
2019-02-27 22:24:42,648 [MainThread  ][DEBUG]  Optimization method: Powell
2019-02-27 22:24:42,649 [MainThread  ][DEBUG]  Optimization options: None
2019-02-27 22:24:42,649 [MainThread  ][INFO ]  Initial parameter values: [-0.73890396  0.69029496  0.75781686 -0.03272711]
2019-02-27 22:26:58,772 [MainThread  ][INFO ]  Final fidelity: 0.995636171182974
2019-02-27 22:26:58,780 [MainThread  ][INFO ]  Final parameters: [-24.63979265  26.93540722 -29.82473962 -11.78413255]
2019-02-27 22:26:58,780 [MainThread  ][INFO ]  Fidelity: 0.995636171182974
2019-02-27 22:26:58,780 [MainThread  ][INFO ]  ---- Starting iteration 95/100
2019-02-27 22:26:58,780 [MainThread  ][DEBUG]  Regenerated CRAB frequencies: nuk=[-0.16458966 -0.4214264 ]
2019-02-27 22:26:58,780 [MainThread  ][DEBUG]  Setting hyperparameter tf=1.904040404040404
2019-02-27 22:26:58,781 [MainThread  ][INFO ]  Starting optimization for tf=1.904040404040404
2019-02-27 22:26:58,781 [MainThread  ][DEBUG]  Optimization method: Powell
2019-02-27 22:26:58,781 [MainThread  ][DEBUG]  Optimization options: None
2019-02-27 22:26:58,781 [MainThread  ][INFO ]  Initial parameter values: [ 0.20866102  0.43842702  0.10464986  0.57081785]
2019-02-27 22:29:10,359 [MainThread  ][INFO ]  Final fidelity: 0.9960957964337432
2019-02-27 22:29:10,375 [MainThread  ][INFO ]  Final parameters: [-22.86380953  10.44603973   1.99383582  17.16111068]
2019-02-27 22:29:10,376 [MainThread  ][INFO ]  Fidelity: 0.9960957964337432
2019-02-27 22:29:10,376 [MainThread  ][INFO ]  ---- Starting iteration 96/100
2019-02-27 22:29:10,376 [MainThread  ][DEBUG]  Regenerated CRAB frequencies: nuk=[-0.180591    0.14742519]
2019-02-27 22:29:10,376 [MainThread  ][DEBUG]  Setting hyperparameter tf=1.9232323232323232
2019-02-27 22:29:10,376 [MainThread  ][INFO ]  Starting optimization for tf=1.9232323232323232
2019-02-27 22:29:10,376 [MainThread  ][DEBUG]  Optimization method: Powell
2019-02-27 22:29:10,377 [MainThread  ][DEBUG]  Optimization options: None
2019-02-27 22:29:10,377 [MainThread  ][INFO ]  Initial parameter values: [ 0.70686023 -0.10242188 -0.58947871 -0.5312276 ]
2019-02-27 22:31:27,092 [MainThread  ][INFO ]  Final fidelity: 0.9885986370332145
2019-02-27 22:31:27,093 [MainThread  ][INFO ]  Final parameters: [-31.12575183  31.60385666   2.52922031  19.37271481]
2019-02-27 22:31:27,093 [MainThread  ][INFO ]  Fidelity: 0.9885986370332145
2019-02-27 22:31:27,093 [MainThread  ][INFO ]  ---- Starting iteration 97/100
2019-02-27 22:31:27,094 [MainThread  ][DEBUG]  Regenerated CRAB frequencies: nuk=[ 0.42634895  0.26904976]
2019-02-27 22:31:27,094 [MainThread  ][DEBUG]  Setting hyperparameter tf=1.9424242424242424
2019-02-27 22:31:27,094 [MainThread  ][INFO ]  Starting optimization for tf=1.9424242424242424
2019-02-27 22:31:27,094 [MainThread  ][DEBUG]  Optimization method: Powell
2019-02-27 22:31:27,094 [MainThread  ][DEBUG]  Optimization options: None
2019-02-27 22:31:27,095 [MainThread  ][INFO ]  Initial parameter values: [-0.92370335  0.33458159  0.06303439  0.1598855 ]
2019-02-27 22:35:05,935 [MainThread  ][INFO ]  Final fidelity: 0.995015760357447
2019-02-27 22:35:05,963 [MainThread  ][INFO ]  Final parameters: [ 48.84112566  23.94848069   7.56492522 -17.43191649]
2019-02-27 22:35:05,963 [MainThread  ][INFO ]  Fidelity: 0.995015760357447
2019-02-27 22:35:05,963 [MainThread  ][INFO ]  ---- Starting iteration 98/100
2019-02-27 22:35:05,964 [MainThread  ][DEBUG]  Regenerated CRAB frequencies: nuk=[-0.36895297  0.13531025]
2019-02-27 22:35:05,964 [MainThread  ][DEBUG]  Setting hyperparameter tf=1.9616161616161616
2019-02-27 22:35:05,964 [MainThread  ][INFO ]  Starting optimization for tf=1.9616161616161616
2019-02-27 22:35:05,964 [MainThread  ][DEBUG]  Optimization method: Powell
2019-02-27 22:35:05,964 [MainThread  ][DEBUG]  Optimization options: None
2019-02-27 22:35:05,965 [MainThread  ][INFO ]  Initial parameter values: [-0.30960153 -0.15281522 -0.86999815 -0.06820683]
2019-02-27 22:37:11,256 [MainThread  ][INFO ]  Final fidelity: 0.940958270539761
2019-02-27 22:37:11,257 [MainThread  ][INFO ]  Final parameters: [ -6.74379551 -22.31410228  -6.26201416  11.74297137]
2019-02-27 22:37:11,257 [MainThread  ][INFO ]  Fidelity: 0.940958270539761
2019-02-27 22:37:11,257 [MainThread  ][INFO ]  ---- Starting iteration 99/100
2019-02-27 22:37:11,258 [MainThread  ][DEBUG]  Regenerated CRAB frequencies: nuk=[-0.01265104  0.00655534]
2019-02-27 22:37:11,258 [MainThread  ][DEBUG]  Setting hyperparameter tf=1.9808080808080808
2019-02-27 22:37:11,258 [MainThread  ][INFO ]  Starting optimization for tf=1.9808080808080808
2019-02-27 22:37:11,258 [MainThread  ][DEBUG]  Optimization method: Powell
2019-02-27 22:37:11,258 [MainThread  ][DEBUG]  Optimization options: None
2019-02-27 22:37:11,259 [MainThread  ][INFO ]  Initial parameter values: [-0.42121004  0.75557505 -0.47743265 -0.22465572]
2019-02-27 22:39:11,664 [MainThread  ][INFO ]  Final fidelity: 0.9309915968166455
2019-02-27 22:39:11,696 [MainThread  ][INFO ]  Final parameters: [-10.32780689 -30.74077508   0.05043225   0.77530188]
2019-02-27 22:39:11,696 [MainThread  ][INFO ]  Fidelity: 0.9309915968166455
2019-02-27 22:39:11,696 [MainThread  ][INFO ]  ---- Starting iteration 100/100
2019-02-27 22:39:11,697 [MainThread  ][DEBUG]  Regenerated CRAB frequencies: nuk=[ 0.36939369 -0.00091154]
2019-02-27 22:39:11,697 [MainThread  ][DEBUG]  Setting hyperparameter tf=2.0
2019-02-27 22:39:11,697 [MainThread  ][INFO ]  Starting optimization for tf=2.0
2019-02-27 22:39:11,697 [MainThread  ][DEBUG]  Optimization method: Powell
2019-02-27 22:39:11,697 [MainThread  ][DEBUG]  Optimization options: None
2019-02-27 22:39:11,697 [MainThread  ][INFO ]  Initial parameter values: [ 0.24395209  0.84729655 -0.44016506 -0.57918098]
2019-02-27 22:40:18,465 [MainThread  ][INFO ]  Final fidelity: 0.9765829902292161
2019-02-27 22:40:18,465 [MainThread  ][INFO ]  Final parameters: [ 25.83755857   0.30626644  12.06981039  -0.59828388]
2019-02-27 22:40:18,465 [MainThread  ][INFO ]  Fidelity: 0.9765829902292161
