2019-02-27 19:58:12,767 [MainThread  ][INFO ]  Output file name will be "rabi_bangramp_neldermead.csv"
2019-02-27 19:58:13,371 [MainThread  ][INFO ]  Using bangramp protocol ansatz.
2019-02-27 19:58:13,371 [MainThread  ][DEBUG]  Initializing ProtocolAnsatz instance "bangramp"
2019-02-27 19:58:13,371 [MainThread  ][INFO ]  Using parameters constraints: [[-10.0, 10.0], [None, None], [-10.0, 10.0], [-10.0, 10.0]]
2019-02-27 19:58:13,371 [MainThread  ][INFO ]  Using total height constraint: None
2019-02-27 19:58:13,371 [MainThread  ][INFO ]  ---- Starting iteration 1/100
2019-02-27 19:58:13,372 [MainThread  ][DEBUG]  Setting hyperparameter tf=0.1
2019-02-27 19:58:13,372 [MainThread  ][INFO ]  Starting optimization for tf=0.1
2019-02-27 19:58:13,372 [MainThread  ][DEBUG]  Optimization method: Nelder-Mead
2019-02-27 19:58:13,372 [MainThread  ][DEBUG]  Optimization options: None
2019-02-27 19:58:13,373 [MainThread  ][INFO ]  Initial parameter values: [ 8.90428548  0.05        1.14951535  9.0100781 ]
2019-02-27 20:00:38,226 [MainThread  ][INFO ]  Final fidelity: 0.7639425068271939
2019-02-27 20:00:38,230 [MainThread  ][INFO ]  Final parameters: [ 5.56701268  0.04709741  0.93200733 -0.98212686]
2019-02-27 20:00:38,230 [MainThread  ][INFO ]  Fidelity: 0.7639425068271939
2019-02-27 20:00:38,230 [MainThread  ][INFO ]  ---- Starting iteration 2/100
2019-02-27 20:00:38,230 [MainThread  ][DEBUG]  Setting hyperparameter tf=0.1393939393939394
2019-02-27 20:00:38,230 [MainThread  ][INFO ]  Starting optimization for tf=0.1393939393939394
2019-02-27 20:00:38,230 [MainThread  ][DEBUG]  Optimization method: Nelder-Mead
2019-02-27 20:00:38,230 [MainThread  ][DEBUG]  Optimization options: None
2019-02-27 20:00:38,231 [MainThread  ][INFO ]  Initial parameter values: [ 4.10030117  0.06969697  6.62884221  4.99715506]
2019-02-27 20:03:22,538 [MainThread  ][INFO ]  Final fidelity: 0.7642503082042175
2019-02-27 20:03:22,541 [MainThread  ][INFO ]  Final parameters: [ 4.03507609  0.12363619  9.87995518 -6.82985984]
2019-02-27 20:03:22,541 [MainThread  ][INFO ]  Fidelity: 0.7642503082042175
2019-02-27 20:03:22,541 [MainThread  ][INFO ]  ---- Starting iteration 3/100
2019-02-27 20:03:22,541 [MainThread  ][DEBUG]  Setting hyperparameter tf=0.17878787878787877
2019-02-27 20:03:22,541 [MainThread  ][INFO ]  Starting optimization for tf=0.17878787878787877
2019-02-27 20:03:22,542 [MainThread  ][DEBUG]  Optimization method: Nelder-Mead
2019-02-27 20:03:22,542 [MainThread  ][DEBUG]  Optimization options: None
2019-02-27 20:03:22,542 [MainThread  ][INFO ]  Initial parameter values: [ 9.15079912  0.08939394  4.65680404  1.87095307]
2019-02-27 20:07:24,525 [MainThread  ][INFO ]  Final fidelity: 0.7640745484567694
2019-02-27 20:07:24,526 [MainThread  ][INFO ]  Final parameters: [ 2.80191469  0.16296208  9.99999966  0.13422543]
2019-02-27 20:07:24,526 [MainThread  ][INFO ]  Fidelity: 0.7640745484567694
2019-02-27 20:07:24,526 [MainThread  ][INFO ]  ---- Starting iteration 4/100
2019-02-27 20:07:24,526 [MainThread  ][DEBUG]  Setting hyperparameter tf=0.21818181818181817
2019-02-27 20:07:24,526 [MainThread  ][INFO ]  Starting optimization for tf=0.21818181818181817
2019-02-27 20:07:24,526 [MainThread  ][DEBUG]  Optimization method: Nelder-Mead
2019-02-27 20:07:24,526 [MainThread  ][DEBUG]  Optimization options: None
2019-02-27 20:07:24,527 [MainThread  ][INFO ]  Initial parameter values: [ 0.22563923  0.10909091  5.09515179  0.92598296]
2019-02-27 20:09:34,765 [MainThread  ][INFO ]  Final fidelity: 0.7638869836270129
2019-02-27 20:09:34,766 [MainThread  ][INFO ]  Final parameters: [ 0.50708354  0.12813715  8.20206217 -2.89635218]
2019-02-27 20:09:34,766 [MainThread  ][INFO ]  Fidelity: 0.7638869836270129
2019-02-27 20:09:34,766 [MainThread  ][INFO ]  ---- Starting iteration 5/100
2019-02-27 20:09:34,767 [MainThread  ][DEBUG]  Setting hyperparameter tf=0.25757575757575757
2019-02-27 20:09:34,767 [MainThread  ][INFO ]  Starting optimization for tf=0.25757575757575757
2019-02-27 20:09:34,767 [MainThread  ][DEBUG]  Optimization method: Nelder-Mead
2019-02-27 20:09:34,767 [MainThread  ][DEBUG]  Optimization options: None
2019-02-27 20:09:34,767 [MainThread  ][INFO ]  Initial parameter values: [ 4.82291829  0.12878788  4.02195186  9.90254839]
2019-02-27 20:11:49,250 [MainThread  ][INFO ]  Final fidelity: 0.769108441739227
2019-02-27 20:11:49,251 [MainThread  ][INFO ]  Final parameters: [ 4.69640938  0.18728223 -1.91703897  1.26893285]
2019-02-27 20:11:49,251 [MainThread  ][INFO ]  Fidelity: 0.769108441739227
2019-02-27 20:11:49,251 [MainThread  ][INFO ]  ---- Starting iteration 6/100
2019-02-27 20:11:49,251 [MainThread  ][DEBUG]  Setting hyperparameter tf=0.296969696969697
2019-02-27 20:11:49,251 [MainThread  ][INFO ]  Starting optimization for tf=0.296969696969697
2019-02-27 20:11:49,251 [MainThread  ][DEBUG]  Optimization method: Nelder-Mead
2019-02-27 20:11:49,251 [MainThread  ][DEBUG]  Optimization options: None
2019-02-27 20:11:49,252 [MainThread  ][INFO ]  Initial parameter values: [ 1.47052135  0.14848485  0.52820774  9.92520562]
2019-02-27 20:14:37,332 [MainThread  ][INFO ]  Final fidelity: 0.7725577790285142
2019-02-27 20:14:37,333 [MainThread  ][INFO ]  Final parameters: [ 5.2262783   0.1764712  -1.39376738  1.08002148]
2019-02-27 20:14:37,334 [MainThread  ][INFO ]  Fidelity: 0.7725577790285142
2019-02-27 20:14:37,334 [MainThread  ][INFO ]  ---- Starting iteration 7/100
2019-02-27 20:14:37,334 [MainThread  ][DEBUG]  Setting hyperparameter tf=0.3363636363636363
2019-02-27 20:14:37,334 [MainThread  ][INFO ]  Starting optimization for tf=0.3363636363636363
2019-02-27 20:14:37,334 [MainThread  ][DEBUG]  Optimization method: Nelder-Mead
2019-02-27 20:14:37,334 [MainThread  ][DEBUG]  Optimization options: None
2019-02-27 20:14:37,335 [MainThread  ][INFO ]  Initial parameter values: [ 0.40650326  0.16818182  6.01459976  1.66059433]
2019-02-27 20:18:16,049 [MainThread  ][INFO ]  Final fidelity: 0.7755413759192037
2019-02-27 20:18:16,051 [MainThread  ][INFO ]  Final parameters: [ 5.22150725  0.19953442  1.93317864 -1.04035029]
2019-02-27 20:18:16,051 [MainThread  ][INFO ]  Fidelity: 0.7755413759192037
2019-02-27 20:18:16,051 [MainThread  ][INFO ]  ---- Starting iteration 8/100
2019-02-27 20:18:16,051 [MainThread  ][DEBUG]  Setting hyperparameter tf=0.37575757575757573
2019-02-27 20:18:16,051 [MainThread  ][INFO ]  Starting optimization for tf=0.37575757575757573
2019-02-27 20:18:16,052 [MainThread  ][DEBUG]  Optimization method: Nelder-Mead
2019-02-27 20:18:16,052 [MainThread  ][DEBUG]  Optimization options: None
2019-02-27 20:18:16,052 [MainThread  ][INFO ]  Initial parameter values: [ 8.18706352  0.18787879  2.99657436  3.2343978 ]
2019-02-27 20:20:30,061 [MainThread  ][INFO ]  Final fidelity: 0.7814088159810432
2019-02-27 20:20:30,062 [MainThread  ][INFO ]  Final parameters: [ 6.22669187  0.18251249 -1.60043644  1.05524431]
2019-02-27 20:20:30,062 [MainThread  ][INFO ]  Fidelity: 0.7814088159810432
2019-02-27 20:20:30,062 [MainThread  ][INFO ]  ---- Starting iteration 9/100
2019-02-27 20:20:30,062 [MainThread  ][DEBUG]  Setting hyperparameter tf=0.41515151515151516
2019-02-27 20:20:30,063 [MainThread  ][INFO ]  Starting optimization for tf=0.41515151515151516
2019-02-27 20:20:30,063 [MainThread  ][DEBUG]  Optimization method: Nelder-Mead
2019-02-27 20:20:30,063 [MainThread  ][DEBUG]  Optimization options: None
2019-02-27 20:20:30,063 [MainThread  ][INFO ]  Initial parameter values: [ 0.41187397  0.20757576  1.22080822  5.40761419]
2019-02-27 20:24:19,962 [MainThread  ][INFO ]  Final fidelity: 0.7755227393506303
2019-02-27 20:24:19,965 [MainThread  ][INFO ]  Final parameters: [ 4.46657293  0.20479549  5.10378132  0.04775741]
2019-02-27 20:24:19,966 [MainThread  ][INFO ]  Fidelity: 0.7755227393506303
2019-02-27 20:24:19,966 [MainThread  ][INFO ]  ---- Starting iteration 10/100
2019-02-27 20:24:19,966 [MainThread  ][DEBUG]  Setting hyperparameter tf=0.4545454545454545
2019-02-27 20:24:19,966 [MainThread  ][INFO ]  Starting optimization for tf=0.4545454545454545
2019-02-27 20:24:19,966 [MainThread  ][DEBUG]  Optimization method: Nelder-Mead
2019-02-27 20:24:19,966 [MainThread  ][DEBUG]  Optimization options: None
2019-02-27 20:24:19,966 [MainThread  ][INFO ]  Initial parameter values: [ 3.63700779  0.22727273  1.43034928  7.46629354]
2019-02-27 20:26:58,450 [MainThread  ][INFO ]  Final fidelity: 0.7884966025378429
2019-02-27 20:26:58,454 [MainThread  ][INFO ]  Final parameters: [ 5.69232697  0.25325744  0.67348825 -0.32796677]
2019-02-27 20:26:58,454 [MainThread  ][INFO ]  Fidelity: 0.7884966025378429
2019-02-27 20:26:58,454 [MainThread  ][INFO ]  ---- Starting iteration 11/100
2019-02-27 20:26:58,454 [MainThread  ][DEBUG]  Setting hyperparameter tf=0.4939393939393939
2019-02-27 20:26:58,454 [MainThread  ][INFO ]  Starting optimization for tf=0.4939393939393939
2019-02-27 20:26:58,454 [MainThread  ][DEBUG]  Optimization method: Nelder-Mead
2019-02-27 20:26:58,454 [MainThread  ][DEBUG]  Optimization options: None
2019-02-27 20:26:58,455 [MainThread  ][INFO ]  Initial parameter values: [ 0.23236328  0.2469697   6.02576171  7.79880764]
2019-02-27 20:31:36,329 [MainThread  ][INFO ]  Final fidelity: 0.7852388877389952
2019-02-27 20:31:36,333 [MainThread  ][INFO ]  Final parameters: [ 4.58585876  0.36532305 -1.61114633  1.37546516]
2019-02-27 20:31:36,333 [MainThread  ][INFO ]  Fidelity: 0.7852388877389952
2019-02-27 20:31:36,333 [MainThread  ][INFO ]  ---- Starting iteration 12/100
2019-02-27 20:31:36,333 [MainThread  ][DEBUG]  Setting hyperparameter tf=0.5333333333333333
2019-02-27 20:31:36,333 [MainThread  ][INFO ]  Starting optimization for tf=0.5333333333333333
2019-02-27 20:31:36,333 [MainThread  ][DEBUG]  Optimization method: Nelder-Mead
2019-02-27 20:31:36,333 [MainThread  ][DEBUG]  Optimization options: None
2019-02-27 20:31:36,334 [MainThread  ][INFO ]  Initial parameter values: [ 9.98217648  0.26666667  3.06094083  8.87426506]
2019-02-27 20:33:34,394 [MainThread  ][INFO ]  Final fidelity: 0.7791397946103304
2019-02-27 20:33:34,399 [MainThread  ][INFO ]  Final parameters: [ 3.44001461  0.52805791  3.98996724  2.65546329]
2019-02-27 20:33:34,399 [MainThread  ][INFO ]  Fidelity: 0.7791397946103304
2019-02-27 20:33:34,399 [MainThread  ][INFO ]  ---- Starting iteration 13/100
2019-02-27 20:33:34,399 [MainThread  ][DEBUG]  Setting hyperparameter tf=0.5727272727272726
2019-02-27 20:33:34,399 [MainThread  ][INFO ]  Starting optimization for tf=0.5727272727272726
2019-02-27 20:33:34,400 [MainThread  ][DEBUG]  Optimization method: Nelder-Mead
2019-02-27 20:33:34,400 [MainThread  ][DEBUG]  Optimization options: None
2019-02-27 20:33:34,400 [MainThread  ][INFO ]  Initial parameter values: [ 6.26089372  0.28636364  5.29998559  9.93651015]
2019-02-27 20:36:39,888 [MainThread  ][INFO ]  Final fidelity: 0.7882295265431855
2019-02-27 20:36:39,889 [MainThread  ][INFO ]  Final parameters: [ 4.08163077  0.49850292 -0.87727445  0.54112745]
2019-02-27 20:36:39,889 [MainThread  ][INFO ]  Fidelity: 0.7882295265431855
2019-02-27 20:36:39,889 [MainThread  ][INFO ]  ---- Starting iteration 14/100
2019-02-27 20:36:39,889 [MainThread  ][DEBUG]  Setting hyperparameter tf=0.6121212121212121
2019-02-27 20:36:39,890 [MainThread  ][INFO ]  Starting optimization for tf=0.6121212121212121
2019-02-27 20:36:39,890 [MainThread  ][DEBUG]  Optimization method: Nelder-Mead
2019-02-27 20:36:39,890 [MainThread  ][DEBUG]  Optimization options: None
2019-02-27 20:36:39,890 [MainThread  ][INFO ]  Initial parameter values: [ 3.15536457  0.30606061  1.46396735  4.06253734]
2019-02-27 20:38:30,201 [MainThread  ][INFO ]  Final fidelity: 0.8130122375983493
2019-02-27 20:38:30,202 [MainThread  ][INFO ]  Final parameters: [ 6.27154717  0.29822002 -0.93446703  0.66020599]
2019-02-27 20:38:30,202 [MainThread  ][INFO ]  Fidelity: 0.8130122375983493
2019-02-27 20:38:30,202 [MainThread  ][INFO ]  ---- Starting iteration 15/100
2019-02-27 20:38:30,203 [MainThread  ][DEBUG]  Setting hyperparameter tf=0.6515151515151515
2019-02-27 20:38:30,203 [MainThread  ][INFO ]  Starting optimization for tf=0.6515151515151515
2019-02-27 20:38:30,203 [MainThread  ][DEBUG]  Optimization method: Nelder-Mead
2019-02-27 20:38:30,203 [MainThread  ][DEBUG]  Optimization options: None
2019-02-27 20:38:30,203 [MainThread  ][INFO ]  Initial parameter values: [ 9.31994622  0.32575758  7.21712867  8.04380265]
2019-02-27 20:40:15,348 [MainThread  ][INFO ]  Final fidelity: 0.7780875684657311
2019-02-27 20:40:15,358 [MainThread  ][INFO ]  Final parameters: [-3.33712295  0.6262152   9.99999017  1.41891874]
2019-02-27 20:40:15,358 [MainThread  ][INFO ]  Fidelity: 0.7780875684657311
2019-02-27 20:40:15,358 [MainThread  ][INFO ]  ---- Starting iteration 16/100
2019-02-27 20:40:15,358 [MainThread  ][DEBUG]  Setting hyperparameter tf=0.6909090909090908
2019-02-27 20:40:15,358 [MainThread  ][INFO ]  Starting optimization for tf=0.6909090909090908
2019-02-27 20:40:15,358 [MainThread  ][DEBUG]  Optimization method: Nelder-Mead
2019-02-27 20:40:15,358 [MainThread  ][DEBUG]  Optimization options: None
2019-02-27 20:40:15,359 [MainThread  ][INFO ]  Initial parameter values: [ 5.30111569  0.34545455  4.0534782   5.40293099]
2019-02-27 20:43:26,910 [MainThread  ][INFO ]  Final fidelity: 0.8171501125391563
2019-02-27 20:43:26,914 [MainThread  ][INFO ]  Final parameters: [ 5.37419186  0.43085971 -0.58233421  0.42644817]
2019-02-27 20:43:26,914 [MainThread  ][INFO ]  Fidelity: 0.8171501125391563
2019-02-27 20:43:26,914 [MainThread  ][INFO ]  ---- Starting iteration 17/100
2019-02-27 20:43:26,914 [MainThread  ][DEBUG]  Setting hyperparameter tf=0.7303030303030302
2019-02-27 20:43:26,914 [MainThread  ][INFO ]  Starting optimization for tf=0.7303030303030302
2019-02-27 20:43:26,914 [MainThread  ][DEBUG]  Optimization method: Nelder-Mead
2019-02-27 20:43:26,914 [MainThread  ][DEBUG]  Optimization options: None
2019-02-27 20:43:26,915 [MainThread  ][INFO ]  Initial parameter values: [ 5.27167421  0.36515152  9.17909381  1.48686728]
2019-02-27 20:45:29,238 [MainThread  ][INFO ]  Final fidelity: 0.8194406331878606
2019-02-27 20:45:29,240 [MainThread  ][INFO ]  Final parameters: [ 5.10721698  0.47946644 -0.62151176  0.51852189]
2019-02-27 20:45:29,240 [MainThread  ][INFO ]  Fidelity: 0.8194406331878606
2019-02-27 20:45:29,240 [MainThread  ][INFO ]  ---- Starting iteration 18/100
2019-02-27 20:45:29,240 [MainThread  ][DEBUG]  Setting hyperparameter tf=0.7696969696969697
2019-02-27 20:45:29,241 [MainThread  ][INFO ]  Starting optimization for tf=0.7696969696969697
2019-02-27 20:45:29,241 [MainThread  ][DEBUG]  Optimization method: Nelder-Mead
2019-02-27 20:45:29,241 [MainThread  ][DEBUG]  Optimization options: None
2019-02-27 20:45:29,241 [MainThread  ][INFO ]  Initial parameter values: [ 7.33066125  0.38484848  5.23400629  6.57812549]
2019-02-27 20:49:12,633 [MainThread  ][INFO ]  Final fidelity: 0.8028755118519968
2019-02-27 20:49:12,650 [MainThread  ][INFO ]  Final parameters: [-3.85855435  0.74529106  9.69587008 -9.99975631]
2019-02-27 20:49:12,650 [MainThread  ][INFO ]  Fidelity: 0.8028755118519968
2019-02-27 20:49:12,650 [MainThread  ][INFO ]  ---- Starting iteration 19/100
2019-02-27 20:49:12,650 [MainThread  ][DEBUG]  Setting hyperparameter tf=0.809090909090909
2019-02-27 20:49:12,650 [MainThread  ][INFO ]  Starting optimization for tf=0.809090909090909
2019-02-27 20:49:12,651 [MainThread  ][DEBUG]  Optimization method: Nelder-Mead
2019-02-27 20:49:12,651 [MainThread  ][DEBUG]  Optimization options: None
2019-02-27 20:49:12,651 [MainThread  ][INFO ]  Initial parameter values: [ 2.31424334  0.40454545  0.84803105  9.7140836 ]
2019-02-27 20:52:17,353 [MainThread  ][INFO ]  Final fidelity: 0.8304071431221792
2019-02-27 20:52:17,364 [MainThread  ][INFO ]  Final parameters: [ 5.04403582  0.55087727 -0.79355097  0.63062234]
2019-02-27 20:52:17,364 [MainThread  ][INFO ]  Fidelity: 0.8304071431221792
2019-02-27 20:52:17,364 [MainThread  ][INFO ]  ---- Starting iteration 20/100
2019-02-27 20:52:17,364 [MainThread  ][DEBUG]  Setting hyperparameter tf=0.8484848484848484
2019-02-27 20:52:17,364 [MainThread  ][INFO ]  Starting optimization for tf=0.8484848484848484
2019-02-27 20:52:17,364 [MainThread  ][DEBUG]  Optimization method: Nelder-Mead
2019-02-27 20:52:17,364 [MainThread  ][DEBUG]  Optimization options: None
2019-02-27 20:52:17,365 [MainThread  ][INFO ]  Initial parameter values: [ 9.48691242  0.42424242  1.74792844  3.56514399]
2019-02-27 20:55:04,164 [MainThread  ][INFO ]  Final fidelity: 0.8700610725940056
2019-02-27 20:55:04,171 [MainThread  ][INFO ]  Final parameters: [ 7.23480175  0.34943631  0.09371304 -0.04318669]
2019-02-27 20:55:04,171 [MainThread  ][INFO ]  Fidelity: 0.8700610725940056
2019-02-27 20:55:04,171 [MainThread  ][INFO ]  ---- Starting iteration 21/100
2019-02-27 20:55:04,171 [MainThread  ][DEBUG]  Setting hyperparameter tf=0.8878787878787878
2019-02-27 20:55:04,171 [MainThread  ][INFO ]  Starting optimization for tf=0.8878787878787878
2019-02-27 20:55:04,171 [MainThread  ][DEBUG]  Optimization method: Nelder-Mead
2019-02-27 20:55:04,171 [MainThread  ][DEBUG]  Optimization options: None
2019-02-27 20:55:04,172 [MainThread  ][INFO ]  Initial parameter values: [ 8.38388559  0.44393939  0.87641218  4.8313716 ]
2019-02-27 20:57:47,907 [MainThread  ][INFO ]  Final fidelity: 0.8599153959624508
2019-02-27 20:57:47,917 [MainThread  ][INFO ]  Final parameters: [ 5.86637163  0.49995501  0.35200633 -0.19931489]
2019-02-27 20:57:47,917 [MainThread  ][INFO ]  Fidelity: 0.8599153959624508
2019-02-27 20:57:47,917 [MainThread  ][INFO ]  ---- Starting iteration 22/100
2019-02-27 20:57:47,917 [MainThread  ][DEBUG]  Setting hyperparameter tf=0.9272727272727271
2019-02-27 20:57:47,917 [MainThread  ][INFO ]  Starting optimization for tf=0.9272727272727271
2019-02-27 20:57:47,917 [MainThread  ][DEBUG]  Optimization method: Nelder-Mead
2019-02-27 20:57:47,917 [MainThread  ][DEBUG]  Optimization options: None
2019-02-27 20:57:47,918 [MainThread  ][INFO ]  Initial parameter values: [ 3.73562834  0.46363636  9.98858917  1.50776855]
2019-02-27 20:59:52,638 [MainThread  ][INFO ]  Final fidelity: 0.8738796235290991
2019-02-27 20:59:52,643 [MainThread  ][INFO ]  Final parameters: [ 6.25040399  0.483844   -0.53008324  0.40370816]
2019-02-27 20:59:52,644 [MainThread  ][INFO ]  Fidelity: 0.8738796235290991
2019-02-27 20:59:52,644 [MainThread  ][INFO ]  ---- Starting iteration 23/100
2019-02-27 20:59:52,644 [MainThread  ][DEBUG]  Setting hyperparameter tf=0.9666666666666666
2019-02-27 20:59:52,644 [MainThread  ][INFO ]  Starting optimization for tf=0.9666666666666666
2019-02-27 20:59:52,644 [MainThread  ][DEBUG]  Optimization method: Nelder-Mead
2019-02-27 20:59:52,644 [MainThread  ][DEBUG]  Optimization options: None
2019-02-27 20:59:52,644 [MainThread  ][INFO ]  Initial parameter values: [ 2.49926814  0.48333333  5.53725207  7.01081699]
2019-02-27 21:02:21,053 [MainThread  ][INFO ]  Final fidelity: 0.8591707611606616
2019-02-27 21:02:21,063 [MainThread  ][INFO ]  Final parameters: [ 5.11197007  0.65099     0.28030224 -0.22177186]
2019-02-27 21:02:21,063 [MainThread  ][INFO ]  Fidelity: 0.8591707611606616
2019-02-27 21:02:21,063 [MainThread  ][INFO ]  ---- Starting iteration 24/100
2019-02-27 21:02:21,063 [MainThread  ][DEBUG]  Setting hyperparameter tf=1.006060606060606
2019-02-27 21:02:21,063 [MainThread  ][INFO ]  Starting optimization for tf=1.006060606060606
2019-02-27 21:02:21,063 [MainThread  ][DEBUG]  Optimization method: Nelder-Mead
2019-02-27 21:02:21,064 [MainThread  ][DEBUG]  Optimization options: None
2019-02-27 21:02:21,064 [MainThread  ][INFO ]  Initial parameter values: [ 0.24997274  0.5030303   9.85592578  5.46012994]
2019-02-27 21:06:17,447 [MainThread  ][INFO ]  Final fidelity: 0.8913080240100594
2019-02-27 21:06:17,465 [MainThread  ][INFO ]  Final parameters: [ -1.38541804e-01   1.92477384e-03   8.75161992e+00  -1.41665813e+00]
2019-02-27 21:06:17,465 [MainThread  ][INFO ]  Fidelity: 0.8913080240100594
2019-02-27 21:06:17,465 [MainThread  ][INFO ]  ---- Starting iteration 25/100
2019-02-27 21:06:17,466 [MainThread  ][DEBUG]  Setting hyperparameter tf=1.0454545454545454
2019-02-27 21:06:17,466 [MainThread  ][INFO ]  Starting optimization for tf=1.0454545454545454
2019-02-27 21:06:17,466 [MainThread  ][DEBUG]  Optimization method: Nelder-Mead
2019-02-27 21:06:17,466 [MainThread  ][DEBUG]  Optimization options: None
2019-02-27 21:06:17,466 [MainThread  ][INFO ]  Initial parameter values: [ 6.4495829   0.52272727  8.46067047  1.42910867]
2019-02-27 21:08:42,462 [MainThread  ][INFO ]  Final fidelity: 0.891925106456513
2019-02-27 21:08:42,463 [MainThread  ][INFO ]  Final parameters: [ 5.85918346  0.60327739 -0.43828057  0.35691375]
2019-02-27 21:08:42,463 [MainThread  ][INFO ]  Fidelity: 0.891925106456513
2019-02-27 21:08:42,463 [MainThread  ][INFO ]  ---- Starting iteration 26/100
2019-02-27 21:08:42,464 [MainThread  ][DEBUG]  Setting hyperparameter tf=1.0848484848484847
2019-02-27 21:08:42,464 [MainThread  ][INFO ]  Starting optimization for tf=1.0848484848484847
2019-02-27 21:08:42,464 [MainThread  ][DEBUG]  Optimization method: Nelder-Mead
2019-02-27 21:08:42,464 [MainThread  ][DEBUG]  Optimization options: None
2019-02-27 21:08:42,464 [MainThread  ][INFO ]  Initial parameter values: [ 4.81990992  0.54242424  8.55456683  4.76486332]
2019-02-27 21:11:29,181 [MainThread  ][INFO ]  Final fidelity: 0.8669653310261397
2019-02-27 21:11:29,189 [MainThread  ][INFO ]  Final parameters: [ 4.67314803  0.82600226  0.40630272 -0.32784813]
2019-02-27 21:11:29,189 [MainThread  ][INFO ]  Fidelity: 0.8669653310261397
2019-02-27 21:11:29,189 [MainThread  ][INFO ]  ---- Starting iteration 27/100
2019-02-27 21:11:29,189 [MainThread  ][DEBUG]  Setting hyperparameter tf=1.1242424242424243
2019-02-27 21:11:29,189 [MainThread  ][INFO ]  Starting optimization for tf=1.1242424242424243
2019-02-27 21:11:29,189 [MainThread  ][DEBUG]  Optimization method: Nelder-Mead
2019-02-27 21:11:29,189 [MainThread  ][DEBUG]  Optimization options: None
2019-02-27 21:11:29,190 [MainThread  ][INFO ]  Initial parameter values: [ 3.95646337  0.56212121  7.49163835  6.51414388]
2019-02-27 21:14:12,096 [MainThread  ][INFO ]  Final fidelity: 0.8845316399317864
2019-02-27 21:14:12,100 [MainThread  ][INFO ]  Final parameters: [ 5.0102904   0.80053099 -0.40755464  0.34187805]
2019-02-27 21:14:12,100 [MainThread  ][INFO ]  Fidelity: 0.8845316399317864
2019-02-27 21:14:12,101 [MainThread  ][INFO ]  ---- Starting iteration 28/100
2019-02-27 21:14:12,101 [MainThread  ][DEBUG]  Setting hyperparameter tf=1.1636363636363636
2019-02-27 21:14:12,101 [MainThread  ][INFO ]  Starting optimization for tf=1.1636363636363636
2019-02-27 21:14:12,101 [MainThread  ][DEBUG]  Optimization method: Nelder-Mead
2019-02-27 21:14:12,101 [MainThread  ][DEBUG]  Optimization options: None
2019-02-27 21:14:12,102 [MainThread  ][INFO ]  Initial parameter values: [ 6.78065089  0.58181818  1.93878574  2.62985139]
2019-02-27 21:16:53,233 [MainThread  ][INFO ]  Final fidelity: 0.9326361097693338
2019-02-27 21:16:53,236 [MainThread  ][INFO ]  Final parameters: [ 6.48642487  0.59796076 -0.2036554   0.17137911]
2019-02-27 21:16:53,236 [MainThread  ][INFO ]  Fidelity: 0.9326361097693338
2019-02-27 21:16:53,236 [MainThread  ][INFO ]  ---- Starting iteration 29/100
2019-02-27 21:16:53,236 [MainThread  ][DEBUG]  Setting hyperparameter tf=1.2030303030303031
2019-02-27 21:16:53,236 [MainThread  ][INFO ]  Starting optimization for tf=1.2030303030303031
2019-02-27 21:16:53,236 [MainThread  ][DEBUG]  Optimization method: Nelder-Mead
2019-02-27 21:16:53,236 [MainThread  ][DEBUG]  Optimization options: None
2019-02-27 21:16:53,237 [MainThread  ][INFO ]  Initial parameter values: [ 0.90451218  0.60151515  7.54674871  4.32595732]
2019-02-27 21:18:47,335 [MainThread  ][INFO ]  Final fidelity: 0.9480697001674445
2019-02-27 21:18:47,347 [MainThread  ][INFO ]  Final parameters: [  2.23276177e+00   3.97269383e-07   9.14012698e+00  -1.84343522e+00]
2019-02-27 21:18:47,348 [MainThread  ][INFO ]  Fidelity: 0.9480697001674445
2019-02-27 21:18:47,348 [MainThread  ][INFO ]  ---- Starting iteration 30/100
2019-02-27 21:18:47,348 [MainThread  ][DEBUG]  Setting hyperparameter tf=1.2424242424242424
2019-02-27 21:18:47,348 [MainThread  ][INFO ]  Starting optimization for tf=1.2424242424242424
2019-02-27 21:18:47,348 [MainThread  ][DEBUG]  Optimization method: Nelder-Mead
2019-02-27 21:18:47,348 [MainThread  ][DEBUG]  Optimization options: None
2019-02-27 21:18:47,348 [MainThread  ][INFO ]  Initial parameter values: [ 6.07565686  0.62121212  7.98456912  4.10798563]
2019-02-27 21:21:03,821 [MainThread  ][INFO ]  Final fidelity: 0.9124996397183277
2019-02-27 21:21:03,822 [MainThread  ][INFO ]  Final parameters: [ 5.19091653  0.85793661 -0.49391525  0.42194119]
2019-02-27 21:21:03,822 [MainThread  ][INFO ]  Fidelity: 0.9124996397183277
2019-02-27 21:21:03,822 [MainThread  ][INFO ]  ---- Starting iteration 31/100
2019-02-27 21:21:03,822 [MainThread  ][DEBUG]  Setting hyperparameter tf=1.2818181818181817
2019-02-27 21:21:03,822 [MainThread  ][INFO ]  Starting optimization for tf=1.2818181818181817
2019-02-27 21:21:03,823 [MainThread  ][DEBUG]  Optimization method: Nelder-Mead
2019-02-27 21:21:03,823 [MainThread  ][DEBUG]  Optimization options: None
2019-02-27 21:21:03,823 [MainThread  ][INFO ]  Initial parameter values: [ 8.32708199  0.64090909  6.33883315  4.20235131]
2019-02-27 21:23:34,392 [MainThread  ][INFO ]  Final fidelity: 0.9170934582185818
2019-02-27 21:23:34,394 [MainThread  ][INFO ]  Final parameters: [ 5.10611503  0.90203921 -0.07507228  0.08306179]
2019-02-27 21:23:34,394 [MainThread  ][INFO ]  Fidelity: 0.9170934582185818
2019-02-27 21:23:34,394 [MainThread  ][INFO ]  ---- Starting iteration 32/100
2019-02-27 21:23:34,394 [MainThread  ][DEBUG]  Setting hyperparameter tf=1.3212121212121213
2019-02-27 21:23:34,394 [MainThread  ][INFO ]  Starting optimization for tf=1.3212121212121213
2019-02-27 21:23:34,395 [MainThread  ][DEBUG]  Optimization method: Nelder-Mead
2019-02-27 21:23:34,395 [MainThread  ][DEBUG]  Optimization options: None
2019-02-27 21:23:34,395 [MainThread  ][INFO ]  Initial parameter values: [ 9.79795191  0.66060606  9.24775869  2.12750143]
2019-02-27 21:28:19,985 [MainThread  ][INFO ]  Final fidelity: 0.9508341325206433
2019-02-27 21:28:19,988 [MainThread  ][INFO ]  Final parameters: [-5.91329762  0.78500117  0.13524131  0.13674869]
2019-02-27 21:28:19,988 [MainThread  ][INFO ]  Fidelity: 0.9508341325206433
2019-02-27 21:28:19,988 [MainThread  ][INFO ]  ---- Starting iteration 33/100
2019-02-27 21:28:19,989 [MainThread  ][DEBUG]  Setting hyperparameter tf=1.3606060606060606
2019-02-27 21:28:19,989 [MainThread  ][INFO ]  Starting optimization for tf=1.3606060606060606
2019-02-27 21:28:19,989 [MainThread  ][DEBUG]  Optimization method: Nelder-Mead
2019-02-27 21:28:19,989 [MainThread  ][DEBUG]  Optimization options: None
2019-02-27 21:28:19,989 [MainThread  ][INFO ]  Initial parameter values: [ 0.30714915  0.68030303  5.68094094  6.1877178 ]
2019-02-27 21:31:53,197 [MainThread  ][INFO ]  Final fidelity: 0.9291754967479565
2019-02-27 21:31:53,200 [MainThread  ][INFO ]  Final parameters: [ 5.07839439  0.97740524 -0.54201987  0.47793828]
2019-02-27 21:31:53,200 [MainThread  ][INFO ]  Fidelity: 0.9291754967479565
2019-02-27 21:31:53,200 [MainThread  ][INFO ]  ---- Starting iteration 34/100
2019-02-27 21:31:53,200 [MainThread  ][DEBUG]  Setting hyperparameter tf=1.4
2019-02-27 21:31:53,200 [MainThread  ][INFO ]  Starting optimization for tf=1.4
2019-02-27 21:31:53,200 [MainThread  ][DEBUG]  Optimization method: Nelder-Mead
2019-02-27 21:31:53,200 [MainThread  ][DEBUG]  Optimization options: None
2019-02-27 21:31:53,201 [MainThread  ][INFO ]  Initial parameter values: [ 6.233105    0.7         1.02024711  7.09844089]
2019-02-27 21:34:30,528 [MainThread  ][INFO ]  Final fidelity: 0.9755565858741452
2019-02-27 21:34:30,541 [MainThread  ][INFO ]  Final parameters: [ 6.33818659  0.77095267  0.30214114 -0.22017975]
2019-02-27 21:34:30,541 [MainThread  ][INFO ]  Fidelity: 0.9755565858741452
2019-02-27 21:34:30,541 [MainThread  ][INFO ]  ---- Starting iteration 35/100
2019-02-27 21:34:30,542 [MainThread  ][DEBUG]  Setting hyperparameter tf=1.4393939393939394
2019-02-27 21:34:30,542 [MainThread  ][INFO ]  Starting optimization for tf=1.4393939393939394
2019-02-27 21:34:30,542 [MainThread  ][DEBUG]  Optimization method: Nelder-Mead
2019-02-27 21:34:30,542 [MainThread  ][DEBUG]  Optimization options: None
2019-02-27 21:34:30,542 [MainThread  ][INFO ]  Initial parameter values: [ 7.24114057  0.71969697  2.50084079  2.45241253]
2019-02-27 21:36:24,270 [MainThread  ][INFO ]  Final fidelity: 0.9879095819660778
2019-02-27 21:36:24,272 [MainThread  ][INFO ]  Final parameters: [ 6.76572031  0.74181796 -0.00836909  0.03290389]
2019-02-27 21:36:24,272 [MainThread  ][INFO ]  Fidelity: 0.9879095819660778
2019-02-27 21:36:24,272 [MainThread  ][INFO ]  ---- Starting iteration 36/100
2019-02-27 21:36:24,272 [MainThread  ][DEBUG]  Setting hyperparameter tf=1.4787878787878788
2019-02-27 21:36:24,272 [MainThread  ][INFO ]  Starting optimization for tf=1.4787878787878788
2019-02-27 21:36:24,272 [MainThread  ][DEBUG]  Optimization method: Nelder-Mead
2019-02-27 21:36:24,272 [MainThread  ][DEBUG]  Optimization options: None
2019-02-27 21:36:24,273 [MainThread  ][INFO ]  Initial parameter values: [ 0.43133729  0.73939394  5.88260643  6.17037152]
2019-02-27 21:39:59,260 [MainThread  ][INFO ]  Final fidelity: 0.9757085357704607
2019-02-27 21:39:59,283 [MainThread  ][INFO ]  Final parameters: [ 5.8548108   0.9104642  -0.45553601  0.39031177]
2019-02-27 21:39:59,283 [MainThread  ][INFO ]  Fidelity: 0.9757085357704607
2019-02-27 21:39:59,283 [MainThread  ][INFO ]  ---- Starting iteration 37/100
2019-02-27 21:39:59,283 [MainThread  ][DEBUG]  Setting hyperparameter tf=1.518181818181818
2019-02-27 21:39:59,283 [MainThread  ][INFO ]  Starting optimization for tf=1.518181818181818
2019-02-27 21:39:59,283 [MainThread  ][DEBUG]  Optimization method: Nelder-Mead
2019-02-27 21:39:59,283 [MainThread  ][DEBUG]  Optimization options: None
2019-02-27 21:39:59,284 [MainThread  ][INFO ]  Initial parameter values: [ 9.94570767  0.75909091  0.98544538  0.2228088 ]
2019-02-27 21:41:00,583 [MainThread  ][INFO ]  Final fidelity: 0.9954770153407759
2019-02-27 21:41:00,601 [MainThread  ][INFO ]  Final parameters: [ 7.32197194  0.7028215   1.08738055  0.24869933]
2019-02-27 21:41:00,601 [MainThread  ][INFO ]  Fidelity: 0.9954770153407759
2019-02-27 21:41:00,601 [MainThread  ][INFO ]  ---- Starting iteration 38/100
2019-02-27 21:41:00,601 [MainThread  ][DEBUG]  Setting hyperparameter tf=1.5575757575757576
2019-02-27 21:41:00,602 [MainThread  ][INFO ]  Starting optimization for tf=1.5575757575757576
2019-02-27 21:41:00,602 [MainThread  ][DEBUG]  Optimization method: Nelder-Mead
2019-02-27 21:41:00,602 [MainThread  ][DEBUG]  Optimization options: None
2019-02-27 21:41:00,602 [MainThread  ][INFO ]  Initial parameter values: [ 2.70695754  0.77878788  0.70567181  0.85343697]
2019-02-27 21:42:51,293 [MainThread  ][INFO ]  Final fidelity: 0.9945965693351666
2019-02-27 21:42:51,320 [MainThread  ][INFO ]  Final parameters: [ 6.48973046  0.86077849 -0.24248332  0.29292694]
2019-02-27 21:42:51,320 [MainThread  ][INFO ]  Fidelity: 0.9945965693351666
2019-02-27 21:42:51,320 [MainThread  ][INFO ]  ---- Starting iteration 39/100
2019-02-27 21:42:51,320 [MainThread  ][DEBUG]  Setting hyperparameter tf=1.596969696969697
2019-02-27 21:42:51,320 [MainThread  ][INFO ]  Starting optimization for tf=1.596969696969697
2019-02-27 21:42:51,320 [MainThread  ][DEBUG]  Optimization method: Nelder-Mead
2019-02-27 21:42:51,321 [MainThread  ][DEBUG]  Optimization options: None
2019-02-27 21:42:51,321 [MainThread  ][INFO ]  Initial parameter values: [ 2.48766706  0.79848485  7.9064031   4.90259415]
2019-02-27 21:44:44,256 [MainThread  ][INFO ]  Final fidelity: 0.9360552646601661
2019-02-27 21:44:44,271 [MainThread  ][INFO ]  Final parameters: [ 4.39823551  1.28044362 -3.35406421  1.66035901]
2019-02-27 21:44:44,271 [MainThread  ][INFO ]  Fidelity: 0.9360552646601661
2019-02-27 21:44:44,271 [MainThread  ][INFO ]  ---- Starting iteration 40/100
2019-02-27 21:44:44,271 [MainThread  ][DEBUG]  Setting hyperparameter tf=1.6363636363636362
2019-02-27 21:44:44,272 [MainThread  ][INFO ]  Starting optimization for tf=1.6363636363636362
2019-02-27 21:44:44,272 [MainThread  ][DEBUG]  Optimization method: Nelder-Mead
2019-02-27 21:44:44,272 [MainThread  ][DEBUG]  Optimization options: None
2019-02-27 21:44:44,272 [MainThread  ][INFO ]  Initial parameter values: [ 3.60415552  0.81818182  2.19182297  6.39008853]
2019-02-27 21:47:44,214 [MainThread  ][INFO ]  Final fidelity: 0.9947082941376136
2019-02-27 21:47:44,215 [MainThread  ][INFO ]  Final parameters: [ 5.99046743  1.00262122  0.4656914  -0.36196667]
2019-02-27 21:47:44,215 [MainThread  ][INFO ]  Fidelity: 0.9947082941376136
2019-02-27 21:47:44,216 [MainThread  ][INFO ]  ---- Starting iteration 41/100
2019-02-27 21:47:44,216 [MainThread  ][DEBUG]  Setting hyperparameter tf=1.6757575757575758
2019-02-27 21:47:44,216 [MainThread  ][INFO ]  Starting optimization for tf=1.6757575757575758
2019-02-27 21:47:44,216 [MainThread  ][DEBUG]  Optimization method: Nelder-Mead
2019-02-27 21:47:44,216 [MainThread  ][DEBUG]  Optimization options: None
2019-02-27 21:47:44,216 [MainThread  ][INFO ]  Initial parameter values: [ 8.71917681  0.83787879  3.83255771  8.98553725]
2019-02-27 21:51:05,077 [MainThread  ][INFO ]  Final fidelity: 0.9072190360311294
2019-02-27 21:51:05,079 [MainThread  ][INFO ]  Final parameters: [-3.96280423  1.63364446  0.19491077 -0.40693339]
2019-02-27 21:51:05,079 [MainThread  ][INFO ]  Fidelity: 0.9072190360311294
2019-02-27 21:51:05,079 [MainThread  ][INFO ]  ---- Starting iteration 42/100
2019-02-27 21:51:05,079 [MainThread  ][DEBUG]  Setting hyperparameter tf=1.715151515151515
2019-02-27 21:51:05,079 [MainThread  ][INFO ]  Starting optimization for tf=1.715151515151515
2019-02-27 21:51:05,079 [MainThread  ][DEBUG]  Optimization method: Nelder-Mead
2019-02-27 21:51:05,079 [MainThread  ][DEBUG]  Optimization options: None
2019-02-27 21:51:05,080 [MainThread  ][INFO ]  Initial parameter values: [ 8.33101061  0.85757576  1.40196747  7.07596333]
2019-02-27 21:52:48,518 [MainThread  ][INFO ]  Final fidelity: 0.9959781851375885
2019-02-27 21:52:48,519 [MainThread  ][INFO ]  Final parameters: [ 7.20827105  0.66416527  1.63814615  3.42407388]
2019-02-27 21:52:48,519 [MainThread  ][INFO ]  Fidelity: 0.9959781851375885
2019-02-27 21:52:48,520 [MainThread  ][INFO ]  ---- Starting iteration 43/100
2019-02-27 21:52:48,520 [MainThread  ][DEBUG]  Setting hyperparameter tf=1.7545454545454544
2019-02-27 21:52:48,520 [MainThread  ][INFO ]  Starting optimization for tf=1.7545454545454544
2019-02-27 21:52:48,520 [MainThread  ][DEBUG]  Optimization method: Nelder-Mead
2019-02-27 21:52:48,520 [MainThread  ][DEBUG]  Optimization options: None
2019-02-27 21:52:48,520 [MainThread  ][INFO ]  Initial parameter values: [ 9.85845291  0.87727273  7.36486356  5.65576906]
2019-02-27 21:55:35,640 [MainThread  ][INFO ]  Final fidelity: 0.9259147219650166
2019-02-27 21:55:35,651 [MainThread  ][INFO ]  Final parameters: [-4.11456439  1.65285877  2.44134087 -1.22693796]
2019-02-27 21:55:35,651 [MainThread  ][INFO ]  Fidelity: 0.9259147219650166
2019-02-27 21:55:35,651 [MainThread  ][INFO ]  ---- Starting iteration 44/100
2019-02-27 21:55:35,651 [MainThread  ][DEBUG]  Setting hyperparameter tf=1.793939393939394
2019-02-27 21:55:35,651 [MainThread  ][INFO ]  Starting optimization for tf=1.793939393939394
2019-02-27 21:55:35,651 [MainThread  ][DEBUG]  Optimization method: Nelder-Mead
2019-02-27 21:55:35,652 [MainThread  ][DEBUG]  Optimization options: None
2019-02-27 21:55:35,652 [MainThread  ][INFO ]  Initial parameter values: [ 4.63159124  0.8969697   1.52324606  5.42118962]
2019-02-27 21:56:48,323 [MainThread  ][INFO ]  Final fidelity: 0.9950056851802275
2019-02-27 21:56:48,335 [MainThread  ][INFO ]  Final parameters: [ 6.23068576  0.9178676   1.60557739  3.07930771]
2019-02-27 21:56:48,336 [MainThread  ][INFO ]  Fidelity: 0.9950056851802275
2019-02-27 21:56:48,336 [MainThread  ][INFO ]  ---- Starting iteration 45/100
2019-02-27 21:56:48,336 [MainThread  ][DEBUG]  Setting hyperparameter tf=1.8333333333333333
2019-02-27 21:56:48,336 [MainThread  ][INFO ]  Starting optimization for tf=1.8333333333333333
2019-02-27 21:56:48,336 [MainThread  ][DEBUG]  Optimization method: Nelder-Mead
2019-02-27 21:56:48,336 [MainThread  ][DEBUG]  Optimization options: None
2019-02-27 21:56:48,337 [MainThread  ][INFO ]  Initial parameter values: [ 8.60071215  0.91666667  2.80685365  8.21742873]
2019-02-27 21:59:05,433 [MainThread  ][INFO ]  Final fidelity: 0.993004920483997
2019-02-27 21:59:05,449 [MainThread  ][INFO ]  Final parameters: [-5.20123692  1.35407876  0.95184815 -0.04265625]
2019-02-27 21:59:05,449 [MainThread  ][INFO ]  Fidelity: 0.993004920483997
2019-02-27 21:59:05,449 [MainThread  ][INFO ]  ---- Starting iteration 46/100
2019-02-27 21:59:05,449 [MainThread  ][DEBUG]  Setting hyperparameter tf=1.8727272727272726
2019-02-27 21:59:05,449 [MainThread  ][INFO ]  Starting optimization for tf=1.8727272727272726
2019-02-27 21:59:05,449 [MainThread  ][DEBUG]  Optimization method: Nelder-Mead
2019-02-27 21:59:05,449 [MainThread  ][DEBUG]  Optimization options: None
2019-02-27 21:59:05,450 [MainThread  ][INFO ]  Initial parameter values: [ 1.47142264  0.93636364  7.06864066  7.42662807]
2019-02-27 22:00:50,261 [MainThread  ][INFO ]  Final fidelity: 0.992514181901582
2019-02-27 22:00:50,296 [MainThread  ][INFO ]  Final parameters: [ 3.24572423  0.34885592  7.99165673  0.45371997]
2019-02-27 22:00:50,296 [MainThread  ][INFO ]  Fidelity: 0.992514181901582
2019-02-27 22:00:50,296 [MainThread  ][INFO ]  ---- Starting iteration 47/100
2019-02-27 22:00:50,296 [MainThread  ][DEBUG]  Setting hyperparameter tf=1.912121212121212
2019-02-27 22:00:50,296 [MainThread  ][INFO ]  Starting optimization for tf=1.912121212121212
2019-02-27 22:00:50,296 [MainThread  ][DEBUG]  Optimization method: Nelder-Mead
2019-02-27 22:00:50,296 [MainThread  ][DEBUG]  Optimization options: None
2019-02-27 22:00:50,297 [MainThread  ][INFO ]  Initial parameter values: [ 6.97232869  0.95606061  8.75200038  2.83661605]
2019-02-27 22:03:35,777 [MainThread  ][INFO ]  Final fidelity: 0.9972900672064651
2019-02-27 22:03:35,795 [MainThread  ][INFO ]  Final parameters: [ 5.24871625  1.4052406  -1.08635656  0.89548553]
2019-02-27 22:03:35,795 [MainThread  ][INFO ]  Fidelity: 0.9972900672064651
2019-02-27 22:03:35,795 [MainThread  ][INFO ]  ---- Starting iteration 48/100
2019-02-27 22:03:35,795 [MainThread  ][DEBUG]  Setting hyperparameter tf=1.9515151515151514
2019-02-27 22:03:35,796 [MainThread  ][INFO ]  Starting optimization for tf=1.9515151515151514
2019-02-27 22:03:35,796 [MainThread  ][DEBUG]  Optimization method: Nelder-Mead
2019-02-27 22:03:35,796 [MainThread  ][DEBUG]  Optimization options: None
2019-02-27 22:03:35,796 [MainThread  ][INFO ]  Initial parameter values: [ 1.13592422  0.97575758  8.85619095  1.96945852]
2019-02-27 22:05:06,401 [MainThread  ][INFO ]  Final fidelity: 0.997587212314604
2019-02-27 22:05:06,416 [MainThread  ][INFO ]  Final parameters: [ 1.5965043   0.0072246   6.6515179   2.34976067]
2019-02-27 22:05:06,416 [MainThread  ][INFO ]  Fidelity: 0.997587212314604
2019-02-27 22:05:06,416 [MainThread  ][INFO ]  ---- Starting iteration 49/100
2019-02-27 22:05:06,416 [MainThread  ][DEBUG]  Setting hyperparameter tf=1.9909090909090907
2019-02-27 22:05:06,417 [MainThread  ][INFO ]  Starting optimization for tf=1.9909090909090907
2019-02-27 22:05:06,417 [MainThread  ][DEBUG]  Optimization method: Nelder-Mead
2019-02-27 22:05:06,417 [MainThread  ][DEBUG]  Optimization options: None
2019-02-27 22:05:06,417 [MainThread  ][INFO ]  Initial parameter values: [ 6.00263074  0.99545455  2.27425499  0.4761027 ]
2019-02-27 22:07:53,476 [MainThread  ][INFO ]  Final fidelity: 0.9956590091137351
2019-02-27 22:07:53,500 [MainThread  ][INFO ]  Final parameters: [ 5.85636387  0.98131143  2.35947973  3.79481444]
2019-02-27 22:07:53,500 [MainThread  ][INFO ]  Fidelity: 0.9956590091137351
2019-02-27 22:07:53,500 [MainThread  ][INFO ]  ---- Starting iteration 50/100
2019-02-27 22:07:53,500 [MainThread  ][DEBUG]  Setting hyperparameter tf=2.0303030303030303
2019-02-27 22:07:53,500 [MainThread  ][INFO ]  Starting optimization for tf=2.0303030303030303
2019-02-27 22:07:53,500 [MainThread  ][DEBUG]  Optimization method: Nelder-Mead
2019-02-27 22:07:53,500 [MainThread  ][DEBUG]  Optimization options: None
2019-02-27 22:07:53,500 [MainThread  ][INFO ]  Initial parameter values: [ 0.21537329  1.01515152  8.26094434  1.73338311]
2019-02-27 22:10:16,907 [MainThread  ][INFO ]  Final fidelity: 0.994180508306043
2019-02-27 22:10:16,924 [MainThread  ][INFO ]  Final parameters: [ 0.34354657  0.38970676  7.99351416  0.74635883]
2019-02-27 22:10:16,924 [MainThread  ][INFO ]  Fidelity: 0.994180508306043
2019-02-27 22:10:16,924 [MainThread  ][INFO ]  ---- Starting iteration 51/100
2019-02-27 22:10:16,924 [MainThread  ][DEBUG]  Setting hyperparameter tf=2.0696969696969694
2019-02-27 22:10:16,924 [MainThread  ][INFO ]  Starting optimization for tf=2.0696969696969694
2019-02-27 22:10:16,924 [MainThread  ][DEBUG]  Optimization method: Nelder-Mead
2019-02-27 22:10:16,924 [MainThread  ][DEBUG]  Optimization options: None
2019-02-27 22:10:16,925 [MainThread  ][INFO ]  Initial parameter values: [ 4.76481707  1.03484848  2.88989264  7.89674083]
2019-02-27 22:12:02,370 [MainThread  ][INFO ]  Final fidelity: 0.9978134090299686
2019-02-27 22:12:02,394 [MainThread  ][INFO ]  Final parameters: [ 5.10919057  1.50392676  2.64045912  1.4710074 ]
2019-02-27 22:12:02,394 [MainThread  ][INFO ]  Fidelity: 0.9978134090299686
2019-02-27 22:12:02,394 [MainThread  ][INFO ]  ---- Starting iteration 52/100
2019-02-27 22:12:02,394 [MainThread  ][DEBUG]  Setting hyperparameter tf=2.109090909090909
2019-02-27 22:12:02,395 [MainThread  ][INFO ]  Starting optimization for tf=2.109090909090909
2019-02-27 22:12:02,395 [MainThread  ][DEBUG]  Optimization method: Nelder-Mead
2019-02-27 22:12:02,395 [MainThread  ][DEBUG]  Optimization options: None
2019-02-27 22:12:02,395 [MainThread  ][INFO ]  Initial parameter values: [ 5.72357623  1.05454545  5.0450277   3.72720688]
2019-02-27 22:13:54,841 [MainThread  ][INFO ]  Final fidelity: 0.9964014868097536
2019-02-27 22:13:54,841 [MainThread  ][INFO ]  Final parameters: [ 5.20349494  1.41424818  1.68824158  3.54660565]
2019-02-27 22:13:54,842 [MainThread  ][INFO ]  Fidelity: 0.9964014868097536
2019-02-27 22:13:54,842 [MainThread  ][INFO ]  ---- Starting iteration 53/100
2019-02-27 22:13:54,842 [MainThread  ][DEBUG]  Setting hyperparameter tf=2.1484848484848484
2019-02-27 22:13:54,842 [MainThread  ][INFO ]  Starting optimization for tf=2.1484848484848484
2019-02-27 22:13:54,842 [MainThread  ][DEBUG]  Optimization method: Nelder-Mead
2019-02-27 22:13:54,842 [MainThread  ][DEBUG]  Optimization options: None
2019-02-27 22:13:54,842 [MainThread  ][INFO ]  Initial parameter values: [ 7.25561461  1.07424242  3.15899211  7.67516715]
2019-02-27 22:16:12,511 [MainThread  ][INFO ]  Final fidelity: 0.9978400656655988
2019-02-27 22:16:12,522 [MainThread  ][INFO ]  Final parameters: [ 5.30597256  1.2839787   2.41730413  3.79240035]
2019-02-27 22:16:12,522 [MainThread  ][INFO ]  Fidelity: 0.9978400656655988
2019-02-27 22:16:12,522 [MainThread  ][INFO ]  ---- Starting iteration 54/100
2019-02-27 22:16:12,522 [MainThread  ][DEBUG]  Setting hyperparameter tf=2.187878787878788
2019-02-27 22:16:12,523 [MainThread  ][INFO ]  Starting optimization for tf=2.187878787878788
2019-02-27 22:16:12,523 [MainThread  ][DEBUG]  Optimization method: Nelder-Mead
2019-02-27 22:16:12,523 [MainThread  ][DEBUG]  Optimization options: None
2019-02-27 22:16:12,523 [MainThread  ][INFO ]  Initial parameter values: [ 1.82561199  1.09393939  7.49778757  9.13241638]
2019-02-27 22:17:43,882 [MainThread  ][INFO ]  Final fidelity: 0.9987412834610663
2019-02-27 22:17:43,883 [MainThread  ][INFO ]  Final parameters: [ 4.18695379  0.16126263  6.05470161  2.87116629]
2019-02-27 22:17:43,883 [MainThread  ][INFO ]  Fidelity: 0.9987412834610663
2019-02-27 22:17:43,883 [MainThread  ][INFO ]  ---- Starting iteration 55/100
2019-02-27 22:17:43,883 [MainThread  ][DEBUG]  Setting hyperparameter tf=2.227272727272727
2019-02-27 22:17:43,883 [MainThread  ][INFO ]  Starting optimization for tf=2.227272727272727
2019-02-27 22:17:43,883 [MainThread  ][DEBUG]  Optimization method: Nelder-Mead
2019-02-27 22:17:43,883 [MainThread  ][DEBUG]  Optimization options: None
2019-02-27 22:17:43,884 [MainThread  ][INFO ]  Initial parameter values: [ 0.07814113  1.11363636  2.43505843  8.63481849]
2019-02-27 22:19:49,238 [MainThread  ][INFO ]  Final fidelity: 0.9966874658819043
2019-02-27 22:19:49,244 [MainThread  ][INFO ]  Final parameters: [ 0.03225911  0.40128181  7.12508019  1.82991819]
2019-02-27 22:19:49,244 [MainThread  ][INFO ]  Fidelity: 0.9966874658819043
2019-02-27 22:19:49,244 [MainThread  ][INFO ]  ---- Starting iteration 56/100
2019-02-27 22:19:49,244 [MainThread  ][DEBUG]  Setting hyperparameter tf=2.2666666666666666
2019-02-27 22:19:49,244 [MainThread  ][INFO ]  Starting optimization for tf=2.2666666666666666
2019-02-27 22:19:49,245 [MainThread  ][DEBUG]  Optimization method: Nelder-Mead
2019-02-27 22:19:49,245 [MainThread  ][DEBUG]  Optimization options: None
2019-02-27 22:19:49,245 [MainThread  ][INFO ]  Initial parameter values: [ 8.38763567  1.13333333  8.69330507  6.33940016]
2019-02-27 22:23:08,920 [MainThread  ][INFO ]  Final fidelity: 0.9705605368834884
2019-02-27 22:23:08,952 [MainThread  ][INFO ]  Final parameters: [-4.22292433  2.23196639  4.44285227 -9.9994039 ]
2019-02-27 22:23:08,952 [MainThread  ][INFO ]  Fidelity: 0.9705605368834884
2019-02-27 22:23:08,952 [MainThread  ][INFO ]  ---- Starting iteration 57/100
2019-02-27 22:23:08,952 [MainThread  ][DEBUG]  Setting hyperparameter tf=2.306060606060606
2019-02-27 22:23:08,952 [MainThread  ][INFO ]  Starting optimization for tf=2.306060606060606
2019-02-27 22:23:08,952 [MainThread  ][DEBUG]  Optimization method: Nelder-Mead
2019-02-27 22:23:08,952 [MainThread  ][DEBUG]  Optimization options: None
2019-02-27 22:23:08,953 [MainThread  ][INFO ]  Initial parameter values: [ 9.86463184  1.1530303   3.20954269  8.20394344]
2019-02-27 22:26:44,099 [MainThread  ][INFO ]  Final fidelity: 0.9668254135484137
2019-02-27 22:26:44,114 [MainThread  ][INFO ]  Final parameters: [ 4.16998329  2.29062868 -0.89328395 -9.98633576]
2019-02-27 22:26:44,114 [MainThread  ][INFO ]  Fidelity: 0.9668254135484137
2019-02-27 22:26:44,114 [MainThread  ][INFO ]  ---- Starting iteration 58/100
2019-02-27 22:26:44,114 [MainThread  ][DEBUG]  Setting hyperparameter tf=2.3454545454545452
2019-02-27 22:26:44,114 [MainThread  ][INFO ]  Starting optimization for tf=2.3454545454545452
2019-02-27 22:26:44,114 [MainThread  ][DEBUG]  Optimization method: Nelder-Mead
2019-02-27 22:26:44,114 [MainThread  ][DEBUG]  Optimization options: None
2019-02-27 22:26:44,115 [MainThread  ][INFO ]  Initial parameter values: [ 9.37056655  1.17272727  0.08884407  4.16950296]
2019-02-27 22:28:09,476 [MainThread  ][INFO ]  Final fidelity: 0.994712347848011
2019-02-27 22:28:09,494 [MainThread  ][INFO ]  Final parameters: [ 5.60070337  1.22284179  0.04797618  5.99015501]
2019-02-27 22:28:09,494 [MainThread  ][INFO ]  Fidelity: 0.994712347848011
2019-02-27 22:28:09,494 [MainThread  ][INFO ]  ---- Starting iteration 59/100
2019-02-27 22:28:09,494 [MainThread  ][DEBUG]  Setting hyperparameter tf=2.3848484848484848
2019-02-27 22:28:09,495 [MainThread  ][INFO ]  Starting optimization for tf=2.3848484848484848
2019-02-27 22:28:09,495 [MainThread  ][DEBUG]  Optimization method: Nelder-Mead
2019-02-27 22:28:09,495 [MainThread  ][DEBUG]  Optimization options: None
2019-02-27 22:28:09,495 [MainThread  ][INFO ]  Initial parameter values: [ 6.13945057  1.19242424  7.63211186  1.95597554]
2019-02-27 22:29:17,177 [MainThread  ][INFO ]  Final fidelity: 0.9979908798996613
2019-02-27 22:29:17,178 [MainThread  ][INFO ]  Final parameters: [ 4.70207108  1.37445423  5.39634454  2.2873472 ]
2019-02-27 22:29:17,178 [MainThread  ][INFO ]  Fidelity: 0.9979908798996613
2019-02-27 22:29:17,178 [MainThread  ][INFO ]  ---- Starting iteration 60/100
2019-02-27 22:29:17,178 [MainThread  ][DEBUG]  Setting hyperparameter tf=2.4242424242424243
2019-02-27 22:29:17,178 [MainThread  ][INFO ]  Starting optimization for tf=2.4242424242424243
2019-02-27 22:29:17,178 [MainThread  ][DEBUG]  Optimization method: Nelder-Mead
2019-02-27 22:29:17,178 [MainThread  ][DEBUG]  Optimization options: None
2019-02-27 22:29:17,179 [MainThread  ][INFO ]  Initial parameter values: [ 4.69969895  1.21212121  9.56196627  0.28633788]
2019-02-27 22:30:23,566 [MainThread  ][INFO ]  Final fidelity: 0.9898366858669145
2019-02-27 22:30:23,596 [MainThread  ][INFO ]  Final parameters: [ 4.30361238  1.3918064   7.28419529  0.31667261]
2019-02-27 22:30:23,596 [MainThread  ][INFO ]  Fidelity: 0.9898366858669145
2019-02-27 22:30:23,596 [MainThread  ][INFO ]  ---- Starting iteration 61/100
2019-02-27 22:30:23,596 [MainThread  ][DEBUG]  Setting hyperparameter tf=2.4636363636363634
2019-02-27 22:30:23,596 [MainThread  ][INFO ]  Starting optimization for tf=2.4636363636363634
2019-02-27 22:30:23,596 [MainThread  ][DEBUG]  Optimization method: Nelder-Mead
2019-02-27 22:30:23,596 [MainThread  ][DEBUG]  Optimization options: None
2019-02-27 22:30:23,597 [MainThread  ][INFO ]  Initial parameter values: [ 0.70150905  1.23181818  4.85898016  2.47144545]
2019-02-27 22:32:04,335 [MainThread  ][INFO ]  Final fidelity: 0.9980222616035337
2019-02-27 22:32:04,339 [MainThread  ][INFO ]  Final parameters: [ 0.95103195  0.51611451  6.59462472  2.40001099]
2019-02-27 22:32:04,339 [MainThread  ][INFO ]  Fidelity: 0.9980222616035337
2019-02-27 22:32:04,339 [MainThread  ][INFO ]  ---- Starting iteration 62/100
2019-02-27 22:32:04,339 [MainThread  ][DEBUG]  Setting hyperparameter tf=2.503030303030303
2019-02-27 22:32:04,339 [MainThread  ][INFO ]  Starting optimization for tf=2.503030303030303
2019-02-27 22:32:04,339 [MainThread  ][DEBUG]  Optimization method: Nelder-Mead
2019-02-27 22:32:04,339 [MainThread  ][DEBUG]  Optimization options: None
2019-02-27 22:32:04,340 [MainThread  ][INFO ]  Initial parameter values: [ 6.63243916  1.25151515  8.58223036  8.2998456 ]
2019-02-27 22:33:21,561 [MainThread  ][INFO ]  Final fidelity: 0.9500604247670866
2019-02-27 22:33:21,566 [MainThread  ][INFO ]  Final parameters: [-4.17853876  2.48296527  8.97599238  5.1185101 ]
2019-02-27 22:33:21,566 [MainThread  ][INFO ]  Fidelity: 0.9500604247670866
2019-02-27 22:33:21,566 [MainThread  ][INFO ]  ---- Starting iteration 63/100
2019-02-27 22:33:21,566 [MainThread  ][DEBUG]  Setting hyperparameter tf=2.5424242424242425
2019-02-27 22:33:21,566 [MainThread  ][INFO ]  Starting optimization for tf=2.5424242424242425
2019-02-27 22:33:21,566 [MainThread  ][DEBUG]  Optimization method: Nelder-Mead
2019-02-27 22:33:21,566 [MainThread  ][DEBUG]  Optimization options: None
2019-02-27 22:33:21,567 [MainThread  ][INFO ]  Initial parameter values: [ 0.07301202  1.27121212  3.88962738  1.47248239]
2019-02-27 22:34:51,520 [MainThread  ][INFO ]  Final fidelity: 0.9980032124149099
2019-02-27 22:34:51,521 [MainThread  ][INFO ]  Final parameters: [ 0.05911883  0.47046042  6.24676678  2.7614697 ]
2019-02-27 22:34:51,521 [MainThread  ][INFO ]  Fidelity: 0.9980032124149099
2019-02-27 22:34:51,521 [MainThread  ][INFO ]  ---- Starting iteration 64/100
2019-02-27 22:34:51,521 [MainThread  ][DEBUG]  Setting hyperparameter tf=2.5818181818181816
2019-02-27 22:34:51,521 [MainThread  ][INFO ]  Starting optimization for tf=2.5818181818181816
2019-02-27 22:34:51,521 [MainThread  ][DEBUG]  Optimization method: Nelder-Mead
2019-02-27 22:34:51,522 [MainThread  ][DEBUG]  Optimization options: None
2019-02-27 22:34:51,522 [MainThread  ][INFO ]  Initial parameter values: [ 6.69926112  1.29090909  9.80168056  5.50806585]
2019-02-27 22:37:25,581 [MainThread  ][INFO ]  Final fidelity: 0.998766562977732
2019-02-27 22:37:25,584 [MainThread  ][INFO ]  Final parameters: [ 4.62737434  2.14609767  1.95352254  4.16820802]
2019-02-27 22:37:25,584 [MainThread  ][INFO ]  Fidelity: 0.998766562977732
2019-02-27 22:37:25,584 [MainThread  ][INFO ]  ---- Starting iteration 65/100
2019-02-27 22:37:25,585 [MainThread  ][DEBUG]  Setting hyperparameter tf=2.621212121212121
2019-02-27 22:37:25,585 [MainThread  ][INFO ]  Starting optimization for tf=2.621212121212121
2019-02-27 22:37:25,585 [MainThread  ][DEBUG]  Optimization method: Nelder-Mead
2019-02-27 22:37:25,585 [MainThread  ][DEBUG]  Optimization options: None
2019-02-27 22:37:25,585 [MainThread  ][INFO ]  Initial parameter values: [ 0.77749817  1.31060606  5.11479054  6.05787177]
2019-02-27 22:39:04,350 [MainThread  ][INFO ]  Final fidelity: 0.9956551837080705
2019-02-27 22:39:04,356 [MainThread  ][INFO ]  Final parameters: [ 0.97989583  0.91360337  7.56533043  1.29445215]
2019-02-27 22:39:04,357 [MainThread  ][INFO ]  Fidelity: 0.9956551837080705
2019-02-27 22:39:04,357 [MainThread  ][INFO ]  ---- Starting iteration 66/100
2019-02-27 22:39:04,357 [MainThread  ][DEBUG]  Setting hyperparameter tf=2.6606060606060606
2019-02-27 22:39:04,357 [MainThread  ][INFO ]  Starting optimization for tf=2.6606060606060606
2019-02-27 22:39:04,357 [MainThread  ][DEBUG]  Optimization method: Nelder-Mead
2019-02-27 22:39:04,357 [MainThread  ][DEBUG]  Optimization options: None
2019-02-27 22:39:04,357 [MainThread  ][INFO ]  Initial parameter values: [ 8.12528763  1.33030303  0.48689278  9.51840333]
2019-02-27 22:40:26,682 [MainThread  ][INFO ]  Final fidelity: 0.9970588181739256
2019-02-27 22:40:26,683 [MainThread  ][INFO ]  Final parameters: [ 4.89896763  1.7767264   0.5649578   6.21549459]
2019-02-27 22:40:26,683 [MainThread  ][INFO ]  Fidelity: 0.9970588181739256
2019-02-27 22:40:26,683 [MainThread  ][INFO ]  ---- Starting iteration 67/100
2019-02-27 22:40:26,683 [MainThread  ][DEBUG]  Setting hyperparameter tf=2.6999999999999997
2019-02-27 22:40:26,683 [MainThread  ][INFO ]  Starting optimization for tf=2.6999999999999997
2019-02-27 22:40:26,683 [MainThread  ][DEBUG]  Optimization method: Nelder-Mead
2019-02-27 22:40:26,683 [MainThread  ][DEBUG]  Optimization options: None
2019-02-27 22:40:26,684 [MainThread  ][INFO ]  Initial parameter values: [ 1.13063695  1.35        5.00957067  7.82388394]
2019-02-27 22:41:54,864 [MainThread  ][INFO ]  Final fidelity: 0.9968453697519607
2019-02-27 22:41:54,874 [MainThread  ][INFO ]  Final parameters: [ 0.97495156  0.87310279  7.04041105  1.91673368]
2019-02-27 22:41:54,874 [MainThread  ][INFO ]  Fidelity: 0.9968453697519607
2019-02-27 22:41:54,874 [MainThread  ][INFO ]  ---- Starting iteration 68/100
2019-02-27 22:41:54,874 [MainThread  ][DEBUG]  Setting hyperparameter tf=2.7393939393939393
2019-02-27 22:41:54,874 [MainThread  ][INFO ]  Starting optimization for tf=2.7393939393939393
2019-02-27 22:41:54,875 [MainThread  ][DEBUG]  Optimization method: Nelder-Mead
2019-02-27 22:41:54,875 [MainThread  ][DEBUG]  Optimization options: None
2019-02-27 22:41:54,875 [MainThread  ][INFO ]  Initial parameter values: [ 8.35867899  1.36969697  7.00335651  8.69191954]
2019-02-27 22:43:45,754 [MainThread  ][INFO ]  Final fidelity: 0.9848280187266136
2019-02-27 22:43:45,767 [MainThread  ][INFO ]  Final parameters: [-4.2690142   2.66709428  1.88131406  9.93123294]
2019-02-27 22:43:45,767 [MainThread  ][INFO ]  Fidelity: 0.9848280187266136
2019-02-27 22:43:45,767 [MainThread  ][INFO ]  ---- Starting iteration 69/100
2019-02-27 22:43:45,767 [MainThread  ][DEBUG]  Setting hyperparameter tf=2.778787878787879
2019-02-27 22:43:45,767 [MainThread  ][INFO ]  Starting optimization for tf=2.778787878787879
2019-02-27 22:43:45,767 [MainThread  ][DEBUG]  Optimization method: Nelder-Mead
2019-02-27 22:43:45,767 [MainThread  ][DEBUG]  Optimization options: None
2019-02-27 22:43:45,768 [MainThread  ][INFO ]  Initial parameter values: [ 7.56292286  1.38939394  1.5208047   0.86270506]
2019-02-27 22:44:57,864 [MainThread  ][INFO ]  Final fidelity: 0.9940405126476619
2019-02-27 22:44:57,879 [MainThread  ][INFO ]  Final parameters: [-4.60070314  2.54975291  1.74228962  1.02993157]
2019-02-27 22:44:57,880 [MainThread  ][INFO ]  Fidelity: 0.9940405126476619
2019-02-27 22:44:57,880 [MainThread  ][INFO ]  ---- Starting iteration 70/100
2019-02-27 22:44:57,880 [MainThread  ][DEBUG]  Setting hyperparameter tf=2.818181818181818
2019-02-27 22:44:57,880 [MainThread  ][INFO ]  Starting optimization for tf=2.818181818181818
2019-02-27 22:44:57,880 [MainThread  ][DEBUG]  Optimization method: Nelder-Mead
2019-02-27 22:44:57,880 [MainThread  ][DEBUG]  Optimization options: None
2019-02-27 22:44:57,880 [MainThread  ][INFO ]  Initial parameter values: [ 9.47508773  1.40909091  3.55611434  2.79980917]
2019-02-27 22:46:18,567 [MainThread  ][INFO ]  Final fidelity: 0.9978637320745473
2019-02-27 22:46:18,575 [MainThread  ][INFO ]  Final parameters: [ 4.57458801  1.5935688   4.52167937  3.93536955]
2019-02-27 22:46:18,575 [MainThread  ][INFO ]  Fidelity: 0.9978637320745473
2019-02-27 22:46:18,575 [MainThread  ][INFO ]  ---- Starting iteration 71/100
2019-02-27 22:46:18,575 [MainThread  ][DEBUG]  Setting hyperparameter tf=2.8575757575757574
2019-02-27 22:46:18,575 [MainThread  ][INFO ]  Starting optimization for tf=2.8575757575757574
2019-02-27 22:46:18,575 [MainThread  ][DEBUG]  Optimization method: Nelder-Mead
2019-02-27 22:46:18,575 [MainThread  ][DEBUG]  Optimization options: None
2019-02-27 22:46:18,576 [MainThread  ][INFO ]  Initial parameter values: [ 9.24078102  1.42878788  7.86763161  7.98231754]
2019-02-27 22:48:51,675 [MainThread  ][INFO ]  Final fidelity: 0.9951616620219841
2019-02-27 22:48:51,691 [MainThread  ][INFO ]  Final parameters: [-4.37746497  2.77716061 -0.54480249  7.27671125]
2019-02-27 22:48:51,692 [MainThread  ][INFO ]  Fidelity: 0.9951616620219841
2019-02-27 22:48:51,692 [MainThread  ][INFO ]  ---- Starting iteration 72/100
2019-02-27 22:48:51,692 [MainThread  ][DEBUG]  Setting hyperparameter tf=2.896969696969697
2019-02-27 22:48:51,692 [MainThread  ][INFO ]  Starting optimization for tf=2.896969696969697
2019-02-27 22:48:51,692 [MainThread  ][DEBUG]  Optimization method: Nelder-Mead
2019-02-27 22:48:51,692 [MainThread  ][DEBUG]  Optimization options: None
2019-02-27 22:48:51,692 [MainThread  ][INFO ]  Initial parameter values: [ 7.02911953  1.44848485  4.16405364  8.02581836]
2019-02-27 22:50:57,758 [MainThread  ][INFO ]  Final fidelity: 0.966922974676521
2019-02-27 22:50:57,776 [MainThread  ][INFO ]  Final parameters: [-4.26595902  2.67634001  9.01869752 -0.45124316]
2019-02-27 22:50:57,776 [MainThread  ][INFO ]  Fidelity: 0.966922974676521
2019-02-27 22:50:57,776 [MainThread  ][INFO ]  ---- Starting iteration 73/100
2019-02-27 22:50:57,776 [MainThread  ][DEBUG]  Setting hyperparameter tf=2.936363636363636
2019-02-27 22:50:57,776 [MainThread  ][INFO ]  Starting optimization for tf=2.936363636363636
2019-02-27 22:50:57,776 [MainThread  ][DEBUG]  Optimization method: Nelder-Mead
2019-02-27 22:50:57,776 [MainThread  ][DEBUG]  Optimization options: None
2019-02-27 22:50:57,776 [MainThread  ][INFO ]  Initial parameter values: [ 0.81946808  1.46818182  5.28142725  3.97258146]
2019-02-27 22:52:32,346 [MainThread  ][INFO ]  Final fidelity: 0.9980687951740641
2019-02-27 22:52:32,354 [MainThread  ][INFO ]  Final parameters: [ 1.06610182  0.86043155  6.18717358  2.82722101]
2019-02-27 22:52:32,354 [MainThread  ][INFO ]  Fidelity: 0.9980687951740641
2019-02-27 22:52:32,354 [MainThread  ][INFO ]  ---- Starting iteration 74/100
2019-02-27 22:52:32,354 [MainThread  ][DEBUG]  Setting hyperparameter tf=2.9757575757575756
2019-02-27 22:52:32,354 [MainThread  ][INFO ]  Starting optimization for tf=2.9757575757575756
2019-02-27 22:52:32,354 [MainThread  ][DEBUG]  Optimization method: Nelder-Mead
2019-02-27 22:52:32,354 [MainThread  ][DEBUG]  Optimization options: None
2019-02-27 22:52:32,355 [MainThread  ][INFO ]  Initial parameter values: [ 9.2684034   1.48787879  3.47680211  3.28273629]
2019-02-27 22:53:50,543 [MainThread  ][INFO ]  Final fidelity: 0.9974165332176838
2019-02-27 22:53:50,546 [MainThread  ][INFO ]  Final parameters: [ 4.24204773  1.56975145  5.41322359  3.44322593]
2019-02-27 22:53:50,546 [MainThread  ][INFO ]  Fidelity: 0.9974165332176838
2019-02-27 22:53:50,546 [MainThread  ][INFO ]  ---- Starting iteration 75/100
2019-02-27 22:53:50,546 [MainThread  ][DEBUG]  Setting hyperparameter tf=3.015151515151515
2019-02-27 22:53:50,546 [MainThread  ][INFO ]  Starting optimization for tf=3.015151515151515
2019-02-27 22:53:50,546 [MainThread  ][DEBUG]  Optimization method: Nelder-Mead
2019-02-27 22:53:50,546 [MainThread  ][DEBUG]  Optimization options: None
2019-02-27 22:53:50,547 [MainThread  ][INFO ]  Initial parameter values: [ 5.64126548  1.50757576  1.38668562  4.89918362]
2019-02-27 22:56:05,631 [MainThread  ][INFO ]  Final fidelity: 0.998677769725282
2019-02-27 22:56:05,636 [MainThread  ][INFO ]  Final parameters: [ 4.78885942  1.78029584  2.7560353   5.51181629]
2019-02-27 22:56:05,636 [MainThread  ][INFO ]  Fidelity: 0.998677769725282
2019-02-27 22:56:05,636 [MainThread  ][INFO ]  ---- Starting iteration 76/100
2019-02-27 22:56:05,636 [MainThread  ][DEBUG]  Setting hyperparameter tf=3.0545454545454542
2019-02-27 22:56:05,636 [MainThread  ][INFO ]  Starting optimization for tf=3.0545454545454542
2019-02-27 22:56:05,636 [MainThread  ][DEBUG]  Optimization method: Nelder-Mead
2019-02-27 22:56:05,636 [MainThread  ][DEBUG]  Optimization options: None
2019-02-27 22:56:05,637 [MainThread  ][INFO ]  Initial parameter values: [ 8.41406337  1.52727273  0.68473009  7.28816738]
2019-02-27 22:57:28,914 [MainThread  ][INFO ]  Final fidelity: 0.9937484476715073
2019-02-27 22:57:28,918 [MainThread  ][INFO ]  Final parameters: [ 5.45289467  1.46966102  0.87242546  6.70650468]
2019-02-27 22:57:28,918 [MainThread  ][INFO ]  Fidelity: 0.9937484476715073
2019-02-27 22:57:28,918 [MainThread  ][INFO ]  ---- Starting iteration 77/100
2019-02-27 22:57:28,918 [MainThread  ][DEBUG]  Setting hyperparameter tf=3.0939393939393938
2019-02-27 22:57:28,918 [MainThread  ][INFO ]  Starting optimization for tf=3.0939393939393938
2019-02-27 22:57:28,918 [MainThread  ][DEBUG]  Optimization method: Nelder-Mead
2019-02-27 22:57:28,919 [MainThread  ][DEBUG]  Optimization options: None
2019-02-27 22:57:28,919 [MainThread  ][INFO ]  Initial parameter values: [ 3.90585054  1.5469697   7.08583634  3.72839089]
2019-02-27 22:58:38,751 [MainThread  ][INFO ]  Final fidelity: 0.9971540564285352
2019-02-27 22:58:38,767 [MainThread  ][INFO ]  Final parameters: [ 4.27182443  1.75316597  5.29482006  3.63649296]
2019-02-27 22:58:38,768 [MainThread  ][INFO ]  Fidelity: 0.9971540564285352
2019-02-27 22:58:38,768 [MainThread  ][INFO ]  ---- Starting iteration 78/100
2019-02-27 22:58:38,768 [MainThread  ][DEBUG]  Setting hyperparameter tf=3.1333333333333333
2019-02-27 22:58:38,768 [MainThread  ][INFO ]  Starting optimization for tf=3.1333333333333333
2019-02-27 22:58:38,768 [MainThread  ][DEBUG]  Optimization method: Nelder-Mead
2019-02-27 22:58:38,768 [MainThread  ][DEBUG]  Optimization options: None
2019-02-27 22:58:38,768 [MainThread  ][INFO ]  Initial parameter values: [ 3.96719425  1.56666667  0.62407138  2.97953053]
2019-02-27 23:00:24,280 [MainThread  ][INFO ]  Final fidelity: 0.9888089200572102
2019-02-27 23:00:24,280 [MainThread  ][INFO ]  Final parameters: [ -9.99969695e+00   2.34895478e-04   3.95511537e+00   4.57763251e+00]
2019-02-27 23:00:24,280 [MainThread  ][INFO ]  Fidelity: 0.9888089200572102
2019-02-27 23:00:24,280 [MainThread  ][INFO ]  ---- Starting iteration 79/100
2019-02-27 23:00:24,281 [MainThread  ][DEBUG]  Setting hyperparameter tf=3.1727272727272724
2019-02-27 23:00:24,281 [MainThread  ][INFO ]  Starting optimization for tf=3.1727272727272724
2019-02-27 23:00:24,281 [MainThread  ][DEBUG]  Optimization method: Nelder-Mead
2019-02-27 23:00:24,281 [MainThread  ][DEBUG]  Optimization options: None
2019-02-27 23:00:24,281 [MainThread  ][INFO ]  Initial parameter values: [ 7.10806009  1.58636364  1.441127    8.49036894]
2019-02-27 23:01:59,366 [MainThread  ][INFO ]  Final fidelity: 0.9961177097146154
2019-02-27 23:01:59,367 [MainThread  ][INFO ]  Final parameters: [ 4.94072539  1.83920344  1.66236131  6.40808345]
2019-02-27 23:01:59,367 [MainThread  ][INFO ]  Fidelity: 0.9961177097146154
2019-02-27 23:01:59,367 [MainThread  ][INFO ]  ---- Starting iteration 80/100
2019-02-27 23:01:59,367 [MainThread  ][DEBUG]  Setting hyperparameter tf=3.212121212121212
2019-02-27 23:01:59,368 [MainThread  ][INFO ]  Starting optimization for tf=3.212121212121212
2019-02-27 23:01:59,368 [MainThread  ][DEBUG]  Optimization method: Nelder-Mead
2019-02-27 23:01:59,368 [MainThread  ][DEBUG]  Optimization options: None
2019-02-27 23:01:59,368 [MainThread  ][INFO ]  Initial parameter values: [ 6.80181666  1.60606061  4.53212913  7.03324196]
2019-02-27 23:03:26,031 [MainThread  ][INFO ]  Final fidelity: 0.998751737769678
2019-02-27 23:03:26,047 [MainThread  ][INFO ]  Final parameters: [ 4.53745303  2.33210918  3.29051453  5.4139386 ]
2019-02-27 23:03:26,048 [MainThread  ][INFO ]  Fidelity: 0.998751737769678
2019-02-27 23:03:26,048 [MainThread  ][INFO ]  ---- Starting iteration 81/100
2019-02-27 23:03:26,048 [MainThread  ][DEBUG]  Setting hyperparameter tf=3.2515151515151515
2019-02-27 23:03:26,048 [MainThread  ][INFO ]  Starting optimization for tf=3.2515151515151515
2019-02-27 23:03:26,048 [MainThread  ][DEBUG]  Optimization method: Nelder-Mead
2019-02-27 23:03:26,048 [MainThread  ][DEBUG]  Optimization options: None
2019-02-27 23:03:26,048 [MainThread  ][INFO ]  Initial parameter values: [ 4.51418279  1.62575758  5.25016846  5.99746573]
2019-02-27 23:05:15,372 [MainThread  ][INFO ]  Final fidelity: 0.9986513509207691
2019-02-27 23:05:15,373 [MainThread  ][INFO ]  Final parameters: [ 4.26816851  2.05754579  5.54567584  3.53190399]
2019-02-27 23:05:15,373 [MainThread  ][INFO ]  Fidelity: 0.9986513509207691
2019-02-27 23:05:15,373 [MainThread  ][INFO ]  ---- Starting iteration 82/100
2019-02-27 23:05:15,374 [MainThread  ][DEBUG]  Setting hyperparameter tf=3.2909090909090906
2019-02-27 23:05:15,374 [MainThread  ][INFO ]  Starting optimization for tf=3.2909090909090906
2019-02-27 23:05:15,374 [MainThread  ][DEBUG]  Optimization method: Nelder-Mead
2019-02-27 23:05:15,374 [MainThread  ][DEBUG]  Optimization options: None
2019-02-27 23:05:15,374 [MainThread  ][INFO ]  Initial parameter values: [ 3.46962244  1.64545455  1.12267276  0.29506992]
2019-02-27 23:07:44,920 [MainThread  ][INFO ]  Final fidelity: 0.9893384153679916
2019-02-27 23:07:44,923 [MainThread  ][INFO ]  Final parameters: [ 4.05841782  2.37702359  8.54783724 -0.12487002]
2019-02-27 23:07:44,923 [MainThread  ][INFO ]  Fidelity: 0.9893384153679916
2019-02-27 23:07:44,923 [MainThread  ][INFO ]  ---- Starting iteration 83/100
2019-02-27 23:07:44,923 [MainThread  ][DEBUG]  Setting hyperparameter tf=3.33030303030303
2019-02-27 23:07:44,923 [MainThread  ][INFO ]  Starting optimization for tf=3.33030303030303
2019-02-27 23:07:44,923 [MainThread  ][DEBUG]  Optimization method: Nelder-Mead
2019-02-27 23:07:44,923 [MainThread  ][DEBUG]  Optimization options: None
2019-02-27 23:07:44,924 [MainThread  ][INFO ]  Initial parameter values: [ 7.5097982   1.66515152  7.39032077  1.85443424]
2019-02-27 23:09:11,729 [MainThread  ][INFO ]  Final fidelity: 0.9973130586389858
2019-02-27 23:09:11,743 [MainThread  ][INFO ]  Final parameters: [ 2.76706461  1.56622147  6.83692672  2.38683353]
2019-02-27 23:09:11,744 [MainThread  ][INFO ]  Fidelity: 0.9973130586389858
2019-02-27 23:09:11,744 [MainThread  ][INFO ]  ---- Starting iteration 84/100
2019-02-27 23:09:11,744 [MainThread  ][DEBUG]  Setting hyperparameter tf=3.3696969696969696
2019-02-27 23:09:11,744 [MainThread  ][INFO ]  Starting optimization for tf=3.3696969696969696
2019-02-27 23:09:11,744 [MainThread  ][DEBUG]  Optimization method: Nelder-Mead
2019-02-27 23:09:11,744 [MainThread  ][DEBUG]  Optimization options: None
2019-02-27 23:09:11,744 [MainThread  ][INFO ]  Initial parameter values: [ 3.61557329  1.68484848  0.81352508  4.51938095]
2019-02-27 23:11:01,662 [MainThread  ][INFO ]  Final fidelity: 0.9509851232697851
2019-02-27 23:11:01,669 [MainThread  ][INFO ]  Final parameters: [ -9.99990938e+00   2.01356159e-04   2.98740641e+00   4.89810784e+00]
2019-02-27 23:11:01,669 [MainThread  ][INFO ]  Fidelity: 0.9509851232697851
2019-02-27 23:11:01,669 [MainThread  ][INFO ]  ---- Starting iteration 85/100
2019-02-27 23:11:01,669 [MainThread  ][DEBUG]  Setting hyperparameter tf=3.4090909090909087
2019-02-27 23:11:01,669 [MainThread  ][INFO ]  Starting optimization for tf=3.4090909090909087
2019-02-27 23:11:01,669 [MainThread  ][DEBUG]  Optimization method: Nelder-Mead
2019-02-27 23:11:01,669 [MainThread  ][DEBUG]  Optimization options: None
2019-02-27 23:11:01,669 [MainThread  ][INFO ]  Initial parameter values: [ 7.85060362  1.70454545  2.20289328  4.06315823]
2019-02-27 23:13:40,296 [MainThread  ][INFO ]  Final fidelity: 0.9980191906586717
2019-02-27 23:13:40,298 [MainThread  ][INFO ]  Final parameters: [ 4.70775873  1.2869833   3.98102894  4.90854269]
2019-02-27 23:13:40,298 [MainThread  ][INFO ]  Fidelity: 0.9980191906586717
2019-02-27 23:13:40,298 [MainThread  ][INFO ]  ---- Starting iteration 86/100
2019-02-27 23:13:40,298 [MainThread  ][DEBUG]  Setting hyperparameter tf=3.4484848484848483
2019-02-27 23:13:40,298 [MainThread  ][INFO ]  Starting optimization for tf=3.4484848484848483
2019-02-27 23:13:40,298 [MainThread  ][DEBUG]  Optimization method: Nelder-Mead
2019-02-27 23:13:40,298 [MainThread  ][DEBUG]  Optimization options: None
2019-02-27 23:13:40,299 [MainThread  ][INFO ]  Initial parameter values: [ 2.76609431  1.72424242  3.08992675  1.7099078 ]
2019-02-27 23:15:01,173 [MainThread  ][INFO ]  Final fidelity: 0.9969558191889206
2019-02-27 23:15:01,182 [MainThread  ][INFO ]  Final parameters: [-1.95157223  1.55206313  6.84104013  2.30368393]
2019-02-27 23:15:01,182 [MainThread  ][INFO ]  Fidelity: 0.9969558191889206
2019-02-27 23:15:01,182 [MainThread  ][INFO ]  ---- Starting iteration 87/100
2019-02-27 23:15:01,182 [MainThread  ][DEBUG]  Setting hyperparameter tf=3.487878787878788
2019-02-27 23:15:01,182 [MainThread  ][INFO ]  Starting optimization for tf=3.487878787878788
2019-02-27 23:15:01,182 [MainThread  ][DEBUG]  Optimization method: Nelder-Mead
2019-02-27 23:15:01,182 [MainThread  ][DEBUG]  Optimization options: None
2019-02-27 23:15:01,183 [MainThread  ][INFO ]  Initial parameter values: [ 1.23056242  1.74393939  1.83446943  9.46197257]
2019-02-27 23:17:18,603 [MainThread  ][INFO ]  Final fidelity: 0.998880578924768
2019-02-27 23:17:18,609 [MainThread  ][INFO ]  Final parameters: [ 0.9363662   0.03076019  4.30860023  4.60408158]
2019-02-27 23:17:18,609 [MainThread  ][INFO ]  Fidelity: 0.998880578924768
2019-02-27 23:17:18,609 [MainThread  ][INFO ]  ---- Starting iteration 88/100
2019-02-27 23:17:18,609 [MainThread  ][DEBUG]  Setting hyperparameter tf=3.527272727272727
2019-02-27 23:17:18,609 [MainThread  ][INFO ]  Starting optimization for tf=3.527272727272727
2019-02-27 23:17:18,609 [MainThread  ][DEBUG]  Optimization method: Nelder-Mead
2019-02-27 23:17:18,609 [MainThread  ][DEBUG]  Optimization options: None
2019-02-27 23:17:18,610 [MainThread  ][INFO ]  Initial parameter values: [ 8.46322023  1.76363636  6.52715347  6.3326774 ]
2019-02-27 23:19:36,814 [MainThread  ][INFO ]  Final fidelity: 0.9950780670241268
2019-02-27 23:19:36,826 [MainThread  ][INFO ]  Final parameters: [-4.47006079  3.39005411  3.01767468  8.67433896]
2019-02-27 23:19:36,826 [MainThread  ][INFO ]  Fidelity: 0.9950780670241268
2019-02-27 23:19:36,826 [MainThread  ][INFO ]  ---- Starting iteration 89/100
2019-02-27 23:19:36,826 [MainThread  ][DEBUG]  Setting hyperparameter tf=3.5666666666666664
2019-02-27 23:19:36,826 [MainThread  ][INFO ]  Starting optimization for tf=3.5666666666666664
2019-02-27 23:19:36,826 [MainThread  ][DEBUG]  Optimization method: Nelder-Mead
2019-02-27 23:19:36,826 [MainThread  ][DEBUG]  Optimization options: None
2019-02-27 23:19:36,827 [MainThread  ][INFO ]  Initial parameter values: [ 6.7894454   1.78333333  4.07333459  4.92063729]
2019-02-27 23:21:18,857 [MainThread  ][INFO ]  Final fidelity: 0.9984378876911658
2019-02-27 23:21:18,858 [MainThread  ][INFO ]  Final parameters: [ 4.67472639  2.02605273  3.30962851  5.6226149 ]
2019-02-27 23:21:18,858 [MainThread  ][INFO ]  Fidelity: 0.9984378876911658
2019-02-27 23:21:18,858 [MainThread  ][INFO ]  ---- Starting iteration 90/100
2019-02-27 23:21:18,858 [MainThread  ][DEBUG]  Setting hyperparameter tf=3.606060606060606
2019-02-27 23:21:18,858 [MainThread  ][INFO ]  Starting optimization for tf=3.606060606060606
2019-02-27 23:21:18,858 [MainThread  ][DEBUG]  Optimization method: Nelder-Mead
2019-02-27 23:21:18,858 [MainThread  ][DEBUG]  Optimization options: None
2019-02-27 23:21:18,859 [MainThread  ][INFO ]  Initial parameter values: [ 5.49698273  1.8030303   2.21789517  0.28594194]
2019-02-27 23:24:02,738 [MainThread  ][INFO ]  Final fidelity: 0.9894696950708425
2019-02-27 23:24:02,740 [MainThread  ][INFO ]  Final parameters: [ 0.09074126  2.07992337  9.01238261 -0.91710621]
2019-02-27 23:24:02,740 [MainThread  ][INFO ]  Fidelity: 0.9894696950708425
2019-02-27 23:24:02,740 [MainThread  ][INFO ]  ---- Starting iteration 91/100
2019-02-27 23:24:02,740 [MainThread  ][DEBUG]  Setting hyperparameter tf=3.645454545454545
2019-02-27 23:24:02,740 [MainThread  ][INFO ]  Starting optimization for tf=3.645454545454545
2019-02-27 23:24:02,740 [MainThread  ][DEBUG]  Optimization method: Nelder-Mead
2019-02-27 23:24:02,740 [MainThread  ][DEBUG]  Optimization options: None
2019-02-27 23:24:02,740 [MainThread  ][INFO ]  Initial parameter values: [ 9.28004794  1.82272727  9.00241366  2.90279813]
2019-02-27 23:25:35,250 [MainThread  ][INFO ]  Final fidelity: 0.9907820501116186
2019-02-27 23:25:35,267 [MainThread  ][INFO ]  Final parameters: [ 4.42887994  3.3558925   8.64288514  0.73949501]
2019-02-27 23:25:35,267 [MainThread  ][INFO ]  Fidelity: 0.9907820501116186
2019-02-27 23:25:35,267 [MainThread  ][INFO ]  ---- Starting iteration 92/100
2019-02-27 23:25:35,267 [MainThread  ][DEBUG]  Setting hyperparameter tf=3.6848484848484846
2019-02-27 23:25:35,267 [MainThread  ][INFO ]  Starting optimization for tf=3.6848484848484846
2019-02-27 23:25:35,267 [MainThread  ][DEBUG]  Optimization method: Nelder-Mead
2019-02-27 23:25:35,268 [MainThread  ][DEBUG]  Optimization options: None
2019-02-27 23:25:35,268 [MainThread  ][INFO ]  Initial parameter values: [ 3.65964567  1.84242424  6.51481071  4.54432141]
2019-02-27 23:27:34,076 [MainThread  ][INFO ]  Final fidelity: 0.9990542210165378
2019-02-27 23:27:34,082 [MainThread  ][INFO ]  Final parameters: [ 3.99446909  1.9978377   5.61693374  3.79721327]
2019-02-27 23:27:34,082 [MainThread  ][INFO ]  Fidelity: 0.9990542210165378
2019-02-27 23:27:34,082 [MainThread  ][INFO ]  ---- Starting iteration 93/100
2019-02-27 23:27:34,082 [MainThread  ][DEBUG]  Setting hyperparameter tf=3.724242424242424
2019-02-27 23:27:34,082 [MainThread  ][INFO ]  Starting optimization for tf=3.724242424242424
2019-02-27 23:27:34,082 [MainThread  ][DEBUG]  Optimization method: Nelder-Mead
2019-02-27 23:27:34,083 [MainThread  ][DEBUG]  Optimization options: None
2019-02-27 23:27:34,083 [MainThread  ][INFO ]  Initial parameter values: [ 2.14896077  1.86212121  9.9752563   3.57587829]
2019-02-27 23:29:31,339 [MainThread  ][INFO ]  Final fidelity: 0.9994067281300891
2019-02-27 23:29:31,350 [MainThread  ][INFO ]  Final parameters: [ 3.05757983  0.34000426  4.33582801  4.6342813 ]
2019-02-27 23:29:31,350 [MainThread  ][INFO ]  Fidelity: 0.9994067281300891
2019-02-27 23:29:31,350 [MainThread  ][INFO ]  ---- Starting iteration 94/100
2019-02-27 23:29:31,350 [MainThread  ][DEBUG]  Setting hyperparameter tf=3.7636363636363632
2019-02-27 23:29:31,350 [MainThread  ][INFO ]  Starting optimization for tf=3.7636363636363632
2019-02-27 23:29:31,350 [MainThread  ][DEBUG]  Optimization method: Nelder-Mead
2019-02-27 23:29:31,350 [MainThread  ][DEBUG]  Optimization options: None
2019-02-27 23:29:31,351 [MainThread  ][INFO ]  Initial parameter values: [ 8.22103031  1.88181818  0.69117295  6.61524193]
2019-02-27 23:31:04,665 [MainThread  ][INFO ]  Final fidelity: 0.9897096498587009
2019-02-27 23:31:04,667 [MainThread  ][INFO ]  Final parameters: [ 5.46513762  1.83682805  0.79638761  7.40085169]
2019-02-27 23:31:04,667 [MainThread  ][INFO ]  Fidelity: 0.9897096498587009
2019-02-27 23:31:04,667 [MainThread  ][INFO ]  ---- Starting iteration 95/100
2019-02-27 23:31:04,667 [MainThread  ][DEBUG]  Setting hyperparameter tf=3.8030303030303028
2019-02-27 23:31:04,667 [MainThread  ][INFO ]  Starting optimization for tf=3.8030303030303028
2019-02-27 23:31:04,667 [MainThread  ][DEBUG]  Optimization method: Nelder-Mead
2019-02-27 23:31:04,667 [MainThread  ][DEBUG]  Optimization options: None
2019-02-27 23:31:04,668 [MainThread  ][INFO ]  Initial parameter values: [ 1.55644821  1.90151515  0.18953149  0.03576827]
2019-02-27 23:34:33,353 [MainThread  ][INFO ]  Final fidelity: 0.9918449917391423
2019-02-27 23:34:33,367 [MainThread  ][INFO ]  Final parameters: [-3.57651927  2.27863261  7.27308032  2.24745892]
2019-02-27 23:34:33,368 [MainThread  ][INFO ]  Fidelity: 0.9918449917391423
2019-02-27 23:34:33,368 [MainThread  ][INFO ]  ---- Starting iteration 96/100
2019-02-27 23:34:33,368 [MainThread  ][DEBUG]  Setting hyperparameter tf=3.8424242424242423
2019-02-27 23:34:33,368 [MainThread  ][INFO ]  Starting optimization for tf=3.8424242424242423
2019-02-27 23:34:33,368 [MainThread  ][DEBUG]  Optimization method: Nelder-Mead
2019-02-27 23:34:33,368 [MainThread  ][DEBUG]  Optimization options: None
2019-02-27 23:34:33,368 [MainThread  ][INFO ]  Initial parameter values: [ 6.12154858  1.92121212  1.928711    6.70259383]
2019-02-27 23:35:58,056 [MainThread  ][INFO ]  Final fidelity: 0.9946152739843719
2019-02-27 23:35:58,060 [MainThread  ][INFO ]  Final parameters: [ 5.10905601  1.95887956  2.05588838  6.64611941]
2019-02-27 23:35:58,060 [MainThread  ][INFO ]  Fidelity: 0.9946152739843719
2019-02-27 23:35:58,060 [MainThread  ][INFO ]  ---- Starting iteration 97/100
2019-02-27 23:35:58,060 [MainThread  ][DEBUG]  Setting hyperparameter tf=3.8818181818181814
2019-02-27 23:35:58,060 [MainThread  ][INFO ]  Starting optimization for tf=3.8818181818181814
2019-02-27 23:35:58,060 [MainThread  ][DEBUG]  Optimization method: Nelder-Mead
2019-02-27 23:35:58,061 [MainThread  ][DEBUG]  Optimization options: None
2019-02-27 23:35:58,061 [MainThread  ][INFO ]  Initial parameter values: [ 9.02300978  1.94090909  6.77779222  2.5946282 ]
2019-02-27 23:37:24,687 [MainThread  ][INFO ]  Final fidelity: 0.9984273569459244
2019-02-27 23:37:24,689 [MainThread  ][INFO ]  Final parameters: [ 3.69702373  2.05861755  6.06185633  3.47580069]
2019-02-27 23:37:24,689 [MainThread  ][INFO ]  Fidelity: 0.9984273569459244
2019-02-27 23:37:24,689 [MainThread  ][INFO ]  ---- Starting iteration 98/100
2019-02-27 23:37:24,689 [MainThread  ][DEBUG]  Setting hyperparameter tf=3.921212121212121
2019-02-27 23:37:24,690 [MainThread  ][INFO ]  Starting optimization for tf=3.921212121212121
2019-02-27 23:37:24,690 [MainThread  ][DEBUG]  Optimization method: Nelder-Mead
2019-02-27 23:37:24,690 [MainThread  ][DEBUG]  Optimization options: None
2019-02-27 23:37:24,690 [MainThread  ][INFO ]  Initial parameter values: [ 3.48306393  1.96060606  1.98511247  6.56624763]
2019-02-27 23:38:51,754 [MainThread  ][INFO ]  Final fidelity: 0.9964491156331792
2019-02-27 23:38:51,758 [MainThread  ][INFO ]  Final parameters: [ 5.40483837  1.46924387  2.85191778  6.01298873]
2019-02-27 23:38:51,758 [MainThread  ][INFO ]  Fidelity: 0.9964491156331792
2019-02-27 23:38:51,758 [MainThread  ][INFO ]  ---- Starting iteration 99/100
2019-02-27 23:38:51,758 [MainThread  ][DEBUG]  Setting hyperparameter tf=3.9606060606060605
2019-02-27 23:38:51,758 [MainThread  ][INFO ]  Starting optimization for tf=3.9606060606060605
2019-02-27 23:38:51,758 [MainThread  ][DEBUG]  Optimization method: Nelder-Mead
2019-02-27 23:38:51,758 [MainThread  ][DEBUG]  Optimization options: None
2019-02-27 23:38:51,759 [MainThread  ][INFO ]  Initial parameter values: [ 4.29930499  1.98030303  7.14083001  5.36827871]
2019-02-27 23:40:47,067 [MainThread  ][INFO ]  Final fidelity: 0.998175367850276
2019-02-27 23:40:47,087 [MainThread  ][INFO ]  Final parameters: [ 4.55174854  2.45419593  3.77716842  5.58018858]
2019-02-27 23:40:47,087 [MainThread  ][INFO ]  Fidelity: 0.998175367850276
2019-02-27 23:40:47,087 [MainThread  ][INFO ]  ---- Starting iteration 100/100
2019-02-27 23:40:47,088 [MainThread  ][DEBUG]  Setting hyperparameter tf=4.0
2019-02-27 23:40:47,088 [MainThread  ][INFO ]  Starting optimization for tf=4.0
2019-02-27 23:40:47,088 [MainThread  ][DEBUG]  Optimization method: Nelder-Mead
2019-02-27 23:40:47,088 [MainThread  ][DEBUG]  Optimization options: None
2019-02-27 23:40:47,088 [MainThread  ][INFO ]  Initial parameter values: [ 7.67114236  2.          0.02584825  5.89022229]
2019-02-27 23:42:29,125 [MainThread  ][INFO ]  Final fidelity: 0.9786444662294614
2019-02-27 23:42:29,129 [MainThread  ][INFO ]  Final parameters: [ 5.73681084  1.89697751  0.02808583  8.05121349]
2019-02-27 23:42:29,130 [MainThread  ][INFO ]  Fidelity: 0.9786444662294614
