2019-02-27 19:58:12,649 [MainThread  ][INFO ]  Output file name will be "rabi_crab3freq_powell.csv"
2019-02-27 19:58:13,069 [MainThread  ][INFO ]  Using CRAB protocol ansatz.
2019-02-27 19:58:13,069 [MainThread  ][INFO ]  (CRAB) Default value of 2 frequencies chosen for the optimization
2019-02-27 19:58:13,069 [MainThread  ][INFO ]  (CRAB) Using 2 frequencies.
2019-02-27 19:58:13,069 [MainThread  ][DEBUG]  Initializing ProtocolAnsatz instance "crab"
2019-02-27 19:58:13,069 [MainThread  ][DEBUG]  Initializing CRAB protocol with 2 frequencies
2019-02-27 19:58:13,070 [MainThread  ][DEBUG]  Setting hyperparameter y0=0.0
2019-02-27 19:58:13,070 [MainThread  ][DEBUG]  Setting hyperparameter y1=5.0
2019-02-27 19:58:13,070 [MainThread  ][INFO ]  Using parameters constraints: [[-200, 200], [-200, 200], [-200, 200], [-200, 200]]
2019-02-27 19:58:13,070 [MainThread  ][INFO ]  Using total height constraint: [-10.0, 10.0]
2019-02-27 19:58:13,070 [MainThread  ][INFO ]  ---- Starting iteration 1/100
2019-02-27 19:58:13,071 [MainThread  ][DEBUG]  Regenerated CRAB frequencies: nuk=[-0.30634421  0.4572114 ]
2019-02-27 19:58:13,071 [MainThread  ][DEBUG]  Setting hyperparameter tf=0.1
2019-02-27 19:58:13,071 [MainThread  ][INFO ]  Starting optimization for tf=0.1
2019-02-27 19:58:13,071 [MainThread  ][DEBUG]  Optimization method: Powell
2019-02-27 19:58:13,071 [MainThread  ][DEBUG]  Optimization options: None
2019-02-27 19:58:13,090 [MainThread  ][INFO ]  Initial parameter values: [-0.50693476  0.396757   -0.86706984  0.36023116]
2019-02-27 19:59:10,976 [MainThread  ][INFO ]  Final fidelity: 0.7627841237199086
2019-02-27 19:59:10,979 [MainThread  ][INFO ]  Final parameters: [-161.77312057  199.9993984   192.69350087 -199.99401717]
2019-02-27 19:59:10,979 [MainThread  ][INFO ]  Fidelity: 0.7627841237199086
2019-02-27 19:59:10,980 [MainThread  ][INFO ]  ---- Starting iteration 2/100
2019-02-27 19:59:10,980 [MainThread  ][DEBUG]  Regenerated CRAB frequencies: nuk=[ 0.36339542 -0.34162477]
2019-02-27 19:59:10,980 [MainThread  ][DEBUG]  Setting hyperparameter tf=0.1393939393939394
2019-02-27 19:59:10,980 [MainThread  ][INFO ]  Starting optimization for tf=0.1393939393939394
2019-02-27 19:59:10,980 [MainThread  ][DEBUG]  Optimization method: Powell
2019-02-27 19:59:10,980 [MainThread  ][DEBUG]  Optimization options: None
2019-02-27 19:59:10,981 [MainThread  ][INFO ]  Initial parameter values: [-0.88418893  0.70497706 -0.21062482 -0.86904679]
2019-02-27 20:00:01,901 [MainThread  ][INFO ]  Final fidelity: 0.7629605097168971
2019-02-27 20:00:01,902 [MainThread  ][INFO ]  Final parameters: [ -55.1913203   -12.94655601  138.36905296   26.39272092]
2019-02-27 20:00:01,902 [MainThread  ][INFO ]  Fidelity: 0.7629605097168971
2019-02-27 20:00:01,903 [MainThread  ][INFO ]  ---- Starting iteration 3/100
2019-02-27 20:00:01,903 [MainThread  ][DEBUG]  Regenerated CRAB frequencies: nuk=[ 0.4921526   0.00474807]
2019-02-27 20:00:01,903 [MainThread  ][DEBUG]  Setting hyperparameter tf=0.17878787878787877
2019-02-27 20:00:01,903 [MainThread  ][INFO ]  Starting optimization for tf=0.17878787878787877
2019-02-27 20:00:01,903 [MainThread  ][DEBUG]  Optimization method: Powell
2019-02-27 20:00:01,903 [MainThread  ][DEBUG]  Optimization options: None
2019-02-27 20:00:01,904 [MainThread  ][INFO ]  Initial parameter values: [-0.24529109 -0.74990647  0.79128926 -0.26830045]
2019-02-27 20:01:05,437 [MainThread  ][INFO ]  Final fidelity: 0.7632031395701903
2019-02-27 20:01:05,441 [MainThread  ][INFO ]  Final parameters: [ 199.97710661   57.99579313  -20.08486294   31.9057269 ]
2019-02-27 20:01:05,441 [MainThread  ][INFO ]  Fidelity: 0.7632031395701903
2019-02-27 20:01:05,441 [MainThread  ][INFO ]  ---- Starting iteration 4/100
2019-02-27 20:01:05,442 [MainThread  ][DEBUG]  Regenerated CRAB frequencies: nuk=[ 0.37463876  0.46487634]
2019-02-27 20:01:05,442 [MainThread  ][DEBUG]  Setting hyperparameter tf=0.21818181818181817
2019-02-27 20:01:05,442 [MainThread  ][INFO ]  Starting optimization for tf=0.21818181818181817
2019-02-27 20:01:05,442 [MainThread  ][DEBUG]  Optimization method: Powell
2019-02-27 20:01:05,442 [MainThread  ][DEBUG]  Optimization options: None
2019-02-27 20:01:05,443 [MainThread  ][INFO ]  Initial parameter values: [-0.06503305 -0.18485572 -0.20526238 -0.89728122]
2019-02-27 20:01:54,660 [MainThread  ][INFO ]  Final fidelity: 0.7636575472040038
2019-02-27 20:01:54,661 [MainThread  ][INFO ]  Final parameters: [ 199.97967327   14.09867064  199.99392887   38.87822213]
2019-02-27 20:01:54,661 [MainThread  ][INFO ]  Fidelity: 0.7636575472040038
2019-02-27 20:01:54,661 [MainThread  ][INFO ]  ---- Starting iteration 5/100
2019-02-27 20:01:54,662 [MainThread  ][DEBUG]  Regenerated CRAB frequencies: nuk=[-0.0544495   0.25933487]
2019-02-27 20:01:54,662 [MainThread  ][DEBUG]  Setting hyperparameter tf=0.25757575757575757
2019-02-27 20:01:54,662 [MainThread  ][INFO ]  Starting optimization for tf=0.25757575757575757
2019-02-27 20:01:54,662 [MainThread  ][DEBUG]  Optimization method: Powell
2019-02-27 20:01:54,662 [MainThread  ][DEBUG]  Optimization options: None
2019-02-27 20:01:54,662 [MainThread  ][INFO ]  Initial parameter values: [ 0.30398623  0.03578042 -0.25108829 -0.76826539]
2019-02-27 20:02:54,155 [MainThread  ][INFO ]  Final fidelity: 0.7643828279634014
2019-02-27 20:02:54,157 [MainThread  ][INFO ]  Final parameters: [-199.98717951  123.89375357  199.96663014  187.53531062]
2019-02-27 20:02:54,157 [MainThread  ][INFO ]  Fidelity: 0.7643828279634014
2019-02-27 20:02:54,157 [MainThread  ][INFO ]  ---- Starting iteration 6/100
2019-02-27 20:02:54,158 [MainThread  ][DEBUG]  Regenerated CRAB frequencies: nuk=[ 0.2049614   0.38130079]
2019-02-27 20:02:54,158 [MainThread  ][DEBUG]  Setting hyperparameter tf=0.296969696969697
2019-02-27 20:02:54,158 [MainThread  ][INFO ]  Starting optimization for tf=0.296969696969697
2019-02-27 20:02:54,158 [MainThread  ][DEBUG]  Optimization method: Powell
2019-02-27 20:02:54,158 [MainThread  ][DEBUG]  Optimization options: None
2019-02-27 20:02:54,159 [MainThread  ][INFO ]  Initial parameter values: [-0.17152697 -0.06919252  0.92306973  0.5367358 ]
2019-02-27 20:04:50,918 [MainThread  ][INFO ]  Final fidelity: 0.7648562487689763
2019-02-27 20:04:50,921 [MainThread  ][INFO ]  Final parameters: [ 194.18806471   51.78763358  199.99984636   15.55626103]
2019-02-27 20:04:50,921 [MainThread  ][INFO ]  Fidelity: 0.7648562487689763
2019-02-27 20:04:50,921 [MainThread  ][INFO ]  ---- Starting iteration 7/100
2019-02-27 20:04:50,921 [MainThread  ][DEBUG]  Regenerated CRAB frequencies: nuk=[ 0.13066925  0.43003809]
2019-02-27 20:04:50,921 [MainThread  ][DEBUG]  Setting hyperparameter tf=0.3363636363636363
2019-02-27 20:04:50,921 [MainThread  ][INFO ]  Starting optimization for tf=0.3363636363636363
2019-02-27 20:04:50,922 [MainThread  ][DEBUG]  Optimization method: Powell
2019-02-27 20:04:50,922 [MainThread  ][DEBUG]  Optimization options: None
2019-02-27 20:04:50,922 [MainThread  ][INFO ]  Initial parameter values: [ 0.72395648  0.39493058 -0.2214398   0.87911406]
2019-02-27 20:05:57,024 [MainThread  ][INFO ]  Final fidelity: 0.7665092305768149
2019-02-27 20:05:57,025 [MainThread  ][INFO ]  Final parameters: [-199.99949318 -199.99207054  199.99689665 -199.99741825]
2019-02-27 20:05:57,025 [MainThread  ][INFO ]  Fidelity: 0.7665092305768149
2019-02-27 20:05:57,025 [MainThread  ][INFO ]  ---- Starting iteration 8/100
2019-02-27 20:05:57,025 [MainThread  ][DEBUG]  Regenerated CRAB frequencies: nuk=[ 0.23984081 -0.11697833]
2019-02-27 20:05:57,026 [MainThread  ][DEBUG]  Setting hyperparameter tf=0.37575757575757573
2019-02-27 20:05:57,026 [MainThread  ][INFO ]  Starting optimization for tf=0.37575757575757573
2019-02-27 20:05:57,026 [MainThread  ][DEBUG]  Optimization method: Powell
2019-02-27 20:05:57,026 [MainThread  ][DEBUG]  Optimization options: None
2019-02-27 20:05:57,026 [MainThread  ][INFO ]  Initial parameter values: [-0.81674704 -0.24520469  0.22895958  0.2204514 ]
2019-02-27 20:07:04,558 [MainThread  ][INFO ]  Final fidelity: 0.7683813328245163
2019-02-27 20:07:04,562 [MainThread  ][INFO ]  Final parameters: [ 153.63721086  199.83363924  199.97101516 -133.16183582]
2019-02-27 20:07:04,562 [MainThread  ][INFO ]  Fidelity: 0.7683813328245163
2019-02-27 20:07:04,562 [MainThread  ][INFO ]  ---- Starting iteration 9/100
2019-02-27 20:07:04,562 [MainThread  ][DEBUG]  Regenerated CRAB frequencies: nuk=[ 0.40812864 -0.04804201]
2019-02-27 20:07:04,562 [MainThread  ][DEBUG]  Setting hyperparameter tf=0.41515151515151516
2019-02-27 20:07:04,562 [MainThread  ][INFO ]  Starting optimization for tf=0.41515151515151516
2019-02-27 20:07:04,562 [MainThread  ][DEBUG]  Optimization method: Powell
2019-02-27 20:07:04,562 [MainThread  ][DEBUG]  Optimization options: None
2019-02-27 20:07:04,563 [MainThread  ][INFO ]  Initial parameter values: [ 0.524923    0.51001648 -0.11538536  0.5804753 ]
2019-02-27 20:09:36,899 [MainThread  ][INFO ]  Final fidelity: 0.7695633208180936
2019-02-27 20:09:36,902 [MainThread  ][INFO ]  Final parameters: [ 199.9998961    89.94681349  199.99956358  -86.91503542]
2019-02-27 20:09:36,903 [MainThread  ][INFO ]  Fidelity: 0.7695633208180936
2019-02-27 20:09:36,903 [MainThread  ][INFO ]  ---- Starting iteration 10/100
2019-02-27 20:09:36,903 [MainThread  ][DEBUG]  Regenerated CRAB frequencies: nuk=[ 0.00930524 -0.01079432]
2019-02-27 20:09:36,903 [MainThread  ][DEBUG]  Setting hyperparameter tf=0.4545454545454545
2019-02-27 20:09:36,903 [MainThread  ][INFO ]  Starting optimization for tf=0.4545454545454545
2019-02-27 20:09:36,903 [MainThread  ][DEBUG]  Optimization method: Powell
2019-02-27 20:09:36,903 [MainThread  ][DEBUG]  Optimization options: None
2019-02-27 20:09:36,904 [MainThread  ][INFO ]  Initial parameter values: [-0.87834759  0.98698875 -0.21451815  0.74832402]
2019-02-27 20:11:24,752 [MainThread  ][INFO ]  Final fidelity: 0.7736078071631574
2019-02-27 20:11:24,754 [MainThread  ][INFO ]  Final parameters: [-199.99992281  158.08193048  199.99999993  -11.45808581]
2019-02-27 20:11:24,754 [MainThread  ][INFO ]  Fidelity: 0.7736078071631574
2019-02-27 20:11:24,755 [MainThread  ][INFO ]  ---- Starting iteration 11/100
2019-02-27 20:11:24,755 [MainThread  ][DEBUG]  Regenerated CRAB frequencies: nuk=[ 0.06378996 -0.48797953]
2019-02-27 20:11:24,755 [MainThread  ][DEBUG]  Setting hyperparameter tf=0.4939393939393939
2019-02-27 20:11:24,755 [MainThread  ][INFO ]  Starting optimization for tf=0.4939393939393939
2019-02-27 20:11:24,755 [MainThread  ][DEBUG]  Optimization method: Powell
2019-02-27 20:11:24,755 [MainThread  ][DEBUG]  Optimization options: None
2019-02-27 20:11:24,756 [MainThread  ][INFO ]  Initial parameter values: [-0.1871466   0.92637722 -0.45709284 -0.21236546]
2019-02-27 20:13:42,786 [MainThread  ][INFO ]  Final fidelity: 0.7782955429541585
2019-02-27 20:13:42,787 [MainThread  ][INFO ]  Final parameters: [ -88.75099089 -199.15851081  197.40811046   82.90864028]
2019-02-27 20:13:42,787 [MainThread  ][INFO ]  Fidelity: 0.7782955429541585
2019-02-27 20:13:42,787 [MainThread  ][INFO ]  ---- Starting iteration 12/100
2019-02-27 20:13:42,787 [MainThread  ][DEBUG]  Regenerated CRAB frequencies: nuk=[ 0.29764196  0.28263699]
2019-02-27 20:13:42,787 [MainThread  ][DEBUG]  Setting hyperparameter tf=0.5333333333333333
2019-02-27 20:13:42,787 [MainThread  ][INFO ]  Starting optimization for tf=0.5333333333333333
2019-02-27 20:13:42,787 [MainThread  ][DEBUG]  Optimization method: Powell
2019-02-27 20:13:42,788 [MainThread  ][DEBUG]  Optimization options: None
2019-02-27 20:13:42,788 [MainThread  ][INFO ]  Initial parameter values: [-0.44968801  0.35633738  0.13647665  0.96335852]
2019-02-27 20:15:25,004 [MainThread  ][INFO ]  Final fidelity: 0.7786848582598573
2019-02-27 20:15:25,009 [MainThread  ][INFO ]  Final parameters: [ 153.85847379   -8.31159703  199.99997394 -169.4999186 ]
2019-02-27 20:15:25,009 [MainThread  ][INFO ]  Fidelity: 0.7786848582598573
2019-02-27 20:15:25,009 [MainThread  ][INFO ]  ---- Starting iteration 13/100
2019-02-27 20:15:25,010 [MainThread  ][DEBUG]  Regenerated CRAB frequencies: nuk=[-0.40242999  0.06342107]
2019-02-27 20:15:25,010 [MainThread  ][DEBUG]  Setting hyperparameter tf=0.5727272727272726
2019-02-27 20:15:25,010 [MainThread  ][INFO ]  Starting optimization for tf=0.5727272727272726
2019-02-27 20:15:25,010 [MainThread  ][DEBUG]  Optimization method: Powell
2019-02-27 20:15:25,010 [MainThread  ][DEBUG]  Optimization options: None
2019-02-27 20:15:25,010 [MainThread  ][INFO ]  Initial parameter values: [-0.55432656  0.65987807  0.47890805  0.14001694]
2019-02-27 20:17:56,460 [MainThread  ][INFO ]  Final fidelity: 0.7848401158949921
2019-02-27 20:17:56,467 [MainThread  ][INFO ]  Final parameters: [-199.9999901   111.79151987 -199.99999989   -3.72465721]
2019-02-27 20:17:56,467 [MainThread  ][INFO ]  Fidelity: 0.7848401158949921
2019-02-27 20:17:56,467 [MainThread  ][INFO ]  ---- Starting iteration 14/100
2019-02-27 20:17:56,468 [MainThread  ][DEBUG]  Regenerated CRAB frequencies: nuk=[-0.31555699  0.02149229]
2019-02-27 20:17:56,468 [MainThread  ][DEBUG]  Setting hyperparameter tf=0.6121212121212121
2019-02-27 20:17:56,468 [MainThread  ][INFO ]  Starting optimization for tf=0.6121212121212121
2019-02-27 20:17:56,468 [MainThread  ][DEBUG]  Optimization method: Powell
2019-02-27 20:17:56,468 [MainThread  ][DEBUG]  Optimization options: None
2019-02-27 20:17:56,468 [MainThread  ][INFO ]  Initial parameter values: [ 0.24111853  0.56502917 -0.61923568 -0.47703191]
2019-02-27 20:20:51,926 [MainThread  ][INFO ]  Final fidelity: 0.7919613208847779
2019-02-27 20:20:51,931 [MainThread  ][INFO ]  Final parameters: [-199.99999531  138.41716376 -199.9999439   148.54592296]
2019-02-27 20:20:51,931 [MainThread  ][INFO ]  Fidelity: 0.7919613208847779
2019-02-27 20:20:51,931 [MainThread  ][INFO ]  ---- Starting iteration 15/100
2019-02-27 20:20:51,931 [MainThread  ][DEBUG]  Regenerated CRAB frequencies: nuk=[-0.24365756  0.2324798 ]
2019-02-27 20:20:51,932 [MainThread  ][DEBUG]  Setting hyperparameter tf=0.6515151515151515
2019-02-27 20:20:51,932 [MainThread  ][INFO ]  Starting optimization for tf=0.6515151515151515
2019-02-27 20:20:51,932 [MainThread  ][DEBUG]  Optimization method: Powell
2019-02-27 20:20:51,932 [MainThread  ][DEBUG]  Optimization options: None
2019-02-27 20:20:51,932 [MainThread  ][INFO ]  Initial parameter values: [ 0.85023023 -0.6597819  -0.01733945 -0.20599371]
2019-02-27 20:23:55,615 [MainThread  ][INFO ]  Final fidelity: 0.7951744618904428
2019-02-27 20:23:55,618 [MainThread  ][INFO ]  Final parameters: [-199.99999604  129.40582979 -154.1597361  -119.13318301]
2019-02-27 20:23:55,619 [MainThread  ][INFO ]  Fidelity: 0.7951744618904428
2019-02-27 20:23:55,619 [MainThread  ][INFO ]  ---- Starting iteration 16/100
2019-02-27 20:23:55,619 [MainThread  ][DEBUG]  Regenerated CRAB frequencies: nuk=[-0.07428418 -0.45783014]
2019-02-27 20:23:55,619 [MainThread  ][DEBUG]  Setting hyperparameter tf=0.6909090909090908
2019-02-27 20:23:55,619 [MainThread  ][INFO ]  Starting optimization for tf=0.6909090909090908
2019-02-27 20:23:55,619 [MainThread  ][DEBUG]  Optimization method: Powell
2019-02-27 20:23:55,619 [MainThread  ][DEBUG]  Optimization options: None
2019-02-27 20:23:55,620 [MainThread  ][INFO ]  Initial parameter values: [-0.34304761 -0.18341797  0.81274201 -0.31227817]
2019-02-27 20:29:15,117 [MainThread  ][INFO ]  Final fidelity: 0.7981352150767039
2019-02-27 20:29:15,120 [MainThread  ][INFO ]  Final parameters: [-199.99992378 -107.64035535  199.99996511 -114.98826433]
2019-02-27 20:29:15,120 [MainThread  ][INFO ]  Fidelity: 0.7981352150767039
2019-02-27 20:29:15,120 [MainThread  ][INFO ]  ---- Starting iteration 17/100
2019-02-27 20:29:15,120 [MainThread  ][DEBUG]  Regenerated CRAB frequencies: nuk=[ 0.13209186  0.40225658]
2019-02-27 20:29:15,120 [MainThread  ][DEBUG]  Setting hyperparameter tf=0.7303030303030302
2019-02-27 20:29:15,120 [MainThread  ][INFO ]  Starting optimization for tf=0.7303030303030302
2019-02-27 20:29:15,120 [MainThread  ][DEBUG]  Optimization method: Powell
2019-02-27 20:29:15,120 [MainThread  ][DEBUG]  Optimization options: None
2019-02-27 20:29:15,121 [MainThread  ][INFO ]  Initial parameter values: [ 0.56834198 -0.75996403  0.67692342  0.67063677]
2019-02-27 20:33:03,726 [MainThread  ][INFO ]  Final fidelity: 0.802891003414759
2019-02-27 20:33:03,735 [MainThread  ][INFO ]  Final parameters: [-116.21579736  -56.88552025  161.93649328  -86.63375989]
2019-02-27 20:33:03,736 [MainThread  ][INFO ]  Fidelity: 0.802891003414759
2019-02-27 20:33:03,736 [MainThread  ][INFO ]  ---- Starting iteration 18/100
2019-02-27 20:33:03,736 [MainThread  ][DEBUG]  Regenerated CRAB frequencies: nuk=[-0.14708216 -0.38172517]
2019-02-27 20:33:03,736 [MainThread  ][DEBUG]  Setting hyperparameter tf=0.7696969696969697
2019-02-27 20:33:03,736 [MainThread  ][INFO ]  Starting optimization for tf=0.7696969696969697
2019-02-27 20:33:03,736 [MainThread  ][DEBUG]  Optimization method: Powell
2019-02-27 20:33:03,736 [MainThread  ][DEBUG]  Optimization options: None
2019-02-27 20:33:03,737 [MainThread  ][INFO ]  Initial parameter values: [ 0.30366993 -0.42821655  0.63182811 -0.52948372]
2019-02-27 20:36:43,997 [MainThread  ][INFO ]  Final fidelity: 0.8105289869822895
2019-02-27 20:36:44,004 [MainThread  ][INFO ]  Final parameters: [-199.99999724 -125.7338106    96.51594053  -31.70013067]
2019-02-27 20:36:44,004 [MainThread  ][INFO ]  Fidelity: 0.8105289869822895
2019-02-27 20:36:44,004 [MainThread  ][INFO ]  ---- Starting iteration 19/100
2019-02-27 20:36:44,005 [MainThread  ][DEBUG]  Regenerated CRAB frequencies: nuk=[ 0.0792992  -0.41140498]
2019-02-27 20:36:44,005 [MainThread  ][DEBUG]  Setting hyperparameter tf=0.809090909090909
2019-02-27 20:36:44,005 [MainThread  ][INFO ]  Starting optimization for tf=0.809090909090909
2019-02-27 20:36:44,005 [MainThread  ][DEBUG]  Optimization method: Powell
2019-02-27 20:36:44,005 [MainThread  ][DEBUG]  Optimization options: None
2019-02-27 20:36:44,006 [MainThread  ][INFO ]  Initial parameter values: [ 0.86786597 -0.96998385 -0.14653798 -0.8757916 ]
2019-02-27 20:40:15,857 [MainThread  ][INFO ]  Final fidelity: 0.8064206207469015
2019-02-27 20:40:15,858 [MainThread  ][INFO ]  Final parameters: [ -74.04804951  -60.94864134  199.99999322  -67.9356938 ]
2019-02-27 20:40:15,858 [MainThread  ][INFO ]  Fidelity: 0.8064206207469015
2019-02-27 20:40:15,858 [MainThread  ][INFO ]  ---- Starting iteration 20/100
2019-02-27 20:40:15,859 [MainThread  ][DEBUG]  Regenerated CRAB frequencies: nuk=[ 0.1105224  -0.28726675]
2019-02-27 20:40:15,859 [MainThread  ][DEBUG]  Setting hyperparameter tf=0.8484848484848484
2019-02-27 20:40:15,859 [MainThread  ][INFO ]  Starting optimization for tf=0.8484848484848484
2019-02-27 20:40:15,859 [MainThread  ][DEBUG]  Optimization method: Powell
2019-02-27 20:40:15,859 [MainThread  ][DEBUG]  Optimization options: None
2019-02-27 20:40:15,859 [MainThread  ][INFO ]  Initial parameter values: [-0.91335086 -0.89309041 -0.68154463 -0.44441347]
2019-02-27 20:46:08,993 [MainThread  ][INFO ]  Final fidelity: 0.8164481366969751
2019-02-27 20:46:08,996 [MainThread  ][INFO ]  Final parameters: [ -43.21056704 -103.2555799   199.99999744    4.3835874 ]
2019-02-27 20:46:08,996 [MainThread  ][INFO ]  Fidelity: 0.8164481366969751
2019-02-27 20:46:08,996 [MainThread  ][INFO ]  ---- Starting iteration 21/100
2019-02-27 20:46:08,996 [MainThread  ][DEBUG]  Regenerated CRAB frequencies: nuk=[ 0.41513104  0.22506086]
2019-02-27 20:46:08,996 [MainThread  ][DEBUG]  Setting hyperparameter tf=0.8878787878787878
2019-02-27 20:46:08,996 [MainThread  ][INFO ]  Starting optimization for tf=0.8878787878787878
2019-02-27 20:46:08,997 [MainThread  ][DEBUG]  Optimization method: Powell
2019-02-27 20:46:08,997 [MainThread  ][DEBUG]  Optimization options: None
2019-02-27 20:46:08,997 [MainThread  ][INFO ]  Initial parameter values: [ 0.52698601  0.11503767  0.12220904  0.86059012]
2019-02-27 20:50:22,748 [MainThread  ][INFO ]  Final fidelity: 0.8261657633837295
2019-02-27 20:50:22,749 [MainThread  ][INFO ]  Final parameters: [  57.97566474  111.42465538  145.54889565  -29.99366336]
2019-02-27 20:50:22,749 [MainThread  ][INFO ]  Fidelity: 0.8261657633837295
2019-02-27 20:50:22,749 [MainThread  ][INFO ]  ---- Starting iteration 22/100
2019-02-27 20:50:22,750 [MainThread  ][DEBUG]  Regenerated CRAB frequencies: nuk=[-0.34921823  0.13296911]
2019-02-27 20:50:22,750 [MainThread  ][DEBUG]  Setting hyperparameter tf=0.9272727272727271
2019-02-27 20:50:22,750 [MainThread  ][INFO ]  Starting optimization for tf=0.9272727272727271
2019-02-27 20:50:22,750 [MainThread  ][DEBUG]  Optimization method: Powell
2019-02-27 20:50:22,750 [MainThread  ][DEBUG]  Optimization options: None
2019-02-27 20:50:22,750 [MainThread  ][INFO ]  Initial parameter values: [ 0.85378051  0.58680704  0.46558771 -0.3521843 ]
2019-02-27 20:53:39,472 [MainThread  ][INFO ]  Final fidelity: 0.8428792876756027
2019-02-27 20:53:39,476 [MainThread  ][INFO ]  Final parameters: [-132.2714553    71.06546516 -120.03096553   -5.37306959]
2019-02-27 20:53:39,476 [MainThread  ][INFO ]  Fidelity: 0.8428792876756027
2019-02-27 20:53:39,476 [MainThread  ][INFO ]  ---- Starting iteration 23/100
2019-02-27 20:53:39,476 [MainThread  ][DEBUG]  Regenerated CRAB frequencies: nuk=[-0.277871   -0.43043241]
2019-02-27 20:53:39,476 [MainThread  ][DEBUG]  Setting hyperparameter tf=0.9666666666666666
2019-02-27 20:53:39,476 [MainThread  ][INFO ]  Starting optimization for tf=0.9666666666666666
2019-02-27 20:53:39,476 [MainThread  ][DEBUG]  Optimization method: Powell
2019-02-27 20:53:39,477 [MainThread  ][DEBUG]  Optimization options: None
2019-02-27 20:53:39,477 [MainThread  ][INFO ]  Initial parameter values: [-0.14052549 -0.57882638  0.19294041  0.20609646]
2019-02-27 20:59:43,026 [MainThread  ][INFO ]  Final fidelity: 0.8493104214468317
2019-02-27 20:59:43,029 [MainThread  ][INFO ]  Final parameters: [-199.99999738  -57.01973185  -34.9480529   -87.30708938]
2019-02-27 20:59:43,029 [MainThread  ][INFO ]  Fidelity: 0.8493104214468317
2019-02-27 20:59:43,029 [MainThread  ][INFO ]  ---- Starting iteration 24/100
2019-02-27 20:59:43,029 [MainThread  ][DEBUG]  Regenerated CRAB frequencies: nuk=[-0.0528355   0.30388275]
2019-02-27 20:59:43,030 [MainThread  ][DEBUG]  Setting hyperparameter tf=1.006060606060606
2019-02-27 20:59:43,030 [MainThread  ][INFO ]  Starting optimization for tf=1.006060606060606
2019-02-27 20:59:43,030 [MainThread  ][DEBUG]  Optimization method: Powell
2019-02-27 20:59:43,030 [MainThread  ][DEBUG]  Optimization options: None
2019-02-27 20:59:43,030 [MainThread  ][INFO ]  Initial parameter values: [ 0.74306186 -0.69168473  0.67444885 -0.75560164]
2019-02-27 21:01:56,909 [MainThread  ][INFO ]  Final fidelity: 0.8458692398591937
2019-02-27 21:01:56,921 [MainThread  ][INFO ]  Final parameters: [-110.91286857    6.94642332   36.43632286  -56.99900678]
2019-02-27 21:01:56,921 [MainThread  ][INFO ]  Fidelity: 0.8458692398591937
2019-02-27 21:01:56,921 [MainThread  ][INFO ]  ---- Starting iteration 25/100
2019-02-27 21:01:56,922 [MainThread  ][DEBUG]  Regenerated CRAB frequencies: nuk=[-0.28126051 -0.05280686]
2019-02-27 21:01:56,922 [MainThread  ][DEBUG]  Setting hyperparameter tf=1.0454545454545454
2019-02-27 21:01:56,922 [MainThread  ][INFO ]  Starting optimization for tf=1.0454545454545454
2019-02-27 21:01:56,922 [MainThread  ][DEBUG]  Optimization method: Powell
2019-02-27 21:01:56,922 [MainThread  ][DEBUG]  Optimization options: None
2019-02-27 21:01:56,922 [MainThread  ][INFO ]  Initial parameter values: [ 0.16319423  0.26277264 -0.25718247  0.78156344]
2019-02-27 21:06:26,598 [MainThread  ][INFO ]  Final fidelity: 0.875863909856398
2019-02-27 21:06:26,601 [MainThread  ][INFO ]  Final parameters: [-141.65687499   -5.53911768  -76.63309253   83.9106541 ]
2019-02-27 21:06:26,601 [MainThread  ][INFO ]  Fidelity: 0.875863909856398
2019-02-27 21:06:26,601 [MainThread  ][INFO ]  ---- Starting iteration 26/100
2019-02-27 21:06:26,602 [MainThread  ][DEBUG]  Regenerated CRAB frequencies: nuk=[ 0.43572088 -0.09856615]
2019-02-27 21:06:26,602 [MainThread  ][DEBUG]  Setting hyperparameter tf=1.0848484848484847
2019-02-27 21:06:26,602 [MainThread  ][INFO ]  Starting optimization for tf=1.0848484848484847
2019-02-27 21:06:26,602 [MainThread  ][DEBUG]  Optimization method: Powell
2019-02-27 21:06:26,602 [MainThread  ][DEBUG]  Optimization options: None
2019-02-27 21:06:26,602 [MainThread  ][INFO ]  Initial parameter values: [-0.90020438 -0.21698338 -0.32255705  0.89990696]
2019-02-27 21:13:01,032 [MainThread  ][INFO ]  Final fidelity: 0.8717018314880342
2019-02-27 21:13:01,034 [MainThread  ][INFO ]  Final parameters: [ 162.69888023 -116.88763757  158.90421192  146.60970494]
2019-02-27 21:13:01,034 [MainThread  ][INFO ]  Fidelity: 0.8717018314880342
2019-02-27 21:13:01,034 [MainThread  ][INFO ]  ---- Starting iteration 27/100
2019-02-27 21:13:01,035 [MainThread  ][DEBUG]  Regenerated CRAB frequencies: nuk=[ 0.26116257 -0.4815414 ]
2019-02-27 21:13:01,035 [MainThread  ][DEBUG]  Setting hyperparameter tf=1.1242424242424243
2019-02-27 21:13:01,035 [MainThread  ][INFO ]  Starting optimization for tf=1.1242424242424243
2019-02-27 21:13:01,035 [MainThread  ][DEBUG]  Optimization method: Powell
2019-02-27 21:13:01,035 [MainThread  ][DEBUG]  Optimization options: None
2019-02-27 21:13:01,036 [MainThread  ][INFO ]  Initial parameter values: [-0.9636768   0.81905554 -0.57288171  0.78654762]
2019-02-27 21:19:19,964 [MainThread  ][INFO ]  Final fidelity: 0.8763086819428241
2019-02-27 21:19:20,000 [MainThread  ][INFO ]  Final parameters: [-105.85492152 -110.53493778 -130.04742494  199.75533228]
2019-02-27 21:19:20,001 [MainThread  ][INFO ]  Fidelity: 0.8763086819428241
2019-02-27 21:19:20,001 [MainThread  ][INFO ]  ---- Starting iteration 28/100
2019-02-27 21:19:20,001 [MainThread  ][DEBUG]  Regenerated CRAB frequencies: nuk=[ 0.17514749  0.22482988]
2019-02-27 21:19:20,001 [MainThread  ][DEBUG]  Setting hyperparameter tf=1.1636363636363636
2019-02-27 21:19:20,001 [MainThread  ][INFO ]  Starting optimization for tf=1.1636363636363636
2019-02-27 21:19:20,001 [MainThread  ][DEBUG]  Optimization method: Powell
2019-02-27 21:19:20,001 [MainThread  ][DEBUG]  Optimization options: None
2019-02-27 21:19:20,002 [MainThread  ][INFO ]  Initial parameter values: [ 0.8817701  -0.21615391  0.1710412  -0.94308049]
2019-02-27 21:24:57,130 [MainThread  ][INFO ]  Final fidelity: 0.8758532440541922
2019-02-27 21:24:57,133 [MainThread  ][INFO ]  Final parameters: [-41.98381567  52.61830845  76.09475315 -28.24692503]
2019-02-27 21:24:57,133 [MainThread  ][INFO ]  Fidelity: 0.8758532440541922
2019-02-27 21:24:57,133 [MainThread  ][INFO ]  ---- Starting iteration 29/100
2019-02-27 21:24:57,134 [MainThread  ][DEBUG]  Regenerated CRAB frequencies: nuk=[ 0.22227136 -0.09811154]
2019-02-27 21:24:57,134 [MainThread  ][DEBUG]  Setting hyperparameter tf=1.2030303030303031
2019-02-27 21:24:57,134 [MainThread  ][INFO ]  Starting optimization for tf=1.2030303030303031
2019-02-27 21:24:57,134 [MainThread  ][DEBUG]  Optimization method: Powell
2019-02-27 21:24:57,134 [MainThread  ][DEBUG]  Optimization options: None
2019-02-27 21:24:57,134 [MainThread  ][INFO ]  Initial parameter values: [ 0.32231693 -0.19781336  0.2749449   0.36072851]
2019-02-27 21:31:55,983 [MainThread  ][INFO ]  Final fidelity: 0.9031131224781411
2019-02-27 21:31:55,995 [MainThread  ][INFO ]  Final parameters: [ -10.03288931  -65.09702658  138.69220728   89.99647048]
2019-02-27 21:31:55,996 [MainThread  ][INFO ]  Fidelity: 0.9031131224781411
2019-02-27 21:31:55,996 [MainThread  ][INFO ]  ---- Starting iteration 30/100
2019-02-27 21:31:55,996 [MainThread  ][DEBUG]  Regenerated CRAB frequencies: nuk=[-0.26230729  0.3230999 ]
2019-02-27 21:31:55,996 [MainThread  ][DEBUG]  Setting hyperparameter tf=1.2424242424242424
2019-02-27 21:31:55,996 [MainThread  ][INFO ]  Starting optimization for tf=1.2424242424242424
2019-02-27 21:31:55,996 [MainThread  ][DEBUG]  Optimization method: Powell
2019-02-27 21:31:55,997 [MainThread  ][DEBUG]  Optimization options: None
2019-02-27 21:31:55,997 [MainThread  ][INFO ]  Initial parameter values: [ 0.61112093 -0.39856849  0.66824804  0.54105329]
2019-02-27 21:34:31,186 [MainThread  ][INFO ]  Final fidelity: 0.8891684227204322
2019-02-27 21:34:31,188 [MainThread  ][INFO ]  Final parameters: [-80.9999583   -9.00128704 -31.36794962 -29.35689247]
2019-02-27 21:34:31,188 [MainThread  ][INFO ]  Fidelity: 0.8891684227204322
2019-02-27 21:34:31,188 [MainThread  ][INFO ]  ---- Starting iteration 31/100
2019-02-27 21:34:31,189 [MainThread  ][DEBUG]  Regenerated CRAB frequencies: nuk=[-0.42710594  0.42445137]
2019-02-27 21:34:31,189 [MainThread  ][DEBUG]  Setting hyperparameter tf=1.2818181818181817
2019-02-27 21:34:31,189 [MainThread  ][INFO ]  Starting optimization for tf=1.2818181818181817
2019-02-27 21:34:31,189 [MainThread  ][DEBUG]  Optimization method: Powell
2019-02-27 21:34:31,189 [MainThread  ][DEBUG]  Optimization options: None
2019-02-27 21:34:31,189 [MainThread  ][INFO ]  Initial parameter values: [-0.86174441  0.12964351 -0.18524026 -0.3728235 ]
2019-02-27 21:38:52,530 [MainThread  ][INFO ]  Final fidelity: 0.8949317144674266
2019-02-27 21:38:52,539 [MainThread  ][INFO ]  Final parameters: [-55.21227497 -19.8588302  -77.18157666  -2.74155875]
2019-02-27 21:38:52,539 [MainThread  ][INFO ]  Fidelity: 0.8949317144674266
2019-02-27 21:38:52,539 [MainThread  ][INFO ]  ---- Starting iteration 32/100
2019-02-27 21:38:52,539 [MainThread  ][DEBUG]  Regenerated CRAB frequencies: nuk=[ 0.11989447 -0.1643272 ]
2019-02-27 21:38:52,540 [MainThread  ][DEBUG]  Setting hyperparameter tf=1.3212121212121213
2019-02-27 21:38:52,540 [MainThread  ][INFO ]  Starting optimization for tf=1.3212121212121213
2019-02-27 21:38:52,540 [MainThread  ][DEBUG]  Optimization method: Powell
2019-02-27 21:38:52,540 [MainThread  ][DEBUG]  Optimization options: None
2019-02-27 21:38:52,540 [MainThread  ][INFO ]  Initial parameter values: [ 0.94906428  0.91042337 -0.34445798  0.23931827]
2019-02-27 21:45:26,034 [MainThread  ][INFO ]  Final fidelity: 0.9317233888281626
2019-02-27 21:45:26,035 [MainThread  ][INFO ]  Final parameters: [ -45.94569357  -72.38223133  112.75371131   44.90256688]
2019-02-27 21:45:26,036 [MainThread  ][INFO ]  Fidelity: 0.9317233888281626
2019-02-27 21:45:26,036 [MainThread  ][INFO ]  ---- Starting iteration 33/100
2019-02-27 21:45:26,036 [MainThread  ][DEBUG]  Regenerated CRAB frequencies: nuk=[-0.24657724  0.06781444]
2019-02-27 21:45:26,036 [MainThread  ][DEBUG]  Setting hyperparameter tf=1.3606060606060606
2019-02-27 21:45:26,036 [MainThread  ][INFO ]  Starting optimization for tf=1.3606060606060606
2019-02-27 21:45:26,036 [MainThread  ][DEBUG]  Optimization method: Powell
2019-02-27 21:45:26,037 [MainThread  ][DEBUG]  Optimization options: None
2019-02-27 21:45:26,037 [MainThread  ][INFO ]  Initial parameter values: [-0.83202145 -0.00821341  0.52681465 -0.27045435]
2019-02-27 21:49:18,276 [MainThread  ][INFO ]  Final fidelity: 0.9327238030725958
2019-02-27 21:49:18,277 [MainThread  ][INFO ]  Final parameters: [-79.78568414  34.15282149 -28.34159722  20.60605127]
2019-02-27 21:49:18,277 [MainThread  ][INFO ]  Fidelity: 0.9327238030725958
2019-02-27 21:49:18,277 [MainThread  ][INFO ]  ---- Starting iteration 34/100
2019-02-27 21:49:18,278 [MainThread  ][DEBUG]  Regenerated CRAB frequencies: nuk=[ 0.13051015  0.39723494]
2019-02-27 21:49:18,278 [MainThread  ][DEBUG]  Setting hyperparameter tf=1.4
2019-02-27 21:49:18,278 [MainThread  ][INFO ]  Starting optimization for tf=1.4
2019-02-27 21:49:18,278 [MainThread  ][DEBUG]  Optimization method: Powell
2019-02-27 21:49:18,278 [MainThread  ][DEBUG]  Optimization options: None
2019-02-27 21:49:18,279 [MainThread  ][INFO ]  Initial parameter values: [ 0.62089667 -0.11309662 -0.91160189 -0.07244051]
2019-02-27 21:53:45,108 [MainThread  ][INFO ]  Final fidelity: 0.9061961213897362
2019-02-27 21:53:45,117 [MainThread  ][INFO ]  Final parameters: [-33.70956212 -18.63588614  44.43437105 -26.39444544]
2019-02-27 21:53:45,117 [MainThread  ][INFO ]  Fidelity: 0.9061961213897362
2019-02-27 21:53:45,117 [MainThread  ][INFO ]  ---- Starting iteration 35/100
2019-02-27 21:53:45,118 [MainThread  ][DEBUG]  Regenerated CRAB frequencies: nuk=[ 0.29301294  0.29222776]
2019-02-27 21:53:45,118 [MainThread  ][DEBUG]  Setting hyperparameter tf=1.4393939393939394
2019-02-27 21:53:45,118 [MainThread  ][INFO ]  Starting optimization for tf=1.4393939393939394
2019-02-27 21:53:45,118 [MainThread  ][DEBUG]  Optimization method: Powell
2019-02-27 21:53:45,118 [MainThread  ][DEBUG]  Optimization options: None
2019-02-27 21:53:45,119 [MainThread  ][INFO ]  Initial parameter values: [ 0.83105836 -0.01808146  0.66445393  0.87200648]
2019-02-27 22:20:55,908 [MainThread  ][INFO ]  Final fidelity: 0.9175114666434783
2019-02-27 22:20:55,909 [MainThread  ][INFO ]  Final parameters: [  2.4259933   14.50526705  54.46990641 -29.68664375]
2019-02-27 22:20:55,909 [MainThread  ][INFO ]  Fidelity: 0.9175114666434783
2019-02-27 22:20:55,909 [MainThread  ][INFO ]  ---- Starting iteration 36/100
2019-02-27 22:20:55,910 [MainThread  ][DEBUG]  Regenerated CRAB frequencies: nuk=[ 0.11497954  0.16803223]
2019-02-27 22:20:55,910 [MainThread  ][DEBUG]  Setting hyperparameter tf=1.4787878787878788
2019-02-27 22:20:55,910 [MainThread  ][INFO ]  Starting optimization for tf=1.4787878787878788
2019-02-27 22:20:55,910 [MainThread  ][DEBUG]  Optimization method: Powell
2019-02-27 22:20:55,910 [MainThread  ][DEBUG]  Optimization options: None
2019-02-27 22:20:55,910 [MainThread  ][INFO ]  Initial parameter values: [ 0.88468723 -0.85816549 -0.37320551  0.02421431]
2019-02-27 22:30:00,247 [MainThread  ][INFO ]  Final fidelity: 0.9386220261368553
2019-02-27 22:30:00,259 [MainThread  ][INFO ]  Final parameters: [-31.63215705  28.64094738  47.03844592  -9.89972853]
2019-02-27 22:30:00,259 [MainThread  ][INFO ]  Fidelity: 0.9386220261368553
2019-02-27 22:30:00,259 [MainThread  ][INFO ]  ---- Starting iteration 37/100
2019-02-27 22:30:00,259 [MainThread  ][DEBUG]  Regenerated CRAB frequencies: nuk=[-0.40168112  0.4226426 ]
2019-02-27 22:30:00,259 [MainThread  ][DEBUG]  Setting hyperparameter tf=1.518181818181818
2019-02-27 22:30:00,259 [MainThread  ][INFO ]  Starting optimization for tf=1.518181818181818
2019-02-27 22:30:00,260 [MainThread  ][DEBUG]  Optimization method: Powell
2019-02-27 22:30:00,260 [MainThread  ][DEBUG]  Optimization options: None
2019-02-27 22:30:00,260 [MainThread  ][INFO ]  Initial parameter values: [ 0.36275792  0.64630492 -0.71893532  0.42425341]
2019-02-27 22:35:41,759 [MainThread  ][INFO ]  Final fidelity: 0.9395961457920947
2019-02-27 22:35:41,760 [MainThread  ][INFO ]  Final parameters: [-44.55323704 -15.3154507  -49.88206649  -1.7919861 ]
2019-02-27 22:35:41,760 [MainThread  ][INFO ]  Fidelity: 0.9395961457920947
2019-02-27 22:35:41,760 [MainThread  ][INFO ]  ---- Starting iteration 38/100
2019-02-27 22:35:41,761 [MainThread  ][DEBUG]  Regenerated CRAB frequencies: nuk=[ 0.02271498  0.03235191]
2019-02-27 22:35:41,761 [MainThread  ][DEBUG]  Setting hyperparameter tf=1.5575757575757576
2019-02-27 22:35:41,761 [MainThread  ][INFO ]  Starting optimization for tf=1.5575757575757576
2019-02-27 22:35:41,761 [MainThread  ][DEBUG]  Optimization method: Powell
2019-02-27 22:35:41,761 [MainThread  ][DEBUG]  Optimization options: None
2019-02-27 22:35:41,761 [MainThread  ][INFO ]  Initial parameter values: [ 0.07752191 -0.78665273 -0.10502025 -0.30229006]
2019-02-27 22:41:23,887 [MainThread  ][INFO ]  Final fidelity: 0.9654633520139472
2019-02-27 22:41:23,890 [MainThread  ][INFO ]  Final parameters: [-59.2663743   12.24851504  24.35410558  47.28654056]
2019-02-27 22:41:23,890 [MainThread  ][INFO ]  Fidelity: 0.9654633520139472
2019-02-27 22:41:23,890 [MainThread  ][INFO ]  ---- Starting iteration 39/100
2019-02-27 22:41:23,891 [MainThread  ][DEBUG]  Regenerated CRAB frequencies: nuk=[-0.16155153  0.2356626 ]
2019-02-27 22:41:23,891 [MainThread  ][DEBUG]  Setting hyperparameter tf=1.596969696969697
2019-02-27 22:41:23,891 [MainThread  ][INFO ]  Starting optimization for tf=1.596969696969697
2019-02-27 22:41:23,891 [MainThread  ][DEBUG]  Optimization method: Powell
2019-02-27 22:41:23,891 [MainThread  ][DEBUG]  Optimization options: None
2019-02-27 22:41:23,891 [MainThread  ][INFO ]  Initial parameter values: [-0.3848859   0.92234596 -0.33495038  0.95873143]
2019-02-27 22:44:44,117 [MainThread  ][INFO ]  Final fidelity: 0.9600417020861411
2019-02-27 22:44:44,131 [MainThread  ][INFO ]  Final parameters: [-49.18707744  10.54165523   2.61881935 -21.03344499]
2019-02-27 22:44:44,132 [MainThread  ][INFO ]  Fidelity: 0.9600417020861411
2019-02-27 22:44:44,132 [MainThread  ][INFO ]  ---- Starting iteration 40/100
2019-02-27 22:44:44,132 [MainThread  ][DEBUG]  Regenerated CRAB frequencies: nuk=[-0.3956647  -0.05008642]
2019-02-27 22:44:44,132 [MainThread  ][DEBUG]  Setting hyperparameter tf=1.6363636363636362
2019-02-27 22:44:44,132 [MainThread  ][INFO ]  Starting optimization for tf=1.6363636363636362
2019-02-27 22:44:44,132 [MainThread  ][DEBUG]  Optimization method: Powell
2019-02-27 22:44:44,132 [MainThread  ][DEBUG]  Optimization options: None
2019-02-27 22:44:44,133 [MainThread  ][INFO ]  Initial parameter values: [-0.23439145  0.09692783  0.22849467 -0.64273596]
2019-02-27 22:52:44,553 [MainThread  ][INFO ]  Final fidelity: 0.9897891943394768
2019-02-27 22:52:44,555 [MainThread  ][INFO ]  Final parameters: [-47.75039      2.89260186 -56.75242444  28.59592908]
2019-02-27 22:52:44,555 [MainThread  ][INFO ]  Fidelity: 0.9897891943394768
2019-02-27 22:52:44,555 [MainThread  ][INFO ]  ---- Starting iteration 41/100
2019-02-27 22:52:44,556 [MainThread  ][DEBUG]  Regenerated CRAB frequencies: nuk=[ 0.21804303 -0.47645372]
2019-02-27 22:52:44,556 [MainThread  ][DEBUG]  Setting hyperparameter tf=1.6757575757575758
2019-02-27 22:52:44,556 [MainThread  ][INFO ]  Starting optimization for tf=1.6757575757575758
2019-02-27 22:52:44,556 [MainThread  ][DEBUG]  Optimization method: Powell
2019-02-27 22:52:44,556 [MainThread  ][DEBUG]  Optimization options: None
2019-02-27 22:52:44,556 [MainThread  ][INFO ]  Initial parameter values: [-0.20945763  0.45257251 -0.75308084 -0.43180146]
2019-02-27 23:00:24,162 [MainThread  ][INFO ]  Final fidelity: 0.9947479962983791
2019-02-27 23:00:24,163 [MainThread  ][INFO ]  Final parameters: [ -49.46223005 -105.85916656 -182.02987806  199.99990626]
2019-02-27 23:00:24,163 [MainThread  ][INFO ]  Fidelity: 0.9947479962983791
2019-02-27 23:00:24,163 [MainThread  ][INFO ]  ---- Starting iteration 42/100
2019-02-27 23:00:24,164 [MainThread  ][DEBUG]  Regenerated CRAB frequencies: nuk=[ 0.30165343  0.29630811]
2019-02-27 23:00:24,164 [MainThread  ][DEBUG]  Setting hyperparameter tf=1.715151515151515
2019-02-27 23:00:24,164 [MainThread  ][INFO ]  Starting optimization for tf=1.715151515151515
2019-02-27 23:00:24,164 [MainThread  ][DEBUG]  Optimization method: Powell
2019-02-27 23:00:24,164 [MainThread  ][DEBUG]  Optimization options: None
2019-02-27 23:00:24,164 [MainThread  ][INFO ]  Initial parameter values: [-0.99425161  0.39785896 -0.93831581  0.16560712]
2019-02-27 23:08:38,139 [MainThread  ][INFO ]  Final fidelity: 0.9511156961903776
2019-02-27 23:08:38,142 [MainThread  ][INFO ]  Final parameters: [ 14.66584331  -1.26942404  29.0872677  -23.05945527]
2019-02-27 23:08:38,142 [MainThread  ][INFO ]  Fidelity: 0.9511156961903776
2019-02-27 23:08:38,142 [MainThread  ][INFO ]  ---- Starting iteration 43/100
2019-02-27 23:08:38,143 [MainThread  ][DEBUG]  Regenerated CRAB frequencies: nuk=[-0.49784375  0.34326027]
2019-02-27 23:08:38,143 [MainThread  ][DEBUG]  Setting hyperparameter tf=1.7545454545454544
2019-02-27 23:08:38,143 [MainThread  ][INFO ]  Starting optimization for tf=1.7545454545454544
2019-02-27 23:08:38,143 [MainThread  ][DEBUG]  Optimization method: Powell
2019-02-27 23:08:38,143 [MainThread  ][DEBUG]  Optimization options: None
2019-02-27 23:08:38,144 [MainThread  ][INFO ]  Initial parameter values: [-0.88098569 -0.66267898  0.3499656   0.82990181]
2019-02-27 23:12:08,286 [MainThread  ][INFO ]  Final fidelity: 0.9839769143765993
2019-02-27 23:12:08,288 [MainThread  ][INFO ]  Final parameters: [-21.53018376  -8.78661436 -55.65203251  -9.8081331 ]
2019-02-27 23:12:08,288 [MainThread  ][INFO ]  Fidelity: 0.9839769143765993
2019-02-27 23:12:08,288 [MainThread  ][INFO ]  ---- Starting iteration 44/100
2019-02-27 23:12:08,288 [MainThread  ][DEBUG]  Regenerated CRAB frequencies: nuk=[-0.2084101  -0.15658146]
2019-02-27 23:12:08,289 [MainThread  ][DEBUG]  Setting hyperparameter tf=1.793939393939394
2019-02-27 23:12:08,289 [MainThread  ][INFO ]  Starting optimization for tf=1.793939393939394
2019-02-27 23:12:08,289 [MainThread  ][DEBUG]  Optimization method: Powell
2019-02-27 23:12:08,289 [MainThread  ][DEBUG]  Optimization options: None
2019-02-27 23:12:08,289 [MainThread  ][INFO ]  Initial parameter values: [ 0.21596423  0.73912828  0.63346883 -0.61855496]
2019-02-27 23:17:43,067 [MainThread  ][INFO ]  Final fidelity: 0.9993028640194267
2019-02-27 23:17:43,073 [MainThread  ][INFO ]  Final parameters: [-54.77260454 -13.80631218  -0.18834025  21.15669021]
2019-02-27 23:17:43,073 [MainThread  ][INFO ]  Fidelity: 0.9993028640194267
2019-02-27 23:17:43,073 [MainThread  ][INFO ]  ---- Starting iteration 45/100
2019-02-27 23:17:43,074 [MainThread  ][DEBUG]  Regenerated CRAB frequencies: nuk=[ 0.06485406 -0.47843298]
2019-02-27 23:17:43,074 [MainThread  ][DEBUG]  Setting hyperparameter tf=1.8333333333333333
2019-02-27 23:17:43,074 [MainThread  ][INFO ]  Starting optimization for tf=1.8333333333333333
2019-02-27 23:17:43,074 [MainThread  ][DEBUG]  Optimization method: Powell
2019-02-27 23:17:43,074 [MainThread  ][DEBUG]  Optimization options: None
2019-02-27 23:17:43,074 [MainThread  ][INFO ]  Initial parameter values: [-0.76124809 -0.24784832 -0.88878612  0.45710266]
2019-02-27 23:21:02,827 [MainThread  ][INFO ]  Final fidelity: 0.953583442046487
2019-02-27 23:21:02,828 [MainThread  ][INFO ]  Final parameters: [  8.01393864 -25.62542808  25.3862733   -0.34352519]
2019-02-27 23:21:02,828 [MainThread  ][INFO ]  Fidelity: 0.953583442046487
2019-02-27 23:21:02,828 [MainThread  ][INFO ]  ---- Starting iteration 46/100
2019-02-27 23:21:02,829 [MainThread  ][DEBUG]  Regenerated CRAB frequencies: nuk=[ 0.37552114 -0.20789907]
2019-02-27 23:21:02,829 [MainThread  ][DEBUG]  Setting hyperparameter tf=1.8727272727272726
2019-02-27 23:21:02,829 [MainThread  ][INFO ]  Starting optimization for tf=1.8727272727272726
2019-02-27 23:21:02,829 [MainThread  ][DEBUG]  Optimization method: Powell
2019-02-27 23:21:02,829 [MainThread  ][DEBUG]  Optimization options: None
2019-02-27 23:21:02,829 [MainThread  ][INFO ]  Initial parameter values: [-0.88236528 -0.51597878  0.88695528  0.02070756]
2019-02-27 23:25:21,436 [MainThread  ][INFO ]  Final fidelity: 0.9977891686798214
2019-02-27 23:25:21,451 [MainThread  ][INFO ]  Final parameters: [  44.49282123 -106.70944782  124.79334306  -26.68243667]
2019-02-27 23:25:21,451 [MainThread  ][INFO ]  Fidelity: 0.9977891686798214
2019-02-27 23:25:21,451 [MainThread  ][INFO ]  ---- Starting iteration 47/100
2019-02-27 23:25:21,451 [MainThread  ][DEBUG]  Regenerated CRAB frequencies: nuk=[ 0.28623346  0.49733067]
2019-02-27 23:25:21,452 [MainThread  ][DEBUG]  Setting hyperparameter tf=1.912121212121212
2019-02-27 23:25:21,452 [MainThread  ][INFO ]  Starting optimization for tf=1.912121212121212
2019-02-27 23:25:21,452 [MainThread  ][DEBUG]  Optimization method: Powell
2019-02-27 23:25:21,452 [MainThread  ][DEBUG]  Optimization options: None
2019-02-27 23:25:21,452 [MainThread  ][INFO ]  Initial parameter values: [-0.98807408  0.26601347 -0.00992633 -0.38494362]
2019-02-27 23:27:43,766 [MainThread  ][INFO ]  Final fidelity: 0.9709900416390518
2019-02-27 23:27:43,770 [MainThread  ][INFO ]  Final parameters: [  9.74578829 -10.2822284   25.35498887   4.35176247]
2019-02-27 23:27:43,770 [MainThread  ][INFO ]  Fidelity: 0.9709900416390518
2019-02-27 23:27:43,770 [MainThread  ][INFO ]  ---- Starting iteration 48/100
2019-02-27 23:27:43,770 [MainThread  ][DEBUG]  Regenerated CRAB frequencies: nuk=[-0.04001368 -0.43398552]
2019-02-27 23:27:43,771 [MainThread  ][DEBUG]  Setting hyperparameter tf=1.9515151515151514
2019-02-27 23:27:43,771 [MainThread  ][INFO ]  Starting optimization for tf=1.9515151515151514
2019-02-27 23:27:43,771 [MainThread  ][DEBUG]  Optimization method: Powell
2019-02-27 23:27:43,771 [MainThread  ][DEBUG]  Optimization options: None
2019-02-27 23:27:43,771 [MainThread  ][INFO ]  Initial parameter values: [-0.84539695 -0.06468348 -0.20537386 -0.98140034]
2019-02-27 23:35:47,308 [MainThread  ][INFO ]  Final fidelity: 0.9995593338928319
2019-02-27 23:35:47,322 [MainThread  ][INFO ]  Final parameters: [-50.74804395 -36.49442555  84.53617964 -74.84572714]
2019-02-27 23:35:47,322 [MainThread  ][INFO ]  Fidelity: 0.9995593338928319
2019-02-27 23:35:47,322 [MainThread  ][INFO ]  ---- Starting iteration 49/100
2019-02-27 23:35:47,322 [MainThread  ][DEBUG]  Regenerated CRAB frequencies: nuk=[ 0.19973388 -0.34558084]
2019-02-27 23:35:47,322 [MainThread  ][DEBUG]  Setting hyperparameter tf=1.9909090909090907
2019-02-27 23:35:47,323 [MainThread  ][INFO ]  Starting optimization for tf=1.9909090909090907
2019-02-27 23:35:47,323 [MainThread  ][DEBUG]  Optimization method: Powell
2019-02-27 23:35:47,323 [MainThread  ][DEBUG]  Optimization options: None
2019-02-27 23:35:47,323 [MainThread  ][INFO ]  Initial parameter values: [ 0.66592836  0.11661393  0.12291804  0.00352881]
2019-02-27 23:43:48,351 [MainThread  ][INFO ]  Final fidelity: 0.9995836161444512
2019-02-27 23:43:48,363 [MainThread  ][INFO ]  Final parameters: [  49.79133557  -99.64238551  129.01862957  -69.30336023]
2019-02-27 23:43:48,364 [MainThread  ][INFO ]  Fidelity: 0.9995836161444512
2019-02-27 23:43:48,364 [MainThread  ][INFO ]  ---- Starting iteration 50/100
2019-02-27 23:43:48,364 [MainThread  ][DEBUG]  Regenerated CRAB frequencies: nuk=[-0.45526422 -0.29846471]
2019-02-27 23:43:48,364 [MainThread  ][DEBUG]  Setting hyperparameter tf=2.0303030303030303
2019-02-27 23:43:48,364 [MainThread  ][INFO ]  Starting optimization for tf=2.0303030303030303
2019-02-27 23:43:48,364 [MainThread  ][DEBUG]  Optimization method: Powell
2019-02-27 23:43:48,364 [MainThread  ][DEBUG]  Optimization options: None
2019-02-27 23:43:48,365 [MainThread  ][INFO ]  Initial parameter values: [-0.73940076  0.76208404 -0.09367474 -0.73898988]
2019-02-27 23:48:03,726 [MainThread  ][INFO ]  Final fidelity: 0.9995252521602022
2019-02-27 23:48:03,736 [MainThread  ][INFO ]  Final parameters: [-21.81233     -3.0654245  -29.11957906   6.95150418]
2019-02-27 23:48:03,737 [MainThread  ][INFO ]  Fidelity: 0.9995252521602022
2019-02-27 23:48:03,737 [MainThread  ][INFO ]  ---- Starting iteration 51/100
2019-02-27 23:48:03,737 [MainThread  ][DEBUG]  Regenerated CRAB frequencies: nuk=[-0.37519379 -0.05041291]
2019-02-27 23:48:03,737 [MainThread  ][DEBUG]  Setting hyperparameter tf=2.0696969696969694
2019-02-27 23:48:03,737 [MainThread  ][INFO ]  Starting optimization for tf=2.0696969696969694
2019-02-27 23:48:03,737 [MainThread  ][DEBUG]  Optimization method: Powell
2019-02-27 23:48:03,737 [MainThread  ][DEBUG]  Optimization options: None
2019-02-27 23:48:03,738 [MainThread  ][INFO ]  Initial parameter values: [-0.48710396  0.08352536  0.17735285  0.83269376]
2019-02-27 23:55:41,215 [MainThread  ][INFO ]  Final fidelity: 0.9993843108720643
2019-02-27 23:55:41,216 [MainThread  ][INFO ]  Final parameters: [-28.12995301   1.58521193 -38.66347083  11.47557499]
2019-02-27 23:55:41,216 [MainThread  ][INFO ]  Fidelity: 0.9993843108720643
2019-02-27 23:55:41,216 [MainThread  ][INFO ]  ---- Starting iteration 52/100
2019-02-27 23:55:41,216 [MainThread  ][DEBUG]  Regenerated CRAB frequencies: nuk=[ 0.43035047  0.39575875]
2019-02-27 23:55:41,216 [MainThread  ][DEBUG]  Setting hyperparameter tf=2.109090909090909
2019-02-27 23:55:41,216 [MainThread  ][INFO ]  Starting optimization for tf=2.109090909090909
2019-02-27 23:55:41,216 [MainThread  ][DEBUG]  Optimization method: Powell
2019-02-27 23:55:41,216 [MainThread  ][DEBUG]  Optimization options: None
2019-02-27 23:55:41,217 [MainThread  ][INFO ]  Initial parameter values: [-0.69682599 -0.78662269 -0.78845745  0.29341828]
2019-02-28 00:02:21,218 [MainThread  ][INFO ]  Final fidelity: 0.9887553104729292
2019-02-28 00:02:21,219 [MainThread  ][INFO ]  Final parameters: [ 19.30434867  -9.65479417  10.84350793  -6.44387524]
2019-02-28 00:02:21,219 [MainThread  ][INFO ]  Fidelity: 0.9887553104729292
2019-02-28 00:02:21,219 [MainThread  ][INFO ]  ---- Starting iteration 53/100
2019-02-28 00:02:21,220 [MainThread  ][DEBUG]  Regenerated CRAB frequencies: nuk=[-0.10649659 -0.17907712]
2019-02-28 00:02:21,220 [MainThread  ][DEBUG]  Setting hyperparameter tf=2.1484848484848484
2019-02-28 00:02:21,220 [MainThread  ][INFO ]  Starting optimization for tf=2.1484848484848484
2019-02-28 00:02:21,220 [MainThread  ][DEBUG]  Optimization method: Powell
2019-02-28 00:02:21,220 [MainThread  ][DEBUG]  Optimization options: None
2019-02-28 00:02:21,221 [MainThread  ][INFO ]  Initial parameter values: [-0.37120945  0.56209023 -0.29680034 -0.32811718]
2019-02-28 00:06:41,469 [MainThread  ][INFO ]  Final fidelity: 0.9995105776928471
2019-02-28 00:06:41,490 [MainThread  ][INFO ]  Final parameters: [-27.24869199   0.24354559   7.8837747    6.42122819]
2019-02-28 00:06:41,490 [MainThread  ][INFO ]  Fidelity: 0.9995105776928471
2019-02-28 00:06:41,490 [MainThread  ][INFO ]  ---- Starting iteration 54/100
2019-02-28 00:06:41,491 [MainThread  ][DEBUG]  Regenerated CRAB frequencies: nuk=[ 0.25475255 -0.38851728]
2019-02-28 00:06:41,491 [MainThread  ][DEBUG]  Setting hyperparameter tf=2.187878787878788
2019-02-28 00:06:41,491 [MainThread  ][INFO ]  Starting optimization for tf=2.187878787878788
2019-02-28 00:06:41,491 [MainThread  ][DEBUG]  Optimization method: Powell
2019-02-28 00:06:41,491 [MainThread  ][DEBUG]  Optimization options: None
2019-02-28 00:06:41,491 [MainThread  ][INFO ]  Initial parameter values: [ 0.15137045 -0.60873692 -0.34134959 -0.87845324]
2019-02-28 00:17:49,407 [MainThread  ][INFO ]  Final fidelity: 0.9995649428014329
2019-02-28 00:17:49,409 [MainThread  ][INFO ]  Final parameters: [-186.22336002  169.08327151 -103.29111666  146.83146765]
2019-02-28 00:17:49,410 [MainThread  ][INFO ]  Fidelity: 0.9995649428014329
2019-02-28 00:17:49,410 [MainThread  ][INFO ]  ---- Starting iteration 55/100
2019-02-28 00:17:49,410 [MainThread  ][DEBUG]  Regenerated CRAB frequencies: nuk=[ 0.13757688 -0.13646186]
2019-02-28 00:17:49,410 [MainThread  ][DEBUG]  Setting hyperparameter tf=2.227272727272727
2019-02-28 00:17:49,410 [MainThread  ][INFO ]  Starting optimization for tf=2.227272727272727
2019-02-28 00:17:49,410 [MainThread  ][DEBUG]  Optimization method: Powell
2019-02-28 00:17:49,410 [MainThread  ][DEBUG]  Optimization options: None
2019-02-28 00:17:49,411 [MainThread  ][INFO ]  Initial parameter values: [-0.70320948  0.96859066  0.76212874  0.86449144]
2019-02-28 00:23:26,543 [MainThread  ][INFO ]  Final fidelity: 0.9995383612962003
2019-02-28 00:23:26,557 [MainThread  ][INFO ]  Final parameters: [ -1.06966635  -1.46869407  25.50458579   6.39439569]
2019-02-28 00:23:26,557 [MainThread  ][INFO ]  Fidelity: 0.9995383612962003
2019-02-28 00:23:26,557 [MainThread  ][INFO ]  ---- Starting iteration 56/100
2019-02-28 00:23:26,557 [MainThread  ][DEBUG]  Regenerated CRAB frequencies: nuk=[ 0.05877997 -0.35475366]
2019-02-28 00:23:26,557 [MainThread  ][DEBUG]  Setting hyperparameter tf=2.2666666666666666
2019-02-28 00:23:26,557 [MainThread  ][INFO ]  Starting optimization for tf=2.2666666666666666
2019-02-28 00:23:26,557 [MainThread  ][DEBUG]  Optimization method: Powell
2019-02-28 00:23:26,557 [MainThread  ][DEBUG]  Optimization options: None
2019-02-28 00:23:26,558 [MainThread  ][INFO ]  Initial parameter values: [-0.78608464 -0.59941209  0.15900368  0.14379533]
2019-02-28 00:29:06,961 [MainThread  ][INFO ]  Final fidelity: 0.9995195578153213
2019-02-28 00:29:06,976 [MainThread  ][INFO ]  Final parameters: [ -8.00201752  -8.22186381  22.47461547   2.1145907 ]
2019-02-28 00:29:06,976 [MainThread  ][INFO ]  Fidelity: 0.9995195578153213
2019-02-28 00:29:06,976 [MainThread  ][INFO ]  ---- Starting iteration 57/100
2019-02-28 00:29:06,976 [MainThread  ][DEBUG]  Regenerated CRAB frequencies: nuk=[ 0.21579258  0.04478944]
2019-02-28 00:29:06,976 [MainThread  ][DEBUG]  Setting hyperparameter tf=2.306060606060606
2019-02-28 00:29:06,976 [MainThread  ][INFO ]  Starting optimization for tf=2.306060606060606
2019-02-28 00:29:06,976 [MainThread  ][DEBUG]  Optimization method: Powell
2019-02-28 00:29:06,976 [MainThread  ][DEBUG]  Optimization options: None
2019-02-28 00:29:06,977 [MainThread  ][INFO ]  Initial parameter values: [-0.81691092 -0.72446885 -0.04586409  0.1134    ]
2019-02-28 00:33:08,560 [MainThread  ][INFO ]  Final fidelity: 0.9995277799974543
2019-02-28 00:33:08,574 [MainThread  ][INFO ]  Final parameters: [ -1.42583958   3.66718581  23.14596401   1.15108517]
2019-02-28 00:33:08,574 [MainThread  ][INFO ]  Fidelity: 0.9995277799974543
2019-02-28 00:33:08,574 [MainThread  ][INFO ]  ---- Starting iteration 58/100
2019-02-28 00:33:08,575 [MainThread  ][DEBUG]  Regenerated CRAB frequencies: nuk=[-0.292271   -0.33011819]
2019-02-28 00:33:08,575 [MainThread  ][DEBUG]  Setting hyperparameter tf=2.3454545454545452
2019-02-28 00:33:08,575 [MainThread  ][INFO ]  Starting optimization for tf=2.3454545454545452
2019-02-28 00:33:08,575 [MainThread  ][DEBUG]  Optimization method: Powell
2019-02-28 00:33:08,575 [MainThread  ][DEBUG]  Optimization options: None
2019-02-28 00:33:08,575 [MainThread  ][INFO ]  Initial parameter values: [ 0.53525436  0.15692211  0.30369622  0.00241986]
2019-02-28 00:36:04,364 [MainThread  ][INFO ]  Final fidelity: 0.9994974307466139
2019-02-28 00:36:04,374 [MainThread  ][INFO ]  Final parameters: [-15.67783013  -0.32759742  -0.03761148   4.11284286]
2019-02-28 00:36:04,374 [MainThread  ][INFO ]  Fidelity: 0.9994974307466139
2019-02-28 00:36:04,374 [MainThread  ][INFO ]  ---- Starting iteration 59/100
2019-02-28 00:36:04,374 [MainThread  ][DEBUG]  Regenerated CRAB frequencies: nuk=[-0.28303833 -0.22732451]
2019-02-28 00:36:04,374 [MainThread  ][DEBUG]  Setting hyperparameter tf=2.3848484848484848
2019-02-28 00:36:04,374 [MainThread  ][INFO ]  Starting optimization for tf=2.3848484848484848
2019-02-28 00:36:04,375 [MainThread  ][DEBUG]  Optimization method: Powell
2019-02-28 00:36:04,375 [MainThread  ][DEBUG]  Optimization options: None
2019-02-28 00:36:04,375 [MainThread  ][INFO ]  Initial parameter values: [-0.96214839 -0.16462224  0.51491461  0.98867235]
2019-02-28 00:38:24,688 [MainThread  ][INFO ]  Final fidelity: 0.999471030986605
2019-02-28 00:38:24,697 [MainThread  ][INFO ]  Final parameters: [-16.72360963   0.52016809  -0.38852542   1.27163942]
2019-02-28 00:38:24,697 [MainThread  ][INFO ]  Fidelity: 0.999471030986605
2019-02-28 00:38:24,698 [MainThread  ][INFO ]  ---- Starting iteration 60/100
2019-02-28 00:38:24,698 [MainThread  ][DEBUG]  Regenerated CRAB frequencies: nuk=[ 0.36320622 -0.08567555]
2019-02-28 00:38:24,698 [MainThread  ][DEBUG]  Setting hyperparameter tf=2.4242424242424243
2019-02-28 00:38:24,698 [MainThread  ][INFO ]  Starting optimization for tf=2.4242424242424243
2019-02-28 00:38:24,698 [MainThread  ][DEBUG]  Optimization method: Powell
2019-02-28 00:38:24,698 [MainThread  ][DEBUG]  Optimization options: None
2019-02-28 00:38:24,699 [MainThread  ][INFO ]  Initial parameter values: [ 0.40512994  0.56633483  0.72603432  0.45262649]
2019-02-28 00:42:47,910 [MainThread  ][INFO ]  Final fidelity: 0.999553669404721
2019-02-28 00:42:47,911 [MainThread  ][INFO ]  Final parameters: [ 16.10782525   1.60383656  12.81818441   5.31762228]
2019-02-28 00:42:47,911 [MainThread  ][INFO ]  Fidelity: 0.999553669404721
2019-02-28 00:42:47,911 [MainThread  ][INFO ]  ---- Starting iteration 61/100
2019-02-28 00:42:47,912 [MainThread  ][DEBUG]  Regenerated CRAB frequencies: nuk=[-0.2674059  -0.49146045]
2019-02-28 00:42:47,912 [MainThread  ][DEBUG]  Setting hyperparameter tf=2.4636363636363634
2019-02-28 00:42:47,912 [MainThread  ][INFO ]  Starting optimization for tf=2.4636363636363634
2019-02-28 00:42:47,912 [MainThread  ][DEBUG]  Optimization method: Powell
2019-02-28 00:42:47,912 [MainThread  ][DEBUG]  Optimization options: None
2019-02-28 00:42:47,912 [MainThread  ][INFO ]  Initial parameter values: [-0.16921915  0.20003022 -0.78649162 -0.67984928]
2019-02-28 00:45:31,085 [MainThread  ][INFO ]  Final fidelity: 0.9994691173298766
2019-02-28 00:45:31,097 [MainThread  ][INFO ]  Final parameters: [-17.71253111   2.65445234  -1.02520849  -1.12309592]
2019-02-28 00:45:31,097 [MainThread  ][INFO ]  Fidelity: 0.9994691173298766
2019-02-28 00:45:31,097 [MainThread  ][INFO ]  ---- Starting iteration 62/100
2019-02-28 00:45:31,098 [MainThread  ][DEBUG]  Regenerated CRAB frequencies: nuk=[-0.43024273  0.39333534]
2019-02-28 00:45:31,098 [MainThread  ][DEBUG]  Setting hyperparameter tf=2.503030303030303
2019-02-28 00:45:31,098 [MainThread  ][INFO ]  Starting optimization for tf=2.503030303030303
2019-02-28 00:45:31,098 [MainThread  ][DEBUG]  Optimization method: Powell
2019-02-28 00:45:31,098 [MainThread  ][DEBUG]  Optimization options: None
2019-02-28 00:45:31,099 [MainThread  ][INFO ]  Initial parameter values: [ 0.69672918  0.95151792 -0.96420401 -0.43892735]
2019-02-28 00:52:33,558 [MainThread  ][INFO ]  Final fidelity: 0.9995237877596022
2019-02-28 00:52:33,559 [MainThread  ][INFO ]  Final parameters: [ -8.47101356  -3.7085969  -17.80655524 -14.82937558]
2019-02-28 00:52:33,559 [MainThread  ][INFO ]  Fidelity: 0.9995237877596022
2019-02-28 00:52:33,559 [MainThread  ][INFO ]  ---- Starting iteration 63/100
2019-02-28 00:52:33,560 [MainThread  ][DEBUG]  Regenerated CRAB frequencies: nuk=[ 0.24928373  0.20051227]
2019-02-28 00:52:33,560 [MainThread  ][DEBUG]  Setting hyperparameter tf=2.5424242424242425
2019-02-28 00:52:33,560 [MainThread  ][INFO ]  Starting optimization for tf=2.5424242424242425
2019-02-28 00:52:33,560 [MainThread  ][DEBUG]  Optimization method: Powell
2019-02-28 00:52:33,560 [MainThread  ][DEBUG]  Optimization options: None
2019-02-28 00:52:33,561 [MainThread  ][INFO ]  Initial parameter values: [ 0.58324876  0.58272705 -0.10047665 -0.40211085]
2019-02-28 00:55:26,878 [MainThread  ][INFO ]  Final fidelity: 0.9995891217571824
2019-02-28 00:55:26,888 [MainThread  ][INFO ]  Final parameters: [  4.61233901  -3.44480206  12.26436951  -4.31592969]
2019-02-28 00:55:26,888 [MainThread  ][INFO ]  Fidelity: 0.9995891217571824
2019-02-28 00:55:26,888 [MainThread  ][INFO ]  ---- Starting iteration 64/100
2019-02-28 00:55:26,888 [MainThread  ][DEBUG]  Regenerated CRAB frequencies: nuk=[ 0.39143002  0.27901597]
2019-02-28 00:55:26,888 [MainThread  ][DEBUG]  Setting hyperparameter tf=2.5818181818181816
2019-02-28 00:55:26,888 [MainThread  ][INFO ]  Starting optimization for tf=2.5818181818181816
2019-02-28 00:55:26,888 [MainThread  ][DEBUG]  Optimization method: Powell
2019-02-28 00:55:26,888 [MainThread  ][DEBUG]  Optimization options: None
2019-02-28 00:55:26,889 [MainThread  ][INFO ]  Initial parameter values: [ 0.04371034 -0.48887566  0.69534581 -0.71135221]
2019-02-28 00:57:07,004 [MainThread  ][INFO ]  Final fidelity: 0.9995837395972058
2019-02-28 00:57:07,008 [MainThread  ][INFO ]  Final parameters: [ 11.41919868  -2.91399462   7.81510143  -0.94683901]
2019-02-28 00:57:07,009 [MainThread  ][INFO ]  Fidelity: 0.9995837395972058
2019-02-28 00:57:07,009 [MainThread  ][INFO ]  ---- Starting iteration 65/100
2019-02-28 00:57:07,009 [MainThread  ][DEBUG]  Regenerated CRAB frequencies: nuk=[-0.12725003 -0.3460293 ]
2019-02-28 00:57:07,009 [MainThread  ][DEBUG]  Setting hyperparameter tf=2.621212121212121
2019-02-28 00:57:07,009 [MainThread  ][INFO ]  Starting optimization for tf=2.621212121212121
2019-02-28 00:57:07,009 [MainThread  ][DEBUG]  Optimization method: Powell
2019-02-28 00:57:07,009 [MainThread  ][DEBUG]  Optimization options: None
2019-02-28 00:57:07,010 [MainThread  ][INFO ]  Initial parameter values: [-0.70576557  0.49788196 -0.10675906  0.12548817]
2019-02-28 01:01:03,485 [MainThread  ][INFO ]  Final fidelity: 0.9995239208133923
2019-02-28 01:01:03,488 [MainThread  ][INFO ]  Final parameters: [ -0.09244236  10.83810891  -2.5852669   12.13337987]
2019-02-28 01:01:03,488 [MainThread  ][INFO ]  Fidelity: 0.9995239208133923
2019-02-28 01:01:03,488 [MainThread  ][INFO ]  ---- Starting iteration 66/100
2019-02-28 01:01:03,488 [MainThread  ][DEBUG]  Regenerated CRAB frequencies: nuk=[ 0.23593989 -0.38041095]
2019-02-28 01:01:03,489 [MainThread  ][DEBUG]  Setting hyperparameter tf=2.6606060606060606
2019-02-28 01:01:03,489 [MainThread  ][INFO ]  Starting optimization for tf=2.6606060606060606
2019-02-28 01:01:03,489 [MainThread  ][DEBUG]  Optimization method: Powell
2019-02-28 01:01:03,489 [MainThread  ][DEBUG]  Optimization options: None
2019-02-28 01:01:03,489 [MainThread  ][INFO ]  Initial parameter values: [ 0.93692333 -0.02787668  0.76444604 -0.31732105]
2019-02-28 01:07:14,641 [MainThread  ][INFO ]  Final fidelity: 0.9995293572574175
2019-02-28 01:07:14,652 [MainThread  ][INFO ]  Final parameters: [  6.66625496   0.20854926  10.97346462  -1.40402448]
2019-02-28 01:07:14,652 [MainThread  ][INFO ]  Fidelity: 0.9995293572574175
2019-02-28 01:07:14,652 [MainThread  ][INFO ]  ---- Starting iteration 67/100
2019-02-28 01:07:14,653 [MainThread  ][DEBUG]  Regenerated CRAB frequencies: nuk=[-0.48918378  0.3183826 ]
2019-02-28 01:07:14,653 [MainThread  ][DEBUG]  Setting hyperparameter tf=2.6999999999999997
2019-02-28 01:07:14,653 [MainThread  ][INFO ]  Starting optimization for tf=2.6999999999999997
2019-02-28 01:07:14,653 [MainThread  ][DEBUG]  Optimization method: Powell
2019-02-28 01:07:14,653 [MainThread  ][DEBUG]  Optimization options: None
2019-02-28 01:07:14,654 [MainThread  ][INFO ]  Initial parameter values: [ 0.51956156  0.15425535 -0.64666799 -0.57125597]
2019-02-28 01:19:25,160 [MainThread  ][INFO ]  Final fidelity: 0.9996358133384956
2019-02-28 01:19:25,170 [MainThread  ][INFO ]  Final parameters: [  5.13938044   0.46698518 -15.31329099 -14.22491674]
2019-02-28 01:19:25,171 [MainThread  ][INFO ]  Fidelity: 0.9996358133384956
2019-02-28 01:19:25,171 [MainThread  ][INFO ]  ---- Starting iteration 68/100
2019-02-28 01:19:25,171 [MainThread  ][DEBUG]  Regenerated CRAB frequencies: nuk=[ 0.43164521  0.32640499]
2019-02-28 01:19:25,171 [MainThread  ][DEBUG]  Setting hyperparameter tf=2.7393939393939393
2019-02-28 01:19:25,171 [MainThread  ][INFO ]  Starting optimization for tf=2.7393939393939393
2019-02-28 01:19:25,171 [MainThread  ][DEBUG]  Optimization method: Powell
2019-02-28 01:19:25,171 [MainThread  ][DEBUG]  Optimization options: None
2019-02-28 01:19:25,172 [MainThread  ][INFO ]  Initial parameter values: [ 0.75035764  0.8008287  -0.9733669   0.21418656]
2019-02-28 01:22:23,982 [MainThread  ][INFO ]  Final fidelity: 0.9995779480542067
2019-02-28 01:22:23,983 [MainThread  ][INFO ]  Final parameters: [ 10.37815896  -3.74629579   0.66084362   0.52066572]
2019-02-28 01:22:23,983 [MainThread  ][INFO ]  Fidelity: 0.9995779480542067
2019-02-28 01:22:23,983 [MainThread  ][INFO ]  ---- Starting iteration 69/100
2019-02-28 01:22:23,984 [MainThread  ][DEBUG]  Regenerated CRAB frequencies: nuk=[ 0.1375534 -0.3686989]
2019-02-28 01:22:23,984 [MainThread  ][DEBUG]  Setting hyperparameter tf=2.778787878787879
2019-02-28 01:22:23,984 [MainThread  ][INFO ]  Starting optimization for tf=2.778787878787879
2019-02-28 01:22:23,984 [MainThread  ][DEBUG]  Optimization method: Powell
2019-02-28 01:22:23,984 [MainThread  ][DEBUG]  Optimization options: None
2019-02-28 01:22:23,984 [MainThread  ][INFO ]  Initial parameter values: [ 0.59687143 -0.58486554  0.09226195 -0.04216017]
2019-02-28 01:26:06,802 [MainThread  ][INFO ]  Final fidelity: 0.9995152486276148
2019-02-28 01:26:06,831 [MainThread  ][INFO ]  Final parameters: [ 1.17222273  2.71022555  7.49167309  0.4551904 ]
2019-02-28 01:26:06,832 [MainThread  ][INFO ]  Fidelity: 0.9995152486276148
2019-02-28 01:26:06,832 [MainThread  ][INFO ]  ---- Starting iteration 70/100
2019-02-28 01:26:06,832 [MainThread  ][DEBUG]  Regenerated CRAB frequencies: nuk=[ 0.23249283 -0.36379064]
2019-02-28 01:26:06,832 [MainThread  ][DEBUG]  Setting hyperparameter tf=2.818181818181818
2019-02-28 01:26:06,832 [MainThread  ][INFO ]  Starting optimization for tf=2.818181818181818
2019-02-28 01:26:06,832 [MainThread  ][DEBUG]  Optimization method: Powell
2019-02-28 01:26:06,832 [MainThread  ][DEBUG]  Optimization options: None
2019-02-28 01:26:06,833 [MainThread  ][INFO ]  Initial parameter values: [-0.70574807 -0.91626358  0.6750526  -0.05183735]
2019-02-28 01:30:39,972 [MainThread  ][INFO ]  Final fidelity: 0.9995180820202735
2019-02-28 01:30:39,983 [MainThread  ][INFO ]  Final parameters: [ 6.31675609 -0.07319384  7.74376214 -0.86440622]
2019-02-28 01:30:39,983 [MainThread  ][INFO ]  Fidelity: 0.9995180820202735
2019-02-28 01:30:39,983 [MainThread  ][INFO ]  ---- Starting iteration 71/100
2019-02-28 01:30:39,983 [MainThread  ][DEBUG]  Regenerated CRAB frequencies: nuk=[ 0.09893463 -0.42945537]
2019-02-28 01:30:39,983 [MainThread  ][DEBUG]  Setting hyperparameter tf=2.8575757575757574
2019-02-28 01:30:39,983 [MainThread  ][INFO ]  Starting optimization for tf=2.8575757575757574
2019-02-28 01:30:39,984 [MainThread  ][DEBUG]  Optimization method: Powell
2019-02-28 01:30:39,984 [MainThread  ][DEBUG]  Optimization options: None
2019-02-28 01:30:39,984 [MainThread  ][INFO ]  Initial parameter values: [-0.1802732   0.86493483 -0.84261003 -0.33075902]
2019-02-28 01:33:59,407 [MainThread  ][INFO ]  Final fidelity: 0.9994988248613912
2019-02-28 01:33:59,416 [MainThread  ][INFO ]  Final parameters: [ 0.06407129  1.61896656  9.24627797 -1.21207181]
2019-02-28 01:33:59,416 [MainThread  ][INFO ]  Fidelity: 0.9994988248613912
2019-02-28 01:33:59,416 [MainThread  ][INFO ]  ---- Starting iteration 72/100
2019-02-28 01:33:59,416 [MainThread  ][DEBUG]  Regenerated CRAB frequencies: nuk=[-0.4914994  -0.31849982]
2019-02-28 01:33:59,416 [MainThread  ][DEBUG]  Setting hyperparameter tf=2.896969696969697
2019-02-28 01:33:59,416 [MainThread  ][INFO ]  Starting optimization for tf=2.896969696969697
2019-02-28 01:33:59,416 [MainThread  ][DEBUG]  Optimization method: Powell
2019-02-28 01:33:59,417 [MainThread  ][DEBUG]  Optimization options: None
2019-02-28 01:33:59,417 [MainThread  ][INFO ]  Initial parameter values: [ 0.31855968  0.21726488 -0.78112486  0.57356882]
2019-02-28 01:37:19,599 [MainThread  ][INFO ]  Final fidelity: 0.9995093345096727
2019-02-28 01:37:19,609 [MainThread  ][INFO ]  Final parameters: [-3.21235981  4.93478104 -3.55978475  0.84831873]
2019-02-28 01:37:19,609 [MainThread  ][INFO ]  Fidelity: 0.9995093345096727
2019-02-28 01:37:19,609 [MainThread  ][INFO ]  ---- Starting iteration 73/100
2019-02-28 01:37:19,610 [MainThread  ][DEBUG]  Regenerated CRAB frequencies: nuk=[ 0.08708033  0.45411499]
2019-02-28 01:37:19,610 [MainThread  ][DEBUG]  Setting hyperparameter tf=2.936363636363636
2019-02-28 01:37:19,610 [MainThread  ][INFO ]  Starting optimization for tf=2.936363636363636
2019-02-28 01:37:19,610 [MainThread  ][DEBUG]  Optimization method: Powell
2019-02-28 01:37:19,610 [MainThread  ][DEBUG]  Optimization options: None
2019-02-28 01:37:19,610 [MainThread  ][INFO ]  Initial parameter values: [-0.56434864  0.03728468  0.35685937  0.86815692]
2019-02-28 01:40:48,875 [MainThread  ][INFO ]  Final fidelity: 0.9996698232498068
2019-02-28 01:40:48,876 [MainThread  ][INFO ]  Final parameters: [-0.80427138  4.08940364  8.10542192 -0.27821014]
2019-02-28 01:40:48,876 [MainThread  ][INFO ]  Fidelity: 0.9996698232498068
2019-02-28 01:40:48,876 [MainThread  ][INFO ]  ---- Starting iteration 74/100
2019-02-28 01:40:48,876 [MainThread  ][DEBUG]  Regenerated CRAB frequencies: nuk=[-0.35808288 -0.25118215]
2019-02-28 01:40:48,876 [MainThread  ][DEBUG]  Setting hyperparameter tf=2.9757575757575756
2019-02-28 01:40:48,876 [MainThread  ][INFO ]  Starting optimization for tf=2.9757575757575756
2019-02-28 01:40:48,877 [MainThread  ][DEBUG]  Optimization method: Powell
2019-02-28 01:40:48,877 [MainThread  ][DEBUG]  Optimization options: None
2019-02-28 01:40:48,877 [MainThread  ][INFO ]  Initial parameter values: [ 0.83954324  0.46562046 -0.88587646 -0.70117237]
2019-02-28 01:43:08,349 [MainThread  ][INFO ]  Final fidelity: 0.9994911467334755
2019-02-28 01:43:08,350 [MainThread  ][INFO ]  Final parameters: [-6.1525462   1.77171321 -1.1169189  -0.69875615]
2019-02-28 01:43:08,350 [MainThread  ][INFO ]  Fidelity: 0.9994911467334755
2019-02-28 01:43:08,350 [MainThread  ][INFO ]  ---- Starting iteration 75/100
2019-02-28 01:43:08,351 [MainThread  ][DEBUG]  Regenerated CRAB frequencies: nuk=[-0.06363745 -0.22614159]
2019-02-28 01:43:08,351 [MainThread  ][DEBUG]  Setting hyperparameter tf=3.015151515151515
2019-02-28 01:43:08,351 [MainThread  ][INFO ]  Starting optimization for tf=3.015151515151515
2019-02-28 01:43:08,351 [MainThread  ][DEBUG]  Optimization method: Powell
2019-02-28 01:43:08,351 [MainThread  ][DEBUG]  Optimization options: None
2019-02-28 01:43:08,352 [MainThread  ][INFO ]  Initial parameter values: [ 0.07314658 -0.09267184  0.56399418 -0.7408228 ]
2019-02-28 01:46:26,802 [MainThread  ][INFO ]  Final fidelity: 0.9995528351441483
2019-02-28 01:46:26,811 [MainThread  ][INFO ]  Final parameters: [ 1.65647656  8.54308353  0.3283202  -1.86384712]
2019-02-28 01:46:26,811 [MainThread  ][INFO ]  Fidelity: 0.9995528351441483
2019-02-28 01:46:26,811 [MainThread  ][INFO ]  ---- Starting iteration 76/100
2019-02-28 01:46:26,821 [MainThread  ][DEBUG]  Regenerated CRAB frequencies: nuk=[-0.10129675 -0.46050062]
2019-02-28 01:46:26,821 [MainThread  ][DEBUG]  Setting hyperparameter tf=3.0545454545454542
2019-02-28 01:46:26,821 [MainThread  ][INFO ]  Starting optimization for tf=3.0545454545454542
2019-02-28 01:46:26,821 [MainThread  ][DEBUG]  Optimization method: Powell
2019-02-28 01:46:26,821 [MainThread  ][DEBUG]  Optimization options: None
2019-02-28 01:46:26,821 [MainThread  ][INFO ]  Initial parameter values: [ 0.22076126  0.68208038  0.82836643  0.016857  ]
2019-02-28 01:49:51,025 [MainThread  ][INFO ]  Final fidelity: 0.9994774947783833
2019-02-28 01:49:51,026 [MainThread  ][INFO ]  Final parameters: [-2.26566794  1.60996814  2.09327979  3.40180899]
2019-02-28 01:49:51,026 [MainThread  ][INFO ]  Fidelity: 0.9994774947783833
2019-02-28 01:49:51,026 [MainThread  ][INFO ]  ---- Starting iteration 77/100
2019-02-28 01:49:51,027 [MainThread  ][DEBUG]  Regenerated CRAB frequencies: nuk=[ 0.47126385  0.23894329]
2019-02-28 01:49:51,027 [MainThread  ][DEBUG]  Setting hyperparameter tf=3.0939393939393938
2019-02-28 01:49:51,027 [MainThread  ][INFO ]  Starting optimization for tf=3.0939393939393938
2019-02-28 01:49:51,027 [MainThread  ][DEBUG]  Optimization method: Powell
2019-02-28 01:49:51,027 [MainThread  ][DEBUG]  Optimization options: None
2019-02-28 01:49:51,027 [MainThread  ][INFO ]  Initial parameter values: [-0.48910953 -0.27104598 -0.48050952 -0.75498431]
2019-02-28 01:53:45,475 [MainThread  ][INFO ]  Final fidelity: 0.9996027242717994
2019-02-28 01:53:45,476 [MainThread  ][INFO ]  Final parameters: [ 8.81451554  5.08231206 -0.49719547 -0.72781168]
2019-02-28 01:53:45,476 [MainThread  ][INFO ]  Fidelity: 0.9996027242717994
2019-02-28 01:53:45,476 [MainThread  ][INFO ]  ---- Starting iteration 78/100
2019-02-28 01:53:45,477 [MainThread  ][DEBUG]  Regenerated CRAB frequencies: nuk=[ 0.27102674  0.0990991 ]
2019-02-28 01:53:45,477 [MainThread  ][DEBUG]  Setting hyperparameter tf=3.1333333333333333
2019-02-28 01:53:45,477 [MainThread  ][INFO ]  Starting optimization for tf=3.1333333333333333
2019-02-28 01:53:45,477 [MainThread  ][DEBUG]  Optimization method: Powell
2019-02-28 01:53:45,477 [MainThread  ][DEBUG]  Optimization options: None
2019-02-28 01:53:45,477 [MainThread  ][INFO ]  Initial parameter values: [ 0.80442014 -0.84855835  0.31856673 -0.3802823 ]
2019-02-28 01:56:43,950 [MainThread  ][INFO ]  Final fidelity: 0.9995558883706195
2019-02-28 01:56:43,963 [MainThread  ][INFO ]  Final parameters: [ 4.32110753 -2.75653634  2.84287191  0.30809197]
2019-02-28 01:56:43,963 [MainThread  ][INFO ]  Fidelity: 0.9995558883706195
2019-02-28 01:56:43,963 [MainThread  ][INFO ]  ---- Starting iteration 79/100
2019-02-28 01:56:43,964 [MainThread  ][DEBUG]  Regenerated CRAB frequencies: nuk=[ 0.35612534  0.16425377]
2019-02-28 01:56:43,964 [MainThread  ][DEBUG]  Setting hyperparameter tf=3.1727272727272724
2019-02-28 01:56:43,964 [MainThread  ][INFO ]  Starting optimization for tf=3.1727272727272724
2019-02-28 01:56:43,964 [MainThread  ][DEBUG]  Optimization method: Powell
2019-02-28 01:56:43,964 [MainThread  ][DEBUG]  Optimization options: None
2019-02-28 01:56:43,964 [MainThread  ][INFO ]  Initial parameter values: [-0.44216892 -0.09456596 -0.6289935   0.01791088]
2019-02-28 02:00:22,535 [MainThread  ][INFO ]  Final fidelity: 0.9995192416009319
2019-02-28 02:00:22,543 [MainThread  ][INFO ]  Final parameters: [ 5.74939203 -1.23964971  0.60659252  0.31545947]
2019-02-28 02:00:22,543 [MainThread  ][INFO ]  Fidelity: 0.9995192416009319
2019-02-28 02:00:22,543 [MainThread  ][INFO ]  ---- Starting iteration 80/100
2019-02-28 02:00:22,544 [MainThread  ][DEBUG]  Regenerated CRAB frequencies: nuk=[-0.25337006  0.49103013]
2019-02-28 02:00:22,544 [MainThread  ][DEBUG]  Setting hyperparameter tf=3.212121212121212
2019-02-28 02:00:22,544 [MainThread  ][INFO ]  Starting optimization for tf=3.212121212121212
2019-02-28 02:00:22,544 [MainThread  ][DEBUG]  Optimization method: Powell
2019-02-28 02:00:22,544 [MainThread  ][DEBUG]  Optimization options: None
2019-02-28 02:00:22,544 [MainThread  ][INFO ]  Initial parameter values: [-0.10578997 -0.89509037 -0.30135571  0.91711461]
2019-02-28 02:04:06,221 [MainThread  ][INFO ]  Final fidelity: 0.9997912409947896
2019-02-28 02:04:06,222 [MainThread  ][INFO ]  Final parameters: [-4.18696042 -6.92126933 -0.45911757 -3.11646031]
2019-02-28 02:04:06,222 [MainThread  ][INFO ]  Fidelity: 0.9997912409947896
2019-02-28 02:04:06,222 [MainThread  ][INFO ]  ---- Starting iteration 81/100
2019-02-28 02:04:06,223 [MainThread  ][DEBUG]  Regenerated CRAB frequencies: nuk=[ 0.18897217  0.19402773]
2019-02-28 02:04:06,223 [MainThread  ][DEBUG]  Setting hyperparameter tf=3.2515151515151515
2019-02-28 02:04:06,223 [MainThread  ][INFO ]  Starting optimization for tf=3.2515151515151515
2019-02-28 02:04:06,223 [MainThread  ][DEBUG]  Optimization method: Powell
2019-02-28 02:04:06,223 [MainThread  ][DEBUG]  Optimization options: None
2019-02-28 02:04:06,224 [MainThread  ][INFO ]  Initial parameter values: [ 0.55041591 -0.08333655 -0.31931039  0.03980728]
2019-02-28 02:06:17,051 [MainThread  ][INFO ]  Final fidelity: 0.9996126678730994
2019-02-28 02:06:17,051 [MainThread  ][INFO ]  Final parameters: [ 1.64398094 -3.70501221  3.97596228  2.42698675]
2019-02-28 02:06:17,052 [MainThread  ][INFO ]  Fidelity: 0.9996126678730994
2019-02-28 02:06:17,052 [MainThread  ][INFO ]  ---- Starting iteration 82/100
2019-02-28 02:06:17,052 [MainThread  ][DEBUG]  Regenerated CRAB frequencies: nuk=[-0.47791408 -0.38187601]
2019-02-28 02:06:17,052 [MainThread  ][DEBUG]  Setting hyperparameter tf=3.2909090909090906
2019-02-28 02:06:17,052 [MainThread  ][INFO ]  Starting optimization for tf=3.2909090909090906
2019-02-28 02:06:17,052 [MainThread  ][DEBUG]  Optimization method: Powell
2019-02-28 02:06:17,052 [MainThread  ][DEBUG]  Optimization options: None
2019-02-28 02:06:17,053 [MainThread  ][INFO ]  Initial parameter values: [ 0.77566139  0.46162082  0.3317342   0.16604705]
2019-02-28 02:07:52,329 [MainThread  ][INFO ]  Final fidelity: 0.9994932264906967
2019-02-28 02:07:52,330 [MainThread  ][INFO ]  Final parameters: [-2.9218668   1.74501888 -2.26733591  1.14906033]
2019-02-28 02:07:52,330 [MainThread  ][INFO ]  Fidelity: 0.9994932264906967
2019-02-28 02:07:52,330 [MainThread  ][INFO ]  ---- Starting iteration 83/100
2019-02-28 02:07:52,330 [MainThread  ][DEBUG]  Regenerated CRAB frequencies: nuk=[-0.34654863 -0.34762458]
2019-02-28 02:07:52,331 [MainThread  ][DEBUG]  Setting hyperparameter tf=3.33030303030303
2019-02-28 02:07:52,331 [MainThread  ][INFO ]  Starting optimization for tf=3.33030303030303
2019-02-28 02:07:52,331 [MainThread  ][DEBUG]  Optimization method: Powell
2019-02-28 02:07:52,331 [MainThread  ][DEBUG]  Optimization options: None
2019-02-28 02:07:52,331 [MainThread  ][INFO ]  Initial parameter values: [-0.7520443   0.11655083  0.34041498  0.16978371]
2019-02-28 02:10:28,908 [MainThread  ][INFO ]  Final fidelity: 0.9994999435929485
2019-02-28 02:10:28,909 [MainThread  ][INFO ]  Final parameters: [-4.93724639 -0.13007441 -0.00712462  0.33252689]
2019-02-28 02:10:28,909 [MainThread  ][INFO ]  Fidelity: 0.9994999435929485
2019-02-28 02:10:28,909 [MainThread  ][INFO ]  ---- Starting iteration 84/100
2019-02-28 02:10:28,909 [MainThread  ][DEBUG]  Regenerated CRAB frequencies: nuk=[-0.39302301  0.27620446]
2019-02-28 02:10:28,909 [MainThread  ][DEBUG]  Setting hyperparameter tf=3.3696969696969696
2019-02-28 02:10:28,909 [MainThread  ][INFO ]  Starting optimization for tf=3.3696969696969696
2019-02-28 02:10:28,909 [MainThread  ][DEBUG]  Optimization method: Powell
2019-02-28 02:10:28,909 [MainThread  ][DEBUG]  Optimization options: None
2019-02-28 02:10:28,910 [MainThread  ][INFO ]  Initial parameter values: [ 0.78557426 -0.09033232 -0.61723383 -0.23551289]
2019-02-28 02:13:35,734 [MainThread  ][INFO ]  Final fidelity: 0.9997403490296369
2019-02-28 02:13:35,737 [MainThread  ][INFO ]  Final parameters: [-4.32677398  1.14859855 -1.59130293  3.66564421]
2019-02-28 02:13:35,737 [MainThread  ][INFO ]  Fidelity: 0.9997403490296369
2019-02-28 02:13:35,737 [MainThread  ][INFO ]  ---- Starting iteration 85/100
2019-02-28 02:13:35,737 [MainThread  ][DEBUG]  Regenerated CRAB frequencies: nuk=[ 0.33987728 -0.0161889 ]
2019-02-28 02:13:35,737 [MainThread  ][DEBUG]  Setting hyperparameter tf=3.4090909090909087
2019-02-28 02:13:35,737 [MainThread  ][INFO ]  Starting optimization for tf=3.4090909090909087
2019-02-28 02:13:35,737 [MainThread  ][DEBUG]  Optimization method: Powell
2019-02-28 02:13:35,738 [MainThread  ][DEBUG]  Optimization options: None
2019-02-28 02:13:35,738 [MainThread  ][INFO ]  Initial parameter values: [ 0.89062188 -0.9808579   0.78097027  0.35619304]
2019-02-28 02:15:25,845 [MainThread  ][INFO ]  Final fidelity: 0.999503913920042
2019-02-28 02:15:25,846 [MainThread  ][INFO ]  Final parameters: [ 4.41155801 -1.10055923  0.70074766  0.50886331]
2019-02-28 02:15:25,846 [MainThread  ][INFO ]  Fidelity: 0.999503913920042
2019-02-28 02:15:25,846 [MainThread  ][INFO ]  ---- Starting iteration 86/100
2019-02-28 02:15:25,847 [MainThread  ][DEBUG]  Regenerated CRAB frequencies: nuk=[-0.0252852  -0.15571851]
2019-02-28 02:15:25,847 [MainThread  ][DEBUG]  Setting hyperparameter tf=3.4484848484848483
2019-02-28 02:15:25,847 [MainThread  ][INFO ]  Starting optimization for tf=3.4484848484848483
2019-02-28 02:15:25,847 [MainThread  ][DEBUG]  Optimization method: Powell
2019-02-28 02:15:25,847 [MainThread  ][DEBUG]  Optimization options: None
2019-02-28 02:15:25,847 [MainThread  ][INFO ]  Initial parameter values: [ 0.46399583 -0.26787252  0.58556441 -0.70535041]
2019-02-28 02:17:43,951 [MainThread  ][INFO ]  Final fidelity: 0.9994787985090512
2019-02-28 02:17:43,952 [MainThread  ][INFO ]  Final parameters: [-0.25694626  0.31003312  3.52802514 -0.7968218 ]
2019-02-28 02:17:43,953 [MainThread  ][INFO ]  Fidelity: 0.9994787985090512
2019-02-28 02:17:43,953 [MainThread  ][INFO ]  ---- Starting iteration 87/100
2019-02-28 02:17:43,953 [MainThread  ][DEBUG]  Regenerated CRAB frequencies: nuk=[ 0.2432953  -0.29600654]
2019-02-28 02:17:43,953 [MainThread  ][DEBUG]  Setting hyperparameter tf=3.487878787878788
2019-02-28 02:17:43,953 [MainThread  ][INFO ]  Starting optimization for tf=3.487878787878788
2019-02-28 02:17:43,953 [MainThread  ][DEBUG]  Optimization method: Powell
2019-02-28 02:17:43,953 [MainThread  ][DEBUG]  Optimization options: None
2019-02-28 02:17:43,954 [MainThread  ][INFO ]  Initial parameter values: [-0.63790106  0.62071645  0.37547592 -0.8618906 ]
2019-02-28 02:19:39,491 [MainThread  ][INFO ]  Final fidelity: 0.9994670023080606
2019-02-28 02:19:39,492 [MainThread  ][INFO ]  Final parameters: [ 1.69751455  2.37280626  0.85571919 -0.76636344]
2019-02-28 02:19:39,492 [MainThread  ][INFO ]  Fidelity: 0.9994670023080606
2019-02-28 02:19:39,493 [MainThread  ][INFO ]  ---- Starting iteration 88/100
2019-02-28 02:19:39,493 [MainThread  ][DEBUG]  Regenerated CRAB frequencies: nuk=[ 0.0059976 -0.3090945]
2019-02-28 02:19:39,493 [MainThread  ][DEBUG]  Setting hyperparameter tf=3.527272727272727
2019-02-28 02:19:39,493 [MainThread  ][INFO ]  Starting optimization for tf=3.527272727272727
2019-02-28 02:19:39,493 [MainThread  ][DEBUG]  Optimization method: Powell
2019-02-28 02:19:39,493 [MainThread  ][DEBUG]  Optimization options: None
2019-02-28 02:19:39,494 [MainThread  ][INFO ]  Initial parameter values: [ 0.42327501  0.34923022  0.41508226 -0.86073601]
2019-02-28 02:21:56,091 [MainThread  ][INFO ]  Final fidelity: 0.9994701391922003
2019-02-28 02:21:56,092 [MainThread  ][INFO ]  Final parameters: [-0.37845908  3.72325861  0.49845104 -1.24993637]
2019-02-28 02:21:56,092 [MainThread  ][INFO ]  Fidelity: 0.9994701391922003
2019-02-28 02:21:56,092 [MainThread  ][INFO ]  ---- Starting iteration 89/100
2019-02-28 02:21:56,092 [MainThread  ][DEBUG]  Regenerated CRAB frequencies: nuk=[ 0.39762519  0.40458006]
2019-02-28 02:21:56,092 [MainThread  ][DEBUG]  Setting hyperparameter tf=3.5666666666666664
2019-02-28 02:21:56,092 [MainThread  ][INFO ]  Starting optimization for tf=3.5666666666666664
2019-02-28 02:21:56,093 [MainThread  ][DEBUG]  Optimization method: Powell
2019-02-28 02:21:56,093 [MainThread  ][DEBUG]  Optimization options: None
2019-02-28 02:21:56,093 [MainThread  ][INFO ]  Initial parameter values: [ 0.65169233 -0.65157446  0.33665371 -0.71777016]
2019-02-28 02:24:36,851 [MainThread  ][INFO ]  Final fidelity: 0.9996534175383089
2019-02-28 02:24:36,852 [MainThread  ][INFO ]  Final parameters: [ 3.78796312  2.97514991  0.33465969 -0.09273925]
2019-02-28 02:24:36,853 [MainThread  ][INFO ]  Fidelity: 0.9996534175383089
2019-02-28 02:24:36,853 [MainThread  ][INFO ]  ---- Starting iteration 90/100
2019-02-28 02:24:36,853 [MainThread  ][DEBUG]  Regenerated CRAB frequencies: nuk=[ 0.35990549  0.07649895]
2019-02-28 02:24:36,853 [MainThread  ][DEBUG]  Setting hyperparameter tf=3.606060606060606
2019-02-28 02:24:36,853 [MainThread  ][INFO ]  Starting optimization for tf=3.606060606060606
2019-02-28 02:24:36,853 [MainThread  ][DEBUG]  Optimization method: Powell
2019-02-28 02:24:36,854 [MainThread  ][DEBUG]  Optimization options: None
2019-02-28 02:24:36,854 [MainThread  ][INFO ]  Initial parameter values: [ 0.44385387  0.12928723  0.89698676 -0.06036724]
2019-02-28 02:26:41,573 [MainThread  ][INFO ]  Final fidelity: 0.9995127335336287
2019-02-28 02:26:41,574 [MainThread  ][INFO ]  Final parameters: [ 2.43248343 -2.48660341 -0.45438936  0.27063161]
2019-02-28 02:26:41,574 [MainThread  ][INFO ]  Fidelity: 0.9995127335336287
2019-02-28 02:26:41,574 [MainThread  ][INFO ]  ---- Starting iteration 91/100
2019-02-28 02:26:41,575 [MainThread  ][DEBUG]  Regenerated CRAB frequencies: nuk=[ 0.35784405 -0.19208645]
2019-02-28 02:26:41,575 [MainThread  ][DEBUG]  Setting hyperparameter tf=3.645454545454545
2019-02-28 02:26:41,575 [MainThread  ][INFO ]  Starting optimization for tf=3.645454545454545
2019-02-28 02:26:41,575 [MainThread  ][DEBUG]  Optimization method: Powell
2019-02-28 02:26:41,575 [MainThread  ][DEBUG]  Optimization options: None
2019-02-28 02:26:41,576 [MainThread  ][INFO ]  Initial parameter values: [-0.6332611  -0.91697623  0.87821636 -0.99991674]
2019-02-28 02:28:39,484 [MainThread  ][INFO ]  Final fidelity: 0.9994804879423755
2019-02-28 02:28:39,485 [MainThread  ][INFO ]  Final parameters: [ 3.539268   -1.40098448  0.86161232 -1.07281324]
2019-02-28 02:28:39,485 [MainThread  ][INFO ]  Fidelity: 0.9994804879423755
2019-02-28 02:28:39,485 [MainThread  ][INFO ]  ---- Starting iteration 92/100
2019-02-28 02:28:39,485 [MainThread  ][DEBUG]  Regenerated CRAB frequencies: nuk=[ 0.3526072  -0.00811018]
2019-02-28 02:28:39,485 [MainThread  ][DEBUG]  Setting hyperparameter tf=3.6848484848484846
2019-02-28 02:28:39,485 [MainThread  ][INFO ]  Starting optimization for tf=3.6848484848484846
2019-02-28 02:28:39,486 [MainThread  ][DEBUG]  Optimization method: Powell
2019-02-28 02:28:39,486 [MainThread  ][DEBUG]  Optimization options: None
2019-02-28 02:28:39,486 [MainThread  ][INFO ]  Initial parameter values: [-0.26848845 -0.2995807  -0.23596946 -0.80205587]
2019-02-28 02:30:07,469 [MainThread  ][INFO ]  Final fidelity: 0.9994677785261527
2019-02-28 02:30:07,470 [MainThread  ][INFO ]  Final parameters: [ 2.88959895 -0.82902011 -0.53298464 -0.53734954]
2019-02-28 02:30:07,471 [MainThread  ][INFO ]  Fidelity: 0.9994677785261527
2019-02-28 02:30:07,471 [MainThread  ][INFO ]  ---- Starting iteration 93/100
2019-02-28 02:30:07,471 [MainThread  ][DEBUG]  Regenerated CRAB frequencies: nuk=[ 0.03620883 -0.03027967]
2019-02-28 02:30:07,471 [MainThread  ][DEBUG]  Setting hyperparameter tf=3.724242424242424
2019-02-28 02:30:07,471 [MainThread  ][INFO ]  Starting optimization for tf=3.724242424242424
2019-02-28 02:30:07,471 [MainThread  ][DEBUG]  Optimization method: Powell
2019-02-28 02:30:07,471 [MainThread  ][DEBUG]  Optimization options: None
2019-02-28 02:30:07,472 [MainThread  ][INFO ]  Initial parameter values: [-0.79943038 -0.18040656  0.89873361 -0.09528226]
2019-02-28 02:32:53,647 [MainThread  ][INFO ]  Final fidelity: 0.9995041889333905
2019-02-28 02:32:53,648 [MainThread  ][INFO ]  Final parameters: [ 0.35763597 -2.32057643  1.76392594 -0.72995243]
2019-02-28 02:32:53,648 [MainThread  ][INFO ]  Fidelity: 0.9995041889333905
2019-02-28 02:32:53,648 [MainThread  ][INFO ]  ---- Starting iteration 94/100
2019-02-28 02:32:53,648 [MainThread  ][DEBUG]  Regenerated CRAB frequencies: nuk=[-0.32348796 -0.31680829]
2019-02-28 02:32:53,649 [MainThread  ][DEBUG]  Setting hyperparameter tf=3.7636363636363632
2019-02-28 02:32:53,649 [MainThread  ][INFO ]  Starting optimization for tf=3.7636363636363632
2019-02-28 02:32:53,649 [MainThread  ][DEBUG]  Optimization method: Powell
2019-02-28 02:32:53,649 [MainThread  ][DEBUG]  Optimization options: None
2019-02-28 02:32:53,649 [MainThread  ][INFO ]  Initial parameter values: [ 0.89792752  0.27772374 -0.30214214 -0.80314291]
2019-02-28 02:34:52,407 [MainThread  ][INFO ]  Final fidelity: 0.9995558162525967
2019-02-28 02:34:52,408 [MainThread  ][INFO ]  Final parameters: [-3.21986008  0.37544785 -0.02686214 -0.81925108]
2019-02-28 02:34:52,408 [MainThread  ][INFO ]  Fidelity: 0.9995558162525967
2019-02-28 02:34:52,408 [MainThread  ][INFO ]  ---- Starting iteration 95/100
2019-02-28 02:34:52,408 [MainThread  ][DEBUG]  Regenerated CRAB frequencies: nuk=[ 0.1474317   0.14110552]
2019-02-28 02:34:52,408 [MainThread  ][DEBUG]  Setting hyperparameter tf=3.8030303030303028
2019-02-28 02:34:52,408 [MainThread  ][INFO ]  Starting optimization for tf=3.8030303030303028
2019-02-28 02:34:52,409 [MainThread  ][DEBUG]  Optimization method: Powell
2019-02-28 02:34:52,409 [MainThread  ][DEBUG]  Optimization options: None
2019-02-28 02:34:52,409 [MainThread  ][INFO ]  Initial parameter values: [-0.10476983  0.76738278 -0.28834588 -0.36911675]
2019-02-28 02:36:52,135 [MainThread  ][INFO ]  Final fidelity: 0.9995532946336482
2019-02-28 02:36:52,136 [MainThread  ][INFO ]  Final parameters: [ 0.32759987 -4.62831713  1.30286057 -0.06250847]
2019-02-28 02:36:52,136 [MainThread  ][INFO ]  Fidelity: 0.9995532946336482
2019-02-28 02:36:52,136 [MainThread  ][INFO ]  ---- Starting iteration 96/100
2019-02-28 02:36:52,136 [MainThread  ][DEBUG]  Regenerated CRAB frequencies: nuk=[ 0.16717563  0.28847812]
2019-02-28 02:36:52,136 [MainThread  ][DEBUG]  Setting hyperparameter tf=3.8424242424242423
2019-02-28 02:36:52,137 [MainThread  ][INFO ]  Starting optimization for tf=3.8424242424242423
2019-02-28 02:36:52,137 [MainThread  ][DEBUG]  Optimization method: Powell
2019-02-28 02:36:52,137 [MainThread  ][DEBUG]  Optimization options: None
2019-02-28 02:36:52,137 [MainThread  ][INFO ]  Initial parameter values: [ 0.51002308  0.19118061 -0.40558249 -0.10800753]
2019-02-28 02:38:51,494 [MainThread  ][INFO ]  Final fidelity: 0.9997239705695
2019-02-28 02:38:51,494 [MainThread  ][INFO ]  Final parameters: [ 0.80007136  3.05336289  1.68660392  2.75674174]
2019-02-28 02:38:51,494 [MainThread  ][INFO ]  Fidelity: 0.9997239705695
2019-02-28 02:38:51,495 [MainThread  ][INFO ]  ---- Starting iteration 97/100
2019-02-28 02:38:51,495 [MainThread  ][DEBUG]  Regenerated CRAB frequencies: nuk=[-0.49539407  0.36245081]
2019-02-28 02:38:51,495 [MainThread  ][DEBUG]  Setting hyperparameter tf=3.8818181818181814
2019-02-28 02:38:51,495 [MainThread  ][INFO ]  Starting optimization for tf=3.8818181818181814
2019-02-28 02:38:51,495 [MainThread  ][DEBUG]  Optimization method: Powell
2019-02-28 02:38:51,495 [MainThread  ][DEBUG]  Optimization options: None
2019-02-28 02:38:51,495 [MainThread  ][INFO ]  Initial parameter values: [ 0.37394709 -0.14226401  0.01464862 -0.5069363 ]
2019-02-28 02:41:05,213 [MainThread  ][INFO ]  Final fidelity: 0.9999730970698129
2019-02-28 02:41:05,214 [MainThread  ][INFO ]  Final parameters: [-0.42432981  4.0081656  -1.45851535 -3.849672  ]
2019-02-28 02:41:05,214 [MainThread  ][INFO ]  Fidelity: 0.9999730970698129
2019-02-28 02:41:05,214 [MainThread  ][INFO ]  ---- Starting iteration 98/100
2019-02-28 02:41:05,214 [MainThread  ][DEBUG]  Regenerated CRAB frequencies: nuk=[-0.48374722 -0.39902815]
2019-02-28 02:41:05,214 [MainThread  ][DEBUG]  Setting hyperparameter tf=3.921212121212121
2019-02-28 02:41:05,214 [MainThread  ][INFO ]  Starting optimization for tf=3.921212121212121
2019-02-28 02:41:05,214 [MainThread  ][DEBUG]  Optimization method: Powell
2019-02-28 02:41:05,214 [MainThread  ][DEBUG]  Optimization options: None
2019-02-28 02:41:05,215 [MainThread  ][INFO ]  Initial parameter values: [ 0.98489631  0.57744732 -0.34346187 -0.54530482]
2019-02-28 02:42:17,032 [MainThread  ][INFO ]  Final fidelity: 0.9995596849781628
2019-02-28 02:42:17,033 [MainThread  ][INFO ]  Final parameters: [-1.86616021  1.12271486 -1.74396911  0.01309054]
2019-02-28 02:42:17,033 [MainThread  ][INFO ]  Fidelity: 0.9995596849781628
2019-02-28 02:42:17,033 [MainThread  ][INFO ]  ---- Starting iteration 99/100
2019-02-28 02:42:17,034 [MainThread  ][DEBUG]  Regenerated CRAB frequencies: nuk=[ 0.48187132 -0.11757594]
2019-02-28 02:42:17,034 [MainThread  ][DEBUG]  Setting hyperparameter tf=3.9606060606060605
2019-02-28 02:42:17,034 [MainThread  ][INFO ]  Starting optimization for tf=3.9606060606060605
2019-02-28 02:42:17,034 [MainThread  ][DEBUG]  Optimization method: Powell
2019-02-28 02:42:17,034 [MainThread  ][DEBUG]  Optimization options: None
2019-02-28 02:42:17,034 [MainThread  ][INFO ]  Initial parameter values: [-0.96634769 -0.48638319  0.04970982  0.66517007]
2019-02-28 02:45:13,673 [MainThread  ][INFO ]  Final fidelity: 0.9994792079635227
2019-02-28 02:45:13,674 [MainThread  ][INFO ]  Final parameters: [ 1.7295664  -2.33064204 -0.17302602 -1.02449455]
2019-02-28 02:45:13,674 [MainThread  ][INFO ]  Fidelity: 0.9994792079635227
2019-02-28 02:45:13,674 [MainThread  ][INFO ]  ---- Starting iteration 100/100
2019-02-28 02:45:13,675 [MainThread  ][DEBUG]  Regenerated CRAB frequencies: nuk=[ 0.26196839  0.10889715]
2019-02-28 02:45:13,675 [MainThread  ][DEBUG]  Setting hyperparameter tf=4.0
2019-02-28 02:45:13,675 [MainThread  ][INFO ]  Starting optimization for tf=4.0
2019-02-28 02:45:13,675 [MainThread  ][DEBUG]  Optimization method: Powell
2019-02-28 02:45:13,675 [MainThread  ][DEBUG]  Optimization options: None
2019-02-28 02:45:13,675 [MainThread  ][INFO ]  Initial parameter values: [-0.73408013 -0.03659828 -0.0710703   0.03395579]
2019-02-28 02:46:32,693 [MainThread  ][INFO ]  Final fidelity: 0.9994543375465613
2019-02-28 02:46:32,694 [MainThread  ][INFO ]  Final parameters: [ 2.13131712 -1.25862552  0.0523489  -0.265572  ]
2019-02-28 02:46:32,694 [MainThread  ][INFO ]  Fidelity: 0.9994543375465613
