2019-02-27 19:58:12,634 [MainThread  ][INFO ]  Output file name will be "rabi_crab10freq_powell.csv"
2019-02-27 19:58:13,266 [MainThread  ][INFO ]  Using CRAB protocol ansatz.
2019-02-27 19:58:13,266 [MainThread  ][INFO ]  (CRAB) Default value of 2 frequencies chosen for the optimization
2019-02-27 19:58:13,266 [MainThread  ][INFO ]  (CRAB) Using 2 frequencies.
2019-02-27 19:58:13,266 [MainThread  ][DEBUG]  Initializing ProtocolAnsatz instance "crab"
2019-02-27 19:58:13,266 [MainThread  ][DEBUG]  Initializing CRAB protocol with 2 frequencies
2019-02-27 19:58:13,266 [MainThread  ][DEBUG]  Setting hyperparameter y0=0.0
2019-02-27 19:58:13,266 [MainThread  ][DEBUG]  Setting hyperparameter y1=5.0
2019-02-27 19:58:13,266 [MainThread  ][INFO ]  Using parameters constraints: [[-200, 200], [-200, 200], [-200, 200], [-200, 200]]
2019-02-27 19:58:13,266 [MainThread  ][INFO ]  Using total height constraint: [-10.0, 10.0]
2019-02-27 19:58:13,267 [MainThread  ][INFO ]  ---- Starting iteration 1/100
2019-02-27 19:58:13,267 [MainThread  ][DEBUG]  Regenerated CRAB frequencies: nuk=[ 0.40947729 -0.12609577]
2019-02-27 19:58:13,267 [MainThread  ][DEBUG]  Setting hyperparameter tf=0.1
2019-02-27 19:58:13,267 [MainThread  ][INFO ]  Starting optimization for tf=0.1
2019-02-27 19:58:13,267 [MainThread  ][DEBUG]  Optimization method: Powell
2019-02-27 19:58:13,268 [MainThread  ][DEBUG]  Optimization options: None
2019-02-27 19:58:13,268 [MainThread  ][INFO ]  Initial parameter values: [ 0.65252692 -0.14634325 -0.86099533 -0.17644888]
2019-02-27 19:59:07,536 [MainThread  ][INFO ]  Final fidelity: 0.7628256561710586
2019-02-27 19:59:07,538 [MainThread  ][INFO ]  Final parameters: [ 199.98976117 -199.98379775 -182.64319682  -71.06435453]
2019-02-27 19:59:07,538 [MainThread  ][INFO ]  Fidelity: 0.7628256561710586
2019-02-27 19:59:07,538 [MainThread  ][INFO ]  ---- Starting iteration 2/100
2019-02-27 19:59:07,538 [MainThread  ][DEBUG]  Regenerated CRAB frequencies: nuk=[-0.15236144  0.47800401]
2019-02-27 19:59:07,538 [MainThread  ][DEBUG]  Setting hyperparameter tf=0.1393939393939394
2019-02-27 19:59:07,538 [MainThread  ][INFO ]  Starting optimization for tf=0.1393939393939394
2019-02-27 19:59:07,538 [MainThread  ][DEBUG]  Optimization method: Powell
2019-02-27 19:59:07,539 [MainThread  ][DEBUG]  Optimization options: None
2019-02-27 19:59:07,539 [MainThread  ][INFO ]  Initial parameter values: [ 0.90034023  0.4038506  -0.16782941  0.67122787]
2019-02-27 20:00:17,995 [MainThread  ][INFO ]  Final fidelity: 0.7630128462692064
2019-02-27 20:00:17,996 [MainThread  ][INFO ]  Final parameters: [-199.031469   -199.55231101  197.90631197   30.37300776]
2019-02-27 20:00:17,996 [MainThread  ][INFO ]  Fidelity: 0.7630128462692064
2019-02-27 20:00:17,996 [MainThread  ][INFO ]  ---- Starting iteration 3/100
2019-02-27 20:00:17,996 [MainThread  ][DEBUG]  Regenerated CRAB frequencies: nuk=[-0.42738829  0.40390599]
2019-02-27 20:00:17,997 [MainThread  ][DEBUG]  Setting hyperparameter tf=0.17878787878787877
2019-02-27 20:00:17,997 [MainThread  ][INFO ]  Starting optimization for tf=0.17878787878787877
2019-02-27 20:00:17,997 [MainThread  ][DEBUG]  Optimization method: Powell
2019-02-27 20:00:17,997 [MainThread  ][DEBUG]  Optimization options: None
2019-02-27 20:00:17,997 [MainThread  ][INFO ]  Initial parameter values: [-0.95321844 -0.22826568 -0.94996438 -0.37717349]
2019-02-27 20:01:19,719 [MainThread  ][INFO ]  Final fidelity: 0.7632722074938258
2019-02-27 20:01:19,722 [MainThread  ][INFO ]  Final parameters: [-199.99557416  -25.9819918  -199.99919536    4.62474398]
2019-02-27 20:01:19,722 [MainThread  ][INFO ]  Fidelity: 0.7632722074938258
2019-02-27 20:01:19,722 [MainThread  ][INFO ]  ---- Starting iteration 4/100
2019-02-27 20:01:19,723 [MainThread  ][DEBUG]  Regenerated CRAB frequencies: nuk=[ 0.49837112 -0.10326849]
2019-02-27 20:01:19,723 [MainThread  ][DEBUG]  Setting hyperparameter tf=0.21818181818181817
2019-02-27 20:01:19,723 [MainThread  ][INFO ]  Starting optimization for tf=0.21818181818181817
2019-02-27 20:01:19,723 [MainThread  ][DEBUG]  Optimization method: Powell
2019-02-27 20:01:19,723 [MainThread  ][DEBUG]  Optimization options: None
2019-02-27 20:01:19,723 [MainThread  ][INFO ]  Initial parameter values: [-0.27485573 -0.9960965   0.46494767 -0.77388041]
2019-02-27 20:02:19,807 [MainThread  ][INFO ]  Final fidelity: 0.763647600730063
2019-02-27 20:02:19,808 [MainThread  ][INFO ]  Final parameters: [ 199.97118652  199.99714412  150.96688378 -199.99770861]
2019-02-27 20:02:19,808 [MainThread  ][INFO ]  Fidelity: 0.763647600730063
2019-02-27 20:02:19,808 [MainThread  ][INFO ]  ---- Starting iteration 5/100
2019-02-27 20:02:19,809 [MainThread  ][DEBUG]  Regenerated CRAB frequencies: nuk=[ 0.31692591 -0.32732164]
2019-02-27 20:02:19,809 [MainThread  ][DEBUG]  Setting hyperparameter tf=0.25757575757575757
2019-02-27 20:02:19,809 [MainThread  ][INFO ]  Starting optimization for tf=0.25757575757575757
2019-02-27 20:02:19,809 [MainThread  ][DEBUG]  Optimization method: Powell
2019-02-27 20:02:19,809 [MainThread  ][DEBUG]  Optimization options: None
2019-02-27 20:02:19,809 [MainThread  ][INFO ]  Initial parameter values: [ 0.37030834 -0.55827782  0.34803338 -0.49363604]
2019-02-27 20:03:16,909 [MainThread  ][INFO ]  Final fidelity: 0.7648691919115511
2019-02-27 20:03:16,912 [MainThread  ][INFO ]  Final parameters: [ 199.99959547  199.99585099  199.99746861  199.99832945]
2019-02-27 20:03:16,912 [MainThread  ][INFO ]  Fidelity: 0.7648691919115511
2019-02-27 20:03:16,912 [MainThread  ][INFO ]  ---- Starting iteration 6/100
2019-02-27 20:03:16,913 [MainThread  ][DEBUG]  Regenerated CRAB frequencies: nuk=[-0.04692409 -0.3297481 ]
2019-02-27 20:03:16,913 [MainThread  ][DEBUG]  Setting hyperparameter tf=0.296969696969697
2019-02-27 20:03:16,913 [MainThread  ][INFO ]  Starting optimization for tf=0.296969696969697
2019-02-27 20:03:16,913 [MainThread  ][DEBUG]  Optimization method: Powell
2019-02-27 20:03:16,913 [MainThread  ][DEBUG]  Optimization options: None
2019-02-27 20:03:16,913 [MainThread  ][INFO ]  Initial parameter values: [ 0.10479201 -0.7431959   0.21450686  0.68350463]
2019-02-27 20:04:15,842 [MainThread  ][INFO ]  Final fidelity: 0.7663110443602948
2019-02-27 20:04:15,843 [MainThread  ][INFO ]  Final parameters: [-199.99997316  199.9944678   199.96656985  199.99506878]
2019-02-27 20:04:15,843 [MainThread  ][INFO ]  Fidelity: 0.7663110443602948
2019-02-27 20:04:15,844 [MainThread  ][INFO ]  ---- Starting iteration 7/100
2019-02-27 20:04:15,844 [MainThread  ][DEBUG]  Regenerated CRAB frequencies: nuk=[ 0.25178234  0.11746948]
2019-02-27 20:04:15,844 [MainThread  ][DEBUG]  Setting hyperparameter tf=0.3363636363636363
2019-02-27 20:04:15,844 [MainThread  ][INFO ]  Starting optimization for tf=0.3363636363636363
2019-02-27 20:04:15,844 [MainThread  ][DEBUG]  Optimization method: Powell
2019-02-27 20:04:15,844 [MainThread  ][DEBUG]  Optimization options: None
2019-02-27 20:04:15,845 [MainThread  ][INFO ]  Initial parameter values: [ 0.83961162 -0.64192229  0.97081716 -0.19070792]
2019-02-27 20:05:12,963 [MainThread  ][INFO ]  Final fidelity: 0.766204634462838
2019-02-27 20:05:12,967 [MainThread  ][INFO ]  Final parameters: [ 199.97397761 -172.50743198  199.99752535 -119.12535571]
2019-02-27 20:05:12,967 [MainThread  ][INFO ]  Fidelity: 0.766204634462838
2019-02-27 20:05:12,967 [MainThread  ][INFO ]  ---- Starting iteration 8/100
2019-02-27 20:05:12,968 [MainThread  ][DEBUG]  Regenerated CRAB frequencies: nuk=[ 0.0188324   0.18960386]
2019-02-27 20:05:12,968 [MainThread  ][DEBUG]  Setting hyperparameter tf=0.37575757575757573
2019-02-27 20:05:12,968 [MainThread  ][INFO ]  Starting optimization for tf=0.37575757575757573
2019-02-27 20:05:12,968 [MainThread  ][DEBUG]  Optimization method: Powell
2019-02-27 20:05:12,968 [MainThread  ][DEBUG]  Optimization options: None
2019-02-27 20:05:12,968 [MainThread  ][INFO ]  Initial parameter values: [ 0.23583075 -0.87105125  0.91689684  0.04773756]
2019-02-27 20:06:58,092 [MainThread  ][INFO ]  Final fidelity: 0.7683391067529892
2019-02-27 20:06:58,095 [MainThread  ][INFO ]  Final parameters: [-199.99991499  199.99828649  199.99998284 -175.91686187]
2019-02-27 20:06:58,095 [MainThread  ][INFO ]  Fidelity: 0.7683391067529892
2019-02-27 20:06:58,095 [MainThread  ][INFO ]  ---- Starting iteration 9/100
2019-02-27 20:06:58,096 [MainThread  ][DEBUG]  Regenerated CRAB frequencies: nuk=[-0.4049172   0.01186115]
2019-02-27 20:06:58,096 [MainThread  ][DEBUG]  Setting hyperparameter tf=0.41515151515151516
2019-02-27 20:06:58,096 [MainThread  ][INFO ]  Starting optimization for tf=0.41515151515151516
2019-02-27 20:06:58,096 [MainThread  ][DEBUG]  Optimization method: Powell
2019-02-27 20:06:58,096 [MainThread  ][DEBUG]  Optimization options: None
2019-02-27 20:06:58,096 [MainThread  ][INFO ]  Initial parameter values: [-0.74959756  0.82853592  0.92101923  0.65247378]
2019-02-27 20:08:34,304 [MainThread  ][INFO ]  Final fidelity: 0.7700705130134763
2019-02-27 20:08:34,315 [MainThread  ][INFO ]  Final parameters: [-199.99877269   27.66303885 -199.99991091 -199.97028061]
2019-02-27 20:08:34,316 [MainThread  ][INFO ]  Fidelity: 0.7700705130134763
2019-02-27 20:08:34,316 [MainThread  ][INFO ]  ---- Starting iteration 10/100
2019-02-27 20:08:34,316 [MainThread  ][DEBUG]  Regenerated CRAB frequencies: nuk=[-0.41762845 -0.0729542 ]
2019-02-27 20:08:34,316 [MainThread  ][DEBUG]  Setting hyperparameter tf=0.4545454545454545
2019-02-27 20:08:34,316 [MainThread  ][INFO ]  Starting optimization for tf=0.4545454545454545
2019-02-27 20:08:34,316 [MainThread  ][DEBUG]  Optimization method: Powell
2019-02-27 20:08:34,316 [MainThread  ][DEBUG]  Optimization options: None
2019-02-27 20:08:34,317 [MainThread  ][INFO ]  Initial parameter values: [ 0.25877737  0.58817529 -0.68561501  0.68552989]
2019-02-27 20:10:55,513 [MainThread  ][INFO ]  Final fidelity: 0.7731543443226434
2019-02-27 20:10:55,516 [MainThread  ][INFO ]  Final parameters: [-199.99956863  153.45832814 -199.99999446  -86.76829297]
2019-02-27 20:10:55,516 [MainThread  ][INFO ]  Fidelity: 0.7731543443226434
2019-02-27 20:10:55,516 [MainThread  ][INFO ]  ---- Starting iteration 11/100
2019-02-27 20:10:55,517 [MainThread  ][DEBUG]  Regenerated CRAB frequencies: nuk=[-0.42743135  0.2629076 ]
2019-02-27 20:10:55,517 [MainThread  ][DEBUG]  Setting hyperparameter tf=0.4939393939393939
2019-02-27 20:10:55,517 [MainThread  ][INFO ]  Starting optimization for tf=0.4939393939393939
2019-02-27 20:10:55,517 [MainThread  ][DEBUG]  Optimization method: Powell
2019-02-27 20:10:55,517 [MainThread  ][DEBUG]  Optimization options: None
2019-02-27 20:10:55,518 [MainThread  ][INFO ]  Initial parameter values: [ 0.34863449 -0.34575747  0.7309256   0.24957977]
2019-02-27 20:13:16,284 [MainThread  ][INFO ]  Final fidelity: 0.7753670099818528
2019-02-27 20:13:16,285 [MainThread  ][INFO ]  Final parameters: [-199.99981486   69.60115561 -199.99999611  -81.78799052]
2019-02-27 20:13:16,285 [MainThread  ][INFO ]  Fidelity: 0.7753670099818528
2019-02-27 20:13:16,285 [MainThread  ][INFO ]  ---- Starting iteration 12/100
2019-02-27 20:13:16,285 [MainThread  ][DEBUG]  Regenerated CRAB frequencies: nuk=[-0.2504975  -0.17544071]
2019-02-27 20:13:16,286 [MainThread  ][DEBUG]  Setting hyperparameter tf=0.5333333333333333
2019-02-27 20:13:16,286 [MainThread  ][INFO ]  Starting optimization for tf=0.5333333333333333
2019-02-27 20:13:16,286 [MainThread  ][DEBUG]  Optimization method: Powell
2019-02-27 20:13:16,286 [MainThread  ][DEBUG]  Optimization options: None
2019-02-27 20:13:16,286 [MainThread  ][INFO ]  Initial parameter values: [-0.34400739  0.8022855  -0.94451173 -0.86464561]
2019-02-27 20:15:08,191 [MainThread  ][INFO ]  Final fidelity: 0.779198224504282
2019-02-27 20:15:08,210 [MainThread  ][INFO ]  Final parameters: [-199.99999575  131.14241613  -46.30652058   76.6652634 ]
2019-02-27 20:15:08,210 [MainThread  ][INFO ]  Fidelity: 0.779198224504282
2019-02-27 20:15:08,210 [MainThread  ][INFO ]  ---- Starting iteration 13/100
2019-02-27 20:15:08,211 [MainThread  ][DEBUG]  Regenerated CRAB frequencies: nuk=[-0.23440341 -0.24738109]
2019-02-27 20:15:08,211 [MainThread  ][DEBUG]  Setting hyperparameter tf=0.5727272727272726
2019-02-27 20:15:08,211 [MainThread  ][INFO ]  Starting optimization for tf=0.5727272727272726
2019-02-27 20:15:08,211 [MainThread  ][DEBUG]  Optimization method: Powell
2019-02-27 20:15:08,211 [MainThread  ][DEBUG]  Optimization options: None
2019-02-27 20:15:08,212 [MainThread  ][INFO ]  Initial parameter values: [ 0.83588002 -0.16398342  0.97400586 -0.72958513]
2019-02-27 20:17:42,109 [MainThread  ][INFO ]  Final fidelity: 0.783831432310704
2019-02-27 20:17:42,110 [MainThread  ][INFO ]  Final parameters: [-199.9999961    41.74171546  -18.57313728  128.82500656]
2019-02-27 20:17:42,110 [MainThread  ][INFO ]  Fidelity: 0.783831432310704
2019-02-27 20:17:42,110 [MainThread  ][INFO ]  ---- Starting iteration 14/100
2019-02-27 20:17:42,110 [MainThread  ][DEBUG]  Regenerated CRAB frequencies: nuk=[ 0.11854919 -0.29385737]
2019-02-27 20:17:42,110 [MainThread  ][DEBUG]  Setting hyperparameter tf=0.6121212121212121
2019-02-27 20:17:42,111 [MainThread  ][INFO ]  Starting optimization for tf=0.6121212121212121
2019-02-27 20:17:42,111 [MainThread  ][DEBUG]  Optimization method: Powell
2019-02-27 20:17:42,111 [MainThread  ][DEBUG]  Optimization options: None
2019-02-27 20:17:42,111 [MainThread  ][INFO ]  Initial parameter values: [ 0.28613425  0.17103711  0.6759783  -0.08566967]
2019-02-27 20:21:10,739 [MainThread  ][INFO ]  Final fidelity: 0.7850380285596095
2019-02-27 20:21:10,740 [MainThread  ][INFO ]  Final parameters: [-140.69837503   35.96007468  199.99998731   -8.20455685]
2019-02-27 20:21:10,740 [MainThread  ][INFO ]  Fidelity: 0.7850380285596095
2019-02-27 20:21:10,740 [MainThread  ][INFO ]  ---- Starting iteration 15/100
2019-02-27 20:21:10,741 [MainThread  ][DEBUG]  Regenerated CRAB frequencies: nuk=[ 0.2556496  -0.41556873]
2019-02-27 20:21:10,741 [MainThread  ][DEBUG]  Setting hyperparameter tf=0.6515151515151515
2019-02-27 20:21:10,741 [MainThread  ][INFO ]  Starting optimization for tf=0.6515151515151515
2019-02-27 20:21:10,741 [MainThread  ][DEBUG]  Optimization method: Powell
2019-02-27 20:21:10,741 [MainThread  ][DEBUG]  Optimization options: None
2019-02-27 20:21:10,741 [MainThread  ][INFO ]  Initial parameter values: [ 0.91767873 -0.54230401  0.99877561 -0.46651699]
2019-02-27 20:28:23,028 [MainThread  ][INFO ]  Final fidelity: 0.7884311007283281
2019-02-27 20:28:23,040 [MainThread  ][INFO ]  Final parameters: [-199.99999028  133.86930892   76.52420126  199.99999588]
2019-02-27 20:28:23,040 [MainThread  ][INFO ]  Fidelity: 0.7884311007283281
2019-02-27 20:28:23,040 [MainThread  ][INFO ]  ---- Starting iteration 16/100
2019-02-27 20:28:23,040 [MainThread  ][DEBUG]  Regenerated CRAB frequencies: nuk=[ 0.35103227  0.3795405 ]
2019-02-27 20:28:23,040 [MainThread  ][DEBUG]  Setting hyperparameter tf=0.6909090909090908
2019-02-27 20:28:23,041 [MainThread  ][INFO ]  Starting optimization for tf=0.6909090909090908
2019-02-27 20:28:23,041 [MainThread  ][DEBUG]  Optimization method: Powell
2019-02-27 20:28:23,041 [MainThread  ][DEBUG]  Optimization options: None
2019-02-27 20:28:23,041 [MainThread  ][INFO ]  Initial parameter values: [-0.9627963  -0.41840159  0.90312382  0.01902089]
2019-02-27 20:32:31,497 [MainThread  ][INFO ]  Final fidelity: 0.7969779772408202
2019-02-27 20:32:31,511 [MainThread  ][INFO ]  Final parameters: [  57.72558052  -37.4467034   199.99999126 -132.48298842]
2019-02-27 20:32:31,512 [MainThread  ][INFO ]  Fidelity: 0.7969779772408202
2019-02-27 20:32:31,512 [MainThread  ][INFO ]  ---- Starting iteration 17/100
2019-02-27 20:32:31,512 [MainThread  ][DEBUG]  Regenerated CRAB frequencies: nuk=[ 0.21642015 -0.07500443]
2019-02-27 20:32:31,512 [MainThread  ][DEBUG]  Setting hyperparameter tf=0.7303030303030302
2019-02-27 20:32:31,512 [MainThread  ][INFO ]  Starting optimization for tf=0.7303030303030302
2019-02-27 20:32:31,512 [MainThread  ][DEBUG]  Optimization method: Powell
2019-02-27 20:32:31,512 [MainThread  ][DEBUG]  Optimization options: None
2019-02-27 20:32:31,513 [MainThread  ][INFO ]  Initial parameter values: [-0.51041149  0.55331317  0.65059729 -0.62392178]
2019-02-27 20:41:06,205 [MainThread  ][INFO ]  Final fidelity: 0.8054499002162737
2019-02-27 20:41:06,209 [MainThread  ][INFO ]  Final parameters: [-199.99997412 -157.02499412  199.99999434  137.85993944]
2019-02-27 20:41:06,209 [MainThread  ][INFO ]  Fidelity: 0.8054499002162737
2019-02-27 20:41:06,209 [MainThread  ][INFO ]  ---- Starting iteration 18/100
2019-02-27 20:41:06,210 [MainThread  ][DEBUG]  Regenerated CRAB frequencies: nuk=[ 0.08164619  0.42901754]
2019-02-27 20:41:06,210 [MainThread  ][DEBUG]  Setting hyperparameter tf=0.7696969696969697
2019-02-27 20:41:06,210 [MainThread  ][INFO ]  Starting optimization for tf=0.7696969696969697
2019-02-27 20:41:06,210 [MainThread  ][DEBUG]  Optimization method: Powell
2019-02-27 20:41:06,210 [MainThread  ][DEBUG]  Optimization options: None
2019-02-27 20:41:06,210 [MainThread  ][INFO ]  Initial parameter values: [ 0.43078295 -0.7529982  -0.1597424  -0.79720723]
2019-02-27 20:44:00,633 [MainThread  ][INFO ]  Final fidelity: 0.8070947464085785
2019-02-27 20:44:00,637 [MainThread  ][INFO ]  Final parameters: [-127.09552115  -67.90959039  127.99026676  -52.27689689]
2019-02-27 20:44:00,637 [MainThread  ][INFO ]  Fidelity: 0.8070947464085785
2019-02-27 20:44:00,637 [MainThread  ][INFO ]  ---- Starting iteration 19/100
2019-02-27 20:44:00,637 [MainThread  ][DEBUG]  Regenerated CRAB frequencies: nuk=[-0.30367436  0.06592592]
2019-02-27 20:44:00,637 [MainThread  ][DEBUG]  Setting hyperparameter tf=0.809090909090909
2019-02-27 20:44:00,637 [MainThread  ][INFO ]  Starting optimization for tf=0.809090909090909
2019-02-27 20:44:00,637 [MainThread  ][DEBUG]  Optimization method: Powell
2019-02-27 20:44:00,637 [MainThread  ][DEBUG]  Optimization options: None
2019-02-27 20:44:00,638 [MainThread  ][INFO ]  Initial parameter values: [ 0.72326487  0.38825428  0.60646354 -0.41285641]
2019-02-27 20:46:17,698 [MainThread  ][INFO ]  Final fidelity: 0.826080572766359
2019-02-27 20:46:17,703 [MainThread  ][INFO ]  Final parameters: [-195.58201456   89.1176994  -129.97223885   57.81530667]
2019-02-27 20:46:17,703 [MainThread  ][INFO ]  Fidelity: 0.826080572766359
2019-02-27 20:46:17,703 [MainThread  ][INFO ]  ---- Starting iteration 20/100
2019-02-27 20:46:17,703 [MainThread  ][DEBUG]  Regenerated CRAB frequencies: nuk=[ 0.01412338  0.34741033]
2019-02-27 20:46:17,703 [MainThread  ][DEBUG]  Setting hyperparameter tf=0.8484848484848484
2019-02-27 20:46:17,704 [MainThread  ][INFO ]  Starting optimization for tf=0.8484848484848484
2019-02-27 20:46:17,704 [MainThread  ][DEBUG]  Optimization method: Powell
2019-02-27 20:46:17,704 [MainThread  ][DEBUG]  Optimization options: None
2019-02-27 20:46:17,704 [MainThread  ][INFO ]  Initial parameter values: [ 0.06658062 -0.68059754  0.6195474   0.59562836]
2019-02-27 20:48:46,332 [MainThread  ][INFO ]  Final fidelity: 0.819999525978835
2019-02-27 20:48:46,338 [MainThread  ][INFO ]  Final parameters: [-134.02396578  -15.34043437   80.28824331  -75.95216   ]
2019-02-27 20:48:46,338 [MainThread  ][INFO ]  Fidelity: 0.819999525978835
2019-02-27 20:48:46,338 [MainThread  ][INFO ]  ---- Starting iteration 21/100
2019-02-27 20:48:46,338 [MainThread  ][DEBUG]  Regenerated CRAB frequencies: nuk=[ 0.46506639  0.02724311]
2019-02-27 20:48:46,338 [MainThread  ][DEBUG]  Setting hyperparameter tf=0.8878787878787878
2019-02-27 20:48:46,338 [MainThread  ][INFO ]  Starting optimization for tf=0.8878787878787878
2019-02-27 20:48:46,338 [MainThread  ][DEBUG]  Optimization method: Powell
2019-02-27 20:48:46,339 [MainThread  ][DEBUG]  Optimization options: None
2019-02-27 20:48:46,339 [MainThread  ][INFO ]  Initial parameter values: [ 0.84258902  0.85984077  0.44026647  0.19456093]
2019-02-27 20:59:17,012 [MainThread  ][INFO ]  Final fidelity: 0.8322524878570376
2019-02-27 20:59:17,013 [MainThread  ][INFO ]  Final parameters: [ 172.44572989   58.76249444  152.55273625  181.3002723 ]
2019-02-27 20:59:17,014 [MainThread  ][INFO ]  Fidelity: 0.8322524878570376
2019-02-27 20:59:17,014 [MainThread  ][INFO ]  ---- Starting iteration 22/100
2019-02-27 20:59:17,014 [MainThread  ][DEBUG]  Regenerated CRAB frequencies: nuk=[-0.2258335  -0.00400853]
2019-02-27 20:59:17,014 [MainThread  ][DEBUG]  Setting hyperparameter tf=0.9272727272727271
2019-02-27 20:59:17,014 [MainThread  ][INFO ]  Starting optimization for tf=0.9272727272727271
2019-02-27 20:59:17,014 [MainThread  ][DEBUG]  Optimization method: Powell
2019-02-27 20:59:17,014 [MainThread  ][DEBUG]  Optimization options: None
2019-02-27 20:59:17,015 [MainThread  ][INFO ]  Initial parameter values: [-0.48976514  0.93027926  0.10329327  0.01462387]
2019-02-27 21:02:00,743 [MainThread  ][INFO ]  Final fidelity: 0.8493712062113147
2019-02-27 21:02:00,744 [MainThread  ][INFO ]  Final parameters: [-175.88140078   31.73213601  -56.92866872   94.21946171]
2019-02-27 21:02:00,744 [MainThread  ][INFO ]  Fidelity: 0.8493712062113147
2019-02-27 21:02:00,744 [MainThread  ][INFO ]  ---- Starting iteration 23/100
2019-02-27 21:02:00,745 [MainThread  ][DEBUG]  Regenerated CRAB frequencies: nuk=[-0.41294855 -0.36226004]
2019-02-27 21:02:00,745 [MainThread  ][DEBUG]  Setting hyperparameter tf=0.9666666666666666
2019-02-27 21:02:00,745 [MainThread  ][INFO ]  Starting optimization for tf=0.9666666666666666
2019-02-27 21:02:00,745 [MainThread  ][DEBUG]  Optimization method: Powell
2019-02-27 21:02:00,745 [MainThread  ][DEBUG]  Optimization options: None
2019-02-27 21:02:00,745 [MainThread  ][INFO ]  Initial parameter values: [-0.99488387 -0.35582611 -0.13326978  0.42144183]
2019-02-27 21:06:19,290 [MainThread  ][INFO ]  Final fidelity: 0.8661805388021673
2019-02-27 21:06:19,291 [MainThread  ][INFO ]  Final parameters: [-190.75502401  -93.71450438 -199.99999097  -93.29261755]
2019-02-27 21:06:19,291 [MainThread  ][INFO ]  Fidelity: 0.8661805388021673
2019-02-27 21:06:19,291 [MainThread  ][INFO ]  ---- Starting iteration 24/100
2019-02-27 21:06:19,292 [MainThread  ][DEBUG]  Regenerated CRAB frequencies: nuk=[ 0.36904457 -0.49784242]
2019-02-27 21:06:19,292 [MainThread  ][DEBUG]  Setting hyperparameter tf=1.006060606060606
2019-02-27 21:06:19,292 [MainThread  ][INFO ]  Starting optimization for tf=1.006060606060606
2019-02-27 21:06:19,292 [MainThread  ][DEBUG]  Optimization method: Powell
2019-02-27 21:06:19,292 [MainThread  ][DEBUG]  Optimization options: None
2019-02-27 21:06:19,293 [MainThread  ][INFO ]  Initial parameter values: [ 0.57089841  0.89758629 -0.97113999 -0.83137362]
2019-02-27 21:14:09,123 [MainThread  ][INFO ]  Final fidelity: 0.8628135879259148
2019-02-27 21:14:09,134 [MainThread  ][INFO ]  Final parameters: [-148.31169692 -167.75860924  -91.49578889  199.99678771]
2019-02-27 21:14:09,134 [MainThread  ][INFO ]  Fidelity: 0.8628135879259148
2019-02-27 21:14:09,134 [MainThread  ][INFO ]  ---- Starting iteration 25/100
2019-02-27 21:14:09,135 [MainThread  ][DEBUG]  Regenerated CRAB frequencies: nuk=[ 0.274362    0.03787923]
2019-02-27 21:14:09,135 [MainThread  ][DEBUG]  Setting hyperparameter tf=1.0454545454545454
2019-02-27 21:14:09,135 [MainThread  ][INFO ]  Starting optimization for tf=1.0454545454545454
2019-02-27 21:14:09,135 [MainThread  ][DEBUG]  Optimization method: Powell
2019-02-27 21:14:09,135 [MainThread  ][DEBUG]  Optimization options: None
2019-02-27 21:14:09,135 [MainThread  ][INFO ]  Initial parameter values: [ 0.76102285  0.83052669 -0.91373952  0.4147626 ]
2019-02-27 21:24:07,760 [MainThread  ][INFO ]  Final fidelity: 0.8629868544540223
2019-02-27 21:24:07,763 [MainThread  ][INFO ]  Final parameters: [   8.69306664   46.21718592  139.99572428   92.91413774]
2019-02-27 21:24:07,763 [MainThread  ][INFO ]  Fidelity: 0.8629868544540223
2019-02-27 21:24:07,763 [MainThread  ][INFO ]  ---- Starting iteration 26/100
2019-02-27 21:24:07,763 [MainThread  ][DEBUG]  Regenerated CRAB frequencies: nuk=[-0.18892714  0.21907625]
2019-02-27 21:24:07,764 [MainThread  ][DEBUG]  Setting hyperparameter tf=1.0848484848484847
2019-02-27 21:24:07,764 [MainThread  ][INFO ]  Starting optimization for tf=1.0848484848484847
2019-02-27 21:24:07,764 [MainThread  ][DEBUG]  Optimization method: Powell
2019-02-27 21:24:07,764 [MainThread  ][DEBUG]  Optimization options: None
2019-02-27 21:24:07,764 [MainThread  ][INFO ]  Initial parameter values: [-0.41130318  0.34218578 -0.09158827  0.8750535 ]
2019-02-27 21:27:20,557 [MainThread  ][INFO ]  Final fidelity: 0.8652306752101526
2019-02-27 21:27:20,558 [MainThread  ][INFO ]  Final parameters: [-110.34869974   35.94148517  -16.85672898  -36.27341629]
2019-02-27 21:27:20,559 [MainThread  ][INFO ]  Fidelity: 0.8652306752101526
2019-02-27 21:27:20,559 [MainThread  ][INFO ]  ---- Starting iteration 27/100
2019-02-27 21:27:20,559 [MainThread  ][DEBUG]  Regenerated CRAB frequencies: nuk=[ 0.23139261 -0.07710033]
2019-02-27 21:27:20,559 [MainThread  ][DEBUG]  Setting hyperparameter tf=1.1242424242424243
2019-02-27 21:27:20,559 [MainThread  ][INFO ]  Starting optimization for tf=1.1242424242424243
2019-02-27 21:27:20,559 [MainThread  ][DEBUG]  Optimization method: Powell
2019-02-27 21:27:20,559 [MainThread  ][DEBUG]  Optimization options: None
2019-02-27 21:27:20,560 [MainThread  ][INFO ]  Initial parameter values: [-0.15203262 -0.52121537 -0.4770444   0.44857708]
2019-02-27 21:34:42,923 [MainThread  ][INFO ]  Final fidelity: 0.8842544431873696
2019-02-27 21:34:42,933 [MainThread  ][INFO ]  Final parameters: [  -0.68513093  -45.46194758  150.40757356  104.12284814]
2019-02-27 21:34:42,933 [MainThread  ][INFO ]  Fidelity: 0.8842544431873696
2019-02-27 21:34:42,934 [MainThread  ][INFO ]  ---- Starting iteration 28/100
2019-02-27 21:34:42,934 [MainThread  ][DEBUG]  Regenerated CRAB frequencies: nuk=[-0.08296686 -0.0953901 ]
2019-02-27 21:34:42,934 [MainThread  ][DEBUG]  Setting hyperparameter tf=1.1636363636363636
2019-02-27 21:34:42,934 [MainThread  ][INFO ]  Starting optimization for tf=1.1636363636363636
2019-02-27 21:34:42,934 [MainThread  ][DEBUG]  Optimization method: Powell
2019-02-27 21:34:42,934 [MainThread  ][DEBUG]  Optimization options: None
2019-02-27 21:34:42,935 [MainThread  ][INFO ]  Initial parameter values: [ 0.04671641  0.07088009  0.21662519  0.13823014]
2019-02-27 21:41:48,381 [MainThread  ][INFO ]  Final fidelity: 0.9025907908385234
2019-02-27 21:41:48,396 [MainThread  ][INFO ]  Final parameters: [-130.31306953  -45.78416465   30.96212134   75.09803863]
2019-02-27 21:41:48,396 [MainThread  ][INFO ]  Fidelity: 0.9025907908385234
2019-02-27 21:41:48,396 [MainThread  ][INFO ]  ---- Starting iteration 29/100
2019-02-27 21:41:48,396 [MainThread  ][DEBUG]  Regenerated CRAB frequencies: nuk=[ 0.13407201 -0.24275681]
2019-02-27 21:41:48,396 [MainThread  ][DEBUG]  Setting hyperparameter tf=1.2030303030303031
2019-02-27 21:41:48,396 [MainThread  ][INFO ]  Starting optimization for tf=1.2030303030303031
2019-02-27 21:41:48,396 [MainThread  ][DEBUG]  Optimization method: Powell
2019-02-27 21:41:48,397 [MainThread  ][DEBUG]  Optimization options: None
2019-02-27 21:41:48,397 [MainThread  ][INFO ]  Initial parameter values: [-0.8683725  -0.83303291 -0.71081633 -0.12086561]
2019-02-27 21:53:17,622 [MainThread  ][INFO ]  Final fidelity: 0.9169527186538703
2019-02-27 21:53:17,623 [MainThread  ][INFO ]  Final parameters: [-110.08749062 -177.37459427  199.9999937   -68.00349334]
2019-02-27 21:53:17,623 [MainThread  ][INFO ]  Fidelity: 0.9169527186538703
2019-02-27 21:53:17,623 [MainThread  ][INFO ]  ---- Starting iteration 30/100
2019-02-27 21:53:17,624 [MainThread  ][DEBUG]  Regenerated CRAB frequencies: nuk=[-0.30653543 -0.07892593]
2019-02-27 21:53:17,624 [MainThread  ][DEBUG]  Setting hyperparameter tf=1.2424242424242424
2019-02-27 21:53:17,624 [MainThread  ][INFO ]  Starting optimization for tf=1.2424242424242424
2019-02-27 21:53:17,624 [MainThread  ][DEBUG]  Optimization method: Powell
2019-02-27 21:53:17,624 [MainThread  ][DEBUG]  Optimization options: None
2019-02-27 21:53:17,624 [MainThread  ][INFO ]  Initial parameter values: [-0.44502758  0.86474986 -0.09850242 -0.46922017]
2019-02-27 21:57:49,707 [MainThread  ][INFO ]  Final fidelity: 0.9208863198841122
2019-02-27 21:57:49,717 [MainThread  ][INFO ]  Final parameters: [-103.08789453  -16.30615031  -66.10116198   60.83047988]
2019-02-27 21:57:49,717 [MainThread  ][INFO ]  Fidelity: 0.9208863198841122
2019-02-27 21:57:49,717 [MainThread  ][INFO ]  ---- Starting iteration 31/100
2019-02-27 21:57:49,718 [MainThread  ][DEBUG]  Regenerated CRAB frequencies: nuk=[-0.2437486  0.1003662]
2019-02-27 21:57:49,718 [MainThread  ][DEBUG]  Setting hyperparameter tf=1.2818181818181817
2019-02-27 21:57:49,718 [MainThread  ][INFO ]  Starting optimization for tf=1.2818181818181817
2019-02-27 21:57:49,718 [MainThread  ][DEBUG]  Optimization method: Powell
2019-02-27 21:57:49,718 [MainThread  ][DEBUG]  Optimization options: None
2019-02-27 21:57:49,719 [MainThread  ][INFO ]  Initial parameter values: [-0.25593395 -0.36427339  0.42391336 -0.09093404]
2019-02-27 22:01:08,544 [MainThread  ][INFO ]  Final fidelity: 0.9134986329616365
2019-02-27 22:01:08,545 [MainThread  ][INFO ]  Final parameters: [-85.69180098  42.69864486 -30.81224493  10.61599785]
2019-02-27 22:01:08,545 [MainThread  ][INFO ]  Fidelity: 0.9134986329616365
2019-02-27 22:01:08,545 [MainThread  ][INFO ]  ---- Starting iteration 32/100
2019-02-27 22:01:08,545 [MainThread  ][DEBUG]  Regenerated CRAB frequencies: nuk=[-0.43617273  0.01828662]
2019-02-27 22:01:08,545 [MainThread  ][DEBUG]  Setting hyperparameter tf=1.3212121212121213
2019-02-27 22:01:08,545 [MainThread  ][INFO ]  Starting optimization for tf=1.3212121212121213
2019-02-27 22:01:08,545 [MainThread  ][DEBUG]  Optimization method: Powell
2019-02-27 22:01:08,545 [MainThread  ][DEBUG]  Optimization options: None
2019-02-27 22:01:08,546 [MainThread  ][INFO ]  Initial parameter values: [-0.96482727 -0.94548349 -0.38678217  0.90356871]
2019-02-27 22:05:45,184 [MainThread  ][INFO ]  Final fidelity: 0.9307199734082025
2019-02-27 22:05:45,185 [MainThread  ][INFO ]  Final parameters: [-55.24543757  27.40685817 -94.25675926  33.40113758]
2019-02-27 22:05:45,185 [MainThread  ][INFO ]  Fidelity: 0.9307199734082025
2019-02-27 22:05:45,185 [MainThread  ][INFO ]  ---- Starting iteration 33/100
2019-02-27 22:05:45,186 [MainThread  ][DEBUG]  Regenerated CRAB frequencies: nuk=[-0.47683101 -0.26387649]
2019-02-27 22:05:45,186 [MainThread  ][DEBUG]  Setting hyperparameter tf=1.3606060606060606
2019-02-27 22:05:45,186 [MainThread  ][INFO ]  Starting optimization for tf=1.3606060606060606
2019-02-27 22:05:45,186 [MainThread  ][DEBUG]  Optimization method: Powell
2019-02-27 22:05:45,186 [MainThread  ][DEBUG]  Optimization options: None
2019-02-27 22:05:45,186 [MainThread  ][INFO ]  Initial parameter values: [-0.12891032 -0.01728596 -0.90951647  0.20480759]
2019-02-27 22:13:16,270 [MainThread  ][INFO ]  Final fidelity: 0.9596140841973396
2019-02-27 22:13:16,271 [MainThread  ][INFO ]  Final parameters: [ -63.27883008  -61.97839424 -135.2747215    -4.24109927]
2019-02-27 22:13:16,271 [MainThread  ][INFO ]  Fidelity: 0.9596140841973396
2019-02-27 22:13:16,272 [MainThread  ][INFO ]  ---- Starting iteration 34/100
2019-02-27 22:13:16,272 [MainThread  ][DEBUG]  Regenerated CRAB frequencies: nuk=[ 0.26155999  0.39608126]
2019-02-27 22:13:16,272 [MainThread  ][DEBUG]  Setting hyperparameter tf=1.4
2019-02-27 22:13:16,272 [MainThread  ][INFO ]  Starting optimization for tf=1.4
2019-02-27 22:13:16,272 [MainThread  ][DEBUG]  Optimization method: Powell
2019-02-27 22:13:16,272 [MainThread  ][DEBUG]  Optimization options: None
2019-02-27 22:13:16,273 [MainThread  ][INFO ]  Initial parameter values: [ 0.5587721   0.22562434 -0.35364534  0.43996688]
2019-02-27 22:19:46,825 [MainThread  ][INFO ]  Final fidelity: 0.8979627262561619
2019-02-27 22:19:46,840 [MainThread  ][INFO ]  Final parameters: [  5.77997633 -22.8381807   48.84026699 -18.33901266]
2019-02-27 22:19:46,840 [MainThread  ][INFO ]  Fidelity: 0.8979627262561619
2019-02-27 22:19:46,840 [MainThread  ][INFO ]  ---- Starting iteration 35/100
2019-02-27 22:19:46,840 [MainThread  ][DEBUG]  Regenerated CRAB frequencies: nuk=[ 0.47437876 -0.47790761]
2019-02-27 22:19:46,840 [MainThread  ][DEBUG]  Setting hyperparameter tf=1.4393939393939394
2019-02-27 22:19:46,841 [MainThread  ][INFO ]  Starting optimization for tf=1.4393939393939394
2019-02-27 22:19:46,841 [MainThread  ][DEBUG]  Optimization method: Powell
2019-02-27 22:19:46,841 [MainThread  ][DEBUG]  Optimization options: None
2019-02-27 22:19:46,841 [MainThread  ][INFO ]  Initial parameter values: [ 0.41728026  0.60127964  0.70879729  0.50151755]
2019-02-27 22:26:33,831 [MainThread  ][INFO ]  Final fidelity: 0.965846495368712
2019-02-27 22:26:33,849 [MainThread  ][INFO ]  Final parameters: [ -96.39862988  -88.38768489  -31.90752299  108.12509488]
2019-02-27 22:26:33,849 [MainThread  ][INFO ]  Fidelity: 0.965846495368712
2019-02-27 22:26:33,849 [MainThread  ][INFO ]  ---- Starting iteration 36/100
2019-02-27 22:26:33,849 [MainThread  ][DEBUG]  Regenerated CRAB frequencies: nuk=[-0.31414012  0.23692174]
2019-02-27 22:26:33,849 [MainThread  ][DEBUG]  Setting hyperparameter tf=1.4787878787878788
2019-02-27 22:26:33,849 [MainThread  ][INFO ]  Starting optimization for tf=1.4787878787878788
2019-02-27 22:26:33,849 [MainThread  ][DEBUG]  Optimization method: Powell
2019-02-27 22:26:33,849 [MainThread  ][DEBUG]  Optimization options: None
2019-02-27 22:26:33,850 [MainThread  ][INFO ]  Initial parameter values: [-0.80535406 -0.6550258   0.76353209 -0.91312338]
2019-02-27 22:29:49,957 [MainThread  ][INFO ]  Final fidelity: 0.942248194389703
2019-02-27 22:29:49,960 [MainThread  ][INFO ]  Final parameters: [-57.37305742  11.10296526 -35.6704417  -22.75232314]
2019-02-27 22:29:49,960 [MainThread  ][INFO ]  Fidelity: 0.942248194389703
2019-02-27 22:29:49,960 [MainThread  ][INFO ]  ---- Starting iteration 37/100
2019-02-27 22:29:49,960 [MainThread  ][DEBUG]  Regenerated CRAB frequencies: nuk=[-0.34755204 -0.04999928]
2019-02-27 22:29:49,960 [MainThread  ][DEBUG]  Setting hyperparameter tf=1.518181818181818
2019-02-27 22:29:49,960 [MainThread  ][INFO ]  Starting optimization for tf=1.518181818181818
2019-02-27 22:29:49,961 [MainThread  ][DEBUG]  Optimization method: Powell
2019-02-27 22:29:49,961 [MainThread  ][DEBUG]  Optimization options: None
2019-02-27 22:29:49,961 [MainThread  ][INFO ]  Initial parameter values: [-0.90430959 -0.15392896  0.88436757  0.62611774]
2019-02-27 22:37:28,594 [MainThread  ][INFO ]  Final fidelity: 0.9725723997539854
2019-02-27 22:37:28,597 [MainThread  ][INFO ]  Final parameters: [-58.48121932   6.12386814 -51.65385422  37.61708309]
2019-02-27 22:37:28,597 [MainThread  ][INFO ]  Fidelity: 0.9725723997539854
2019-02-27 22:37:28,597 [MainThread  ][INFO ]  ---- Starting iteration 38/100
2019-02-27 22:37:28,597 [MainThread  ][DEBUG]  Regenerated CRAB frequencies: nuk=[-0.03836158 -0.15706439]
2019-02-27 22:37:28,597 [MainThread  ][DEBUG]  Setting hyperparameter tf=1.5575757575757576
2019-02-27 22:37:28,597 [MainThread  ][INFO ]  Starting optimization for tf=1.5575757575757576
2019-02-27 22:37:28,597 [MainThread  ][DEBUG]  Optimization method: Powell
2019-02-27 22:37:28,598 [MainThread  ][DEBUG]  Optimization options: None
2019-02-27 22:37:28,598 [MainThread  ][INFO ]  Initial parameter values: [-0.90311799 -0.78024236  0.49067287  0.82524541]
2019-02-27 22:42:59,875 [MainThread  ][INFO ]  Final fidelity: 0.97579318798396
2019-02-27 22:42:59,892 [MainThread  ][INFO ]  Final parameters: [-60.17637738 -30.00522297  41.61198749  33.69028079]
2019-02-27 22:42:59,892 [MainThread  ][INFO ]  Fidelity: 0.97579318798396
2019-02-27 22:42:59,892 [MainThread  ][INFO ]  ---- Starting iteration 39/100
2019-02-27 22:42:59,892 [MainThread  ][DEBUG]  Regenerated CRAB frequencies: nuk=[-0.28236018 -0.36176656]
2019-02-27 22:42:59,892 [MainThread  ][DEBUG]  Setting hyperparameter tf=1.596969696969697
2019-02-27 22:42:59,893 [MainThread  ][INFO ]  Starting optimization for tf=1.596969696969697
2019-02-27 22:42:59,893 [MainThread  ][DEBUG]  Optimization method: Powell
2019-02-27 22:42:59,893 [MainThread  ][DEBUG]  Optimization options: None
2019-02-27 22:42:59,893 [MainThread  ][INFO ]  Initial parameter values: [-0.39898346  0.86243335  0.58369791 -0.57927506]
2019-02-27 22:55:06,089 [MainThread  ][INFO ]  Final fidelity: 0.9955050296438568
2019-02-27 22:55:06,112 [MainThread  ][INFO ]  Final parameters: [-120.80828039  -36.18092402  -42.66591067  -61.56186593]
2019-02-27 22:55:06,112 [MainThread  ][INFO ]  Fidelity: 0.9955050296438568
2019-02-27 22:55:06,112 [MainThread  ][INFO ]  ---- Starting iteration 40/100
2019-02-27 22:55:06,112 [MainThread  ][DEBUG]  Regenerated CRAB frequencies: nuk=[-0.49304699  0.32896575]
2019-02-27 22:55:06,112 [MainThread  ][DEBUG]  Setting hyperparameter tf=1.6363636363636362
2019-02-27 22:55:06,113 [MainThread  ][INFO ]  Starting optimization for tf=1.6363636363636362
2019-02-27 22:55:06,113 [MainThread  ][DEBUG]  Optimization method: Powell
2019-02-27 22:55:06,113 [MainThread  ][DEBUG]  Optimization options: None
2019-02-27 22:55:06,113 [MainThread  ][INFO ]  Initial parameter values: [ 0.73429723 -0.17626997 -0.77269296  0.52977845]
2019-02-27 22:58:33,635 [MainThread  ][INFO ]  Final fidelity: 0.9671716563525538
2019-02-27 22:58:33,637 [MainThread  ][INFO ]  Final parameters: [-24.94599623  -8.24566207 -62.74931902 -13.0652031 ]
2019-02-27 22:58:33,637 [MainThread  ][INFO ]  Fidelity: 0.9671716563525538
2019-02-27 22:58:33,637 [MainThread  ][INFO ]  ---- Starting iteration 41/100
2019-02-27 22:58:33,637 [MainThread  ][DEBUG]  Regenerated CRAB frequencies: nuk=[-0.09111958  0.4048842 ]
2019-02-27 22:58:33,637 [MainThread  ][DEBUG]  Setting hyperparameter tf=1.6757575757575758
2019-02-27 22:58:33,638 [MainThread  ][INFO ]  Starting optimization for tf=1.6757575757575758
2019-02-27 22:58:33,638 [MainThread  ][DEBUG]  Optimization method: Powell
2019-02-27 22:58:33,638 [MainThread  ][DEBUG]  Optimization options: None
2019-02-27 22:58:33,638 [MainThread  ][INFO ]  Initial parameter values: [ 0.16909961 -0.92188493  0.96978432  0.76958954]
2019-02-27 23:01:59,127 [MainThread  ][INFO ]  Final fidelity: 0.9599155734107889
2019-02-27 23:01:59,128 [MainThread  ][INFO ]  Final parameters: [-42.85916211 -16.26897972  10.05285185  -8.86997491]
2019-02-27 23:01:59,128 [MainThread  ][INFO ]  Fidelity: 0.9599155734107889
2019-02-27 23:01:59,128 [MainThread  ][INFO ]  ---- Starting iteration 42/100
2019-02-27 23:01:59,128 [MainThread  ][DEBUG]  Regenerated CRAB frequencies: nuk=[ 0.26177755 -0.06794801]
2019-02-27 23:01:59,129 [MainThread  ][DEBUG]  Setting hyperparameter tf=1.715151515151515
2019-02-27 23:01:59,129 [MainThread  ][INFO ]  Starting optimization for tf=1.715151515151515
2019-02-27 23:01:59,129 [MainThread  ][DEBUG]  Optimization method: Powell
2019-02-27 23:01:59,129 [MainThread  ][DEBUG]  Optimization options: None
2019-02-27 23:01:59,129 [MainThread  ][INFO ]  Initial parameter values: [-0.00159796  0.64354337  0.52029432 -0.07566194]
2019-02-27 23:07:08,216 [MainThread  ][INFO ]  Final fidelity: 0.9761202821918749
2019-02-27 23:07:08,217 [MainThread  ][INFO ]  Final parameters: [ 24.01023709   2.24780745  52.1637929   40.57303329]
2019-02-27 23:07:08,217 [MainThread  ][INFO ]  Fidelity: 0.9761202821918749
2019-02-27 23:07:08,217 [MainThread  ][INFO ]  ---- Starting iteration 43/100
2019-02-27 23:07:08,218 [MainThread  ][DEBUG]  Regenerated CRAB frequencies: nuk=[ 0.40804971 -0.38941166]
2019-02-27 23:07:08,218 [MainThread  ][DEBUG]  Setting hyperparameter tf=1.7545454545454544
2019-02-27 23:07:08,218 [MainThread  ][INFO ]  Starting optimization for tf=1.7545454545454544
2019-02-27 23:07:08,218 [MainThread  ][DEBUG]  Optimization method: Powell
2019-02-27 23:07:08,218 [MainThread  ][DEBUG]  Optimization options: None
2019-02-27 23:07:08,219 [MainThread  ][INFO ]  Initial parameter values: [-0.18733777 -0.91068481 -0.13821963  0.87004356]
2019-02-27 23:15:22,651 [MainThread  ][INFO ]  Final fidelity: 0.9949351557070856
2019-02-27 23:15:22,652 [MainThread  ][INFO ]  Final parameters: [-124.15163694   30.31765693  -62.52470578  152.64784207]
2019-02-27 23:15:22,652 [MainThread  ][INFO ]  Fidelity: 0.9949351557070856
2019-02-27 23:15:22,652 [MainThread  ][INFO ]  ---- Starting iteration 44/100
2019-02-27 23:15:22,652 [MainThread  ][DEBUG]  Regenerated CRAB frequencies: nuk=[-0.25684177  0.10721987]
2019-02-27 23:15:22,652 [MainThread  ][DEBUG]  Setting hyperparameter tf=1.793939393939394
2019-02-27 23:15:22,653 [MainThread  ][INFO ]  Starting optimization for tf=1.793939393939394
2019-02-27 23:15:22,653 [MainThread  ][DEBUG]  Optimization method: Powell
2019-02-27 23:15:22,653 [MainThread  ][DEBUG]  Optimization options: None
2019-02-27 23:15:22,653 [MainThread  ][INFO ]  Initial parameter values: [-0.444606   -0.74434455 -0.6958476  -0.36032616]
2019-02-27 23:20:03,254 [MainThread  ][INFO ]  Final fidelity: 0.9943296658591205
2019-02-27 23:20:03,255 [MainThread  ][INFO ]  Final parameters: [-44.31781306  15.99986576 -14.42647902  -3.76291141]
2019-02-27 23:20:03,255 [MainThread  ][INFO ]  Fidelity: 0.9943296658591205
2019-02-27 23:20:03,255 [MainThread  ][INFO ]  ---- Starting iteration 45/100
2019-02-27 23:20:03,256 [MainThread  ][DEBUG]  Regenerated CRAB frequencies: nuk=[ 0.21933348 -0.19642953]
2019-02-27 23:20:03,256 [MainThread  ][DEBUG]  Setting hyperparameter tf=1.8333333333333333
2019-02-27 23:20:03,256 [MainThread  ][INFO ]  Starting optimization for tf=1.8333333333333333
2019-02-27 23:20:03,256 [MainThread  ][DEBUG]  Optimization method: Powell
2019-02-27 23:20:03,256 [MainThread  ][DEBUG]  Optimization options: None
2019-02-27 23:20:03,257 [MainThread  ][INFO ]  Initial parameter values: [ 0.83339643 -0.79194618 -0.4741418  -0.73177813]
2019-02-27 23:26:17,684 [MainThread  ][INFO ]  Final fidelity: 0.9944559738218978
2019-02-27 23:26:17,685 [MainThread  ][INFO ]  Final parameters: [ 19.96630808 -43.50502504  69.28773052  24.51123991]
2019-02-27 23:26:17,685 [MainThread  ][INFO ]  Fidelity: 0.9944559738218978
2019-02-27 23:26:17,685 [MainThread  ][INFO ]  ---- Starting iteration 46/100
2019-02-27 23:26:17,686 [MainThread  ][DEBUG]  Regenerated CRAB frequencies: nuk=[-0.37979473  0.20995114]
2019-02-27 23:26:17,686 [MainThread  ][DEBUG]  Setting hyperparameter tf=1.8727272727272726
2019-02-27 23:26:17,686 [MainThread  ][INFO ]  Starting optimization for tf=1.8727272727272726
2019-02-27 23:26:17,686 [MainThread  ][DEBUG]  Optimization method: Powell
2019-02-27 23:26:17,686 [MainThread  ][DEBUG]  Optimization options: None
2019-02-27 23:26:17,686 [MainThread  ][INFO ]  Initial parameter values: [-0.37503692  0.30912223 -0.32047391  0.07024639]
2019-02-27 23:34:20,561 [MainThread  ][INFO ]  Final fidelity: 0.9963595815856583
2019-02-27 23:34:20,572 [MainThread  ][INFO ]  Final parameters: [-33.58763266  11.6490071  -37.92869174 -10.39031333]
2019-02-27 23:34:20,572 [MainThread  ][INFO ]  Fidelity: 0.9963595815856583
2019-02-27 23:34:20,572 [MainThread  ][INFO ]  ---- Starting iteration 47/100
2019-02-27 23:34:20,572 [MainThread  ][DEBUG]  Regenerated CRAB frequencies: nuk=[-0.29820518 -0.35199727]
2019-02-27 23:34:20,572 [MainThread  ][DEBUG]  Setting hyperparameter tf=1.912121212121212
2019-02-27 23:34:20,572 [MainThread  ][INFO ]  Starting optimization for tf=1.912121212121212
2019-02-27 23:34:20,572 [MainThread  ][DEBUG]  Optimization method: Powell
2019-02-27 23:34:20,572 [MainThread  ][DEBUG]  Optimization options: None
2019-02-27 23:34:20,573 [MainThread  ][INFO ]  Initial parameter values: [-0.50247256 -0.69406454 -0.12399698 -0.14385204]
2019-02-27 23:41:31,705 [MainThread  ][INFO ]  Final fidelity: 0.9995611506098678
2019-02-27 23:41:31,723 [MainThread  ][INFO ]  Final parameters: [-46.56138546 -23.05564992 -10.069066    -2.54875747]
2019-02-27 23:41:31,723 [MainThread  ][INFO ]  Fidelity: 0.9995611506098678
2019-02-27 23:41:31,724 [MainThread  ][INFO ]  ---- Starting iteration 48/100
2019-02-27 23:41:31,724 [MainThread  ][DEBUG]  Regenerated CRAB frequencies: nuk=[-0.49734113 -0.39283333]
2019-02-27 23:41:31,724 [MainThread  ][DEBUG]  Setting hyperparameter tf=1.9515151515151514
2019-02-27 23:41:31,724 [MainThread  ][INFO ]  Starting optimization for tf=1.9515151515151514
2019-02-27 23:41:31,724 [MainThread  ][DEBUG]  Optimization method: Powell
2019-02-27 23:41:31,724 [MainThread  ][DEBUG]  Optimization options: None
2019-02-27 23:41:31,725 [MainThread  ][INFO ]  Initial parameter values: [ 0.23391115 -0.10379684  0.55236183 -0.70817268]
2019-02-27 23:46:42,919 [MainThread  ][INFO ]  Final fidelity: 0.99952162758383
2019-02-27 23:46:42,931 [MainThread  ][INFO ]  Final parameters: [-22.42760584 -14.02118809 -40.83758478   0.58189342]
2019-02-27 23:46:42,931 [MainThread  ][INFO ]  Fidelity: 0.99952162758383
2019-02-27 23:46:42,931 [MainThread  ][INFO ]  ---- Starting iteration 49/100
2019-02-27 23:46:42,931 [MainThread  ][DEBUG]  Regenerated CRAB frequencies: nuk=[-0.47646935  0.14033671]
2019-02-27 23:46:42,931 [MainThread  ][DEBUG]  Setting hyperparameter tf=1.9909090909090907
2019-02-27 23:46:42,931 [MainThread  ][INFO ]  Starting optimization for tf=1.9909090909090907
2019-02-27 23:46:42,931 [MainThread  ][DEBUG]  Optimization method: Powell
2019-02-27 23:46:42,932 [MainThread  ][DEBUG]  Optimization options: None
2019-02-27 23:46:42,932 [MainThread  ][INFO ]  Initial parameter values: [ 0.68019037 -0.76012851  0.39952747  0.20841329]
2019-02-27 23:50:46,279 [MainThread  ][INFO ]  Final fidelity: 0.9995290835660455
2019-02-27 23:50:46,280 [MainThread  ][INFO ]  Final parameters: [-19.4610324    3.46905025 -41.66718027  -8.10528161]
2019-02-27 23:50:46,280 [MainThread  ][INFO ]  Fidelity: 0.9995290835660455
2019-02-27 23:50:46,280 [MainThread  ][INFO ]  ---- Starting iteration 50/100
2019-02-27 23:50:46,280 [MainThread  ][DEBUG]  Regenerated CRAB frequencies: nuk=[ 0.46495115  0.0705531 ]
2019-02-27 23:50:46,281 [MainThread  ][DEBUG]  Setting hyperparameter tf=2.0303030303030303
2019-02-27 23:50:46,281 [MainThread  ][INFO ]  Starting optimization for tf=2.0303030303030303
2019-02-27 23:50:46,281 [MainThread  ][DEBUG]  Optimization method: Powell
2019-02-27 23:50:46,281 [MainThread  ][DEBUG]  Optimization options: None
2019-02-27 23:50:46,281 [MainThread  ][INFO ]  Initial parameter values: [ 0.04845084 -0.9114147   0.63883507  0.4100285 ]
2019-02-27 23:54:12,846 [MainThread  ][INFO ]  Final fidelity: 0.994407937398821
2019-02-27 23:54:12,862 [MainThread  ][INFO ]  Final parameters: [ 31.70483261  19.56141513  11.76848453   5.00689647]
2019-02-27 23:54:12,862 [MainThread  ][INFO ]  Fidelity: 0.994407937398821
2019-02-27 23:54:12,862 [MainThread  ][INFO ]  ---- Starting iteration 51/100
2019-02-27 23:54:12,863 [MainThread  ][DEBUG]  Regenerated CRAB frequencies: nuk=[ 0.49023242  0.36345076]
2019-02-27 23:54:12,863 [MainThread  ][DEBUG]  Setting hyperparameter tf=2.0696969696969694
2019-02-27 23:54:12,863 [MainThread  ][INFO ]  Starting optimization for tf=2.0696969696969694
2019-02-27 23:54:12,863 [MainThread  ][DEBUG]  Optimization method: Powell
2019-02-27 23:54:12,863 [MainThread  ][DEBUG]  Optimization options: None
2019-02-27 23:54:12,863 [MainThread  ][INFO ]  Initial parameter values: [ 0.98558852  0.01442815  0.26966191  0.79488098]
2019-02-27 23:57:38,248 [MainThread  ][INFO ]  Final fidelity: 0.9843411865613858
2019-02-27 23:57:38,256 [MainThread  ][INFO ]  Final parameters: [ 23.50887508  -9.17232687   2.2434185  -11.59928441]
2019-02-27 23:57:38,256 [MainThread  ][INFO ]  Fidelity: 0.9843411865613858
2019-02-27 23:57:38,256 [MainThread  ][INFO ]  ---- Starting iteration 52/100
2019-02-27 23:57:38,257 [MainThread  ][DEBUG]  Regenerated CRAB frequencies: nuk=[ 0.03304305  0.0914784 ]
2019-02-27 23:57:38,257 [MainThread  ][DEBUG]  Setting hyperparameter tf=2.109090909090909
2019-02-27 23:57:38,257 [MainThread  ][INFO ]  Starting optimization for tf=2.109090909090909
2019-02-27 23:57:38,257 [MainThread  ][DEBUG]  Optimization method: Powell
2019-02-27 23:57:38,257 [MainThread  ][DEBUG]  Optimization options: None
2019-02-27 23:57:38,258 [MainThread  ][INFO ]  Initial parameter values: [-0.35374824  0.83422176 -0.54977659  0.89196852]
2019-02-28 00:01:55,155 [MainThread  ][INFO ]  Final fidelity: 0.9996008072003116
2019-02-28 00:01:55,156 [MainThread  ][INFO ]  Final parameters: [-13.40314795   8.37429472  22.43711574  -3.92950532]
2019-02-28 00:01:55,156 [MainThread  ][INFO ]  Fidelity: 0.9996008072003116
2019-02-28 00:01:55,156 [MainThread  ][INFO ]  ---- Starting iteration 53/100
2019-02-28 00:01:55,156 [MainThread  ][DEBUG]  Regenerated CRAB frequencies: nuk=[ 0.30224547  0.20030468]
2019-02-28 00:01:55,156 [MainThread  ][DEBUG]  Setting hyperparameter tf=2.1484848484848484
2019-02-28 00:01:55,156 [MainThread  ][INFO ]  Starting optimization for tf=2.1484848484848484
2019-02-28 00:01:55,156 [MainThread  ][DEBUG]  Optimization method: Powell
2019-02-28 00:01:55,156 [MainThread  ][DEBUG]  Optimization options: None
2019-02-28 00:01:55,157 [MainThread  ][INFO ]  Initial parameter values: [ 0.12003829 -0.54513459 -0.30905157 -0.18309576]
2019-02-28 00:09:14,102 [MainThread  ][INFO ]  Final fidelity: 0.9982777366735256
2019-02-28 00:09:14,110 [MainThread  ][INFO ]  Final parameters: [ 10.74876507   3.74751793  21.60035833  -8.88615069]
2019-02-28 00:09:14,110 [MainThread  ][INFO ]  Fidelity: 0.9982777366735256
2019-02-28 00:09:14,110 [MainThread  ][INFO ]  ---- Starting iteration 54/100
2019-02-28 00:09:14,110 [MainThread  ][DEBUG]  Regenerated CRAB frequencies: nuk=[ 0.01665089  0.49712667]
2019-02-28 00:09:14,110 [MainThread  ][DEBUG]  Setting hyperparameter tf=2.187878787878788
2019-02-28 00:09:14,111 [MainThread  ][INFO ]  Starting optimization for tf=2.187878787878788
2019-02-28 00:09:14,111 [MainThread  ][DEBUG]  Optimization method: Powell
2019-02-28 00:09:14,111 [MainThread  ][DEBUG]  Optimization options: None
2019-02-28 00:09:14,111 [MainThread  ][INFO ]  Initial parameter values: [ 0.45133743  0.61684654  0.65641438  0.87939378]
2019-02-28 00:17:38,053 [MainThread  ][INFO ]  Final fidelity: 0.9990909056324905
2019-02-28 00:17:38,054 [MainThread  ][INFO ]  Final parameters: [-11.67453184  -6.19973211  18.41113262   4.75352472]
2019-02-28 00:17:38,054 [MainThread  ][INFO ]  Fidelity: 0.9990909056324905
2019-02-28 00:17:38,054 [MainThread  ][INFO ]  ---- Starting iteration 55/100
2019-02-28 00:17:38,054 [MainThread  ][DEBUG]  Regenerated CRAB frequencies: nuk=[ 0.32023148 -0.14669044]
2019-02-28 00:17:38,054 [MainThread  ][DEBUG]  Setting hyperparameter tf=2.227272727272727
2019-02-28 00:17:38,054 [MainThread  ][INFO ]  Starting optimization for tf=2.227272727272727
2019-02-28 00:17:38,054 [MainThread  ][DEBUG]  Optimization method: Powell
2019-02-28 00:17:38,055 [MainThread  ][DEBUG]  Optimization options: None
2019-02-28 00:17:38,055 [MainThread  ][INFO ]  Initial parameter values: [-0.47284519  0.22220031  0.66221697 -0.36573612]
2019-02-28 00:22:12,822 [MainThread  ][INFO ]  Final fidelity: 0.999566360728525
2019-02-28 00:22:12,823 [MainThread  ][INFO ]  Final parameters: [ 16.99975098  -6.34367294  27.16133262  16.50684887]
2019-02-28 00:22:12,823 [MainThread  ][INFO ]  Fidelity: 0.999566360728525
2019-02-28 00:22:12,823 [MainThread  ][INFO ]  ---- Starting iteration 56/100
2019-02-28 00:22:12,824 [MainThread  ][DEBUG]  Regenerated CRAB frequencies: nuk=[ 0.0540459   0.15084576]
2019-02-28 00:22:12,824 [MainThread  ][DEBUG]  Setting hyperparameter tf=2.2666666666666666
2019-02-28 00:22:12,824 [MainThread  ][INFO ]  Starting optimization for tf=2.2666666666666666
2019-02-28 00:22:12,824 [MainThread  ][DEBUG]  Optimization method: Powell
2019-02-28 00:22:12,824 [MainThread  ][DEBUG]  Optimization options: None
2019-02-28 00:22:12,824 [MainThread  ][INFO ]  Initial parameter values: [-0.56942153  0.92613981 -0.827495    0.16664656]
2019-02-28 00:28:24,175 [MainThread  ][INFO ]  Final fidelity: 0.999497421616108
2019-02-28 00:28:24,191 [MainThread  ][INFO ]  Final parameters: [ -4.76299209   5.01610801  19.17604109  -5.24390331]
2019-02-28 00:28:24,192 [MainThread  ][INFO ]  Fidelity: 0.999497421616108
2019-02-28 00:28:24,192 [MainThread  ][INFO ]  ---- Starting iteration 57/100
2019-02-28 00:28:24,192 [MainThread  ][DEBUG]  Regenerated CRAB frequencies: nuk=[ 0.09602208 -0.27791376]
2019-02-28 00:28:24,192 [MainThread  ][DEBUG]  Setting hyperparameter tf=2.306060606060606
2019-02-28 00:28:24,192 [MainThread  ][INFO ]  Starting optimization for tf=2.306060606060606
2019-02-28 00:28:24,192 [MainThread  ][DEBUG]  Optimization method: Powell
2019-02-28 00:28:24,192 [MainThread  ][DEBUG]  Optimization options: None
2019-02-28 00:28:24,193 [MainThread  ][INFO ]  Initial parameter values: [ 0.55068994 -0.64854324  0.73659439  0.32657341]
2019-02-28 00:33:16,753 [MainThread  ][INFO ]  Final fidelity: 0.999490224340531
2019-02-28 00:33:16,769 [MainThread  ][INFO ]  Final parameters: [-12.45546597  -5.2461818   26.29537198  -5.88838609]
2019-02-28 00:33:16,769 [MainThread  ][INFO ]  Fidelity: 0.999490224340531
2019-02-28 00:33:16,769 [MainThread  ][INFO ]  ---- Starting iteration 58/100
2019-02-28 00:33:16,770 [MainThread  ][DEBUG]  Regenerated CRAB frequencies: nuk=[-0.09730666 -0.31404034]
2019-02-28 00:33:16,770 [MainThread  ][DEBUG]  Setting hyperparameter tf=2.3454545454545452
2019-02-28 00:33:16,770 [MainThread  ][INFO ]  Starting optimization for tf=2.3454545454545452
2019-02-28 00:33:16,770 [MainThread  ][DEBUG]  Optimization method: Powell
2019-02-28 00:33:16,770 [MainThread  ][DEBUG]  Optimization options: None
2019-02-28 00:33:16,770 [MainThread  ][INFO ]  Initial parameter values: [ 0.72249195 -0.93895615 -0.8901548  -0.18243817]
2019-02-28 00:38:03,981 [MainThread  ][INFO ]  Final fidelity: 0.9995367669515259
2019-02-28 00:38:03,982 [MainThread  ][INFO ]  Final parameters: [-9.67291843  2.55117183  8.59654285  6.72316497]
2019-02-28 00:38:03,982 [MainThread  ][INFO ]  Fidelity: 0.9995367669515259
2019-02-28 00:38:03,982 [MainThread  ][INFO ]  ---- Starting iteration 59/100
2019-02-28 00:38:03,982 [MainThread  ][DEBUG]  Regenerated CRAB frequencies: nuk=[-0.2117919  -0.38144688]
2019-02-28 00:38:03,982 [MainThread  ][DEBUG]  Setting hyperparameter tf=2.3848484848484848
2019-02-28 00:38:03,982 [MainThread  ][INFO ]  Starting optimization for tf=2.3848484848484848
2019-02-28 00:38:03,982 [MainThread  ][DEBUG]  Optimization method: Powell
2019-02-28 00:38:03,983 [MainThread  ][DEBUG]  Optimization options: None
2019-02-28 00:38:03,983 [MainThread  ][INFO ]  Initial parameter values: [-0.68173151  0.44977554 -0.54222264 -0.55729884]
2019-02-28 00:42:46,973 [MainThread  ][INFO ]  Final fidelity: 0.9994530053848607
2019-02-28 00:42:46,974 [MainThread  ][INFO ]  Final parameters: [-22.46906081   3.75485391  -6.66311993   1.50843499]
2019-02-28 00:42:46,974 [MainThread  ][INFO ]  Fidelity: 0.9994530053848607
2019-02-28 00:42:46,974 [MainThread  ][INFO ]  ---- Starting iteration 60/100
2019-02-28 00:42:46,975 [MainThread  ][DEBUG]  Regenerated CRAB frequencies: nuk=[-0.27937427 -0.05821466]
2019-02-28 00:42:46,975 [MainThread  ][DEBUG]  Setting hyperparameter tf=2.4242424242424243
2019-02-28 00:42:46,975 [MainThread  ][INFO ]  Starting optimization for tf=2.4242424242424243
2019-02-28 00:42:46,975 [MainThread  ][DEBUG]  Optimization method: Powell
2019-02-28 00:42:46,975 [MainThread  ][DEBUG]  Optimization options: None
2019-02-28 00:42:46,975 [MainThread  ][INFO ]  Initial parameter values: [-0.88429019  0.49195735  0.1677515   0.23489825]
2019-02-28 00:45:11,974 [MainThread  ][INFO ]  Final fidelity: 0.999463570372534
2019-02-28 00:45:11,979 [MainThread  ][INFO ]  Final parameters: [-15.65378215   2.47170602   0.14974885   0.22292725]
2019-02-28 00:45:11,979 [MainThread  ][INFO ]  Fidelity: 0.999463570372534
2019-02-28 00:45:11,979 [MainThread  ][INFO ]  ---- Starting iteration 61/100
2019-02-28 00:45:11,980 [MainThread  ][DEBUG]  Regenerated CRAB frequencies: nuk=[ 0.12359048  0.13154549]
2019-02-28 00:45:11,980 [MainThread  ][DEBUG]  Setting hyperparameter tf=2.4636363636363634
2019-02-28 00:45:11,980 [MainThread  ][INFO ]  Starting optimization for tf=2.4636363636363634
2019-02-28 00:45:11,980 [MainThread  ][DEBUG]  Optimization method: Powell
2019-02-28 00:45:11,980 [MainThread  ][DEBUG]  Optimization options: None
2019-02-28 00:45:11,980 [MainThread  ][INFO ]  Initial parameter values: [-0.61243584 -0.11839978  0.91593191 -0.02074299]
2019-02-28 00:49:18,855 [MainThread  ][INFO ]  Final fidelity: 0.9995632499930839
2019-02-28 00:49:18,857 [MainThread  ][INFO ]  Final parameters: [ -3.50058303  -1.7702913   14.87487128  -3.84896312]
2019-02-28 00:49:18,857 [MainThread  ][INFO ]  Fidelity: 0.9995632499930839
2019-02-28 00:49:18,857 [MainThread  ][INFO ]  ---- Starting iteration 62/100
2019-02-28 00:49:18,857 [MainThread  ][DEBUG]  Regenerated CRAB frequencies: nuk=[ 0.42665336 -0.44866265]
2019-02-28 00:49:18,857 [MainThread  ][DEBUG]  Setting hyperparameter tf=2.503030303030303
2019-02-28 00:49:18,857 [MainThread  ][INFO ]  Starting optimization for tf=2.503030303030303
2019-02-28 00:49:18,858 [MainThread  ][DEBUG]  Optimization method: Powell
2019-02-28 00:49:18,858 [MainThread  ][DEBUG]  Optimization options: None
2019-02-28 00:49:18,858 [MainThread  ][INFO ]  Initial parameter values: [ 0.9220173   0.12634215  0.94520621  0.84672244]
2019-02-28 00:56:53,494 [MainThread  ][INFO ]  Final fidelity: 0.9995555327485302
2019-02-28 00:56:53,498 [MainThread  ][INFO ]  Final parameters: [ -0.70114198   6.33714055  15.4079927    9.20225629]
2019-02-28 00:56:53,498 [MainThread  ][INFO ]  Fidelity: 0.9995555327485302
2019-02-28 00:56:53,498 [MainThread  ][INFO ]  ---- Starting iteration 63/100
2019-02-28 00:56:53,499 [MainThread  ][DEBUG]  Regenerated CRAB frequencies: nuk=[ 0.00984371  0.0034643 ]
2019-02-28 00:56:53,499 [MainThread  ][DEBUG]  Setting hyperparameter tf=2.5424242424242425
2019-02-28 00:56:53,499 [MainThread  ][INFO ]  Starting optimization for tf=2.5424242424242425
2019-02-28 00:56:53,499 [MainThread  ][DEBUG]  Optimization method: Powell
2019-02-28 00:56:53,499 [MainThread  ][DEBUG]  Optimization options: None
2019-02-28 00:56:53,499 [MainThread  ][INFO ]  Initial parameter values: [ 0.19815159  0.14212404 -0.28263835  0.94572905]
2019-02-28 01:02:24,369 [MainThread  ][INFO ]  Final fidelity: 0.9994694154818787
2019-02-28 01:02:24,373 [MainThread  ][INFO ]  Final parameters: [-19.49631178  -7.2321852   15.05146751  15.89263903]
2019-02-28 01:02:24,373 [MainThread  ][INFO ]  Fidelity: 0.9994694154818787
2019-02-28 01:02:24,374 [MainThread  ][INFO ]  ---- Starting iteration 64/100
2019-02-28 01:02:24,374 [MainThread  ][DEBUG]  Regenerated CRAB frequencies: nuk=[-0.02926448  0.45672322]
2019-02-28 01:02:24,374 [MainThread  ][DEBUG]  Setting hyperparameter tf=2.5818181818181816
2019-02-28 01:02:24,374 [MainThread  ][INFO ]  Starting optimization for tf=2.5818181818181816
2019-02-28 01:02:24,374 [MainThread  ][DEBUG]  Optimization method: Powell
2019-02-28 01:02:24,374 [MainThread  ][DEBUG]  Optimization options: None
2019-02-28 01:02:24,375 [MainThread  ][INFO ]  Initial parameter values: [ 0.5154251  -0.91027431  0.37416708  0.84530023]
2019-02-28 01:06:20,254 [MainThread  ][INFO ]  Final fidelity: 0.9995902785623553
2019-02-28 01:06:20,259 [MainThread  ][INFO ]  Final parameters: [ -6.83042932 -10.78435317   8.004751    -0.78987698]
2019-02-28 01:06:20,259 [MainThread  ][INFO ]  Fidelity: 0.9995902785623553
2019-02-28 01:06:20,259 [MainThread  ][INFO ]  ---- Starting iteration 65/100
2019-02-28 01:06:20,260 [MainThread  ][DEBUG]  Regenerated CRAB frequencies: nuk=[-0.0565187  -0.46601537]
2019-02-28 01:06:20,260 [MainThread  ][DEBUG]  Setting hyperparameter tf=2.621212121212121
2019-02-28 01:06:20,260 [MainThread  ][INFO ]  Starting optimization for tf=2.621212121212121
2019-02-28 01:06:20,260 [MainThread  ][DEBUG]  Optimization method: Powell
2019-02-28 01:06:20,260 [MainThread  ][DEBUG]  Optimization options: None
2019-02-28 01:06:20,261 [MainThread  ][INFO ]  Initial parameter values: [ 0.00663529  0.07005993  0.82637472 -0.02986211]
2019-02-28 01:10:19,868 [MainThread  ][INFO ]  Final fidelity: 0.9995025736885772
2019-02-28 01:10:19,869 [MainThread  ][INFO ]  Final parameters: [-5.47302128  1.74038283  5.22715357  4.53414149]
2019-02-28 01:10:19,869 [MainThread  ][INFO ]  Fidelity: 0.9995025736885772
2019-02-28 01:10:19,869 [MainThread  ][INFO ]  ---- Starting iteration 66/100
2019-02-28 01:10:19,869 [MainThread  ][DEBUG]  Regenerated CRAB frequencies: nuk=[ 0.20197081  0.06605018]
2019-02-28 01:10:19,870 [MainThread  ][DEBUG]  Setting hyperparameter tf=2.6606060606060606
2019-02-28 01:10:19,870 [MainThread  ][INFO ]  Starting optimization for tf=2.6606060606060606
2019-02-28 01:10:19,870 [MainThread  ][DEBUG]  Optimization method: Powell
2019-02-28 01:10:19,870 [MainThread  ][DEBUG]  Optimization options: None
2019-02-28 01:10:19,870 [MainThread  ][INFO ]  Initial parameter values: [-0.46552901 -0.11582983  0.09192086  0.73886001]
2019-02-28 01:15:54,074 [MainThread  ][INFO ]  Final fidelity: 0.999491330849909
2019-02-28 01:15:54,094 [MainThread  ][INFO ]  Final parameters: [ -4.21741562  -2.56373789  17.33300119   3.58463354]
2019-02-28 01:15:54,094 [MainThread  ][INFO ]  Fidelity: 0.999491330849909
2019-02-28 01:15:54,094 [MainThread  ][INFO ]  ---- Starting iteration 67/100
2019-02-28 01:15:54,095 [MainThread  ][DEBUG]  Regenerated CRAB frequencies: nuk=[-0.11858915 -0.02860072]
2019-02-28 01:15:54,095 [MainThread  ][DEBUG]  Setting hyperparameter tf=2.6999999999999997
2019-02-28 01:15:54,095 [MainThread  ][INFO ]  Starting optimization for tf=2.6999999999999997
2019-02-28 01:15:54,095 [MainThread  ][DEBUG]  Optimization method: Powell
2019-02-28 01:15:54,095 [MainThread  ][DEBUG]  Optimization options: None
2019-02-28 01:15:54,096 [MainThread  ][INFO ]  Initial parameter values: [-0.1918344  -0.82195232  0.21687676  0.32199144]
2019-02-28 01:20:54,858 [MainThread  ][INFO ]  Final fidelity: 0.9995844403039804
2019-02-28 01:20:54,862 [MainThread  ][INFO ]  Final parameters: [-12.50788242  -6.13431653   4.31516239  -1.4914524 ]
2019-02-28 01:20:54,862 [MainThread  ][INFO ]  Fidelity: 0.9995844403039804
2019-02-28 01:20:54,862 [MainThread  ][INFO ]  ---- Starting iteration 68/100
2019-02-28 01:20:54,862 [MainThread  ][DEBUG]  Regenerated CRAB frequencies: nuk=[ 0.44728266 -0.32455418]
2019-02-28 01:20:54,862 [MainThread  ][DEBUG]  Setting hyperparameter tf=2.7393939393939393
2019-02-28 01:20:54,863 [MainThread  ][INFO ]  Starting optimization for tf=2.7393939393939393
2019-02-28 01:20:54,863 [MainThread  ][DEBUG]  Optimization method: Powell
2019-02-28 01:20:54,863 [MainThread  ][DEBUG]  Optimization options: None
2019-02-28 01:20:54,879 [MainThread  ][INFO ]  Initial parameter values: [ 0.29932267 -0.83970224  0.94603064 -0.1506574 ]
2019-02-28 01:23:53,833 [MainThread  ][INFO ]  Final fidelity: 0.9995561916518592
2019-02-28 01:23:53,834 [MainThread  ][INFO ]  Final parameters: [ 12.33980891  -0.89762012   1.11971061   0.82274707]
2019-02-28 01:23:53,834 [MainThread  ][INFO ]  Fidelity: 0.9995561916518592
2019-02-28 01:23:53,834 [MainThread  ][INFO ]  ---- Starting iteration 69/100
2019-02-28 01:23:53,834 [MainThread  ][DEBUG]  Regenerated CRAB frequencies: nuk=[-0.37845226 -0.17409057]
2019-02-28 01:23:53,834 [MainThread  ][DEBUG]  Setting hyperparameter tf=2.778787878787879
2019-02-28 01:23:53,834 [MainThread  ][INFO ]  Starting optimization for tf=2.778787878787879
2019-02-28 01:23:53,835 [MainThread  ][DEBUG]  Optimization method: Powell
2019-02-28 01:23:53,835 [MainThread  ][DEBUG]  Optimization options: None
2019-02-28 01:23:53,835 [MainThread  ][INFO ]  Initial parameter values: [ 0.61985749 -0.07029224  0.49134145 -0.01016081]
2019-02-28 01:27:56,807 [MainThread  ][INFO ]  Final fidelity: 0.9995649638071508
2019-02-28 01:27:56,808 [MainThread  ][INFO ]  Final parameters: [-4.25236244  8.31173045 -0.53831564 -1.41842672]
2019-02-28 01:27:56,808 [MainThread  ][INFO ]  Fidelity: 0.9995649638071508
2019-02-28 01:27:56,808 [MainThread  ][INFO ]  ---- Starting iteration 70/100
2019-02-28 01:27:56,808 [MainThread  ][DEBUG]  Regenerated CRAB frequencies: nuk=[ 0.02455219  0.42612162]
2019-02-28 01:27:56,808 [MainThread  ][DEBUG]  Setting hyperparameter tf=2.818181818181818
2019-02-28 01:27:56,808 [MainThread  ][INFO ]  Starting optimization for tf=2.818181818181818
2019-02-28 01:27:56,808 [MainThread  ][DEBUG]  Optimization method: Powell
2019-02-28 01:27:56,809 [MainThread  ][DEBUG]  Optimization options: None
2019-02-28 01:27:56,809 [MainThread  ][INFO ]  Initial parameter values: [-0.70328611  0.93976619 -0.66557826 -0.15653347]
2019-02-28 01:32:21,114 [MainThread  ][INFO ]  Final fidelity: 0.9995904093225697
2019-02-28 01:32:21,118 [MainThread  ][INFO ]  Final parameters: [-6.25639689  5.28877268  8.99089432 -1.32751047]
2019-02-28 01:32:21,118 [MainThread  ][INFO ]  Fidelity: 0.9995904093225697
2019-02-28 01:32:21,118 [MainThread  ][INFO ]  ---- Starting iteration 71/100
2019-02-28 01:32:21,119 [MainThread  ][DEBUG]  Regenerated CRAB frequencies: nuk=[ 0.14770366  0.34291017]
2019-02-28 01:32:21,119 [MainThread  ][DEBUG]  Setting hyperparameter tf=2.8575757575757574
2019-02-28 01:32:21,119 [MainThread  ][INFO ]  Starting optimization for tf=2.8575757575757574
2019-02-28 01:32:21,119 [MainThread  ][DEBUG]  Optimization method: Powell
2019-02-28 01:32:21,119 [MainThread  ][DEBUG]  Optimization options: None
2019-02-28 01:32:21,119 [MainThread  ][INFO ]  Initial parameter values: [-0.49177078  0.45441702 -0.34719932  0.9709991 ]
2019-02-28 01:37:16,082 [MainThread  ][INFO ]  Final fidelity: 0.9996136524629018
2019-02-28 01:37:16,094 [MainThread  ][INFO ]  Final parameters: [ 0.39175714  5.7844865   9.76030478 -4.8856166 ]
2019-02-28 01:37:16,094 [MainThread  ][INFO ]  Fidelity: 0.9996136524629018
2019-02-28 01:37:16,094 [MainThread  ][INFO ]  ---- Starting iteration 72/100
2019-02-28 01:37:16,094 [MainThread  ][DEBUG]  Regenerated CRAB frequencies: nuk=[ 0.09450261 -0.35726083]
2019-02-28 01:37:16,095 [MainThread  ][DEBUG]  Setting hyperparameter tf=2.896969696969697
2019-02-28 01:37:16,095 [MainThread  ][INFO ]  Starting optimization for tf=2.896969696969697
2019-02-28 01:37:16,095 [MainThread  ][DEBUG]  Optimization method: Powell
2019-02-28 01:37:16,095 [MainThread  ][DEBUG]  Optimization options: None
2019-02-28 01:37:16,095 [MainThread  ][INFO ]  Initial parameter values: [-0.79288124 -0.18378252 -0.36957604  0.53087384]
2019-02-28 01:40:16,915 [MainThread  ][INFO ]  Final fidelity: 0.9995055773553381
2019-02-28 01:40:16,921 [MainThread  ][INFO ]  Final parameters: [ 0.50222385  4.20034017  3.64981578  2.20365365]
2019-02-28 01:40:16,921 [MainThread  ][INFO ]  Fidelity: 0.9995055773553381
2019-02-28 01:40:16,922 [MainThread  ][INFO ]  ---- Starting iteration 73/100
2019-02-28 01:40:16,922 [MainThread  ][DEBUG]  Regenerated CRAB frequencies: nuk=[-0.32998475  0.43388152]
2019-02-28 01:40:16,922 [MainThread  ][DEBUG]  Setting hyperparameter tf=2.936363636363636
2019-02-28 01:40:16,922 [MainThread  ][INFO ]  Starting optimization for tf=2.936363636363636
2019-02-28 01:40:16,922 [MainThread  ][DEBUG]  Optimization method: Powell
2019-02-28 01:40:16,922 [MainThread  ][DEBUG]  Optimization options: None
2019-02-28 01:40:16,923 [MainThread  ][INFO ]  Initial parameter values: [ 0.65603236  0.65668141  0.50725076 -0.79801707]
2019-02-28 01:43:15,884 [MainThread  ][INFO ]  Final fidelity: 0.9995650442827493
2019-02-28 01:43:15,885 [MainThread  ][INFO ]  Final parameters: [-7.75450447 -0.02963243 -0.81974715 -3.51669071]
2019-02-28 01:43:15,885 [MainThread  ][INFO ]  Fidelity: 0.9995650442827493
2019-02-28 01:43:15,885 [MainThread  ][INFO ]  ---- Starting iteration 74/100
2019-02-28 01:43:15,886 [MainThread  ][DEBUG]  Regenerated CRAB frequencies: nuk=[-0.20639621 -0.2641078 ]
2019-02-28 01:43:15,886 [MainThread  ][DEBUG]  Setting hyperparameter tf=2.9757575757575756
2019-02-28 01:43:15,886 [MainThread  ][INFO ]  Starting optimization for tf=2.9757575757575756
2019-02-28 01:43:15,886 [MainThread  ][DEBUG]  Optimization method: Powell
2019-02-28 01:43:15,886 [MainThread  ][DEBUG]  Optimization options: None
2019-02-28 01:43:15,886 [MainThread  ][INFO ]  Initial parameter values: [-0.3151088  -0.08047906 -0.62305648  0.64585913]
2019-02-28 01:46:16,392 [MainThread  ][INFO ]  Final fidelity: 0.9995656299989087
2019-02-28 01:46:16,408 [MainThread  ][INFO ]  Final parameters: [  2.5080091   10.87414911  -0.90636716  -1.7501808 ]
2019-02-28 01:46:16,408 [MainThread  ][INFO ]  Fidelity: 0.9995656299989087
2019-02-28 01:46:16,408 [MainThread  ][INFO ]  ---- Starting iteration 75/100
2019-02-28 01:46:16,408 [MainThread  ][DEBUG]  Regenerated CRAB frequencies: nuk=[-0.46003587 -0.2784725 ]
2019-02-28 01:46:16,408 [MainThread  ][DEBUG]  Setting hyperparameter tf=3.015151515151515
2019-02-28 01:46:16,408 [MainThread  ][INFO ]  Starting optimization for tf=3.015151515151515
2019-02-28 01:46:16,408 [MainThread  ][DEBUG]  Optimization method: Powell
2019-02-28 01:46:16,409 [MainThread  ][DEBUG]  Optimization options: None
2019-02-28 01:46:16,409 [MainThread  ][INFO ]  Initial parameter values: [ 0.84238748 -0.7495418  -0.04087412  0.85262684]
2019-02-28 01:49:11,623 [MainThread  ][INFO ]  Final fidelity: 0.9994971844800646
2019-02-28 01:49:11,624 [MainThread  ][INFO ]  Final parameters: [-2.51350027  5.17082953 -0.6287125   0.87500647]
2019-02-28 01:49:11,624 [MainThread  ][INFO ]  Fidelity: 0.9994971844800646
2019-02-28 01:49:11,624 [MainThread  ][INFO ]  ---- Starting iteration 76/100
2019-02-28 01:49:11,625 [MainThread  ][DEBUG]  Regenerated CRAB frequencies: nuk=[ 0.35885835  0.31321891]
2019-02-28 01:49:11,625 [MainThread  ][DEBUG]  Setting hyperparameter tf=3.0545454545454542
2019-02-28 01:49:11,625 [MainThread  ][INFO ]  Starting optimization for tf=3.0545454545454542
2019-02-28 01:49:11,625 [MainThread  ][DEBUG]  Optimization method: Powell
2019-02-28 01:49:11,625 [MainThread  ][DEBUG]  Optimization options: None
2019-02-28 01:49:11,625 [MainThread  ][INFO ]  Initial parameter values: [-0.3792403   0.46009139  0.22520392 -0.63791506]
2019-02-28 01:51:44,739 [MainThread  ][INFO ]  Final fidelity: 0.9994462928264847
2019-02-28 01:51:44,740 [MainThread  ][INFO ]  Final parameters: [ 6.87641852 -2.53221191  0.67433885  0.07166815]
2019-02-28 01:51:44,740 [MainThread  ][INFO ]  Fidelity: 0.9994462928264847
2019-02-28 01:51:44,740 [MainThread  ][INFO ]  ---- Starting iteration 77/100
2019-02-28 01:51:44,741 [MainThread  ][DEBUG]  Regenerated CRAB frequencies: nuk=[ 0.22081448 -0.30411029]
2019-02-28 01:51:44,741 [MainThread  ][DEBUG]  Setting hyperparameter tf=3.0939393939393938
2019-02-28 01:51:44,741 [MainThread  ][INFO ]  Starting optimization for tf=3.0939393939393938
2019-02-28 01:51:44,741 [MainThread  ][DEBUG]  Optimization method: Powell
2019-02-28 01:51:44,741 [MainThread  ][DEBUG]  Optimization options: None
2019-02-28 01:51:44,741 [MainThread  ][INFO ]  Initial parameter values: [ 0.97747049  0.7047661   0.18291055 -0.13080455]
2019-02-28 01:56:30,548 [MainThread  ][INFO ]  Final fidelity: 0.9995022836698394
2019-02-28 01:56:30,554 [MainThread  ][INFO ]  Final parameters: [ 2.34570942  3.80538012  1.86249309  0.08651762]
2019-02-28 01:56:30,554 [MainThread  ][INFO ]  Fidelity: 0.9995022836698394
2019-02-28 01:56:30,554 [MainThread  ][INFO ]  ---- Starting iteration 78/100
2019-02-28 01:56:30,554 [MainThread  ][DEBUG]  Regenerated CRAB frequencies: nuk=[-0.29067371 -0.45241476]
2019-02-28 01:56:30,555 [MainThread  ][DEBUG]  Setting hyperparameter tf=3.1333333333333333
2019-02-28 01:56:30,555 [MainThread  ][INFO ]  Starting optimization for tf=3.1333333333333333
2019-02-28 01:56:30,555 [MainThread  ][DEBUG]  Optimization method: Powell
2019-02-28 01:56:30,555 [MainThread  ][DEBUG]  Optimization options: None
2019-02-28 01:56:30,557 [MainThread  ][INFO ]  Initial parameter values: [-0.75224469 -0.94124456 -0.14017855  0.49309226]
2019-02-28 01:58:14,398 [MainThread  ][INFO ]  Final fidelity: 0.9994871183452508
2019-02-28 01:58:14,399 [MainThread  ][INFO ]  Final parameters: [-5.0821434   1.55962217 -0.1231218   1.11112626]
2019-02-28 01:58:14,399 [MainThread  ][INFO ]  Fidelity: 0.9994871183452508
2019-02-28 01:58:14,399 [MainThread  ][INFO ]  ---- Starting iteration 79/100
2019-02-28 01:58:14,400 [MainThread  ][DEBUG]  Regenerated CRAB frequencies: nuk=[-0.15073252 -0.29428342]
2019-02-28 01:58:14,400 [MainThread  ][DEBUG]  Setting hyperparameter tf=3.1727272727272724
2019-02-28 01:58:14,400 [MainThread  ][INFO ]  Starting optimization for tf=3.1727272727272724
2019-02-28 01:58:14,400 [MainThread  ][DEBUG]  Optimization method: Powell
2019-02-28 01:58:14,400 [MainThread  ][DEBUG]  Optimization options: None
2019-02-28 01:58:14,401 [MainThread  ][INFO ]  Initial parameter values: [ 0.68390167  0.68962118 -0.35706194  0.06810873]
2019-02-28 02:00:13,202 [MainThread  ][INFO ]  Final fidelity: 0.9995029413141597
2019-02-28 02:00:13,202 [MainThread  ][INFO ]  Final parameters: [ 0.1467084   6.41636755  0.03707791 -0.74810325]
2019-02-28 02:00:13,202 [MainThread  ][INFO ]  Fidelity: 0.9995029413141597
2019-02-28 02:00:13,203 [MainThread  ][INFO ]  ---- Starting iteration 80/100
2019-02-28 02:00:13,203 [MainThread  ][DEBUG]  Regenerated CRAB frequencies: nuk=[ 0.19026861  0.41461505]
2019-02-28 02:00:13,203 [MainThread  ][DEBUG]  Setting hyperparameter tf=3.212121212121212
2019-02-28 02:00:13,203 [MainThread  ][INFO ]  Starting optimization for tf=3.212121212121212
2019-02-28 02:00:13,203 [MainThread  ][DEBUG]  Optimization method: Powell
2019-02-28 02:00:13,203 [MainThread  ][DEBUG]  Optimization options: None
2019-02-28 02:00:13,204 [MainThread  ][INFO ]  Initial parameter values: [ 0.44148364 -0.16050346  0.39448498 -0.85186006]
2019-02-28 02:02:58,114 [MainThread  ][INFO ]  Final fidelity: 0.9996519040356415
2019-02-28 02:02:58,115 [MainThread  ][INFO ]  Final parameters: [ 2.34141149  2.07987264  4.81512606  3.19453752]
2019-02-28 02:02:58,115 [MainThread  ][INFO ]  Fidelity: 0.9996519040356415
2019-02-28 02:02:58,115 [MainThread  ][INFO ]  ---- Starting iteration 81/100
2019-02-28 02:02:58,116 [MainThread  ][DEBUG]  Regenerated CRAB frequencies: nuk=[-0.47142777  0.21282693]
2019-02-28 02:02:58,116 [MainThread  ][DEBUG]  Setting hyperparameter tf=3.2515151515151515
2019-02-28 02:02:58,116 [MainThread  ][INFO ]  Starting optimization for tf=3.2515151515151515
2019-02-28 02:02:58,116 [MainThread  ][DEBUG]  Optimization method: Powell
2019-02-28 02:02:58,116 [MainThread  ][DEBUG]  Optimization options: None
2019-02-28 02:02:58,116 [MainThread  ][INFO ]  Initial parameter values: [-0.78967993 -0.46224038  0.06955326 -0.56588782]
2019-02-28 02:08:57,196 [MainThread  ][INFO ]  Final fidelity: 0.9997441965541723
2019-02-28 02:08:57,204 [MainThread  ][INFO ]  Final parameters: [ 4.08605294  8.12296803 -3.34599781  7.08695521]
2019-02-28 02:08:57,204 [MainThread  ][INFO ]  Fidelity: 0.9997441965541723
2019-02-28 02:08:57,204 [MainThread  ][INFO ]  ---- Starting iteration 82/100
2019-02-28 02:08:57,204 [MainThread  ][DEBUG]  Regenerated CRAB frequencies: nuk=[-0.01744686 -0.24313361]
2019-02-28 02:08:57,204 [MainThread  ][DEBUG]  Setting hyperparameter tf=3.2909090909090906
2019-02-28 02:08:57,204 [MainThread  ][INFO ]  Starting optimization for tf=3.2909090909090906
2019-02-28 02:08:57,204 [MainThread  ][DEBUG]  Optimization method: Powell
2019-02-28 02:08:57,204 [MainThread  ][DEBUG]  Optimization options: None
2019-02-28 02:08:57,205 [MainThread  ][INFO ]  Initial parameter values: [ 0.33490899 -0.49453352  0.44751469  0.25737313]
2019-02-28 02:12:26,248 [MainThread  ][INFO ]  Final fidelity: 0.9994947426596665
2019-02-28 02:12:26,249 [MainThread  ][INFO ]  Final parameters: [ 0.71003249  4.95271001  0.2609356  -2.39283631]
2019-02-28 02:12:26,249 [MainThread  ][INFO ]  Fidelity: 0.9994947426596665
2019-02-28 02:12:26,249 [MainThread  ][INFO ]  ---- Starting iteration 83/100
2019-02-28 02:12:26,250 [MainThread  ][DEBUG]  Regenerated CRAB frequencies: nuk=[ 0.21914678 -0.03420773]
2019-02-28 02:12:26,250 [MainThread  ][DEBUG]  Setting hyperparameter tf=3.33030303030303
2019-02-28 02:12:26,250 [MainThread  ][INFO ]  Starting optimization for tf=3.33030303030303
2019-02-28 02:12:26,250 [MainThread  ][DEBUG]  Optimization method: Powell
2019-02-28 02:12:26,250 [MainThread  ][DEBUG]  Optimization options: None
2019-02-28 02:12:26,250 [MainThread  ][INFO ]  Initial parameter values: [ 0.41633165 -0.24290557 -0.91529823 -0.66810792]
2019-02-28 02:15:12,789 [MainThread  ][INFO ]  Final fidelity: 0.9995451363534371
2019-02-28 02:15:12,790 [MainThread  ][INFO ]  Final parameters: [ 1.80719175 -2.10403894  0.77540152 -4.19278086]
2019-02-28 02:15:12,790 [MainThread  ][INFO ]  Fidelity: 0.9995451363534371
2019-02-28 02:15:12,790 [MainThread  ][INFO ]  ---- Starting iteration 84/100
2019-02-28 02:15:12,790 [MainThread  ][DEBUG]  Regenerated CRAB frequencies: nuk=[-0.28513794 -0.15946663]
2019-02-28 02:15:12,790 [MainThread  ][DEBUG]  Setting hyperparameter tf=3.3696969696969696
2019-02-28 02:15:12,791 [MainThread  ][INFO ]  Starting optimization for tf=3.3696969696969696
2019-02-28 02:15:12,791 [MainThread  ][DEBUG]  Optimization method: Powell
2019-02-28 02:15:12,791 [MainThread  ][DEBUG]  Optimization options: None
2019-02-28 02:15:12,791 [MainThread  ][INFO ]  Initial parameter values: [ 0.79343946 -0.71219276  0.91234302 -0.73416732]
2019-02-28 02:18:09,821 [MainThread  ][INFO ]  Final fidelity: 0.9995215414588314
2019-02-28 02:18:09,822 [MainThread  ][INFO ]  Final parameters: [-4.56878087 -0.49614309  0.87087623 -0.61116333]
2019-02-28 02:18:09,822 [MainThread  ][INFO ]  Fidelity: 0.9995215414588314
2019-02-28 02:18:09,822 [MainThread  ][INFO ]  ---- Starting iteration 85/100
2019-02-28 02:18:09,822 [MainThread  ][DEBUG]  Regenerated CRAB frequencies: nuk=[-0.15083739 -0.06891349]
2019-02-28 02:18:09,823 [MainThread  ][DEBUG]  Setting hyperparameter tf=3.4090909090909087
2019-02-28 02:18:09,823 [MainThread  ][INFO ]  Starting optimization for tf=3.4090909090909087
2019-02-28 02:18:09,823 [MainThread  ][DEBUG]  Optimization method: Powell
2019-02-28 02:18:09,823 [MainThread  ][DEBUG]  Optimization options: None
2019-02-28 02:18:09,823 [MainThread  ][INFO ]  Initial parameter values: [ 0.13915282 -0.35283299  0.65524416 -0.67703648]
2019-02-28 02:20:58,381 [MainThread  ][INFO ]  Final fidelity: 0.9995517653847725
2019-02-28 02:20:58,381 [MainThread  ][INFO ]  Final parameters: [-0.82022737 -3.29023302  0.58828523 -4.20969273]
2019-02-28 02:20:58,382 [MainThread  ][INFO ]  Fidelity: 0.9995517653847725
2019-02-28 02:20:58,382 [MainThread  ][INFO ]  ---- Starting iteration 86/100
2019-02-28 02:20:58,382 [MainThread  ][DEBUG]  Regenerated CRAB frequencies: nuk=[-0.41718582  0.24306946]
2019-02-28 02:20:58,382 [MainThread  ][DEBUG]  Setting hyperparameter tf=3.4484848484848483
2019-02-28 02:20:58,382 [MainThread  ][INFO ]  Starting optimization for tf=3.4484848484848483
2019-02-28 02:20:58,382 [MainThread  ][DEBUG]  Optimization method: Powell
2019-02-28 02:20:58,382 [MainThread  ][DEBUG]  Optimization options: None
2019-02-28 02:20:58,383 [MainThread  ][INFO ]  Initial parameter values: [-0.01289259  0.13954014 -0.34835565  0.26447237]
2019-02-28 02:25:46,209 [MainThread  ][INFO ]  Final fidelity: 0.9998133426436631
2019-02-28 02:25:46,210 [MainThread  ][INFO ]  Final parameters: [-3.0351714   1.9397871  -2.89234773  6.01272389]
2019-02-28 02:25:46,210 [MainThread  ][INFO ]  Fidelity: 0.9998133426436631
2019-02-28 02:25:46,210 [MainThread  ][INFO ]  ---- Starting iteration 87/100
2019-02-28 02:25:46,210 [MainThread  ][DEBUG]  Regenerated CRAB frequencies: nuk=[-0.31392078  0.09927014]
2019-02-28 02:25:46,210 [MainThread  ][DEBUG]  Setting hyperparameter tf=3.487878787878788
2019-02-28 02:25:46,210 [MainThread  ][INFO ]  Starting optimization for tf=3.487878787878788
2019-02-28 02:25:46,211 [MainThread  ][DEBUG]  Optimization method: Powell
2019-02-28 02:25:46,211 [MainThread  ][DEBUG]  Optimization options: None
2019-02-28 02:25:46,211 [MainThread  ][INFO ]  Initial parameter values: [-0.38519143 -0.92159533  0.3779181  -0.53636496]
2019-02-28 02:29:08,010 [MainThread  ][INFO ]  Final fidelity: 0.9994901711432586
2019-02-28 02:29:08,011 [MainThread  ][INFO ]  Final parameters: [-4.29080763  0.70898674  0.50078451 -1.93968798]
2019-02-28 02:29:08,011 [MainThread  ][INFO ]  Fidelity: 0.9994901711432586
2019-02-28 02:29:08,011 [MainThread  ][INFO ]  ---- Starting iteration 88/100
2019-02-28 02:29:08,012 [MainThread  ][DEBUG]  Regenerated CRAB frequencies: nuk=[-0.48098892 -0.02298808]
2019-02-28 02:29:08,012 [MainThread  ][DEBUG]  Setting hyperparameter tf=3.527272727272727
2019-02-28 02:29:08,012 [MainThread  ][INFO ]  Starting optimization for tf=3.527272727272727
2019-02-28 02:29:08,012 [MainThread  ][DEBUG]  Optimization method: Powell
2019-02-28 02:29:08,012 [MainThread  ][DEBUG]  Optimization options: None
2019-02-28 02:29:08,012 [MainThread  ][INFO ]  Initial parameter values: [ 0.64807931 -0.56256976 -0.68992414  0.28773496]
2019-02-28 02:31:17,361 [MainThread  ][INFO ]  Final fidelity: 0.9995452209324082
2019-02-28 02:31:17,362 [MainThread  ][INFO ]  Final parameters: [-2.42297538 -2.24468683 -1.60876037 -1.69382065]
2019-02-28 02:31:17,362 [MainThread  ][INFO ]  Fidelity: 0.9995452209324082
2019-02-28 02:31:17,362 [MainThread  ][INFO ]  ---- Starting iteration 89/100
2019-02-28 02:31:17,363 [MainThread  ][DEBUG]  Regenerated CRAB frequencies: nuk=[-0.26833057 -0.03015656]
2019-02-28 02:31:17,363 [MainThread  ][DEBUG]  Setting hyperparameter tf=3.5666666666666664
2019-02-28 02:31:17,363 [MainThread  ][INFO ]  Starting optimization for tf=3.5666666666666664
2019-02-28 02:31:17,363 [MainThread  ][DEBUG]  Optimization method: Powell
2019-02-28 02:31:17,363 [MainThread  ][DEBUG]  Optimization options: None
2019-02-28 02:31:17,363 [MainThread  ][INFO ]  Initial parameter values: [-0.54868793  0.51338264 -0.96274892  0.52726735]
2019-02-28 02:33:06,810 [MainThread  ][INFO ]  Final fidelity: 0.9996320812689639
2019-02-28 02:33:06,811 [MainThread  ][INFO ]  Final parameters: [-1.65982691 -6.21639262 -1.01801469 -0.11169367]
2019-02-28 02:33:06,811 [MainThread  ][INFO ]  Fidelity: 0.9996320812689639
2019-02-28 02:33:06,811 [MainThread  ][INFO ]  ---- Starting iteration 90/100
2019-02-28 02:33:06,812 [MainThread  ][DEBUG]  Regenerated CRAB frequencies: nuk=[-0.38315143 -0.14285714]
2019-02-28 02:33:06,812 [MainThread  ][DEBUG]  Setting hyperparameter tf=3.606060606060606
2019-02-28 02:33:06,812 [MainThread  ][INFO ]  Starting optimization for tf=3.606060606060606
2019-02-28 02:33:06,812 [MainThread  ][DEBUG]  Optimization method: Powell
2019-02-28 02:33:06,812 [MainThread  ][DEBUG]  Optimization options: None
2019-02-28 02:33:06,812 [MainThread  ][INFO ]  Initial parameter values: [-0.75730336  0.31465398 -0.14692956  0.8416458 ]
2019-02-28 02:36:55,360 [MainThread  ][INFO ]  Final fidelity: 0.9994972853363189
2019-02-28 02:36:55,362 [MainThread  ][INFO ]  Final parameters: [-3.52617861  1.27020243 -0.08427657  0.26238088]
2019-02-28 02:36:55,362 [MainThread  ][INFO ]  Fidelity: 0.9994972853363189
2019-02-28 02:36:55,362 [MainThread  ][INFO ]  ---- Starting iteration 91/100
2019-02-28 02:36:55,363 [MainThread  ][DEBUG]  Regenerated CRAB frequencies: nuk=[-0.09089478  0.21469028]
2019-02-28 02:36:55,363 [MainThread  ][DEBUG]  Setting hyperparameter tf=3.645454545454545
2019-02-28 02:36:55,363 [MainThread  ][INFO ]  Starting optimization for tf=3.645454545454545
2019-02-28 02:36:55,363 [MainThread  ][DEBUG]  Optimization method: Powell
2019-02-28 02:36:55,363 [MainThread  ][DEBUG]  Optimization options: None
2019-02-28 02:36:55,364 [MainThread  ][INFO ]  Initial parameter values: [ 0.04140591 -0.99863337 -0.88292438  0.78156389]
2019-02-28 02:39:11,384 [MainThread  ][INFO ]  Final fidelity: 0.9996297464395156
2019-02-28 02:39:11,384 [MainThread  ][INFO ]  Final parameters: [  4.17463687e-03   5.23337196e+00  -7.35187947e+00   1.33715761e+00]
2019-02-28 02:39:11,384 [MainThread  ][INFO ]  Fidelity: 0.9996297464395156
2019-02-28 02:39:11,384 [MainThread  ][INFO ]  ---- Starting iteration 92/100
2019-02-28 02:39:11,385 [MainThread  ][DEBUG]  Regenerated CRAB frequencies: nuk=[ 0.01690931 -0.08710231]
2019-02-28 02:39:11,385 [MainThread  ][DEBUG]  Setting hyperparameter tf=3.6848484848484846
2019-02-28 02:39:11,385 [MainThread  ][INFO ]  Starting optimization for tf=3.6848484848484846
2019-02-28 02:39:11,385 [MainThread  ][DEBUG]  Optimization method: Powell
2019-02-28 02:39:11,385 [MainThread  ][DEBUG]  Optimization options: None
2019-02-28 02:39:11,385 [MainThread  ][INFO ]  Initial parameter values: [ 0.84158836  0.23938794  0.44525974  0.20904455]
2019-02-28 02:41:08,928 [MainThread  ][INFO ]  Final fidelity: 0.9995181882249093
2019-02-28 02:41:08,929 [MainThread  ][INFO ]  Final parameters: [ 0.06199207 -1.25266753  2.92026586 -0.30726907]
2019-02-28 02:41:08,929 [MainThread  ][INFO ]  Fidelity: 0.9995181882249093
2019-02-28 02:41:08,929 [MainThread  ][INFO ]  ---- Starting iteration 93/100
2019-02-28 02:41:08,930 [MainThread  ][DEBUG]  Regenerated CRAB frequencies: nuk=[ 0.15471199  0.12406745]
2019-02-28 02:41:08,930 [MainThread  ][DEBUG]  Setting hyperparameter tf=3.724242424242424
2019-02-28 02:41:08,930 [MainThread  ][INFO ]  Starting optimization for tf=3.724242424242424
2019-02-28 02:41:08,930 [MainThread  ][DEBUG]  Optimization method: Powell
2019-02-28 02:41:08,930 [MainThread  ][DEBUG]  Optimization options: None
2019-02-28 02:41:08,930 [MainThread  ][INFO ]  Initial parameter values: [-0.41190828  0.19558696  0.76831704 -0.48400263]
2019-02-28 02:42:46,539 [MainThread  ][INFO ]  Final fidelity: 0.9995331454905173
2019-02-28 02:42:46,540 [MainThread  ][INFO ]  Final parameters: [ 1.52213234 -3.40068316  1.214853   -0.67661   ]
2019-02-28 02:42:46,540 [MainThread  ][INFO ]  Fidelity: 0.9995331454905173
2019-02-28 02:42:46,540 [MainThread  ][INFO ]  ---- Starting iteration 94/100
2019-02-28 02:42:46,540 [MainThread  ][DEBUG]  Regenerated CRAB frequencies: nuk=[ 0.35269097  0.00416509]
2019-02-28 02:42:46,540 [MainThread  ][DEBUG]  Setting hyperparameter tf=3.7636363636363632
2019-02-28 02:42:46,540 [MainThread  ][INFO ]  Starting optimization for tf=3.7636363636363632
2019-02-28 02:42:46,540 [MainThread  ][DEBUG]  Optimization method: Powell
2019-02-28 02:42:46,540 [MainThread  ][DEBUG]  Optimization options: None
2019-02-28 02:42:46,541 [MainThread  ][INFO ]  Initial parameter values: [-0.8516943  -0.83930311  0.01432122 -0.78983432]
2019-02-28 02:44:35,770 [MainThread  ][INFO ]  Final fidelity: 0.9994776292016432
2019-02-28 02:44:35,771 [MainThread  ][INFO ]  Final parameters: [ 2.14320101 -1.65785943 -0.46491509 -0.38158913]
2019-02-28 02:44:35,771 [MainThread  ][INFO ]  Fidelity: 0.9994776292016432
2019-02-28 02:44:35,771 [MainThread  ][INFO ]  ---- Starting iteration 95/100
2019-02-28 02:44:35,771 [MainThread  ][DEBUG]  Regenerated CRAB frequencies: nuk=[ 0.11860835  0.43575599]
2019-02-28 02:44:35,771 [MainThread  ][DEBUG]  Setting hyperparameter tf=3.8030303030303028
2019-02-28 02:44:35,772 [MainThread  ][INFO ]  Starting optimization for tf=3.8030303030303028
2019-02-28 02:44:35,772 [MainThread  ][DEBUG]  Optimization method: Powell
2019-02-28 02:44:35,772 [MainThread  ][DEBUG]  Optimization options: None
2019-02-28 02:44:35,772 [MainThread  ][INFO ]  Initial parameter values: [-0.41136887 -0.84929158 -0.25309438  0.42527121]
2019-02-28 02:46:12,113 [MainThread  ][INFO ]  Final fidelity: 0.9997130263146518
2019-02-28 02:46:12,114 [MainThread  ][INFO ]  Final parameters: [ 0.44605962  3.1835868   2.68345199  1.67896882]
2019-02-28 02:46:12,114 [MainThread  ][INFO ]  Fidelity: 0.9997130263146518
2019-02-28 02:46:12,114 [MainThread  ][INFO ]  ---- Starting iteration 96/100
2019-02-28 02:46:12,114 [MainThread  ][DEBUG]  Regenerated CRAB frequencies: nuk=[ 0.13494433  0.2738116 ]
2019-02-28 02:46:12,114 [MainThread  ][DEBUG]  Setting hyperparameter tf=3.8424242424242423
2019-02-28 02:46:12,114 [MainThread  ][INFO ]  Starting optimization for tf=3.8424242424242423
2019-02-28 02:46:12,115 [MainThread  ][DEBUG]  Optimization method: Powell
2019-02-28 02:46:12,115 [MainThread  ][DEBUG]  Optimization options: None
2019-02-28 02:46:12,115 [MainThread  ][INFO ]  Initial parameter values: [ 0.34207083 -0.43681849  0.42376843  0.73171056]
2019-02-28 02:48:01,070 [MainThread  ][INFO ]  Final fidelity: 0.9996544276034586
2019-02-28 02:48:01,070 [MainThread  ][INFO ]  Final parameters: [ 1.17801581  2.1646715   1.72391424  1.97534936]
2019-02-28 02:48:01,070 [MainThread  ][INFO ]  Fidelity: 0.9996544276034586
2019-02-28 02:48:01,070 [MainThread  ][INFO ]  ---- Starting iteration 97/100
2019-02-28 02:48:01,071 [MainThread  ][DEBUG]  Regenerated CRAB frequencies: nuk=[ 0.26272916  0.06907126]
2019-02-28 02:48:01,071 [MainThread  ][DEBUG]  Setting hyperparameter tf=3.8818181818181814
2019-02-28 02:48:01,071 [MainThread  ][INFO ]  Starting optimization for tf=3.8818181818181814
2019-02-28 02:48:01,071 [MainThread  ][DEBUG]  Optimization method: Powell
2019-02-28 02:48:01,071 [MainThread  ][DEBUG]  Optimization options: None
2019-02-28 02:48:01,071 [MainThread  ][INFO ]  Initial parameter values: [-0.95897923  0.56274741 -0.89061057 -0.35655146]
2019-02-28 02:51:02,320 [MainThread  ][INFO ]  Final fidelity: 0.9994809030668448
2019-02-28 02:51:02,321 [MainThread  ][INFO ]  Final parameters: [ 1.73512945 -2.2944008  -0.18640082 -0.68466038]
2019-02-28 02:51:02,321 [MainThread  ][INFO ]  Fidelity: 0.9994809030668448
2019-02-28 02:51:02,321 [MainThread  ][INFO ]  ---- Starting iteration 98/100
2019-02-28 02:51:02,321 [MainThread  ][DEBUG]  Regenerated CRAB frequencies: nuk=[-0.40610583  0.28696304]
2019-02-28 02:51:02,321 [MainThread  ][DEBUG]  Setting hyperparameter tf=3.921212121212121
2019-02-28 02:51:02,321 [MainThread  ][INFO ]  Starting optimization for tf=3.921212121212121
2019-02-28 02:51:02,321 [MainThread  ][DEBUG]  Optimization method: Powell
2019-02-28 02:51:02,321 [MainThread  ][DEBUG]  Optimization options: None
2019-02-28 02:51:02,322 [MainThread  ][INFO ]  Initial parameter values: [ 0.83573315 -0.75593613  0.67143139 -0.4184385 ]
2019-02-28 02:53:12,355 [MainThread  ][INFO ]  Final fidelity: 0.9998122387408064
2019-02-28 02:53:12,355 [MainThread  ][INFO ]  Final parameters: [-1.63094329  2.24281485 -1.20787094  4.24489572]
2019-02-28 02:53:12,356 [MainThread  ][INFO ]  Fidelity: 0.9998122387408064
2019-02-28 02:53:12,356 [MainThread  ][INFO ]  ---- Starting iteration 99/100
2019-02-28 02:53:12,356 [MainThread  ][DEBUG]  Regenerated CRAB frequencies: nuk=[ 0.31405801  0.34827577]
2019-02-28 02:53:12,356 [MainThread  ][DEBUG]  Setting hyperparameter tf=3.9606060606060605
2019-02-28 02:53:12,356 [MainThread  ][INFO ]  Starting optimization for tf=3.9606060606060605
2019-02-28 02:53:12,356 [MainThread  ][DEBUG]  Optimization method: Powell
2019-02-28 02:53:12,356 [MainThread  ][DEBUG]  Optimization options: None
2019-02-28 02:53:12,356 [MainThread  ][INFO ]  Initial parameter values: [  3.24358160e-04   4.44335358e-01  -1.96000567e-01   4.61830423e-01]
2019-02-28 02:54:42,601 [MainThread  ][INFO ]  Final fidelity: 0.9994608393757456
2019-02-28 02:54:42,602 [MainThread  ][INFO ]  Final parameters: [ 2.54841485  0.24064321 -0.12120763  0.81530096]
2019-02-28 02:54:42,602 [MainThread  ][INFO ]  Fidelity: 0.9994608393757456
2019-02-28 02:54:42,603 [MainThread  ][INFO ]  ---- Starting iteration 100/100
2019-02-28 02:54:42,603 [MainThread  ][DEBUG]  Regenerated CRAB frequencies: nuk=[ 0.39423726 -0.45111201]
2019-02-28 02:54:42,603 [MainThread  ][DEBUG]  Setting hyperparameter tf=4.0
2019-02-28 02:54:42,603 [MainThread  ][INFO ]  Starting optimization for tf=4.0
2019-02-28 02:54:42,603 [MainThread  ][DEBUG]  Optimization method: Powell
2019-02-28 02:54:42,603 [MainThread  ][DEBUG]  Optimization options: None
2019-02-28 02:54:42,604 [MainThread  ][INFO ]  Initial parameter values: [ 0.46555022 -0.74297386 -0.253579    0.89771081]
2019-02-28 02:56:15,304 [MainThread  ][INFO ]  Final fidelity: 0.9994908558253691
2019-02-28 02:56:15,304 [MainThread  ][INFO ]  Final parameters: [ 0.92166649  1.0611788  -0.19706054  1.20225113]
2019-02-28 02:56:15,304 [MainThread  ][INFO ]  Fidelity: 0.9994908558253691
