2020-06-18 13:22:12,078 [MainThread  ][INFO ]  Output file name will be "lz_doublebang_powell_bound10.csv"
2020-06-18 13:22:12,082 [MainThread  ][INFO ]  Using doublebang protocol ansatz.
2020-06-18 13:22:12,082 [MainThread  ][DEBUG]  Initializing ProtocolAnsatz instance "doublebang"
2020-06-18 13:22:12,082 [MainThread  ][INFO ]  Using parameters constraints: [[-10, 10], [None, None], [-10, 10]]
2020-06-18 13:22:12,082 [MainThread  ][INFO ]  Using total height constraint: None
2020-06-18 13:22:12,082 [MainThread  ][INFO ]  ---- Iteration 1/30
2020-06-18 13:22:12,082 [MainThread  ][DEBUG]  Setting hyperparameter tf=0.01
2020-06-18 13:22:12,083 [MainThread  ][INFO ]  Starting optimization for tf=0.01
2020-06-18 13:22:12,083 [MainThread  ][DEBUG]  Optimization method: Powell
2020-06-18 13:22:12,083 [MainThread  ][DEBUG]  Optimization options: None
2020-06-18 13:22:12,083 [MainThread  ][INFO ]  Initial parameter values: [-0.4029673298387433, 0.005, -1.0963190918842218]
2020-06-18 13:22:12,231 [MainThread  ][INFO ]  Final fidelity: 0.03874973323219518
2020-06-18 13:22:12,231 [MainThread  ][INFO ]  Final parameters: [ 9.99974508e+00  5.00092461e-03 -9.99999977e+00]
2020-06-18 13:22:12,231 [MainThread  ][INFO ]  Fidelity: 0.03874973323219518
2020-06-18 13:22:12,232 [MainThread  ][INFO ]  ---- Iteration 2/30
2020-06-18 13:22:12,232 [MainThread  ][DEBUG]  Setting hyperparameter tf=0.11310344827586206
2020-06-18 13:22:12,232 [MainThread  ][INFO ]  Starting optimization for tf=0.11310344827586206
2020-06-18 13:22:12,232 [MainThread  ][DEBUG]  Optimization method: Powell
2020-06-18 13:22:12,232 [MainThread  ][DEBUG]  Optimization options: None
2020-06-18 13:22:12,232 [MainThread  ][INFO ]  Initial parameter values: [0.27382500725021597, 0.05655172413793103, -0.5989821717091983]
2020-06-18 13:22:12,516 [MainThread  ][INFO ]  Final fidelity: 0.0712719906300709
2020-06-18 13:22:12,517 [MainThread  ][INFO ]  Final parameters: [10.          0.05655172 -9.99999997]
2020-06-18 13:22:12,517 [MainThread  ][INFO ]  Fidelity: 0.0712719906300709
2020-06-18 13:22:12,517 [MainThread  ][INFO ]  ---- Iteration 3/30
2020-06-18 13:22:12,517 [MainThread  ][DEBUG]  Setting hyperparameter tf=0.21620689655172415
2020-06-18 13:22:12,517 [MainThread  ][INFO ]  Starting optimization for tf=0.21620689655172415
2020-06-18 13:22:12,517 [MainThread  ][DEBUG]  Optimization method: Powell
2020-06-18 13:22:12,517 [MainThread  ][DEBUG]  Optimization options: None
2020-06-18 13:22:12,517 [MainThread  ][INFO ]  Initial parameter values: [-0.23160053852538232, 0.10810344827586207, 0.31648817724011113]
2020-06-18 13:22:12,874 [MainThread  ][INFO ]  Final fidelity: 0.126888469052344
2020-06-18 13:22:12,874 [MainThread  ][INFO ]  Final parameters: [ 9.98471742  0.09510177 -7.60189596]
2020-06-18 13:22:12,874 [MainThread  ][INFO ]  Fidelity: 0.126888469052344
2020-06-18 13:22:12,874 [MainThread  ][INFO ]  ---- Iteration 4/30
2020-06-18 13:22:12,874 [MainThread  ][DEBUG]  Setting hyperparameter tf=0.31931034482758625
2020-06-18 13:22:12,874 [MainThread  ][INFO ]  Starting optimization for tf=0.31931034482758625
2020-06-18 13:22:12,874 [MainThread  ][DEBUG]  Optimization method: Powell
2020-06-18 13:22:12,874 [MainThread  ][DEBUG]  Optimization options: None
2020-06-18 13:22:12,874 [MainThread  ][INFO ]  Initial parameter values: [0.6253198036274217, 0.15965517241379312, 0.8574077664244553]
2020-06-18 13:22:13,215 [MainThread  ][INFO ]  Final fidelity: 0.1906769550765773
2020-06-18 13:22:13,215 [MainThread  ][INFO ]  Final parameters: [10.          0.08646711 -3.15038515]
2020-06-18 13:22:13,215 [MainThread  ][INFO ]  Fidelity: 0.1906769550765773
2020-06-18 13:22:13,215 [MainThread  ][INFO ]  ---- Iteration 5/30
2020-06-18 13:22:13,215 [MainThread  ][DEBUG]  Setting hyperparameter tf=0.4224137931034483
2020-06-18 13:22:13,216 [MainThread  ][INFO ]  Starting optimization for tf=0.4224137931034483
2020-06-18 13:22:13,216 [MainThread  ][DEBUG]  Optimization method: Powell
2020-06-18 13:22:13,216 [MainThread  ][DEBUG]  Optimization options: None
2020-06-18 13:22:13,216 [MainThread  ][INFO ]  Initial parameter values: [1.4038466707152546, 0.21120689655172414, -0.3323826403482313]
2020-06-18 13:22:13,478 [MainThread  ][INFO ]  Final fidelity: 0.26813316203309107
2020-06-18 13:22:13,478 [MainThread  ][INFO ]  Final parameters: [ 9.99999999  0.08574151 -1.92975211]
2020-06-18 13:22:13,478 [MainThread  ][INFO ]  Fidelity: 0.26813316203309107
2020-06-18 13:22:13,478 [MainThread  ][INFO ]  ---- Iteration 6/30
2020-06-18 13:22:13,478 [MainThread  ][DEBUG]  Setting hyperparameter tf=0.5255172413793103
2020-06-18 13:22:13,478 [MainThread  ][INFO ]  Starting optimization for tf=0.5255172413793103
2020-06-18 13:22:13,478 [MainThread  ][DEBUG]  Optimization method: Powell
2020-06-18 13:22:13,478 [MainThread  ][DEBUG]  Optimization options: None
2020-06-18 13:22:13,478 [MainThread  ][INFO ]  Initial parameter values: [0.8582493745081692, 0.26275862068965516, 0.021853120691953443]
2020-06-18 13:22:13,786 [MainThread  ][INFO ]  Final fidelity: 0.3563110683860516
2020-06-18 13:22:13,786 [MainThread  ][INFO ]  Final parameters: [10.          0.07867806 -1.11232193]
2020-06-18 13:22:13,786 [MainThread  ][INFO ]  Fidelity: 0.3563110683860516
2020-06-18 13:22:13,786 [MainThread  ][INFO ]  ---- Iteration 7/30
2020-06-18 13:22:13,786 [MainThread  ][DEBUG]  Setting hyperparameter tf=0.6286206896551725
2020-06-18 13:22:13,786 [MainThread  ][INFO ]  Starting optimization for tf=0.6286206896551725
2020-06-18 13:22:13,786 [MainThread  ][DEBUG]  Optimization method: Powell
2020-06-18 13:22:13,786 [MainThread  ][DEBUG]  Optimization options: None
2020-06-18 13:22:13,786 [MainThread  ][INFO ]  Initial parameter values: [-0.19299727138282563, 0.31431034482758624, -1.2407114798105683]
2020-06-18 13:22:13,941 [MainThread  ][INFO ]  Final fidelity: 0.4361494209350002
2020-06-18 13:22:13,942 [MainThread  ][INFO ]  Final parameters: [ 2.44338344  0.27867862 -1.81990411]
2020-06-18 13:22:13,942 [MainThread  ][INFO ]  Fidelity: 0.4361494209350002
2020-06-18 13:22:13,942 [MainThread  ][INFO ]  ---- Iteration 8/30
2020-06-18 13:22:13,942 [MainThread  ][DEBUG]  Setting hyperparameter tf=0.7317241379310345
2020-06-18 13:22:13,942 [MainThread  ][INFO ]  Starting optimization for tf=0.7317241379310345
2020-06-18 13:22:13,942 [MainThread  ][DEBUG]  Optimization method: Powell
2020-06-18 13:22:13,942 [MainThread  ][DEBUG]  Optimization options: None
2020-06-18 13:22:13,942 [MainThread  ][INFO ]  Initial parameter values: [-0.29577151540443447, 0.36586206896551726, 1.4074596625107754]
2020-06-18 13:22:14,310 [MainThread  ][INFO ]  Final fidelity: 0.5503045175198271
2020-06-18 13:22:14,310 [MainThread  ][INFO ]  Final parameters: [  0.58759573   0.6561134  -10.        ]
2020-06-18 13:22:14,310 [MainThread  ][INFO ]  Fidelity: 0.5503045175198271
2020-06-18 13:22:14,310 [MainThread  ][INFO ]  ---- Iteration 9/30
2020-06-18 13:22:14,310 [MainThread  ][DEBUG]  Setting hyperparameter tf=0.8348275862068966
2020-06-18 13:22:14,310 [MainThread  ][INFO ]  Starting optimization for tf=0.8348275862068966
2020-06-18 13:22:14,310 [MainThread  ][DEBUG]  Optimization method: Powell
2020-06-18 13:22:14,310 [MainThread  ][DEBUG]  Optimization options: None
2020-06-18 13:22:14,310 [MainThread  ][INFO ]  Initial parameter values: [1.7347498896418108, 0.4174137931034483, 1.4218127341619184]
2020-06-18 13:22:14,684 [MainThread  ][INFO ]  Final fidelity: 0.6477386740877903
2020-06-18 13:22:14,684 [MainThread  ][INFO ]  Final parameters: [  0.44598839   0.76067488 -10.        ]
2020-06-18 13:22:14,684 [MainThread  ][INFO ]  Fidelity: 0.6477386740877903
2020-06-18 13:22:14,684 [MainThread  ][INFO ]  ---- Iteration 10/30
2020-06-18 13:22:14,684 [MainThread  ][DEBUG]  Setting hyperparameter tf=0.9379310344827586
2020-06-18 13:22:14,684 [MainThread  ][INFO ]  Starting optimization for tf=0.9379310344827586
2020-06-18 13:22:14,684 [MainThread  ][DEBUG]  Optimization method: Powell
2020-06-18 13:22:14,685 [MainThread  ][DEBUG]  Optimization options: None
2020-06-18 13:22:14,685 [MainThread  ][INFO ]  Initial parameter values: [-0.09100843970142014, 0.4689655172413793, -1.8832668747081955]
2020-06-18 13:22:15,444 [MainThread  ][INFO ]  Final fidelity: 0.7399003868562483
2020-06-18 13:22:15,445 [MainThread  ][INFO ]  Final parameters: [ 0.35444328  0.86454155 -9.99999999]
2020-06-18 13:22:15,445 [MainThread  ][INFO ]  Fidelity: 0.7399003868562483
2020-06-18 13:22:15,445 [MainThread  ][INFO ]  ---- Iteration 11/30
2020-06-18 13:22:15,445 [MainThread  ][DEBUG]  Setting hyperparameter tf=1.0410344827586206
2020-06-18 13:22:15,445 [MainThread  ][INFO ]  Starting optimization for tf=1.0410344827586206
2020-06-18 13:22:15,445 [MainThread  ][DEBUG]  Optimization method: Powell
2020-06-18 13:22:15,445 [MainThread  ][DEBUG]  Optimization options: None
2020-06-18 13:22:15,445 [MainThread  ][INFO ]  Initial parameter values: [0.06977868619176997, 0.5205172413793103, 0.9351671423550463]
2020-06-18 13:22:15,886 [MainThread  ][INFO ]  Final fidelity: 0.8228080050888119
2020-06-18 13:22:15,886 [MainThread  ][INFO ]  Final parameters: [  0.28160267   0.96869571 -10.        ]
2020-06-18 13:22:15,886 [MainThread  ][INFO ]  Fidelity: 0.8228080050888119
2020-06-18 13:22:15,886 [MainThread  ][INFO ]  ---- Iteration 12/30
2020-06-18 13:22:15,887 [MainThread  ][DEBUG]  Setting hyperparameter tf=1.1441379310344828
2020-06-18 13:22:15,887 [MainThread  ][INFO ]  Starting optimization for tf=1.1441379310344828
2020-06-18 13:22:15,887 [MainThread  ][DEBUG]  Optimization method: Powell
2020-06-18 13:22:15,887 [MainThread  ][DEBUG]  Optimization options: None
2020-06-18 13:22:15,887 [MainThread  ][INFO ]  Initial parameter values: [0.8175730344267862, 0.5720689655172414, 0.15550815432673026]
2020-06-18 13:22:16,325 [MainThread  ][INFO ]  Final fidelity: 0.8928816767735211
2020-06-18 13:22:16,325 [MainThread  ][INFO ]  Final parameters: [  0.22851266   1.0725851  -10.        ]
2020-06-18 13:22:16,325 [MainThread  ][INFO ]  Fidelity: 0.8928816767735211
2020-06-18 13:22:16,325 [MainThread  ][INFO ]  ---- Iteration 13/30
2020-06-18 13:22:16,326 [MainThread  ][DEBUG]  Setting hyperparameter tf=1.247241379310345
2020-06-18 13:22:16,326 [MainThread  ][INFO ]  Starting optimization for tf=1.247241379310345
2020-06-18 13:22:16,326 [MainThread  ][DEBUG]  Optimization method: Powell
2020-06-18 13:22:16,326 [MainThread  ][DEBUG]  Optimization options: None
2020-06-18 13:22:16,326 [MainThread  ][INFO ]  Initial parameter values: [-1.5804084923300263, 0.6236206896551725, 0.2696380020099678]
2020-06-18 13:22:16,766 [MainThread  ][INFO ]  Final fidelity: 0.9470809256989865
2020-06-18 13:22:16,766 [MainThread  ][INFO ]  Final parameters: [  0.18811304   1.17632484 -10.        ]
2020-06-18 13:22:16,766 [MainThread  ][INFO ]  Fidelity: 0.9470809256989865
2020-06-18 13:22:16,766 [MainThread  ][INFO ]  ---- Iteration 14/30
2020-06-18 13:22:16,767 [MainThread  ][DEBUG]  Setting hyperparameter tf=1.3503448275862069
2020-06-18 13:22:16,767 [MainThread  ][INFO ]  Starting optimization for tf=1.3503448275862069
2020-06-18 13:22:16,767 [MainThread  ][DEBUG]  Optimization method: Powell
2020-06-18 13:22:16,767 [MainThread  ][DEBUG]  Optimization options: None
2020-06-18 13:22:16,767 [MainThread  ][INFO ]  Initial parameter values: [1.3642693343665862, 0.6751724137931034, 1.2162047152116142]
2020-06-18 13:22:17,317 [MainThread  ][INFO ]  Final fidelity: 0.9830387861776634
2020-06-18 13:22:17,318 [MainThread  ][INFO ]  Final parameters: [  0.15666007   1.27994296 -10.        ]
2020-06-18 13:22:17,318 [MainThread  ][INFO ]  Fidelity: 0.9830387861776634
2020-06-18 13:22:17,318 [MainThread  ][INFO ]  ---- Iteration 15/30
2020-06-18 13:22:17,318 [MainThread  ][DEBUG]  Setting hyperparameter tf=1.453448275862069
2020-06-18 13:22:17,318 [MainThread  ][INFO ]  Starting optimization for tf=1.453448275862069
2020-06-18 13:22:17,318 [MainThread  ][DEBUG]  Optimization method: Powell
2020-06-18 13:22:17,318 [MainThread  ][DEBUG]  Optimization options: None
2020-06-18 13:22:17,318 [MainThread  ][INFO ]  Initial parameter values: [1.1311274461138674, 0.7267241379310345, 1.79205138658748]
2020-06-18 13:22:17,832 [MainThread  ][INFO ]  Final fidelity: 0.9991087876190629
2020-06-18 13:22:17,832 [MainThread  ][INFO ]  Final parameters: [  0.11041702   1.38945626 -10.        ]
2020-06-18 13:22:17,832 [MainThread  ][INFO ]  Fidelity: 0.9991087876190629
2020-06-18 13:22:17,832 [MainThread  ][INFO ]  ---- Iteration 16/30
2020-06-18 13:22:17,832 [MainThread  ][DEBUG]  Setting hyperparameter tf=1.556551724137931
2020-06-18 13:22:17,832 [MainThread  ][INFO ]  Starting optimization for tf=1.556551724137931
2020-06-18 13:22:17,833 [MainThread  ][DEBUG]  Optimization method: Powell
2020-06-18 13:22:17,833 [MainThread  ][DEBUG]  Optimization options: None
2020-06-18 13:22:17,833 [MainThread  ][INFO ]  Initial parameter values: [0.48894547891826656, 0.7782758620689655, -0.5879675066238006]
2020-06-18 13:22:18,490 [MainThread  ][INFO ]  Final fidelity: 1.0000000000000004
2020-06-18 13:22:18,490 [MainThread  ][INFO ]  Final parameters: [ 0.76794087  0.78955184 -0.80197568]
2020-06-18 13:22:18,491 [MainThread  ][INFO ]  Fidelity: 1.0000000000000004
2020-06-18 13:22:18,491 [MainThread  ][INFO ]  ---- Iteration 17/30
2020-06-18 13:22:18,491 [MainThread  ][DEBUG]  Setting hyperparameter tf=1.6596551724137931
2020-06-18 13:22:18,491 [MainThread  ][INFO ]  Starting optimization for tf=1.6596551724137931
2020-06-18 13:22:18,491 [MainThread  ][DEBUG]  Optimization method: Powell
2020-06-18 13:22:18,491 [MainThread  ][DEBUG]  Optimization options: None
2020-06-18 13:22:18,491 [MainThread  ][INFO ]  Initial parameter values: [1.6823814040135612, 0.8298275862068966, 0.060915508196278]
2020-06-18 13:22:19,130 [MainThread  ][INFO ]  Final fidelity: 1.0000000000000009
2020-06-18 13:22:19,130 [MainThread  ][INFO ]  Final parameters: [-0.26052436  0.90739876  0.35525972]
2020-06-18 13:22:19,130 [MainThread  ][INFO ]  Fidelity: 1.0000000000000009
2020-06-18 13:22:19,130 [MainThread  ][INFO ]  ---- Iteration 18/30
2020-06-18 13:22:19,130 [MainThread  ][DEBUG]  Setting hyperparameter tf=1.7627586206896553
2020-06-18 13:22:19,130 [MainThread  ][INFO ]  Starting optimization for tf=1.7627586206896553
2020-06-18 13:22:19,130 [MainThread  ][DEBUG]  Optimization method: Powell
2020-06-18 13:22:19,130 [MainThread  ][DEBUG]  Optimization options: None
2020-06-18 13:22:19,130 [MainThread  ][INFO ]  Initial parameter values: [1.369869213617446, 0.8813793103448276, -0.009970316634577703]
2020-06-18 13:22:19,768 [MainThread  ][INFO ]  Final fidelity: 1.0000000000000009
2020-06-18 13:22:19,768 [MainThread  ][INFO ]  Final parameters: [-1.79265044  0.37060727  0.1398508 ]
2020-06-18 13:22:19,768 [MainThread  ][INFO ]  Fidelity: 1.0000000000000009
2020-06-18 13:22:19,768 [MainThread  ][INFO ]  ---- Iteration 19/30
2020-06-18 13:22:19,768 [MainThread  ][DEBUG]  Setting hyperparameter tf=1.8658620689655172
2020-06-18 13:22:19,768 [MainThread  ][INFO ]  Starting optimization for tf=1.8658620689655172
2020-06-18 13:22:19,769 [MainThread  ][DEBUG]  Optimization method: Powell
2020-06-18 13:22:19,769 [MainThread  ][DEBUG]  Optimization options: None
2020-06-18 13:22:19,769 [MainThread  ][INFO ]  Initial parameter values: [0.5309777636620283, 0.9329310344827586, -1.0032110038330435]
2020-06-18 13:22:20,117 [MainThread  ][INFO ]  Final fidelity: 1.0000000000000004
2020-06-18 13:22:20,117 [MainThread  ][INFO ]  Final parameters: [ 1.25964659  0.9073611  -1.15345522]
2020-06-18 13:22:20,117 [MainThread  ][INFO ]  Fidelity: 1.0000000000000004
2020-06-18 13:22:20,117 [MainThread  ][INFO ]  ---- Iteration 20/30
2020-06-18 13:22:20,117 [MainThread  ][DEBUG]  Setting hyperparameter tf=1.9689655172413794
2020-06-18 13:22:20,117 [MainThread  ][INFO ]  Starting optimization for tf=1.9689655172413794
2020-06-18 13:22:20,117 [MainThread  ][DEBUG]  Optimization method: Powell
2020-06-18 13:22:20,117 [MainThread  ][DEBUG]  Optimization options: None
2020-06-18 13:22:20,117 [MainThread  ][INFO ]  Initial parameter values: [1.2070992134064773, 0.9844827586206897, 0.06538333784919947]
2020-06-18 13:22:20,893 [MainThread  ][INFO ]  Final fidelity: 1.0000000000000009
2020-06-18 13:22:20,893 [MainThread  ][INFO ]  Final parameters: [-1.56503368  0.61878706  0.31110042]
2020-06-18 13:22:20,893 [MainThread  ][INFO ]  Fidelity: 1.0000000000000009
2020-06-18 13:22:20,893 [MainThread  ][INFO ]  ---- Iteration 21/30
2020-06-18 13:22:20,893 [MainThread  ][DEBUG]  Setting hyperparameter tf=2.072068965517241
2020-06-18 13:22:20,893 [MainThread  ][INFO ]  Starting optimization for tf=2.072068965517241
2020-06-18 13:22:20,893 [MainThread  ][DEBUG]  Optimization method: Powell
2020-06-18 13:22:20,894 [MainThread  ][DEBUG]  Optimization options: None
2020-06-18 13:22:20,894 [MainThread  ][INFO ]  Initial parameter values: [-0.7131236021298801, 1.0360344827586205, -0.5047054269600135]
2020-06-18 13:22:21,507 [MainThread  ][INFO ]  Final fidelity: 1.0000000000000004
2020-06-18 13:22:21,507 [MainThread  ][INFO ]  Final parameters: [ 1.59282089  0.87815644 -0.93690032]
2020-06-18 13:22:21,507 [MainThread  ][INFO ]  Fidelity: 1.0000000000000004
2020-06-18 13:22:21,507 [MainThread  ][INFO ]  ---- Iteration 22/30
2020-06-18 13:22:21,507 [MainThread  ][DEBUG]  Setting hyperparameter tf=2.175172413793103
2020-06-18 13:22:21,507 [MainThread  ][INFO ]  Starting optimization for tf=2.175172413793103
2020-06-18 13:22:21,507 [MainThread  ][DEBUG]  Optimization method: Powell
2020-06-18 13:22:21,507 [MainThread  ][DEBUG]  Optimization options: None
2020-06-18 13:22:21,507 [MainThread  ][INFO ]  Initial parameter values: [1.8359806519028257, 1.0875862068965516, -0.8206154216855865]
2020-06-18 13:22:21,966 [MainThread  ][INFO ]  Final fidelity: 1.0
2020-06-18 13:22:21,966 [MainThread  ][INFO ]  Final parameters: [ 1.39828926  0.99543143 -1.03155148]
2020-06-18 13:22:21,966 [MainThread  ][INFO ]  Fidelity: 1.0
2020-06-18 13:22:21,966 [MainThread  ][INFO ]  ---- Iteration 23/30
2020-06-18 13:22:21,966 [MainThread  ][DEBUG]  Setting hyperparameter tf=2.2782758620689654
2020-06-18 13:22:21,966 [MainThread  ][INFO ]  Starting optimization for tf=2.2782758620689654
2020-06-18 13:22:21,967 [MainThread  ][DEBUG]  Optimization method: Powell
2020-06-18 13:22:21,967 [MainThread  ][DEBUG]  Optimization options: None
2020-06-18 13:22:21,967 [MainThread  ][INFO ]  Initial parameter values: [0.940578726443627, 1.1391379310344827, 0.2482422704043339]
2020-06-18 13:22:22,988 [MainThread  ][INFO ]  Final fidelity: 1.0
2020-06-18 13:22:22,988 [MainThread  ][INFO ]  Final parameters: [ 3.9106489   0.94669347 -0.17663634]
2020-06-18 13:22:22,988 [MainThread  ][INFO ]  Fidelity: 1.0
2020-06-18 13:22:22,988 [MainThread  ][INFO ]  ---- Iteration 24/30
2020-06-18 13:22:22,988 [MainThread  ][DEBUG]  Setting hyperparameter tf=2.3813793103448275
2020-06-18 13:22:22,988 [MainThread  ][INFO ]  Starting optimization for tf=2.3813793103448275
2020-06-18 13:22:22,988 [MainThread  ][DEBUG]  Optimization method: Powell
2020-06-18 13:22:22,988 [MainThread  ][DEBUG]  Optimization options: None
2020-06-18 13:22:22,988 [MainThread  ][INFO ]  Initial parameter values: [0.13416146462296252, 1.1906896551724138, 1.9102774738664712]
2020-06-18 13:22:23,472 [MainThread  ][INFO ]  Final fidelity: 1.0000000000000004
2020-06-18 13:22:23,472 [MainThread  ][INFO ]  Final parameters: [-0.24595287  1.58797767  2.04940305]
2020-06-18 13:22:23,472 [MainThread  ][INFO ]  Fidelity: 1.0000000000000004
2020-06-18 13:22:23,472 [MainThread  ][INFO ]  ---- Iteration 25/30
2020-06-18 13:22:23,472 [MainThread  ][DEBUG]  Setting hyperparameter tf=2.4844827586206897
2020-06-18 13:22:23,472 [MainThread  ][INFO ]  Starting optimization for tf=2.4844827586206897
2020-06-18 13:22:23,472 [MainThread  ][DEBUG]  Optimization method: Powell
2020-06-18 13:22:23,473 [MainThread  ][DEBUG]  Optimization options: None
2020-06-18 13:22:23,473 [MainThread  ][INFO ]  Initial parameter values: [0.3090181915911585, 1.2422413793103448, 1.7993972487122294]
2020-06-18 13:22:23,924 [MainThread  ][INFO ]  Final fidelity: 1.0000000000000004
2020-06-18 13:22:23,924 [MainThread  ][INFO ]  Final parameters: [-0.25116336  1.61447982  1.94367189]
2020-06-18 13:22:23,924 [MainThread  ][INFO ]  Fidelity: 1.0000000000000004
2020-06-18 13:22:23,925 [MainThread  ][INFO ]  ---- Iteration 26/30
2020-06-18 13:22:23,925 [MainThread  ][DEBUG]  Setting hyperparameter tf=2.5875862068965514
2020-06-18 13:22:23,925 [MainThread  ][INFO ]  Starting optimization for tf=2.5875862068965514
2020-06-18 13:22:23,925 [MainThread  ][DEBUG]  Optimization method: Powell
2020-06-18 13:22:23,925 [MainThread  ][DEBUG]  Optimization options: None
2020-06-18 13:22:23,925 [MainThread  ][INFO ]  Initial parameter values: [-0.9324882110339341, 1.2937931034482757, 1.6107432029029214]
2020-06-18 13:22:24,494 [MainThread  ][INFO ]  Final fidelity: 1.0000000000000009
2020-06-18 13:22:24,494 [MainThread  ][INFO ]  Final parameters: [-0.32999811  1.60206178  1.62204551]
2020-06-18 13:22:24,495 [MainThread  ][INFO ]  Fidelity: 1.0000000000000009
2020-06-18 13:22:24,495 [MainThread  ][INFO ]  ---- Iteration 27/30
2020-06-18 13:22:24,495 [MainThread  ][DEBUG]  Setting hyperparameter tf=2.6906896551724135
2020-06-18 13:22:24,495 [MainThread  ][INFO ]  Starting optimization for tf=2.6906896551724135
2020-06-18 13:22:24,495 [MainThread  ][DEBUG]  Optimization method: Powell
2020-06-18 13:22:24,495 [MainThread  ][DEBUG]  Optimization options: None
2020-06-18 13:22:24,495 [MainThread  ][INFO ]  Initial parameter values: [0.6088373306560704, 1.3453448275862068, -1.6252291625355348]
2020-06-18 13:22:25,120 [MainThread  ][INFO ]  Final fidelity: 1.0000000000000009
2020-06-18 13:22:25,120 [MainThread  ][INFO ]  Final parameters: [ 0.64283175  1.59962202 -1.60729465]
2020-06-18 13:22:25,120 [MainThread  ][INFO ]  Fidelity: 1.0000000000000009
2020-06-18 13:22:25,120 [MainThread  ][INFO ]  ---- Iteration 28/30
2020-06-18 13:22:25,120 [MainThread  ][DEBUG]  Setting hyperparameter tf=2.7937931034482757
2020-06-18 13:22:25,120 [MainThread  ][INFO ]  Starting optimization for tf=2.7937931034482757
2020-06-18 13:22:25,120 [MainThread  ][DEBUG]  Optimization method: Powell
2020-06-18 13:22:25,120 [MainThread  ][DEBUG]  Optimization options: None
2020-06-18 13:22:25,120 [MainThread  ][INFO ]  Initial parameter values: [-1.8956777778491523, 1.3968965517241378, 1.477347319472405]
2020-06-18 13:22:25,930 [MainThread  ][INFO ]  Final fidelity: 1.0000000000000009
2020-06-18 13:22:25,930 [MainThread  ][INFO ]  Final parameters: [-0.29175581  1.67624235  1.54755537]
2020-06-18 13:22:25,930 [MainThread  ][INFO ]  Fidelity: 1.0000000000000009
2020-06-18 13:22:25,930 [MainThread  ][INFO ]  ---- Iteration 29/30
2020-06-18 13:22:25,930 [MainThread  ][DEBUG]  Setting hyperparameter tf=2.896896551724138
2020-06-18 13:22:25,930 [MainThread  ][INFO ]  Starting optimization for tf=2.896896551724138
2020-06-18 13:22:25,930 [MainThread  ][DEBUG]  Optimization method: Powell
2020-06-18 13:22:25,931 [MainThread  ][DEBUG]  Optimization options: None
2020-06-18 13:22:25,931 [MainThread  ][INFO ]  Initial parameter values: [-0.7486595574095678, 1.448448275862069, -0.7093853465873212]
2020-06-18 13:22:26,565 [MainThread  ][INFO ]  Final fidelity: 1.0000000000000022
2020-06-18 13:22:26,565 [MainThread  ][INFO ]  Final parameters: [ 7.31387995  1.46417208 -0.33366   ]
2020-06-18 13:22:26,565 [MainThread  ][INFO ]  Fidelity: 1.0000000000000022
2020-06-18 13:22:26,565 [MainThread  ][INFO ]  ---- Iteration 30/30
2020-06-18 13:22:26,565 [MainThread  ][DEBUG]  Setting hyperparameter tf=3.0
2020-06-18 13:22:26,566 [MainThread  ][INFO ]  Starting optimization for tf=3.0
2020-06-18 13:22:26,566 [MainThread  ][DEBUG]  Optimization method: Powell
2020-06-18 13:22:26,566 [MainThread  ][DEBUG]  Optimization options: None
2020-06-18 13:22:26,566 [MainThread  ][INFO ]  Initial parameter values: [0.8830212601771303, 1.5, -1.7226081376613918]
2020-06-18 13:22:27,171 [MainThread  ][INFO ]  Final fidelity: 1.0000000000000009
2020-06-18 13:22:27,171 [MainThread  ][INFO ]  Final parameters: [ 0.14710021  1.26971994 -1.85831307]
2020-06-18 13:22:27,171 [MainThread  ][INFO ]  Fidelity: 1.0000000000000009
