2019-03-04 14:23:56,967 [MainThread  ][INFO ]  Output file name will be "goodTime_vs_numSpins.csv"
2019-03-04 14:24:25,835 [MainThread  ][INFO ]  Output file name will be "goodTime_vs_numSpins.csv"
2019-03-04 14:24:25,852 [MainThread  ][INFO ]  Using doublebang protocol ansatz.
2019-03-04 14:24:25,852 [MainThread  ][DEBUG]  Initializing ProtocolAnsatz instance "doublebang"
2019-03-04 14:24:25,853 [MainThread  ][INFO ]  Using parameters constraints: [[-2.0, 2.0], [None, None], [-2.0, 2.0]]
2019-03-04 14:24:25,853 [MainThread  ][INFO ]  Using total height constraint: None
2019-03-04 14:24:25,853 [MainThread  ][INFO ]  ---- Starting iteration 1/24
2019-03-04 14:24:25,854 [MainThread  ][DEBUG]  Setting hyperparameter tf=0.8
2019-03-04 14:24:25,854 [MainThread  ][INFO ]  Starting optimization for tf=0.8
2019-03-04 14:24:25,854 [MainThread  ][DEBUG]  Optimization method: Powell
2019-03-04 14:24:25,854 [MainThread  ][DEBUG]  Optimization options: None
2019-03-04 14:24:25,855 [MainThread  ][INFO ]  Initial parameter values: [1.6992396 0.4       1.5943387]
2019-03-04 14:24:45,184 [MainThread  ][INFO ]  Final fidelity: 0.9522918371888699
2019-03-04 14:24:45,185 [MainThread  ][INFO ]  Final parameters: [ 1.99999982  0.54598906 -1.99999972]
2019-03-04 14:24:45,185 [MainThread  ][INFO ]  Fidelity: 0.9522918371888699
2019-03-04 14:24:45,185 [MainThread  ][INFO ]  ---- Starting iteration 2/24
2019-03-04 14:24:45,185 [MainThread  ][DEBUG]  Setting hyperparameter tf=0.8500000000000001
2019-03-04 14:24:45,185 [MainThread  ][INFO ]  Starting optimization for tf=0.8500000000000001
2019-03-04 14:24:45,185 [MainThread  ][DEBUG]  Optimization method: Powell
2019-03-04 14:24:45,185 [MainThread  ][DEBUG]  Optimization options: None
2019-03-04 14:24:45,186 [MainThread  ][INFO ]  Initial parameter values: [0.27950853 0.425      1.3489836 ]
2019-03-04 14:25:03,110 [MainThread  ][INFO ]  Final fidelity: 0.9635760651663595
2019-03-04 14:25:03,111 [MainThread  ][INFO ]  Final parameters: [ 1.99999994  0.58735733 -1.99999977]
2019-03-04 14:25:03,111 [MainThread  ][INFO ]  Fidelity: 0.9635760651663595
2019-03-04 14:25:03,111 [MainThread  ][INFO ]  ---- Starting iteration 3/24
2019-03-04 14:25:03,111 [MainThread  ][DEBUG]  Setting hyperparameter tf=0.9000000000000001
2019-03-04 14:25:03,111 [MainThread  ][INFO ]  Starting optimization for tf=0.9000000000000001
2019-03-04 14:25:03,111 [MainThread  ][DEBUG]  Optimization method: Powell
2019-03-04 14:25:03,111 [MainThread  ][DEBUG]  Optimization options: None
2019-03-04 14:25:03,111 [MainThread  ][INFO ]  Initial parameter values: [0.41706187 0.45       0.66008214]
2019-03-04 14:25:29,430 [MainThread  ][INFO ]  Final fidelity: 0.9737189180430711
2019-03-04 14:25:29,431 [MainThread  ][INFO ]  Final parameters: [ 2.          0.62982829 -1.99999978]
2019-03-04 14:25:29,431 [MainThread  ][INFO ]  Fidelity: 0.9737189180430711
2019-03-04 14:25:29,431 [MainThread  ][INFO ]  ---- Starting iteration 4/24
2019-03-04 14:25:29,431 [MainThread  ][DEBUG]  Setting hyperparameter tf=0.9500000000000002
2019-03-04 14:25:29,431 [MainThread  ][INFO ]  Starting optimization for tf=0.9500000000000002
2019-03-04 14:25:29,431 [MainThread  ][DEBUG]  Optimization method: Powell
2019-03-04 14:25:29,431 [MainThread  ][DEBUG]  Optimization options: None
2019-03-04 14:25:29,431 [MainThread  ][INFO ]  Initial parameter values: [0.28746172 0.475      1.97430602]
2019-03-04 14:25:47,535 [MainThread  ][INFO ]  Final fidelity: 0.9824640896795908
2019-03-04 14:25:47,536 [MainThread  ][INFO ]  Final parameters: [ 1.99999999  0.67310061 -1.99999918]
2019-03-04 14:25:47,536 [MainThread  ][INFO ]  Fidelity: 0.9824640896795908
2019-03-04 14:25:47,536 [MainThread  ][INFO ]  ---- Starting iteration 5/24
2019-03-04 14:25:47,536 [MainThread  ][DEBUG]  Setting hyperparameter tf=1.0000000000000002
2019-03-04 14:25:47,536 [MainThread  ][INFO ]  Starting optimization for tf=1.0000000000000002
2019-03-04 14:25:47,536 [MainThread  ][DEBUG]  Optimization method: Powell
2019-03-04 14:25:47,536 [MainThread  ][DEBUG]  Optimization options: None
2019-03-04 14:25:47,536 [MainThread  ][INFO ]  Initial parameter values: [0.64433089 0.5        1.40336057]
2019-03-04 14:26:14,360 [MainThread  ][INFO ]  Final fidelity: 0.9895676997796026
2019-03-04 14:26:14,361 [MainThread  ][INFO ]  Final parameters: [ 1.99999996  0.71720349 -1.99999974]
2019-03-04 14:26:14,361 [MainThread  ][INFO ]  Fidelity: 0.9895676997796026
2019-03-04 14:26:14,361 [MainThread  ][INFO ]  ---- Starting iteration 6/24
2019-03-04 14:26:14,361 [MainThread  ][DEBUG]  Setting hyperparameter tf=1.0500000000000003
2019-03-04 14:26:14,361 [MainThread  ][INFO ]  Starting optimization for tf=1.0500000000000003
2019-03-04 14:26:14,361 [MainThread  ][DEBUG]  Optimization method: Powell
2019-03-04 14:26:14,361 [MainThread  ][DEBUG]  Optimization options: None
2019-03-04 14:26:14,361 [MainThread  ][INFO ]  Initial parameter values: [1.97012744 0.525      1.05929127]
2019-03-04 14:26:39,067 [MainThread  ][INFO ]  Final fidelity: 0.9948101391526086
2019-03-04 14:26:39,067 [MainThread  ][INFO ]  Final parameters: [ 1.99999973  0.76169948 -1.99999916]
2019-03-04 14:26:39,067 [MainThread  ][INFO ]  Fidelity: 0.9948101391526086
2019-03-04 14:26:39,067 [MainThread  ][INFO ]  Stopping condition (fidelity >= 0.99) reached, stopping.
2019-03-04 14:26:39,079 [MainThread  ][INFO ]  Using doublebang protocol ansatz.
2019-03-04 14:26:39,079 [MainThread  ][DEBUG]  Initializing ProtocolAnsatz instance "doublebang"
2019-03-04 14:26:39,079 [MainThread  ][INFO ]  Using parameters constraints: [[-2.0, 2.0], [None, None], [-2.0, 2.0]]
2019-03-04 14:26:39,079 [MainThread  ][INFO ]  Using total height constraint: None
2019-03-04 14:26:39,079 [MainThread  ][INFO ]  ---- Starting iteration 1/24
2019-03-04 14:26:39,080 [MainThread  ][DEBUG]  Setting hyperparameter tf=0.8
2019-03-04 14:26:39,080 [MainThread  ][INFO ]  Starting optimization for tf=0.8
2019-03-04 14:26:39,080 [MainThread  ][DEBUG]  Optimization method: Powell
2019-03-04 14:26:39,080 [MainThread  ][DEBUG]  Optimization options: None
2019-03-04 14:26:39,080 [MainThread  ][INFO ]  Initial parameter values: [0.01714646 0.4        1.44755676]
2019-03-04 14:26:53,018 [MainThread  ][INFO ]  Final fidelity: 0.9437968433466334
2019-03-04 14:26:53,019 [MainThread  ][INFO ]  Final parameters: [ 1.99999982  0.54640235 -1.99999999]
2019-03-04 14:26:53,019 [MainThread  ][INFO ]  Fidelity: 0.9437968433466334
2019-03-04 14:26:53,019 [MainThread  ][INFO ]  ---- Starting iteration 2/24
2019-03-04 14:26:53,019 [MainThread  ][DEBUG]  Setting hyperparameter tf=0.8500000000000001
2019-03-04 14:26:53,019 [MainThread  ][INFO ]  Starting optimization for tf=0.8500000000000001
2019-03-04 14:26:53,020 [MainThread  ][DEBUG]  Optimization method: Powell
2019-03-04 14:26:53,020 [MainThread  ][DEBUG]  Optimization options: None
2019-03-04 14:26:53,020 [MainThread  ][INFO ]  Initial parameter values: [1.8195695  0.425      1.61338852]
2019-03-04 14:27:13,446 [MainThread  ][INFO ]  Final fidelity: 0.9560446320429172
2019-03-04 14:27:13,447 [MainThread  ][INFO ]  Final parameters: [ 1.99999985  0.58797936 -1.99998439]
2019-03-04 14:27:13,447 [MainThread  ][INFO ]  Fidelity: 0.9560446320429172
2019-03-04 14:27:13,447 [MainThread  ][INFO ]  ---- Starting iteration 3/24
2019-03-04 14:27:13,448 [MainThread  ][DEBUG]  Setting hyperparameter tf=0.9000000000000001
2019-03-04 14:27:13,448 [MainThread  ][INFO ]  Starting optimization for tf=0.9000000000000001
2019-03-04 14:27:13,448 [MainThread  ][DEBUG]  Optimization method: Powell
2019-03-04 14:27:13,448 [MainThread  ][DEBUG]  Optimization options: None
2019-03-04 14:27:13,448 [MainThread  ][INFO ]  Initial parameter values: [0.18460137 0.45       0.83287174]
2019-03-04 14:27:33,468 [MainThread  ][INFO ]  Final fidelity: 0.9672408628804905
2019-03-04 14:27:33,469 [MainThread  ][INFO ]  Final parameters: [ 2.          0.63059117 -1.99993509]
2019-03-04 14:27:33,469 [MainThread  ][INFO ]  Fidelity: 0.9672408628804905
2019-03-04 14:27:33,469 [MainThread  ][INFO ]  ---- Starting iteration 4/24
2019-03-04 14:27:33,469 [MainThread  ][DEBUG]  Setting hyperparameter tf=0.9500000000000002
2019-03-04 14:27:33,469 [MainThread  ][INFO ]  Starting optimization for tf=0.9500000000000002
2019-03-04 14:27:33,469 [MainThread  ][DEBUG]  Optimization method: Powell
2019-03-04 14:27:33,469 [MainThread  ][DEBUG]  Optimization options: None
2019-03-04 14:27:33,469 [MainThread  ][INFO ]  Initial parameter values: [0.75702727 0.475      1.57326225]
2019-03-04 14:27:54,378 [MainThread  ][INFO ]  Final fidelity: 0.9746432133411169
2019-03-04 14:27:54,380 [MainThread  ][INFO ]  Final parameters: [ 1.99999997  0.64901805 -1.76879754]
2019-03-04 14:27:54,380 [MainThread  ][INFO ]  Fidelity: 0.9746432133411169
2019-03-04 14:27:54,380 [MainThread  ][INFO ]  ---- Starting iteration 5/24
2019-03-04 14:27:54,381 [MainThread  ][DEBUG]  Setting hyperparameter tf=1.0000000000000002
2019-03-04 14:27:54,381 [MainThread  ][INFO ]  Starting optimization for tf=1.0000000000000002
2019-03-04 14:27:54,381 [MainThread  ][DEBUG]  Optimization method: Powell
2019-03-04 14:27:54,381 [MainThread  ][DEBUG]  Optimization options: None
2019-03-04 14:27:54,382 [MainThread  ][INFO ]  Initial parameter values: [1.96688876 0.5        0.58025639]
2019-03-04 14:28:20,663 [MainThread  ][INFO ]  Final fidelity: 0.985397311552418
2019-03-04 14:28:20,663 [MainThread  ][INFO ]  Final parameters: [ 1.99999996  0.71825068 -1.99980239]
2019-03-04 14:28:20,663 [MainThread  ][INFO ]  Fidelity: 0.985397311552418
2019-03-04 14:28:20,663 [MainThread  ][INFO ]  ---- Starting iteration 6/24
2019-03-04 14:28:20,663 [MainThread  ][DEBUG]  Setting hyperparameter tf=1.0500000000000003
2019-03-04 14:28:20,664 [MainThread  ][INFO ]  Starting optimization for tf=1.0500000000000003
2019-03-04 14:28:20,664 [MainThread  ][DEBUG]  Optimization method: Powell
2019-03-04 14:28:20,664 [MainThread  ][DEBUG]  Optimization options: None
2019-03-04 14:28:20,664 [MainThread  ][INFO ]  Initial parameter values: [1.18578841 0.525      0.10027524]
2019-03-04 14:28:44,991 [MainThread  ][INFO ]  Final fidelity: 0.9918511967816594
2019-03-04 14:28:44,992 [MainThread  ][INFO ]  Final parameters: [ 1.99999968  0.7645078  -1.9990197 ]
2019-03-04 14:28:44,992 [MainThread  ][INFO ]  Fidelity: 0.9918511967816594
2019-03-04 14:28:44,992 [MainThread  ][INFO ]  Stopping condition (fidelity >= 0.99) reached, stopping.
2019-03-04 14:28:45,000 [MainThread  ][INFO ]  Using doublebang protocol ansatz.
2019-03-04 14:28:45,001 [MainThread  ][DEBUG]  Initializing ProtocolAnsatz instance "doublebang"
2019-03-04 14:28:45,001 [MainThread  ][INFO ]  Using parameters constraints: [[-2.0, 2.0], [None, None], [-2.0, 2.0]]
2019-03-04 14:28:45,001 [MainThread  ][INFO ]  Using total height constraint: None
2019-03-04 14:28:45,001 [MainThread  ][INFO ]  ---- Starting iteration 1/24
2019-03-04 14:28:45,001 [MainThread  ][DEBUG]  Setting hyperparameter tf=0.8
2019-03-04 14:28:45,001 [MainThread  ][INFO ]  Starting optimization for tf=0.8
2019-03-04 14:28:45,001 [MainThread  ][DEBUG]  Optimization method: Powell
2019-03-04 14:28:45,001 [MainThread  ][DEBUG]  Optimization options: None
2019-03-04 14:28:45,001 [MainThread  ][INFO ]  Initial parameter values: [0.70740863 0.4        0.15554277]
2019-03-04 14:29:04,161 [MainThread  ][INFO ]  Final fidelity: 0.9360684298420808
2019-03-04 14:29:04,161 [MainThread  ][INFO ]  Final parameters: [ 1.99999996  0.54802715 -1.99999957]
2019-03-04 14:29:04,161 [MainThread  ][INFO ]  Fidelity: 0.9360684298420808
2019-03-04 14:29:04,161 [MainThread  ][INFO ]  ---- Starting iteration 2/24
2019-03-04 14:29:04,161 [MainThread  ][DEBUG]  Setting hyperparameter tf=0.8500000000000001
2019-03-04 14:29:04,161 [MainThread  ][INFO ]  Starting optimization for tf=0.8500000000000001
2019-03-04 14:29:04,161 [MainThread  ][DEBUG]  Optimization method: Powell
2019-03-04 14:29:04,161 [MainThread  ][DEBUG]  Optimization options: None
2019-03-04 14:29:04,161 [MainThread  ][INFO ]  Initial parameter values: [1.53546408 0.425      1.27842703]
2019-03-04 14:29:20,228 [MainThread  ][INFO ]  Final fidelity: 0.9491190762350649
2019-03-04 14:29:20,228 [MainThread  ][INFO ]  Final parameters: [ 1.99998594  0.58814679 -1.99999984]
2019-03-04 14:29:20,228 [MainThread  ][INFO ]  Fidelity: 0.9491190762350649
2019-03-04 14:29:20,229 [MainThread  ][INFO ]  ---- Starting iteration 3/24
2019-03-04 14:29:20,229 [MainThread  ][DEBUG]  Setting hyperparameter tf=0.9000000000000001
2019-03-04 14:29:20,229 [MainThread  ][INFO ]  Starting optimization for tf=0.9000000000000001
2019-03-04 14:29:20,229 [MainThread  ][DEBUG]  Optimization method: Powell
2019-03-04 14:29:20,229 [MainThread  ][DEBUG]  Optimization options: None
2019-03-04 14:29:20,229 [MainThread  ][INFO ]  Initial parameter values: [0.31069912 0.45       1.79087588]
2019-03-04 14:29:41,322 [MainThread  ][INFO ]  Final fidelity: 0.9611804037073434
2019-03-04 14:29:41,324 [MainThread  ][INFO ]  Final parameters: [ 1.99999999  0.63105178 -1.99999987]
2019-03-04 14:29:41,324 [MainThread  ][INFO ]  Fidelity: 0.9611804037073434
2019-03-04 14:29:41,324 [MainThread  ][INFO ]  ---- Starting iteration 4/24
2019-03-04 14:29:41,324 [MainThread  ][DEBUG]  Setting hyperparameter tf=0.9500000000000002
2019-03-04 14:29:41,324 [MainThread  ][INFO ]  Starting optimization for tf=0.9500000000000002
2019-03-04 14:29:41,325 [MainThread  ][DEBUG]  Optimization method: Powell
2019-03-04 14:29:41,325 [MainThread  ][DEBUG]  Optimization options: None
2019-03-04 14:29:41,325 [MainThread  ][INFO ]  Initial parameter values: [0.67771482 0.475      1.22810335]
2019-03-04 14:29:59,645 [MainThread  ][INFO ]  Final fidelity: 0.9719850429962374
2019-03-04 14:29:59,646 [MainThread  ][INFO ]  Final parameters: [ 1.99999997  0.67475944 -1.99994357]
2019-03-04 14:29:59,646 [MainThread  ][INFO ]  Fidelity: 0.9719850429962374
2019-03-04 14:29:59,646 [MainThread  ][INFO ]  ---- Starting iteration 5/24
2019-03-04 14:29:59,646 [MainThread  ][DEBUG]  Setting hyperparameter tf=1.0000000000000002
2019-03-04 14:29:59,646 [MainThread  ][INFO ]  Starting optimization for tf=1.0000000000000002
2019-03-04 14:29:59,646 [MainThread  ][DEBUG]  Optimization method: Powell
2019-03-04 14:29:59,647 [MainThread  ][DEBUG]  Optimization options: None
2019-03-04 14:29:59,647 [MainThread  ][INFO ]  Initial parameter values: [1.85315938 0.5        0.11676335]
2019-03-04 14:30:29,826 [MainThread  ][INFO ]  Final fidelity: 0.9812433221822638
2019-03-04 14:30:29,827 [MainThread  ][INFO ]  Final parameters: [ 2.          0.72047367 -1.99999971]
2019-03-04 14:30:29,827 [MainThread  ][INFO ]  Fidelity: 0.9812433221822638
2019-03-04 14:30:29,827 [MainThread  ][INFO ]  ---- Starting iteration 6/24
2019-03-04 14:30:29,827 [MainThread  ][DEBUG]  Setting hyperparameter tf=1.0500000000000003
2019-03-04 14:30:29,828 [MainThread  ][INFO ]  Starting optimization for tf=1.0500000000000003
2019-03-04 14:30:29,828 [MainThread  ][DEBUG]  Optimization method: Powell
2019-03-04 14:30:29,828 [MainThread  ][DEBUG]  Optimization options: None
2019-03-04 14:30:29,828 [MainThread  ][INFO ]  Initial parameter values: [1.70770646 0.525      1.96633957]
2019-03-04 14:30:51,587 [MainThread  ][INFO ]  Final fidelity: 0.9888015605073469
2019-03-04 14:30:51,587 [MainThread  ][INFO ]  Final parameters: [ 1.9999999   0.76391523 -1.99999968]
2019-03-04 14:30:51,588 [MainThread  ][INFO ]  Fidelity: 0.9888015605073469
2019-03-04 14:30:51,588 [MainThread  ][INFO ]  ---- Starting iteration 7/24
2019-03-04 14:30:51,588 [MainThread  ][DEBUG]  Setting hyperparameter tf=1.1000000000000003
2019-03-04 14:30:51,588 [MainThread  ][INFO ]  Starting optimization for tf=1.1000000000000003
2019-03-04 14:30:51,588 [MainThread  ][DEBUG]  Optimization method: Powell
2019-03-04 14:30:51,588 [MainThread  ][DEBUG]  Optimization options: None
2019-03-04 14:30:51,588 [MainThread  ][INFO ]  Initial parameter values: [1.55074469 0.55       0.20313637]
2019-03-04 14:31:28,747 [MainThread  ][INFO ]  Final fidelity: 0.9943657001797144
2019-03-04 14:31:28,747 [MainThread  ][INFO ]  Final parameters: [ 1.99999988  0.80978287 -1.99968368]
2019-03-04 14:31:28,747 [MainThread  ][INFO ]  Fidelity: 0.9943657001797144
2019-03-04 14:31:28,747 [MainThread  ][INFO ]  Stopping condition (fidelity >= 0.99) reached, stopping.
2019-03-04 14:31:28,755 [MainThread  ][INFO ]  Using doublebang protocol ansatz.
2019-03-04 14:31:28,755 [MainThread  ][DEBUG]  Initializing ProtocolAnsatz instance "doublebang"
2019-03-04 14:31:28,755 [MainThread  ][INFO ]  Using parameters constraints: [[-2.0, 2.0], [None, None], [-2.0, 2.0]]
2019-03-04 14:31:28,755 [MainThread  ][INFO ]  Using total height constraint: None
2019-03-04 14:31:28,755 [MainThread  ][INFO ]  ---- Starting iteration 1/24
2019-03-04 14:31:28,755 [MainThread  ][DEBUG]  Setting hyperparameter tf=0.8
2019-03-04 14:31:28,755 [MainThread  ][INFO ]  Starting optimization for tf=0.8
2019-03-04 14:31:28,756 [MainThread  ][DEBUG]  Optimization method: Powell
2019-03-04 14:31:28,756 [MainThread  ][DEBUG]  Optimization options: None
2019-03-04 14:31:28,756 [MainThread  ][INFO ]  Initial parameter values: [0.00362199 0.4        1.06989004]
2019-03-04 14:31:49,493 [MainThread  ][INFO ]  Final fidelity: 0.9290135416911225
2019-03-04 14:31:49,493 [MainThread  ][INFO ]  Final parameters: [ 1.99999998  0.54726309 -2.        ]
2019-03-04 14:31:49,493 [MainThread  ][INFO ]  Fidelity: 0.9290135416911225
2019-03-04 14:31:49,493 [MainThread  ][INFO ]  ---- Starting iteration 2/24
2019-03-04 14:31:49,493 [MainThread  ][DEBUG]  Setting hyperparameter tf=0.8500000000000001
2019-03-04 14:31:49,494 [MainThread  ][INFO ]  Starting optimization for tf=0.8500000000000001
2019-03-04 14:31:49,494 [MainThread  ][DEBUG]  Optimization method: Powell
2019-03-04 14:31:49,494 [MainThread  ][DEBUG]  Optimization options: None
2019-03-04 14:31:49,494 [MainThread  ][INFO ]  Initial parameter values: [1.29416923 0.425      0.28863294]
2019-03-04 14:32:09,492 [MainThread  ][INFO ]  Final fidelity: 0.9425714163073061
2019-03-04 14:32:09,493 [MainThread  ][INFO ]  Final parameters: [ 1.99999999  0.58523504 -1.99999976]
2019-03-04 14:32:09,493 [MainThread  ][INFO ]  Fidelity: 0.9425714163073061
2019-03-04 14:32:09,493 [MainThread  ][INFO ]  ---- Starting iteration 3/24
2019-03-04 14:32:09,493 [MainThread  ][DEBUG]  Setting hyperparameter tf=0.9000000000000001
2019-03-04 14:32:09,493 [MainThread  ][INFO ]  Starting optimization for tf=0.9000000000000001
2019-03-04 14:32:09,493 [MainThread  ][DEBUG]  Optimization method: Powell
2019-03-04 14:32:09,493 [MainThread  ][DEBUG]  Optimization options: None
2019-03-04 14:32:09,494 [MainThread  ][INFO ]  Initial parameter values: [1.1705017  0.45       0.34649855]
2019-03-04 14:32:30,688 [MainThread  ][INFO ]  Final fidelity: 0.9554237598320293
2019-03-04 14:32:30,688 [MainThread  ][INFO ]  Final parameters: [ 1.99999971  0.62890917 -1.99999951]
2019-03-04 14:32:30,688 [MainThread  ][INFO ]  Fidelity: 0.9554237598320293
2019-03-04 14:32:30,688 [MainThread  ][INFO ]  ---- Starting iteration 4/24
2019-03-04 14:32:30,688 [MainThread  ][DEBUG]  Setting hyperparameter tf=0.9500000000000002
2019-03-04 14:32:30,688 [MainThread  ][INFO ]  Starting optimization for tf=0.9500000000000002
2019-03-04 14:32:30,688 [MainThread  ][DEBUG]  Optimization method: Powell
2019-03-04 14:32:30,688 [MainThread  ][DEBUG]  Optimization options: None
2019-03-04 14:32:30,688 [MainThread  ][INFO ]  Initial parameter values: [1.56793586 0.475      1.55179848]
2019-03-04 14:32:59,499 [MainThread  ][INFO ]  Final fidelity: 0.9671057160040916
2019-03-04 14:32:59,499 [MainThread  ][INFO ]  Final parameters: [ 1.99999999  0.6752338  -1.99999979]
2019-03-04 14:32:59,499 [MainThread  ][INFO ]  Fidelity: 0.9671057160040916
2019-03-04 14:32:59,499 [MainThread  ][INFO ]  ---- Starting iteration 5/24
2019-03-04 14:32:59,499 [MainThread  ][DEBUG]  Setting hyperparameter tf=1.0000000000000002
2019-03-04 14:32:59,499 [MainThread  ][INFO ]  Starting optimization for tf=1.0000000000000002
2019-03-04 14:32:59,499 [MainThread  ][DEBUG]  Optimization method: Powell
2019-03-04 14:32:59,499 [MainThread  ][DEBUG]  Optimization options: None
2019-03-04 14:32:59,500 [MainThread  ][INFO ]  Initial parameter values: [1.2962206 0.5       1.2886736]
2019-03-04 14:33:14,345 [MainThread  ][INFO ]  Final fidelity: 0.9414900811379979
2019-03-04 14:33:14,346 [MainThread  ][INFO ]  Final parameters: [ 1.34460144  0.79137933 -2.        ]
2019-03-04 14:33:14,346 [MainThread  ][INFO ]  Fidelity: 0.9414900811379979
2019-03-04 14:33:14,346 [MainThread  ][INFO ]  ---- Starting iteration 6/24
2019-03-04 14:33:14,346 [MainThread  ][DEBUG]  Setting hyperparameter tf=1.0500000000000003
2019-03-04 14:33:14,346 [MainThread  ][INFO ]  Starting optimization for tf=1.0500000000000003
2019-03-04 14:33:14,346 [MainThread  ][DEBUG]  Optimization method: Powell
2019-03-04 14:33:14,346 [MainThread  ][DEBUG]  Optimization options: None
2019-03-04 14:33:14,347 [MainThread  ][INFO ]  Initial parameter values: [0.13637577 0.525      1.60377973]
2019-03-04 14:33:46,071 [MainThread  ][INFO ]  Final fidelity: 0.9856746816718174
2019-03-04 14:33:46,072 [MainThread  ][INFO ]  Final parameters: [ 1.99999985  0.76457685 -1.99998609]
2019-03-04 14:33:46,072 [MainThread  ][INFO ]  Fidelity: 0.9856746816718174
2019-03-04 14:33:46,072 [MainThread  ][INFO ]  ---- Starting iteration 7/24
2019-03-04 14:33:46,072 [MainThread  ][DEBUG]  Setting hyperparameter tf=1.1000000000000003
2019-03-04 14:33:46,072 [MainThread  ][INFO ]  Starting optimization for tf=1.1000000000000003
2019-03-04 14:33:46,073 [MainThread  ][DEBUG]  Optimization method: Powell
2019-03-04 14:33:46,073 [MainThread  ][DEBUG]  Optimization options: None
2019-03-04 14:33:46,073 [MainThread  ][INFO ]  Initial parameter values: [1.90227782 0.55       0.11305568]
2019-03-04 14:34:19,191 [MainThread  ][INFO ]  Final fidelity: 0.9921420225964094
2019-03-04 14:34:19,193 [MainThread  ][INFO ]  Final parameters: [ 1.99999977  0.81197692 -1.99999785]
2019-03-04 14:34:19,193 [MainThread  ][INFO ]  Fidelity: 0.9921420225964094
2019-03-04 14:34:19,193 [MainThread  ][INFO ]  Stopping condition (fidelity >= 0.99) reached, stopping.
2019-03-04 14:34:19,212 [MainThread  ][INFO ]  Using doublebang protocol ansatz.
2019-03-04 14:34:19,212 [MainThread  ][DEBUG]  Initializing ProtocolAnsatz instance "doublebang"
2019-03-04 14:34:19,213 [MainThread  ][INFO ]  Using parameters constraints: [[-2.0, 2.0], [None, None], [-2.0, 2.0]]
2019-03-04 14:34:19,213 [MainThread  ][INFO ]  Using total height constraint: None
2019-03-04 14:34:19,213 [MainThread  ][INFO ]  ---- Starting iteration 1/24
2019-03-04 14:34:19,213 [MainThread  ][DEBUG]  Setting hyperparameter tf=0.8
2019-03-04 14:34:19,213 [MainThread  ][INFO ]  Starting optimization for tf=0.8
2019-03-04 14:34:19,213 [MainThread  ][DEBUG]  Optimization method: Powell
2019-03-04 14:34:19,214 [MainThread  ][DEBUG]  Optimization options: None
2019-03-04 14:34:19,214 [MainThread  ][INFO ]  Initial parameter values: [1.15273664 0.4        1.22501631]
2019-03-04 14:34:37,615 [MainThread  ][INFO ]  Final fidelity: 0.9224930655353921
2019-03-04 14:34:37,615 [MainThread  ][INFO ]  Final parameters: [ 1.99999984  0.54720069 -1.99999921]
2019-03-04 14:34:37,615 [MainThread  ][INFO ]  Fidelity: 0.9224930655353921
2019-03-04 14:34:37,615 [MainThread  ][INFO ]  ---- Starting iteration 2/24
2019-03-04 14:34:37,615 [MainThread  ][DEBUG]  Setting hyperparameter tf=0.8500000000000001
2019-03-04 14:34:37,615 [MainThread  ][INFO ]  Starting optimization for tf=0.8500000000000001
2019-03-04 14:34:37,615 [MainThread  ][DEBUG]  Optimization method: Powell
2019-03-04 14:34:37,616 [MainThread  ][DEBUG]  Optimization options: None
2019-03-04 14:34:37,616 [MainThread  ][INFO ]  Initial parameter values: [0.35841066 0.425      0.04839134]
2019-03-04 14:34:56,670 [MainThread  ][INFO ]  Final fidelity: 0.936565479854499
2019-03-04 14:34:56,671 [MainThread  ][INFO ]  Final parameters: [ 1.99999999  0.58494013 -1.99994864]
2019-03-04 14:34:56,671 [MainThread  ][INFO ]  Fidelity: 0.936565479854499
2019-03-04 14:34:56,671 [MainThread  ][INFO ]  ---- Starting iteration 3/24
2019-03-04 14:34:56,671 [MainThread  ][DEBUG]  Setting hyperparameter tf=0.9000000000000001
2019-03-04 14:34:56,671 [MainThread  ][INFO ]  Starting optimization for tf=0.9000000000000001
2019-03-04 14:34:56,671 [MainThread  ][DEBUG]  Optimization method: Powell
2019-03-04 14:34:56,671 [MainThread  ][DEBUG]  Optimization options: None
2019-03-04 14:34:56,672 [MainThread  ][INFO ]  Initial parameter values: [0.1606132  0.45       1.36705962]
2019-03-04 14:35:17,427 [MainThread  ][INFO ]  Final fidelity: 0.9501806732931843
2019-03-04 14:35:17,428 [MainThread  ][INFO ]  Final parameters: [ 2.          0.63213095 -1.99999995]
2019-03-04 14:35:17,428 [MainThread  ][INFO ]  Fidelity: 0.9501806732931843
2019-03-04 14:35:17,428 [MainThread  ][INFO ]  ---- Starting iteration 4/24
2019-03-04 14:35:17,428 [MainThread  ][DEBUG]  Setting hyperparameter tf=0.9500000000000002
2019-03-04 14:35:17,428 [MainThread  ][INFO ]  Starting optimization for tf=0.9500000000000002
2019-03-04 14:35:17,429 [MainThread  ][DEBUG]  Optimization method: Powell
2019-03-04 14:35:17,429 [MainThread  ][DEBUG]  Optimization options: None
2019-03-04 14:35:17,429 [MainThread  ][INFO ]  Initial parameter values: [1.17171958 0.475      1.36593324]
2019-03-04 14:35:37,150 [MainThread  ][INFO ]  Final fidelity: 0.9624598021978009
2019-03-04 14:35:37,151 [MainThread  ][INFO ]  Final parameters: [ 1.99999998  0.67626278 -1.99999942]
2019-03-04 14:35:37,151 [MainThread  ][INFO ]  Fidelity: 0.9624598021978009
2019-03-04 14:35:37,151 [MainThread  ][INFO ]  ---- Starting iteration 5/24
2019-03-04 14:35:37,151 [MainThread  ][DEBUG]  Setting hyperparameter tf=1.0000000000000002
2019-03-04 14:35:37,151 [MainThread  ][INFO ]  Starting optimization for tf=1.0000000000000002
2019-03-04 14:35:37,151 [MainThread  ][DEBUG]  Optimization method: Powell
2019-03-04 14:35:37,151 [MainThread  ][DEBUG]  Optimization options: None
2019-03-04 14:35:37,151 [MainThread  ][INFO ]  Initial parameter values: [1.45969946 0.5        1.20617331]
2019-03-04 14:35:57,513 [MainThread  ][INFO ]  Final fidelity: 0.9733447613205716
2019-03-04 14:35:57,514 [MainThread  ][INFO ]  Final parameters: [ 1.99999995  0.72002079 -1.99999978]
2019-03-04 14:35:57,514 [MainThread  ][INFO ]  Fidelity: 0.9733447613205716
2019-03-04 14:35:57,514 [MainThread  ][INFO ]  ---- Starting iteration 6/24
2019-03-04 14:35:57,514 [MainThread  ][DEBUG]  Setting hyperparameter tf=1.0500000000000003
2019-03-04 14:35:57,514 [MainThread  ][INFO ]  Starting optimization for tf=1.0500000000000003
2019-03-04 14:35:57,514 [MainThread  ][DEBUG]  Optimization method: Powell
2019-03-04 14:35:57,514 [MainThread  ][DEBUG]  Optimization options: None
2019-03-04 14:35:57,514 [MainThread  ][INFO ]  Initial parameter values: [0.73139371 0.525      0.46744021]
2019-03-04 14:36:31,359 [MainThread  ][INFO ]  Final fidelity: 0.9825345188640956
2019-03-04 14:36:31,360 [MainThread  ][INFO ]  Final parameters: [ 1.99999991  0.76647686 -1.99996497]
2019-03-04 14:36:31,360 [MainThread  ][INFO ]  Fidelity: 0.9825345188640956
2019-03-04 14:36:31,360 [MainThread  ][INFO ]  ---- Starting iteration 7/24
2019-03-04 14:36:31,360 [MainThread  ][DEBUG]  Setting hyperparameter tf=1.1000000000000003
2019-03-04 14:36:31,360 [MainThread  ][INFO ]  Starting optimization for tf=1.1000000000000003
2019-03-04 14:36:31,360 [MainThread  ][DEBUG]  Optimization method: Powell
2019-03-04 14:36:31,360 [MainThread  ][DEBUG]  Optimization options: None
2019-03-04 14:36:31,360 [MainThread  ][INFO ]  Initial parameter values: [0.43870141 0.55       1.92686254]
2019-03-04 14:37:01,268 [MainThread  ][INFO ]  Final fidelity: 0.989898090327561
2019-03-04 14:37:01,270 [MainThread  ][INFO ]  Final parameters: [ 1.99999987  0.81089521 -1.99999967]
2019-03-04 14:37:01,270 [MainThread  ][INFO ]  Fidelity: 0.989898090327561
2019-03-04 14:37:01,270 [MainThread  ][INFO ]  ---- Starting iteration 8/24
2019-03-04 14:37:01,271 [MainThread  ][DEBUG]  Setting hyperparameter tf=1.1500000000000004
2019-03-04 14:37:01,271 [MainThread  ][INFO ]  Starting optimization for tf=1.1500000000000004
2019-03-04 14:37:01,271 [MainThread  ][DEBUG]  Optimization method: Powell
2019-03-04 14:37:01,271 [MainThread  ][DEBUG]  Optimization options: None
2019-03-04 14:37:01,272 [MainThread  ][INFO ]  Initial parameter values: [1.30366016 0.575      1.85434688]
2019-03-04 14:37:36,869 [MainThread  ][INFO ]  Final fidelity: 0.9951247600899245
2019-03-04 14:37:36,870 [MainThread  ][INFO ]  Final parameters: [ 1.99999985  0.85852508 -1.99999977]
2019-03-04 14:37:36,870 [MainThread  ][INFO ]  Fidelity: 0.9951247600899245
2019-03-04 14:37:36,870 [MainThread  ][INFO ]  Stopping condition (fidelity >= 0.99) reached, stopping.
2019-03-04 14:37:36,892 [MainThread  ][INFO ]  Using doublebang protocol ansatz.
2019-03-04 14:37:36,892 [MainThread  ][DEBUG]  Initializing ProtocolAnsatz instance "doublebang"
2019-03-04 14:37:36,892 [MainThread  ][INFO ]  Using parameters constraints: [[-2.0, 2.0], [None, None], [-2.0, 2.0]]
2019-03-04 14:37:36,892 [MainThread  ][INFO ]  Using total height constraint: None
2019-03-04 14:37:36,892 [MainThread  ][INFO ]  ---- Starting iteration 1/24
2019-03-04 14:37:36,893 [MainThread  ][DEBUG]  Setting hyperparameter tf=0.8
2019-03-04 14:37:36,893 [MainThread  ][INFO ]  Starting optimization for tf=0.8
2019-03-04 14:37:36,893 [MainThread  ][DEBUG]  Optimization method: Powell
2019-03-04 14:37:36,893 [MainThread  ][DEBUG]  Optimization options: None
2019-03-04 14:37:36,894 [MainThread  ][INFO ]  Initial parameter values: [0.30432772 0.4        0.86145613]
2019-03-04 14:37:54,224 [MainThread  ][INFO ]  Final fidelity: 0.9164413926675546
2019-03-04 14:37:54,225 [MainThread  ][INFO ]  Final parameters: [ 1.99999988  0.54767031 -1.99999999]
2019-03-04 14:37:54,225 [MainThread  ][INFO ]  Fidelity: 0.9164413926675546
2019-03-04 14:37:54,225 [MainThread  ][INFO ]  ---- Starting iteration 2/24
2019-03-04 14:37:54,225 [MainThread  ][DEBUG]  Setting hyperparameter tf=0.8500000000000001
2019-03-04 14:37:54,225 [MainThread  ][INFO ]  Starting optimization for tf=0.8500000000000001
2019-03-04 14:37:54,225 [MainThread  ][DEBUG]  Optimization method: Powell
2019-03-04 14:37:54,225 [MainThread  ][DEBUG]  Optimization options: None
2019-03-04 14:37:54,225 [MainThread  ][INFO ]  Initial parameter values: [0.2375021  0.425      0.39974394]
2019-03-04 14:38:16,310 [MainThread  ][INFO ]  Final fidelity: 0.9305750947943103
2019-03-04 14:38:16,310 [MainThread  ][INFO ]  Final parameters: [ 1.99999995  0.5818807  -1.99997956]
2019-03-04 14:38:16,310 [MainThread  ][INFO ]  Fidelity: 0.9305750947943103
2019-03-04 14:38:16,310 [MainThread  ][INFO ]  ---- Starting iteration 3/24
2019-03-04 14:38:16,310 [MainThread  ][DEBUG]  Setting hyperparameter tf=0.9000000000000001
2019-03-04 14:38:16,310 [MainThread  ][INFO ]  Starting optimization for tf=0.9000000000000001
2019-03-04 14:38:16,310 [MainThread  ][DEBUG]  Optimization method: Powell
2019-03-04 14:38:16,310 [MainThread  ][DEBUG]  Optimization options: None
2019-03-04 14:38:16,310 [MainThread  ][INFO ]  Initial parameter values: [1.02896948 0.45       1.63096114]
2019-03-04 14:38:39,610 [MainThread  ][INFO ]  Final fidelity: 0.9451554182093614
2019-03-04 14:38:39,611 [MainThread  ][INFO ]  Final parameters: [ 1.99999989  0.63166062 -1.99999927]
2019-03-04 14:38:39,611 [MainThread  ][INFO ]  Fidelity: 0.9451554182093614
2019-03-04 14:38:39,612 [MainThread  ][INFO ]  ---- Starting iteration 4/24
2019-03-04 14:38:39,612 [MainThread  ][DEBUG]  Setting hyperparameter tf=0.9500000000000002
2019-03-04 14:38:39,612 [MainThread  ][INFO ]  Starting optimization for tf=0.9500000000000002
2019-03-04 14:38:39,612 [MainThread  ][DEBUG]  Optimization method: Powell
2019-03-04 14:38:39,612 [MainThread  ][DEBUG]  Optimization options: None
2019-03-04 14:38:39,613 [MainThread  ][INFO ]  Initial parameter values: [0.54885573 0.475      1.59428211]
2019-03-04 14:39:10,889 [MainThread  ][INFO ]  Final fidelity: 0.9580087319270675
2019-03-04 14:39:10,890 [MainThread  ][INFO ]  Final parameters: [ 2.          0.67778349 -1.99999996]
2019-03-04 14:39:10,890 [MainThread  ][INFO ]  Fidelity: 0.9580087319270675
2019-03-04 14:39:10,891 [MainThread  ][INFO ]  ---- Starting iteration 5/24
2019-03-04 14:39:10,891 [MainThread  ][DEBUG]  Setting hyperparameter tf=1.0000000000000002
2019-03-04 14:39:10,891 [MainThread  ][INFO ]  Starting optimization for tf=1.0000000000000002
2019-03-04 14:39:10,891 [MainThread  ][DEBUG]  Optimization method: Powell
2019-03-04 14:39:10,891 [MainThread  ][DEBUG]  Optimization options: None
2019-03-04 14:39:10,892 [MainThread  ][INFO ]  Initial parameter values: [1.38383847 0.5        1.12348795]
2019-03-04 14:39:31,122 [MainThread  ][INFO ]  Final fidelity: 0.9695854501345526
2019-03-04 14:39:31,123 [MainThread  ][INFO ]  Final parameters: [ 2.          0.7203213  -1.99999972]
2019-03-04 14:39:31,124 [MainThread  ][INFO ]  Fidelity: 0.9695854501345526
2019-03-04 14:39:31,124 [MainThread  ][INFO ]  ---- Starting iteration 6/24
2019-03-04 14:39:31,124 [MainThread  ][DEBUG]  Setting hyperparameter tf=1.0500000000000003
2019-03-04 14:39:31,124 [MainThread  ][INFO ]  Starting optimization for tf=1.0500000000000003
2019-03-04 14:39:31,124 [MainThread  ][DEBUG]  Optimization method: Powell
2019-03-04 14:39:31,125 [MainThread  ][DEBUG]  Optimization options: None
2019-03-04 14:39:31,125 [MainThread  ][INFO ]  Initial parameter values: [1.52021149 0.525      0.98488309]
2019-03-04 14:39:44,386 [MainThread  ][INFO ]  Final fidelity: 0.9343280470910288
2019-03-04 14:39:44,386 [MainThread  ][INFO ]  Final parameters: [ 1.2669771  0.8501672 -2.       ]
2019-03-04 14:39:44,386 [MainThread  ][INFO ]  Fidelity: 0.9343280470910288
2019-03-04 14:39:44,386 [MainThread  ][INFO ]  ---- Starting iteration 7/24
2019-03-04 14:39:44,387 [MainThread  ][DEBUG]  Setting hyperparameter tf=1.1000000000000003
2019-03-04 14:39:44,387 [MainThread  ][INFO ]  Starting optimization for tf=1.1000000000000003
2019-03-04 14:39:44,387 [MainThread  ][DEBUG]  Optimization method: Powell
2019-03-04 14:39:44,387 [MainThread  ][DEBUG]  Optimization options: None
2019-03-04 14:39:44,387 [MainThread  ][INFO ]  Initial parameter values: [1.11469968 0.55       1.75405865]
2019-03-04 14:40:16,075 [MainThread  ][INFO ]  Final fidelity: 0.9875697461352133
2019-03-04 14:40:16,077 [MainThread  ][INFO ]  Final parameters: [ 1.99999998  0.81122186 -1.99999886]
2019-03-04 14:40:16,077 [MainThread  ][INFO ]  Fidelity: 0.9875697461352133
2019-03-04 14:40:16,077 [MainThread  ][INFO ]  ---- Starting iteration 8/24
2019-03-04 14:40:16,077 [MainThread  ][DEBUG]  Setting hyperparameter tf=1.1500000000000004
2019-03-04 14:40:16,077 [MainThread  ][INFO ]  Starting optimization for tf=1.1500000000000004
2019-03-04 14:40:16,077 [MainThread  ][DEBUG]  Optimization method: Powell
2019-03-04 14:40:16,077 [MainThread  ][DEBUG]  Optimization options: None
2019-03-04 14:40:16,078 [MainThread  ][INFO ]  Initial parameter values: [0.79040302 0.575      0.54423148]
2019-03-04 14:41:05,924 [MainThread  ][INFO ]  Final fidelity: 0.9935877234607396
2019-03-04 14:41:05,927 [MainThread  ][INFO ]  Final parameters: [ 1.99999995  0.85823485 -1.99986344]
2019-03-04 14:41:05,927 [MainThread  ][INFO ]  Fidelity: 0.9935877234607396
2019-03-04 14:41:05,927 [MainThread  ][INFO ]  Stopping condition (fidelity >= 0.99) reached, stopping.
2019-03-04 14:41:05,945 [MainThread  ][INFO ]  Using doublebang protocol ansatz.
2019-03-04 14:41:05,945 [MainThread  ][DEBUG]  Initializing ProtocolAnsatz instance "doublebang"
2019-03-04 14:41:05,945 [MainThread  ][INFO ]  Using parameters constraints: [[-2.0, 2.0], [None, None], [-2.0, 2.0]]
2019-03-04 14:41:05,945 [MainThread  ][INFO ]  Using total height constraint: None
2019-03-04 14:41:05,945 [MainThread  ][INFO ]  ---- Starting iteration 1/24
2019-03-04 14:41:05,945 [MainThread  ][DEBUG]  Setting hyperparameter tf=0.8
2019-03-04 14:41:05,945 [MainThread  ][INFO ]  Starting optimization for tf=0.8
2019-03-04 14:41:05,945 [MainThread  ][DEBUG]  Optimization method: Powell
2019-03-04 14:41:05,945 [MainThread  ][DEBUG]  Optimization options: None
2019-03-04 14:41:05,945 [MainThread  ][INFO ]  Initial parameter values: [1.59214768 0.4        0.81052618]
2019-03-04 14:41:24,952 [MainThread  ][INFO ]  Final fidelity: 0.9107931955344337
2019-03-04 14:41:24,952 [MainThread  ][INFO ]  Final parameters: [ 1.99999965  0.54762518 -1.99999994]
2019-03-04 14:41:24,953 [MainThread  ][INFO ]  Fidelity: 0.9107931955344337
2019-03-04 14:41:24,953 [MainThread  ][INFO ]  ---- Starting iteration 2/24
2019-03-04 14:41:24,953 [MainThread  ][DEBUG]  Setting hyperparameter tf=0.8500000000000001
2019-03-04 14:41:24,953 [MainThread  ][INFO ]  Starting optimization for tf=0.8500000000000001
2019-03-04 14:41:24,953 [MainThread  ][DEBUG]  Optimization method: Powell
2019-03-04 14:41:24,953 [MainThread  ][DEBUG]  Optimization options: None
2019-03-04 14:41:24,953 [MainThread  ][INFO ]  Initial parameter values: [1.36141601 0.425      0.51657664]
2019-03-04 14:41:51,912 [MainThread  ][INFO ]  Final fidelity: 0.9259767521639145
2019-03-04 14:41:51,912 [MainThread  ][INFO ]  Final parameters: [ 1.99999995  0.59038719 -1.9999582 ]
2019-03-04 14:41:51,912 [MainThread  ][INFO ]  Fidelity: 0.9259767521639145
2019-03-04 14:41:51,912 [MainThread  ][INFO ]  ---- Starting iteration 3/24
2019-03-04 14:41:51,913 [MainThread  ][DEBUG]  Setting hyperparameter tf=0.9000000000000001
2019-03-04 14:41:51,913 [MainThread  ][INFO ]  Starting optimization for tf=0.9000000000000001
2019-03-04 14:41:51,913 [MainThread  ][DEBUG]  Optimization method: Powell
2019-03-04 14:41:51,913 [MainThread  ][DEBUG]  Optimization options: None
2019-03-04 14:41:51,913 [MainThread  ][INFO ]  Initial parameter values: [1.75746273 0.45       1.08855429]
2019-03-04 14:42:13,222 [MainThread  ][INFO ]  Final fidelity: 0.9404274511993301
2019-03-04 14:42:13,222 [MainThread  ][INFO ]  Final parameters: [ 1.99999997  0.63221819 -1.99999934]
2019-03-04 14:42:13,222 [MainThread  ][INFO ]  Fidelity: 0.9404274511993301
2019-03-04 14:42:13,223 [MainThread  ][INFO ]  ---- Starting iteration 4/24
2019-03-04 14:42:13,223 [MainThread  ][DEBUG]  Setting hyperparameter tf=0.9500000000000002
2019-03-04 14:42:13,223 [MainThread  ][INFO ]  Starting optimization for tf=0.9500000000000002
2019-03-04 14:42:13,223 [MainThread  ][DEBUG]  Optimization method: Powell
2019-03-04 14:42:13,223 [MainThread  ][DEBUG]  Optimization options: None
2019-03-04 14:42:13,223 [MainThread  ][INFO ]  Initial parameter values: [0.4985617  0.475      0.08144466]
2019-03-04 14:42:41,711 [MainThread  ][INFO ]  Final fidelity: 0.9538380368217964
2019-03-04 14:42:41,712 [MainThread  ][INFO ]  Final parameters: [ 1.99999973  0.67706839 -1.99999529]
2019-03-04 14:42:41,712 [MainThread  ][INFO ]  Fidelity: 0.9538380368217964
2019-03-04 14:42:41,712 [MainThread  ][INFO ]  ---- Starting iteration 5/24
2019-03-04 14:42:41,712 [MainThread  ][DEBUG]  Setting hyperparameter tf=1.0000000000000002
2019-03-04 14:42:41,712 [MainThread  ][INFO ]  Starting optimization for tf=1.0000000000000002
2019-03-04 14:42:41,712 [MainThread  ][DEBUG]  Optimization method: Powell
2019-03-04 14:42:41,712 [MainThread  ][DEBUG]  Optimization options: None
2019-03-04 14:42:41,712 [MainThread  ][INFO ]  Initial parameter values: [1.26521205 0.5        0.38972012]
2019-03-04 14:43:14,538 [MainThread  ][INFO ]  Final fidelity: 0.965847325208118
2019-03-04 14:43:14,539 [MainThread  ][INFO ]  Final parameters: [ 2.          0.72253864 -1.99550264]
2019-03-04 14:43:14,539 [MainThread  ][INFO ]  Fidelity: 0.965847325208118
2019-03-04 14:43:14,539 [MainThread  ][INFO ]  ---- Starting iteration 6/24
2019-03-04 14:43:14,539 [MainThread  ][DEBUG]  Setting hyperparameter tf=1.0500000000000003
2019-03-04 14:43:14,539 [MainThread  ][INFO ]  Starting optimization for tf=1.0500000000000003
2019-03-04 14:43:14,539 [MainThread  ][DEBUG]  Optimization method: Powell
2019-03-04 14:43:14,539 [MainThread  ][DEBUG]  Optimization options: None
2019-03-04 14:43:14,539 [MainThread  ][INFO ]  Initial parameter values: [0.98205379 0.525      1.30803663]
2019-03-04 14:43:42,753 [MainThread  ][INFO ]  Final fidelity: 0.9765047208907519
2019-03-04 14:43:42,754 [MainThread  ][INFO ]  Final parameters: [ 1.99999992  0.76578317 -1.99999878]
2019-03-04 14:43:42,754 [MainThread  ][INFO ]  Fidelity: 0.9765047208907519
2019-03-04 14:43:42,754 [MainThread  ][INFO ]  ---- Starting iteration 7/24
2019-03-04 14:43:42,754 [MainThread  ][DEBUG]  Setting hyperparameter tf=1.1000000000000003
2019-03-04 14:43:42,754 [MainThread  ][INFO ]  Starting optimization for tf=1.1000000000000003
2019-03-04 14:43:42,754 [MainThread  ][DEBUG]  Optimization method: Powell
2019-03-04 14:43:42,754 [MainThread  ][DEBUG]  Optimization options: None
2019-03-04 14:43:42,755 [MainThread  ][INFO ]  Initial parameter values: [1.12448782 0.55       0.87925441]
2019-03-04 14:44:10,027 [MainThread  ][INFO ]  Final fidelity: 0.9852370303063699
2019-03-04 14:44:10,028 [MainThread  ][INFO ]  Final parameters: [ 1.99999968  0.811741   -1.99999853]
2019-03-04 14:44:10,028 [MainThread  ][INFO ]  Fidelity: 0.9852370303063699
2019-03-04 14:44:10,028 [MainThread  ][INFO ]  ---- Starting iteration 8/24
2019-03-04 14:44:10,029 [MainThread  ][DEBUG]  Setting hyperparameter tf=1.1500000000000004
2019-03-04 14:44:10,029 [MainThread  ][INFO ]  Starting optimization for tf=1.1500000000000004
2019-03-04 14:44:10,029 [MainThread  ][DEBUG]  Optimization method: Powell
2019-03-04 14:44:10,029 [MainThread  ][DEBUG]  Optimization options: None
2019-03-04 14:44:10,030 [MainThread  ][INFO ]  Initial parameter values: [1.29229513 0.575      1.26462684]
2019-03-04 14:44:42,727 [MainThread  ][INFO ]  Final fidelity: 0.991877315163281
2019-03-04 14:44:42,728 [MainThread  ][INFO ]  Final parameters: [ 1.99999982  0.86008842 -1.99999863]
2019-03-04 14:44:42,728 [MainThread  ][INFO ]  Fidelity: 0.991877315163281
2019-03-04 14:44:42,728 [MainThread  ][INFO ]  Stopping condition (fidelity >= 0.99) reached, stopping.
2019-03-04 14:44:42,787 [MainThread  ][INFO ]  Using doublebang protocol ansatz.
2019-03-04 14:44:42,787 [MainThread  ][DEBUG]  Initializing ProtocolAnsatz instance "doublebang"
2019-03-04 14:44:42,788 [MainThread  ][INFO ]  Using parameters constraints: [[-2.0, 2.0], [None, None], [-2.0, 2.0]]
2019-03-04 14:44:42,788 [MainThread  ][INFO ]  Using total height constraint: None
2019-03-04 14:44:42,788 [MainThread  ][INFO ]  ---- Starting iteration 1/24
2019-03-04 14:44:42,788 [MainThread  ][DEBUG]  Setting hyperparameter tf=0.8
2019-03-04 14:44:42,788 [MainThread  ][INFO ]  Starting optimization for tf=0.8
2019-03-04 14:44:42,788 [MainThread  ][DEBUG]  Optimization method: Powell
2019-03-04 14:44:42,788 [MainThread  ][DEBUG]  Optimization options: None
2019-03-04 14:44:42,788 [MainThread  ][INFO ]  Initial parameter values: [1.35054313 0.4        1.31963608]
2019-03-04 14:45:07,320 [MainThread  ][INFO ]  Final fidelity: 0.905496355238085
2019-03-04 14:45:07,320 [MainThread  ][INFO ]  Final parameters: [ 1.99999999  0.54764499 -1.99999996]
2019-03-04 14:45:07,320 [MainThread  ][INFO ]  Fidelity: 0.905496355238085
2019-03-04 14:45:07,320 [MainThread  ][INFO ]  ---- Starting iteration 2/24
2019-03-04 14:45:07,320 [MainThread  ][DEBUG]  Setting hyperparameter tf=0.8500000000000001
2019-03-04 14:45:07,320 [MainThread  ][INFO ]  Starting optimization for tf=0.8500000000000001
2019-03-04 14:45:07,321 [MainThread  ][DEBUG]  Optimization method: Powell
2019-03-04 14:45:07,321 [MainThread  ][DEBUG]  Optimization options: None
2019-03-04 14:45:07,321 [MainThread  ][INFO ]  Initial parameter values: [1.10490007 0.425      0.86920665]
2019-03-04 14:45:27,492 [MainThread  ][INFO ]  Final fidelity: 0.9210634825759515
2019-03-04 14:45:27,493 [MainThread  ][INFO ]  Final parameters: [ 1.99999996  0.58961014 -1.99999795]
2019-03-04 14:45:27,493 [MainThread  ][INFO ]  Fidelity: 0.9210634825759515
2019-03-04 14:45:27,493 [MainThread  ][INFO ]  ---- Starting iteration 3/24
2019-03-04 14:45:27,493 [MainThread  ][DEBUG]  Setting hyperparameter tf=0.9000000000000001
2019-03-04 14:45:27,493 [MainThread  ][INFO ]  Starting optimization for tf=0.9000000000000001
2019-03-04 14:45:27,493 [MainThread  ][DEBUG]  Optimization method: Powell
2019-03-04 14:45:27,493 [MainThread  ][DEBUG]  Optimization options: None
2019-03-04 14:45:27,493 [MainThread  ][INFO ]  Initial parameter values: [1.17114754 0.45       1.94529737]
2019-03-04 14:45:50,612 [MainThread  ][INFO ]  Final fidelity: 0.928213777191551
2019-03-04 14:45:50,613 [MainThread  ][INFO ]  Final parameters: [ 1.85470651  0.6463315  -2.        ]
2019-03-04 14:45:50,614 [MainThread  ][INFO ]  Fidelity: 0.928213777191551
2019-03-04 14:45:50,614 [MainThread  ][INFO ]  ---- Starting iteration 4/24
2019-03-04 14:45:50,614 [MainThread  ][DEBUG]  Setting hyperparameter tf=0.9500000000000002
2019-03-04 14:45:50,614 [MainThread  ][INFO ]  Starting optimization for tf=0.9500000000000002
2019-03-04 14:45:50,614 [MainThread  ][DEBUG]  Optimization method: Powell
2019-03-04 14:45:50,614 [MainThread  ][DEBUG]  Optimization options: None
2019-03-04 14:45:50,615 [MainThread  ][INFO ]  Initial parameter values: [0.40619289 0.475      0.55525196]
2019-03-04 14:46:22,482 [MainThread  ][INFO ]  Final fidelity: 0.9497231963009286
2019-03-04 14:46:22,483 [MainThread  ][INFO ]  Final parameters: [ 1.99999983  0.67945914 -1.99995426]
2019-03-04 14:46:22,483 [MainThread  ][INFO ]  Fidelity: 0.9497231963009286
2019-03-04 14:46:22,483 [MainThread  ][INFO ]  ---- Starting iteration 5/24
2019-03-04 14:46:22,483 [MainThread  ][DEBUG]  Setting hyperparameter tf=1.0000000000000002
2019-03-04 14:46:22,483 [MainThread  ][INFO ]  Starting optimization for tf=1.0000000000000002
2019-03-04 14:46:22,483 [MainThread  ][DEBUG]  Optimization method: Powell
2019-03-04 14:46:22,483 [MainThread  ][DEBUG]  Optimization options: None
2019-03-04 14:46:22,483 [MainThread  ][INFO ]  Initial parameter values: [1.70110742 0.5        1.12636822]
2019-03-04 14:46:49,463 [MainThread  ][INFO ]  Final fidelity: 0.9624730476066399
2019-03-04 14:46:49,463 [MainThread  ][INFO ]  Final parameters: [ 1.99999994  0.72092601 -1.99999959]
2019-03-04 14:46:49,463 [MainThread  ][INFO ]  Fidelity: 0.9624730476066399
2019-03-04 14:46:49,463 [MainThread  ][INFO ]  ---- Starting iteration 6/24
2019-03-04 14:46:49,464 [MainThread  ][DEBUG]  Setting hyperparameter tf=1.0500000000000003
2019-03-04 14:46:49,464 [MainThread  ][INFO ]  Starting optimization for tf=1.0500000000000003
2019-03-04 14:46:49,464 [MainThread  ][DEBUG]  Optimization method: Powell
2019-03-04 14:46:49,464 [MainThread  ][DEBUG]  Optimization options: None
2019-03-04 14:46:49,464 [MainThread  ][INFO ]  Initial parameter values: [0.49882682 0.525      1.06211159]
2019-03-04 14:47:13,795 [MainThread  ][INFO ]  Final fidelity: 0.9735788612177222
2019-03-04 14:47:13,796 [MainThread  ][INFO ]  Final parameters: [ 1.9999999   0.76609858 -1.99999992]
2019-03-04 14:47:13,797 [MainThread  ][INFO ]  Fidelity: 0.9735788612177222
2019-03-04 14:47:13,797 [MainThread  ][INFO ]  ---- Starting iteration 7/24
2019-03-04 14:47:13,797 [MainThread  ][DEBUG]  Setting hyperparameter tf=1.1000000000000003
2019-03-04 14:47:13,797 [MainThread  ][INFO ]  Starting optimization for tf=1.1000000000000003
2019-03-04 14:47:13,797 [MainThread  ][DEBUG]  Optimization method: Powell
2019-03-04 14:47:13,797 [MainThread  ][DEBUG]  Optimization options: None
2019-03-04 14:47:13,797 [MainThread  ][INFO ]  Initial parameter values: [0.90619816 0.55       1.37339433]
2019-03-04 14:47:49,721 [MainThread  ][INFO ]  Final fidelity: 0.9829084820011172
2019-03-04 14:47:49,722 [MainThread  ][INFO ]  Final parameters: [ 1.99999994  0.81226037 -1.99999964]
2019-03-04 14:47:49,722 [MainThread  ][INFO ]  Fidelity: 0.9829084820011172
2019-03-04 14:47:49,722 [MainThread  ][INFO ]  ---- Starting iteration 8/24
2019-03-04 14:47:49,722 [MainThread  ][DEBUG]  Setting hyperparameter tf=1.1500000000000004
2019-03-04 14:47:49,722 [MainThread  ][INFO ]  Starting optimization for tf=1.1500000000000004
2019-03-04 14:47:49,722 [MainThread  ][DEBUG]  Optimization method: Powell
2019-03-04 14:47:49,722 [MainThread  ][DEBUG]  Optimization options: None
2019-03-04 14:47:49,723 [MainThread  ][INFO ]  Initial parameter values: [0.9308935  0.575      0.68191692]
2019-03-04 14:48:46,729 [MainThread  ][INFO ]  Final fidelity: 0.990200572643187
2019-03-04 14:48:46,729 [MainThread  ][INFO ]  Final parameters: [ 1.99999989  0.856742   -1.99999098]
2019-03-04 14:48:46,729 [MainThread  ][INFO ]  Fidelity: 0.990200572643187
2019-03-04 14:48:46,730 [MainThread  ][INFO ]  Stopping condition (fidelity >= 0.99) reached, stopping.
2019-03-04 14:48:46,739 [MainThread  ][INFO ]  Using doublebang protocol ansatz.
2019-03-04 14:48:46,739 [MainThread  ][DEBUG]  Initializing ProtocolAnsatz instance "doublebang"
2019-03-04 14:48:46,739 [MainThread  ][INFO ]  Using parameters constraints: [[-2.0, 2.0], [None, None], [-2.0, 2.0]]
2019-03-04 14:48:46,739 [MainThread  ][INFO ]  Using total height constraint: None
2019-03-04 14:48:46,739 [MainThread  ][INFO ]  ---- Starting iteration 1/24
2019-03-04 14:48:46,739 [MainThread  ][DEBUG]  Setting hyperparameter tf=0.8
2019-03-04 14:48:46,739 [MainThread  ][INFO ]  Starting optimization for tf=0.8
2019-03-04 14:48:46,739 [MainThread  ][DEBUG]  Optimization method: Powell
2019-03-04 14:48:46,740 [MainThread  ][DEBUG]  Optimization options: None
2019-03-04 14:48:46,740 [MainThread  ][INFO ]  Initial parameter values: [1.32348455 0.4        1.85821997]
2019-03-04 14:49:13,498 [MainThread  ][INFO ]  Final fidelity: 0.9005156888788919
2019-03-04 14:49:13,508 [MainThread  ][INFO ]  Final parameters: [ 1.99999982  0.54822398 -1.99999981]
2019-03-04 14:49:13,508 [MainThread  ][INFO ]  Fidelity: 0.9005156888788919
2019-03-04 14:49:13,508 [MainThread  ][INFO ]  ---- Starting iteration 2/24
2019-03-04 14:49:13,508 [MainThread  ][DEBUG]  Setting hyperparameter tf=0.8500000000000001
2019-03-04 14:49:13,509 [MainThread  ][INFO ]  Starting optimization for tf=0.8500000000000001
2019-03-04 14:49:13,509 [MainThread  ][DEBUG]  Optimization method: Powell
2019-03-04 14:49:13,509 [MainThread  ][DEBUG]  Optimization options: None
2019-03-04 14:49:13,509 [MainThread  ][INFO ]  Initial parameter values: [0.9615332 0.425     0.6959411]
2019-03-04 14:49:52,142 [MainThread  ][INFO ]  Final fidelity: 0.9163892422539665
2019-03-04 14:49:52,143 [MainThread  ][INFO ]  Final parameters: [ 2.          0.58909716 -1.99999849]
2019-03-04 14:49:52,143 [MainThread  ][INFO ]  Fidelity: 0.9163892422539665
2019-03-04 14:49:52,143 [MainThread  ][INFO ]  ---- Starting iteration 3/24
2019-03-04 14:49:52,143 [MainThread  ][DEBUG]  Setting hyperparameter tf=0.9000000000000001
2019-03-04 14:49:52,143 [MainThread  ][INFO ]  Starting optimization for tf=0.9000000000000001
2019-03-04 14:49:52,143 [MainThread  ][DEBUG]  Optimization method: Powell
2019-03-04 14:49:52,143 [MainThread  ][DEBUG]  Optimization options: None
2019-03-04 14:49:52,143 [MainThread  ][INFO ]  Initial parameter values: [1.08608955 0.45       1.08469999]
2019-03-04 14:50:15,040 [MainThread  ][INFO ]  Final fidelity: 0.9316799776469471
2019-03-04 14:50:15,041 [MainThread  ][INFO ]  Final parameters: [ 1.99999995  0.6328937  -1.99999992]
2019-03-04 14:50:15,041 [MainThread  ][INFO ]  Fidelity: 0.9316799776469471
2019-03-04 14:50:15,041 [MainThread  ][INFO ]  ---- Starting iteration 4/24
2019-03-04 14:50:15,041 [MainThread  ][DEBUG]  Setting hyperparameter tf=0.9500000000000002
2019-03-04 14:50:15,041 [MainThread  ][INFO ]  Starting optimization for tf=0.9500000000000002
2019-03-04 14:50:15,041 [MainThread  ][DEBUG]  Optimization method: Powell
2019-03-04 14:50:15,041 [MainThread  ][DEBUG]  Optimization options: None
2019-03-04 14:50:15,042 [MainThread  ][INFO ]  Initial parameter values: [0.04636914 0.475      0.72115823]
2019-03-04 14:50:40,626 [MainThread  ][INFO ]  Final fidelity: 0.9458947493596499
2019-03-04 14:50:40,626 [MainThread  ][INFO ]  Final parameters: [ 1.99999999  0.67947691 -1.99999084]
2019-03-04 14:50:40,626 [MainThread  ][INFO ]  Fidelity: 0.9458947493596499
2019-03-04 14:50:40,626 [MainThread  ][INFO ]  ---- Starting iteration 5/24
2019-03-04 14:50:40,627 [MainThread  ][DEBUG]  Setting hyperparameter tf=1.0000000000000002
2019-03-04 14:50:40,627 [MainThread  ][INFO ]  Starting optimization for tf=1.0000000000000002
2019-03-04 14:50:40,627 [MainThread  ][DEBUG]  Optimization method: Powell
2019-03-04 14:50:40,627 [MainThread  ][DEBUG]  Optimization options: None
2019-03-04 14:50:40,627 [MainThread  ][INFO ]  Initial parameter values: [0.63844011 0.5        0.41398597]
2019-03-04 14:51:16,304 [MainThread  ][INFO ]  Final fidelity: 0.9590340137788594
2019-03-04 14:51:16,305 [MainThread  ][INFO ]  Final parameters: [ 1.99999977  0.72346803 -1.99995897]
2019-03-04 14:51:16,305 [MainThread  ][INFO ]  Fidelity: 0.9590340137788594
2019-03-04 14:51:16,305 [MainThread  ][INFO ]  ---- Starting iteration 6/24
2019-03-04 14:51:16,305 [MainThread  ][DEBUG]  Setting hyperparameter tf=1.0500000000000003
2019-03-04 14:51:16,305 [MainThread  ][INFO ]  Starting optimization for tf=1.0500000000000003
2019-03-04 14:51:16,305 [MainThread  ][DEBUG]  Optimization method: Powell
2019-03-04 14:51:16,305 [MainThread  ][DEBUG]  Optimization options: None
2019-03-04 14:51:16,305 [MainThread  ][INFO ]  Initial parameter values: [0.42927077 0.525      0.19056003]
2019-03-04 14:51:29,878 [MainThread  ][INFO ]  Final fidelity: 0.9315223096054109
2019-03-04 14:51:29,878 [MainThread  ][INFO ]  Final parameters: [ 1.99999994  0.51709821 -0.41603557]
2019-03-04 14:51:29,879 [MainThread  ][INFO ]  Fidelity: 0.9315223096054109
2019-03-04 14:51:29,879 [MainThread  ][INFO ]  ---- Starting iteration 7/24
2019-03-04 14:51:29,879 [MainThread  ][DEBUG]  Setting hyperparameter tf=1.1000000000000003
2019-03-04 14:51:29,879 [MainThread  ][INFO ]  Starting optimization for tf=1.1000000000000003
2019-03-04 14:51:29,879 [MainThread  ][DEBUG]  Optimization method: Powell
2019-03-04 14:51:29,879 [MainThread  ][DEBUG]  Optimization options: None
2019-03-04 14:51:29,879 [MainThread  ][INFO ]  Initial parameter values: [1.03181985 0.55       1.46532199]
2019-03-04 14:52:04,831 [MainThread  ][INFO ]  Final fidelity: 0.9806075070629628
2019-03-04 14:52:04,831 [MainThread  ][INFO ]  Final parameters: [ 1.9999999   0.81221268 -1.99973033]
2019-03-04 14:52:04,831 [MainThread  ][INFO ]  Fidelity: 0.9806075070629628
2019-03-04 14:52:04,831 [MainThread  ][INFO ]  ---- Starting iteration 8/24
2019-03-04 14:52:04,832 [MainThread  ][DEBUG]  Setting hyperparameter tf=1.1500000000000004
2019-03-04 14:52:04,832 [MainThread  ][INFO ]  Starting optimization for tf=1.1500000000000004
2019-03-04 14:52:04,832 [MainThread  ][DEBUG]  Optimization method: Powell
2019-03-04 14:52:04,832 [MainThread  ][DEBUG]  Optimization options: None
2019-03-04 14:52:04,832 [MainThread  ][INFO ]  Initial parameter values: [1.64583908 0.575      1.38502718]
2019-03-04 14:52:43,419 [MainThread  ][INFO ]  Final fidelity: 0.9881965542694142
2019-03-04 14:52:43,419 [MainThread  ][INFO ]  Final parameters: [ 1.99999999  0.86294553 -1.99999829]
2019-03-04 14:52:43,419 [MainThread  ][INFO ]  Fidelity: 0.9881965542694142
2019-03-04 14:52:43,419 [MainThread  ][INFO ]  ---- Starting iteration 9/24
2019-03-04 14:52:43,419 [MainThread  ][DEBUG]  Setting hyperparameter tf=1.2000000000000004
2019-03-04 14:52:43,420 [MainThread  ][INFO ]  Starting optimization for tf=1.2000000000000004
2019-03-04 14:52:43,420 [MainThread  ][DEBUG]  Optimization method: Powell
2019-03-04 14:52:43,420 [MainThread  ][DEBUG]  Optimization options: None
2019-03-04 14:52:43,420 [MainThread  ][INFO ]  Initial parameter values: [0.85925805 0.6        0.97384837]
2019-03-04 14:53:21,795 [MainThread  ][INFO ]  Final fidelity: 0.9942611557431794
2019-03-04 14:53:21,796 [MainThread  ][INFO ]  Final parameters: [ 1.99999988  0.90700752 -1.99980461]
2019-03-04 14:53:21,796 [MainThread  ][INFO ]  Fidelity: 0.9942611557431794
2019-03-04 14:53:21,796 [MainThread  ][INFO ]  Stopping condition (fidelity >= 0.99) reached, stopping.
2019-03-04 14:53:21,807 [MainThread  ][INFO ]  Using doublebang protocol ansatz.
2019-03-04 14:53:21,807 [MainThread  ][DEBUG]  Initializing ProtocolAnsatz instance "doublebang"
2019-03-04 14:53:21,807 [MainThread  ][INFO ]  Using parameters constraints: [[-2.0, 2.0], [None, None], [-2.0, 2.0]]
2019-03-04 14:53:21,807 [MainThread  ][INFO ]  Using total height constraint: None
2019-03-04 14:53:21,807 [MainThread  ][INFO ]  ---- Starting iteration 1/24
2019-03-04 14:53:21,807 [MainThread  ][DEBUG]  Setting hyperparameter tf=0.8
2019-03-04 14:53:21,807 [MainThread  ][INFO ]  Starting optimization for tf=0.8
2019-03-04 14:53:21,807 [MainThread  ][DEBUG]  Optimization method: Powell
2019-03-04 14:53:21,807 [MainThread  ][DEBUG]  Optimization options: None
2019-03-04 14:53:21,807 [MainThread  ][INFO ]  Initial parameter values: [1.98723009 0.4        0.80050383]
2019-03-04 14:53:47,267 [MainThread  ][INFO ]  Final fidelity: 0.8958068555858348
2019-03-04 14:53:47,267 [MainThread  ][INFO ]  Final parameters: [ 1.99999996  0.54839015 -2.        ]
2019-03-04 14:53:47,267 [MainThread  ][INFO ]  Fidelity: 0.8958068555858348
2019-03-04 14:53:47,267 [MainThread  ][INFO ]  ---- Starting iteration 2/24
2019-03-04 14:53:47,267 [MainThread  ][DEBUG]  Setting hyperparameter tf=0.8500000000000001
2019-03-04 14:53:47,267 [MainThread  ][INFO ]  Starting optimization for tf=0.8500000000000001
2019-03-04 14:53:47,267 [MainThread  ][DEBUG]  Optimization method: Powell
2019-03-04 14:53:47,267 [MainThread  ][DEBUG]  Optimization options: None
2019-03-04 14:53:47,268 [MainThread  ][INFO ]  Initial parameter values: [0.25970263 0.425      0.37420147]
2019-03-04 14:54:13,531 [MainThread  ][INFO ]  Final fidelity: 0.9120092512304315
2019-03-04 14:54:13,531 [MainThread  ][INFO ]  Final parameters: [ 1.99999997  0.58966205 -1.99991488]
2019-03-04 14:54:13,531 [MainThread  ][INFO ]  Fidelity: 0.9120092512304315
2019-03-04 14:54:13,531 [MainThread  ][INFO ]  ---- Starting iteration 3/24
2019-03-04 14:54:13,531 [MainThread  ][DEBUG]  Setting hyperparameter tf=0.9000000000000001
2019-03-04 14:54:13,532 [MainThread  ][INFO ]  Starting optimization for tf=0.9000000000000001
2019-03-04 14:54:13,532 [MainThread  ][DEBUG]  Optimization method: Powell
2019-03-04 14:54:13,532 [MainThread  ][DEBUG]  Optimization options: None
2019-03-04 14:54:13,532 [MainThread  ][INFO ]  Initial parameter values: [0.55940688 0.45       0.69758558]
2019-03-04 14:54:43,330 [MainThread  ][INFO ]  Final fidelity: 0.9275868740645263
2019-03-04 14:54:43,331 [MainThread  ][INFO ]  Final parameters: [ 1.99999998  0.63478532 -1.99999992]
2019-03-04 14:54:43,331 [MainThread  ][INFO ]  Fidelity: 0.9275868740645263
2019-03-04 14:54:43,331 [MainThread  ][INFO ]  ---- Starting iteration 4/24
2019-03-04 14:54:43,331 [MainThread  ][DEBUG]  Setting hyperparameter tf=0.9500000000000002
2019-03-04 14:54:43,331 [MainThread  ][INFO ]  Starting optimization for tf=0.9500000000000002
2019-03-04 14:54:43,331 [MainThread  ][DEBUG]  Optimization method: Powell
2019-03-04 14:54:43,331 [MainThread  ][DEBUG]  Optimization options: None
2019-03-04 14:54:43,332 [MainThread  ][INFO ]  Initial parameter values: [0.65062414 0.475      1.98647137]
2019-03-04 14:55:10,675 [MainThread  ][INFO ]  Final fidelity: 0.9423375511668624
2019-03-04 14:55:10,676 [MainThread  ][INFO ]  Final parameters: [ 2.          0.67675549 -1.99999995]
2019-03-04 14:55:10,676 [MainThread  ][INFO ]  Fidelity: 0.9423375511668624
2019-03-04 14:55:10,676 [MainThread  ][INFO ]  ---- Starting iteration 5/24
2019-03-04 14:55:10,676 [MainThread  ][DEBUG]  Setting hyperparameter tf=1.0000000000000002
2019-03-04 14:55:10,676 [MainThread  ][INFO ]  Starting optimization for tf=1.0000000000000002
2019-03-04 14:55:10,676 [MainThread  ][DEBUG]  Optimization method: Powell
2019-03-04 14:55:10,676 [MainThread  ][DEBUG]  Optimization options: None
2019-03-04 14:55:10,677 [MainThread  ][INFO ]  Initial parameter values: [0.23472526 0.5        1.71780786]
2019-03-04 14:55:35,570 [MainThread  ][INFO ]  Final fidelity: 0.9558647914287126
2019-03-04 14:55:35,571 [MainThread  ][INFO ]  Final parameters: [ 1.99999977  0.72092535 -1.9999996 ]
2019-03-04 14:55:35,571 [MainThread  ][INFO ]  Fidelity: 0.9558647914287126
2019-03-04 14:55:35,571 [MainThread  ][INFO ]  ---- Starting iteration 6/24
2019-03-04 14:55:35,571 [MainThread  ][DEBUG]  Setting hyperparameter tf=1.0500000000000003
2019-03-04 14:55:35,571 [MainThread  ][INFO ]  Starting optimization for tf=1.0500000000000003
2019-03-04 14:55:35,571 [MainThread  ][DEBUG]  Optimization method: Powell
2019-03-04 14:55:35,571 [MainThread  ][DEBUG]  Optimization options: None
2019-03-04 14:55:35,571 [MainThread  ][INFO ]  Initial parameter values: [1.81750106 0.525      0.65853836]
2019-03-04 14:56:23,095 [MainThread  ][INFO ]  Final fidelity: 0.9679392857608355
2019-03-04 14:56:23,095 [MainThread  ][INFO ]  Final parameters: [ 1.99999998  0.76773668 -1.99999931]
2019-03-04 14:56:23,095 [MainThread  ][INFO ]  Fidelity: 0.9679392857608355
2019-03-04 14:56:23,096 [MainThread  ][INFO ]  ---- Starting iteration 7/24
2019-03-04 14:56:23,096 [MainThread  ][DEBUG]  Setting hyperparameter tf=1.1000000000000003
2019-03-04 14:56:23,096 [MainThread  ][INFO ]  Starting optimization for tf=1.1000000000000003
2019-03-04 14:56:23,096 [MainThread  ][DEBUG]  Optimization method: Powell
2019-03-04 14:56:23,096 [MainThread  ][DEBUG]  Optimization options: None
2019-03-04 14:56:23,096 [MainThread  ][INFO ]  Initial parameter values: [1.4006564  0.55       1.61902818]
2019-03-04 14:57:16,034 [MainThread  ][INFO ]  Final fidelity: 0.9782076022958022
2019-03-04 14:57:16,035 [MainThread  ][INFO ]  Final parameters: [ 1.99999995  0.80980405 -1.99998646]
2019-03-04 14:57:16,035 [MainThread  ][INFO ]  Fidelity: 0.9782076022958022
2019-03-04 14:57:16,035 [MainThread  ][INFO ]  ---- Starting iteration 8/24
2019-03-04 14:57:16,035 [MainThread  ][DEBUG]  Setting hyperparameter tf=1.1500000000000004
2019-03-04 14:57:16,035 [MainThread  ][INFO ]  Starting optimization for tf=1.1500000000000004
2019-03-04 14:57:16,035 [MainThread  ][DEBUG]  Optimization method: Powell
2019-03-04 14:57:16,035 [MainThread  ][DEBUG]  Optimization options: None
2019-03-04 14:57:16,035 [MainThread  ][INFO ]  Initial parameter values: [1.06157636 0.575      1.24188826]
2019-03-04 14:57:46,256 [MainThread  ][INFO ]  Final fidelity: 0.9867640469804678
2019-03-04 14:57:46,257 [MainThread  ][INFO ]  Final parameters: [ 1.99999999  0.86013962 -1.99999936]
2019-03-04 14:57:46,257 [MainThread  ][INFO ]  Fidelity: 0.9867640469804678
2019-03-04 14:57:46,257 [MainThread  ][INFO ]  ---- Starting iteration 9/24
2019-03-04 14:57:46,257 [MainThread  ][DEBUG]  Setting hyperparameter tf=1.2000000000000004
2019-03-04 14:57:46,257 [MainThread  ][INFO ]  Starting optimization for tf=1.2000000000000004
2019-03-04 14:57:46,257 [MainThread  ][DEBUG]  Optimization method: Powell
2019-03-04 14:57:46,258 [MainThread  ][DEBUG]  Optimization options: None
2019-03-04 14:57:46,258 [MainThread  ][INFO ]  Initial parameter values: [0.24927896 0.6        0.98411698]
2019-03-04 14:58:21,062 [MainThread  ][INFO ]  Final fidelity: 0.9931002350245633
2019-03-04 14:58:21,063 [MainThread  ][INFO ]  Final parameters: [ 1.9999998   0.9066289  -1.99999952]
2019-03-04 14:58:21,063 [MainThread  ][INFO ]  Fidelity: 0.9931002350245633
2019-03-04 14:58:21,063 [MainThread  ][INFO ]  Stopping condition (fidelity >= 0.99) reached, stopping.
2019-03-04 14:58:21,075 [MainThread  ][INFO ]  Using doublebang protocol ansatz.
2019-03-04 14:58:21,075 [MainThread  ][DEBUG]  Initializing ProtocolAnsatz instance "doublebang"
2019-03-04 14:58:21,075 [MainThread  ][INFO ]  Using parameters constraints: [[-2.0, 2.0], [None, None], [-2.0, 2.0]]
2019-03-04 14:58:21,075 [MainThread  ][INFO ]  Using total height constraint: None
2019-03-04 14:58:21,075 [MainThread  ][INFO ]  ---- Starting iteration 1/24
2019-03-04 14:58:21,075 [MainThread  ][DEBUG]  Setting hyperparameter tf=0.8
2019-03-04 14:58:21,075 [MainThread  ][INFO ]  Starting optimization for tf=0.8
2019-03-04 14:58:21,075 [MainThread  ][DEBUG]  Optimization method: Powell
2019-03-04 14:58:21,075 [MainThread  ][DEBUG]  Optimization options: None
2019-03-04 14:58:21,075 [MainThread  ][INFO ]  Initial parameter values: [0.23281584 0.4        1.12602196]
2019-03-04 14:58:39,073 [MainThread  ][INFO ]  Final fidelity: 0.8913431560455094
2019-03-04 14:58:39,074 [MainThread  ][INFO ]  Final parameters: [ 1.99999998  0.54846863 -1.99999542]
2019-03-04 14:58:39,074 [MainThread  ][INFO ]  Fidelity: 0.8913431560455094
2019-03-04 14:58:39,074 [MainThread  ][INFO ]  ---- Starting iteration 2/24
2019-03-04 14:58:39,074 [MainThread  ][DEBUG]  Setting hyperparameter tf=0.8500000000000001
2019-03-04 14:58:39,074 [MainThread  ][INFO ]  Starting optimization for tf=0.8500000000000001
2019-03-04 14:58:39,074 [MainThread  ][DEBUG]  Optimization method: Powell
2019-03-04 14:58:39,074 [MainThread  ][DEBUG]  Optimization options: None
2019-03-04 14:58:39,075 [MainThread  ][INFO ]  Initial parameter values: [1.49375496 0.425      0.64204175]
2019-03-04 14:59:06,123 [MainThread  ][INFO ]  Final fidelity: 0.90757660326592
2019-03-04 14:59:06,124 [MainThread  ][INFO ]  Final parameters: [ 1.99999997  0.58573597 -1.99999976]
2019-03-04 14:59:06,124 [MainThread  ][INFO ]  Fidelity: 0.90757660326592
2019-03-04 14:59:06,124 [MainThread  ][INFO ]  ---- Starting iteration 3/24
2019-03-04 14:59:06,124 [MainThread  ][DEBUG]  Setting hyperparameter tf=0.9000000000000001
2019-03-04 14:59:06,124 [MainThread  ][INFO ]  Starting optimization for tf=0.9000000000000001
2019-03-04 14:59:06,124 [MainThread  ][DEBUG]  Optimization method: Powell
2019-03-04 14:59:06,124 [MainThread  ][DEBUG]  Optimization options: None
2019-03-04 14:59:06,125 [MainThread  ][INFO ]  Initial parameter values: [1.12622311 0.45       0.71337289]
2019-03-04 14:59:35,835 [MainThread  ][INFO ]  Final fidelity: 0.923066559686017
2019-03-04 14:59:35,836 [MainThread  ][INFO ]  Final parameters: [ 1.99999985  0.62591342 -1.99992019]
2019-03-04 14:59:35,836 [MainThread  ][INFO ]  Fidelity: 0.923066559686017
2019-03-04 14:59:35,836 [MainThread  ][INFO ]  ---- Starting iteration 4/24
2019-03-04 14:59:35,836 [MainThread  ][DEBUG]  Setting hyperparameter tf=0.9500000000000002
2019-03-04 14:59:35,836 [MainThread  ][INFO ]  Starting optimization for tf=0.9500000000000002
2019-03-04 14:59:35,836 [MainThread  ][DEBUG]  Optimization method: Powell
2019-03-04 14:59:35,836 [MainThread  ][DEBUG]  Optimization options: None
2019-03-04 14:59:35,836 [MainThread  ][INFO ]  Initial parameter values: [1.0929715  0.475      0.57671735]
2019-03-04 15:00:01,329 [MainThread  ][INFO ]  Final fidelity: 0.9141421836241024
2019-03-04 15:00:01,330 [MainThread  ][INFO ]  Final parameters: [ 2.          0.54095269 -0.89184485]
2019-03-04 15:00:01,330 [MainThread  ][INFO ]  Fidelity: 0.9141421836241024
2019-03-04 15:00:01,330 [MainThread  ][INFO ]  ---- Starting iteration 5/24
2019-03-04 15:00:01,331 [MainThread  ][DEBUG]  Setting hyperparameter tf=1.0000000000000002
2019-03-04 15:00:01,331 [MainThread  ][INFO ]  Starting optimization for tf=1.0000000000000002
2019-03-04 15:00:01,331 [MainThread  ][DEBUG]  Optimization method: Powell
2019-03-04 15:00:01,331 [MainThread  ][DEBUG]  Optimization options: None
2019-03-04 15:00:01,331 [MainThread  ][INFO ]  Initial parameter values: [1.89054971 0.5        0.17010032]
2019-03-04 15:00:32,835 [MainThread  ][INFO ]  Final fidelity: 0.9526305969023621
2019-03-04 15:00:32,836 [MainThread  ][INFO ]  Final parameters: [ 1.99999998  0.72431931 -1.99999666]
2019-03-04 15:00:32,836 [MainThread  ][INFO ]  Fidelity: 0.9526305969023621
2019-03-04 15:00:32,836 [MainThread  ][INFO ]  ---- Starting iteration 6/24
2019-03-04 15:00:32,836 [MainThread  ][DEBUG]  Setting hyperparameter tf=1.0500000000000003
2019-03-04 15:00:32,836 [MainThread  ][INFO ]  Starting optimization for tf=1.0500000000000003
2019-03-04 15:00:32,836 [MainThread  ][DEBUG]  Optimization method: Powell
2019-03-04 15:00:32,836 [MainThread  ][DEBUG]  Optimization options: None
2019-03-04 15:00:32,836 [MainThread  ][INFO ]  Initial parameter values: [0.59080579 0.525      1.25939268]
2019-03-04 15:01:02,438 [MainThread  ][INFO ]  Final fidelity: 0.9652621322946086
2019-03-04 15:01:02,449 [MainThread  ][INFO ]  Final parameters: [ 1.99999993  0.76675029 -1.99999892]
2019-03-04 15:01:02,449 [MainThread  ][INFO ]  Fidelity: 0.9652621322946086
2019-03-04 15:01:02,449 [MainThread  ][INFO ]  ---- Starting iteration 7/24
2019-03-04 15:01:02,449 [MainThread  ][DEBUG]  Setting hyperparameter tf=1.1000000000000003
2019-03-04 15:01:02,449 [MainThread  ][INFO ]  Starting optimization for tf=1.1000000000000003
2019-03-04 15:01:02,449 [MainThread  ][DEBUG]  Optimization method: Powell
2019-03-04 15:01:02,449 [MainThread  ][DEBUG]  Optimization options: None
2019-03-04 15:01:02,449 [MainThread  ][INFO ]  Initial parameter values: [1.89842536 0.55       1.60488423]
2019-03-04 15:01:32,214 [MainThread  ][INFO ]  Final fidelity: 0.9761066728292985
2019-03-04 15:01:32,215 [MainThread  ][INFO ]  Final parameters: [ 2.          0.81274856 -1.99999948]
2019-03-04 15:01:32,215 [MainThread  ][INFO ]  Fidelity: 0.9761066728292985
2019-03-04 15:01:32,215 [MainThread  ][INFO ]  ---- Starting iteration 8/24
2019-03-04 15:01:32,215 [MainThread  ][DEBUG]  Setting hyperparameter tf=1.1500000000000004
2019-03-04 15:01:32,215 [MainThread  ][INFO ]  Starting optimization for tf=1.1500000000000004
2019-03-04 15:01:32,215 [MainThread  ][DEBUG]  Optimization method: Powell
2019-03-04 15:01:32,215 [MainThread  ][DEBUG]  Optimization options: None
2019-03-04 15:01:32,215 [MainThread  ][INFO ]  Initial parameter values: [1.33153227 0.575      1.53689626]
2019-03-04 15:02:01,523 [MainThread  ][INFO ]  Final fidelity: 0.9721564328779364
2019-03-04 15:02:01,523 [MainThread  ][INFO ]  Final parameters: [ 2.          0.73866359 -1.02619021]
2019-03-04 15:02:01,523 [MainThread  ][INFO ]  Fidelity: 0.9721564328779364
2019-03-04 15:02:01,523 [MainThread  ][INFO ]  ---- Starting iteration 9/24
2019-03-04 15:02:01,524 [MainThread  ][DEBUG]  Setting hyperparameter tf=1.2000000000000004
2019-03-04 15:02:01,524 [MainThread  ][INFO ]  Starting optimization for tf=1.2000000000000004
2019-03-04 15:02:01,524 [MainThread  ][DEBUG]  Optimization method: Powell
2019-03-04 15:02:01,524 [MainThread  ][DEBUG]  Optimization options: None
2019-03-04 15:02:01,524 [MainThread  ][INFO ]  Initial parameter values: [1.98252766 0.6        0.07199039]
2019-03-04 15:03:09,105 [MainThread  ][INFO ]  Final fidelity: 0.9918813575266351
2019-03-04 15:03:09,106 [MainThread  ][INFO ]  Final parameters: [ 1.99999993  0.90633161 -1.999973  ]
2019-03-04 15:03:09,106 [MainThread  ][INFO ]  Fidelity: 0.9918813575266351
2019-03-04 15:03:09,106 [MainThread  ][INFO ]  Stopping condition (fidelity >= 0.99) reached, stopping.
