2020-06-17 16:58:15,897 [MainThread  ][INFO ]  Output file name will be "lmg_doublebang_powell_bound02.csv"
2020-06-17 16:58:15,904 [MainThread  ][INFO ]  Using doublebang protocol ansatz.
2020-06-17 16:58:15,904 [MainThread  ][DEBUG]  Initializing ProtocolAnsatz instance "doublebang"
2020-06-17 16:58:15,904 [MainThread  ][INFO ]  Using parameters constraints: [[-2, 2], [None, None], [-2, 2]]
2020-06-17 16:58:15,904 [MainThread  ][INFO ]  Using total height constraint: None
2020-06-17 16:58:15,904 [MainThread  ][INFO ]  ---- Iteration 1/50
2020-06-17 16:58:15,904 [MainThread  ][DEBUG]  Setting hyperparameter tf=0.1
2020-06-17 16:58:15,904 [MainThread  ][INFO ]  Starting optimization for tf=0.1
2020-06-17 16:58:15,904 [MainThread  ][DEBUG]  Optimization method: Powell
2020-06-17 16:58:15,904 [MainThread  ][DEBUG]  Optimization options: None
2020-06-17 16:58:15,904 [MainThread  ][INFO ]  Initial parameter values: [-0.5761780169430895, 0.05, -0.6075975795596478]
2020-06-17 16:58:16,756 [MainThread  ][INFO ]  Final fidelity: 0.81144024569981
2020-06-17 16:58:16,757 [MainThread  ][INFO ]  Final parameters: [ 2.          0.06014597 -1.99999964]
2020-06-17 16:58:16,757 [MainThread  ][INFO ]  Fidelity: 0.81144024569981
2020-06-17 16:58:16,757 [MainThread  ][INFO ]  ---- Iteration 2/50
2020-06-17 16:58:16,757 [MainThread  ][DEBUG]  Setting hyperparameter tf=0.11836734693877551
2020-06-17 16:58:16,758 [MainThread  ][INFO ]  Starting optimization for tf=0.11836734693877551
2020-06-17 16:58:16,758 [MainThread  ][DEBUG]  Optimization method: Powell
2020-06-17 16:58:16,758 [MainThread  ][DEBUG]  Optimization options: None
2020-06-17 16:58:16,758 [MainThread  ][INFO ]  Initial parameter values: [-0.5273141644981867, 0.05918367346938776, 0.3037503965705397]
2020-06-17 16:58:17,958 [MainThread  ][INFO ]  Final fidelity: 0.8126107001404304
2020-06-17 16:58:17,958 [MainThread  ][INFO ]  Final parameters: [ 2.          0.07126279 -1.99999998]
2020-06-17 16:58:17,958 [MainThread  ][INFO ]  Fidelity: 0.8126107001404304
2020-06-17 16:58:17,959 [MainThread  ][INFO ]  ---- Iteration 3/50
2020-06-17 16:58:17,959 [MainThread  ][DEBUG]  Setting hyperparameter tf=0.13673469387755102
2020-06-17 16:58:17,959 [MainThread  ][INFO ]  Starting optimization for tf=0.13673469387755102
2020-06-17 16:58:17,959 [MainThread  ][DEBUG]  Optimization method: Powell
2020-06-17 16:58:17,959 [MainThread  ][DEBUG]  Optimization options: None
2020-06-17 16:58:17,959 [MainThread  ][INFO ]  Initial parameter values: [-0.6685148427092116, 0.06836734693877551, 0.32345312436617224]
2020-06-17 16:58:19,253 [MainThread  ][INFO ]  Final fidelity: 0.8139745064883785
2020-06-17 16:58:19,254 [MainThread  ][INFO ]  Final parameters: [ 2.          0.08241394 -1.99999972]
2020-06-17 16:58:19,254 [MainThread  ][INFO ]  Fidelity: 0.8139745064883785
2020-06-17 16:58:19,254 [MainThread  ][INFO ]  ---- Iteration 4/50
2020-06-17 16:58:19,254 [MainThread  ][DEBUG]  Setting hyperparameter tf=0.15510204081632656
2020-06-17 16:58:19,255 [MainThread  ][INFO ]  Starting optimization for tf=0.15510204081632656
2020-06-17 16:58:19,255 [MainThread  ][DEBUG]  Optimization method: Powell
2020-06-17 16:58:19,255 [MainThread  ][DEBUG]  Optimization options: None
2020-06-17 16:58:19,255 [MainThread  ][INFO ]  Initial parameter values: [0.19847160273128828, 0.07755102040816328, -0.6021475991814205]
2020-06-17 16:58:20,241 [MainThread  ][INFO ]  Final fidelity: 0.8155299758430496
2020-06-17 16:58:20,243 [MainThread  ][INFO ]  Final parameters: [ 2.          0.09360585 -2.        ]
2020-06-17 16:58:20,243 [MainThread  ][INFO ]  Fidelity: 0.8155299758430496
2020-06-17 16:58:20,243 [MainThread  ][INFO ]  ---- Iteration 5/50
2020-06-17 16:58:20,244 [MainThread  ][DEBUG]  Setting hyperparameter tf=0.17346938775510207
2020-06-17 16:58:20,244 [MainThread  ][INFO ]  Starting optimization for tf=0.17346938775510207
2020-06-17 16:58:20,244 [MainThread  ][DEBUG]  Optimization method: Powell
2020-06-17 16:58:20,244 [MainThread  ][DEBUG]  Optimization options: None
2020-06-17 16:58:20,244 [MainThread  ][INFO ]  Initial parameter values: [0.9538129497369789, 0.08673469387755103, 0.12582854606274463]
2020-06-17 16:58:21,607 [MainThread  ][INFO ]  Final fidelity: 0.8172751473058185
2020-06-17 16:58:21,608 [MainThread  ][INFO ]  Final parameters: [ 2.          0.10484274 -1.99999992]
2020-06-17 16:58:21,608 [MainThread  ][INFO ]  Fidelity: 0.8172751473058185
2020-06-17 16:58:21,608 [MainThread  ][INFO ]  ---- Iteration 6/50
2020-06-17 16:58:21,608 [MainThread  ][DEBUG]  Setting hyperparameter tf=0.19183673469387758
2020-06-17 16:58:21,608 [MainThread  ][INFO ]  Starting optimization for tf=0.19183673469387758
2020-06-17 16:58:21,608 [MainThread  ][DEBUG]  Optimization method: Powell
2020-06-17 16:58:21,608 [MainThread  ][DEBUG]  Optimization options: None
2020-06-17 16:58:21,608 [MainThread  ][INFO ]  Initial parameter values: [0.06082871145501745, 0.09591836734693879, -0.7486027451141659]
2020-06-17 16:58:22,570 [MainThread  ][INFO ]  Final fidelity: 0.8192077800431397
2020-06-17 16:58:22,571 [MainThread  ][INFO ]  Final parameters: [ 2.          0.11613069 -2.        ]
2020-06-17 16:58:22,571 [MainThread  ][INFO ]  Fidelity: 0.8192077800431397
2020-06-17 16:58:22,571 [MainThread  ][INFO ]  ---- Iteration 7/50
2020-06-17 16:58:22,572 [MainThread  ][DEBUG]  Setting hyperparameter tf=0.21020408163265308
2020-06-17 16:58:22,572 [MainThread  ][INFO ]  Starting optimization for tf=0.21020408163265308
2020-06-17 16:58:22,572 [MainThread  ][DEBUG]  Optimization method: Powell
2020-06-17 16:58:22,572 [MainThread  ][DEBUG]  Optimization options: None
2020-06-17 16:58:22,572 [MainThread  ][INFO ]  Initial parameter values: [0.3556560260059498, 0.10510204081632654, -0.4275834955272171]
2020-06-17 16:58:23,788 [MainThread  ][INFO ]  Final fidelity: 0.8213253398922696
2020-06-17 16:58:23,788 [MainThread  ][INFO ]  Final parameters: [ 2.          0.12747429 -2.        ]
2020-06-17 16:58:23,788 [MainThread  ][INFO ]  Fidelity: 0.8213253398922696
2020-06-17 16:58:23,788 [MainThread  ][INFO ]  ---- Iteration 8/50
2020-06-17 16:58:23,789 [MainThread  ][DEBUG]  Setting hyperparameter tf=0.2285714285714286
2020-06-17 16:58:23,789 [MainThread  ][INFO ]  Starting optimization for tf=0.2285714285714286
2020-06-17 16:58:23,789 [MainThread  ][DEBUG]  Optimization method: Powell
2020-06-17 16:58:23,789 [MainThread  ][DEBUG]  Optimization options: None
2020-06-17 16:58:23,789 [MainThread  ][INFO ]  Initial parameter values: [-0.22481980478466523, 0.1142857142857143, 0.3741176631660488]
2020-06-17 16:58:25,087 [MainThread  ][INFO ]  Final fidelity: 0.8236249823541234
2020-06-17 16:58:25,087 [MainThread  ][INFO ]  Final parameters: [ 2.          0.13887418 -1.99999712]
2020-06-17 16:58:25,087 [MainThread  ][INFO ]  Fidelity: 0.8236249823541234
2020-06-17 16:58:25,088 [MainThread  ][INFO ]  ---- Iteration 9/50
2020-06-17 16:58:25,088 [MainThread  ][DEBUG]  Setting hyperparameter tf=0.2469387755102041
2020-06-17 16:58:25,088 [MainThread  ][INFO ]  Starting optimization for tf=0.2469387755102041
2020-06-17 16:58:25,088 [MainThread  ][DEBUG]  Optimization method: Powell
2020-06-17 16:58:25,088 [MainThread  ][DEBUG]  Optimization options: None
2020-06-17 16:58:25,088 [MainThread  ][INFO ]  Initial parameter values: [0.6795659927203961, 0.12346938775510205, 0.4430333818805099]
2020-06-17 16:58:26,655 [MainThread  ][INFO ]  Final fidelity: 0.8261035673895584
2020-06-17 16:58:26,655 [MainThread  ][INFO ]  Final parameters: [ 2.          0.15034925 -1.99999993]
2020-06-17 16:58:26,655 [MainThread  ][INFO ]  Fidelity: 0.8261035673895584
2020-06-17 16:58:26,656 [MainThread  ][INFO ]  ---- Iteration 10/50
2020-06-17 16:58:26,656 [MainThread  ][DEBUG]  Setting hyperparameter tf=0.2653061224489796
2020-06-17 16:58:26,656 [MainThread  ][INFO ]  Starting optimization for tf=0.2653061224489796
2020-06-17 16:58:26,656 [MainThread  ][DEBUG]  Optimization method: Powell
2020-06-17 16:58:26,656 [MainThread  ][DEBUG]  Optimization options: None
2020-06-17 16:58:26,656 [MainThread  ][INFO ]  Initial parameter values: [-0.6161925010107809, 0.1326530612244898, 0.8561323190089467]
2020-06-17 16:58:28,033 [MainThread  ][INFO ]  Final fidelity: 0.8287575771893174
2020-06-17 16:58:28,033 [MainThread  ][INFO ]  Final parameters: [ 1.99999798  0.16189097 -2.        ]
2020-06-17 16:58:28,034 [MainThread  ][INFO ]  Fidelity: 0.8287575771893174
2020-06-17 16:58:28,034 [MainThread  ][INFO ]  ---- Iteration 11/50
2020-06-17 16:58:28,034 [MainThread  ][DEBUG]  Setting hyperparameter tf=0.2836734693877551
2020-06-17 16:58:28,034 [MainThread  ][INFO ]  Starting optimization for tf=0.2836734693877551
2020-06-17 16:58:28,034 [MainThread  ][DEBUG]  Optimization method: Powell
2020-06-17 16:58:28,034 [MainThread  ][DEBUG]  Optimization options: None
2020-06-17 16:58:28,034 [MainThread  ][INFO ]  Initial parameter values: [-0.19143924561642756, 0.14183673469387756, 0.6052677533944473]
2020-06-17 16:58:29,792 [MainThread  ][INFO ]  Final fidelity: 0.8315832189973765
2020-06-17 16:58:29,792 [MainThread  ][INFO ]  Final parameters: [ 2.          0.17350743 -2.        ]
2020-06-17 16:58:29,792 [MainThread  ][INFO ]  Fidelity: 0.8315832189973765
2020-06-17 16:58:29,793 [MainThread  ][INFO ]  ---- Iteration 12/50
2020-06-17 16:58:29,793 [MainThread  ][DEBUG]  Setting hyperparameter tf=0.3020408163265306
2020-06-17 16:58:29,793 [MainThread  ][INFO ]  Starting optimization for tf=0.3020408163265306
2020-06-17 16:58:29,793 [MainThread  ][DEBUG]  Optimization method: Powell
2020-06-17 16:58:29,793 [MainThread  ][DEBUG]  Optimization options: None
2020-06-17 16:58:29,793 [MainThread  ][INFO ]  Initial parameter values: [0.6461377574778713, 0.1510204081632653, 0.31395544436213796]
2020-06-17 16:58:32,192 [MainThread  ][INFO ]  Final fidelity: 0.834576260755324
2020-06-17 16:58:32,192 [MainThread  ][INFO ]  Final parameters: [ 2.          0.18520607 -1.99999999]
2020-06-17 16:58:32,193 [MainThread  ][INFO ]  Fidelity: 0.834576260755324
2020-06-17 16:58:32,193 [MainThread  ][INFO ]  ---- Iteration 13/50
2020-06-17 16:58:32,193 [MainThread  ][DEBUG]  Setting hyperparameter tf=0.3204081632653062
2020-06-17 16:58:32,193 [MainThread  ][INFO ]  Starting optimization for tf=0.3204081632653062
2020-06-17 16:58:32,193 [MainThread  ][DEBUG]  Optimization method: Powell
2020-06-17 16:58:32,193 [MainThread  ][DEBUG]  Optimization options: None
2020-06-17 16:58:32,194 [MainThread  ][INFO ]  Initial parameter values: [0.5645999158630197, 0.1602040816326531, 0.5517857464857692]
2020-06-17 16:58:37,900 [MainThread  ][INFO ]  Final fidelity: 0.8377321445668344
2020-06-17 16:58:37,901 [MainThread  ][INFO ]  Final parameters: [ 2.          0.19698825 -1.99999999]
2020-06-17 16:58:37,901 [MainThread  ][INFO ]  Fidelity: 0.8377321445668344
2020-06-17 16:58:37,901 [MainThread  ][INFO ]  ---- Iteration 14/50
2020-06-17 16:58:37,901 [MainThread  ][DEBUG]  Setting hyperparameter tf=0.3387755102040817
2020-06-17 16:58:37,901 [MainThread  ][INFO ]  Starting optimization for tf=0.3387755102040817
2020-06-17 16:58:37,901 [MainThread  ][DEBUG]  Optimization method: Powell
2020-06-17 16:58:37,901 [MainThread  ][DEBUG]  Optimization options: None
2020-06-17 16:58:37,901 [MainThread  ][INFO ]  Initial parameter values: [0.06637463755668493, 0.16938775510204085, 0.3725531814869767]
2020-06-17 16:58:45,433 [MainThread  ][INFO ]  Final fidelity: 0.8410459108768016
2020-06-17 16:58:45,433 [MainThread  ][INFO ]  Final parameters: [ 2.          0.20886187 -1.99999995]
2020-06-17 16:58:45,433 [MainThread  ][INFO ]  Fidelity: 0.8410459108768016
2020-06-17 16:58:45,434 [MainThread  ][INFO ]  ---- Iteration 15/50
2020-06-17 16:58:45,434 [MainThread  ][DEBUG]  Setting hyperparameter tf=0.3571428571428572
2020-06-17 16:58:45,434 [MainThread  ][INFO ]  Starting optimization for tf=0.3571428571428572
2020-06-17 16:58:45,434 [MainThread  ][DEBUG]  Optimization method: Powell
2020-06-17 16:58:45,434 [MainThread  ][DEBUG]  Optimization options: None
2020-06-17 16:58:45,434 [MainThread  ][INFO ]  Initial parameter values: [0.7889324398399964, 0.1785714285714286, -0.6476830260616901]
2020-06-17 16:58:47,704 [MainThread  ][INFO ]  Final fidelity: 0.8445121977434814
2020-06-17 16:58:47,704 [MainThread  ][INFO ]  Final parameters: [ 2.          0.22082894 -1.99999998]
2020-06-17 16:58:47,704 [MainThread  ][INFO ]  Fidelity: 0.8445121977434814
2020-06-17 16:58:47,704 [MainThread  ][INFO ]  ---- Iteration 16/50
2020-06-17 16:58:47,705 [MainThread  ][DEBUG]  Setting hyperparameter tf=0.3755102040816327
2020-06-17 16:58:47,705 [MainThread  ][INFO ]  Starting optimization for tf=0.3755102040816327
2020-06-17 16:58:47,705 [MainThread  ][DEBUG]  Optimization method: Powell
2020-06-17 16:58:47,705 [MainThread  ][DEBUG]  Optimization options: None
2020-06-17 16:58:47,705 [MainThread  ][INFO ]  Initial parameter values: [-0.3332633894274011, 0.18775510204081636, -0.8495505190328243]
2020-06-17 16:58:49,589 [MainThread  ][INFO ]  Final fidelity: 0.8481252253681144
2020-06-17 16:58:49,590 [MainThread  ][INFO ]  Final parameters: [ 2.          0.23289438 -1.99999983]
2020-06-17 16:58:49,590 [MainThread  ][INFO ]  Fidelity: 0.8481252253681144
2020-06-17 16:58:49,590 [MainThread  ][INFO ]  ---- Iteration 17/50
2020-06-17 16:58:49,590 [MainThread  ][DEBUG]  Setting hyperparameter tf=0.3938775510204082
2020-06-17 16:58:49,590 [MainThread  ][INFO ]  Starting optimization for tf=0.3938775510204082
2020-06-17 16:58:49,590 [MainThread  ][DEBUG]  Optimization method: Powell
2020-06-17 16:58:49,590 [MainThread  ][DEBUG]  Optimization options: None
2020-06-17 16:58:49,591 [MainThread  ][INFO ]  Initial parameter values: [-0.8214364952963775, 0.1969387755102041, 0.14125143067140744]
2020-06-17 16:58:52,573 [MainThread  ][INFO ]  Final fidelity: 0.851878788846908
2020-06-17 16:58:52,574 [MainThread  ][INFO ]  Final parameters: [ 2.          0.24506239 -2.        ]
2020-06-17 16:58:52,574 [MainThread  ][INFO ]  Fidelity: 0.851878788846908
2020-06-17 16:58:52,574 [MainThread  ][INFO ]  ---- Iteration 18/50
2020-06-17 16:58:52,574 [MainThread  ][DEBUG]  Setting hyperparameter tf=0.41224489795918373
2020-06-17 16:58:52,574 [MainThread  ][INFO ]  Starting optimization for tf=0.41224489795918373
2020-06-17 16:58:52,574 [MainThread  ][DEBUG]  Optimization method: Powell
2020-06-17 16:58:52,574 [MainThread  ][DEBUG]  Optimization options: None
2020-06-17 16:58:52,575 [MainThread  ][INFO ]  Initial parameter values: [0.4050775866669105, 0.20612244897959187, -0.3509078893158344]
2020-06-17 16:58:55,170 [MainThread  ][INFO ]  Final fidelity: 0.855766238696712
2020-06-17 16:58:55,171 [MainThread  ][INFO ]  Final parameters: [ 2.          0.25733661 -1.99999995]
2020-06-17 16:58:55,171 [MainThread  ][INFO ]  Fidelity: 0.855766238696712
2020-06-17 16:58:55,171 [MainThread  ][INFO ]  ---- Iteration 19/50
2020-06-17 16:58:55,171 [MainThread  ][DEBUG]  Setting hyperparameter tf=0.43061224489795924
2020-06-17 16:58:55,171 [MainThread  ][INFO ]  Starting optimization for tf=0.43061224489795924
2020-06-17 16:58:55,171 [MainThread  ][DEBUG]  Optimization method: Powell
2020-06-17 16:58:55,171 [MainThread  ][DEBUG]  Optimization options: None
2020-06-17 16:58:55,172 [MainThread  ][INFO ]  Initial parameter values: [0.5142863105884654, 0.21530612244897962, -0.7353219784960878]
2020-06-17 16:58:57,414 [MainThread  ][INFO ]  Final fidelity: 0.8597804791864557
2020-06-17 16:58:57,414 [MainThread  ][INFO ]  Final parameters: [ 2.          0.2697207  -1.99999981]
2020-06-17 16:58:57,414 [MainThread  ][INFO ]  Fidelity: 0.8597804791864557
2020-06-17 16:58:57,414 [MainThread  ][INFO ]  ---- Iteration 20/50
2020-06-17 16:58:57,415 [MainThread  ][DEBUG]  Setting hyperparameter tf=0.44897959183673475
2020-06-17 16:58:57,415 [MainThread  ][INFO ]  Starting optimization for tf=0.44897959183673475
2020-06-17 16:58:57,415 [MainThread  ][DEBUG]  Optimization method: Powell
2020-06-17 16:58:57,415 [MainThread  ][DEBUG]  Optimization options: None
2020-06-17 16:58:57,415 [MainThread  ][INFO ]  Initial parameter values: [-0.518910343730931, 0.22448979591836737, 0.683832409324969]
2020-06-17 16:59:00,772 [MainThread  ][INFO ]  Final fidelity: 0.8639139563170846
2020-06-17 16:59:00,773 [MainThread  ][INFO ]  Final parameters: [ 2.          0.28221708 -1.99999953]
2020-06-17 16:59:00,773 [MainThread  ][INFO ]  Fidelity: 0.8639139563170846
2020-06-17 16:59:00,773 [MainThread  ][INFO ]  ---- Iteration 21/50
2020-06-17 16:59:00,773 [MainThread  ][DEBUG]  Setting hyperparameter tf=0.46734693877551026
2020-06-17 16:59:00,773 [MainThread  ][INFO ]  Starting optimization for tf=0.46734693877551026
2020-06-17 16:59:00,773 [MainThread  ][DEBUG]  Optimization method: Powell
2020-06-17 16:59:00,774 [MainThread  ][DEBUG]  Optimization options: None
2020-06-17 16:59:00,774 [MainThread  ][INFO ]  Initial parameter values: [-0.8821748998574797, 0.23367346938775513, -0.5008555977215847]
2020-06-17 16:59:03,591 [MainThread  ][INFO ]  Final fidelity: 0.8681586591987894
2020-06-17 16:59:03,592 [MainThread  ][INFO ]  Final parameters: [ 2.          0.29483462 -1.99999999]
2020-06-17 16:59:03,592 [MainThread  ][INFO ]  Fidelity: 0.8681586591987894
2020-06-17 16:59:03,592 [MainThread  ][INFO ]  ---- Iteration 22/50
2020-06-17 16:59:03,592 [MainThread  ][DEBUG]  Setting hyperparameter tf=0.48571428571428577
2020-06-17 16:59:03,592 [MainThread  ][INFO ]  Starting optimization for tf=0.48571428571428577
2020-06-17 16:59:03,592 [MainThread  ][DEBUG]  Optimization method: Powell
2020-06-17 16:59:03,592 [MainThread  ][DEBUG]  Optimization options: None
2020-06-17 16:59:03,593 [MainThread  ][INFO ]  Initial parameter values: [0.7277220253398213, 0.24285714285714288, 0.055646644674900436]
2020-06-17 16:59:06,691 [MainThread  ][INFO ]  Final fidelity: 0.8725060966524688
2020-06-17 16:59:06,691 [MainThread  ][INFO ]  Final parameters: [ 2.          0.30756972 -1.99999999]
2020-06-17 16:59:06,691 [MainThread  ][INFO ]  Fidelity: 0.8725060966524688
2020-06-17 16:59:06,691 [MainThread  ][INFO ]  ---- Iteration 23/50
2020-06-17 16:59:06,692 [MainThread  ][DEBUG]  Setting hyperparameter tf=0.5040816326530613
2020-06-17 16:59:06,692 [MainThread  ][INFO ]  Starting optimization for tf=0.5040816326530613
2020-06-17 16:59:06,692 [MainThread  ][DEBUG]  Optimization method: Powell
2020-06-17 16:59:06,692 [MainThread  ][DEBUG]  Optimization options: None
2020-06-17 16:59:06,692 [MainThread  ][INFO ]  Initial parameter values: [0.6844618227716195, 0.25204081632653064, 0.288920390113238]
2020-06-17 16:59:10,338 [MainThread  ][INFO ]  Final fidelity: 0.8769473198779592
2020-06-17 16:59:10,339 [MainThread  ][INFO ]  Final parameters: [ 2.          0.3204283  -1.99999995]
2020-06-17 16:59:10,339 [MainThread  ][INFO ]  Fidelity: 0.8769473198779592
2020-06-17 16:59:10,339 [MainThread  ][INFO ]  ---- Iteration 24/50
2020-06-17 16:59:10,339 [MainThread  ][DEBUG]  Setting hyperparameter tf=0.5224489795918368
2020-06-17 16:59:10,339 [MainThread  ][INFO ]  Starting optimization for tf=0.5224489795918368
2020-06-17 16:59:10,339 [MainThread  ][DEBUG]  Optimization method: Powell
2020-06-17 16:59:10,339 [MainThread  ][DEBUG]  Optimization options: None
2020-06-17 16:59:10,340 [MainThread  ][INFO ]  Initial parameter values: [0.1142488101447674, 0.2612244897959184, 0.18111887598749798]
2020-06-17 16:59:14,026 [MainThread  ][INFO ]  Final fidelity: 0.8814729122997044
2020-06-17 16:59:14,026 [MainThread  ][INFO ]  Final parameters: [ 2.          0.33341264 -2.        ]
2020-06-17 16:59:14,026 [MainThread  ][INFO ]  Fidelity: 0.8814729122997044
2020-06-17 16:59:14,026 [MainThread  ][INFO ]  ---- Iteration 25/50
2020-06-17 16:59:14,027 [MainThread  ][DEBUG]  Setting hyperparameter tf=0.5408163265306123
2020-06-17 16:59:14,027 [MainThread  ][INFO ]  Starting optimization for tf=0.5408163265306123
2020-06-17 16:59:14,027 [MainThread  ][DEBUG]  Optimization method: Powell
2020-06-17 16:59:14,027 [MainThread  ][DEBUG]  Optimization options: None
2020-06-17 16:59:14,027 [MainThread  ][INFO ]  Initial parameter values: [0.5843250902996475, 0.27040816326530615, -0.535821777020236]
2020-06-17 16:59:17,005 [MainThread  ][INFO ]  Final fidelity: 0.8860729926570076
2020-06-17 16:59:17,005 [MainThread  ][INFO ]  Final parameters: [ 2.          0.34652401 -1.99999982]
2020-06-17 16:59:17,005 [MainThread  ][INFO ]  Fidelity: 0.8860729926570076
2020-06-17 16:59:17,005 [MainThread  ][INFO ]  ---- Iteration 26/50
2020-06-17 16:59:17,006 [MainThread  ][DEBUG]  Setting hyperparameter tf=0.5591836734693878
2020-06-17 16:59:17,006 [MainThread  ][INFO ]  Starting optimization for tf=0.5591836734693878
2020-06-17 16:59:17,006 [MainThread  ][DEBUG]  Optimization method: Powell
2020-06-17 16:59:17,006 [MainThread  ][DEBUG]  Optimization options: None
2020-06-17 16:59:17,006 [MainThread  ][INFO ]  Initial parameter values: [-0.24772082014183372, 0.2795918367346939, 0.7053251544290389]
2020-06-17 16:59:20,204 [MainThread  ][INFO ]  Final fidelity: 0.8900098330993262
2020-06-17 16:59:20,205 [MainThread  ][INFO ]  Final parameters: [ 2.          0.34903506 -1.99999964]
2020-06-17 16:59:20,205 [MainThread  ][INFO ]  Fidelity: 0.8900098330993262
2020-06-17 16:59:20,205 [MainThread  ][INFO ]  ---- Iteration 27/50
2020-06-17 16:59:20,205 [MainThread  ][DEBUG]  Setting hyperparameter tf=0.5775510204081633
2020-06-17 16:59:20,206 [MainThread  ][INFO ]  Starting optimization for tf=0.5775510204081633
2020-06-17 16:59:20,206 [MainThread  ][DEBUG]  Optimization method: Powell
2020-06-17 16:59:20,206 [MainThread  ][DEBUG]  Optimization options: None
2020-06-17 16:59:20,206 [MainThread  ][INFO ]  Initial parameter values: [0.42521693469557453, 0.28877551020408165, 0.04122242312465141]
2020-06-17 16:59:23,824 [MainThread  ][INFO ]  Final fidelity: 0.8954548559802628
2020-06-17 16:59:23,825 [MainThread  ][INFO ]  Final parameters: [ 2.          0.37314162 -1.99999997]
2020-06-17 16:59:23,825 [MainThread  ][INFO ]  Fidelity: 0.8954548559802628
2020-06-17 16:59:23,825 [MainThread  ][INFO ]  ---- Iteration 28/50
2020-06-17 16:59:23,825 [MainThread  ][DEBUG]  Setting hyperparameter tf=0.5959183673469388
2020-06-17 16:59:23,825 [MainThread  ][INFO ]  Starting optimization for tf=0.5959183673469388
2020-06-17 16:59:23,825 [MainThread  ][DEBUG]  Optimization method: Powell
2020-06-17 16:59:23,825 [MainThread  ][DEBUG]  Optimization options: None
2020-06-17 16:59:23,826 [MainThread  ][INFO ]  Initial parameter values: [-0.6993472125234257, 0.2979591836734694, -0.10237593338545392]
2020-06-17 16:59:27,669 [MainThread  ][INFO ]  Final fidelity: 0.9002146614545542
2020-06-17 16:59:27,670 [MainThread  ][INFO ]  Final parameters: [ 2.          0.38664974 -2.        ]
2020-06-17 16:59:27,670 [MainThread  ][INFO ]  Fidelity: 0.9002146614545542
2020-06-17 16:59:27,670 [MainThread  ][INFO ]  ---- Iteration 29/50
2020-06-17 16:59:27,671 [MainThread  ][DEBUG]  Setting hyperparameter tf=0.6142857142857143
2020-06-17 16:59:27,671 [MainThread  ][INFO ]  Starting optimization for tf=0.6142857142857143
2020-06-17 16:59:27,671 [MainThread  ][DEBUG]  Optimization method: Powell
2020-06-17 16:59:27,671 [MainThread  ][DEBUG]  Optimization options: None
2020-06-17 16:59:27,671 [MainThread  ][INFO ]  Initial parameter values: [0.04698965940840538, 0.30714285714285716, 0.22641085254931315]
2020-06-17 16:59:30,570 [MainThread  ][INFO ]  Final fidelity: 0.9046596407393032
2020-06-17 16:59:30,571 [MainThread  ][INFO ]  Final parameters: [ 2.          0.39310571 -1.99999999]
2020-06-17 16:59:30,571 [MainThread  ][INFO ]  Fidelity: 0.9046596407393032
2020-06-17 16:59:30,571 [MainThread  ][INFO ]  ---- Iteration 30/50
2020-06-17 16:59:30,571 [MainThread  ][DEBUG]  Setting hyperparameter tf=0.6326530612244898
2020-06-17 16:59:30,571 [MainThread  ][INFO ]  Starting optimization for tf=0.6326530612244898
2020-06-17 16:59:30,571 [MainThread  ][DEBUG]  Optimization method: Powell
2020-06-17 16:59:30,572 [MainThread  ][DEBUG]  Optimization options: None
2020-06-17 16:59:30,572 [MainThread  ][INFO ]  Initial parameter values: [-0.34119286047508046, 0.3163265306122449, -0.9277402456806385]
2020-06-17 16:59:33,624 [MainThread  ][INFO ]  Final fidelity: 0.9098139973491094
2020-06-17 16:59:33,624 [MainThread  ][INFO ]  Final parameters: [ 2.          0.41407149 -1.99999999]
2020-06-17 16:59:33,624 [MainThread  ][INFO ]  Fidelity: 0.9098139973491094
2020-06-17 16:59:33,624 [MainThread  ][INFO ]  ---- Iteration 31/50
2020-06-17 16:59:33,625 [MainThread  ][DEBUG]  Setting hyperparameter tf=0.6510204081632653
2020-06-17 16:59:33,625 [MainThread  ][INFO ]  Starting optimization for tf=0.6510204081632653
2020-06-17 16:59:33,625 [MainThread  ][DEBUG]  Optimization method: Powell
2020-06-17 16:59:33,625 [MainThread  ][DEBUG]  Optimization options: None
2020-06-17 16:59:33,625 [MainThread  ][INFO ]  Initial parameter values: [0.33984099652946975, 0.32551020408163267, 0.7971801609730131]
2020-06-17 16:59:37,064 [MainThread  ][INFO ]  Final fidelity: 0.9146291748499071
2020-06-17 16:59:37,065 [MainThread  ][INFO ]  Final parameters: [ 1.99999987  0.42798719 -2.        ]
2020-06-17 16:59:37,065 [MainThread  ][INFO ]  Fidelity: 0.9146291748499071
2020-06-17 16:59:37,065 [MainThread  ][INFO ]  ---- Iteration 32/50
2020-06-17 16:59:37,065 [MainThread  ][DEBUG]  Setting hyperparameter tf=0.6693877551020408
2020-06-17 16:59:37,065 [MainThread  ][INFO ]  Starting optimization for tf=0.6693877551020408
2020-06-17 16:59:37,065 [MainThread  ][DEBUG]  Optimization method: Powell
2020-06-17 16:59:37,066 [MainThread  ][DEBUG]  Optimization options: None
2020-06-17 16:59:37,066 [MainThread  ][INFO ]  Initial parameter values: [-0.18413302747920457, 0.3346938775510204, -0.20962327783225043]
2020-06-17 16:59:42,439 [MainThread  ][INFO ]  Final fidelity: 0.919437899669829
2020-06-17 16:59:42,440 [MainThread  ][INFO ]  Final parameters: [ 2.          0.44203944 -1.99999997]
2020-06-17 16:59:42,440 [MainThread  ][INFO ]  Fidelity: 0.919437899669829
2020-06-17 16:59:42,440 [MainThread  ][INFO ]  ---- Iteration 33/50
2020-06-17 16:59:42,440 [MainThread  ][DEBUG]  Setting hyperparameter tf=0.6877551020408164
2020-06-17 16:59:42,441 [MainThread  ][INFO ]  Starting optimization for tf=0.6877551020408164
2020-06-17 16:59:42,441 [MainThread  ][DEBUG]  Optimization method: Powell
2020-06-17 16:59:42,441 [MainThread  ][DEBUG]  Optimization options: None
2020-06-17 16:59:42,441 [MainThread  ][INFO ]  Initial parameter values: [0.6753318225800855, 0.3438775510204082, -0.3355364912292347]
2020-06-17 16:59:46,968 [MainThread  ][INFO ]  Final fidelity: 0.9242271792550999
2020-06-17 16:59:46,969 [MainThread  ][INFO ]  Final parameters: [ 2.          0.45622851 -1.99999987]
2020-06-17 16:59:46,969 [MainThread  ][INFO ]  Fidelity: 0.9242271792550999
2020-06-17 16:59:46,969 [MainThread  ][INFO ]  ---- Iteration 34/50
2020-06-17 16:59:46,969 [MainThread  ][DEBUG]  Setting hyperparameter tf=0.7061224489795919
2020-06-17 16:59:46,969 [MainThread  ][INFO ]  Starting optimization for tf=0.7061224489795919
2020-06-17 16:59:46,970 [MainThread  ][DEBUG]  Optimization method: Powell
2020-06-17 16:59:46,970 [MainThread  ][DEBUG]  Optimization options: None
2020-06-17 16:59:46,970 [MainThread  ][INFO ]  Initial parameter values: [0.5329734050322117, 0.35306122448979593, -0.8143636948512603]
2020-06-17 16:59:51,314 [MainThread  ][INFO ]  Final fidelity: 0.9289837806966997
2020-06-17 16:59:51,314 [MainThread  ][INFO ]  Final parameters: [ 2.          0.47055458 -1.99999997]
2020-06-17 16:59:51,314 [MainThread  ][INFO ]  Fidelity: 0.9289837806966997
2020-06-17 16:59:51,314 [MainThread  ][INFO ]  ---- Iteration 35/50
2020-06-17 16:59:51,315 [MainThread  ][DEBUG]  Setting hyperparameter tf=0.7244897959183674
2020-06-17 16:59:51,315 [MainThread  ][INFO ]  Starting optimization for tf=0.7244897959183674
2020-06-17 16:59:51,315 [MainThread  ][DEBUG]  Optimization method: Powell
2020-06-17 16:59:51,315 [MainThread  ][DEBUG]  Optimization options: None
2020-06-17 16:59:51,315 [MainThread  ][INFO ]  Initial parameter values: [-0.44965731349331794, 0.3622448979591837, -0.9628552866474094]
2020-06-17 16:59:55,379 [MainThread  ][INFO ]  Final fidelity: 0.9336942424447989
2020-06-17 16:59:55,379 [MainThread  ][INFO ]  Final parameters: [ 2.          0.48501849 -1.99999999]
2020-06-17 16:59:55,379 [MainThread  ][INFO ]  Fidelity: 0.9336942424447989
2020-06-17 16:59:55,380 [MainThread  ][INFO ]  ---- Iteration 36/50
2020-06-17 16:59:55,380 [MainThread  ][DEBUG]  Setting hyperparameter tf=0.7428571428571429
2020-06-17 16:59:55,380 [MainThread  ][INFO ]  Starting optimization for tf=0.7428571428571429
2020-06-17 16:59:55,380 [MainThread  ][DEBUG]  Optimization method: Powell
2020-06-17 16:59:55,380 [MainThread  ][DEBUG]  Optimization options: None
2020-06-17 16:59:55,380 [MainThread  ][INFO ]  Initial parameter values: [0.9993745712148014, 0.37142857142857144, -0.5848441579980415]
2020-06-17 16:59:58,822 [MainThread  ][INFO ]  Final fidelity: 0.9378700398840824
2020-06-17 16:59:58,823 [MainThread  ][INFO ]  Final parameters: [ 2.          0.49174998 -1.99999983]
2020-06-17 16:59:58,823 [MainThread  ][INFO ]  Fidelity: 0.9378700398840824
2020-06-17 16:59:58,823 [MainThread  ][INFO ]  ---- Iteration 37/50
2020-06-17 16:59:58,823 [MainThread  ][DEBUG]  Setting hyperparameter tf=0.7612244897959184
2020-06-17 16:59:58,823 [MainThread  ][INFO ]  Starting optimization for tf=0.7612244897959184
2020-06-17 16:59:58,823 [MainThread  ][DEBUG]  Optimization method: Powell
2020-06-17 16:59:58,824 [MainThread  ][DEBUG]  Optimization options: None
2020-06-17 16:59:58,824 [MainThread  ][INFO ]  Initial parameter values: [0.796957084686877, 0.3806122448979592, -0.5272409904423339]
2020-06-17 17:00:04,420 [MainThread  ][INFO ]  Final fidelity: 0.9426990094462535
2020-06-17 17:00:04,421 [MainThread  ][INFO ]  Final parameters: [ 2.          0.50902448 -2.        ]
2020-06-17 17:00:04,421 [MainThread  ][INFO ]  Fidelity: 0.9426990094462535
2020-06-17 17:00:04,421 [MainThread  ][INFO ]  ---- Iteration 38/50
2020-06-17 17:00:04,421 [MainThread  ][DEBUG]  Setting hyperparameter tf=0.7795918367346939
2020-06-17 17:00:04,421 [MainThread  ][INFO ]  Starting optimization for tf=0.7795918367346939
2020-06-17 17:00:04,422 [MainThread  ][DEBUG]  Optimization method: Powell
2020-06-17 17:00:04,422 [MainThread  ][DEBUG]  Optimization options: None
2020-06-17 17:00:04,422 [MainThread  ][INFO ]  Initial parameter values: [-0.14313940349006082, 0.38979591836734695, 0.6991041651946113]
2020-06-17 17:00:17,142 [MainThread  ][INFO ]  Final fidelity: 0.9466015392953051
2020-06-17 17:00:17,146 [MainThread  ][INFO ]  Final parameters: [ 2.          0.53916568 -2.        ]
2020-06-17 17:00:17,146 [MainThread  ][INFO ]  Fidelity: 0.9466015392953051
2020-06-17 17:00:17,146 [MainThread  ][INFO ]  ---- Iteration 39/50
2020-06-17 17:00:17,147 [MainThread  ][DEBUG]  Setting hyperparameter tf=0.7979591836734694
2020-06-17 17:00:17,147 [MainThread  ][INFO ]  Starting optimization for tf=0.7979591836734694
2020-06-17 17:00:17,147 [MainThread  ][DEBUG]  Optimization method: Powell
2020-06-17 17:00:17,147 [MainThread  ][DEBUG]  Optimization options: None
2020-06-17 17:00:17,147 [MainThread  ][INFO ]  Initial parameter values: [0.003444284441037171, 0.3989795918367347, -0.2135299923357885]
2020-06-17 17:00:27,380 [MainThread  ][INFO ]  Final fidelity: 0.9516507369558531
2020-06-17 17:00:27,381 [MainThread  ][INFO ]  Final parameters: [ 2.          0.53994943 -2.        ]
2020-06-17 17:00:27,381 [MainThread  ][INFO ]  Fidelity: 0.9516507369558531
2020-06-17 17:00:27,381 [MainThread  ][INFO ]  ---- Iteration 40/50
2020-06-17 17:00:27,381 [MainThread  ][DEBUG]  Setting hyperparameter tf=0.8163265306122449
2020-06-17 17:00:27,381 [MainThread  ][INFO ]  Starting optimization for tf=0.8163265306122449
2020-06-17 17:00:27,381 [MainThread  ][DEBUG]  Optimization method: Powell
2020-06-17 17:00:27,382 [MainThread  ][DEBUG]  Optimization options: None
2020-06-17 17:00:27,382 [MainThread  ][INFO ]  Initial parameter values: [0.22799023532554052, 0.40816326530612246, 0.028908043091880442]
2020-06-17 17:00:53,999 [MainThread  ][INFO ]  Final fidelity: 0.955186671969774
2020-06-17 17:00:54,001 [MainThread  ][INFO ]  Final parameters: [ 2.          0.56952423 -2.        ]
2020-06-17 17:00:54,002 [MainThread  ][INFO ]  Fidelity: 0.955186671969774
2020-06-17 17:00:54,002 [MainThread  ][INFO ]  ---- Iteration 41/50
2020-06-17 17:00:54,002 [MainThread  ][DEBUG]  Setting hyperparameter tf=0.8346938775510204
2020-06-17 17:00:54,002 [MainThread  ][INFO ]  Starting optimization for tf=0.8346938775510204
2020-06-17 17:00:54,002 [MainThread  ][DEBUG]  Optimization method: Powell
2020-06-17 17:00:54,002 [MainThread  ][DEBUG]  Optimization options: None
2020-06-17 17:00:54,002 [MainThread  ][INFO ]  Initial parameter values: [-0.6819521178216439, 0.4173469387755102, 0.5210733801366225]
2020-06-17 17:01:08,727 [MainThread  ][INFO ]  Final fidelity: 0.9601330853799857
2020-06-17 17:01:08,728 [MainThread  ][INFO ]  Final parameters: [ 2.          0.5714529  -1.99999999]
2020-06-17 17:01:08,728 [MainThread  ][INFO ]  Fidelity: 0.9601330853799857
2020-06-17 17:01:08,728 [MainThread  ][INFO ]  ---- Iteration 42/50
2020-06-17 17:01:08,728 [MainThread  ][DEBUG]  Setting hyperparameter tf=0.8530612244897959
2020-06-17 17:01:08,728 [MainThread  ][INFO ]  Starting optimization for tf=0.8530612244897959
2020-06-17 17:01:08,728 [MainThread  ][DEBUG]  Optimization method: Powell
2020-06-17 17:01:08,729 [MainThread  ][DEBUG]  Optimization options: None
2020-06-17 17:01:08,729 [MainThread  ][INFO ]  Initial parameter values: [0.29012238461192963, 0.42653061224489797, -0.714133909943891]
2020-06-17 17:01:14,628 [MainThread  ][INFO ]  Final fidelity: 0.9642188693146303
2020-06-17 17:01:14,629 [MainThread  ][INFO ]  Final parameters: [ 2.          0.59037718 -2.        ]
2020-06-17 17:01:14,629 [MainThread  ][INFO ]  Fidelity: 0.9642188693146303
2020-06-17 17:01:14,629 [MainThread  ][INFO ]  ---- Iteration 43/50
2020-06-17 17:01:14,629 [MainThread  ][DEBUG]  Setting hyperparameter tf=0.8714285714285714
2020-06-17 17:01:14,630 [MainThread  ][INFO ]  Starting optimization for tf=0.8714285714285714
2020-06-17 17:01:14,630 [MainThread  ][DEBUG]  Optimization method: Powell
2020-06-17 17:01:14,630 [MainThread  ][DEBUG]  Optimization options: None
2020-06-17 17:01:14,630 [MainThread  ][INFO ]  Initial parameter values: [-0.4313117638953632, 0.4357142857142857, 0.6925372996211527]
2020-06-17 17:01:21,454 [MainThread  ][INFO ]  Final fidelity: 0.967899961940983
2020-06-17 17:01:21,455 [MainThread  ][INFO ]  Final parameters: [ 2.          0.60118389 -2.        ]
2020-06-17 17:01:21,455 [MainThread  ][INFO ]  Fidelity: 0.967899961940983
2020-06-17 17:01:21,455 [MainThread  ][INFO ]  ---- Iteration 44/50
2020-06-17 17:01:21,455 [MainThread  ][DEBUG]  Setting hyperparameter tf=0.889795918367347
2020-06-17 17:01:21,455 [MainThread  ][INFO ]  Starting optimization for tf=0.889795918367347
2020-06-17 17:01:21,455 [MainThread  ][DEBUG]  Optimization method: Powell
2020-06-17 17:01:21,456 [MainThread  ][DEBUG]  Optimization options: None
2020-06-17 17:01:21,456 [MainThread  ][INFO ]  Initial parameter values: [0.9691455685670853, 0.4448979591836735, -0.8816410637019605]
2020-06-17 17:01:27,455 [MainThread  ][INFO ]  Final fidelity: 0.9717383701697128
2020-06-17 17:01:27,456 [MainThread  ][INFO ]  Final parameters: [ 2.          0.62181758 -2.        ]
2020-06-17 17:01:27,456 [MainThread  ][INFO ]  Fidelity: 0.9717383701697128
2020-06-17 17:01:27,456 [MainThread  ][INFO ]  ---- Iteration 45/50
2020-06-17 17:01:27,456 [MainThread  ][DEBUG]  Setting hyperparameter tf=0.9081632653061225
2020-06-17 17:01:27,456 [MainThread  ][INFO ]  Starting optimization for tf=0.9081632653061225
2020-06-17 17:01:27,456 [MainThread  ][DEBUG]  Optimization method: Powell
2020-06-17 17:01:27,456 [MainThread  ][DEBUG]  Optimization options: None
2020-06-17 17:01:27,456 [MainThread  ][INFO ]  Initial parameter values: [-0.35171586991661896, 0.45408163265306123, -0.8159289264561682]
2020-06-17 17:01:33,602 [MainThread  ][INFO ]  Final fidelity: 0.9750000880406137
2020-06-17 17:01:33,602 [MainThread  ][INFO ]  Final parameters: [ 2.          0.64184801 -2.        ]
2020-06-17 17:01:33,602 [MainThread  ][INFO ]  Fidelity: 0.9750000880406137
2020-06-17 17:01:33,602 [MainThread  ][INFO ]  ---- Iteration 46/50
2020-06-17 17:01:33,603 [MainThread  ][DEBUG]  Setting hyperparameter tf=0.926530612244898
2020-06-17 17:01:33,603 [MainThread  ][INFO ]  Starting optimization for tf=0.926530612244898
2020-06-17 17:01:33,603 [MainThread  ][DEBUG]  Optimization method: Powell
2020-06-17 17:01:33,603 [MainThread  ][DEBUG]  Optimization options: None
2020-06-17 17:01:33,603 [MainThread  ][INFO ]  Initial parameter values: [-0.5360785759474889, 0.463265306122449, -0.8663884130154682]
2020-06-17 17:01:40,195 [MainThread  ][INFO ]  Final fidelity: 0.9784920777437105
2020-06-17 17:01:40,195 [MainThread  ][INFO ]  Final parameters: [ 2.          0.65487382 -2.        ]
2020-06-17 17:01:40,195 [MainThread  ][INFO ]  Fidelity: 0.9784920777437105
2020-06-17 17:01:40,196 [MainThread  ][INFO ]  ---- Iteration 47/50
2020-06-17 17:01:40,196 [MainThread  ][DEBUG]  Setting hyperparameter tf=0.9448979591836735
2020-06-17 17:01:40,196 [MainThread  ][INFO ]  Starting optimization for tf=0.9448979591836735
2020-06-17 17:01:40,196 [MainThread  ][DEBUG]  Optimization method: Powell
2020-06-17 17:01:40,196 [MainThread  ][DEBUG]  Optimization options: None
2020-06-17 17:01:40,196 [MainThread  ][INFO ]  Initial parameter values: [-0.4913720065767593, 0.47244897959183674, 0.8556220615978958]
2020-06-17 17:01:46,089 [MainThread  ][INFO ]  Final fidelity: 0.9816304106464331
2020-06-17 17:01:46,089 [MainThread  ][INFO ]  Final parameters: [ 1.99999997  0.66868041 -2.        ]
2020-06-17 17:01:46,090 [MainThread  ][INFO ]  Fidelity: 0.9816304106464331
2020-06-17 17:01:46,090 [MainThread  ][INFO ]  ---- Iteration 48/50
2020-06-17 17:01:46,090 [MainThread  ][DEBUG]  Setting hyperparameter tf=0.963265306122449
2020-06-17 17:01:46,090 [MainThread  ][INFO ]  Starting optimization for tf=0.963265306122449
2020-06-17 17:01:46,090 [MainThread  ][DEBUG]  Optimization method: Powell
2020-06-17 17:01:46,090 [MainThread  ][DEBUG]  Optimization options: None
2020-06-17 17:01:46,090 [MainThread  ][INFO ]  Initial parameter values: [0.7959287849681755, 0.4816326530612245, -0.2698962052504277]
2020-06-17 17:01:53,431 [MainThread  ][INFO ]  Final fidelity: 0.9844125750728936
2020-06-17 17:01:53,432 [MainThread  ][INFO ]  Final parameters: [ 2.          0.68173556 -2.        ]
2020-06-17 17:01:53,432 [MainThread  ][INFO ]  Fidelity: 0.9844125750728936
2020-06-17 17:01:53,432 [MainThread  ][INFO ]  ---- Iteration 49/50
2020-06-17 17:01:53,432 [MainThread  ][DEBUG]  Setting hyperparameter tf=0.9816326530612246
2020-06-17 17:01:53,432 [MainThread  ][INFO ]  Starting optimization for tf=0.9816326530612246
2020-06-17 17:01:53,432 [MainThread  ][DEBUG]  Optimization method: Powell
2020-06-17 17:01:53,432 [MainThread  ][DEBUG]  Optimization options: None
2020-06-17 17:01:53,432 [MainThread  ][INFO ]  Initial parameter values: [-0.9964377641738442, 0.4908163265306123, -0.19007247172608177]
2020-06-17 17:02:01,463 [MainThread  ][INFO ]  Final fidelity: 0.9871456457795735
2020-06-17 17:02:01,464 [MainThread  ][INFO ]  Final parameters: [ 2.          0.70151489 -2.        ]
2020-06-17 17:02:01,464 [MainThread  ][INFO ]  Fidelity: 0.9871456457795735
2020-06-17 17:02:01,464 [MainThread  ][INFO ]  ---- Iteration 50/50
2020-06-17 17:02:01,464 [MainThread  ][DEBUG]  Setting hyperparameter tf=1.0
2020-06-17 17:02:01,464 [MainThread  ][INFO ]  Starting optimization for tf=1.0
2020-06-17 17:02:01,464 [MainThread  ][DEBUG]  Optimization method: Powell
2020-06-17 17:02:01,464 [MainThread  ][DEBUG]  Optimization options: None
2020-06-17 17:02:01,465 [MainThread  ][INFO ]  Initial parameter values: [0.8260802470227182, 0.5, 0.334968473867985]
2020-06-17 17:02:11,029 [MainThread  ][INFO ]  Final fidelity: 0.9895527895724701
2020-06-17 17:02:11,030 [MainThread  ][INFO ]  Final parameters: [ 2.          0.71723459 -1.99999903]
2020-06-17 17:02:11,030 [MainThread  ][INFO ]  Fidelity: 0.9895527895724701
