2020-06-17 22:35:58,969 [MainThread  ][INFO ]  Output file name will be "lmg_doublebang_powell_bound08_tf2.csv"
2020-06-17 22:35:59,001 [MainThread  ][INFO ]  Using doublebang protocol ansatz.
2020-06-17 22:35:59,001 [MainThread  ][DEBUG]  Initializing ProtocolAnsatz instance "doublebang"
2020-06-17 22:35:59,001 [MainThread  ][INFO ]  Using parameters constraints: [[-8, 8], [None, None], [-8, 8]]
2020-06-17 22:35:59,001 [MainThread  ][INFO ]  Using total height constraint: None
2020-06-17 22:35:59,001 [MainThread  ][INFO ]  ---- Iteration 1/30
2020-06-17 22:35:59,002 [MainThread  ][DEBUG]  Setting hyperparameter tf=0.1
2020-06-17 22:35:59,002 [MainThread  ][INFO ]  Starting optimization for tf=0.1
2020-06-17 22:35:59,002 [MainThread  ][DEBUG]  Optimization method: Powell
2020-06-17 22:35:59,002 [MainThread  ][DEBUG]  Optimization options: None
2020-06-17 22:35:59,002 [MainThread  ][INFO ]  Initial parameter values: [0.9816547726433758, 0.05, 0.6063166508993747]
2020-06-17 22:36:20,512 [MainThread  ][INFO ]  Final fidelity: 0.818680451303944
2020-06-17 22:36:20,518 [MainThread  ][INFO ]  Final parameters: [ 8.          0.05460614 -7.99990893]
2020-06-17 22:36:20,518 [MainThread  ][INFO ]  Fidelity: 0.818680451303944
2020-06-17 22:36:20,518 [MainThread  ][INFO ]  ---- Iteration 2/30
2020-06-17 22:36:20,519 [MainThread  ][DEBUG]  Setting hyperparameter tf=0.13793103448275862
2020-06-17 22:36:20,519 [MainThread  ][INFO ]  Starting optimization for tf=0.13793103448275862
2020-06-17 22:36:20,519 [MainThread  ][DEBUG]  Optimization method: Powell
2020-06-17 22:36:20,519 [MainThread  ][DEBUG]  Optimization options: None
2020-06-17 22:36:20,519 [MainThread  ][INFO ]  Initial parameter values: [0.5160370862246477, 0.06896551724137931, 0.859310698746049]
2020-06-17 22:36:50,104 [MainThread  ][INFO ]  Final fidelity: 0.8279209476339384
2020-06-17 22:36:50,110 [MainThread  ][INFO ]  Final parameters: [ 8.          0.07399686 -7.99997991]
2020-06-17 22:36:50,110 [MainThread  ][INFO ]  Fidelity: 0.8279209476339384
2020-06-17 22:36:50,111 [MainThread  ][INFO ]  ---- Iteration 3/30
2020-06-17 22:36:50,111 [MainThread  ][DEBUG]  Setting hyperparameter tf=0.17586206896551723
2020-06-17 22:36:50,111 [MainThread  ][INFO ]  Starting optimization for tf=0.17586206896551723
2020-06-17 22:36:50,111 [MainThread  ][DEBUG]  Optimization method: Powell
2020-06-17 22:36:50,111 [MainThread  ][DEBUG]  Optimization options: None
2020-06-17 22:36:50,111 [MainThread  ][INFO ]  Initial parameter values: [-0.3686853219039534, 0.08793103448275862, 0.3459287964873359]
2020-06-17 22:37:06,604 [MainThread  ][INFO ]  Final fidelity: 0.8392790518622599
2020-06-17 22:37:06,605 [MainThread  ][INFO ]  Final parameters: [ 7.82757116  0.09503052 -8.        ]
2020-06-17 22:37:06,605 [MainThread  ][INFO ]  Fidelity: 0.8392790518622599
2020-06-17 22:37:06,605 [MainThread  ][INFO ]  ---- Iteration 4/30
2020-06-17 22:37:06,606 [MainThread  ][DEBUG]  Setting hyperparameter tf=0.21379310344827585
2020-06-17 22:37:06,606 [MainThread  ][INFO ]  Starting optimization for tf=0.21379310344827585
2020-06-17 22:37:06,606 [MainThread  ][DEBUG]  Optimization method: Powell
2020-06-17 22:37:06,606 [MainThread  ][DEBUG]  Optimization options: None
2020-06-17 22:37:06,606 [MainThread  ][INFO ]  Initial parameter values: [0.8160602697694572, 0.10689655172413792, -0.8203112801837358]
2020-06-17 22:37:38,130 [MainThread  ][INFO ]  Final fidelity: 0.8539238237674714
2020-06-17 22:37:38,131 [MainThread  ][INFO ]  Final parameters: [ 8.          0.11676763 -7.99999989]
2020-06-17 22:37:38,131 [MainThread  ][INFO ]  Fidelity: 0.8539238237674714
2020-06-17 22:37:38,131 [MainThread  ][INFO ]  ---- Iteration 5/30
2020-06-17 22:37:38,131 [MainThread  ][DEBUG]  Setting hyperparameter tf=0.25172413793103443
2020-06-17 22:37:38,131 [MainThread  ][INFO ]  Starting optimization for tf=0.25172413793103443
2020-06-17 22:37:38,132 [MainThread  ][DEBUG]  Optimization method: Powell
2020-06-17 22:37:38,132 [MainThread  ][DEBUG]  Optimization options: None
2020-06-17 22:37:38,132 [MainThread  ][INFO ]  Initial parameter values: [0.09337429593898983, 0.12586206896551722, -0.3455869290120468]
2020-06-17 22:38:08,834 [MainThread  ][INFO ]  Final fidelity: 0.8702339064392276
2020-06-17 22:38:08,835 [MainThread  ][INFO ]  Final parameters: [ 8.          0.13906114 -7.99999995]
2020-06-17 22:38:08,835 [MainThread  ][INFO ]  Fidelity: 0.8702339064392276
2020-06-17 22:38:08,835 [MainThread  ][INFO ]  ---- Iteration 6/30
2020-06-17 22:38:08,835 [MainThread  ][DEBUG]  Setting hyperparameter tf=0.28965517241379307
2020-06-17 22:38:08,835 [MainThread  ][INFO ]  Starting optimization for tf=0.28965517241379307
2020-06-17 22:38:08,835 [MainThread  ][DEBUG]  Optimization method: Powell
2020-06-17 22:38:08,836 [MainThread  ][DEBUG]  Optimization options: None
2020-06-17 22:38:08,836 [MainThread  ][INFO ]  Initial parameter values: [-0.49308303658462216, 0.14482758620689654, 0.8482222491130678]
2020-06-17 22:38:51,432 [MainThread  ][INFO ]  Final fidelity: 0.888196035980029
2020-06-17 22:38:51,433 [MainThread  ][INFO ]  Final parameters: [ 8.          0.16207932 -7.99999995]
2020-06-17 22:38:51,433 [MainThread  ][INFO ]  Fidelity: 0.888196035980029
2020-06-17 22:38:51,433 [MainThread  ][INFO ]  ---- Iteration 7/30
2020-06-17 22:38:51,434 [MainThread  ][DEBUG]  Setting hyperparameter tf=0.3275862068965517
2020-06-17 22:38:51,434 [MainThread  ][INFO ]  Starting optimization for tf=0.3275862068965517
2020-06-17 22:38:51,434 [MainThread  ][DEBUG]  Optimization method: Powell
2020-06-17 22:38:51,434 [MainThread  ][DEBUG]  Optimization options: None
2020-06-17 22:38:51,434 [MainThread  ][INFO ]  Initial parameter values: [-0.044832920936695775, 0.16379310344827586, 0.5303835919240321]
2020-06-17 22:39:42,104 [MainThread  ][INFO ]  Final fidelity: 0.9068610324530095
2020-06-17 22:39:42,104 [MainThread  ][INFO ]  Final parameters: [ 8.          0.18791144 -7.99999988]
2020-06-17 22:39:42,104 [MainThread  ][INFO ]  Fidelity: 0.9068610324530095
2020-06-17 22:39:42,105 [MainThread  ][INFO ]  ---- Iteration 8/30
2020-06-17 22:39:42,105 [MainThread  ][DEBUG]  Setting hyperparameter tf=0.3655172413793103
2020-06-17 22:39:42,105 [MainThread  ][INFO ]  Starting optimization for tf=0.3655172413793103
2020-06-17 22:39:42,105 [MainThread  ][DEBUG]  Optimization method: Powell
2020-06-17 22:39:42,105 [MainThread  ][DEBUG]  Optimization options: None
2020-06-17 22:39:42,105 [MainThread  ][INFO ]  Initial parameter values: [0.5810687183530159, 0.18275862068965515, -0.8858180485747333]
2020-06-17 22:40:32,436 [MainThread  ][INFO ]  Final fidelity: 0.9262470205011663
2020-06-17 22:40:32,437 [MainThread  ][INFO ]  Final parameters: [ 8.          0.2125691  -7.99999968]
2020-06-17 22:40:32,437 [MainThread  ][INFO ]  Fidelity: 0.9262470205011663
2020-06-17 22:40:32,437 [MainThread  ][INFO ]  ---- Iteration 9/30
2020-06-17 22:40:32,438 [MainThread  ][DEBUG]  Setting hyperparameter tf=0.4034482758620689
2020-06-17 22:40:32,438 [MainThread  ][INFO ]  Starting optimization for tf=0.4034482758620689
2020-06-17 22:40:32,438 [MainThread  ][DEBUG]  Optimization method: Powell
2020-06-17 22:40:32,438 [MainThread  ][DEBUG]  Optimization options: None
2020-06-17 22:40:32,438 [MainThread  ][INFO ]  Initial parameter values: [-0.7498473358940385, 0.20172413793103444, -0.5783863001891769]
2020-06-17 22:41:13,337 [MainThread  ][INFO ]  Final fidelity: 0.9452237773327277
2020-06-17 22:41:13,338 [MainThread  ][INFO ]  Final parameters: [ 8.          0.23793601 -7.99999575]
2020-06-17 22:41:13,338 [MainThread  ][INFO ]  Fidelity: 0.9452237773327277
2020-06-17 22:41:13,338 [MainThread  ][INFO ]  ---- Iteration 10/30
2020-06-17 22:41:13,338 [MainThread  ][DEBUG]  Setting hyperparameter tf=0.44137931034482747
2020-06-17 22:41:13,338 [MainThread  ][INFO ]  Starting optimization for tf=0.44137931034482747
2020-06-17 22:41:13,338 [MainThread  ][DEBUG]  Optimization method: Powell
2020-06-17 22:41:13,338 [MainThread  ][DEBUG]  Optimization options: None
2020-06-17 22:41:13,338 [MainThread  ][INFO ]  Initial parameter values: [0.1932901303751291, 0.22068965517241373, 0.47396444034094065]
2020-06-17 22:41:46,130 [MainThread  ][INFO ]  Final fidelity: 0.9613934496582694
2020-06-17 22:41:46,131 [MainThread  ][INFO ]  Final parameters: [ 8.          0.25904806 -7.64865362]
2020-06-17 22:41:46,131 [MainThread  ][INFO ]  Fidelity: 0.9613934496582694
2020-06-17 22:41:46,131 [MainThread  ][INFO ]  ---- Iteration 11/30
2020-06-17 22:41:46,131 [MainThread  ][DEBUG]  Setting hyperparameter tf=0.47931034482758617
2020-06-17 22:41:46,131 [MainThread  ][INFO ]  Starting optimization for tf=0.47931034482758617
2020-06-17 22:41:46,131 [MainThread  ][DEBUG]  Optimization method: Powell
2020-06-17 22:41:46,131 [MainThread  ][DEBUG]  Optimization options: None
2020-06-17 22:41:46,132 [MainThread  ][INFO ]  Initial parameter values: [-0.45387061875306944, 0.23965517241379308, 0.2562669608749981]
2020-06-17 22:42:08,620 [MainThread  ][INFO ]  Final fidelity: 0.977987622125438
2020-06-17 22:42:08,621 [MainThread  ][INFO ]  Final parameters: [ 7.99999281  0.29056064 -7.99999762]
2020-06-17 22:42:08,621 [MainThread  ][INFO ]  Fidelity: 0.977987622125438
2020-06-17 22:42:08,621 [MainThread  ][INFO ]  ---- Iteration 12/30
2020-06-17 22:42:08,621 [MainThread  ][DEBUG]  Setting hyperparameter tf=0.5172413793103448
2020-06-17 22:42:08,621 [MainThread  ][INFO ]  Starting optimization for tf=0.5172413793103448
2020-06-17 22:42:08,621 [MainThread  ][DEBUG]  Optimization method: Powell
2020-06-17 22:42:08,621 [MainThread  ][DEBUG]  Optimization options: None
2020-06-17 22:42:08,621 [MainThread  ][INFO ]  Initial parameter values: [0.2767299772306864, 0.2586206896551724, 0.3186826436385388]
2020-06-17 22:42:58,729 [MainThread  ][INFO ]  Final fidelity: 0.9892193210322694
2020-06-17 22:42:58,730 [MainThread  ][INFO ]  Final parameters: [ 8.          0.31943274 -7.99999955]
2020-06-17 22:42:58,730 [MainThread  ][INFO ]  Fidelity: 0.9892193210322694
2020-06-17 22:42:58,730 [MainThread  ][INFO ]  ---- Iteration 13/30
2020-06-17 22:42:58,730 [MainThread  ][DEBUG]  Setting hyperparameter tf=0.5551724137931033
2020-06-17 22:42:58,730 [MainThread  ][INFO ]  Starting optimization for tf=0.5551724137931033
2020-06-17 22:42:58,730 [MainThread  ][DEBUG]  Optimization method: Powell
2020-06-17 22:42:58,730 [MainThread  ][DEBUG]  Optimization options: None
2020-06-17 22:42:58,731 [MainThread  ][INFO ]  Initial parameter values: [-0.8850831899537839, 0.27758620689655167, -0.8677693671289097]
2020-06-17 22:43:13,932 [MainThread  ][INFO ]  Final fidelity: 0.9738879883519105
2020-06-17 22:43:13,933 [MainThread  ][INFO ]  Final parameters: [ 8.          0.23388581 -3.37654076]
2020-06-17 22:43:13,933 [MainThread  ][INFO ]  Fidelity: 0.9738879883519105
2020-06-17 22:43:13,933 [MainThread  ][INFO ]  ---- Iteration 14/30
2020-06-17 22:43:13,933 [MainThread  ][DEBUG]  Setting hyperparameter tf=0.5931034482758619
2020-06-17 22:43:13,934 [MainThread  ][INFO ]  Starting optimization for tf=0.5931034482758619
2020-06-17 22:43:13,934 [MainThread  ][DEBUG]  Optimization method: Powell
2020-06-17 22:43:13,934 [MainThread  ][DEBUG]  Optimization options: None
2020-06-17 22:43:13,934 [MainThread  ][INFO ]  Initial parameter values: [-0.017975826905204384, 0.29655172413793096, 0.716896411654198]
2020-06-17 22:44:19,152 [MainThread  ][INFO ]  Final fidelity: 0.9977528895362276
2020-06-17 22:44:19,153 [MainThread  ][INFO ]  Final parameters: [ 8.          0.35705883 -6.91800469]
2020-06-17 22:44:19,153 [MainThread  ][INFO ]  Fidelity: 0.9977528895362276
2020-06-17 22:44:19,153 [MainThread  ][INFO ]  ---- Iteration 15/30
2020-06-17 22:44:19,153 [MainThread  ][DEBUG]  Setting hyperparameter tf=0.6310344827586206
2020-06-17 22:44:19,153 [MainThread  ][INFO ]  Starting optimization for tf=0.6310344827586206
2020-06-17 22:44:19,153 [MainThread  ][DEBUG]  Optimization method: Powell
2020-06-17 22:44:19,153 [MainThread  ][DEBUG]  Optimization options: None
2020-06-17 22:44:19,153 [MainThread  ][INFO ]  Initial parameter values: [-0.231488269923378, 0.3155172413793103, 0.6854908906748189]
2020-06-17 22:45:01,821 [MainThread  ][INFO ]  Final fidelity: 0.9981074112401737
2020-06-17 22:45:01,821 [MainThread  ][INFO ]  Final parameters: [ 8.          0.33598278 -4.96138182]
2020-06-17 22:45:01,822 [MainThread  ][INFO ]  Fidelity: 0.9981074112401737
2020-06-17 22:45:01,822 [MainThread  ][INFO ]  ---- Iteration 16/30
2020-06-17 22:45:01,822 [MainThread  ][DEBUG]  Setting hyperparameter tf=0.6689655172413792
2020-06-17 22:45:01,822 [MainThread  ][INFO ]  Starting optimization for tf=0.6689655172413792
2020-06-17 22:45:01,822 [MainThread  ][DEBUG]  Optimization method: Powell
2020-06-17 22:45:01,822 [MainThread  ][DEBUG]  Optimization options: None
2020-06-17 22:45:01,822 [MainThread  ][INFO ]  Initial parameter values: [-0.26630809516411524, 0.3344827586206896, 0.6461280756636572]
2020-06-17 22:45:47,758 [MainThread  ][INFO ]  Final fidelity: 0.9983488592273048
2020-06-17 22:45:47,759 [MainThread  ][INFO ]  Final parameters: [ 7.99368645  0.31696498 -3.71878669]
2020-06-17 22:45:47,759 [MainThread  ][INFO ]  Fidelity: 0.9983488592273048
2020-06-17 22:45:47,759 [MainThread  ][INFO ]  ---- Iteration 17/30
2020-06-17 22:45:47,760 [MainThread  ][DEBUG]  Setting hyperparameter tf=0.7068965517241378
2020-06-17 22:45:47,760 [MainThread  ][INFO ]  Starting optimization for tf=0.7068965517241378
2020-06-17 22:45:47,760 [MainThread  ][DEBUG]  Optimization method: Powell
2020-06-17 22:45:47,760 [MainThread  ][DEBUG]  Optimization options: None
2020-06-17 22:45:47,760 [MainThread  ][INFO ]  Initial parameter values: [0.125403033044027, 0.3534482758620689, 0.7062965539917787]
2020-06-17 22:46:29,488 [MainThread  ][INFO ]  Final fidelity: 0.998516600824064
2020-06-17 22:46:29,488 [MainThread  ][INFO ]  Final parameters: [ 7.99288121  0.29938893 -2.86205686]
2020-06-17 22:46:29,489 [MainThread  ][INFO ]  Fidelity: 0.998516600824064
2020-06-17 22:46:29,489 [MainThread  ][INFO ]  ---- Iteration 18/30
2020-06-17 22:46:29,489 [MainThread  ][DEBUG]  Setting hyperparameter tf=0.7448275862068964
2020-06-17 22:46:29,489 [MainThread  ][INFO ]  Starting optimization for tf=0.7448275862068964
2020-06-17 22:46:29,489 [MainThread  ][DEBUG]  Optimization method: Powell
2020-06-17 22:46:29,489 [MainThread  ][DEBUG]  Optimization options: None
2020-06-17 22:46:29,489 [MainThread  ][INFO ]  Initial parameter values: [0.35761455568425204, 0.3724137931034482, -0.2856525522153628]
2020-06-17 22:47:01,108 [MainThread  ][INFO ]  Final fidelity: 0.9986342154375131
2020-06-17 22:47:01,109 [MainThread  ][INFO ]  Final parameters: [ 7.80739824  0.29035294 -2.28937867]
2020-06-17 22:47:01,109 [MainThread  ][INFO ]  Fidelity: 0.9986342154375131
2020-06-17 22:47:01,109 [MainThread  ][INFO ]  ---- Iteration 19/30
2020-06-17 22:47:01,109 [MainThread  ][DEBUG]  Setting hyperparameter tf=0.782758620689655
2020-06-17 22:47:01,109 [MainThread  ][INFO ]  Starting optimization for tf=0.782758620689655
2020-06-17 22:47:01,109 [MainThread  ][DEBUG]  Optimization method: Powell
2020-06-17 22:47:01,109 [MainThread  ][DEBUG]  Optimization options: None
2020-06-17 22:47:01,110 [MainThread  ][INFO ]  Initial parameter values: [-0.8277634579441149, 0.3913793103448275, 0.7709280330937858]
2020-06-17 22:47:21,516 [MainThread  ][INFO ]  Final fidelity: 0.9986828842934734
2020-06-17 22:47:21,516 [MainThread  ][INFO ]  Final parameters: [ 3.72774223  0.61223032 -7.04054168]
2020-06-17 22:47:21,517 [MainThread  ][INFO ]  Fidelity: 0.9986828842934734
2020-06-17 22:47:21,517 [MainThread  ][INFO ]  ---- Iteration 20/30
2020-06-17 22:47:21,517 [MainThread  ][DEBUG]  Setting hyperparameter tf=0.8206896551724137
2020-06-17 22:47:21,517 [MainThread  ][INFO ]  Starting optimization for tf=0.8206896551724137
2020-06-17 22:47:21,517 [MainThread  ][DEBUG]  Optimization method: Powell
2020-06-17 22:47:21,517 [MainThread  ][DEBUG]  Optimization options: None
2020-06-17 22:47:21,517 [MainThread  ][INFO ]  Initial parameter values: [0.22789711975437021, 0.41034482758620683, 0.7597182246821044]
2020-06-17 22:47:55,904 [MainThread  ][INFO ]  Final fidelity: 0.9987638464964652
2020-06-17 22:47:55,905 [MainThread  ][INFO ]  Final parameters: [ 3.30855355  0.66649475 -7.39732685]
2020-06-17 22:47:55,905 [MainThread  ][INFO ]  Fidelity: 0.9987638464964652
2020-06-17 22:47:55,905 [MainThread  ][INFO ]  ---- Iteration 21/30
2020-06-17 22:47:55,906 [MainThread  ][DEBUG]  Setting hyperparameter tf=0.8586206896551722
2020-06-17 22:47:55,906 [MainThread  ][INFO ]  Starting optimization for tf=0.8586206896551722
2020-06-17 22:47:55,906 [MainThread  ][DEBUG]  Optimization method: Powell
2020-06-17 22:47:55,906 [MainThread  ][DEBUG]  Optimization options: None
2020-06-17 22:47:55,906 [MainThread  ][INFO ]  Initial parameter values: [-0.1324417751890392, 0.4293103448275861, 0.243303791346821]
2020-06-17 22:48:27,403 [MainThread  ][INFO ]  Final fidelity: 0.9988335181106169
2020-06-17 22:48:27,403 [MainThread  ][INFO ]  Final parameters: [ 7.99737093  0.24242674 -1.1193267 ]
2020-06-17 22:48:27,404 [MainThread  ][INFO ]  Fidelity: 0.9988335181106169
2020-06-17 22:48:27,404 [MainThread  ][INFO ]  ---- Iteration 22/30
2020-06-17 22:48:27,404 [MainThread  ][DEBUG]  Setting hyperparameter tf=0.8965517241379308
2020-06-17 22:48:27,404 [MainThread  ][INFO ]  Starting optimization for tf=0.8965517241379308
2020-06-17 22:48:27,404 [MainThread  ][DEBUG]  Optimization method: Powell
2020-06-17 22:48:27,404 [MainThread  ][DEBUG]  Optimization options: None
2020-06-17 22:48:27,404 [MainThread  ][INFO ]  Initial parameter values: [0.911330680262213, 0.4482758620689654, 0.8921491028703021]
2020-06-17 22:48:53,396 [MainThread  ][INFO ]  Final fidelity: 0.9988823474538213
2020-06-17 22:48:53,396 [MainThread  ][INFO ]  Final parameters: [ 2.7186376   0.76202355 -7.63446324]
2020-06-17 22:48:53,397 [MainThread  ][INFO ]  Fidelity: 0.9988823474538213
2020-06-17 22:48:53,397 [MainThread  ][INFO ]  ---- Iteration 23/30
2020-06-17 22:48:53,397 [MainThread  ][DEBUG]  Setting hyperparameter tf=0.9344827586206895
2020-06-17 22:48:53,397 [MainThread  ][INFO ]  Starting optimization for tf=0.9344827586206895
2020-06-17 22:48:53,397 [MainThread  ][DEBUG]  Optimization method: Powell
2020-06-17 22:48:53,397 [MainThread  ][DEBUG]  Optimization options: None
2020-06-17 22:48:53,397 [MainThread  ][INFO ]  Initial parameter values: [0.9729571589468453, 0.46724137931034476, 0.8955480389960373]
2020-06-17 22:49:17,869 [MainThread  ][INFO ]  Final fidelity: 0.9989257843080259
2020-06-17 22:49:17,870 [MainThread  ][INFO ]  Final parameters: [ 2.49765994  0.80657081 -7.62134461]
2020-06-17 22:49:17,870 [MainThread  ][INFO ]  Fidelity: 0.9989257843080259
2020-06-17 22:49:17,870 [MainThread  ][INFO ]  ---- Iteration 24/30
2020-06-17 22:49:17,870 [MainThread  ][DEBUG]  Setting hyperparameter tf=0.9724137931034481
2020-06-17 22:49:17,870 [MainThread  ][INFO ]  Starting optimization for tf=0.9724137931034481
2020-06-17 22:49:17,870 [MainThread  ][DEBUG]  Optimization method: Powell
2020-06-17 22:49:17,870 [MainThread  ][DEBUG]  Optimization options: None
2020-06-17 22:49:17,871 [MainThread  ][INFO ]  Initial parameter values: [-0.22362020921654202, 0.48620689655172405, 0.791992095433008]
2020-06-17 22:49:47,944 [MainThread  ][INFO ]  Final fidelity: 0.9989620038430838
2020-06-17 22:49:47,944 [MainThread  ][INFO ]  Final parameters: [ 2.30327445  0.85283157 -7.76014576]
2020-06-17 22:49:47,944 [MainThread  ][INFO ]  Fidelity: 0.9989620038430838
2020-06-17 22:49:47,945 [MainThread  ][INFO ]  ---- Iteration 25/30
2020-06-17 22:49:47,945 [MainThread  ][DEBUG]  Setting hyperparameter tf=1.0103448275862068
2020-06-17 22:49:47,945 [MainThread  ][INFO ]  Starting optimization for tf=1.0103448275862068
2020-06-17 22:49:47,945 [MainThread  ][DEBUG]  Optimization method: Powell
2020-06-17 22:49:47,945 [MainThread  ][DEBUG]  Optimization options: None
2020-06-17 22:49:47,945 [MainThread  ][INFO ]  Initial parameter values: [0.3076952276503413, 0.5051724137931034, -0.24641506094117394]
2020-06-17 22:50:03,080 [MainThread  ][INFO ]  Final fidelity: 0.9989546791731172
2020-06-17 22:50:03,080 [MainThread  ][INFO ]  Final parameters: [ 3.95454394  0.43418304 -0.89723753]
2020-06-17 22:50:03,080 [MainThread  ][INFO ]  Fidelity: 0.9989546791731172
2020-06-17 22:50:03,081 [MainThread  ][INFO ]  ---- Iteration 26/30
2020-06-17 22:50:03,081 [MainThread  ][DEBUG]  Setting hyperparameter tf=1.0482758620689654
2020-06-17 22:50:03,081 [MainThread  ][INFO ]  Starting optimization for tf=1.0482758620689654
2020-06-17 22:50:03,081 [MainThread  ][DEBUG]  Optimization method: Powell
2020-06-17 22:50:03,081 [MainThread  ][DEBUG]  Optimization options: None
2020-06-17 22:50:03,081 [MainThread  ][INFO ]  Initial parameter values: [0.1540891835650462, 0.5241379310344827, 0.11477196798603218]
2020-06-17 22:50:14,733 [MainThread  ][INFO ]  Final fidelity: 0.998968531219085
2020-06-17 22:50:14,733 [MainThread  ][INFO ]  Final parameters: [ 5.31291181  0.29931243 -0.43559618]
2020-06-17 22:50:14,733 [MainThread  ][INFO ]  Fidelity: 0.998968531219085
2020-06-17 22:50:14,734 [MainThread  ][INFO ]  ---- Iteration 27/30
2020-06-17 22:50:14,734 [MainThread  ][DEBUG]  Setting hyperparameter tf=1.086206896551724
2020-06-17 22:50:14,734 [MainThread  ][INFO ]  Starting optimization for tf=1.086206896551724
2020-06-17 22:50:14,734 [MainThread  ][DEBUG]  Optimization method: Powell
2020-06-17 22:50:14,734 [MainThread  ][DEBUG]  Optimization options: None
2020-06-17 22:50:14,734 [MainThread  ][INFO ]  Initial parameter values: [0.07964267327619212, 0.543103448275862, -0.977208008047014]
2020-06-17 22:50:29,112 [MainThread  ][INFO ]  Final fidelity: 0.9989965292442665
2020-06-17 22:50:29,112 [MainThread  ][INFO ]  Final parameters: [ 2.94372829  0.56222448 -0.90749855]
2020-06-17 22:50:29,113 [MainThread  ][INFO ]  Fidelity: 0.9989965292442665
2020-06-17 22:50:29,113 [MainThread  ][INFO ]  ---- Iteration 28/30
2020-06-17 22:50:29,113 [MainThread  ][DEBUG]  Setting hyperparameter tf=1.1241379310344826
2020-06-17 22:50:29,113 [MainThread  ][INFO ]  Starting optimization for tf=1.1241379310344826
2020-06-17 22:50:29,113 [MainThread  ][DEBUG]  Optimization method: Powell
2020-06-17 22:50:29,113 [MainThread  ][DEBUG]  Optimization options: None
2020-06-17 22:50:29,113 [MainThread  ][INFO ]  Initial parameter values: [0.9553804669264852, 0.5620689655172413, -0.5168616833378397]
2020-06-17 22:50:39,316 [MainThread  ][INFO ]  Final fidelity: 0.9990104796428224
2020-06-17 22:50:39,316 [MainThread  ][INFO ]  Final parameters: [ 2.84046343  0.56380916 -0.72678386]
2020-06-17 22:50:39,317 [MainThread  ][INFO ]  Fidelity: 0.9990104796428224
2020-06-17 22:50:39,317 [MainThread  ][INFO ]  ---- Iteration 29/30
2020-06-17 22:50:39,317 [MainThread  ][DEBUG]  Setting hyperparameter tf=1.1620689655172414
2020-06-17 22:50:39,317 [MainThread  ][INFO ]  Starting optimization for tf=1.1620689655172414
2020-06-17 22:50:39,317 [MainThread  ][DEBUG]  Optimization method: Powell
2020-06-17 22:50:39,317 [MainThread  ][DEBUG]  Optimization options: None
2020-06-17 22:50:39,317 [MainThread  ][INFO ]  Initial parameter values: [0.6179392858121413, 0.5810344827586207, 0.9873294828454242]
2020-06-17 22:50:56,928 [MainThread  ][INFO ]  Final fidelity: 0.9990772183042335
2020-06-17 22:50:56,929 [MainThread  ][INFO ]  Final parameters: [ 1.66352641  1.07006214 -7.92848579]
2020-06-17 22:50:56,929 [MainThread  ][INFO ]  Fidelity: 0.9990772183042335
2020-06-17 22:50:56,929 [MainThread  ][INFO ]  ---- Iteration 30/30
2020-06-17 22:50:56,929 [MainThread  ][DEBUG]  Setting hyperparameter tf=1.2
2020-06-17 22:50:56,929 [MainThread  ][INFO ]  Starting optimization for tf=1.2
2020-06-17 22:50:56,929 [MainThread  ][DEBUG]  Optimization method: Powell
2020-06-17 22:50:56,929 [MainThread  ][DEBUG]  Optimization options: None
2020-06-17 22:50:56,929 [MainThread  ][INFO ]  Initial parameter values: [0.7159662775315232, 0.6, 0.0060374539814809225]
2020-06-17 22:51:05,636 [MainThread  ][INFO ]  Final fidelity: 0.999031695334098
2020-06-17 22:51:05,637 [MainThread  ][INFO ]  Final parameters: [ 2.89076427  0.51054524 -0.33493874]
2020-06-17 22:51:05,637 [MainThread  ][INFO ]  Fidelity: 0.999031695334098
