2020-06-17 22:35:48,147 [MainThread  ][INFO ]  Output file name will be "lmg_doublebang_powell_bound04_tf2.csv"
2020-06-17 22:35:48,152 [MainThread  ][INFO ]  Using doublebang protocol ansatz.
2020-06-17 22:35:48,153 [MainThread  ][DEBUG]  Initializing ProtocolAnsatz instance "doublebang"
2020-06-17 22:35:48,153 [MainThread  ][INFO ]  Using parameters constraints: [[-4, 4], [None, None], [-4, 4]]
2020-06-17 22:35:48,153 [MainThread  ][INFO ]  Using total height constraint: None
2020-06-17 22:35:48,153 [MainThread  ][INFO ]  ---- Iteration 1/30
2020-06-17 22:35:48,153 [MainThread  ][DEBUG]  Setting hyperparameter tf=0.1
2020-06-17 22:35:48,153 [MainThread  ][INFO ]  Starting optimization for tf=0.1
2020-06-17 22:35:48,153 [MainThread  ][DEBUG]  Optimization method: Powell
2020-06-17 22:35:48,153 [MainThread  ][DEBUG]  Optimization options: None
2020-06-17 22:35:48,153 [MainThread  ][INFO ]  Initial parameter values: [0.6049085562970693, 0.05, -0.3408741643911517]
2020-06-17 22:36:10,244 [MainThread  ][INFO ]  Final fidelity: 0.8139277087383591
2020-06-17 22:36:10,247 [MainThread  ][INFO ]  Final parameters: [ 4.          0.05577552 -3.99994315]
2020-06-17 22:36:10,247 [MainThread  ][INFO ]  Fidelity: 0.8139277087383591
2020-06-17 22:36:10,247 [MainThread  ][INFO ]  ---- Iteration 2/30
2020-06-17 22:36:10,247 [MainThread  ][DEBUG]  Setting hyperparameter tf=0.13793103448275862
2020-06-17 22:36:10,247 [MainThread  ][INFO ]  Starting optimization for tf=0.13793103448275862
2020-06-17 22:36:10,248 [MainThread  ][DEBUG]  Optimization method: Powell
2020-06-17 22:36:10,248 [MainThread  ][DEBUG]  Optimization options: None
2020-06-17 22:36:10,248 [MainThread  ][INFO ]  Initial parameter values: [0.5388378170889636, 0.06896551724137931, -0.1904266852001144]
2020-06-17 22:36:38,363 [MainThread  ][INFO ]  Final fidelity: 0.8187740320568576
2020-06-17 22:36:38,372 [MainThread  ][INFO ]  Final parameters: [ 4.          0.07720488 -3.99997077]
2020-06-17 22:36:38,372 [MainThread  ][INFO ]  Fidelity: 0.8187740320568576
2020-06-17 22:36:38,373 [MainThread  ][INFO ]  ---- Iteration 3/30
2020-06-17 22:36:38,373 [MainThread  ][DEBUG]  Setting hyperparameter tf=0.17586206896551723
2020-06-17 22:36:38,373 [MainThread  ][INFO ]  Starting optimization for tf=0.17586206896551723
2020-06-17 22:36:38,373 [MainThread  ][DEBUG]  Optimization method: Powell
2020-06-17 22:36:38,373 [MainThread  ][DEBUG]  Optimization options: None
2020-06-17 22:36:38,373 [MainThread  ][INFO ]  Initial parameter values: [-0.7305640975369923, 0.08793103448275862, -0.6823993782057356]
2020-06-17 22:36:57,729 [MainThread  ][INFO ]  Final fidelity: 0.825100190684894
2020-06-17 22:36:57,730 [MainThread  ][INFO ]  Final parameters: [ 4.          0.09889207 -3.99999681]
2020-06-17 22:36:57,731 [MainThread  ][INFO ]  Fidelity: 0.825100190684894
2020-06-17 22:36:57,731 [MainThread  ][INFO ]  ---- Iteration 4/30
2020-06-17 22:36:57,731 [MainThread  ][DEBUG]  Setting hyperparameter tf=0.21379310344827585
2020-06-17 22:36:57,731 [MainThread  ][INFO ]  Starting optimization for tf=0.21379310344827585
2020-06-17 22:36:57,731 [MainThread  ][DEBUG]  Optimization method: Powell
2020-06-17 22:36:57,731 [MainThread  ][DEBUG]  Optimization options: None
2020-06-17 22:36:57,731 [MainThread  ][INFO ]  Initial parameter values: [0.22321996591767346, 0.10689655172413792, -0.32060138315856435]
2020-06-17 22:37:14,302 [MainThread  ][INFO ]  Final fidelity: 0.8328473639863148
2020-06-17 22:37:14,305 [MainThread  ][INFO ]  Final parameters: [ 4.          0.12090753 -3.99999997]
2020-06-17 22:37:14,305 [MainThread  ][INFO ]  Fidelity: 0.8328473639863148
2020-06-17 22:37:14,305 [MainThread  ][INFO ]  ---- Iteration 5/30
2020-06-17 22:37:14,305 [MainThread  ][DEBUG]  Setting hyperparameter tf=0.25172413793103443
2020-06-17 22:37:14,305 [MainThread  ][INFO ]  Starting optimization for tf=0.25172413793103443
2020-06-17 22:37:14,306 [MainThread  ][DEBUG]  Optimization method: Powell
2020-06-17 22:37:14,306 [MainThread  ][DEBUG]  Optimization options: None
2020-06-17 22:37:14,306 [MainThread  ][INFO ]  Initial parameter values: [-0.8658934203677877, 0.12586206896551722, -0.45340494828971645]
2020-06-17 22:37:42,577 [MainThread  ][INFO ]  Final fidelity: 0.8419369469337488
2020-06-17 22:37:42,578 [MainThread  ][INFO ]  Final parameters: [ 4.          0.14331321 -3.99999989]
2020-06-17 22:37:42,578 [MainThread  ][INFO ]  Fidelity: 0.8419369469337488
2020-06-17 22:37:42,578 [MainThread  ][INFO ]  ---- Iteration 6/30
2020-06-17 22:37:42,579 [MainThread  ][DEBUG]  Setting hyperparameter tf=0.28965517241379307
2020-06-17 22:37:42,579 [MainThread  ][INFO ]  Starting optimization for tf=0.28965517241379307
2020-06-17 22:37:42,579 [MainThread  ][DEBUG]  Optimization method: Powell
2020-06-17 22:37:42,579 [MainThread  ][DEBUG]  Optimization options: None
2020-06-17 22:37:42,579 [MainThread  ][INFO ]  Initial parameter values: [-0.1688812972584386, 0.14482758620689654, -0.6122766848607355]
2020-06-17 22:38:41,061 [MainThread  ][INFO ]  Final fidelity: 0.8522672251932893
2020-06-17 22:38:41,065 [MainThread  ][INFO ]  Final parameters: [ 4.          0.16617141 -3.99999954]
2020-06-17 22:38:41,065 [MainThread  ][INFO ]  Fidelity: 0.8522672251932893
2020-06-17 22:38:41,065 [MainThread  ][INFO ]  ---- Iteration 7/30
2020-06-17 22:38:41,066 [MainThread  ][DEBUG]  Setting hyperparameter tf=0.3275862068965517
2020-06-17 22:38:41,066 [MainThread  ][INFO ]  Starting optimization for tf=0.3275862068965517
2020-06-17 22:38:41,066 [MainThread  ][DEBUG]  Optimization method: Powell
2020-06-17 22:38:41,066 [MainThread  ][DEBUG]  Optimization options: None
2020-06-17 22:38:41,066 [MainThread  ][INFO ]  Initial parameter values: [-0.3169236280379235, 0.16379310344827586, 0.6203728979382759]
2020-06-17 22:39:29,220 [MainThread  ][INFO ]  Final fidelity: 0.8636075187833395
2020-06-17 22:39:29,221 [MainThread  ][INFO ]  Final parameters: [ 4.          0.18733026 -3.99999998]
2020-06-17 22:39:29,221 [MainThread  ][INFO ]  Fidelity: 0.8636075187833395
2020-06-17 22:39:29,221 [MainThread  ][INFO ]  ---- Iteration 8/30
2020-06-17 22:39:29,222 [MainThread  ][DEBUG]  Setting hyperparameter tf=0.3655172413793103
2020-06-17 22:39:29,222 [MainThread  ][INFO ]  Starting optimization for tf=0.3655172413793103
2020-06-17 22:39:29,222 [MainThread  ][DEBUG]  Optimization method: Powell
2020-06-17 22:39:29,222 [MainThread  ][DEBUG]  Optimization options: None
2020-06-17 22:39:29,222 [MainThread  ][INFO ]  Initial parameter values: [-0.09164824983816033, 0.18275862068965515, 0.5763753386234802]
2020-06-17 22:40:16,808 [MainThread  ][INFO ]  Final fidelity: 0.8761024532122594
2020-06-17 22:40:16,808 [MainThread  ][INFO ]  Final parameters: [ 4.          0.21303113 -4.        ]
2020-06-17 22:40:16,808 [MainThread  ][INFO ]  Fidelity: 0.8761024532122594
2020-06-17 22:40:16,809 [MainThread  ][INFO ]  ---- Iteration 9/30
2020-06-17 22:40:16,809 [MainThread  ][DEBUG]  Setting hyperparameter tf=0.4034482758620689
2020-06-17 22:40:16,809 [MainThread  ][INFO ]  Starting optimization for tf=0.4034482758620689
2020-06-17 22:40:16,809 [MainThread  ][DEBUG]  Optimization method: Powell
2020-06-17 22:40:16,809 [MainThread  ][DEBUG]  Optimization options: None
2020-06-17 22:40:16,809 [MainThread  ][INFO ]  Initial parameter values: [0.743717924038813, 0.20172413793103444, -0.9732757751127754]
2020-06-17 22:40:48,078 [MainThread  ][INFO ]  Final fidelity: 0.8887404459333873
2020-06-17 22:40:48,080 [MainThread  ][INFO ]  Final parameters: [ 4.         0.2331999 -4.       ]
2020-06-17 22:40:48,081 [MainThread  ][INFO ]  Fidelity: 0.8887404459333873
2020-06-17 22:40:48,081 [MainThread  ][INFO ]  ---- Iteration 10/30
2020-06-17 22:40:48,081 [MainThread  ][DEBUG]  Setting hyperparameter tf=0.44137931034482747
2020-06-17 22:40:48,081 [MainThread  ][INFO ]  Starting optimization for tf=0.44137931034482747
2020-06-17 22:40:48,081 [MainThread  ][DEBUG]  Optimization method: Powell
2020-06-17 22:40:48,081 [MainThread  ][DEBUG]  Optimization options: None
2020-06-17 22:40:48,081 [MainThread  ][INFO ]  Initial parameter values: [-0.945840219630012, 0.22068965517241373, -0.5796547331629951]
2020-06-17 22:41:09,640 [MainThread  ][INFO ]  Final fidelity: 0.9029479216383163
2020-06-17 22:41:09,641 [MainThread  ][INFO ]  Final parameters: [ 4.          0.26242112 -3.99999995]
2020-06-17 22:41:09,641 [MainThread  ][INFO ]  Fidelity: 0.9029479216383163
2020-06-17 22:41:09,641 [MainThread  ][INFO ]  ---- Iteration 11/30
2020-06-17 22:41:09,641 [MainThread  ][DEBUG]  Setting hyperparameter tf=0.47931034482758617
2020-06-17 22:41:09,641 [MainThread  ][INFO ]  Starting optimization for tf=0.47931034482758617
2020-06-17 22:41:09,641 [MainThread  ][DEBUG]  Optimization method: Powell
2020-06-17 22:41:09,641 [MainThread  ][DEBUG]  Optimization options: None
2020-06-17 22:41:09,642 [MainThread  ][INFO ]  Initial parameter values: [-0.36099680154800806, 0.23965517241379308, -0.6095758215097176]
2020-06-17 22:41:36,159 [MainThread  ][INFO ]  Final fidelity: 0.9169159879744747
2020-06-17 22:41:36,160 [MainThread  ][INFO ]  Final parameters: [ 4.          0.28826113 -3.99999999]
2020-06-17 22:41:36,160 [MainThread  ][INFO ]  Fidelity: 0.9169159879744747
2020-06-17 22:41:36,160 [MainThread  ][INFO ]  ---- Iteration 12/30
2020-06-17 22:41:36,161 [MainThread  ][DEBUG]  Setting hyperparameter tf=0.5172413793103448
2020-06-17 22:41:36,161 [MainThread  ][INFO ]  Starting optimization for tf=0.5172413793103448
2020-06-17 22:41:36,161 [MainThread  ][DEBUG]  Optimization method: Powell
2020-06-17 22:41:36,161 [MainThread  ][DEBUG]  Optimization options: None
2020-06-17 22:41:36,161 [MainThread  ][INFO ]  Initial parameter values: [0.4696860636270417, 0.2586206896551724, -0.14433963905911207]
2020-06-17 22:42:08,963 [MainThread  ][INFO ]  Final fidelity: 0.9308758334920759
2020-06-17 22:42:08,964 [MainThread  ][INFO ]  Final parameters: [ 4.          0.31557625 -4.        ]
2020-06-17 22:42:08,964 [MainThread  ][INFO ]  Fidelity: 0.9308758334920759
2020-06-17 22:42:08,964 [MainThread  ][INFO ]  ---- Iteration 13/30
2020-06-17 22:42:08,964 [MainThread  ][DEBUG]  Setting hyperparameter tf=0.5551724137931033
2020-06-17 22:42:08,964 [MainThread  ][INFO ]  Starting optimization for tf=0.5551724137931033
2020-06-17 22:42:08,964 [MainThread  ][DEBUG]  Optimization method: Powell
2020-06-17 22:42:08,964 [MainThread  ][DEBUG]  Optimization options: None
2020-06-17 22:42:08,964 [MainThread  ][INFO ]  Initial parameter values: [-0.6491852094506272, 0.27758620689655167, 0.7273127103292403]
2020-06-17 22:43:03,948 [MainThread  ][INFO ]  Final fidelity: 0.9442173618914802
2020-06-17 22:43:03,949 [MainThread  ][INFO ]  Final parameters: [ 4.          0.33986045 -3.99999999]
2020-06-17 22:43:03,949 [MainThread  ][INFO ]  Fidelity: 0.9442173618914802
2020-06-17 22:43:03,949 [MainThread  ][INFO ]  ---- Iteration 14/30
2020-06-17 22:43:03,949 [MainThread  ][DEBUG]  Setting hyperparameter tf=0.5931034482758619
2020-06-17 22:43:03,949 [MainThread  ][INFO ]  Starting optimization for tf=0.5931034482758619
2020-06-17 22:43:03,950 [MainThread  ][DEBUG]  Optimization method: Powell
2020-06-17 22:43:03,950 [MainThread  ][DEBUG]  Optimization options: None
2020-06-17 22:43:03,950 [MainThread  ][INFO ]  Initial parameter values: [0.9004357294391967, 0.29655172413793096, 0.5010427816450482]
2020-06-17 22:44:02,448 [MainThread  ][INFO ]  Final fidelity: 0.9570668352306598
2020-06-17 22:44:02,449 [MainThread  ][INFO ]  Final parameters: [ 4.          0.37379805 -3.99999942]
2020-06-17 22:44:02,449 [MainThread  ][INFO ]  Fidelity: 0.9570668352306598
2020-06-17 22:44:02,450 [MainThread  ][INFO ]  ---- Iteration 15/30
2020-06-17 22:44:02,450 [MainThread  ][DEBUG]  Setting hyperparameter tf=0.6310344827586206
2020-06-17 22:44:02,450 [MainThread  ][INFO ]  Starting optimization for tf=0.6310344827586206
2020-06-17 22:44:02,450 [MainThread  ][DEBUG]  Optimization method: Powell
2020-06-17 22:44:02,450 [MainThread  ][DEBUG]  Optimization options: None
2020-06-17 22:44:02,450 [MainThread  ][INFO ]  Initial parameter values: [0.25479982361809883, 0.3155172413793103, 0.6579284553655695]
2020-06-17 22:44:53,744 [MainThread  ][INFO ]  Final fidelity: 0.9690422943783322
2020-06-17 22:44:53,745 [MainThread  ][INFO ]  Final parameters: [ 4.          0.40110348 -4.        ]
2020-06-17 22:44:53,745 [MainThread  ][INFO ]  Fidelity: 0.9690422943783322
2020-06-17 22:44:53,745 [MainThread  ][INFO ]  ---- Iteration 16/30
2020-06-17 22:44:53,745 [MainThread  ][DEBUG]  Setting hyperparameter tf=0.6689655172413792
2020-06-17 22:44:53,745 [MainThread  ][INFO ]  Starting optimization for tf=0.6689655172413792
2020-06-17 22:44:53,745 [MainThread  ][DEBUG]  Optimization method: Powell
2020-06-17 22:44:53,746 [MainThread  ][DEBUG]  Optimization options: None
2020-06-17 22:44:53,746 [MainThread  ][INFO ]  Initial parameter values: [-0.6040178787229642, 0.3344827586206896, -0.6178112210745503]
2020-06-17 22:45:48,525 [MainThread  ][INFO ]  Final fidelity: 0.9792089682575584
2020-06-17 22:45:48,525 [MainThread  ][INFO ]  Final parameters: [ 4.          0.4314116  -3.99999917]
2020-06-17 22:45:48,525 [MainThread  ][INFO ]  Fidelity: 0.9792089682575584
2020-06-17 22:45:48,525 [MainThread  ][INFO ]  ---- Iteration 17/30
2020-06-17 22:45:48,526 [MainThread  ][DEBUG]  Setting hyperparameter tf=0.7068965517241378
2020-06-17 22:45:48,526 [MainThread  ][INFO ]  Starting optimization for tf=0.7068965517241378
2020-06-17 22:45:48,526 [MainThread  ][DEBUG]  Optimization method: Powell
2020-06-17 22:45:48,526 [MainThread  ][DEBUG]  Optimization options: None
2020-06-17 22:45:48,526 [MainThread  ][INFO ]  Initial parameter values: [-0.5256640447328678, 0.3534482758620689, -0.2529956805276712]
2020-06-17 22:46:28,896 [MainThread  ][INFO ]  Final fidelity: 0.9878257883168808
2020-06-17 22:46:28,897 [MainThread  ][INFO ]  Final parameters: [ 4.          0.46026395 -3.99999679]
2020-06-17 22:46:28,897 [MainThread  ][INFO ]  Fidelity: 0.9878257883168808
2020-06-17 22:46:28,897 [MainThread  ][INFO ]  ---- Iteration 18/30
2020-06-17 22:46:28,898 [MainThread  ][DEBUG]  Setting hyperparameter tf=0.7448275862068964
2020-06-17 22:46:28,898 [MainThread  ][INFO ]  Starting optimization for tf=0.7448275862068964
2020-06-17 22:46:28,898 [MainThread  ][DEBUG]  Optimization method: Powell
2020-06-17 22:46:28,898 [MainThread  ][DEBUG]  Optimization options: None
2020-06-17 22:46:28,898 [MainThread  ][INFO ]  Initial parameter values: [-0.5514122223651772, 0.3724137931034482, 0.05424619638710615]
2020-06-17 22:47:10,475 [MainThread  ][INFO ]  Final fidelity: 0.9941449403458814
2020-06-17 22:47:10,476 [MainThread  ][INFO ]  Final parameters: [ 4.          0.48942349 -3.99999955]
2020-06-17 22:47:10,476 [MainThread  ][INFO ]  Fidelity: 0.9941449403458814
2020-06-17 22:47:10,476 [MainThread  ][INFO ]  ---- Iteration 19/30
2020-06-17 22:47:10,476 [MainThread  ][DEBUG]  Setting hyperparameter tf=0.782758620689655
2020-06-17 22:47:10,477 [MainThread  ][INFO ]  Starting optimization for tf=0.782758620689655
2020-06-17 22:47:10,477 [MainThread  ][DEBUG]  Optimization method: Powell
2020-06-17 22:47:10,477 [MainThread  ][DEBUG]  Optimization options: None
2020-06-17 22:47:10,477 [MainThread  ][INFO ]  Initial parameter values: [0.545351454213761, 0.3913793103448275, 0.23052325317321398]
2020-06-17 22:47:54,181 [MainThread  ][INFO ]  Final fidelity: 0.9977984483713808
2020-06-17 22:47:54,182 [MainThread  ][INFO ]  Final parameters: [ 4.          0.52160833 -3.99999963]
2020-06-17 22:47:54,182 [MainThread  ][INFO ]  Fidelity: 0.9977984483713808
2020-06-17 22:47:54,182 [MainThread  ][INFO ]  ---- Iteration 20/30
2020-06-17 22:47:54,182 [MainThread  ][DEBUG]  Setting hyperparameter tf=0.8206896551724137
2020-06-17 22:47:54,183 [MainThread  ][INFO ]  Starting optimization for tf=0.8206896551724137
2020-06-17 22:47:54,183 [MainThread  ][DEBUG]  Optimization method: Powell
2020-06-17 22:47:54,183 [MainThread  ][DEBUG]  Optimization options: None
2020-06-17 22:47:54,183 [MainThread  ][INFO ]  Initial parameter values: [0.3931922195803095, 0.41034482758620683, 0.4571458797478365]
2020-06-17 22:49:42,600 [MainThread  ][INFO ]  Final fidelity: 0.998770622039091
2020-06-17 22:49:42,604 [MainThread  ][INFO ]  Final parameters: [ 4.          0.53863867 -3.68134249]
2020-06-17 22:49:42,604 [MainThread  ][INFO ]  Fidelity: 0.998770622039091
2020-06-17 22:49:42,604 [MainThread  ][INFO ]  ---- Iteration 21/30
2020-06-17 22:49:42,605 [MainThread  ][DEBUG]  Setting hyperparameter tf=0.8586206896551722
2020-06-17 22:49:42,605 [MainThread  ][INFO ]  Starting optimization for tf=0.8586206896551722
2020-06-17 22:49:42,605 [MainThread  ][DEBUG]  Optimization method: Powell
2020-06-17 22:49:42,605 [MainThread  ][DEBUG]  Optimization options: None
2020-06-17 22:49:42,605 [MainThread  ][INFO ]  Initial parameter values: [-0.4783893155948371, 0.4293103448275861, 0.310245576025465]
2020-06-17 22:51:01,228 [MainThread  ][INFO ]  Final fidelity: 0.9988299668994487
2020-06-17 22:51:01,229 [MainThread  ][INFO ]  Final parameters: [ 3.99989238  0.51336764 -2.66801361]
2020-06-17 22:51:01,229 [MainThread  ][INFO ]  Fidelity: 0.9988299668994487
2020-06-17 22:51:01,229 [MainThread  ][INFO ]  ---- Iteration 22/30
2020-06-17 22:51:01,229 [MainThread  ][DEBUG]  Setting hyperparameter tf=0.8965517241379308
2020-06-17 22:51:01,229 [MainThread  ][INFO ]  Starting optimization for tf=0.8965517241379308
2020-06-17 22:51:01,229 [MainThread  ][DEBUG]  Optimization method: Powell
2020-06-17 22:51:01,229 [MainThread  ][DEBUG]  Optimization options: None
2020-06-17 22:51:01,229 [MainThread  ][INFO ]  Initial parameter values: [0.45705089443224445, 0.4482758620689654, 0.4251694964345478]
2020-06-17 22:51:43,102 [MainThread  ][INFO ]  Final fidelity: 0.998873865878633
2020-06-17 22:51:43,103 [MainThread  ][INFO ]  Final parameters: [ 3.99839698  0.4901141  -1.99503088]
2020-06-17 22:51:43,103 [MainThread  ][INFO ]  Fidelity: 0.998873865878633
2020-06-17 22:51:43,103 [MainThread  ][INFO ]  ---- Iteration 23/30
2020-06-17 22:51:43,103 [MainThread  ][DEBUG]  Setting hyperparameter tf=0.9344827586206895
2020-06-17 22:51:43,103 [MainThread  ][INFO ]  Starting optimization for tf=0.9344827586206895
2020-06-17 22:51:43,104 [MainThread  ][DEBUG]  Optimization method: Powell
2020-06-17 22:51:43,104 [MainThread  ][DEBUG]  Optimization options: None
2020-06-17 22:51:43,104 [MainThread  ][INFO ]  Initial parameter values: [0.6729932294937502, 0.46724137931034476, -0.9713784534005778]
2020-06-17 22:52:12,854 [MainThread  ][INFO ]  Final fidelity: 0.9989071926845474
2020-06-17 22:52:12,854 [MainThread  ][INFO ]  Final parameters: [ 3.99970506  0.46810573 -1.51424124]
2020-06-17 22:52:12,854 [MainThread  ][INFO ]  Fidelity: 0.9989071926845474
2020-06-17 22:52:12,855 [MainThread  ][INFO ]  ---- Iteration 24/30
2020-06-17 22:52:12,855 [MainThread  ][DEBUG]  Setting hyperparameter tf=0.9724137931034481
2020-06-17 22:52:12,855 [MainThread  ][INFO ]  Starting optimization for tf=0.9724137931034481
2020-06-17 22:52:12,855 [MainThread  ][DEBUG]  Optimization method: Powell
2020-06-17 22:52:12,855 [MainThread  ][DEBUG]  Optimization options: None
2020-06-17 22:52:12,855 [MainThread  ][INFO ]  Initial parameter values: [-0.8040021505319062, 0.48620689655172405, -0.15752159212355332]
2020-06-17 22:52:26,132 [MainThread  ][INFO ]  Final fidelity: 0.9989332836493672
2020-06-17 22:52:26,132 [MainThread  ][INFO ]  Final parameters: [ 3.99990927  0.4477142  -1.15676647]
2020-06-17 22:52:26,132 [MainThread  ][INFO ]  Fidelity: 0.9989332836493672
2020-06-17 22:52:26,133 [MainThread  ][INFO ]  ---- Iteration 25/30
2020-06-17 22:52:26,133 [MainThread  ][DEBUG]  Setting hyperparameter tf=1.0103448275862068
2020-06-17 22:52:26,133 [MainThread  ][INFO ]  Starting optimization for tf=1.0103448275862068
2020-06-17 22:52:26,133 [MainThread  ][DEBUG]  Optimization method: Powell
2020-06-17 22:52:26,133 [MainThread  ][DEBUG]  Optimization options: None
2020-06-17 22:52:26,133 [MainThread  ][INFO ]  Initial parameter values: [-0.18789222283461182, 0.5051724137931034, -0.22197026274803888]
2020-06-17 22:52:43,174 [MainThread  ][INFO ]  Final fidelity: 0.9989544260065991
2020-06-17 22:52:43,175 [MainThread  ][INFO ]  Final parameters: [ 4.          0.42865111 -0.8808795 ]
2020-06-17 22:52:43,175 [MainThread  ][INFO ]  Fidelity: 0.9989544260065991
2020-06-17 22:52:43,175 [MainThread  ][INFO ]  ---- Iteration 26/30
2020-06-17 22:52:43,175 [MainThread  ][DEBUG]  Setting hyperparameter tf=1.0482758620689654
2020-06-17 22:52:43,176 [MainThread  ][INFO ]  Starting optimization for tf=1.0482758620689654
2020-06-17 22:52:43,176 [MainThread  ][DEBUG]  Optimization method: Powell
2020-06-17 22:52:43,176 [MainThread  ][DEBUG]  Optimization options: None
2020-06-17 22:52:43,176 [MainThread  ][INFO ]  Initial parameter values: [-0.6130865217779715, 0.5241379310344827, 0.2111142361621423]
2020-06-17 22:52:54,448 [MainThread  ][INFO ]  Final fidelity: 0.9989722117331093
2020-06-17 22:52:54,448 [MainThread  ][INFO ]  Final parameters: [ 3.99940681  0.41084462 -0.66217646]
2020-06-17 22:52:54,448 [MainThread  ][INFO ]  Fidelity: 0.9989722117331093
2020-06-17 22:52:54,449 [MainThread  ][INFO ]  ---- Iteration 27/30
2020-06-17 22:52:54,449 [MainThread  ][DEBUG]  Setting hyperparameter tf=1.086206896551724
2020-06-17 22:52:54,449 [MainThread  ][INFO ]  Starting optimization for tf=1.086206896551724
2020-06-17 22:52:54,449 [MainThread  ][DEBUG]  Optimization method: Powell
2020-06-17 22:52:54,449 [MainThread  ][DEBUG]  Optimization options: None
2020-06-17 22:52:54,449 [MainThread  ][INFO ]  Initial parameter values: [-0.3594265161752743, 0.543103448275862, 0.017088213323591228]
2020-06-17 22:53:01,277 [MainThread  ][INFO ]  Final fidelity: 0.9989909139114005
2020-06-17 22:53:01,277 [MainThread  ][INFO ]  Final parameters: [ 3.44957392  0.46684847 -0.64068106]
2020-06-17 22:53:01,277 [MainThread  ][INFO ]  Fidelity: 0.9989909139114005
2020-06-17 22:53:01,278 [MainThread  ][INFO ]  ---- Iteration 28/30
2020-06-17 22:53:01,278 [MainThread  ][DEBUG]  Setting hyperparameter tf=1.1241379310344826
2020-06-17 22:53:01,278 [MainThread  ][INFO ]  Starting optimization for tf=1.1241379310344826
2020-06-17 22:53:01,278 [MainThread  ][DEBUG]  Optimization method: Powell
2020-06-17 22:53:01,278 [MainThread  ][DEBUG]  Optimization options: None
2020-06-17 22:53:01,278 [MainThread  ][INFO ]  Initial parameter values: [-0.6704069623320699, 0.5620689655172413, -0.6303494569416777]
2020-06-17 22:53:05,088 [MainThread  ][INFO ]  Final fidelity: 0.9990092875826939
2020-06-17 22:53:05,089 [MainThread  ][INFO ]  Final parameters: [ 2.9228552   0.54479595 -0.67597072]
2020-06-17 22:53:05,089 [MainThread  ][INFO ]  Fidelity: 0.9990092875826939
2020-06-17 22:53:05,089 [MainThread  ][INFO ]  ---- Iteration 29/30
2020-06-17 22:53:05,089 [MainThread  ][DEBUG]  Setting hyperparameter tf=1.1620689655172414
2020-06-17 22:53:05,089 [MainThread  ][INFO ]  Starting optimization for tf=1.1620689655172414
2020-06-17 22:53:05,089 [MainThread  ][DEBUG]  Optimization method: Powell
2020-06-17 22:53:05,089 [MainThread  ][DEBUG]  Optimization options: None
2020-06-17 22:53:05,090 [MainThread  ][INFO ]  Initial parameter values: [0.5176077469761833, 0.5810344827586207, 0.05982173586655204]
2020-06-17 22:53:08,544 [MainThread  ][INFO ]  Final fidelity: 0.9990166780438218
2020-06-17 22:53:08,545 [MainThread  ][INFO ]  Final parameters: [ 3.45681922  0.42961618 -0.31188277]
2020-06-17 22:53:08,545 [MainThread  ][INFO ]  Fidelity: 0.9990166780438218
2020-06-17 22:53:08,545 [MainThread  ][INFO ]  ---- Iteration 30/30
2020-06-17 22:53:08,545 [MainThread  ][DEBUG]  Setting hyperparameter tf=1.2
2020-06-17 22:53:08,545 [MainThread  ][INFO ]  Starting optimization for tf=1.2
2020-06-17 22:53:08,545 [MainThread  ][DEBUG]  Optimization method: Powell
2020-06-17 22:53:08,545 [MainThread  ][DEBUG]  Optimization options: None
2020-06-17 22:53:08,546 [MainThread  ][INFO ]  Initial parameter values: [-0.8468941713621314, 0.6, -0.8477432576051847]
2020-06-17 22:53:12,876 [MainThread  ][INFO ]  Final fidelity: 0.9990402077391358
2020-06-17 22:53:12,877 [MainThread  ][INFO ]  Final parameters: [ 2.34878192  0.65900738 -0.65049656]
2020-06-17 22:53:12,877 [MainThread  ][INFO ]  Fidelity: 0.9990402077391358
