2020-06-17 22:22:05,681 [MainThread  ][INFO ]  Output file name will be "lmg_crab4freq_neldermead_bound02_fixedInitialPoints_tf2.csv"
2020-06-17 22:22:05,681 [MainThread  ][DEBUG]  Initializing ProtocolAnsatz instance "crab"
2020-06-17 22:22:05,681 [MainThread  ][DEBUG]  Using 4 frequencies
2020-06-17 22:22:05,681 [MainThread  ][DEBUG]  Setting hyperparameter y0=0
2020-06-17 22:22:05,681 [MainThread  ][DEBUG]  Setting hyperparameter y1=1
2020-06-17 22:22:05,693 [MainThread  ][INFO ]  Using custom protocol ansatz.
2020-06-17 22:22:05,693 [MainThread  ][INFO ]  Using parameters constraints: [[-200, 200], [-200, 200], [-200, 200], [-200, 200], [-200, 200], [-200, 200], [-200, 200], [-200, 200]]
2020-06-17 22:22:05,693 [MainThread  ][INFO ]  Using total height constraint: [-2, 2]
2020-06-17 22:22:05,693 [MainThread  ][INFO ]  ---- Iteration 1/100
2020-06-17 22:22:05,693 [MainThread  ][DEBUG]  Setting hyperparameter tf=0.01
2020-06-17 22:22:05,693 [MainThread  ][INFO ]  Starting optimization for tf=0.01
2020-06-17 22:22:05,694 [MainThread  ][DEBUG]  Optimization method: Nelder-Mead
2020-06-17 22:22:05,694 [MainThread  ][DEBUG]  Optimization options: {'maxiter': 100000.0, 'maxfev': 100000.0, 'xatol': 1e-08, 'fatol': 1e-08, 'adaptive': True}
2020-06-17 22:22:05,694 [MainThread  ][INFO ]  Initial parameter values: [0, 0, 0, 0, 0, 0, 0, 0]
2020-06-17 22:24:10,565 [MainThread  ][INFO ]  Final fidelity: 0.8085118879856604
2020-06-17 22:24:10,566 [MainThread  ][INFO ]  Final parameters: [-198.95265373   29.28459152  -46.18450644  -19.06983272  199.99998652
  -27.91820271   -8.49487365  -28.15388743]
2020-06-17 22:24:10,566 [MainThread  ][INFO ]  Fidelity: 0.8085118879856604
2020-06-17 22:24:10,567 [MainThread  ][INFO ]  ---- Iteration 2/100
2020-06-17 22:24:10,567 [MainThread  ][DEBUG]  Setting hyperparameter tf=0.0301010101010101
2020-06-17 22:24:10,567 [MainThread  ][INFO ]  Starting optimization for tf=0.0301010101010101
2020-06-17 22:24:10,567 [MainThread  ][DEBUG]  Optimization method: Nelder-Mead
2020-06-17 22:24:10,567 [MainThread  ][DEBUG]  Optimization options: {'maxiter': 100000.0, 'maxfev': 100000.0, 'xatol': 1e-08, 'fatol': 1e-08, 'adaptive': True}
2020-06-17 22:24:10,567 [MainThread  ][INFO ]  Initial parameter values: [0, 0, 0, 0, 0, 0, 0, 0]
2020-06-17 22:29:09,031 [MainThread  ][INFO ]  Final fidelity: 0.8085281852836057
2020-06-17 22:29:09,032 [MainThread  ][INFO ]  Final parameters: [-199.28519559 -120.21866556  -71.18821626   37.66472329  199.99999668
 -199.98383505   33.8037329   175.64214893]
2020-06-17 22:29:09,032 [MainThread  ][INFO ]  Fidelity: 0.8085281852836057
2020-06-17 22:29:09,032 [MainThread  ][INFO ]  ---- Iteration 3/100
2020-06-17 22:29:09,032 [MainThread  ][DEBUG]  Setting hyperparameter tf=0.050202020202020206
2020-06-17 22:29:09,032 [MainThread  ][INFO ]  Starting optimization for tf=0.050202020202020206
2020-06-17 22:29:09,032 [MainThread  ][DEBUG]  Optimization method: Nelder-Mead
2020-06-17 22:29:09,032 [MainThread  ][DEBUG]  Optimization options: {'maxiter': 100000.0, 'maxfev': 100000.0, 'xatol': 1e-08, 'fatol': 1e-08, 'adaptive': True}
2020-06-17 22:29:09,033 [MainThread  ][INFO ]  Initial parameter values: [0, 0, 0, 0, 0, 0, 0, 0]
2020-06-17 22:32:20,279 [MainThread  ][INFO ]  Final fidelity: 0.8085616615421795
2020-06-17 22:32:20,279 [MainThread  ][INFO ]  Final parameters: [-199.71453417 -121.5236082   -70.57869238   39.55985571  199.99999995
 -199.99999987   33.01442782  175.03585476]
2020-06-17 22:32:20,279 [MainThread  ][INFO ]  Fidelity: 0.8085616615421795
2020-06-17 22:32:20,279 [MainThread  ][INFO ]  ---- Iteration 4/100
2020-06-17 22:32:20,279 [MainThread  ][DEBUG]  Setting hyperparameter tf=0.0703030303030303
2020-06-17 22:32:20,280 [MainThread  ][INFO ]  Starting optimization for tf=0.0703030303030303
2020-06-17 22:32:20,280 [MainThread  ][DEBUG]  Optimization method: Nelder-Mead
2020-06-17 22:32:20,280 [MainThread  ][DEBUG]  Optimization options: {'maxiter': 100000.0, 'maxfev': 100000.0, 'xatol': 1e-08, 'fatol': 1e-08, 'adaptive': True}
2020-06-17 22:32:20,280 [MainThread  ][INFO ]  Initial parameter values: [0, 0, 0, 0, 0, 0, 0, 0]
2020-06-17 22:36:43,241 [MainThread  ][INFO ]  Final fidelity: 0.808614084162962
2020-06-17 22:36:43,242 [MainThread  ][INFO ]  Final parameters: [-199.9999999  -121.65299292  -70.36645172   39.89814816  199.99999999
 -199.854448     32.87929886  174.83643882]
2020-06-17 22:36:43,242 [MainThread  ][INFO ]  Fidelity: 0.808614084162962
2020-06-17 22:36:43,242 [MainThread  ][INFO ]  ---- Iteration 5/100
2020-06-17 22:36:43,243 [MainThread  ][DEBUG]  Setting hyperparameter tf=0.0904040404040404
2020-06-17 22:36:43,243 [MainThread  ][INFO ]  Starting optimization for tf=0.0904040404040404
2020-06-17 22:36:43,262 [MainThread  ][DEBUG]  Optimization method: Nelder-Mead
2020-06-17 22:36:43,262 [MainThread  ][DEBUG]  Optimization options: {'maxiter': 100000.0, 'maxfev': 100000.0, 'xatol': 1e-08, 'fatol': 1e-08, 'adaptive': True}
2020-06-17 22:36:43,262 [MainThread  ][INFO ]  Initial parameter values: [0, 0, 0, 0, 0, 0, 0, 0]
2020-06-17 22:47:44,059 [MainThread  ][INFO ]  Final fidelity: 0.8086867171695068
2020-06-17 22:47:44,060 [MainThread  ][INFO ]  Final parameters: [-199.99999999 -106.25478034  -66.59980478   37.30406414  175.28430839
 -199.99999995   57.53394866  171.46828628]
2020-06-17 22:47:44,060 [MainThread  ][INFO ]  Fidelity: 0.8086867171695068
2020-06-17 22:47:44,061 [MainThread  ][INFO ]  ---- Iteration 6/100
2020-06-17 22:47:44,061 [MainThread  ][DEBUG]  Setting hyperparameter tf=0.11050505050505051
2020-06-17 22:47:44,061 [MainThread  ][INFO ]  Starting optimization for tf=0.11050505050505051
2020-06-17 22:47:44,061 [MainThread  ][DEBUG]  Optimization method: Nelder-Mead
2020-06-17 22:47:44,061 [MainThread  ][DEBUG]  Optimization options: {'maxiter': 100000.0, 'maxfev': 100000.0, 'xatol': 1e-08, 'fatol': 1e-08, 'adaptive': True}
2020-06-17 22:47:44,061 [MainThread  ][INFO ]  Initial parameter values: [0, 0, 0, 0, 0, 0, 0, 0]
2020-06-17 22:55:35,311 [MainThread  ][INFO ]  Final fidelity: 0.8087833123391306
2020-06-17 22:55:35,312 [MainThread  ][INFO ]  Final parameters: [-199.99999999 -121.26871676  -68.63350833   39.44066627  199.99999999
 -194.8752883    28.97059321  171.41866723]
2020-06-17 22:55:35,312 [MainThread  ][INFO ]  Fidelity: 0.8087833123391306
2020-06-17 22:55:35,312 [MainThread  ][INFO ]  ---- Iteration 7/100
2020-06-17 22:55:35,312 [MainThread  ][DEBUG]  Setting hyperparameter tf=0.13060606060606061
2020-06-17 22:55:35,312 [MainThread  ][INFO ]  Starting optimization for tf=0.13060606060606061
2020-06-17 22:55:35,312 [MainThread  ][DEBUG]  Optimization method: Nelder-Mead
2020-06-17 22:55:35,313 [MainThread  ][DEBUG]  Optimization options: {'maxiter': 100000.0, 'maxfev': 100000.0, 'xatol': 1e-08, 'fatol': 1e-08, 'adaptive': True}
2020-06-17 22:55:35,313 [MainThread  ][INFO ]  Initial parameter values: [0, 0, 0, 0, 0, 0, 0, 0]
2020-06-17 23:00:16,980 [MainThread  ][INFO ]  Final fidelity: 0.8089056177299542
2020-06-17 23:00:16,981 [MainThread  ][INFO ]  Final parameters: [-200.         -116.10309675  -60.68475179   39.77909613  199.99999999
 -176.65273026   16.81585986  158.55000862]
2020-06-17 23:00:16,981 [MainThread  ][INFO ]  Fidelity: 0.8089056177299542
2020-06-17 23:00:16,981 [MainThread  ][INFO ]  ---- Iteration 8/100
2020-06-17 23:00:16,981 [MainThread  ][DEBUG]  Setting hyperparameter tf=0.15070707070707073
2020-06-17 23:00:16,981 [MainThread  ][INFO ]  Starting optimization for tf=0.15070707070707073
2020-06-17 23:00:16,981 [MainThread  ][DEBUG]  Optimization method: Nelder-Mead
2020-06-17 23:00:16,982 [MainThread  ][DEBUG]  Optimization options: {'maxiter': 100000.0, 'maxfev': 100000.0, 'xatol': 1e-08, 'fatol': 1e-08, 'adaptive': True}
2020-06-17 23:00:16,982 [MainThread  ][INFO ]  Initial parameter values: [0, 0, 0, 0, 0, 0, 0, 0]
2020-06-17 23:04:23,949 [MainThread  ][INFO ]  Final fidelity: 0.809059254999335
2020-06-17 23:04:23,950 [MainThread  ][INFO ]  Final parameters: [-200.         -121.69520079  -70.53518987   39.65500211  200.
 -199.99999998   32.98969262  175.0089623 ]
2020-06-17 23:04:23,950 [MainThread  ][INFO ]  Fidelity: 0.809059254999335
2020-06-17 23:04:23,950 [MainThread  ][INFO ]  ---- Iteration 9/100
2020-06-17 23:04:23,950 [MainThread  ][DEBUG]  Setting hyperparameter tf=0.17080808080808083
2020-06-17 23:04:23,950 [MainThread  ][INFO ]  Starting optimization for tf=0.17080808080808083
2020-06-17 23:04:23,950 [MainThread  ][DEBUG]  Optimization method: Nelder-Mead
2020-06-17 23:04:23,950 [MainThread  ][DEBUG]  Optimization options: {'maxiter': 100000.0, 'maxfev': 100000.0, 'xatol': 1e-08, 'fatol': 1e-08, 'adaptive': True}
2020-06-17 23:04:23,950 [MainThread  ][INFO ]  Initial parameter values: [0, 0, 0, 0, 0, 0, 0, 0]
2020-06-17 23:09:49,878 [MainThread  ][INFO ]  Final fidelity: 0.8092474325396316
2020-06-17 23:09:49,879 [MainThread  ][INFO ]  Final parameters: [-200.         -121.69318679  -70.5370488    39.64960281  199.99999998
 -199.99986511   32.99126096  175.01058306]
2020-06-17 23:09:49,879 [MainThread  ][INFO ]  Fidelity: 0.8092474325396316
2020-06-17 23:09:49,879 [MainThread  ][INFO ]  ---- Iteration 10/100
2020-06-17 23:09:49,879 [MainThread  ][DEBUG]  Setting hyperparameter tf=0.19090909090909092
2020-06-17 23:09:49,879 [MainThread  ][INFO ]  Starting optimization for tf=0.19090909090909092
2020-06-17 23:09:49,879 [MainThread  ][DEBUG]  Optimization method: Nelder-Mead
2020-06-17 23:09:49,880 [MainThread  ][DEBUG]  Optimization options: {'maxiter': 100000.0, 'maxfev': 100000.0, 'xatol': 1e-08, 'fatol': 1e-08, 'adaptive': True}
2020-06-17 23:09:49,880 [MainThread  ][INFO ]  Initial parameter values: [0, 0, 0, 0, 0, 0, 0, 0]
2020-06-17 23:16:20,729 [MainThread  ][INFO ]  Final fidelity: 0.8094758561912881
2020-06-17 23:16:20,730 [MainThread  ][INFO ]  Final parameters: [-199.99999999 -121.67326658  -70.50796144   39.64392968  200.
 -199.92580825   32.94180702  174.96030311]
2020-06-17 23:16:20,730 [MainThread  ][INFO ]  Fidelity: 0.8094758561912881
2020-06-17 23:16:20,730 [MainThread  ][INFO ]  ---- Iteration 11/100
2020-06-17 23:16:20,730 [MainThread  ][DEBUG]  Setting hyperparameter tf=0.21101010101010104
2020-06-17 23:16:20,730 [MainThread  ][INFO ]  Starting optimization for tf=0.21101010101010104
2020-06-17 23:16:20,730 [MainThread  ][DEBUG]  Optimization method: Nelder-Mead
2020-06-17 23:16:20,730 [MainThread  ][DEBUG]  Optimization options: {'maxiter': 100000.0, 'maxfev': 100000.0, 'xatol': 1e-08, 'fatol': 1e-08, 'adaptive': True}
2020-06-17 23:16:20,730 [MainThread  ][INFO ]  Initial parameter values: [0, 0, 0, 0, 0, 0, 0, 0]
2020-06-17 23:22:50,818 [MainThread  ][INFO ]  Final fidelity: 0.8097504059752371
2020-06-17 23:22:50,819 [MainThread  ][INFO ]  Final parameters: [-200.         -121.65650477  -70.56308633   39.56118211  199.99906726
 -199.98795938   33.01161972  175.03019119]
2020-06-17 23:22:50,819 [MainThread  ][INFO ]  Fidelity: 0.8097504059752371
2020-06-17 23:22:50,819 [MainThread  ][INFO ]  ---- Iteration 12/100
2020-06-17 23:22:50,819 [MainThread  ][DEBUG]  Setting hyperparameter tf=0.23111111111111113
2020-06-17 23:22:50,820 [MainThread  ][INFO ]  Starting optimization for tf=0.23111111111111113
2020-06-17 23:22:50,820 [MainThread  ][DEBUG]  Optimization method: Nelder-Mead
2020-06-17 23:22:50,820 [MainThread  ][DEBUG]  Optimization options: {'maxiter': 100000.0, 'maxfev': 100000.0, 'xatol': 1e-08, 'fatol': 1e-08, 'adaptive': True}
2020-06-17 23:22:50,820 [MainThread  ][INFO ]  Initial parameter values: [0, 0, 0, 0, 0, 0, 0, 0]
2020-06-17 23:26:53,825 [MainThread  ][INFO ]  Final fidelity: 0.810076246210993
2020-06-17 23:26:53,826 [MainThread  ][INFO ]  Final parameters: [-199.094243   -121.91728439  -70.73198305   39.57807939  200.
 -199.99999999   32.57033515  174.9788439 ]
2020-06-17 23:26:53,826 [MainThread  ][INFO ]  Fidelity: 0.810076246210993
2020-06-17 23:26:53,826 [MainThread  ][INFO ]  ---- Iteration 13/100
2020-06-17 23:26:53,826 [MainThread  ][DEBUG]  Setting hyperparameter tf=0.2512121212121212
2020-06-17 23:26:53,826 [MainThread  ][INFO ]  Starting optimization for tf=0.2512121212121212
2020-06-17 23:26:53,826 [MainThread  ][DEBUG]  Optimization method: Nelder-Mead
2020-06-17 23:26:53,827 [MainThread  ][DEBUG]  Optimization options: {'maxiter': 100000.0, 'maxfev': 100000.0, 'xatol': 1e-08, 'fatol': 1e-08, 'adaptive': True}
2020-06-17 23:26:53,827 [MainThread  ][INFO ]  Initial parameter values: [0, 0, 0, 0, 0, 0, 0, 0]
2020-06-17 23:33:29,217 [MainThread  ][INFO ]  Final fidelity: 0.8104646056798499
2020-06-17 23:33:29,217 [MainThread  ][INFO ]  Final parameters: [-200.         -121.66059121  -70.52415132   39.60700015  199.99999683
 -199.93353447   32.95902128  174.97751311]
2020-06-17 23:33:29,217 [MainThread  ][INFO ]  Fidelity: 0.8104646056798499
2020-06-17 23:33:29,218 [MainThread  ][INFO ]  ---- Iteration 14/100
2020-06-17 23:33:29,218 [MainThread  ][DEBUG]  Setting hyperparameter tf=0.27131313131313134
2020-06-17 23:33:29,218 [MainThread  ][INFO ]  Starting optimization for tf=0.27131313131313134
2020-06-17 23:33:29,218 [MainThread  ][DEBUG]  Optimization method: Nelder-Mead
2020-06-17 23:33:29,218 [MainThread  ][DEBUG]  Optimization options: {'maxiter': 100000.0, 'maxfev': 100000.0, 'xatol': 1e-08, 'fatol': 1e-08, 'adaptive': True}
2020-06-17 23:33:29,218 [MainThread  ][INFO ]  Initial parameter values: [0, 0, 0, 0, 0, 0, 0, 0]
2020-06-17 23:38:59,458 [MainThread  ][INFO ]  Final fidelity: 0.8109192567381316
2020-06-17 23:38:59,459 [MainThread  ][INFO ]  Final parameters: [-200.         -121.70884217  -70.51353739   39.71082639  199.99219387
 -199.99994054   32.98105     174.98990918]
2020-06-17 23:38:59,459 [MainThread  ][INFO ]  Fidelity: 0.8109192567381316
2020-06-17 23:38:59,459 [MainThread  ][INFO ]  ---- Iteration 15/100
2020-06-17 23:38:59,459 [MainThread  ][DEBUG]  Setting hyperparameter tf=0.29141414141414146
2020-06-17 23:38:59,459 [MainThread  ][INFO ]  Starting optimization for tf=0.29141414141414146
2020-06-17 23:38:59,459 [MainThread  ][DEBUG]  Optimization method: Nelder-Mead
2020-06-17 23:38:59,459 [MainThread  ][DEBUG]  Optimization options: {'maxiter': 100000.0, 'maxfev': 100000.0, 'xatol': 1e-08, 'fatol': 1e-08, 'adaptive': True}
2020-06-17 23:38:59,459 [MainThread  ][INFO ]  Initial parameter values: [0, 0, 0, 0, 0, 0, 0, 0]
2020-06-17 23:43:56,284 [MainThread  ][INFO ]  Final fidelity: 0.8114503699789939
2020-06-17 23:43:56,285 [MainThread  ][INFO ]  Final parameters: [-200.         -122.341525    -70.27469396   40.42507662  200.
 -199.8810848    32.46723166  174.66340643]
2020-06-17 23:43:56,285 [MainThread  ][INFO ]  Fidelity: 0.8114503699789939
2020-06-17 23:43:56,285 [MainThread  ][INFO ]  ---- Iteration 16/100
2020-06-17 23:43:56,285 [MainThread  ][DEBUG]  Setting hyperparameter tf=0.3115151515151515
2020-06-17 23:43:56,286 [MainThread  ][INFO ]  Starting optimization for tf=0.3115151515151515
2020-06-17 23:43:56,286 [MainThread  ][DEBUG]  Optimization method: Nelder-Mead
2020-06-17 23:43:56,286 [MainThread  ][DEBUG]  Optimization options: {'maxiter': 100000.0, 'maxfev': 100000.0, 'xatol': 1e-08, 'fatol': 1e-08, 'adaptive': True}
2020-06-17 23:43:56,286 [MainThread  ][INFO ]  Initial parameter values: [0, 0, 0, 0, 0, 0, 0, 0]
2020-06-17 23:47:50,464 [MainThread  ][INFO ]  Final fidelity: 0.812063740017763
2020-06-17 23:47:50,465 [MainThread  ][INFO ]  Final parameters: [-200.         -121.39417166  -68.67765566   40.28500547  200.
 -195.93516574   29.74981131  171.92960254]
2020-06-17 23:47:50,465 [MainThread  ][INFO ]  Fidelity: 0.812063740017763
2020-06-17 23:47:50,465 [MainThread  ][INFO ]  ---- Iteration 17/100
2020-06-17 23:47:50,465 [MainThread  ][DEBUG]  Setting hyperparameter tf=0.33161616161616164
2020-06-17 23:47:50,465 [MainThread  ][INFO ]  Starting optimization for tf=0.33161616161616164
2020-06-17 23:47:50,465 [MainThread  ][DEBUG]  Optimization method: Nelder-Mead
2020-06-17 23:47:50,465 [MainThread  ][DEBUG]  Optimization options: {'maxiter': 100000.0, 'maxfev': 100000.0, 'xatol': 1e-08, 'fatol': 1e-08, 'adaptive': True}
2020-06-17 23:47:50,465 [MainThread  ][INFO ]  Initial parameter values: [0, 0, 0, 0, 0, 0, 0, 0]
2020-06-17 23:54:13,735 [MainThread  ][INFO ]  Final fidelity: 0.8127757707663127
2020-06-17 23:54:13,736 [MainThread  ][INFO ]  Final parameters: [-200.         -122.12566987  -70.22872499   40.47654377  199.63928762
 -200.           32.90727204  174.67023878]
2020-06-17 23:54:13,736 [MainThread  ][INFO ]  Fidelity: 0.8127757707663127
2020-06-17 23:54:13,736 [MainThread  ][INFO ]  ---- Iteration 18/100
2020-06-17 23:54:13,736 [MainThread  ][DEBUG]  Setting hyperparameter tf=0.35171717171717176
2020-06-17 23:54:13,736 [MainThread  ][INFO ]  Starting optimization for tf=0.35171717171717176
2020-06-17 23:54:13,736 [MainThread  ][DEBUG]  Optimization method: Nelder-Mead
2020-06-17 23:54:13,736 [MainThread  ][DEBUG]  Optimization options: {'maxiter': 100000.0, 'maxfev': 100000.0, 'xatol': 1e-08, 'fatol': 1e-08, 'adaptive': True}
2020-06-17 23:54:13,736 [MainThread  ][INFO ]  Initial parameter values: [0, 0, 0, 0, 0, 0, 0, 0]
2020-06-17 23:59:48,884 [MainThread  ][INFO ]  Final fidelity: 0.8135917319330288
2020-06-17 23:59:48,885 [MainThread  ][INFO ]  Final parameters: [-200.         -122.39439932  -70.0120899    41.21433781  199.68053106
 -200.           32.54905842  174.42423218]
2020-06-17 23:59:48,885 [MainThread  ][INFO ]  Fidelity: 0.8135917319330288
2020-06-17 23:59:48,885 [MainThread  ][INFO ]  ---- Iteration 19/100
2020-06-17 23:59:48,885 [MainThread  ][DEBUG]  Setting hyperparameter tf=0.3718181818181818
2020-06-17 23:59:48,885 [MainThread  ][INFO ]  Starting optimization for tf=0.3718181818181818
2020-06-17 23:59:48,885 [MainThread  ][DEBUG]  Optimization method: Nelder-Mead
2020-06-17 23:59:48,885 [MainThread  ][DEBUG]  Optimization options: {'maxiter': 100000.0, 'maxfev': 100000.0, 'xatol': 1e-08, 'fatol': 1e-08, 'adaptive': True}
2020-06-17 23:59:48,885 [MainThread  ][INFO ]  Initial parameter values: [0, 0, 0, 0, 0, 0, 0, 0]
2020-06-18 00:03:55,815 [MainThread  ][INFO ]  Final fidelity: 0.81451762572354
2020-06-18 00:03:55,816 [MainThread  ][INFO ]  Final parameters: [-200.         -119.75582268  -70.42212598   38.15186358  199.99999999
 -199.26852065   33.94211907  175.09401207]
2020-06-18 00:03:55,816 [MainThread  ][INFO ]  Fidelity: 0.81451762572354
2020-06-18 00:03:55,816 [MainThread  ][INFO ]  ---- Iteration 20/100
2020-06-18 00:03:55,816 [MainThread  ][DEBUG]  Setting hyperparameter tf=0.39191919191919194
2020-06-18 00:03:55,816 [MainThread  ][INFO ]  Starting optimization for tf=0.39191919191919194
2020-06-18 00:03:55,816 [MainThread  ][DEBUG]  Optimization method: Nelder-Mead
2020-06-18 00:03:55,816 [MainThread  ][DEBUG]  Optimization options: {'maxiter': 100000.0, 'maxfev': 100000.0, 'xatol': 1e-08, 'fatol': 1e-08, 'adaptive': True}
2020-06-18 00:03:55,816 [MainThread  ][INFO ]  Initial parameter values: [0, 0, 0, 0, 0, 0, 0, 0]
2020-06-18 00:09:07,283 [MainThread  ][INFO ]  Final fidelity: 0.8155752162339924
2020-06-18 00:09:07,284 [MainThread  ][INFO ]  Final parameters: [-200.         -121.41314414  -68.09829959   40.40608957  200.
 -194.49041698   28.49927966  170.85215141]
2020-06-18 00:09:07,284 [MainThread  ][INFO ]  Fidelity: 0.8155752162339924
2020-06-18 00:09:07,284 [MainThread  ][INFO ]  ---- Iteration 21/100
2020-06-18 00:09:07,284 [MainThread  ][DEBUG]  Setting hyperparameter tf=0.41202020202020206
2020-06-18 00:09:07,284 [MainThread  ][INFO ]  Starting optimization for tf=0.41202020202020206
2020-06-18 00:09:07,284 [MainThread  ][DEBUG]  Optimization method: Nelder-Mead
2020-06-18 00:09:07,284 [MainThread  ][DEBUG]  Optimization options: {'maxiter': 100000.0, 'maxfev': 100000.0, 'xatol': 1e-08, 'fatol': 1e-08, 'adaptive': True}
2020-06-18 00:09:07,284 [MainThread  ][INFO ]  Initial parameter values: [0, 0, 0, 0, 0, 0, 0, 0]
2020-06-18 00:15:36,753 [MainThread  ][INFO ]  Final fidelity: 0.8167747532128697
2020-06-18 00:15:36,754 [MainThread  ][INFO ]  Final parameters: [-200.         -122.13520127  -70.2497115    40.34268698  199.08562762
 -199.99999999   33.23537763  174.59110698]
2020-06-18 00:15:36,754 [MainThread  ][INFO ]  Fidelity: 0.8167747532128697
2020-06-18 00:15:36,754 [MainThread  ][INFO ]  ---- Iteration 22/100
2020-06-18 00:15:36,755 [MainThread  ][DEBUG]  Setting hyperparameter tf=0.43212121212121213
2020-06-18 00:15:36,755 [MainThread  ][INFO ]  Starting optimization for tf=0.43212121212121213
2020-06-18 00:15:36,755 [MainThread  ][DEBUG]  Optimization method: Nelder-Mead
2020-06-18 00:15:36,755 [MainThread  ][DEBUG]  Optimization options: {'maxiter': 100000.0, 'maxfev': 100000.0, 'xatol': 1e-08, 'fatol': 1e-08, 'adaptive': True}
2020-06-18 00:15:36,755 [MainThread  ][INFO ]  Initial parameter values: [0, 0, 0, 0, 0, 0, 0, 0]
2020-06-18 00:18:31,667 [MainThread  ][INFO ]  Final fidelity: 0.8181247654230102
2020-06-18 00:18:31,668 [MainThread  ][INFO ]  Final parameters: [-200.         -121.91478655  -68.85576795   41.45795606  199.99999999
 -197.48420191   30.63438429  172.66397043]
2020-06-18 00:18:31,668 [MainThread  ][INFO ]  Fidelity: 0.8181247654230102
2020-06-18 00:18:31,668 [MainThread  ][INFO ]  ---- Iteration 23/100
2020-06-18 00:18:31,668 [MainThread  ][DEBUG]  Setting hyperparameter tf=0.45222222222222225
2020-06-18 00:18:31,668 [MainThread  ][INFO ]  Starting optimization for tf=0.45222222222222225
2020-06-18 00:18:31,668 [MainThread  ][DEBUG]  Optimization method: Nelder-Mead
2020-06-18 00:18:31,668 [MainThread  ][DEBUG]  Optimization options: {'maxiter': 100000.0, 'maxfev': 100000.0, 'xatol': 1e-08, 'fatol': 1e-08, 'adaptive': True}
2020-06-18 00:18:31,668 [MainThread  ][INFO ]  Initial parameter values: [0, 0, 0, 0, 0, 0, 0, 0]
2020-06-18 00:27:19,388 [MainThread  ][INFO ]  Final fidelity: 0.8196419367335571
2020-06-18 00:27:19,389 [MainThread  ][INFO ]  Final parameters: [-200.         -121.96296213  -70.28219096   40.35882689  200.
 -199.99999683   32.78057516  174.7873508 ]
2020-06-18 00:27:19,389 [MainThread  ][INFO ]  Fidelity: 0.8196419367335571
2020-06-18 00:27:19,389 [MainThread  ][INFO ]  ---- Iteration 24/100
2020-06-18 00:27:19,389 [MainThread  ][DEBUG]  Setting hyperparameter tf=0.47232323232323237
2020-06-18 00:27:19,389 [MainThread  ][INFO ]  Starting optimization for tf=0.47232323232323237
2020-06-18 00:27:19,389 [MainThread  ][DEBUG]  Optimization method: Nelder-Mead
2020-06-18 00:27:19,390 [MainThread  ][DEBUG]  Optimization options: {'maxiter': 100000.0, 'maxfev': 100000.0, 'xatol': 1e-08, 'fatol': 1e-08, 'adaptive': True}
2020-06-18 00:27:19,390 [MainThread  ][INFO ]  Initial parameter values: [0, 0, 0, 0, 0, 0, 0, 0]
2020-06-18 00:36:13,593 [MainThread  ][INFO ]  Final fidelity: 0.8213275570991657
2020-06-18 00:36:13,594 [MainThread  ][INFO ]  Final parameters: [-199.9968211  -120.89710882  -70.77578908   38.73395792  200.
 -199.99999999   33.54356083  175.32787378]
2020-06-18 00:36:13,594 [MainThread  ][INFO ]  Fidelity: 0.8213275570991657
2020-06-18 00:36:13,594 [MainThread  ][INFO ]  ---- Iteration 25/100
2020-06-18 00:36:13,595 [MainThread  ][DEBUG]  Setting hyperparameter tf=0.49242424242424243
2020-06-18 00:36:13,595 [MainThread  ][INFO ]  Starting optimization for tf=0.49242424242424243
2020-06-18 00:36:13,595 [MainThread  ][DEBUG]  Optimization method: Nelder-Mead
2020-06-18 00:36:13,595 [MainThread  ][DEBUG]  Optimization options: {'maxiter': 100000.0, 'maxfev': 100000.0, 'xatol': 1e-08, 'fatol': 1e-08, 'adaptive': True}
2020-06-18 00:36:13,595 [MainThread  ][INFO ]  Initial parameter values: [0, 0, 0, 0, 0, 0, 0, 0]
2020-06-18 00:38:58,882 [MainThread  ][INFO ]  Final fidelity: 0.8229693556925831
2020-06-18 00:38:58,882 [MainThread  ][INFO ]  Final parameters: [-191.48869084 -124.26683932  -72.29605149   39.32871698  200.
 -199.99999999   28.75600578  174.58594714]
2020-06-18 00:38:58,883 [MainThread  ][INFO ]  Fidelity: 0.8229693556925831
2020-06-18 00:38:58,883 [MainThread  ][INFO ]  ---- Iteration 26/100
2020-06-18 00:38:58,883 [MainThread  ][DEBUG]  Setting hyperparameter tf=0.5125252525252526
2020-06-18 00:38:58,883 [MainThread  ][INFO ]  Starting optimization for tf=0.5125252525252526
2020-06-18 00:38:58,883 [MainThread  ][DEBUG]  Optimization method: Nelder-Mead
2020-06-18 00:38:58,883 [MainThread  ][DEBUG]  Optimization options: {'maxiter': 100000.0, 'maxfev': 100000.0, 'xatol': 1e-08, 'fatol': 1e-08, 'adaptive': True}
2020-06-18 00:38:58,883 [MainThread  ][INFO ]  Initial parameter values: [0, 0, 0, 0, 0, 0, 0, 0]
2020-06-18 00:47:27,253 [MainThread  ][INFO ]  Final fidelity: 0.8253059460856789
2020-06-18 00:47:27,253 [MainThread  ][INFO ]  Final parameters: [-199.99999675 -122.35421906  -70.44657959   40.12445805  200.
 -199.99999999   32.59283935  174.83855281]
2020-06-18 00:47:27,254 [MainThread  ][INFO ]  Fidelity: 0.8253059460856789
2020-06-18 00:47:27,254 [MainThread  ][INFO ]  ---- Iteration 27/100
2020-06-18 00:47:27,254 [MainThread  ][DEBUG]  Setting hyperparameter tf=0.5326262626262627
2020-06-18 00:47:27,254 [MainThread  ][INFO ]  Starting optimization for tf=0.5326262626262627
2020-06-18 00:47:27,254 [MainThread  ][DEBUG]  Optimization method: Nelder-Mead
2020-06-18 00:47:27,254 [MainThread  ][DEBUG]  Optimization options: {'maxiter': 100000.0, 'maxfev': 100000.0, 'xatol': 1e-08, 'fatol': 1e-08, 'adaptive': True}
2020-06-18 00:47:27,254 [MainThread  ][INFO ]  Initial parameter values: [0, 0, 0, 0, 0, 0, 0, 0]
2020-06-18 00:53:41,187 [MainThread  ][INFO ]  Final fidelity: 0.8276117498562685
2020-06-18 00:53:41,188 [MainThread  ][INFO ]  Final parameters: [-200.         -123.49528108  -68.19480894   42.83711448  200.
 -196.64088298   29.01706138  171.58500799]
2020-06-18 00:53:41,188 [MainThread  ][INFO ]  Fidelity: 0.8276117498562685
2020-06-18 00:53:41,188 [MainThread  ][INFO ]  ---- Iteration 28/100
2020-06-18 00:53:41,188 [MainThread  ][DEBUG]  Setting hyperparameter tf=0.5527272727272727
2020-06-18 00:53:41,188 [MainThread  ][INFO ]  Starting optimization for tf=0.5527272727272727
2020-06-18 00:53:41,188 [MainThread  ][DEBUG]  Optimization method: Nelder-Mead
2020-06-18 00:53:41,188 [MainThread  ][DEBUG]  Optimization options: {'maxiter': 100000.0, 'maxfev': 100000.0, 'xatol': 1e-08, 'fatol': 1e-08, 'adaptive': True}
2020-06-18 00:53:41,188 [MainThread  ][INFO ]  Initial parameter values: [0, 0, 0, 0, 0, 0, 0, 0]
2020-06-18 01:02:06,782 [MainThread  ][INFO ]  Final fidelity: 0.8301491820200245
2020-06-18 01:02:06,782 [MainThread  ][INFO ]  Final parameters: [-200.         -122.002409    -70.43057016   40.03278749  199.99999826
 -199.99999999   32.77967148  174.88024605]
2020-06-18 01:02:06,782 [MainThread  ][INFO ]  Fidelity: 0.8301491820200245
2020-06-18 01:02:06,783 [MainThread  ][INFO ]  ---- Iteration 29/100
2020-06-18 01:02:06,783 [MainThread  ][DEBUG]  Setting hyperparameter tf=0.5728282828282829
2020-06-18 01:02:06,783 [MainThread  ][INFO ]  Starting optimization for tf=0.5728282828282829
2020-06-18 01:02:06,783 [MainThread  ][DEBUG]  Optimization method: Nelder-Mead
2020-06-18 01:02:06,783 [MainThread  ][DEBUG]  Optimization options: {'maxiter': 100000.0, 'maxfev': 100000.0, 'xatol': 1e-08, 'fatol': 1e-08, 'adaptive': True}
2020-06-18 01:02:06,783 [MainThread  ][INFO ]  Initial parameter values: [0, 0, 0, 0, 0, 0, 0, 0]
2020-06-18 01:06:31,377 [MainThread  ][INFO ]  Final fidelity: 0.8329338870909792
2020-06-18 01:06:31,378 [MainThread  ][INFO ]  Final parameters: [-200.         -121.95543405  -70.41891386   40.01903168  200.
 -199.97859932   32.79237701  174.87195915]
2020-06-18 01:06:31,378 [MainThread  ][INFO ]  Fidelity: 0.8329338870909792
2020-06-18 01:06:31,378 [MainThread  ][INFO ]  ---- Iteration 30/100
2020-06-18 01:06:31,378 [MainThread  ][DEBUG]  Setting hyperparameter tf=0.592929292929293
2020-06-18 01:06:31,378 [MainThread  ][INFO ]  Starting optimization for tf=0.592929292929293
2020-06-18 01:06:31,378 [MainThread  ][DEBUG]  Optimization method: Nelder-Mead
2020-06-18 01:06:31,378 [MainThread  ][DEBUG]  Optimization options: {'maxiter': 100000.0, 'maxfev': 100000.0, 'xatol': 1e-08, 'fatol': 1e-08, 'adaptive': True}
2020-06-18 01:06:31,378 [MainThread  ][INFO ]  Initial parameter values: [0, 0, 0, 0, 0, 0, 0, 0]
2020-06-18 01:13:46,425 [MainThread  ][INFO ]  Final fidelity: 0.83599108666971
2020-06-18 01:13:46,426 [MainThread  ][INFO ]  Final parameters: [-199.98159159 -148.48694858  -74.70977169   38.99181443  189.66299316
 -200.           24.36315402  171.66536429]
2020-06-18 01:13:46,426 [MainThread  ][INFO ]  Fidelity: 0.83599108666971
2020-06-18 01:13:46,426 [MainThread  ][INFO ]  ---- Iteration 31/100
2020-06-18 01:13:46,426 [MainThread  ][DEBUG]  Setting hyperparameter tf=0.613030303030303
2020-06-18 01:13:46,426 [MainThread  ][INFO ]  Starting optimization for tf=0.613030303030303
2020-06-18 01:13:46,426 [MainThread  ][DEBUG]  Optimization method: Nelder-Mead
2020-06-18 01:13:46,426 [MainThread  ][DEBUG]  Optimization options: {'maxiter': 100000.0, 'maxfev': 100000.0, 'xatol': 1e-08, 'fatol': 1e-08, 'adaptive': True}
2020-06-18 01:13:46,426 [MainThread  ][INFO ]  Initial parameter values: [0, 0, 0, 0, 0, 0, 0, 0]
2020-06-18 01:21:13,887 [MainThread  ][INFO ]  Final fidelity: 0.8390290674678994
2020-06-18 01:21:13,889 [MainThread  ][INFO ]  Final parameters: [-199.96515934 -117.52630231  -51.35119294   44.69871077  200.
 -156.919693     -0.61026999  142.91456642]
2020-06-18 01:21:13,889 [MainThread  ][INFO ]  Fidelity: 0.8390290674678994
2020-06-18 01:21:13,889 [MainThread  ][INFO ]  ---- Iteration 32/100
2020-06-18 01:21:13,889 [MainThread  ][DEBUG]  Setting hyperparameter tf=0.6331313131313132
2020-06-18 01:21:13,889 [MainThread  ][INFO ]  Starting optimization for tf=0.6331313131313132
2020-06-18 01:21:13,889 [MainThread  ][DEBUG]  Optimization method: Nelder-Mead
2020-06-18 01:21:13,889 [MainThread  ][DEBUG]  Optimization options: {'maxiter': 100000.0, 'maxfev': 100000.0, 'xatol': 1e-08, 'fatol': 1e-08, 'adaptive': True}
2020-06-18 01:21:13,889 [MainThread  ][INFO ]  Initial parameter values: [0, 0, 0, 0, 0, 0, 0, 0]
2020-06-18 01:27:01,411 [MainThread  ][INFO ]  Final fidelity: 0.8420974182248104
2020-06-18 01:27:01,412 [MainThread  ][INFO ]  Final parameters: [-196.83400476 -107.45985671  -46.45703489   34.69749162  200.
 -136.08536431  -12.5036076   131.31429524]
2020-06-18 01:27:01,412 [MainThread  ][INFO ]  Fidelity: 0.8420974182248104
2020-06-18 01:27:01,412 [MainThread  ][INFO ]  ---- Iteration 33/100
2020-06-18 01:27:01,412 [MainThread  ][DEBUG]  Setting hyperparameter tf=0.6532323232323233
2020-06-18 01:27:01,412 [MainThread  ][INFO ]  Starting optimization for tf=0.6532323232323233
2020-06-18 01:27:01,412 [MainThread  ][DEBUG]  Optimization method: Nelder-Mead
2020-06-18 01:27:01,412 [MainThread  ][DEBUG]  Optimization options: {'maxiter': 100000.0, 'maxfev': 100000.0, 'xatol': 1e-08, 'fatol': 1e-08, 'adaptive': True}
2020-06-18 01:27:01,413 [MainThread  ][INFO ]  Initial parameter values: [0, 0, 0, 0, 0, 0, 0, 0]
2020-06-18 01:33:20,281 [MainThread  ][INFO ]  Final fidelity: 0.8459059685434709
2020-06-18 01:33:20,282 [MainThread  ][INFO ]  Final parameters: [-200.         -101.3437327   -34.49160968   35.45173279  199.99999999
 -109.3139813   -30.14944007  112.40191437]
2020-06-18 01:33:20,282 [MainThread  ][INFO ]  Fidelity: 0.8459059685434709
2020-06-18 01:33:20,282 [MainThread  ][INFO ]  ---- Iteration 34/100
2020-06-18 01:33:20,282 [MainThread  ][DEBUG]  Setting hyperparameter tf=0.6733333333333333
2020-06-18 01:33:20,282 [MainThread  ][INFO ]  Starting optimization for tf=0.6733333333333333
2020-06-18 01:33:20,282 [MainThread  ][DEBUG]  Optimization method: Nelder-Mead
2020-06-18 01:33:20,282 [MainThread  ][DEBUG]  Optimization options: {'maxiter': 100000.0, 'maxfev': 100000.0, 'xatol': 1e-08, 'fatol': 1e-08, 'adaptive': True}
2020-06-18 01:33:20,282 [MainThread  ][INFO ]  Initial parameter values: [0, 0, 0, 0, 0, 0, 0, 0]
2020-06-18 01:35:49,609 [MainThread  ][INFO ]  Final fidelity: 0.846166101101096
2020-06-18 01:35:49,609 [MainThread  ][INFO ]  Final parameters: [-200.          -65.18093296  -29.24232455   30.34574441  142.51678683
 -120.21902392   36.09268911  111.8857926 ]
2020-06-18 01:35:49,609 [MainThread  ][INFO ]  Fidelity: 0.846166101101096
2020-06-18 01:35:49,610 [MainThread  ][INFO ]  ---- Iteration 35/100
2020-06-18 01:35:49,610 [MainThread  ][DEBUG]  Setting hyperparameter tf=0.6934343434343435
2020-06-18 01:35:49,610 [MainThread  ][INFO ]  Starting optimization for tf=0.6934343434343435
2020-06-18 01:35:49,610 [MainThread  ][DEBUG]  Optimization method: Nelder-Mead
2020-06-18 01:35:49,610 [MainThread  ][DEBUG]  Optimization options: {'maxiter': 100000.0, 'maxfev': 100000.0, 'xatol': 1e-08, 'fatol': 1e-08, 'adaptive': True}
2020-06-18 01:35:49,610 [MainThread  ][INFO ]  Initial parameter values: [0, 0, 0, 0, 0, 0, 0, 0]
2020-06-18 01:39:01,572 [MainThread  ][INFO ]  Final fidelity: 0.849216978255952
2020-06-18 01:39:01,572 [MainThread  ][INFO ]  Final parameters: [-200.          -57.04748268  -22.75264588   29.03092504  134.84256963
 -107.16932404   34.85669093  101.79272257]
2020-06-18 01:39:01,572 [MainThread  ][INFO ]  Fidelity: 0.849216978255952
2020-06-18 01:39:01,572 [MainThread  ][INFO ]  ---- Iteration 36/100
2020-06-18 01:39:01,573 [MainThread  ][DEBUG]  Setting hyperparameter tf=0.7135353535353536
2020-06-18 01:39:01,573 [MainThread  ][INFO ]  Starting optimization for tf=0.7135353535353536
2020-06-18 01:39:01,573 [MainThread  ][DEBUG]  Optimization method: Nelder-Mead
2020-06-18 01:39:01,573 [MainThread  ][DEBUG]  Optimization options: {'maxiter': 100000.0, 'maxfev': 100000.0, 'xatol': 1e-08, 'fatol': 1e-08, 'adaptive': True}
2020-06-18 01:39:01,573 [MainThread  ][INFO ]  Initial parameter values: [0, 0, 0, 0, 0, 0, 0, 0]
2020-06-18 01:55:33,135 [MainThread  ][INFO ]  Final fidelity: 0.8564457101826589
2020-06-18 01:55:33,136 [MainThread  ][INFO ]  Final parameters: [-200.          -75.81698935    4.50356522   43.66698242  177.25098334
  -31.70398527  -67.10885308   50.94065867]
2020-06-18 01:55:33,136 [MainThread  ][INFO ]  Fidelity: 0.8564457101826589
2020-06-18 01:55:33,136 [MainThread  ][INFO ]  ---- Iteration 37/100
2020-06-18 01:55:33,136 [MainThread  ][DEBUG]  Setting hyperparameter tf=0.7336363636363636
2020-06-18 01:55:33,136 [MainThread  ][INFO ]  Starting optimization for tf=0.7336363636363636
2020-06-18 01:55:33,136 [MainThread  ][DEBUG]  Optimization method: Nelder-Mead
2020-06-18 01:55:33,136 [MainThread  ][DEBUG]  Optimization options: {'maxiter': 100000.0, 'maxfev': 100000.0, 'xatol': 1e-08, 'fatol': 1e-08, 'adaptive': True}
2020-06-18 01:55:33,136 [MainThread  ][INFO ]  Initial parameter values: [0, 0, 0, 0, 0, 0, 0, 0]
2020-06-18 02:07:34,881 [MainThread  ][INFO ]  Final fidelity: 0.8605950698865076
2020-06-18 02:07:34,882 [MainThread  ][INFO ]  Final parameters: [-199.37563003  -65.88222979   14.37998697   35.54327883  177.31102834
   -1.56203364  -85.23558538   32.41306355]
2020-06-18 02:07:34,882 [MainThread  ][INFO ]  Fidelity: 0.8605950698865076
2020-06-18 02:07:34,882 [MainThread  ][INFO ]  ---- Iteration 38/100
2020-06-18 02:07:34,882 [MainThread  ][DEBUG]  Setting hyperparameter tf=0.7537373737373738
2020-06-18 02:07:34,882 [MainThread  ][INFO ]  Starting optimization for tf=0.7537373737373738
2020-06-18 02:07:34,882 [MainThread  ][DEBUG]  Optimization method: Nelder-Mead
2020-06-18 02:07:34,883 [MainThread  ][DEBUG]  Optimization options: {'maxiter': 100000.0, 'maxfev': 100000.0, 'xatol': 1e-08, 'fatol': 1e-08, 'adaptive': True}
2020-06-18 02:07:34,883 [MainThread  ][INFO ]  Initial parameter values: [0, 0, 0, 0, 0, 0, 0, 0]
2020-06-18 02:15:41,970 [MainThread  ][INFO ]  Final fidelity: 0.8654427430242434
2020-06-18 02:15:41,970 [MainThread  ][INFO ]  Final parameters: [-200.          -48.07378321   22.43470647   27.78318026  183.52304496
   20.96285568  -96.45875348   20.89844959]
2020-06-18 02:15:41,971 [MainThread  ][INFO ]  Fidelity: 0.8654427430242434
2020-06-18 02:15:41,971 [MainThread  ][INFO ]  ---- Iteration 39/100
2020-06-18 02:15:41,971 [MainThread  ][DEBUG]  Setting hyperparameter tf=0.7738383838383839
2020-06-18 02:15:41,971 [MainThread  ][INFO ]  Starting optimization for tf=0.7738383838383839
2020-06-18 02:15:41,971 [MainThread  ][DEBUG]  Optimization method: Nelder-Mead
2020-06-18 02:15:41,971 [MainThread  ][DEBUG]  Optimization options: {'maxiter': 100000.0, 'maxfev': 100000.0, 'xatol': 1e-08, 'fatol': 1e-08, 'adaptive': True}
2020-06-18 02:15:41,971 [MainThread  ][INFO ]  Initial parameter values: [0, 0, 0, 0, 0, 0, 0, 0]
2020-06-18 02:34:26,953 [MainThread  ][INFO ]  Final fidelity: 0.8701870168062046
2020-06-18 02:34:26,954 [MainThread  ][INFO ]  Final parameters: [-200.          -30.1937231    24.98771434   19.75045225  185.00908069
   27.34544381  -90.58795824   20.19684133]
2020-06-18 02:34:26,954 [MainThread  ][INFO ]  Fidelity: 0.8701870168062046
2020-06-18 02:34:26,954 [MainThread  ][INFO ]  ---- Iteration 40/100
2020-06-18 02:34:26,954 [MainThread  ][DEBUG]  Setting hyperparameter tf=0.793939393939394
2020-06-18 02:34:26,954 [MainThread  ][INFO ]  Starting optimization for tf=0.793939393939394
2020-06-18 02:34:26,955 [MainThread  ][DEBUG]  Optimization method: Nelder-Mead
2020-06-18 02:34:26,955 [MainThread  ][DEBUG]  Optimization options: {'maxiter': 100000.0, 'maxfev': 100000.0, 'xatol': 1e-08, 'fatol': 1e-08, 'adaptive': True}
2020-06-18 02:34:26,955 [MainThread  ][INFO ]  Initial parameter values: [0, 0, 0, 0, 0, 0, 0, 0]
2020-06-18 02:41:09,998 [MainThread  ][INFO ]  Final fidelity: 0.8691764825808912
2020-06-18 02:41:09,999 [MainThread  ][INFO ]  Final parameters: [-200.          -52.36851411   24.97858479   34.91260682  126.80780667
   -2.29189796  -34.49691302   25.36653462]
2020-06-18 02:41:09,999 [MainThread  ][INFO ]  Fidelity: 0.8691764825808912
2020-06-18 02:41:09,999 [MainThread  ][INFO ]  ---- Iteration 41/100
2020-06-18 02:41:10,000 [MainThread  ][DEBUG]  Setting hyperparameter tf=0.8140404040404041
2020-06-18 02:41:10,000 [MainThread  ][INFO ]  Starting optimization for tf=0.8140404040404041
2020-06-18 02:41:10,000 [MainThread  ][DEBUG]  Optimization method: Nelder-Mead
2020-06-18 02:41:10,000 [MainThread  ][DEBUG]  Optimization options: {'maxiter': 100000.0, 'maxfev': 100000.0, 'xatol': 1e-08, 'fatol': 1e-08, 'adaptive': True}
2020-06-18 02:41:10,000 [MainThread  ][INFO ]  Initial parameter values: [0, 0, 0, 0, 0, 0, 0, 0]
2020-06-18 02:48:52,938 [MainThread  ][INFO ]  Final fidelity: 0.8722384074622966
2020-06-18 02:48:52,938 [MainThread  ][INFO ]  Final parameters: [-200.          -45.28991878   30.29867601   33.83739854  118.26744496
    5.39485246  -29.22715942   19.19608289]
2020-06-18 02:48:52,939 [MainThread  ][INFO ]  Fidelity: 0.8722384074622966
2020-06-18 02:48:52,939 [MainThread  ][INFO ]  ---- Iteration 42/100
2020-06-18 02:48:52,939 [MainThread  ][DEBUG]  Setting hyperparameter tf=0.8341414141414142
2020-06-18 02:48:52,939 [MainThread  ][INFO ]  Starting optimization for tf=0.8341414141414142
2020-06-18 02:48:52,939 [MainThread  ][DEBUG]  Optimization method: Nelder-Mead
2020-06-18 02:48:52,939 [MainThread  ][DEBUG]  Optimization options: {'maxiter': 100000.0, 'maxfev': 100000.0, 'xatol': 1e-08, 'fatol': 1e-08, 'adaptive': True}
2020-06-18 02:48:52,939 [MainThread  ][INFO ]  Initial parameter values: [0, 0, 0, 0, 0, 0, 0, 0]
2020-06-18 02:53:08,011 [MainThread  ][INFO ]  Final fidelity: 0.8761206790167029
2020-06-18 02:53:08,012 [MainThread  ][INFO ]  Final parameters: [-200.          -36.06154895   38.54595046   32.15332963  115.42002512
   27.95129606  -44.28614658    2.81459293]
2020-06-18 02:53:08,012 [MainThread  ][INFO ]  Fidelity: 0.8761206790167029
2020-06-18 02:53:08,012 [MainThread  ][INFO ]  ---- Iteration 43/100
2020-06-18 02:53:08,012 [MainThread  ][DEBUG]  Setting hyperparameter tf=0.8542424242424242
2020-06-18 02:53:08,012 [MainThread  ][INFO ]  Starting optimization for tf=0.8542424242424242
2020-06-18 02:53:08,012 [MainThread  ][DEBUG]  Optimization method: Nelder-Mead
2020-06-18 02:53:08,012 [MainThread  ][DEBUG]  Optimization options: {'maxiter': 100000.0, 'maxfev': 100000.0, 'xatol': 1e-08, 'fatol': 1e-08, 'adaptive': True}
2020-06-18 02:53:08,012 [MainThread  ][INFO ]  Initial parameter values: [0, 0, 0, 0, 0, 0, 0, 0]
2020-06-18 03:00:29,379 [MainThread  ][INFO ]  Final fidelity: 0.878573081390367
2020-06-18 03:00:29,380 [MainThread  ][INFO ]  Final parameters: [-199.99999999  -25.14284084   32.20907781   27.9201696   107.13619581
   11.7063919   -21.75302089   14.11286933]
2020-06-18 03:00:29,380 [MainThread  ][INFO ]  Fidelity: 0.878573081390367
2020-06-18 03:00:29,380 [MainThread  ][INFO ]  ---- Iteration 44/100
2020-06-18 03:00:29,380 [MainThread  ][DEBUG]  Setting hyperparameter tf=0.8743434343434344
2020-06-18 03:00:29,380 [MainThread  ][INFO ]  Starting optimization for tf=0.8743434343434344
2020-06-18 03:00:29,380 [MainThread  ][DEBUG]  Optimization method: Nelder-Mead
2020-06-18 03:00:29,380 [MainThread  ][DEBUG]  Optimization options: {'maxiter': 100000.0, 'maxfev': 100000.0, 'xatol': 1e-08, 'fatol': 1e-08, 'adaptive': True}
2020-06-18 03:00:29,380 [MainThread  ][INFO ]  Initial parameter values: [0, 0, 0, 0, 0, 0, 0, 0]
2020-06-18 03:12:50,684 [MainThread  ][INFO ]  Final fidelity: 0.8817056894845964
2020-06-18 03:12:50,685 [MainThread  ][INFO ]  Final parameters: [-199.99999999  -21.9347305    41.39828003   27.90935134  102.61297344
   32.49736556  -33.35169646   -1.36929279]
2020-06-18 03:12:50,685 [MainThread  ][INFO ]  Fidelity: 0.8817056894845964
2020-06-18 03:12:50,685 [MainThread  ][INFO ]  ---- Iteration 45/100
2020-06-18 03:12:50,685 [MainThread  ][DEBUG]  Setting hyperparameter tf=0.8944444444444445
2020-06-18 03:12:50,685 [MainThread  ][INFO ]  Starting optimization for tf=0.8944444444444445
2020-06-18 03:12:50,685 [MainThread  ][DEBUG]  Optimization method: Nelder-Mead
2020-06-18 03:12:50,685 [MainThread  ][DEBUG]  Optimization options: {'maxiter': 100000.0, 'maxfev': 100000.0, 'xatol': 1e-08, 'fatol': 1e-08, 'adaptive': True}
2020-06-18 03:12:50,685 [MainThread  ][INFO ]  Initial parameter values: [0, 0, 0, 0, 0, 0, 0, 0]
2020-06-18 03:28:13,439 [MainThread  ][INFO ]  Final fidelity: 0.886181881097443
2020-06-18 03:28:13,440 [MainThread  ][INFO ]  Final parameters: [-164.60308632    7.25073971   19.48815217    6.17596364  110.34393465
  -46.6881852   -50.30554929  -29.0059555 ]
2020-06-18 03:28:13,440 [MainThread  ][INFO ]  Fidelity: 0.886181881097443
2020-06-18 03:28:13,440 [MainThread  ][INFO ]  ---- Iteration 46/100
2020-06-18 03:28:13,440 [MainThread  ][DEBUG]  Setting hyperparameter tf=0.9145454545454546
2020-06-18 03:28:13,440 [MainThread  ][INFO ]  Starting optimization for tf=0.9145454545454546
2020-06-18 03:28:13,440 [MainThread  ][DEBUG]  Optimization method: Nelder-Mead
2020-06-18 03:28:13,440 [MainThread  ][DEBUG]  Optimization options: {'maxiter': 100000.0, 'maxfev': 100000.0, 'xatol': 1e-08, 'fatol': 1e-08, 'adaptive': True}
2020-06-18 03:28:13,440 [MainThread  ][INFO ]  Initial parameter values: [0, 0, 0, 0, 0, 0, 0, 0]
2020-06-18 03:38:58,951 [MainThread  ][INFO ]  Final fidelity: 0.9009817286042241
2020-06-18 03:38:58,951 [MainThread  ][INFO ]  Final parameters: [-186.63151791  -80.10591572   14.2316728    13.24160024  138.54325663
   13.92585613   21.33706779    3.5127934 ]
2020-06-18 03:38:58,952 [MainThread  ][INFO ]  Fidelity: 0.9009817286042241
2020-06-18 03:38:58,952 [MainThread  ][INFO ]  ---- Iteration 47/100
2020-06-18 03:38:58,952 [MainThread  ][DEBUG]  Setting hyperparameter tf=0.9346464646464647
2020-06-18 03:38:58,952 [MainThread  ][INFO ]  Starting optimization for tf=0.9346464646464647
2020-06-18 03:38:58,952 [MainThread  ][DEBUG]  Optimization method: Nelder-Mead
2020-06-18 03:38:58,952 [MainThread  ][DEBUG]  Optimization options: {'maxiter': 100000.0, 'maxfev': 100000.0, 'xatol': 1e-08, 'fatol': 1e-08, 'adaptive': True}
2020-06-18 03:38:58,952 [MainThread  ][INFO ]  Initial parameter values: [0, 0, 0, 0, 0, 0, 0, 0]
2020-06-18 05:11:31,235 [MainThread  ][INFO ]  Final fidelity: 0.8955305402821596
2020-06-18 05:11:31,237 [MainThread  ][INFO ]  Final parameters: [-192.16619805  -23.66369447    0.38691782   58.95467414  105.94953568
   80.07130142  -10.86040076  -37.20948158]
2020-06-18 05:11:31,237 [MainThread  ][INFO ]  Fidelity: 0.8955305402821596
2020-06-18 05:11:31,237 [MainThread  ][INFO ]  ---- Iteration 48/100
2020-06-18 05:11:31,237 [MainThread  ][DEBUG]  Setting hyperparameter tf=0.9547474747474748
2020-06-18 05:11:31,237 [MainThread  ][INFO ]  Starting optimization for tf=0.9547474747474748
2020-06-18 05:11:31,237 [MainThread  ][DEBUG]  Optimization method: Nelder-Mead
2020-06-18 05:11:31,237 [MainThread  ][DEBUG]  Optimization options: {'maxiter': 100000.0, 'maxfev': 100000.0, 'xatol': 1e-08, 'fatol': 1e-08, 'adaptive': True}
2020-06-18 05:11:31,237 [MainThread  ][INFO ]  Initial parameter values: [0, 0, 0, 0, 0, 0, 0, 0]
2020-06-18 05:20:18,652 [MainThread  ][INFO ]  Final fidelity: 0.8992068715536865
2020-06-18 05:20:18,653 [MainThread  ][INFO ]  Final parameters: [-177.13943098  -76.19647623   -8.29381652   28.76369275  101.91049203
   80.69421139  -24.25422595   58.64191278]
2020-06-18 05:20:18,653 [MainThread  ][INFO ]  Fidelity: 0.8992068715536865
2020-06-18 05:20:18,653 [MainThread  ][INFO ]  ---- Iteration 49/100
2020-06-18 05:20:18,653 [MainThread  ][DEBUG]  Setting hyperparameter tf=0.9748484848484849
2020-06-18 05:20:18,653 [MainThread  ][INFO ]  Starting optimization for tf=0.9748484848484849
2020-06-18 05:20:18,653 [MainThread  ][DEBUG]  Optimization method: Nelder-Mead
2020-06-18 05:20:18,653 [MainThread  ][DEBUG]  Optimization options: {'maxiter': 100000.0, 'maxfev': 100000.0, 'xatol': 1e-08, 'fatol': 1e-08, 'adaptive': True}
2020-06-18 05:20:18,653 [MainThread  ][INFO ]  Initial parameter values: [0, 0, 0, 0, 0, 0, 0, 0]
2020-06-18 05:27:51,649 [MainThread  ][INFO ]  Final fidelity: 0.8980528041539022
2020-06-18 05:27:51,650 [MainThread  ][INFO ]  Final parameters: [-129.78273474  -12.0773999    -1.40371631  -18.44637193   99.48091784
  -45.4675522     9.34865218   31.31566652]
2020-06-18 05:27:51,650 [MainThread  ][INFO ]  Fidelity: 0.8980528041539022
2020-06-18 05:27:51,650 [MainThread  ][INFO ]  ---- Iteration 50/100
2020-06-18 05:27:51,650 [MainThread  ][DEBUG]  Setting hyperparameter tf=0.994949494949495
2020-06-18 05:27:51,650 [MainThread  ][INFO ]  Starting optimization for tf=0.994949494949495
2020-06-18 05:27:51,650 [MainThread  ][DEBUG]  Optimization method: Nelder-Mead
2020-06-18 05:27:51,650 [MainThread  ][DEBUG]  Optimization options: {'maxiter': 100000.0, 'maxfev': 100000.0, 'xatol': 1e-08, 'fatol': 1e-08, 'adaptive': True}
2020-06-18 05:27:51,650 [MainThread  ][INFO ]  Initial parameter values: [0, 0, 0, 0, 0, 0, 0, 0]
2020-06-18 05:38:05,164 [MainThread  ][INFO ]  Final fidelity: 0.9015611331000623
2020-06-18 05:38:05,165 [MainThread  ][INFO ]  Final parameters: [-133.49382751  -48.49816275    3.88549983   25.95612334   91.91139129
  -18.38090047   11.96076182   12.62279952]
2020-06-18 05:38:05,165 [MainThread  ][INFO ]  Fidelity: 0.9015611331000623
2020-06-18 05:38:05,166 [MainThread  ][INFO ]  ---- Iteration 51/100
2020-06-18 05:38:05,166 [MainThread  ][DEBUG]  Setting hyperparameter tf=1.0150505050505052
2020-06-18 05:38:05,166 [MainThread  ][INFO ]  Starting optimization for tf=1.0150505050505052
2020-06-18 05:38:05,166 [MainThread  ][DEBUG]  Optimization method: Nelder-Mead
2020-06-18 05:38:05,166 [MainThread  ][DEBUG]  Optimization options: {'maxiter': 100000.0, 'maxfev': 100000.0, 'xatol': 1e-08, 'fatol': 1e-08, 'adaptive': True}
2020-06-18 05:38:05,166 [MainThread  ][INFO ]  Initial parameter values: [0, 0, 0, 0, 0, 0, 0, 0]
2020-06-18 05:47:03,582 [MainThread  ][INFO ]  Final fidelity: 0.8981184518215565
2020-06-18 05:47:03,582 [MainThread  ][INFO ]  Final parameters: [-146.85604081  -13.52144088   68.93993715   23.03851194   77.21295768
    7.21189508    4.71630234  -40.52285993]
2020-06-18 05:47:03,582 [MainThread  ][INFO ]  Fidelity: 0.8981184518215565
2020-06-18 05:47:03,582 [MainThread  ][INFO ]  ---- Iteration 52/100
2020-06-18 05:47:03,583 [MainThread  ][DEBUG]  Setting hyperparameter tf=1.0351515151515152
2020-06-18 05:47:03,583 [MainThread  ][INFO ]  Starting optimization for tf=1.0351515151515152
2020-06-18 05:47:03,583 [MainThread  ][DEBUG]  Optimization method: Nelder-Mead
2020-06-18 05:47:03,583 [MainThread  ][DEBUG]  Optimization options: {'maxiter': 100000.0, 'maxfev': 100000.0, 'xatol': 1e-08, 'fatol': 1e-08, 'adaptive': True}
2020-06-18 05:47:03,583 [MainThread  ][INFO ]  Initial parameter values: [0, 0, 0, 0, 0, 0, 0, 0]
2020-06-18 06:00:31,466 [MainThread  ][INFO ]  Final fidelity: 0.9240683723045087
2020-06-18 06:00:31,467 [MainThread  ][INFO ]  Final parameters: [-152.99885414  -64.02717613   -7.13497577   -6.37112709  120.20508874
   25.47498403   15.92715233   46.49321235]
2020-06-18 06:00:31,467 [MainThread  ][INFO ]  Fidelity: 0.9240683723045087
2020-06-18 06:00:31,467 [MainThread  ][INFO ]  ---- Iteration 53/100
2020-06-18 06:00:31,467 [MainThread  ][DEBUG]  Setting hyperparameter tf=1.0552525252525253
2020-06-18 06:00:31,467 [MainThread  ][INFO ]  Starting optimization for tf=1.0552525252525253
2020-06-18 06:00:31,467 [MainThread  ][DEBUG]  Optimization method: Nelder-Mead
2020-06-18 06:00:31,467 [MainThread  ][DEBUG]  Optimization options: {'maxiter': 100000.0, 'maxfev': 100000.0, 'xatol': 1e-08, 'fatol': 1e-08, 'adaptive': True}
2020-06-18 06:00:31,467 [MainThread  ][INFO ]  Initial parameter values: [0, 0, 0, 0, 0, 0, 0, 0]
2020-06-18 06:18:58,797 [MainThread  ][INFO ]  Final fidelity: 0.9202156940062153
2020-06-18 06:18:58,798 [MainThread  ][INFO ]  Final parameters: [-161.2248078   -79.24878475    8.74510664  -10.96583701   98.20155742
  107.55561299   61.6831318   -49.61928529]
2020-06-18 06:18:58,798 [MainThread  ][INFO ]  Fidelity: 0.9202156940062153
2020-06-18 06:18:58,798 [MainThread  ][INFO ]  ---- Iteration 54/100
2020-06-18 06:18:58,798 [MainThread  ][DEBUG]  Setting hyperparameter tf=1.0753535353535355
2020-06-18 06:18:58,798 [MainThread  ][INFO ]  Starting optimization for tf=1.0753535353535355
2020-06-18 06:18:58,798 [MainThread  ][DEBUG]  Optimization method: Nelder-Mead
2020-06-18 06:18:58,798 [MainThread  ][DEBUG]  Optimization options: {'maxiter': 100000.0, 'maxfev': 100000.0, 'xatol': 1e-08, 'fatol': 1e-08, 'adaptive': True}
2020-06-18 06:18:58,799 [MainThread  ][INFO ]  Initial parameter values: [0, 0, 0, 0, 0, 0, 0, 0]
2020-06-18 06:33:32,918 [MainThread  ][INFO ]  Final fidelity: 0.9201091213299517
2020-06-18 06:33:32,918 [MainThread  ][INFO ]  Final parameters: [-144.70709707    0.3295743   -51.48853681  -52.74009889   93.74566978
   66.17540644   40.42052958  -34.44831247]
2020-06-18 06:33:32,919 [MainThread  ][INFO ]  Fidelity: 0.9201091213299517
2020-06-18 06:33:32,919 [MainThread  ][INFO ]  ---- Iteration 55/100
2020-06-18 06:33:32,919 [MainThread  ][DEBUG]  Setting hyperparameter tf=1.0954545454545455
2020-06-18 06:33:32,919 [MainThread  ][INFO ]  Starting optimization for tf=1.0954545454545455
2020-06-18 06:33:32,919 [MainThread  ][DEBUG]  Optimization method: Nelder-Mead
2020-06-18 06:33:32,919 [MainThread  ][DEBUG]  Optimization options: {'maxiter': 100000.0, 'maxfev': 100000.0, 'xatol': 1e-08, 'fatol': 1e-08, 'adaptive': True}
2020-06-18 06:33:32,919 [MainThread  ][INFO ]  Initial parameter values: [0, 0, 0, 0, 0, 0, 0, 0]
2020-06-18 06:41:51,472 [MainThread  ][INFO ]  Final fidelity: 0.923571754221221
2020-06-18 06:41:51,473 [MainThread  ][INFO ]  Final parameters: [-102.6970691   -31.92132449  -15.56101911   28.73192355   96.45658395
   27.97916772  -22.43693238  -11.55661335]
2020-06-18 06:41:51,473 [MainThread  ][INFO ]  Fidelity: 0.923571754221221
2020-06-18 06:41:51,473 [MainThread  ][INFO ]  ---- Iteration 56/100
2020-06-18 06:41:51,474 [MainThread  ][DEBUG]  Setting hyperparameter tf=1.1155555555555556
2020-06-18 06:41:51,474 [MainThread  ][INFO ]  Starting optimization for tf=1.1155555555555556
2020-06-18 06:41:51,474 [MainThread  ][DEBUG]  Optimization method: Nelder-Mead
2020-06-18 06:41:51,474 [MainThread  ][DEBUG]  Optimization options: {'maxiter': 100000.0, 'maxfev': 100000.0, 'xatol': 1e-08, 'fatol': 1e-08, 'adaptive': True}
2020-06-18 06:41:51,474 [MainThread  ][INFO ]  Initial parameter values: [0, 0, 0, 0, 0, 0, 0, 0]
2020-06-18 06:58:51,594 [MainThread  ][INFO ]  Final fidelity: 0.9099555285560849
2020-06-18 06:58:51,595 [MainThread  ][INFO ]  Final parameters: [-115.58274528 -122.53938696  -67.64394782   24.03710112   55.97240112
   32.11740132   89.26124094  105.95980835]
2020-06-18 06:58:51,595 [MainThread  ][INFO ]  Fidelity: 0.9099555285560849
2020-06-18 06:58:51,595 [MainThread  ][INFO ]  ---- Iteration 57/100
2020-06-18 06:58:51,595 [MainThread  ][DEBUG]  Setting hyperparameter tf=1.1356565656565658
2020-06-18 06:58:51,595 [MainThread  ][INFO ]  Starting optimization for tf=1.1356565656565658
2020-06-18 06:58:51,595 [MainThread  ][DEBUG]  Optimization method: Nelder-Mead
2020-06-18 06:58:51,595 [MainThread  ][DEBUG]  Optimization options: {'maxiter': 100000.0, 'maxfev': 100000.0, 'xatol': 1e-08, 'fatol': 1e-08, 'adaptive': True}
2020-06-18 06:58:51,595 [MainThread  ][INFO ]  Initial parameter values: [0, 0, 0, 0, 0, 0, 0, 0]
2020-06-18 08:36:37,001 [MainThread  ][INFO ]  Final fidelity: 0.9122142742264958
2020-06-18 08:36:37,002 [MainThread  ][INFO ]  Final parameters: [-114.46583084   34.71576496    5.07349353   26.18642088   64.27836922
   37.57713459  -36.4008381   -41.44800116]
2020-06-18 08:36:37,002 [MainThread  ][INFO ]  Fidelity: 0.9122142742264958
2020-06-18 08:36:37,002 [MainThread  ][INFO ]  ---- Iteration 58/100
2020-06-18 08:36:37,003 [MainThread  ][DEBUG]  Setting hyperparameter tf=1.1557575757575758
2020-06-18 08:36:37,003 [MainThread  ][INFO ]  Starting optimization for tf=1.1557575757575758
2020-06-18 08:36:37,003 [MainThread  ][DEBUG]  Optimization method: Nelder-Mead
2020-06-18 08:36:37,003 [MainThread  ][DEBUG]  Optimization options: {'maxiter': 100000.0, 'maxfev': 100000.0, 'xatol': 1e-08, 'fatol': 1e-08, 'adaptive': True}
2020-06-18 08:36:37,003 [MainThread  ][INFO ]  Initial parameter values: [0, 0, 0, 0, 0, 0, 0, 0]
2020-06-18 10:14:02,536 [MainThread  ][INFO ]  Final fidelity: 0.9201429605192502
2020-06-18 10:14:02,536 [MainThread  ][INFO ]  Final parameters: [-85.03567428 -34.15524234  -0.44286447  24.00936113  65.25683837
 -13.60983531  -8.50341051   6.18892438]
2020-06-18 10:14:02,536 [MainThread  ][INFO ]  Fidelity: 0.9201429605192502
2020-06-18 10:14:02,536 [MainThread  ][INFO ]  ---- Iteration 59/100
2020-06-18 10:14:02,537 [MainThread  ][DEBUG]  Setting hyperparameter tf=1.175858585858586
2020-06-18 10:14:02,537 [MainThread  ][INFO ]  Starting optimization for tf=1.175858585858586
2020-06-18 10:14:02,537 [MainThread  ][DEBUG]  Optimization method: Nelder-Mead
2020-06-18 10:14:02,537 [MainThread  ][DEBUG]  Optimization options: {'maxiter': 100000.0, 'maxfev': 100000.0, 'xatol': 1e-08, 'fatol': 1e-08, 'adaptive': True}
2020-06-18 10:14:02,537 [MainThread  ][INFO ]  Initial parameter values: [0, 0, 0, 0, 0, 0, 0, 0]
2020-06-18 10:29:56,361 [MainThread  ][INFO ]  Final fidelity: 0.9192789168050308
2020-06-18 10:29:56,361 [MainThread  ][INFO ]  Final parameters: [-76.40596237 -33.49254521 -10.08140576  17.05918411  58.99052365
 -21.72424647  -6.31674934  33.97658772]
2020-06-18 10:29:56,362 [MainThread  ][INFO ]  Fidelity: 0.9192789168050308
2020-06-18 10:29:56,362 [MainThread  ][INFO ]  ---- Iteration 60/100
2020-06-18 10:29:56,362 [MainThread  ][DEBUG]  Setting hyperparameter tf=1.1959595959595961
2020-06-18 10:29:56,362 [MainThread  ][INFO ]  Starting optimization for tf=1.1959595959595961
2020-06-18 10:29:56,362 [MainThread  ][DEBUG]  Optimization method: Nelder-Mead
2020-06-18 10:29:56,362 [MainThread  ][DEBUG]  Optimization options: {'maxiter': 100000.0, 'maxfev': 100000.0, 'xatol': 1e-08, 'fatol': 1e-08, 'adaptive': True}
2020-06-18 10:29:56,362 [MainThread  ][INFO ]  Initial parameter values: [0, 0, 0, 0, 0, 0, 0, 0]
2020-06-18 10:40:23,230 [MainThread  ][INFO ]  Final fidelity: 0.9264956033392028
2020-06-18 10:40:23,230 [MainThread  ][INFO ]  Final parameters: [-70.9066758  -39.60033438 -13.56730364  15.65410836  63.76574828
 -18.54849376 -12.3447164   31.93909944]
2020-06-18 10:40:23,230 [MainThread  ][INFO ]  Fidelity: 0.9264956033392028
2020-06-18 10:40:23,230 [MainThread  ][INFO ]  ---- Iteration 61/100
2020-06-18 10:40:23,231 [MainThread  ][DEBUG]  Setting hyperparameter tf=1.216060606060606
2020-06-18 10:40:23,231 [MainThread  ][INFO ]  Starting optimization for tf=1.216060606060606
2020-06-18 10:40:23,231 [MainThread  ][DEBUG]  Optimization method: Nelder-Mead
2020-06-18 10:40:23,231 [MainThread  ][DEBUG]  Optimization options: {'maxiter': 100000.0, 'maxfev': 100000.0, 'xatol': 1e-08, 'fatol': 1e-08, 'adaptive': True}
2020-06-18 10:40:23,231 [MainThread  ][INFO ]  Initial parameter values: [0, 0, 0, 0, 0, 0, 0, 0]
2020-06-18 10:47:08,587 [MainThread  ][INFO ]  Final fidelity: 0.9217337359319768
2020-06-18 10:47:08,588 [MainThread  ][INFO ]  Final parameters: [-74.52977911 -17.52210877  -1.83495387  38.97509421  52.37764576
   1.90796578 -16.57978685   2.28802282]
2020-06-18 10:47:08,588 [MainThread  ][INFO ]  Fidelity: 0.9217337359319768
2020-06-18 10:47:08,588 [MainThread  ][INFO ]  ---- Iteration 62/100
2020-06-18 10:47:08,588 [MainThread  ][DEBUG]  Setting hyperparameter tf=1.2361616161616162
2020-06-18 10:47:08,588 [MainThread  ][INFO ]  Starting optimization for tf=1.2361616161616162
2020-06-18 10:47:08,588 [MainThread  ][DEBUG]  Optimization method: Nelder-Mead
2020-06-18 10:47:08,589 [MainThread  ][DEBUG]  Optimization options: {'maxiter': 100000.0, 'maxfev': 100000.0, 'xatol': 1e-08, 'fatol': 1e-08, 'adaptive': True}
2020-06-18 10:47:08,589 [MainThread  ][INFO ]  Initial parameter values: [0, 0, 0, 0, 0, 0, 0, 0]
2020-06-18 10:54:55,150 [MainThread  ][INFO ]  Final fidelity: 0.9302252633909401
2020-06-18 10:54:55,150 [MainThread  ][INFO ]  Final parameters: [-76.73186337 -12.8308647  -24.50428199 -27.09478379  59.33003221
 -22.31013615  17.41712184  22.80557392]
2020-06-18 10:54:55,150 [MainThread  ][INFO ]  Fidelity: 0.9302252633909401
2020-06-18 10:54:55,150 [MainThread  ][INFO ]  ---- Iteration 63/100
2020-06-18 10:54:55,151 [MainThread  ][DEBUG]  Setting hyperparameter tf=1.2562626262626264
2020-06-18 10:54:55,151 [MainThread  ][INFO ]  Starting optimization for tf=1.2562626262626264
2020-06-18 10:54:55,151 [MainThread  ][DEBUG]  Optimization method: Nelder-Mead
2020-06-18 10:54:55,151 [MainThread  ][DEBUG]  Optimization options: {'maxiter': 100000.0, 'maxfev': 100000.0, 'xatol': 1e-08, 'fatol': 1e-08, 'adaptive': True}
2020-06-18 10:54:55,151 [MainThread  ][INFO ]  Initial parameter values: [0, 0, 0, 0, 0, 0, 0, 0]
2020-06-18 11:08:19,558 [MainThread  ][INFO ]  Final fidelity: 0.9466595348068796
2020-06-18 11:08:19,559 [MainThread  ][INFO ]  Final parameters: [-69.37996054 -13.87488114  27.05244358  16.82859762  78.12640478
  -1.90999098 -11.05296115  -6.97601529]
2020-06-18 11:08:19,559 [MainThread  ][INFO ]  Fidelity: 0.9466595348068796
2020-06-18 11:08:19,559 [MainThread  ][INFO ]  ---- Iteration 64/100
2020-06-18 11:08:19,559 [MainThread  ][DEBUG]  Setting hyperparameter tf=1.2763636363636364
2020-06-18 11:08:19,559 [MainThread  ][INFO ]  Starting optimization for tf=1.2763636363636364
2020-06-18 11:08:19,559 [MainThread  ][DEBUG]  Optimization method: Nelder-Mead
2020-06-18 11:08:19,559 [MainThread  ][DEBUG]  Optimization options: {'maxiter': 100000.0, 'maxfev': 100000.0, 'xatol': 1e-08, 'fatol': 1e-08, 'adaptive': True}
2020-06-18 11:08:19,559 [MainThread  ][INFO ]  Initial parameter values: [0, 0, 0, 0, 0, 0, 0, 0]
2020-06-18 11:18:58,175 [MainThread  ][INFO ]  Final fidelity: 0.9538749952994456
2020-06-18 11:18:58,176 [MainThread  ][INFO ]  Final parameters: [-70.56918602 -18.93257379  15.30247823  10.40838918  79.84349726
  -4.69574499 -10.34260443   0.73750831]
2020-06-18 11:18:58,176 [MainThread  ][INFO ]  Fidelity: 0.9538749952994456
2020-06-18 11:18:58,176 [MainThread  ][INFO ]  ---- Iteration 65/100
2020-06-18 11:18:58,176 [MainThread  ][DEBUG]  Setting hyperparameter tf=1.2964646464646465
2020-06-18 11:18:58,176 [MainThread  ][INFO ]  Starting optimization for tf=1.2964646464646465
2020-06-18 11:18:58,176 [MainThread  ][DEBUG]  Optimization method: Nelder-Mead
2020-06-18 11:18:58,176 [MainThread  ][DEBUG]  Optimization options: {'maxiter': 100000.0, 'maxfev': 100000.0, 'xatol': 1e-08, 'fatol': 1e-08, 'adaptive': True}
2020-06-18 11:18:58,176 [MainThread  ][INFO ]  Initial parameter values: [0, 0, 0, 0, 0, 0, 0, 0]
2020-06-18 11:27:31,392 [MainThread  ][INFO ]  Final fidelity: 0.9604940984754324
2020-06-18 11:27:31,392 [MainThread  ][INFO ]  Final parameters: [-69.39594938 -17.8905792   -3.61221665   3.17776664  81.89098961
  10.57918367 -24.36973535 -13.27032297]
2020-06-18 11:27:31,392 [MainThread  ][INFO ]  Fidelity: 0.9604940984754324
2020-06-18 11:27:31,392 [MainThread  ][INFO ]  ---- Iteration 66/100
2020-06-18 11:27:31,393 [MainThread  ][DEBUG]  Setting hyperparameter tf=1.3165656565656567
2020-06-18 11:27:31,393 [MainThread  ][INFO ]  Starting optimization for tf=1.3165656565656567
2020-06-18 11:27:31,393 [MainThread  ][DEBUG]  Optimization method: Nelder-Mead
2020-06-18 11:27:31,393 [MainThread  ][DEBUG]  Optimization options: {'maxiter': 100000.0, 'maxfev': 100000.0, 'xatol': 1e-08, 'fatol': 1e-08, 'adaptive': True}
2020-06-18 11:27:31,393 [MainThread  ][INFO ]  Initial parameter values: [0, 0, 0, 0, 0, 0, 0, 0]
2020-06-18 11:36:56,760 [MainThread  ][INFO ]  Final fidelity: 0.9685312019924005
2020-06-18 11:36:56,761 [MainThread  ][INFO ]  Final parameters: [-81.04745833 -36.76585149   8.10681529  -6.32874309  84.71766143
  49.49552195 -19.65557147  -4.96185836]
2020-06-18 11:36:56,761 [MainThread  ][INFO ]  Fidelity: 0.9685312019924005
2020-06-18 11:36:56,761 [MainThread  ][INFO ]  ---- Iteration 67/100
2020-06-18 11:36:56,761 [MainThread  ][DEBUG]  Setting hyperparameter tf=1.3366666666666667
2020-06-18 11:36:56,761 [MainThread  ][INFO ]  Starting optimization for tf=1.3366666666666667
2020-06-18 11:36:56,761 [MainThread  ][DEBUG]  Optimization method: Nelder-Mead
2020-06-18 11:36:56,761 [MainThread  ][DEBUG]  Optimization options: {'maxiter': 100000.0, 'maxfev': 100000.0, 'xatol': 1e-08, 'fatol': 1e-08, 'adaptive': True}
2020-06-18 11:36:56,761 [MainThread  ][INFO ]  Initial parameter values: [0, 0, 0, 0, 0, 0, 0, 0]
2020-06-18 11:49:36,423 [MainThread  ][INFO ]  Final fidelity: 0.9452417801546724
2020-06-18 11:49:36,424 [MainThread  ][INFO ]  Final parameters: [-71.68456997  -9.12933529  14.19100675 -29.25020861  55.2828921
  20.46795051  -3.1811316   10.701831  ]
2020-06-18 11:49:36,424 [MainThread  ][INFO ]  Fidelity: 0.9452417801546724
2020-06-18 11:49:36,424 [MainThread  ][INFO ]  ---- Iteration 68/100
2020-06-18 11:49:36,424 [MainThread  ][DEBUG]  Setting hyperparameter tf=1.3567676767676768
2020-06-18 11:49:36,425 [MainThread  ][INFO ]  Starting optimization for tf=1.3567676767676768
2020-06-18 11:49:36,425 [MainThread  ][DEBUG]  Optimization method: Nelder-Mead
2020-06-18 11:49:36,425 [MainThread  ][DEBUG]  Optimization options: {'maxiter': 100000.0, 'maxfev': 100000.0, 'xatol': 1e-08, 'fatol': 1e-08, 'adaptive': True}
2020-06-18 11:49:36,425 [MainThread  ][INFO ]  Initial parameter values: [0, 0, 0, 0, 0, 0, 0, 0]
2020-06-18 11:56:56,782 [MainThread  ][INFO ]  Final fidelity: 0.9563382850019846
2020-06-18 11:56:56,783 [MainThread  ][INFO ]  Final parameters: [-64.89339875   4.98076788  -5.32486336 -26.92404335  63.55703138
   6.72704062   7.56636028   5.19581353]
2020-06-18 11:56:56,783 [MainThread  ][INFO ]  Fidelity: 0.9563382850019846
2020-06-18 11:56:56,783 [MainThread  ][INFO ]  ---- Iteration 69/100
2020-06-18 11:56:56,784 [MainThread  ][DEBUG]  Setting hyperparameter tf=1.376868686868687
2020-06-18 11:56:56,784 [MainThread  ][INFO ]  Starting optimization for tf=1.376868686868687
2020-06-18 11:56:56,784 [MainThread  ][DEBUG]  Optimization method: Nelder-Mead
2020-06-18 11:56:56,784 [MainThread  ][DEBUG]  Optimization options: {'maxiter': 100000.0, 'maxfev': 100000.0, 'xatol': 1e-08, 'fatol': 1e-08, 'adaptive': True}
2020-06-18 11:56:56,784 [MainThread  ][INFO ]  Initial parameter values: [0, 0, 0, 0, 0, 0, 0, 0]
2020-06-18 12:12:11,257 [MainThread  ][INFO ]  Final fidelity: 0.965591251090266
2020-06-18 12:12:11,258 [MainThread  ][INFO ]  Final parameters: [-59.38538673 -14.15145029 -28.2023819   -5.1690486   66.2546558
  16.00904198 -18.48761573 -20.0002171 ]
2020-06-18 12:12:11,258 [MainThread  ][INFO ]  Fidelity: 0.965591251090266
2020-06-18 12:12:11,258 [MainThread  ][INFO ]  ---- Iteration 70/100
2020-06-18 12:12:11,258 [MainThread  ][DEBUG]  Setting hyperparameter tf=1.396969696969697
2020-06-18 12:12:11,259 [MainThread  ][INFO ]  Starting optimization for tf=1.396969696969697
2020-06-18 12:12:11,259 [MainThread  ][DEBUG]  Optimization method: Nelder-Mead
2020-06-18 12:12:11,259 [MainThread  ][DEBUG]  Optimization options: {'maxiter': 100000.0, 'maxfev': 100000.0, 'xatol': 1e-08, 'fatol': 1e-08, 'adaptive': True}
2020-06-18 12:12:11,259 [MainThread  ][INFO ]  Initial parameter values: [0, 0, 0, 0, 0, 0, 0, 0]
2020-06-18 12:23:39,972 [MainThread  ][INFO ]  Final fidelity: 0.9393368623760507
2020-06-18 12:23:39,973 [MainThread  ][INFO ]  Final parameters: [-60.31864094  12.91754275 -10.81763013  -8.77611288  42.0156929
   8.95661713  15.76132106  -6.44413608]
2020-06-18 12:23:39,974 [MainThread  ][INFO ]  Fidelity: 0.9393368623760507
2020-06-18 12:23:39,974 [MainThread  ][INFO ]  ---- Iteration 71/100
2020-06-18 12:23:39,974 [MainThread  ][DEBUG]  Setting hyperparameter tf=1.4170707070707071
2020-06-18 12:23:39,974 [MainThread  ][INFO ]  Starting optimization for tf=1.4170707070707071
2020-06-18 12:23:39,974 [MainThread  ][DEBUG]  Optimization method: Nelder-Mead
2020-06-18 12:23:39,974 [MainThread  ][DEBUG]  Optimization options: {'maxiter': 100000.0, 'maxfev': 100000.0, 'xatol': 1e-08, 'fatol': 1e-08, 'adaptive': True}
2020-06-18 12:23:39,974 [MainThread  ][INFO ]  Initial parameter values: [0, 0, 0, 0, 0, 0, 0, 0]
2020-06-18 12:35:46,654 [MainThread  ][INFO ]  Final fidelity: 0.9555364354690935
2020-06-18 12:35:46,654 [MainThread  ][INFO ]  Final parameters: [-54.13773247  18.69864384  32.91450607  25.32541579  53.33180176
   2.60305139 -20.71827665 -21.37823479]
2020-06-18 12:35:46,654 [MainThread  ][INFO ]  Fidelity: 0.9555364354690935
2020-06-18 12:35:46,655 [MainThread  ][INFO ]  ---- Iteration 72/100
2020-06-18 12:35:46,655 [MainThread  ][DEBUG]  Setting hyperparameter tf=1.4371717171717173
2020-06-18 12:35:46,655 [MainThread  ][INFO ]  Starting optimization for tf=1.4371717171717173
2020-06-18 12:35:46,655 [MainThread  ][DEBUG]  Optimization method: Nelder-Mead
2020-06-18 12:35:46,655 [MainThread  ][DEBUG]  Optimization options: {'maxiter': 100000.0, 'maxfev': 100000.0, 'xatol': 1e-08, 'fatol': 1e-08, 'adaptive': True}
2020-06-18 12:35:46,655 [MainThread  ][INFO ]  Initial parameter values: [0, 0, 0, 0, 0, 0, 0, 0]
2020-06-18 12:46:07,443 [MainThread  ][INFO ]  Final fidelity: 0.9657036832371594
2020-06-18 12:46:07,443 [MainThread  ][INFO ]  Final parameters: [-56.67267185 -15.46289088   5.07025047  16.47562974  56.28927482
  18.83576662 -10.0192673   17.67797277]
2020-06-18 12:46:07,444 [MainThread  ][INFO ]  Fidelity: 0.9657036832371594
2020-06-18 12:46:07,444 [MainThread  ][INFO ]  ---- Iteration 73/100
2020-06-18 12:46:07,444 [MainThread  ][DEBUG]  Setting hyperparameter tf=1.4572727272727273
2020-06-18 12:46:07,444 [MainThread  ][INFO ]  Starting optimization for tf=1.4572727272727273
2020-06-18 12:46:07,444 [MainThread  ][DEBUG]  Optimization method: Nelder-Mead
2020-06-18 12:46:07,444 [MainThread  ][DEBUG]  Optimization options: {'maxiter': 100000.0, 'maxfev': 100000.0, 'xatol': 1e-08, 'fatol': 1e-08, 'adaptive': True}
2020-06-18 12:46:07,444 [MainThread  ][INFO ]  Initial parameter values: [0, 0, 0, 0, 0, 0, 0, 0]
2020-06-18 13:08:08,021 [MainThread  ][INFO ]  Final fidelity: 0.9647330380882868
2020-06-18 13:08:08,022 [MainThread  ][INFO ]  Final parameters: [-55.51485701 -24.38500064 -12.25781343  -7.239492    51.79894536
  15.62210545  37.51604047  44.55852775]
2020-06-18 13:08:08,022 [MainThread  ][INFO ]  Fidelity: 0.9647330380882868
2020-06-18 13:08:08,022 [MainThread  ][INFO ]  ---- Iteration 74/100
2020-06-18 13:08:08,022 [MainThread  ][DEBUG]  Setting hyperparameter tf=1.4773737373737375
2020-06-18 13:08:08,022 [MainThread  ][INFO ]  Starting optimization for tf=1.4773737373737375
2020-06-18 13:08:08,022 [MainThread  ][DEBUG]  Optimization method: Nelder-Mead
2020-06-18 13:08:08,022 [MainThread  ][DEBUG]  Optimization options: {'maxiter': 100000.0, 'maxfev': 100000.0, 'xatol': 1e-08, 'fatol': 1e-08, 'adaptive': True}
2020-06-18 13:08:08,022 [MainThread  ][INFO ]  Initial parameter values: [0, 0, 0, 0, 0, 0, 0, 0]
2020-06-18 13:19:23,451 [MainThread  ][INFO ]  Final fidelity: 0.9633498731158028
2020-06-18 13:19:23,451 [MainThread  ][INFO ]  Final parameters: [-59.27367204  -2.27908634   3.27342737  35.94642313  49.21151333
  48.60857858  -6.47961854  -4.41246605]
2020-06-18 13:19:23,452 [MainThread  ][INFO ]  Fidelity: 0.9633498731158028
2020-06-18 13:19:23,452 [MainThread  ][INFO ]  ---- Iteration 75/100
2020-06-18 13:19:23,452 [MainThread  ][DEBUG]  Setting hyperparameter tf=1.4974747474747476
2020-06-18 13:19:23,452 [MainThread  ][INFO ]  Starting optimization for tf=1.4974747474747476
2020-06-18 13:19:23,452 [MainThread  ][DEBUG]  Optimization method: Nelder-Mead
2020-06-18 13:19:23,452 [MainThread  ][DEBUG]  Optimization options: {'maxiter': 100000.0, 'maxfev': 100000.0, 'xatol': 1e-08, 'fatol': 1e-08, 'adaptive': True}
2020-06-18 13:19:23,452 [MainThread  ][INFO ]  Initial parameter values: [0, 0, 0, 0, 0, 0, 0, 0]
2020-06-18 13:31:27,880 [MainThread  ][INFO ]  Final fidelity: 0.9625787337613187
2020-06-18 13:31:27,881 [MainThread  ][INFO ]  Final parameters: [-38.71733123 -12.4793487    0.15300244   2.60167064  44.38790689
 -21.96591324  -5.34363209   7.68794697]
2020-06-18 13:31:27,881 [MainThread  ][INFO ]  Fidelity: 0.9625787337613187
2020-06-18 13:31:27,881 [MainThread  ][INFO ]  ---- Iteration 76/100
2020-06-18 13:31:27,881 [MainThread  ][DEBUG]  Setting hyperparameter tf=1.5175757575757576
2020-06-18 13:31:27,881 [MainThread  ][INFO ]  Starting optimization for tf=1.5175757575757576
2020-06-18 13:31:27,881 [MainThread  ][DEBUG]  Optimization method: Nelder-Mead
2020-06-18 13:31:27,881 [MainThread  ][DEBUG]  Optimization options: {'maxiter': 100000.0, 'maxfev': 100000.0, 'xatol': 1e-08, 'fatol': 1e-08, 'adaptive': True}
2020-06-18 13:31:27,881 [MainThread  ][INFO ]  Initial parameter values: [0, 0, 0, 0, 0, 0, 0, 0]
2020-06-18 13:47:03,159 [MainThread  ][INFO ]  Final fidelity: 0.9600261757602779
2020-06-18 13:47:03,160 [MainThread  ][INFO ]  Final parameters: [-39.35934165   9.22184099   9.62036996  -4.09324047  42.37169908
 -19.63226017   0.36759161  13.70443781]
2020-06-18 13:47:03,160 [MainThread  ][INFO ]  Fidelity: 0.9600261757602779
2020-06-18 13:47:03,160 [MainThread  ][INFO ]  ---- Iteration 77/100
2020-06-18 13:47:03,160 [MainThread  ][DEBUG]  Setting hyperparameter tf=1.5376767676767678
2020-06-18 13:47:03,160 [MainThread  ][INFO ]  Starting optimization for tf=1.5376767676767678
2020-06-18 13:47:03,160 [MainThread  ][DEBUG]  Optimization method: Nelder-Mead
2020-06-18 13:47:03,160 [MainThread  ][DEBUG]  Optimization options: {'maxiter': 100000.0, 'maxfev': 100000.0, 'xatol': 1e-08, 'fatol': 1e-08, 'adaptive': True}
2020-06-18 13:47:03,160 [MainThread  ][INFO ]  Initial parameter values: [0, 0, 0, 0, 0, 0, 0, 0]
2020-06-18 14:11:31,334 [MainThread  ][INFO ]  Final fidelity: 0.9624139434600577
2020-06-18 14:11:31,335 [MainThread  ][INFO ]  Final parameters: [-4.00036313e+01  6.04547595e-01  3.71801316e-02 -1.07196024e+01
  4.07486412e+01 -1.14103284e+01  7.34291460e+00  2.26930710e+01]
2020-06-18 14:11:31,335 [MainThread  ][INFO ]  Fidelity: 0.9624139434600577
2020-06-18 14:11:31,335 [MainThread  ][INFO ]  ---- Iteration 78/100
2020-06-18 14:11:31,335 [MainThread  ][DEBUG]  Setting hyperparameter tf=1.557777777777778
2020-06-18 14:11:31,335 [MainThread  ][INFO ]  Starting optimization for tf=1.557777777777778
2020-06-18 14:11:31,335 [MainThread  ][DEBUG]  Optimization method: Nelder-Mead
2020-06-18 14:11:31,335 [MainThread  ][DEBUG]  Optimization options: {'maxiter': 100000.0, 'maxfev': 100000.0, 'xatol': 1e-08, 'fatol': 1e-08, 'adaptive': True}
2020-06-18 14:11:31,335 [MainThread  ][INFO ]  Initial parameter values: [0, 0, 0, 0, 0, 0, 0, 0]
2020-06-18 14:22:27,663 [MainThread  ][INFO ]  Final fidelity: 0.9731197226474502
2020-06-18 14:22:27,663 [MainThread  ][INFO ]  Final parameters: [-39.81453189  -5.29234875  32.12856673   6.86510965  44.95045273
  17.6855146  -21.97585292 -40.03957482]
2020-06-18 14:22:27,663 [MainThread  ][INFO ]  Fidelity: 0.9731197226474502
2020-06-18 14:22:27,663 [MainThread  ][INFO ]  ---- Iteration 79/100
2020-06-18 14:22:27,664 [MainThread  ][DEBUG]  Setting hyperparameter tf=1.5778787878787879
2020-06-18 14:22:27,664 [MainThread  ][INFO ]  Starting optimization for tf=1.5778787878787879
2020-06-18 14:22:27,664 [MainThread  ][DEBUG]  Optimization method: Nelder-Mead
2020-06-18 14:22:27,664 [MainThread  ][DEBUG]  Optimization options: {'maxiter': 100000.0, 'maxfev': 100000.0, 'xatol': 1e-08, 'fatol': 1e-08, 'adaptive': True}
2020-06-18 14:22:27,664 [MainThread  ][INFO ]  Initial parameter values: [0, 0, 0, 0, 0, 0, 0, 0]
2020-06-18 14:40:43,583 [MainThread  ][INFO ]  Final fidelity: 0.9704582881397805
2020-06-18 14:40:43,584 [MainThread  ][INFO ]  Final parameters: [-37.65521936   0.91200629  -0.74827249  10.63884367  40.39199391
  13.07889504  -8.97888195 -23.96640594]
2020-06-18 14:40:43,584 [MainThread  ][INFO ]  Fidelity: 0.9704582881397805
2020-06-18 14:40:43,584 [MainThread  ][INFO ]  ---- Iteration 80/100
2020-06-18 14:40:43,584 [MainThread  ][DEBUG]  Setting hyperparameter tf=1.597979797979798
2020-06-18 14:40:43,584 [MainThread  ][INFO ]  Starting optimization for tf=1.597979797979798
2020-06-18 14:40:43,584 [MainThread  ][DEBUG]  Optimization method: Nelder-Mead
2020-06-18 14:40:43,584 [MainThread  ][DEBUG]  Optimization options: {'maxiter': 100000.0, 'maxfev': 100000.0, 'xatol': 1e-08, 'fatol': 1e-08, 'adaptive': True}
2020-06-18 14:40:43,584 [MainThread  ][INFO ]  Initial parameter values: [0, 0, 0, 0, 0, 0, 0, 0]
2020-06-18 14:53:46,739 [MainThread  ][INFO ]  Final fidelity: 0.9698429211809259
2020-06-18 14:53:46,741 [MainThread  ][INFO ]  Final parameters: [-32.02710846   5.12212364  -0.37020228  -8.39212771  39.17627772
 -16.96286812  -1.5339061   10.34078906]
2020-06-18 14:53:46,741 [MainThread  ][INFO ]  Fidelity: 0.9698429211809259
2020-06-18 14:53:46,741 [MainThread  ][INFO ]  ---- Iteration 81/100
2020-06-18 14:53:46,741 [MainThread  ][DEBUG]  Setting hyperparameter tf=1.6180808080808082
2020-06-18 14:53:46,741 [MainThread  ][INFO ]  Starting optimization for tf=1.6180808080808082
2020-06-18 14:53:46,741 [MainThread  ][DEBUG]  Optimization method: Nelder-Mead
2020-06-18 14:53:46,741 [MainThread  ][DEBUG]  Optimization options: {'maxiter': 100000.0, 'maxfev': 100000.0, 'xatol': 1e-08, 'fatol': 1e-08, 'adaptive': True}
2020-06-18 14:53:46,741 [MainThread  ][INFO ]  Initial parameter values: [0, 0, 0, 0, 0, 0, 0, 0]
2020-06-18 15:08:55,864 [MainThread  ][INFO ]  Final fidelity: 0.9728426832429702
2020-06-18 15:08:55,864 [MainThread  ][INFO ]  Final parameters: [-27.95061978   2.05273344   3.26285372  -3.84625626  38.39761357
 -15.17744621 -16.23978623  11.24456769]
2020-06-18 15:08:55,864 [MainThread  ][INFO ]  Fidelity: 0.9728426832429702
2020-06-18 15:08:55,865 [MainThread  ][INFO ]  ---- Iteration 82/100
2020-06-18 15:08:55,865 [MainThread  ][DEBUG]  Setting hyperparameter tf=1.6381818181818182
2020-06-18 15:08:55,865 [MainThread  ][INFO ]  Starting optimization for tf=1.6381818181818182
2020-06-18 15:08:55,865 [MainThread  ][DEBUG]  Optimization method: Nelder-Mead
2020-06-18 15:08:55,865 [MainThread  ][DEBUG]  Optimization options: {'maxiter': 100000.0, 'maxfev': 100000.0, 'xatol': 1e-08, 'fatol': 1e-08, 'adaptive': True}
2020-06-18 15:08:55,865 [MainThread  ][INFO ]  Initial parameter values: [0, 0, 0, 0, 0, 0, 0, 0]
2020-06-18 15:27:09,967 [MainThread  ][INFO ]  Final fidelity: 0.9912417036934407
2020-06-18 15:27:09,968 [MainThread  ][INFO ]  Final parameters: [-35.16417932  -5.81988056  11.43767626  -9.16021125  51.59828874
  17.19573007 -21.42004913 -21.26724714]
2020-06-18 15:27:09,968 [MainThread  ][INFO ]  Fidelity: 0.9912417036934407
2020-06-18 15:27:09,968 [MainThread  ][INFO ]  ---- Iteration 83/100
2020-06-18 15:27:09,968 [MainThread  ][DEBUG]  Setting hyperparameter tf=1.6582828282828284
2020-06-18 15:27:09,968 [MainThread  ][INFO ]  Starting optimization for tf=1.6582828282828284
2020-06-18 15:27:09,968 [MainThread  ][DEBUG]  Optimization method: Nelder-Mead
2020-06-18 15:27:09,968 [MainThread  ][DEBUG]  Optimization options: {'maxiter': 100000.0, 'maxfev': 100000.0, 'xatol': 1e-08, 'fatol': 1e-08, 'adaptive': True}
2020-06-18 15:27:09,968 [MainThread  ][INFO ]  Initial parameter values: [0, 0, 0, 0, 0, 0, 0, 0]
2020-06-18 15:34:05,383 [MainThread  ][INFO ]  Final fidelity: 0.9756280493750411
2020-06-18 15:34:05,384 [MainThread  ][INFO ]  Final parameters: [-29.87076376   1.60047988   7.72093281  -8.24074486  36.31392027
  -3.679263    -6.97267623  -4.04802595]
2020-06-18 15:34:05,384 [MainThread  ][INFO ]  Fidelity: 0.9756280493750411
2020-06-18 15:34:05,384 [MainThread  ][INFO ]  ---- Iteration 84/100
2020-06-18 15:34:05,384 [MainThread  ][DEBUG]  Setting hyperparameter tf=1.6783838383838385
2020-06-18 15:34:05,384 [MainThread  ][INFO ]  Starting optimization for tf=1.6783838383838385
2020-06-18 15:34:05,384 [MainThread  ][DEBUG]  Optimization method: Nelder-Mead
2020-06-18 15:34:05,384 [MainThread  ][DEBUG]  Optimization options: {'maxiter': 100000.0, 'maxfev': 100000.0, 'xatol': 1e-08, 'fatol': 1e-08, 'adaptive': True}
2020-06-18 15:34:05,384 [MainThread  ][INFO ]  Initial parameter values: [0, 0, 0, 0, 0, 0, 0, 0]
2020-06-18 17:17:52,335 [MainThread  ][INFO ]  Final fidelity: 0.9806034647721193
2020-06-18 17:17:52,336 [MainThread  ][INFO ]  Final parameters: [-27.35824796   4.56306203   0.07401809  -4.55030338  38.46318439
 -11.97107234  -4.12257852   3.90760878]
2020-06-18 17:17:52,337 [MainThread  ][INFO ]  Fidelity: 0.9806034647721193
2020-06-18 17:17:52,337 [MainThread  ][INFO ]  ---- Iteration 85/100
2020-06-18 17:17:52,337 [MainThread  ][DEBUG]  Setting hyperparameter tf=1.6984848484848485
2020-06-18 17:17:52,337 [MainThread  ][INFO ]  Starting optimization for tf=1.6984848484848485
2020-06-18 17:17:52,337 [MainThread  ][DEBUG]  Optimization method: Nelder-Mead
2020-06-18 17:17:52,337 [MainThread  ][DEBUG]  Optimization options: {'maxiter': 100000.0, 'maxfev': 100000.0, 'xatol': 1e-08, 'fatol': 1e-08, 'adaptive': True}
2020-06-18 17:17:52,337 [MainThread  ][INFO ]  Initial parameter values: [0, 0, 0, 0, 0, 0, 0, 0]
2020-06-18 19:01:49,818 [MainThread  ][INFO ]  Final fidelity: 0.9845828785550191
2020-06-18 19:01:49,819 [MainThread  ][INFO ]  Final parameters: [-25.99838195   6.8016275   -0.87174767  -8.30808888  39.67392473
 -11.08437318  -7.87519257   2.61716975]
2020-06-18 19:01:49,819 [MainThread  ][INFO ]  Fidelity: 0.9845828785550191
2020-06-18 19:01:49,819 [MainThread  ][INFO ]  ---- Iteration 86/100
2020-06-18 19:01:49,819 [MainThread  ][DEBUG]  Setting hyperparameter tf=1.7185858585858587
2020-06-18 19:01:49,819 [MainThread  ][INFO ]  Starting optimization for tf=1.7185858585858587
2020-06-18 19:01:49,819 [MainThread  ][DEBUG]  Optimization method: Nelder-Mead
2020-06-18 19:01:49,819 [MainThread  ][DEBUG]  Optimization options: {'maxiter': 100000.0, 'maxfev': 100000.0, 'xatol': 1e-08, 'fatol': 1e-08, 'adaptive': True}
2020-06-18 19:01:49,819 [MainThread  ][INFO ]  Initial parameter values: [0, 0, 0, 0, 0, 0, 0, 0]
2020-06-18 19:13:44,873 [MainThread  ][INFO ]  Final fidelity: 0.9782541863350513
2020-06-18 19:13:44,874 [MainThread  ][INFO ]  Final parameters: [-27.81990622   2.17616523  17.15813387  -0.509425    32.53288894
  10.0838962   -9.11256764 -25.11786068]
2020-06-18 19:13:44,874 [MainThread  ][INFO ]  Fidelity: 0.9782541863350513
2020-06-18 19:13:44,874 [MainThread  ][INFO ]  ---- Iteration 87/100
2020-06-18 19:13:44,874 [MainThread  ][DEBUG]  Setting hyperparameter tf=1.7386868686868688
2020-06-18 19:13:44,874 [MainThread  ][INFO ]  Starting optimization for tf=1.7386868686868688
2020-06-18 19:13:44,874 [MainThread  ][DEBUG]  Optimization method: Nelder-Mead
2020-06-18 19:13:44,874 [MainThread  ][DEBUG]  Optimization options: {'maxiter': 100000.0, 'maxfev': 100000.0, 'xatol': 1e-08, 'fatol': 1e-08, 'adaptive': True}
2020-06-18 19:13:44,874 [MainThread  ][INFO ]  Initial parameter values: [0, 0, 0, 0, 0, 0, 0, 0]
2020-06-18 20:58:31,705 [MainThread  ][INFO ]  Final fidelity: 0.9843720239828769
2020-06-18 20:58:31,706 [MainThread  ][INFO ]  Final parameters: [-27.86538086  18.84289272   2.31077492 -12.11485819  37.54244408
   2.3509984   -0.42572794  -4.76273337]
2020-06-18 20:58:31,706 [MainThread  ][INFO ]  Fidelity: 0.9843720239828769
2020-06-18 20:58:31,706 [MainThread  ][INFO ]  ---- Iteration 88/100
2020-06-18 20:58:31,707 [MainThread  ][DEBUG]  Setting hyperparameter tf=1.7587878787878788
2020-06-18 20:58:31,707 [MainThread  ][INFO ]  Starting optimization for tf=1.7587878787878788
2020-06-18 20:58:31,707 [MainThread  ][DEBUG]  Optimization method: Nelder-Mead
2020-06-18 20:58:31,707 [MainThread  ][DEBUG]  Optimization options: {'maxiter': 100000.0, 'maxfev': 100000.0, 'xatol': 1e-08, 'fatol': 1e-08, 'adaptive': True}
2020-06-18 20:58:31,707 [MainThread  ][INFO ]  Initial parameter values: [0, 0, 0, 0, 0, 0, 0, 0]
2020-06-18 21:07:03,290 [MainThread  ][INFO ]  Final fidelity: 0.9722110192413146
2020-06-18 21:07:03,291 [MainThread  ][INFO ]  Final parameters: [-22.53345236  -3.54826104  -3.91534286  -5.09949278  25.33812474
  -5.95052153  -7.60847168  20.53483191]
2020-06-18 21:07:03,291 [MainThread  ][INFO ]  Fidelity: 0.9722110192413146
2020-06-18 21:07:03,292 [MainThread  ][INFO ]  ---- Iteration 89/100
2020-06-18 21:07:03,292 [MainThread  ][DEBUG]  Setting hyperparameter tf=1.778888888888889
2020-06-18 21:07:03,292 [MainThread  ][INFO ]  Starting optimization for tf=1.778888888888889
2020-06-18 21:07:03,292 [MainThread  ][DEBUG]  Optimization method: Nelder-Mead
2020-06-18 21:07:03,292 [MainThread  ][DEBUG]  Optimization options: {'maxiter': 100000.0, 'maxfev': 100000.0, 'xatol': 1e-08, 'fatol': 1e-08, 'adaptive': True}
2020-06-18 21:07:03,292 [MainThread  ][INFO ]  Initial parameter values: [0, 0, 0, 0, 0, 0, 0, 0]
2020-06-18 21:13:53,029 [MainThread  ][INFO ]  Final fidelity: 0.9745230482374697
2020-06-18 21:13:53,031 [MainThread  ][INFO ]  Final parameters: [-20.69991789  -3.19175526  -6.50896524  -7.54681263  25.3681034
 -12.89555496  -3.081115    19.73449213]
2020-06-18 21:13:53,031 [MainThread  ][INFO ]  Fidelity: 0.9745230482374697
2020-06-18 21:13:53,031 [MainThread  ][INFO ]  ---- Iteration 90/100
2020-06-18 21:13:53,031 [MainThread  ][DEBUG]  Setting hyperparameter tf=1.7989898989898991
2020-06-18 21:13:53,031 [MainThread  ][INFO ]  Starting optimization for tf=1.7989898989898991
2020-06-18 21:13:53,031 [MainThread  ][DEBUG]  Optimization method: Nelder-Mead
2020-06-18 21:13:53,031 [MainThread  ][DEBUG]  Optimization options: {'maxiter': 100000.0, 'maxfev': 100000.0, 'xatol': 1e-08, 'fatol': 1e-08, 'adaptive': True}
2020-06-18 21:13:53,031 [MainThread  ][INFO ]  Initial parameter values: [0, 0, 0, 0, 0, 0, 0, 0]
2020-06-18 21:25:34,588 [MainThread  ][INFO ]  Final fidelity: 0.9897055018220176
2020-06-18 21:25:34,589 [MainThread  ][INFO ]  Final parameters: [-21.9126845    2.24921724  -4.37044929  -9.15293587  34.39248315
  -7.60583244  -0.67582347   9.04657603]
2020-06-18 21:25:34,589 [MainThread  ][INFO ]  Fidelity: 0.9897055018220176
2020-06-18 21:25:34,590 [MainThread  ][INFO ]  ---- Iteration 91/100
2020-06-18 21:25:34,590 [MainThread  ][DEBUG]  Setting hyperparameter tf=1.819090909090909
2020-06-18 21:25:34,590 [MainThread  ][INFO ]  Starting optimization for tf=1.819090909090909
2020-06-18 21:25:34,590 [MainThread  ][DEBUG]  Optimization method: Nelder-Mead
2020-06-18 21:25:34,590 [MainThread  ][DEBUG]  Optimization options: {'maxiter': 100000.0, 'maxfev': 100000.0, 'xatol': 1e-08, 'fatol': 1e-08, 'adaptive': True}
2020-06-18 21:25:34,590 [MainThread  ][INFO ]  Initial parameter values: [0, 0, 0, 0, 0, 0, 0, 0]
2020-06-18 21:38:24,614 [MainThread  ][INFO ]  Final fidelity: 0.9989868128361207
2020-06-18 21:38:24,615 [MainThread  ][INFO ]  Final parameters: [-25.0253308   -3.21715925   6.93795386   1.34970663  44.89083768
  15.78743339 -17.26282338 -24.10032444]
2020-06-18 21:38:24,615 [MainThread  ][INFO ]  Fidelity: 0.9989868128361207
2020-06-18 21:38:24,615 [MainThread  ][INFO ]  ---- Iteration 92/100
2020-06-18 21:38:24,615 [MainThread  ][DEBUG]  Setting hyperparameter tf=1.8391919191919193
2020-06-18 21:38:24,615 [MainThread  ][INFO ]  Starting optimization for tf=1.8391919191919193
2020-06-18 21:38:24,615 [MainThread  ][DEBUG]  Optimization method: Nelder-Mead
2020-06-18 21:38:24,615 [MainThread  ][DEBUG]  Optimization options: {'maxiter': 100000.0, 'maxfev': 100000.0, 'xatol': 1e-08, 'fatol': 1e-08, 'adaptive': True}
2020-06-18 21:38:24,615 [MainThread  ][INFO ]  Initial parameter values: [0, 0, 0, 0, 0, 0, 0, 0]
2020-06-18 21:46:14,121 [MainThread  ][INFO ]  Final fidelity: 0.9709554072927393
2020-06-18 21:46:14,122 [MainThread  ][INFO ]  Final parameters: [-14.90116554   1.14066341  -7.89494284  -6.89383847  20.3188802
 -23.23216189   1.81412054  10.22261375]
2020-06-18 21:46:14,122 [MainThread  ][INFO ]  Fidelity: 0.9709554072927393
2020-06-18 21:46:14,122 [MainThread  ][INFO ]  ---- Iteration 93/100
2020-06-18 21:46:14,122 [MainThread  ][DEBUG]  Setting hyperparameter tf=1.8592929292929294
2020-06-18 21:46:14,122 [MainThread  ][INFO ]  Starting optimization for tf=1.8592929292929294
2020-06-18 21:46:14,122 [MainThread  ][DEBUG]  Optimization method: Nelder-Mead
2020-06-18 21:46:14,122 [MainThread  ][DEBUG]  Optimization options: {'maxiter': 100000.0, 'maxfev': 100000.0, 'xatol': 1e-08, 'fatol': 1e-08, 'adaptive': True}
2020-06-18 21:46:14,122 [MainThread  ][INFO ]  Initial parameter values: [0, 0, 0, 0, 0, 0, 0, 0]
2020-06-18 23:32:38,360 [MainThread  ][INFO ]  Final fidelity: 0.9956827096567762
2020-06-18 23:32:38,361 [MainThread  ][INFO ]  Final parameters: [-23.86171291 -14.88552266 -14.82744476  -6.07779863  33.42677614
  13.52466308   6.76422214  20.31381523]
2020-06-18 23:32:38,361 [MainThread  ][INFO ]  Fidelity: 0.9956827096567762
2020-06-18 23:32:38,361 [MainThread  ][INFO ]  ---- Iteration 94/100
2020-06-18 23:32:38,362 [MainThread  ][DEBUG]  Setting hyperparameter tf=1.8793939393939394
2020-06-18 23:32:38,362 [MainThread  ][INFO ]  Starting optimization for tf=1.8793939393939394
2020-06-18 23:32:38,362 [MainThread  ][DEBUG]  Optimization method: Nelder-Mead
2020-06-18 23:32:38,362 [MainThread  ][DEBUG]  Optimization options: {'maxiter': 100000.0, 'maxfev': 100000.0, 'xatol': 1e-08, 'fatol': 1e-08, 'adaptive': True}
2020-06-18 23:32:38,362 [MainThread  ][INFO ]  Initial parameter values: [0, 0, 0, 0, 0, 0, 0, 0]
2020-06-19 01:19:51,558 [MainThread  ][INFO ]  Final fidelity: 0.991443834808926
2020-06-19 01:19:51,592 [MainThread  ][INFO ]  Final parameters: [-21.76159948   2.76695223  11.98511096 -14.17519925  29.64060442
  12.53573728 -10.72080485  -7.95247204]
2020-06-19 01:19:51,592 [MainThread  ][INFO ]  Fidelity: 0.991443834808926
2020-06-19 01:19:51,592 [MainThread  ][INFO ]  ---- Iteration 95/100
2020-06-19 01:19:51,592 [MainThread  ][DEBUG]  Setting hyperparameter tf=1.8994949494949496
2020-06-19 01:19:51,592 [MainThread  ][INFO ]  Starting optimization for tf=1.8994949494949496
2020-06-19 01:19:51,592 [MainThread  ][DEBUG]  Optimization method: Nelder-Mead
2020-06-19 01:19:51,592 [MainThread  ][DEBUG]  Optimization options: {'maxiter': 100000.0, 'maxfev': 100000.0, 'xatol': 1e-08, 'fatol': 1e-08, 'adaptive': True}
2020-06-19 01:19:51,593 [MainThread  ][INFO ]  Initial parameter values: [0, 0, 0, 0, 0, 0, 0, 0]
2020-06-19 01:30:03,518 [MainThread  ][INFO ]  Final fidelity: 0.9959308111805455
2020-06-19 01:30:03,519 [MainThread  ][INFO ]  Final parameters: [-18.95589612   7.4137399   15.3686007   -7.30854872  32.73065576
   4.92413153 -19.03637983 -14.09313016]
2020-06-19 01:30:03,519 [MainThread  ][INFO ]  Fidelity: 0.9959308111805455
2020-06-19 01:30:03,520 [MainThread  ][INFO ]  ---- Iteration 96/100
2020-06-19 01:30:03,520 [MainThread  ][DEBUG]  Setting hyperparameter tf=1.9195959595959597
2020-06-19 01:30:03,520 [MainThread  ][INFO ]  Starting optimization for tf=1.9195959595959597
2020-06-19 01:30:03,520 [MainThread  ][DEBUG]  Optimization method: Nelder-Mead
2020-06-19 01:30:03,520 [MainThread  ][DEBUG]  Optimization options: {'maxiter': 100000.0, 'maxfev': 100000.0, 'xatol': 1e-08, 'fatol': 1e-08, 'adaptive': True}
2020-06-19 01:30:03,520 [MainThread  ][INFO ]  Initial parameter values: [0, 0, 0, 0, 0, 0, 0, 0]
2020-06-19 01:45:55,779 [MainThread  ][INFO ]  Final fidelity: 0.9848034598052711
2020-06-19 01:45:55,780 [MainThread  ][INFO ]  Final parameters: [-19.61394051   1.53015458   8.35816936 -14.3930628   23.16367382
  10.00087958 -11.68445849   4.0021531 ]
2020-06-19 01:45:55,780 [MainThread  ][INFO ]  Fidelity: 0.9848034598052711
2020-06-19 01:45:55,780 [MainThread  ][INFO ]  ---- Iteration 97/100
2020-06-19 01:45:55,780 [MainThread  ][DEBUG]  Setting hyperparameter tf=1.9396969696969697
2020-06-19 01:45:55,780 [MainThread  ][INFO ]  Starting optimization for tf=1.9396969696969697
2020-06-19 01:45:55,780 [MainThread  ][DEBUG]  Optimization method: Nelder-Mead
2020-06-19 01:45:55,780 [MainThread  ][DEBUG]  Optimization options: {'maxiter': 100000.0, 'maxfev': 100000.0, 'xatol': 1e-08, 'fatol': 1e-08, 'adaptive': True}
2020-06-19 01:45:55,780 [MainThread  ][INFO ]  Initial parameter values: [0, 0, 0, 0, 0, 0, 0, 0]
2020-06-19 01:59:57,415 [MainThread  ][INFO ]  Final fidelity: 0.9922526058396098
2020-06-19 01:59:57,416 [MainThread  ][INFO ]  Final parameters: [-18.19772875   2.21151622  10.31983458  -9.21209478  26.33434313
   8.7709093  -16.8332775   -0.47970525]
2020-06-19 01:59:57,416 [MainThread  ][INFO ]  Fidelity: 0.9922526058396098
2020-06-19 01:59:57,416 [MainThread  ][INFO ]  ---- Iteration 98/100
2020-06-19 01:59:57,416 [MainThread  ][DEBUG]  Setting hyperparameter tf=1.9597979797979799
2020-06-19 01:59:57,416 [MainThread  ][INFO ]  Starting optimization for tf=1.9597979797979799
2020-06-19 01:59:57,416 [MainThread  ][DEBUG]  Optimization method: Nelder-Mead
2020-06-19 01:59:57,416 [MainThread  ][DEBUG]  Optimization options: {'maxiter': 100000.0, 'maxfev': 100000.0, 'xatol': 1e-08, 'fatol': 1e-08, 'adaptive': True}
2020-06-19 01:59:57,416 [MainThread  ][INFO ]  Initial parameter values: [0, 0, 0, 0, 0, 0, 0, 0]
2020-06-19 02:09:47,228 [MainThread  ][INFO ]  Final fidelity: 0.9991486474193312
2020-06-19 02:09:47,229 [MainThread  ][INFO ]  Final parameters: [-20.26355437  -0.78134528   4.61833154  -4.41323605  34.16033374
  20.55550934 -12.4822727  -23.32507178]
2020-06-19 02:09:47,230 [MainThread  ][INFO ]  Fidelity: 0.9991486474193312
2020-06-19 02:09:47,230 [MainThread  ][INFO ]  ---- Iteration 99/100
2020-06-19 02:09:47,230 [MainThread  ][DEBUG]  Setting hyperparameter tf=1.97989898989899
2020-06-19 02:09:47,230 [MainThread  ][INFO ]  Starting optimization for tf=1.97989898989899
2020-06-19 02:09:47,230 [MainThread  ][DEBUG]  Optimization method: Nelder-Mead
2020-06-19 02:09:47,230 [MainThread  ][DEBUG]  Optimization options: {'maxiter': 100000.0, 'maxfev': 100000.0, 'xatol': 1e-08, 'fatol': 1e-08, 'adaptive': True}
2020-06-19 02:09:47,230 [MainThread  ][INFO ]  Initial parameter values: [0, 0, 0, 0, 0, 0, 0, 0]
2020-06-19 02:19:40,637 [MainThread  ][INFO ]  Final fidelity: 0.9991388147708796
2020-06-19 02:19:40,638 [MainThread  ][INFO ]  Final parameters: [-18.42155441  -0.31788503   6.10048573  -1.49229556  32.89397206
  16.39980498 -20.22979717 -10.3530901 ]
2020-06-19 02:19:40,638 [MainThread  ][INFO ]  Fidelity: 0.9991388147708796
2020-06-19 02:19:40,638 [MainThread  ][INFO ]  ---- Iteration 100/100
2020-06-19 02:19:40,638 [MainThread  ][DEBUG]  Setting hyperparameter tf=2.0
2020-06-19 02:19:40,638 [MainThread  ][INFO ]  Starting optimization for tf=2.0
2020-06-19 02:19:40,638 [MainThread  ][DEBUG]  Optimization method: Nelder-Mead
2020-06-19 02:19:40,638 [MainThread  ][DEBUG]  Optimization options: {'maxiter': 100000.0, 'maxfev': 100000.0, 'xatol': 1e-08, 'fatol': 1e-08, 'adaptive': True}
2020-06-19 02:19:40,638 [MainThread  ][INFO ]  Initial parameter values: [0, 0, 0, 0, 0, 0, 0, 0]
2020-06-19 02:31:27,682 [MainThread  ][INFO ]  Final fidelity: 0.9991245820112115
2020-06-19 02:31:27,683 [MainThread  ][INFO ]  Final parameters: [-17.36932801   7.44630223  -4.15757262  -9.24285513  32.24145484
   7.09706898 -10.72776309 -10.29853362]
2020-06-19 02:31:27,683 [MainThread  ][INFO ]  Fidelity: 0.9991245820112115
