2020-06-17 16:58:33,598 [MainThread  ][INFO ]  Output file name will be "lmg_doublebang_powell_bound04.csv"
2020-06-17 16:58:33,619 [MainThread  ][INFO ]  Using doublebang protocol ansatz.
2020-06-17 16:58:33,619 [MainThread  ][DEBUG]  Initializing ProtocolAnsatz instance "doublebang"
2020-06-17 16:58:33,619 [MainThread  ][INFO ]  Using parameters constraints: [[-4, 4], [None, None], [-4, 4]]
2020-06-17 16:58:33,620 [MainThread  ][INFO ]  Using total height constraint: None
2020-06-17 16:58:33,620 [MainThread  ][INFO ]  ---- Iteration 1/50
2020-06-17 16:58:33,620 [MainThread  ][DEBUG]  Setting hyperparameter tf=0.1
2020-06-17 16:58:33,620 [MainThread  ][INFO ]  Starting optimization for tf=0.1
2020-06-17 16:58:33,620 [MainThread  ][DEBUG]  Optimization method: Powell
2020-06-17 16:58:33,620 [MainThread  ][DEBUG]  Optimization options: None
2020-06-17 16:58:33,621 [MainThread  ][INFO ]  Initial parameter values: [0.40876926654074053, 0.05, -0.9189698704333877]
2020-06-17 16:58:36,757 [MainThread  ][INFO ]  Final fidelity: 0.8139277241479039
2020-06-17 16:58:36,759 [MainThread  ][INFO ]  Final parameters: [ 4.          0.05576869 -3.99997731]
2020-06-17 16:58:36,759 [MainThread  ][INFO ]  Fidelity: 0.8139277241479039
2020-06-17 16:58:36,759 [MainThread  ][INFO ]  ---- Iteration 2/50
2020-06-17 16:58:36,760 [MainThread  ][DEBUG]  Setting hyperparameter tf=0.11836734693877551
2020-06-17 16:58:36,760 [MainThread  ][INFO ]  Starting optimization for tf=0.11836734693877551
2020-06-17 16:58:36,760 [MainThread  ][DEBUG]  Optimization method: Powell
2020-06-17 16:58:36,760 [MainThread  ][DEBUG]  Optimization options: None
2020-06-17 16:58:36,760 [MainThread  ][INFO ]  Initial parameter values: [-0.8027399357464617, 0.05918367346938776, 0.6231317004690022]
2020-06-17 16:58:39,430 [MainThread  ][INFO ]  Final fidelity: 0.8150836809627229
2020-06-17 16:58:39,431 [MainThread  ][INFO ]  Final parameters: [ 4.          0.05520742 -2.94191186]
2020-06-17 16:58:39,431 [MainThread  ][INFO ]  Fidelity: 0.8150836809627229
2020-06-17 16:58:39,431 [MainThread  ][INFO ]  ---- Iteration 3/50
2020-06-17 16:58:39,431 [MainThread  ][DEBUG]  Setting hyperparameter tf=0.13673469387755102
2020-06-17 16:58:39,431 [MainThread  ][INFO ]  Starting optimization for tf=0.13673469387755102
2020-06-17 16:58:39,432 [MainThread  ][DEBUG]  Optimization method: Powell
2020-06-17 16:58:39,432 [MainThread  ][DEBUG]  Optimization options: None
2020-06-17 16:58:39,432 [MainThread  ][INFO ]  Initial parameter values: [0.11857909284792045, 0.06836734693877551, 0.4363211853194082]
2020-06-17 16:58:42,553 [MainThread  ][INFO ]  Final fidelity: 0.8185983444903375
2020-06-17 16:58:42,554 [MainThread  ][INFO ]  Final parameters: [ 4.          0.07652564 -3.99999996]
2020-06-17 16:58:42,554 [MainThread  ][INFO ]  Fidelity: 0.8185983444903375
2020-06-17 16:58:42,554 [MainThread  ][INFO ]  ---- Iteration 4/50
2020-06-17 16:58:42,554 [MainThread  ][DEBUG]  Setting hyperparameter tf=0.15510204081632656
2020-06-17 16:58:42,554 [MainThread  ][INFO ]  Starting optimization for tf=0.15510204081632656
2020-06-17 16:58:42,554 [MainThread  ][DEBUG]  Optimization method: Powell
2020-06-17 16:58:42,554 [MainThread  ][DEBUG]  Optimization options: None
2020-06-17 16:58:42,554 [MainThread  ][INFO ]  Initial parameter values: [0.7901784239243741, 0.07755102040816328, -0.8443456110199681]
2020-06-17 16:58:45,372 [MainThread  ][INFO ]  Final fidelity: 0.8214576138807416
2020-06-17 16:58:45,373 [MainThread  ][INFO ]  Final parameters: [ 4.          0.08698683 -3.999995  ]
2020-06-17 16:58:45,373 [MainThread  ][INFO ]  Fidelity: 0.8214576138807416
2020-06-17 16:58:45,373 [MainThread  ][INFO ]  ---- Iteration 5/50
2020-06-17 16:58:45,374 [MainThread  ][DEBUG]  Setting hyperparameter tf=0.17346938775510207
2020-06-17 16:58:45,374 [MainThread  ][INFO ]  Starting optimization for tf=0.17346938775510207
2020-06-17 16:58:45,374 [MainThread  ][DEBUG]  Optimization method: Powell
2020-06-17 16:58:45,374 [MainThread  ][DEBUG]  Optimization options: None
2020-06-17 16:58:45,374 [MainThread  ][INFO ]  Initial parameter values: [-0.04300790986210101, 0.08673469387755103, 0.05478292335922341]
2020-06-17 16:58:48,948 [MainThread  ][INFO ]  Final fidelity: 0.824658442186194
2020-06-17 16:58:48,949 [MainThread  ][INFO ]  Final parameters: [ 4.          0.0975161  -3.99999993]
2020-06-17 16:58:48,949 [MainThread  ][INFO ]  Fidelity: 0.824658442186194
2020-06-17 16:58:48,949 [MainThread  ][INFO ]  ---- Iteration 6/50
2020-06-17 16:58:48,949 [MainThread  ][DEBUG]  Setting hyperparameter tf=0.19183673469387758
2020-06-17 16:58:48,949 [MainThread  ][INFO ]  Starting optimization for tf=0.19183673469387758
2020-06-17 16:58:48,950 [MainThread  ][DEBUG]  Optimization method: Powell
2020-06-17 16:58:48,950 [MainThread  ][DEBUG]  Optimization options: None
2020-06-17 16:58:48,950 [MainThread  ][INFO ]  Initial parameter values: [-0.6554972459788126, 0.09591836734693879, 0.1205625570611546]
2020-06-17 16:58:51,615 [MainThread  ][INFO ]  Final fidelity: 0.8281937349060144
2020-06-17 16:58:51,615 [MainThread  ][INFO ]  Final parameters: [ 4.          0.10812848 -3.99998632]
2020-06-17 16:58:51,615 [MainThread  ][INFO ]  Fidelity: 0.8281937349060144
2020-06-17 16:58:51,615 [MainThread  ][INFO ]  ---- Iteration 7/50
2020-06-17 16:58:51,615 [MainThread  ][DEBUG]  Setting hyperparameter tf=0.21020408163265308
2020-06-17 16:58:51,615 [MainThread  ][INFO ]  Starting optimization for tf=0.21020408163265308
2020-06-17 16:58:51,616 [MainThread  ][DEBUG]  Optimization method: Powell
2020-06-17 16:58:51,616 [MainThread  ][DEBUG]  Optimization options: None
2020-06-17 16:58:51,616 [MainThread  ][INFO ]  Initial parameter values: [0.6786491791445308, 0.10510204081632654, -0.32403842794309456]
2020-06-17 16:58:55,219 [MainThread  ][INFO ]  Final fidelity: 0.8320554113063386
2020-06-17 16:58:55,220 [MainThread  ][INFO ]  Final parameters: [ 4.          0.11880859 -3.99998596]
2020-06-17 16:58:55,220 [MainThread  ][INFO ]  Fidelity: 0.8320554113063386
2020-06-17 16:58:55,220 [MainThread  ][INFO ]  ---- Iteration 8/50
2020-06-17 16:58:55,220 [MainThread  ][DEBUG]  Setting hyperparameter tf=0.2285714285714286
2020-06-17 16:58:55,220 [MainThread  ][INFO ]  Starting optimization for tf=0.2285714285714286
2020-06-17 16:58:55,220 [MainThread  ][DEBUG]  Optimization method: Powell
2020-06-17 16:58:55,220 [MainThread  ][DEBUG]  Optimization options: None
2020-06-17 16:58:55,221 [MainThread  ][INFO ]  Initial parameter values: [0.12757824396853534, 0.1142857142857143, 0.7097987518108364]
2020-06-17 16:58:58,707 [MainThread  ][INFO ]  Final fidelity: 0.835945668325733
2020-06-17 16:58:58,708 [MainThread  ][INFO ]  Final parameters: [ 4.          0.1257059  -3.99999933]
2020-06-17 16:58:58,708 [MainThread  ][INFO ]  Fidelity: 0.835945668325733
2020-06-17 16:58:58,708 [MainThread  ][INFO ]  ---- Iteration 9/50
2020-06-17 16:58:58,708 [MainThread  ][DEBUG]  Setting hyperparameter tf=0.2469387755102041
2020-06-17 16:58:58,708 [MainThread  ][INFO ]  Starting optimization for tf=0.2469387755102041
2020-06-17 16:58:58,709 [MainThread  ][DEBUG]  Optimization method: Powell
2020-06-17 16:58:58,709 [MainThread  ][DEBUG]  Optimization options: None
2020-06-17 16:58:58,709 [MainThread  ][INFO ]  Initial parameter values: [-0.6253597919479337, 0.12346938775510205, 0.6184056642169753]
2020-06-17 16:59:01,719 [MainThread  ][INFO ]  Final fidelity: 0.8406112946752136
2020-06-17 16:59:01,720 [MainThread  ][INFO ]  Final parameters: [ 3.99584211  0.14266835 -4.        ]
2020-06-17 16:59:01,720 [MainThread  ][INFO ]  Fidelity: 0.8406112946752136
2020-06-17 16:59:01,720 [MainThread  ][INFO ]  ---- Iteration 10/50
2020-06-17 16:59:01,720 [MainThread  ][DEBUG]  Setting hyperparameter tf=0.2653061224489796
2020-06-17 16:59:01,720 [MainThread  ][INFO ]  Starting optimization for tf=0.2653061224489796
2020-06-17 16:59:01,721 [MainThread  ][DEBUG]  Optimization method: Powell
2020-06-17 16:59:01,721 [MainThread  ][DEBUG]  Optimization options: None
2020-06-17 16:59:01,721 [MainThread  ][INFO ]  Initial parameter values: [0.7408621736318954, 0.1326530612244898, -0.7546856878130994]
2020-06-17 16:59:04,875 [MainThread  ][INFO ]  Final fidelity: 0.8454993961760524
2020-06-17 16:59:04,876 [MainThread  ][INFO ]  Final parameters: [ 4.          0.15144321 -3.99999978]
2020-06-17 16:59:04,876 [MainThread  ][INFO ]  Fidelity: 0.8454993961760524
2020-06-17 16:59:04,876 [MainThread  ][INFO ]  ---- Iteration 11/50
2020-06-17 16:59:04,876 [MainThread  ][DEBUG]  Setting hyperparameter tf=0.2836734693877551
2020-06-17 16:59:04,876 [MainThread  ][INFO ]  Starting optimization for tf=0.2836734693877551
2020-06-17 16:59:04,876 [MainThread  ][DEBUG]  Optimization method: Powell
2020-06-17 16:59:04,877 [MainThread  ][DEBUG]  Optimization options: None
2020-06-17 16:59:04,877 [MainThread  ][INFO ]  Initial parameter values: [-0.8850640171047628, 0.14183673469387756, -0.6348950210576318]
2020-06-17 16:59:08,772 [MainThread  ][INFO ]  Final fidelity: 0.850560641730406
2020-06-17 16:59:08,773 [MainThread  ][INFO ]  Final parameters: [ 4.          0.1625345  -3.99999993]
2020-06-17 16:59:08,773 [MainThread  ][INFO ]  Fidelity: 0.850560641730406
2020-06-17 16:59:08,773 [MainThread  ][INFO ]  ---- Iteration 12/50
2020-06-17 16:59:08,773 [MainThread  ][DEBUG]  Setting hyperparameter tf=0.3020408163265306
2020-06-17 16:59:08,774 [MainThread  ][INFO ]  Starting optimization for tf=0.3020408163265306
2020-06-17 16:59:08,774 [MainThread  ][DEBUG]  Optimization method: Powell
2020-06-17 16:59:08,774 [MainThread  ][DEBUG]  Optimization options: None
2020-06-17 16:59:08,774 [MainThread  ][INFO ]  Initial parameter values: [0.4282993794809631, 0.1510204081632653, 0.6231758800000291]
2020-06-17 16:59:12,530 [MainThread  ][INFO ]  Final fidelity: 0.855885329382331
2020-06-17 16:59:12,531 [MainThread  ][INFO ]  Final parameters: [ 4.          0.17335935 -4.        ]
2020-06-17 16:59:12,531 [MainThread  ][INFO ]  Fidelity: 0.855885329382331
2020-06-17 16:59:12,531 [MainThread  ][INFO ]  ---- Iteration 13/50
2020-06-17 16:59:12,531 [MainThread  ][DEBUG]  Setting hyperparameter tf=0.3204081632653062
2020-06-17 16:59:12,531 [MainThread  ][INFO ]  Starting optimization for tf=0.3204081632653062
2020-06-17 16:59:12,531 [MainThread  ][DEBUG]  Optimization method: Powell
2020-06-17 16:59:12,531 [MainThread  ][DEBUG]  Optimization options: None
2020-06-17 16:59:12,531 [MainThread  ][INFO ]  Initial parameter values: [-0.15156972057656692, 0.1602040816326531, -0.5881470786032315]
2020-06-17 16:59:16,502 [MainThread  ][INFO ]  Final fidelity: 0.8614660523183791
2020-06-17 16:59:16,503 [MainThread  ][INFO ]  Final parameters: [ 4.          0.18507606 -3.99999997]
2020-06-17 16:59:16,503 [MainThread  ][INFO ]  Fidelity: 0.8614660523183791
2020-06-17 16:59:16,503 [MainThread  ][INFO ]  ---- Iteration 14/50
2020-06-17 16:59:16,503 [MainThread  ][DEBUG]  Setting hyperparameter tf=0.3387755102040817
2020-06-17 16:59:16,503 [MainThread  ][INFO ]  Starting optimization for tf=0.3387755102040817
2020-06-17 16:59:16,503 [MainThread  ][DEBUG]  Optimization method: Powell
2020-06-17 16:59:16,503 [MainThread  ][DEBUG]  Optimization options: None
2020-06-17 16:59:16,504 [MainThread  ][INFO ]  Initial parameter values: [-0.30962828099644835, 0.16938775510204085, 0.4309742197836415]
2020-06-17 16:59:20,696 [MainThread  ][INFO ]  Final fidelity: 0.8672755505273124
2020-06-17 16:59:20,697 [MainThread  ][INFO ]  Final parameters: [ 4.          0.19653836 -3.99999997]
2020-06-17 16:59:20,697 [MainThread  ][INFO ]  Fidelity: 0.8672755505273124
2020-06-17 16:59:20,697 [MainThread  ][INFO ]  ---- Iteration 15/50
2020-06-17 16:59:20,697 [MainThread  ][DEBUG]  Setting hyperparameter tf=0.3571428571428572
2020-06-17 16:59:20,697 [MainThread  ][INFO ]  Starting optimization for tf=0.3571428571428572
2020-06-17 16:59:20,698 [MainThread  ][DEBUG]  Optimization method: Powell
2020-06-17 16:59:20,698 [MainThread  ][DEBUG]  Optimization options: None
2020-06-17 16:59:20,698 [MainThread  ][INFO ]  Initial parameter values: [0.12220050667988502, 0.1785714285714286, -0.10620093401009134]
2020-06-17 16:59:24,218 [MainThread  ][INFO ]  Final fidelity: 0.8732968647954552
2020-06-17 16:59:24,218 [MainThread  ][INFO ]  Final parameters: [ 4.          0.20813562 -3.99999965]
2020-06-17 16:59:24,218 [MainThread  ][INFO ]  Fidelity: 0.8732968647954552
2020-06-17 16:59:24,218 [MainThread  ][INFO ]  ---- Iteration 16/50
2020-06-17 16:59:24,219 [MainThread  ][DEBUG]  Setting hyperparameter tf=0.3755102040816327
2020-06-17 16:59:24,219 [MainThread  ][INFO ]  Starting optimization for tf=0.3755102040816327
2020-06-17 16:59:24,219 [MainThread  ][DEBUG]  Optimization method: Powell
2020-06-17 16:59:24,219 [MainThread  ][DEBUG]  Optimization options: None
2020-06-17 16:59:24,219 [MainThread  ][INFO ]  Initial parameter values: [-0.005446864965143794, 0.18775510204081636, -0.5040333340546763]
2020-06-17 16:59:27,483 [MainThread  ][INFO ]  Final fidelity: 0.8791766272871484
2020-06-17 16:59:27,484 [MainThread  ][INFO ]  Final parameters: [ 4.          0.21599552 -3.99999997]
2020-06-17 16:59:27,484 [MainThread  ][INFO ]  Fidelity: 0.8791766272871484
2020-06-17 16:59:27,484 [MainThread  ][INFO ]  ---- Iteration 17/50
2020-06-17 16:59:27,485 [MainThread  ][DEBUG]  Setting hyperparameter tf=0.3938775510204082
2020-06-17 16:59:27,485 [MainThread  ][INFO ]  Starting optimization for tf=0.3938775510204082
2020-06-17 16:59:27,485 [MainThread  ][DEBUG]  Optimization method: Powell
2020-06-17 16:59:27,485 [MainThread  ][DEBUG]  Optimization options: None
2020-06-17 16:59:27,485 [MainThread  ][INFO ]  Initial parameter values: [-0.6269812984280325, 0.1969387755102041, 0.7005385893170124]
2020-06-17 16:59:31,791 [MainThread  ][INFO ]  Final fidelity: 0.8857272405006276
2020-06-17 16:59:31,792 [MainThread  ][INFO ]  Final parameters: [ 4.          0.23439231 -4.        ]
2020-06-17 16:59:31,792 [MainThread  ][INFO ]  Fidelity: 0.8857272405006276
2020-06-17 16:59:31,792 [MainThread  ][INFO ]  ---- Iteration 18/50
2020-06-17 16:59:31,792 [MainThread  ][DEBUG]  Setting hyperparameter tf=0.41224489795918373
2020-06-17 16:59:31,792 [MainThread  ][INFO ]  Starting optimization for tf=0.41224489795918373
2020-06-17 16:59:31,792 [MainThread  ][DEBUG]  Optimization method: Powell
2020-06-17 16:59:31,793 [MainThread  ][DEBUG]  Optimization options: None
2020-06-17 16:59:31,793 [MainThread  ][INFO ]  Initial parameter values: [0.6515585084993594, 0.20612244897959187, 0.032504224469405374]
2020-06-17 16:59:35,956 [MainThread  ][INFO ]  Final fidelity: 0.8924036110213229
2020-06-17 16:59:35,956 [MainThread  ][INFO ]  Final parameters: [ 4.          0.24378524 -3.99999963]
2020-06-17 16:59:35,956 [MainThread  ][INFO ]  Fidelity: 0.8924036110213229
2020-06-17 16:59:35,956 [MainThread  ][INFO ]  ---- Iteration 19/50
2020-06-17 16:59:35,957 [MainThread  ][DEBUG]  Setting hyperparameter tf=0.43061224489795924
2020-06-17 16:59:35,957 [MainThread  ][INFO ]  Starting optimization for tf=0.43061224489795924
2020-06-17 16:59:35,957 [MainThread  ][DEBUG]  Optimization method: Powell
2020-06-17 16:59:35,957 [MainThread  ][DEBUG]  Optimization options: None
2020-06-17 16:59:35,957 [MainThread  ][INFO ]  Initial parameter values: [0.04354878192963785, 0.21530612244897962, 0.8192894322930955]
2020-06-17 16:59:40,153 [MainThread  ][INFO ]  Final fidelity: 0.8990343196965732
2020-06-17 16:59:40,153 [MainThread  ][INFO ]  Final parameters: [ 3.99999998  0.25596788 -4.        ]
2020-06-17 16:59:40,153 [MainThread  ][INFO ]  Fidelity: 0.8990343196965732
2020-06-17 16:59:40,153 [MainThread  ][INFO ]  ---- Iteration 20/50
2020-06-17 16:59:40,154 [MainThread  ][DEBUG]  Setting hyperparameter tf=0.44897959183673475
2020-06-17 16:59:40,154 [MainThread  ][INFO ]  Starting optimization for tf=0.44897959183673475
2020-06-17 16:59:40,154 [MainThread  ][DEBUG]  Optimization method: Powell
2020-06-17 16:59:40,154 [MainThread  ][DEBUG]  Optimization options: None
2020-06-17 16:59:40,154 [MainThread  ][INFO ]  Initial parameter values: [0.6767835959371067, 0.22448979591836737, 0.8851728671315862]
2020-06-17 16:59:44,028 [MainThread  ][INFO ]  Final fidelity: 0.9057480418860081
2020-06-17 16:59:44,029 [MainThread  ][INFO ]  Final parameters: [ 3.99999996  0.26830721 -4.        ]
2020-06-17 16:59:44,029 [MainThread  ][INFO ]  Fidelity: 0.9057480418860081
2020-06-17 16:59:44,029 [MainThread  ][INFO ]  ---- Iteration 21/50
2020-06-17 16:59:44,029 [MainThread  ][DEBUG]  Setting hyperparameter tf=0.46734693877551026
2020-06-17 16:59:44,029 [MainThread  ][INFO ]  Starting optimization for tf=0.46734693877551026
2020-06-17 16:59:44,029 [MainThread  ][DEBUG]  Optimization method: Powell
2020-06-17 16:59:44,029 [MainThread  ][DEBUG]  Optimization options: None
2020-06-17 16:59:44,029 [MainThread  ][INFO ]  Initial parameter values: [0.2668457500873578, 0.23367346938775513, 0.6756741899636323]
2020-06-17 16:59:48,085 [MainThread  ][INFO ]  Final fidelity: 0.911907422416155
2020-06-17 16:59:48,085 [MainThread  ][INFO ]  Final parameters: [ 4.          0.27586067 -4.        ]
2020-06-17 16:59:48,085 [MainThread  ][INFO ]  Fidelity: 0.911907422416155
2020-06-17 16:59:48,085 [MainThread  ][INFO ]  ---- Iteration 22/50
2020-06-17 16:59:48,086 [MainThread  ][DEBUG]  Setting hyperparameter tf=0.48571428571428577
2020-06-17 16:59:48,086 [MainThread  ][INFO ]  Starting optimization for tf=0.48571428571428577
2020-06-17 16:59:48,086 [MainThread  ][DEBUG]  Optimization method: Powell
2020-06-17 16:59:48,086 [MainThread  ][DEBUG]  Optimization options: None
2020-06-17 16:59:48,086 [MainThread  ][INFO ]  Initial parameter values: [-0.6924497005678896, 0.24285714285714288, 0.06242970495921041]
2020-06-17 16:59:53,019 [MainThread  ][INFO ]  Final fidelity: 0.9192957713346394
2020-06-17 16:59:53,019 [MainThread  ][INFO ]  Final parameters: [ 4.          0.29346511 -3.99999998]
2020-06-17 16:59:53,019 [MainThread  ][INFO ]  Fidelity: 0.9192957713346394
2020-06-17 16:59:53,019 [MainThread  ][INFO ]  ---- Iteration 23/50
2020-06-17 16:59:53,019 [MainThread  ][DEBUG]  Setting hyperparameter tf=0.5040816326530613
2020-06-17 16:59:53,020 [MainThread  ][INFO ]  Starting optimization for tf=0.5040816326530613
2020-06-17 16:59:53,020 [MainThread  ][DEBUG]  Optimization method: Powell
2020-06-17 16:59:53,020 [MainThread  ][DEBUG]  Optimization options: None
2020-06-17 16:59:53,020 [MainThread  ][INFO ]  Initial parameter values: [-0.9609719977696558, 0.25204081632653064, -0.6322051640603457]
2020-06-17 17:00:01,146 [MainThread  ][INFO ]  Final fidelity: 0.9260245295988413
2020-06-17 17:00:01,147 [MainThread  ][INFO ]  Final parameters: [ 4.          0.30745764 -4.        ]
2020-06-17 17:00:01,147 [MainThread  ][INFO ]  Fidelity: 0.9260245295988413
2020-06-17 17:00:01,147 [MainThread  ][INFO ]  ---- Iteration 24/50
2020-06-17 17:00:01,147 [MainThread  ][DEBUG]  Setting hyperparameter tf=0.5224489795918368
2020-06-17 17:00:01,148 [MainThread  ][INFO ]  Starting optimization for tf=0.5224489795918368
2020-06-17 17:00:01,148 [MainThread  ][DEBUG]  Optimization method: Powell
2020-06-17 17:00:01,148 [MainThread  ][DEBUG]  Optimization options: None
2020-06-17 17:00:01,148 [MainThread  ][INFO ]  Initial parameter values: [0.08119712911039101, 0.2612244897959184, -0.5580653969655058]
2020-06-17 17:00:23,321 [MainThread  ][INFO ]  Final fidelity: 0.9319122432192954
2020-06-17 17:00:23,323 [MainThread  ][INFO ]  Final parameters: [ 4.          0.32488346 -4.        ]
2020-06-17 17:00:23,323 [MainThread  ][INFO ]  Fidelity: 0.9319122432192954
2020-06-17 17:00:23,323 [MainThread  ][INFO ]  ---- Iteration 25/50
2020-06-17 17:00:23,323 [MainThread  ][DEBUG]  Setting hyperparameter tf=0.5408163265306123
2020-06-17 17:00:23,324 [MainThread  ][INFO ]  Starting optimization for tf=0.5408163265306123
2020-06-17 17:00:23,324 [MainThread  ][DEBUG]  Optimization method: Powell
2020-06-17 17:00:23,324 [MainThread  ][DEBUG]  Optimization options: None
2020-06-17 17:00:23,324 [MainThread  ][INFO ]  Initial parameter values: [0.44503302741387896, 0.27040816326530615, -0.29181755985863167]
2020-06-17 17:00:50,848 [MainThread  ][INFO ]  Final fidelity: 0.9393861608382468
2020-06-17 17:00:50,849 [MainThread  ][INFO ]  Final parameters: [ 4.          0.33242839 -3.9999998 ]
2020-06-17 17:00:50,849 [MainThread  ][INFO ]  Fidelity: 0.9393861608382468
2020-06-17 17:00:50,849 [MainThread  ][INFO ]  ---- Iteration 26/50
2020-06-17 17:00:50,850 [MainThread  ][DEBUG]  Setting hyperparameter tf=0.5591836734693878
2020-06-17 17:00:50,850 [MainThread  ][INFO ]  Starting optimization for tf=0.5591836734693878
2020-06-17 17:00:50,850 [MainThread  ][DEBUG]  Optimization method: Powell
2020-06-17 17:00:50,850 [MainThread  ][DEBUG]  Optimization options: None
2020-06-17 17:00:50,850 [MainThread  ][INFO ]  Initial parameter values: [-0.013942963495652716, 0.2795918367346939, -0.3909930437016209]
2020-06-17 17:00:58,017 [MainThread  ][INFO ]  Final fidelity: 0.9458676086662687
2020-06-17 17:00:58,018 [MainThread  ][INFO ]  Final parameters: [ 4.          0.34574693 -3.99999952]
2020-06-17 17:00:58,018 [MainThread  ][INFO ]  Fidelity: 0.9458676086662687
2020-06-17 17:00:58,018 [MainThread  ][INFO ]  ---- Iteration 27/50
2020-06-17 17:00:58,018 [MainThread  ][DEBUG]  Setting hyperparameter tf=0.5775510204081633
2020-06-17 17:00:58,018 [MainThread  ][INFO ]  Starting optimization for tf=0.5775510204081633
2020-06-17 17:00:58,018 [MainThread  ][DEBUG]  Optimization method: Powell
2020-06-17 17:00:58,018 [MainThread  ][DEBUG]  Optimization options: None
2020-06-17 17:00:58,018 [MainThread  ][INFO ]  Initial parameter values: [0.23257541671011084, 0.28877551020408165, -0.0622040426596262]
2020-06-17 17:01:05,588 [MainThread  ][INFO ]  Final fidelity: 0.9516457424137644
2020-06-17 17:01:05,588 [MainThread  ][INFO ]  Final parameters: [ 4.          0.36345014 -3.99999984]
2020-06-17 17:01:05,588 [MainThread  ][INFO ]  Fidelity: 0.9516457424137644
2020-06-17 17:01:05,589 [MainThread  ][INFO ]  ---- Iteration 28/50
2020-06-17 17:01:05,589 [MainThread  ][DEBUG]  Setting hyperparameter tf=0.5959183673469388
2020-06-17 17:01:05,589 [MainThread  ][INFO ]  Starting optimization for tf=0.5959183673469388
2020-06-17 17:01:05,589 [MainThread  ][DEBUG]  Optimization method: Powell
2020-06-17 17:01:05,589 [MainThread  ][DEBUG]  Optimization options: None
2020-06-17 17:01:05,589 [MainThread  ][INFO ]  Initial parameter values: [0.05116790705050733, 0.2979591836734694, -0.9109826763959006]
2020-06-17 17:01:12,959 [MainThread  ][INFO ]  Final fidelity: 0.9582569015424781
2020-06-17 17:01:12,959 [MainThread  ][INFO ]  Final parameters: [ 4.          0.37320974 -4.        ]
2020-06-17 17:01:12,959 [MainThread  ][INFO ]  Fidelity: 0.9582569015424781
2020-06-17 17:01:12,959 [MainThread  ][INFO ]  ---- Iteration 29/50
2020-06-17 17:01:12,960 [MainThread  ][DEBUG]  Setting hyperparameter tf=0.6142857142857143
2020-06-17 17:01:12,960 [MainThread  ][INFO ]  Starting optimization for tf=0.6142857142857143
2020-06-17 17:01:12,960 [MainThread  ][DEBUG]  Optimization method: Powell
2020-06-17 17:01:12,960 [MainThread  ][DEBUG]  Optimization options: None
2020-06-17 17:01:12,960 [MainThread  ][INFO ]  Initial parameter values: [-0.8643612615304332, 0.30714285714285716, -0.49046966128433556]
2020-06-17 17:01:23,168 [MainThread  ][INFO ]  Final fidelity: 0.9640853561553862
2020-06-17 17:01:23,169 [MainThread  ][INFO ]  Final parameters: [ 4.          0.38669448 -3.99999995]
2020-06-17 17:01:23,169 [MainThread  ][INFO ]  Fidelity: 0.9640853561553862
2020-06-17 17:01:23,169 [MainThread  ][INFO ]  ---- Iteration 30/50
2020-06-17 17:01:23,169 [MainThread  ][DEBUG]  Setting hyperparameter tf=0.6326530612244898
2020-06-17 17:01:23,169 [MainThread  ][INFO ]  Starting optimization for tf=0.6326530612244898
2020-06-17 17:01:23,169 [MainThread  ][DEBUG]  Optimization method: Powell
2020-06-17 17:01:23,169 [MainThread  ][DEBUG]  Optimization options: None
2020-06-17 17:01:23,169 [MainThread  ][INFO ]  Initial parameter values: [0.4710006899665329, 0.3163265306122449, -0.19807385456611337]
2020-06-17 17:01:31,426 [MainThread  ][INFO ]  Final fidelity: 0.9693720709693678
2020-06-17 17:01:31,426 [MainThread  ][INFO ]  Final parameters: [ 4.          0.40335813 -3.99999623]
2020-06-17 17:01:31,426 [MainThread  ][INFO ]  Fidelity: 0.9693720709693678
2020-06-17 17:01:31,426 [MainThread  ][INFO ]  ---- Iteration 31/50
2020-06-17 17:01:31,427 [MainThread  ][DEBUG]  Setting hyperparameter tf=0.6510204081632653
2020-06-17 17:01:31,427 [MainThread  ][INFO ]  Starting optimization for tf=0.6510204081632653
2020-06-17 17:01:31,427 [MainThread  ][DEBUG]  Optimization method: Powell
2020-06-17 17:01:31,427 [MainThread  ][DEBUG]  Optimization options: None
2020-06-17 17:01:31,427 [MainThread  ][INFO ]  Initial parameter values: [-0.45032893022091325, 0.32551020408163267, 0.9799448346492159]
2020-06-17 17:01:40,752 [MainThread  ][INFO ]  Final fidelity: 0.9747748394057478
2020-06-17 17:01:40,753 [MainThread  ][INFO ]  Final parameters: [ 4.          0.41480805 -3.99999997]
2020-06-17 17:01:40,753 [MainThread  ][INFO ]  Fidelity: 0.9747748394057478
2020-06-17 17:01:40,753 [MainThread  ][INFO ]  ---- Iteration 32/50
2020-06-17 17:01:40,753 [MainThread  ][DEBUG]  Setting hyperparameter tf=0.6693877551020408
2020-06-17 17:01:40,753 [MainThread  ][INFO ]  Starting optimization for tf=0.6693877551020408
2020-06-17 17:01:40,753 [MainThread  ][DEBUG]  Optimization method: Powell
2020-06-17 17:01:40,753 [MainThread  ][DEBUG]  Optimization options: None
2020-06-17 17:01:40,753 [MainThread  ][INFO ]  Initial parameter values: [-0.05829386508522738, 0.3346938775510204, 0.8746797692365076]
2020-06-17 17:01:51,147 [MainThread  ][INFO ]  Final fidelity: 0.9795515432644839
2020-06-17 17:01:51,147 [MainThread  ][INFO ]  Final parameters: [ 4.          0.42910386 -3.99999996]
2020-06-17 17:01:51,147 [MainThread  ][INFO ]  Fidelity: 0.9795515432644839
2020-06-17 17:01:51,148 [MainThread  ][INFO ]  ---- Iteration 33/50
2020-06-17 17:01:51,148 [MainThread  ][DEBUG]  Setting hyperparameter tf=0.6877551020408164
2020-06-17 17:01:51,148 [MainThread  ][INFO ]  Starting optimization for tf=0.6877551020408164
2020-06-17 17:01:51,148 [MainThread  ][DEBUG]  Optimization method: Powell
2020-06-17 17:01:51,148 [MainThread  ][DEBUG]  Optimization options: None
2020-06-17 17:01:51,148 [MainThread  ][INFO ]  Initial parameter values: [-0.9131752758618583, 0.3438775510204082, 0.8691192392030074]
2020-06-17 17:02:02,347 [MainThread  ][INFO ]  Final fidelity: 0.98389189820725
2020-06-17 17:02:02,348 [MainThread  ][INFO ]  Final parameters: [ 4.          0.4435557  -3.99999998]
2020-06-17 17:02:02,348 [MainThread  ][INFO ]  Fidelity: 0.98389189820725
2020-06-17 17:02:02,348 [MainThread  ][INFO ]  ---- Iteration 34/50
2020-06-17 17:02:02,348 [MainThread  ][DEBUG]  Setting hyperparameter tf=0.7061224489795919
2020-06-17 17:02:02,348 [MainThread  ][INFO ]  Starting optimization for tf=0.7061224489795919
2020-06-17 17:02:02,348 [MainThread  ][DEBUG]  Optimization method: Powell
2020-06-17 17:02:02,348 [MainThread  ][DEBUG]  Optimization options: None
2020-06-17 17:02:02,348 [MainThread  ][INFO ]  Initial parameter values: [0.8861570466154856, 0.35306122448979593, -0.9550076052929941]
2020-06-17 17:02:12,009 [MainThread  ][INFO ]  Final fidelity: 0.9877535408197782
2020-06-17 17:02:12,010 [MainThread  ][INFO ]  Final parameters: [ 4.          0.45824338 -4.        ]
2020-06-17 17:02:12,010 [MainThread  ][INFO ]  Fidelity: 0.9877535408197782
2020-06-17 17:02:12,010 [MainThread  ][INFO ]  ---- Iteration 35/50
2020-06-17 17:02:12,010 [MainThread  ][DEBUG]  Setting hyperparameter tf=0.7244897959183674
2020-06-17 17:02:12,010 [MainThread  ][INFO ]  Starting optimization for tf=0.7244897959183674
2020-06-17 17:02:12,010 [MainThread  ][DEBUG]  Optimization method: Powell
2020-06-17 17:02:12,010 [MainThread  ][DEBUG]  Optimization options: None
2020-06-17 17:02:12,011 [MainThread  ][INFO ]  Initial parameter values: [0.7349657077192395, 0.3622448979591837, 0.8026767948478701]
2020-06-17 17:02:22,132 [MainThread  ][INFO ]  Final fidelity: 0.9910964621673563
2020-06-17 17:02:22,132 [MainThread  ][INFO ]  Final parameters: [ 4.          0.47291554 -4.        ]
2020-06-17 17:02:22,132 [MainThread  ][INFO ]  Fidelity: 0.9910964621673563
2020-06-17 17:02:22,132 [MainThread  ][INFO ]  ---- Iteration 36/50
2020-06-17 17:02:22,133 [MainThread  ][DEBUG]  Setting hyperparameter tf=0.7428571428571429
2020-06-17 17:02:22,133 [MainThread  ][INFO ]  Starting optimization for tf=0.7428571428571429
2020-06-17 17:02:22,133 [MainThread  ][DEBUG]  Optimization method: Powell
2020-06-17 17:02:22,133 [MainThread  ][DEBUG]  Optimization options: None
2020-06-17 17:02:22,133 [MainThread  ][INFO ]  Initial parameter values: [0.7867343874313109, 0.37142857142857144, -0.3083520953887353]
2020-06-17 17:02:33,536 [MainThread  ][INFO ]  Final fidelity: 0.9938809357043021
2020-06-17 17:02:33,536 [MainThread  ][INFO ]  Final parameters: [ 4.          0.48782271 -3.99999995]
2020-06-17 17:02:33,536 [MainThread  ][INFO ]  Fidelity: 0.9938809357043021
2020-06-17 17:02:33,536 [MainThread  ][INFO ]  ---- Iteration 37/50
2020-06-17 17:02:33,537 [MainThread  ][DEBUG]  Setting hyperparameter tf=0.7612244897959184
2020-06-17 17:02:33,537 [MainThread  ][INFO ]  Starting optimization for tf=0.7612244897959184
2020-06-17 17:02:33,537 [MainThread  ][DEBUG]  Optimization method: Powell
2020-06-17 17:02:33,537 [MainThread  ][DEBUG]  Optimization options: None
2020-06-17 17:02:33,537 [MainThread  ][INFO ]  Initial parameter values: [0.01443426310966811, 0.3806122448979592, -0.59765238562911]
2020-06-17 17:02:46,097 [MainThread  ][INFO ]  Final fidelity: 0.9960703679801253
2020-06-17 17:02:46,098 [MainThread  ][INFO ]  Final parameters: [ 4.          0.50286638 -3.99999664]
2020-06-17 17:02:46,098 [MainThread  ][INFO ]  Fidelity: 0.9960703679801253
2020-06-17 17:02:46,098 [MainThread  ][INFO ]  ---- Iteration 38/50
2020-06-17 17:02:46,098 [MainThread  ][DEBUG]  Setting hyperparameter tf=0.7795918367346939
2020-06-17 17:02:46,098 [MainThread  ][INFO ]  Starting optimization for tf=0.7795918367346939
2020-06-17 17:02:46,099 [MainThread  ][DEBUG]  Optimization method: Powell
2020-06-17 17:02:46,099 [MainThread  ][DEBUG]  Optimization options: None
2020-06-17 17:02:46,099 [MainThread  ][INFO ]  Initial parameter values: [0.17458167733290297, 0.38979591836734695, -0.6742689730672005]
2020-06-17 17:02:52,224 [MainThread  ][INFO ]  Final fidelity: 0.9975482424732499
2020-06-17 17:02:52,224 [MainThread  ][INFO ]  Final parameters: [ 4.          0.51947454 -3.99999998]
2020-06-17 17:02:52,224 [MainThread  ][INFO ]  Fidelity: 0.9975482424732499
2020-06-17 17:02:52,224 [MainThread  ][INFO ]  ---- Iteration 39/50
2020-06-17 17:02:52,225 [MainThread  ][DEBUG]  Setting hyperparameter tf=0.7979591836734694
2020-06-17 17:02:52,225 [MainThread  ][INFO ]  Starting optimization for tf=0.7979591836734694
2020-06-17 17:02:52,225 [MainThread  ][DEBUG]  Optimization method: Powell
2020-06-17 17:02:52,225 [MainThread  ][DEBUG]  Optimization options: None
2020-06-17 17:02:52,225 [MainThread  ][INFO ]  Initial parameter values: [-0.8770985497916715, 0.3989795918367347, 0.5650761250011818]
2020-06-17 17:03:00,598 [MainThread  ][INFO ]  Final fidelity: 0.9985241921512127
2020-06-17 17:03:00,598 [MainThread  ][INFO ]  Final parameters: [ 4.          0.53373366 -3.99999987]
2020-06-17 17:03:00,599 [MainThread  ][INFO ]  Fidelity: 0.9985241921512127
2020-06-17 17:03:00,599 [MainThread  ][INFO ]  ---- Iteration 40/50
2020-06-17 17:03:00,599 [MainThread  ][DEBUG]  Setting hyperparameter tf=0.8163265306122449
2020-06-17 17:03:00,599 [MainThread  ][INFO ]  Starting optimization for tf=0.8163265306122449
2020-06-17 17:03:00,599 [MainThread  ][DEBUG]  Optimization method: Powell
2020-06-17 17:03:00,599 [MainThread  ][DEBUG]  Optimization options: None
2020-06-17 17:03:00,599 [MainThread  ][INFO ]  Initial parameter values: [-0.1528689793579474, 0.40816326530612246, 0.3977921741408017]
2020-06-17 17:03:07,679 [MainThread  ][INFO ]  Final fidelity: 0.9985216091300622
2020-06-17 17:03:07,680 [MainThread  ][INFO ]  Final parameters: [ 3.73634315  0.55957218 -3.99999982]
2020-06-17 17:03:07,680 [MainThread  ][INFO ]  Fidelity: 0.9985216091300622
2020-06-17 17:03:07,680 [MainThread  ][INFO ]  ---- Iteration 41/50
2020-06-17 17:03:07,680 [MainThread  ][DEBUG]  Setting hyperparameter tf=0.8346938775510204
2020-06-17 17:03:07,680 [MainThread  ][INFO ]  Starting optimization for tf=0.8346938775510204
2020-06-17 17:03:07,680 [MainThread  ][DEBUG]  Optimization method: Powell
2020-06-17 17:03:07,681 [MainThread  ][DEBUG]  Optimization options: None
2020-06-17 17:03:07,681 [MainThread  ][INFO ]  Initial parameter values: [-0.10725059764383782, 0.4173469387755102, -0.6488537331785325]
2020-06-17 17:03:14,045 [MainThread  ][INFO ]  Final fidelity: 0.9987947275244838
2020-06-17 17:03:14,046 [MainThread  ][INFO ]  Final parameters: [ 4.          0.52907591 -3.25312554]
2020-06-17 17:03:14,046 [MainThread  ][INFO ]  Fidelity: 0.9987947275244838
2020-06-17 17:03:14,046 [MainThread  ][INFO ]  ---- Iteration 42/50
2020-06-17 17:03:14,046 [MainThread  ][DEBUG]  Setting hyperparameter tf=0.8530612244897959
2020-06-17 17:03:14,046 [MainThread  ][INFO ]  Starting optimization for tf=0.8530612244897959
2020-06-17 17:03:14,046 [MainThread  ][DEBUG]  Optimization method: Powell
2020-06-17 17:03:14,047 [MainThread  ][DEBUG]  Optimization options: None
2020-06-17 17:03:14,047 [MainThread  ][INFO ]  Initial parameter values: [0.057896761988084355, 0.42653061224489797, -0.867986907648076]
2020-06-17 17:03:19,828 [MainThread  ][INFO ]  Final fidelity: 0.9988223776878532
2020-06-17 17:03:19,828 [MainThread  ][INFO ]  Final parameters: [ 4.          0.51694014 -2.79025644]
2020-06-17 17:03:19,829 [MainThread  ][INFO ]  Fidelity: 0.9988223776878532
2020-06-17 17:03:19,829 [MainThread  ][INFO ]  ---- Iteration 43/50
2020-06-17 17:03:19,829 [MainThread  ][DEBUG]  Setting hyperparameter tf=0.8714285714285714
2020-06-17 17:03:19,829 [MainThread  ][INFO ]  Starting optimization for tf=0.8714285714285714
2020-06-17 17:03:19,829 [MainThread  ][DEBUG]  Optimization method: Powell
2020-06-17 17:03:19,829 [MainThread  ][DEBUG]  Optimization options: None
2020-06-17 17:03:19,829 [MainThread  ][INFO ]  Initial parameter values: [0.5564143233393999, 0.4357142857142857, 0.4118551086799318]
2020-06-17 17:03:26,166 [MainThread  ][INFO ]  Final fidelity: 0.9988462329658391
2020-06-17 17:03:26,167 [MainThread  ][INFO ]  Final parameters: [ 4.          0.50523746 -2.41163833]
2020-06-17 17:03:26,167 [MainThread  ][INFO ]  Fidelity: 0.9988462329658391
2020-06-17 17:03:26,167 [MainThread  ][INFO ]  ---- Iteration 44/50
2020-06-17 17:03:26,167 [MainThread  ][DEBUG]  Setting hyperparameter tf=0.889795918367347
2020-06-17 17:03:26,167 [MainThread  ][INFO ]  Starting optimization for tf=0.889795918367347
2020-06-17 17:03:26,167 [MainThread  ][DEBUG]  Optimization method: Powell
2020-06-17 17:03:26,167 [MainThread  ][DEBUG]  Optimization options: None
2020-06-17 17:03:26,168 [MainThread  ][INFO ]  Initial parameter values: [-0.10257374733453606, 0.4448979591836735, -0.16805075161394445]
2020-06-17 17:03:31,425 [MainThread  ][INFO ]  Final fidelity: 0.9988669334636651
2020-06-17 17:03:31,425 [MainThread  ][INFO ]  Final parameters: [ 3.99986784  0.49396526 -2.09661984]
2020-06-17 17:03:31,425 [MainThread  ][INFO ]  Fidelity: 0.9988669334636651
2020-06-17 17:03:31,425 [MainThread  ][INFO ]  ---- Iteration 45/50
2020-06-17 17:03:31,426 [MainThread  ][DEBUG]  Setting hyperparameter tf=0.9081632653061225
2020-06-17 17:03:31,426 [MainThread  ][INFO ]  Starting optimization for tf=0.9081632653061225
2020-06-17 17:03:31,426 [MainThread  ][DEBUG]  Optimization method: Powell
2020-06-17 17:03:31,426 [MainThread  ][DEBUG]  Optimization options: None
2020-06-17 17:03:31,426 [MainThread  ][INFO ]  Initial parameter values: [-0.36430132522695136, 0.45408163265306123, -0.9046265462041059]
2020-06-17 17:03:47,709 [MainThread  ][INFO ]  Final fidelity: 0.9988850088053706
2020-06-17 17:03:47,709 [MainThread  ][INFO ]  Final parameters: [ 3.9997184   0.48308265 -1.83051167]
2020-06-17 17:03:47,709 [MainThread  ][INFO ]  Fidelity: 0.9988850088053706
2020-06-17 17:03:47,709 [MainThread  ][INFO ]  ---- Iteration 46/50
2020-06-17 17:03:47,709 [MainThread  ][DEBUG]  Setting hyperparameter tf=0.926530612244898
2020-06-17 17:03:47,710 [MainThread  ][INFO ]  Starting optimization for tf=0.926530612244898
2020-06-17 17:03:47,710 [MainThread  ][DEBUG]  Optimization method: Powell
2020-06-17 17:03:47,710 [MainThread  ][DEBUG]  Optimization options: None
2020-06-17 17:03:47,710 [MainThread  ][INFO ]  Initial parameter values: [-0.7074551261037014, 0.463265306122449, -0.11479596492624267]
2020-06-17 17:03:53,387 [MainThread  ][INFO ]  Final fidelity: 0.998900902871271
2020-06-17 17:03:53,388 [MainThread  ][INFO ]  Final parameters: [ 3.99851666  0.47270929 -1.60367851]
2020-06-17 17:03:53,388 [MainThread  ][INFO ]  Fidelity: 0.998900902871271
2020-06-17 17:03:53,388 [MainThread  ][INFO ]  ---- Iteration 47/50
2020-06-17 17:03:53,389 [MainThread  ][DEBUG]  Setting hyperparameter tf=0.9448979591836735
2020-06-17 17:03:53,389 [MainThread  ][INFO ]  Starting optimization for tf=0.9448979591836735
2020-06-17 17:03:53,389 [MainThread  ][DEBUG]  Optimization method: Powell
2020-06-17 17:03:53,389 [MainThread  ][DEBUG]  Optimization options: None
2020-06-17 17:03:53,389 [MainThread  ][INFO ]  Initial parameter values: [0.8300334578626285, 0.47244897959183674, 0.9308811939271917]
2020-06-17 17:03:59,023 [MainThread  ][INFO ]  Final fidelity: 0.9989281426917863
2020-06-17 17:03:59,024 [MainThread  ][INFO ]  Final parameters: [ 2.75717007  0.70909857 -3.72048163]
2020-06-17 17:03:59,024 [MainThread  ][INFO ]  Fidelity: 0.9989281426917863
2020-06-17 17:03:59,024 [MainThread  ][INFO ]  ---- Iteration 48/50
2020-06-17 17:03:59,024 [MainThread  ][DEBUG]  Setting hyperparameter tf=0.963265306122449
2020-06-17 17:03:59,024 [MainThread  ][INFO ]  Starting optimization for tf=0.963265306122449
2020-06-17 17:03:59,024 [MainThread  ][DEBUG]  Optimization method: Powell
2020-06-17 17:03:59,024 [MainThread  ][DEBUG]  Optimization options: None
2020-06-17 17:03:59,024 [MainThread  ][INFO ]  Initial parameter values: [0.8231985404239088, 0.4816326530612245, 0.588678141433896]
2020-06-17 17:04:09,207 [MainThread  ][INFO ]  Final fidelity: 0.9989275166333813
2020-06-17 17:04:09,207 [MainThread  ][INFO ]  Final parameters: [ 3.99987394  0.45250303 -1.23431049]
2020-06-17 17:04:09,207 [MainThread  ][INFO ]  Fidelity: 0.9989275166333813
2020-06-17 17:04:09,208 [MainThread  ][INFO ]  ---- Iteration 49/50
2020-06-17 17:04:09,208 [MainThread  ][DEBUG]  Setting hyperparameter tf=0.9816326530612246
2020-06-17 17:04:09,208 [MainThread  ][INFO ]  Starting optimization for tf=0.9816326530612246
2020-06-17 17:04:09,208 [MainThread  ][DEBUG]  Optimization method: Powell
2020-06-17 17:04:09,208 [MainThread  ][DEBUG]  Optimization options: None
2020-06-17 17:04:09,208 [MainThread  ][INFO ]  Initial parameter values: [0.3947061232616933, 0.4908163265306123, 0.05699393587802559]
2020-06-17 17:04:15,510 [MainThread  ][INFO ]  Final fidelity: 0.9989388070694158
2020-06-17 17:04:15,510 [MainThread  ][INFO ]  Final parameters: [ 3.99993557  0.44296373 -1.08333908]
2020-06-17 17:04:15,511 [MainThread  ][INFO ]  Fidelity: 0.9989388070694158
2020-06-17 17:04:15,511 [MainThread  ][INFO ]  ---- Iteration 50/50
2020-06-17 17:04:15,511 [MainThread  ][DEBUG]  Setting hyperparameter tf=1.0
2020-06-17 17:04:15,511 [MainThread  ][INFO ]  Starting optimization for tf=1.0
2020-06-17 17:04:15,511 [MainThread  ][DEBUG]  Optimization method: Powell
2020-06-17 17:04:15,511 [MainThread  ][DEBUG]  Optimization options: None
2020-06-17 17:04:15,511 [MainThread  ][INFO ]  Initial parameter values: [0.010747540749588058, 0.5, 0.5034108105459327]
2020-06-17 17:04:22,437 [MainThread  ][INFO ]  Final fidelity: 0.9989490496721078
2020-06-17 17:04:22,438 [MainThread  ][INFO ]  Final parameters: [ 4.          0.43372334 -0.9496232 ]
2020-06-17 17:04:22,438 [MainThread  ][INFO ]  Fidelity: 0.9989490496721078
