2020-06-17 22:22:16,854 [MainThread  ][INFO ]  Output file name will be "lmg_crab4freq_neldermead_bound08_fixedInitialPoints_tf2.csv"
2020-06-17 22:22:16,854 [MainThread  ][DEBUG]  Initializing ProtocolAnsatz instance "crab"
2020-06-17 22:22:16,854 [MainThread  ][DEBUG]  Using 4 frequencies
2020-06-17 22:22:16,854 [MainThread  ][DEBUG]  Setting hyperparameter y0=0
2020-06-17 22:22:16,854 [MainThread  ][DEBUG]  Setting hyperparameter y1=1
2020-06-17 22:22:16,866 [MainThread  ][INFO ]  Using custom protocol ansatz.
2020-06-17 22:22:16,866 [MainThread  ][INFO ]  Using parameters constraints: [[-200, 200], [-200, 200], [-200, 200], [-200, 200], [-200, 200], [-200, 200], [-200, 200], [-200, 200]]
2020-06-17 22:22:16,866 [MainThread  ][INFO ]  Using total height constraint: [-8, 8]
2020-06-17 22:22:16,866 [MainThread  ][INFO ]  ---- Iteration 1/100
2020-06-17 22:22:16,866 [MainThread  ][DEBUG]  Setting hyperparameter tf=0.01
2020-06-17 22:22:16,866 [MainThread  ][INFO ]  Starting optimization for tf=0.01
2020-06-17 22:22:16,867 [MainThread  ][DEBUG]  Optimization method: Nelder-Mead
2020-06-17 22:22:16,867 [MainThread  ][DEBUG]  Optimization options: {'maxiter': 100000.0, 'maxfev': 100000.0, 'xatol': 1e-08, 'fatol': 1e-08, 'adaptive': True}
2020-06-17 22:22:16,867 [MainThread  ][INFO ]  Initial parameter values: [0, 0, 0, 0, 0, 0, 0, 0]
2020-06-17 22:24:20,447 [MainThread  ][INFO ]  Final fidelity: 0.8085118879856604
2020-06-17 22:24:20,448 [MainThread  ][INFO ]  Final parameters: [-198.95265373   29.28459152  -46.18450644  -19.06983272  199.99998652
  -27.91820271   -8.49487365  -28.15388743]
2020-06-17 22:24:20,448 [MainThread  ][INFO ]  Fidelity: 0.8085118879856604
2020-06-17 22:24:20,449 [MainThread  ][INFO ]  ---- Iteration 2/100
2020-06-17 22:24:20,449 [MainThread  ][DEBUG]  Setting hyperparameter tf=0.0301010101010101
2020-06-17 22:24:20,449 [MainThread  ][INFO ]  Starting optimization for tf=0.0301010101010101
2020-06-17 22:24:20,449 [MainThread  ][DEBUG]  Optimization method: Nelder-Mead
2020-06-17 22:24:20,449 [MainThread  ][DEBUG]  Optimization options: {'maxiter': 100000.0, 'maxfev': 100000.0, 'xatol': 1e-08, 'fatol': 1e-08, 'adaptive': True}
2020-06-17 22:24:20,449 [MainThread  ][INFO ]  Initial parameter values: [0, 0, 0, 0, 0, 0, 0, 0]
2020-06-17 22:29:14,596 [MainThread  ][INFO ]  Final fidelity: 0.8085281852836057
2020-06-17 22:29:14,597 [MainThread  ][INFO ]  Final parameters: [-199.28519559 -120.21866556  -71.18821626   37.66472329  199.99999668
 -199.98383505   33.8037329   175.64214893]
2020-06-17 22:29:14,597 [MainThread  ][INFO ]  Fidelity: 0.8085281852836057
2020-06-17 22:29:14,597 [MainThread  ][INFO ]  ---- Iteration 3/100
2020-06-17 22:29:14,597 [MainThread  ][DEBUG]  Setting hyperparameter tf=0.050202020202020206
2020-06-17 22:29:14,597 [MainThread  ][INFO ]  Starting optimization for tf=0.050202020202020206
2020-06-17 22:29:14,597 [MainThread  ][DEBUG]  Optimization method: Nelder-Mead
2020-06-17 22:29:14,598 [MainThread  ][DEBUG]  Optimization options: {'maxiter': 100000.0, 'maxfev': 100000.0, 'xatol': 1e-08, 'fatol': 1e-08, 'adaptive': True}
2020-06-17 22:29:14,598 [MainThread  ][INFO ]  Initial parameter values: [0, 0, 0, 0, 0, 0, 0, 0]
2020-06-17 22:32:28,713 [MainThread  ][INFO ]  Final fidelity: 0.8085616615421795
2020-06-17 22:32:28,714 [MainThread  ][INFO ]  Final parameters: [-199.71453417 -121.5236082   -70.57869238   39.55985571  199.99999995
 -199.99999987   33.01442782  175.03585476]
2020-06-17 22:32:28,714 [MainThread  ][INFO ]  Fidelity: 0.8085616615421795
2020-06-17 22:32:28,714 [MainThread  ][INFO ]  ---- Iteration 4/100
2020-06-17 22:32:28,714 [MainThread  ][DEBUG]  Setting hyperparameter tf=0.0703030303030303
2020-06-17 22:32:28,714 [MainThread  ][INFO ]  Starting optimization for tf=0.0703030303030303
2020-06-17 22:32:28,714 [MainThread  ][DEBUG]  Optimization method: Nelder-Mead
2020-06-17 22:32:28,715 [MainThread  ][DEBUG]  Optimization options: {'maxiter': 100000.0, 'maxfev': 100000.0, 'xatol': 1e-08, 'fatol': 1e-08, 'adaptive': True}
2020-06-17 22:32:28,715 [MainThread  ][INFO ]  Initial parameter values: [0, 0, 0, 0, 0, 0, 0, 0]
2020-06-17 22:37:53,006 [MainThread  ][INFO ]  Final fidelity: 0.808614084162962
2020-06-17 22:37:53,010 [MainThread  ][INFO ]  Final parameters: [-199.9999999  -121.65299292  -70.36645172   39.89814816  199.99999999
 -199.854448     32.87929886  174.83643882]
2020-06-17 22:37:53,010 [MainThread  ][INFO ]  Fidelity: 0.808614084162962
2020-06-17 22:37:53,011 [MainThread  ][INFO ]  ---- Iteration 5/100
2020-06-17 22:37:53,011 [MainThread  ][DEBUG]  Setting hyperparameter tf=0.0904040404040404
2020-06-17 22:37:53,011 [MainThread  ][INFO ]  Starting optimization for tf=0.0904040404040404
2020-06-17 22:37:53,011 [MainThread  ][DEBUG]  Optimization method: Nelder-Mead
2020-06-17 22:37:53,011 [MainThread  ][DEBUG]  Optimization options: {'maxiter': 100000.0, 'maxfev': 100000.0, 'xatol': 1e-08, 'fatol': 1e-08, 'adaptive': True}
2020-06-17 22:37:53,011 [MainThread  ][INFO ]  Initial parameter values: [0, 0, 0, 0, 0, 0, 0, 0]
2020-06-17 22:48:34,666 [MainThread  ][INFO ]  Final fidelity: 0.8086867171695068
2020-06-17 22:48:34,680 [MainThread  ][INFO ]  Final parameters: [-199.99999999 -106.25478034  -66.59980478   37.30406414  175.28430839
 -199.99999995   57.53394866  171.46828628]
2020-06-17 22:48:34,680 [MainThread  ][INFO ]  Fidelity: 0.8086867171695068
2020-06-17 22:48:34,680 [MainThread  ][INFO ]  ---- Iteration 6/100
2020-06-17 22:48:34,680 [MainThread  ][DEBUG]  Setting hyperparameter tf=0.11050505050505051
2020-06-17 22:48:34,681 [MainThread  ][INFO ]  Starting optimization for tf=0.11050505050505051
2020-06-17 22:48:34,681 [MainThread  ][DEBUG]  Optimization method: Nelder-Mead
2020-06-17 22:48:34,681 [MainThread  ][DEBUG]  Optimization options: {'maxiter': 100000.0, 'maxfev': 100000.0, 'xatol': 1e-08, 'fatol': 1e-08, 'adaptive': True}
2020-06-17 22:48:34,681 [MainThread  ][INFO ]  Initial parameter values: [0, 0, 0, 0, 0, 0, 0, 0]
2020-06-17 22:55:43,085 [MainThread  ][INFO ]  Final fidelity: 0.8087833123391306
2020-06-17 22:55:43,085 [MainThread  ][INFO ]  Final parameters: [-199.99999999 -121.26871676  -68.63350833   39.44066627  199.99999999
 -194.8752883    28.97059321  171.41866723]
2020-06-17 22:55:43,086 [MainThread  ][INFO ]  Fidelity: 0.8087833123391306
2020-06-17 22:55:43,086 [MainThread  ][INFO ]  ---- Iteration 7/100
2020-06-17 22:55:43,086 [MainThread  ][DEBUG]  Setting hyperparameter tf=0.13060606060606061
2020-06-17 22:55:43,086 [MainThread  ][INFO ]  Starting optimization for tf=0.13060606060606061
2020-06-17 22:55:43,086 [MainThread  ][DEBUG]  Optimization method: Nelder-Mead
2020-06-17 22:55:43,086 [MainThread  ][DEBUG]  Optimization options: {'maxiter': 100000.0, 'maxfev': 100000.0, 'xatol': 1e-08, 'fatol': 1e-08, 'adaptive': True}
2020-06-17 22:55:43,086 [MainThread  ][INFO ]  Initial parameter values: [0, 0, 0, 0, 0, 0, 0, 0]
2020-06-17 23:00:22,577 [MainThread  ][INFO ]  Final fidelity: 0.8089056177299542
2020-06-17 23:00:22,577 [MainThread  ][INFO ]  Final parameters: [-200.         -116.10309675  -60.68475179   39.77909613  199.99999999
 -176.65273026   16.81585986  158.55000862]
2020-06-17 23:00:22,577 [MainThread  ][INFO ]  Fidelity: 0.8089056177299542
2020-06-17 23:00:22,577 [MainThread  ][INFO ]  ---- Iteration 8/100
2020-06-17 23:00:22,578 [MainThread  ][DEBUG]  Setting hyperparameter tf=0.15070707070707073
2020-06-17 23:00:22,578 [MainThread  ][INFO ]  Starting optimization for tf=0.15070707070707073
2020-06-17 23:00:22,578 [MainThread  ][DEBUG]  Optimization method: Nelder-Mead
2020-06-17 23:00:22,578 [MainThread  ][DEBUG]  Optimization options: {'maxiter': 100000.0, 'maxfev': 100000.0, 'xatol': 1e-08, 'fatol': 1e-08, 'adaptive': True}
2020-06-17 23:00:22,578 [MainThread  ][INFO ]  Initial parameter values: [0, 0, 0, 0, 0, 0, 0, 0]
2020-06-17 23:04:30,365 [MainThread  ][INFO ]  Final fidelity: 0.809059254999335
2020-06-17 23:04:30,365 [MainThread  ][INFO ]  Final parameters: [-200.         -121.69520079  -70.53518987   39.65500211  200.
 -199.99999998   32.98969262  175.0089623 ]
2020-06-17 23:04:30,365 [MainThread  ][INFO ]  Fidelity: 0.809059254999335
2020-06-17 23:04:30,365 [MainThread  ][INFO ]  ---- Iteration 9/100
2020-06-17 23:04:30,366 [MainThread  ][DEBUG]  Setting hyperparameter tf=0.17080808080808083
2020-06-17 23:04:30,366 [MainThread  ][INFO ]  Starting optimization for tf=0.17080808080808083
2020-06-17 23:04:30,366 [MainThread  ][DEBUG]  Optimization method: Nelder-Mead
2020-06-17 23:04:30,366 [MainThread  ][DEBUG]  Optimization options: {'maxiter': 100000.0, 'maxfev': 100000.0, 'xatol': 1e-08, 'fatol': 1e-08, 'adaptive': True}
2020-06-17 23:04:30,366 [MainThread  ][INFO ]  Initial parameter values: [0, 0, 0, 0, 0, 0, 0, 0]
2020-06-17 23:10:08,560 [MainThread  ][INFO ]  Final fidelity: 0.8092474325396316
2020-06-17 23:10:08,561 [MainThread  ][INFO ]  Final parameters: [-200.         -121.69318679  -70.5370488    39.64960281  199.99999998
 -199.99986511   32.99126096  175.01058306]
2020-06-17 23:10:08,561 [MainThread  ][INFO ]  Fidelity: 0.8092474325396316
2020-06-17 23:10:08,561 [MainThread  ][INFO ]  ---- Iteration 10/100
2020-06-17 23:10:08,561 [MainThread  ][DEBUG]  Setting hyperparameter tf=0.19090909090909092
2020-06-17 23:10:08,562 [MainThread  ][INFO ]  Starting optimization for tf=0.19090909090909092
2020-06-17 23:10:08,562 [MainThread  ][DEBUG]  Optimization method: Nelder-Mead
2020-06-17 23:10:08,562 [MainThread  ][DEBUG]  Optimization options: {'maxiter': 100000.0, 'maxfev': 100000.0, 'xatol': 1e-08, 'fatol': 1e-08, 'adaptive': True}
2020-06-17 23:10:08,562 [MainThread  ][INFO ]  Initial parameter values: [0, 0, 0, 0, 0, 0, 0, 0]
2020-06-17 23:16:53,199 [MainThread  ][INFO ]  Final fidelity: 0.8094758561912881
2020-06-17 23:16:53,200 [MainThread  ][INFO ]  Final parameters: [-199.99999999 -121.67326658  -70.50796144   39.64392968  200.
 -199.92580825   32.94180702  174.96030311]
2020-06-17 23:16:53,200 [MainThread  ][INFO ]  Fidelity: 0.8094758561912881
2020-06-17 23:16:53,200 [MainThread  ][INFO ]  ---- Iteration 11/100
2020-06-17 23:16:53,200 [MainThread  ][DEBUG]  Setting hyperparameter tf=0.21101010101010104
2020-06-17 23:16:53,200 [MainThread  ][INFO ]  Starting optimization for tf=0.21101010101010104
2020-06-17 23:16:53,200 [MainThread  ][DEBUG]  Optimization method: Nelder-Mead
2020-06-17 23:16:53,200 [MainThread  ][DEBUG]  Optimization options: {'maxiter': 100000.0, 'maxfev': 100000.0, 'xatol': 1e-08, 'fatol': 1e-08, 'adaptive': True}
2020-06-17 23:16:53,200 [MainThread  ][INFO ]  Initial parameter values: [0, 0, 0, 0, 0, 0, 0, 0]
2020-06-17 23:23:37,666 [MainThread  ][INFO ]  Final fidelity: 0.8097504059752371
2020-06-17 23:23:37,666 [MainThread  ][INFO ]  Final parameters: [-200.         -121.65650477  -70.56308633   39.56118211  199.99906726
 -199.98795938   33.01161972  175.03019119]
2020-06-17 23:23:37,666 [MainThread  ][INFO ]  Fidelity: 0.8097504059752371
2020-06-17 23:23:37,667 [MainThread  ][INFO ]  ---- Iteration 12/100
2020-06-17 23:23:37,667 [MainThread  ][DEBUG]  Setting hyperparameter tf=0.23111111111111113
2020-06-17 23:23:37,667 [MainThread  ][INFO ]  Starting optimization for tf=0.23111111111111113
2020-06-17 23:23:37,667 [MainThread  ][DEBUG]  Optimization method: Nelder-Mead
2020-06-17 23:23:37,667 [MainThread  ][DEBUG]  Optimization options: {'maxiter': 100000.0, 'maxfev': 100000.0, 'xatol': 1e-08, 'fatol': 1e-08, 'adaptive': True}
2020-06-17 23:23:37,667 [MainThread  ][INFO ]  Initial parameter values: [0, 0, 0, 0, 0, 0, 0, 0]
2020-06-17 23:27:49,430 [MainThread  ][INFO ]  Final fidelity: 0.810076246210993
2020-06-17 23:27:49,431 [MainThread  ][INFO ]  Final parameters: [-199.094243   -121.91728439  -70.73198305   39.57807939  200.
 -199.99999999   32.57033515  174.9788439 ]
2020-06-17 23:27:49,431 [MainThread  ][INFO ]  Fidelity: 0.810076246210993
2020-06-17 23:27:49,431 [MainThread  ][INFO ]  ---- Iteration 13/100
2020-06-17 23:27:49,431 [MainThread  ][DEBUG]  Setting hyperparameter tf=0.2512121212121212
2020-06-17 23:27:49,431 [MainThread  ][INFO ]  Starting optimization for tf=0.2512121212121212
2020-06-17 23:27:49,431 [MainThread  ][DEBUG]  Optimization method: Nelder-Mead
2020-06-17 23:27:49,431 [MainThread  ][DEBUG]  Optimization options: {'maxiter': 100000.0, 'maxfev': 100000.0, 'xatol': 1e-08, 'fatol': 1e-08, 'adaptive': True}
2020-06-17 23:27:49,431 [MainThread  ][INFO ]  Initial parameter values: [0, 0, 0, 0, 0, 0, 0, 0]
2020-06-17 23:34:39,791 [MainThread  ][INFO ]  Final fidelity: 0.8104646056798499
2020-06-17 23:34:39,792 [MainThread  ][INFO ]  Final parameters: [-200.         -121.66059121  -70.52415132   39.60700015  199.99999683
 -199.93353447   32.95902128  174.97751311]
2020-06-17 23:34:39,792 [MainThread  ][INFO ]  Fidelity: 0.8104646056798499
2020-06-17 23:34:39,792 [MainThread  ][INFO ]  ---- Iteration 14/100
2020-06-17 23:34:39,792 [MainThread  ][DEBUG]  Setting hyperparameter tf=0.27131313131313134
2020-06-17 23:34:39,792 [MainThread  ][INFO ]  Starting optimization for tf=0.27131313131313134
2020-06-17 23:34:39,792 [MainThread  ][DEBUG]  Optimization method: Nelder-Mead
2020-06-17 23:34:39,792 [MainThread  ][DEBUG]  Optimization options: {'maxiter': 100000.0, 'maxfev': 100000.0, 'xatol': 1e-08, 'fatol': 1e-08, 'adaptive': True}
2020-06-17 23:34:39,792 [MainThread  ][INFO ]  Initial parameter values: [0, 0, 0, 0, 0, 0, 0, 0]
2020-06-17 23:40:21,785 [MainThread  ][INFO ]  Final fidelity: 0.8109192567381316
2020-06-17 23:40:21,785 [MainThread  ][INFO ]  Final parameters: [-200.         -121.70884217  -70.51353739   39.71082639  199.99219387
 -199.99994054   32.98105     174.98990918]
2020-06-17 23:40:21,785 [MainThread  ][INFO ]  Fidelity: 0.8109192567381316
2020-06-17 23:40:21,785 [MainThread  ][INFO ]  ---- Iteration 15/100
2020-06-17 23:40:21,786 [MainThread  ][DEBUG]  Setting hyperparameter tf=0.29141414141414146
2020-06-17 23:40:21,786 [MainThread  ][INFO ]  Starting optimization for tf=0.29141414141414146
2020-06-17 23:40:21,786 [MainThread  ][DEBUG]  Optimization method: Nelder-Mead
2020-06-17 23:40:21,786 [MainThread  ][DEBUG]  Optimization options: {'maxiter': 100000.0, 'maxfev': 100000.0, 'xatol': 1e-08, 'fatol': 1e-08, 'adaptive': True}
2020-06-17 23:40:21,786 [MainThread  ][INFO ]  Initial parameter values: [0, 0, 0, 0, 0, 0, 0, 0]
2020-06-17 23:45:31,635 [MainThread  ][INFO ]  Final fidelity: 0.8114503699789939
2020-06-17 23:45:31,635 [MainThread  ][INFO ]  Final parameters: [-200.         -122.341525    -70.27469396   40.42507662  200.
 -199.8810848    32.46723166  174.66340643]
2020-06-17 23:45:31,636 [MainThread  ][INFO ]  Fidelity: 0.8114503699789939
2020-06-17 23:45:31,636 [MainThread  ][INFO ]  ---- Iteration 16/100
2020-06-17 23:45:31,636 [MainThread  ][DEBUG]  Setting hyperparameter tf=0.3115151515151515
2020-06-17 23:45:31,636 [MainThread  ][INFO ]  Starting optimization for tf=0.3115151515151515
2020-06-17 23:45:31,636 [MainThread  ][DEBUG]  Optimization method: Nelder-Mead
2020-06-17 23:45:31,636 [MainThread  ][DEBUG]  Optimization options: {'maxiter': 100000.0, 'maxfev': 100000.0, 'xatol': 1e-08, 'fatol': 1e-08, 'adaptive': True}
2020-06-17 23:45:31,636 [MainThread  ][INFO ]  Initial parameter values: [0, 0, 0, 0, 0, 0, 0, 0]
2020-06-17 23:49:28,506 [MainThread  ][INFO ]  Final fidelity: 0.812063740017763
2020-06-17 23:49:28,506 [MainThread  ][INFO ]  Final parameters: [-200.         -121.39417166  -68.67765566   40.28500547  200.
 -195.93516574   29.74981131  171.92960254]
2020-06-17 23:49:28,506 [MainThread  ][INFO ]  Fidelity: 0.812063740017763
2020-06-17 23:49:28,506 [MainThread  ][INFO ]  ---- Iteration 17/100
2020-06-17 23:49:28,506 [MainThread  ][DEBUG]  Setting hyperparameter tf=0.33161616161616164
2020-06-17 23:49:28,506 [MainThread  ][INFO ]  Starting optimization for tf=0.33161616161616164
2020-06-17 23:49:28,506 [MainThread  ][DEBUG]  Optimization method: Nelder-Mead
2020-06-17 23:49:28,506 [MainThread  ][DEBUG]  Optimization options: {'maxiter': 100000.0, 'maxfev': 100000.0, 'xatol': 1e-08, 'fatol': 1e-08, 'adaptive': True}
2020-06-17 23:49:28,507 [MainThread  ][INFO ]  Initial parameter values: [0, 0, 0, 0, 0, 0, 0, 0]
2020-06-17 23:55:45,860 [MainThread  ][INFO ]  Final fidelity: 0.8127757707663127
2020-06-17 23:55:45,861 [MainThread  ][INFO ]  Final parameters: [-200.         -122.12566987  -70.22872499   40.47654377  199.63928762
 -200.           32.90727204  174.67023878]
2020-06-17 23:55:45,861 [MainThread  ][INFO ]  Fidelity: 0.8127757707663127
2020-06-17 23:55:45,861 [MainThread  ][INFO ]  ---- Iteration 18/100
2020-06-17 23:55:45,861 [MainThread  ][DEBUG]  Setting hyperparameter tf=0.35171717171717176
2020-06-17 23:55:45,861 [MainThread  ][INFO ]  Starting optimization for tf=0.35171717171717176
2020-06-17 23:55:45,861 [MainThread  ][DEBUG]  Optimization method: Nelder-Mead
2020-06-17 23:55:45,862 [MainThread  ][DEBUG]  Optimization options: {'maxiter': 100000.0, 'maxfev': 100000.0, 'xatol': 1e-08, 'fatol': 1e-08, 'adaptive': True}
2020-06-17 23:55:45,862 [MainThread  ][INFO ]  Initial parameter values: [0, 0, 0, 0, 0, 0, 0, 0]
2020-06-18 00:01:10,926 [MainThread  ][INFO ]  Final fidelity: 0.8135917319330288
2020-06-18 00:01:10,927 [MainThread  ][INFO ]  Final parameters: [-200.         -122.39439932  -70.0120899    41.21433781  199.68053106
 -200.           32.54905842  174.42423218]
2020-06-18 00:01:10,927 [MainThread  ][INFO ]  Fidelity: 0.8135917319330288
2020-06-18 00:01:10,927 [MainThread  ][INFO ]  ---- Iteration 19/100
2020-06-18 00:01:10,927 [MainThread  ][DEBUG]  Setting hyperparameter tf=0.3718181818181818
2020-06-18 00:01:10,927 [MainThread  ][INFO ]  Starting optimization for tf=0.3718181818181818
2020-06-18 00:01:10,927 [MainThread  ][DEBUG]  Optimization method: Nelder-Mead
2020-06-18 00:01:10,927 [MainThread  ][DEBUG]  Optimization options: {'maxiter': 100000.0, 'maxfev': 100000.0, 'xatol': 1e-08, 'fatol': 1e-08, 'adaptive': True}
2020-06-18 00:01:10,928 [MainThread  ][INFO ]  Initial parameter values: [0, 0, 0, 0, 0, 0, 0, 0]
2020-06-18 00:05:10,207 [MainThread  ][INFO ]  Final fidelity: 0.81451762572354
2020-06-18 00:05:10,208 [MainThread  ][INFO ]  Final parameters: [-200.         -119.75582268  -70.42212598   38.15186358  199.99999999
 -199.26852065   33.94211907  175.09401207]
2020-06-18 00:05:10,208 [MainThread  ][INFO ]  Fidelity: 0.81451762572354
2020-06-18 00:05:10,208 [MainThread  ][INFO ]  ---- Iteration 20/100
2020-06-18 00:05:10,208 [MainThread  ][DEBUG]  Setting hyperparameter tf=0.39191919191919194
2020-06-18 00:05:10,208 [MainThread  ][INFO ]  Starting optimization for tf=0.39191919191919194
2020-06-18 00:05:10,208 [MainThread  ][DEBUG]  Optimization method: Nelder-Mead
2020-06-18 00:05:10,208 [MainThread  ][DEBUG]  Optimization options: {'maxiter': 100000.0, 'maxfev': 100000.0, 'xatol': 1e-08, 'fatol': 1e-08, 'adaptive': True}
2020-06-18 00:05:10,208 [MainThread  ][INFO ]  Initial parameter values: [0, 0, 0, 0, 0, 0, 0, 0]
2020-06-18 00:10:11,871 [MainThread  ][INFO ]  Final fidelity: 0.8155752162339924
2020-06-18 00:10:11,871 [MainThread  ][INFO ]  Final parameters: [-200.         -121.41314414  -68.09829959   40.40608957  200.
 -194.49041698   28.49927966  170.85215141]
2020-06-18 00:10:11,871 [MainThread  ][INFO ]  Fidelity: 0.8155752162339924
2020-06-18 00:10:11,871 [MainThread  ][INFO ]  ---- Iteration 21/100
2020-06-18 00:10:11,872 [MainThread  ][DEBUG]  Setting hyperparameter tf=0.41202020202020206
2020-06-18 00:10:11,872 [MainThread  ][INFO ]  Starting optimization for tf=0.41202020202020206
2020-06-18 00:10:11,872 [MainThread  ][DEBUG]  Optimization method: Nelder-Mead
2020-06-18 00:10:11,872 [MainThread  ][DEBUG]  Optimization options: {'maxiter': 100000.0, 'maxfev': 100000.0, 'xatol': 1e-08, 'fatol': 1e-08, 'adaptive': True}
2020-06-18 00:10:11,872 [MainThread  ][INFO ]  Initial parameter values: [0, 0, 0, 0, 0, 0, 0, 0]
2020-06-18 00:16:29,385 [MainThread  ][INFO ]  Final fidelity: 0.8167747532128697
2020-06-18 00:16:29,386 [MainThread  ][INFO ]  Final parameters: [-200.         -122.13520127  -70.2497115    40.34268698  199.08562762
 -199.99999999   33.23537763  174.59110698]
2020-06-18 00:16:29,386 [MainThread  ][INFO ]  Fidelity: 0.8167747532128697
2020-06-18 00:16:29,386 [MainThread  ][INFO ]  ---- Iteration 22/100
2020-06-18 00:16:29,386 [MainThread  ][DEBUG]  Setting hyperparameter tf=0.43212121212121213
2020-06-18 00:16:29,386 [MainThread  ][INFO ]  Starting optimization for tf=0.43212121212121213
2020-06-18 00:16:29,386 [MainThread  ][DEBUG]  Optimization method: Nelder-Mead
2020-06-18 00:16:29,386 [MainThread  ][DEBUG]  Optimization options: {'maxiter': 100000.0, 'maxfev': 100000.0, 'xatol': 1e-08, 'fatol': 1e-08, 'adaptive': True}
2020-06-18 00:16:29,386 [MainThread  ][INFO ]  Initial parameter values: [0, 0, 0, 0, 0, 0, 0, 0]
2020-06-18 00:19:18,547 [MainThread  ][INFO ]  Final fidelity: 0.8181247654230102
2020-06-18 00:19:18,548 [MainThread  ][INFO ]  Final parameters: [-200.         -121.91478655  -68.85576795   41.45795606  199.99999999
 -197.48420191   30.63438429  172.66397043]
2020-06-18 00:19:18,548 [MainThread  ][INFO ]  Fidelity: 0.8181247654230102
2020-06-18 00:19:18,548 [MainThread  ][INFO ]  ---- Iteration 23/100
2020-06-18 00:19:18,548 [MainThread  ][DEBUG]  Setting hyperparameter tf=0.45222222222222225
2020-06-18 00:19:18,548 [MainThread  ][INFO ]  Starting optimization for tf=0.45222222222222225
2020-06-18 00:19:18,549 [MainThread  ][DEBUG]  Optimization method: Nelder-Mead
2020-06-18 00:19:18,549 [MainThread  ][DEBUG]  Optimization options: {'maxiter': 100000.0, 'maxfev': 100000.0, 'xatol': 1e-08, 'fatol': 1e-08, 'adaptive': True}
2020-06-18 00:19:18,549 [MainThread  ][INFO ]  Initial parameter values: [0, 0, 0, 0, 0, 0, 0, 0]
2020-06-18 00:27:58,475 [MainThread  ][INFO ]  Final fidelity: 0.8196419367335571
2020-06-18 00:27:58,476 [MainThread  ][INFO ]  Final parameters: [-200.         -121.96296213  -70.28219096   40.35882689  200.
 -199.99999683   32.78057516  174.7873508 ]
2020-06-18 00:27:58,476 [MainThread  ][INFO ]  Fidelity: 0.8196419367335571
2020-06-18 00:27:58,476 [MainThread  ][INFO ]  ---- Iteration 24/100
2020-06-18 00:27:58,476 [MainThread  ][DEBUG]  Setting hyperparameter tf=0.47232323232323237
2020-06-18 00:27:58,476 [MainThread  ][INFO ]  Starting optimization for tf=0.47232323232323237
2020-06-18 00:27:58,476 [MainThread  ][DEBUG]  Optimization method: Nelder-Mead
2020-06-18 00:27:58,476 [MainThread  ][DEBUG]  Optimization options: {'maxiter': 100000.0, 'maxfev': 100000.0, 'xatol': 1e-08, 'fatol': 1e-08, 'adaptive': True}
2020-06-18 00:27:58,476 [MainThread  ][INFO ]  Initial parameter values: [0, 0, 0, 0, 0, 0, 0, 0]
2020-06-18 00:36:44,511 [MainThread  ][INFO ]  Final fidelity: 0.8213275570991657
2020-06-18 00:36:44,512 [MainThread  ][INFO ]  Final parameters: [-199.9968211  -120.89710882  -70.77578908   38.73395792  200.
 -199.99999999   33.54356083  175.32787378]
2020-06-18 00:36:44,512 [MainThread  ][INFO ]  Fidelity: 0.8213275570991657
2020-06-18 00:36:44,512 [MainThread  ][INFO ]  ---- Iteration 25/100
2020-06-18 00:36:44,512 [MainThread  ][DEBUG]  Setting hyperparameter tf=0.49242424242424243
2020-06-18 00:36:44,512 [MainThread  ][INFO ]  Starting optimization for tf=0.49242424242424243
2020-06-18 00:36:44,512 [MainThread  ][DEBUG]  Optimization method: Nelder-Mead
2020-06-18 00:36:44,512 [MainThread  ][DEBUG]  Optimization options: {'maxiter': 100000.0, 'maxfev': 100000.0, 'xatol': 1e-08, 'fatol': 1e-08, 'adaptive': True}
2020-06-18 00:36:44,512 [MainThread  ][INFO ]  Initial parameter values: [0, 0, 0, 0, 0, 0, 0, 0]
2020-06-18 00:39:26,305 [MainThread  ][INFO ]  Final fidelity: 0.8229693556925831
2020-06-18 00:39:26,305 [MainThread  ][INFO ]  Final parameters: [-191.48869084 -124.26683932  -72.29605149   39.32871698  200.
 -199.99999999   28.75600578  174.58594714]
2020-06-18 00:39:26,305 [MainThread  ][INFO ]  Fidelity: 0.8229693556925831
2020-06-18 00:39:26,305 [MainThread  ][INFO ]  ---- Iteration 26/100
2020-06-18 00:39:26,306 [MainThread  ][DEBUG]  Setting hyperparameter tf=0.5125252525252526
2020-06-18 00:39:26,306 [MainThread  ][INFO ]  Starting optimization for tf=0.5125252525252526
2020-06-18 00:39:26,306 [MainThread  ][DEBUG]  Optimization method: Nelder-Mead
2020-06-18 00:39:26,306 [MainThread  ][DEBUG]  Optimization options: {'maxiter': 100000.0, 'maxfev': 100000.0, 'xatol': 1e-08, 'fatol': 1e-08, 'adaptive': True}
2020-06-18 00:39:26,306 [MainThread  ][INFO ]  Initial parameter values: [0, 0, 0, 0, 0, 0, 0, 0]
2020-06-18 00:47:48,361 [MainThread  ][INFO ]  Final fidelity: 0.8253059460856789
2020-06-18 00:47:48,361 [MainThread  ][INFO ]  Final parameters: [-199.99999675 -122.35421906  -70.44657959   40.12445805  200.
 -199.99999999   32.59283935  174.83855281]
2020-06-18 00:47:48,361 [MainThread  ][INFO ]  Fidelity: 0.8253059460856789
2020-06-18 00:47:48,362 [MainThread  ][INFO ]  ---- Iteration 27/100
2020-06-18 00:47:48,362 [MainThread  ][DEBUG]  Setting hyperparameter tf=0.5326262626262627
2020-06-18 00:47:48,362 [MainThread  ][INFO ]  Starting optimization for tf=0.5326262626262627
2020-06-18 00:47:48,362 [MainThread  ][DEBUG]  Optimization method: Nelder-Mead
2020-06-18 00:47:48,362 [MainThread  ][DEBUG]  Optimization options: {'maxiter': 100000.0, 'maxfev': 100000.0, 'xatol': 1e-08, 'fatol': 1e-08, 'adaptive': True}
2020-06-18 00:47:48,362 [MainThread  ][INFO ]  Initial parameter values: [0, 0, 0, 0, 0, 0, 0, 0]
2020-06-18 00:53:58,066 [MainThread  ][INFO ]  Final fidelity: 0.8276117498562685
2020-06-18 00:53:58,067 [MainThread  ][INFO ]  Final parameters: [-200.         -123.49528108  -68.19480894   42.83711448  200.
 -196.64088298   29.01706138  171.58500799]
2020-06-18 00:53:58,067 [MainThread  ][INFO ]  Fidelity: 0.8276117498562685
2020-06-18 00:53:58,067 [MainThread  ][INFO ]  ---- Iteration 28/100
2020-06-18 00:53:58,067 [MainThread  ][DEBUG]  Setting hyperparameter tf=0.5527272727272727
2020-06-18 00:53:58,067 [MainThread  ][INFO ]  Starting optimization for tf=0.5527272727272727
2020-06-18 00:53:58,067 [MainThread  ][DEBUG]  Optimization method: Nelder-Mead
2020-06-18 00:53:58,067 [MainThread  ][DEBUG]  Optimization options: {'maxiter': 100000.0, 'maxfev': 100000.0, 'xatol': 1e-08, 'fatol': 1e-08, 'adaptive': True}
2020-06-18 00:53:58,067 [MainThread  ][INFO ]  Initial parameter values: [0, 0, 0, 0, 0, 0, 0, 0]
2020-06-18 01:02:18,835 [MainThread  ][INFO ]  Final fidelity: 0.8301491820200245
2020-06-18 01:02:18,836 [MainThread  ][INFO ]  Final parameters: [-200.         -122.002409    -70.43057016   40.03278749  199.99999826
 -199.99999999   32.77967148  174.88024605]
2020-06-18 01:02:18,836 [MainThread  ][INFO ]  Fidelity: 0.8301491820200245
2020-06-18 01:02:18,836 [MainThread  ][INFO ]  ---- Iteration 29/100
2020-06-18 01:02:18,836 [MainThread  ][DEBUG]  Setting hyperparameter tf=0.5728282828282829
2020-06-18 01:02:18,836 [MainThread  ][INFO ]  Starting optimization for tf=0.5728282828282829
2020-06-18 01:02:18,836 [MainThread  ][DEBUG]  Optimization method: Nelder-Mead
2020-06-18 01:02:18,837 [MainThread  ][DEBUG]  Optimization options: {'maxiter': 100000.0, 'maxfev': 100000.0, 'xatol': 1e-08, 'fatol': 1e-08, 'adaptive': True}
2020-06-18 01:02:18,837 [MainThread  ][INFO ]  Initial parameter values: [0, 0, 0, 0, 0, 0, 0, 0]
2020-06-18 01:06:40,232 [MainThread  ][INFO ]  Final fidelity: 0.8329338870909792
2020-06-18 01:06:40,233 [MainThread  ][INFO ]  Final parameters: [-200.         -121.95543405  -70.41891386   40.01903168  200.
 -199.97859932   32.79237701  174.87195915]
2020-06-18 01:06:40,233 [MainThread  ][INFO ]  Fidelity: 0.8329338870909792
2020-06-18 01:06:40,233 [MainThread  ][INFO ]  ---- Iteration 30/100
2020-06-18 01:06:40,234 [MainThread  ][DEBUG]  Setting hyperparameter tf=0.592929292929293
2020-06-18 01:06:40,234 [MainThread  ][INFO ]  Starting optimization for tf=0.592929292929293
2020-06-18 01:06:40,234 [MainThread  ][DEBUG]  Optimization method: Nelder-Mead
2020-06-18 01:06:40,234 [MainThread  ][DEBUG]  Optimization options: {'maxiter': 100000.0, 'maxfev': 100000.0, 'xatol': 1e-08, 'fatol': 1e-08, 'adaptive': True}
2020-06-18 01:06:40,234 [MainThread  ][INFO ]  Initial parameter values: [0, 0, 0, 0, 0, 0, 0, 0]
2020-06-18 01:09:58,190 [MainThread  ][INFO ]  Final fidelity: 0.8359386467347326
2020-06-18 01:09:58,190 [MainThread  ][INFO ]  Final parameters: [-200.         -120.41404594  -68.27948225   39.98689438  200.
 -195.01683803   29.57997404  171.41389622]
2020-06-18 01:09:58,190 [MainThread  ][INFO ]  Fidelity: 0.8359386467347326
2020-06-18 01:09:58,190 [MainThread  ][INFO ]  ---- Iteration 31/100
2020-06-18 01:09:58,191 [MainThread  ][DEBUG]  Setting hyperparameter tf=0.613030303030303
2020-06-18 01:09:58,191 [MainThread  ][INFO ]  Starting optimization for tf=0.613030303030303
2020-06-18 01:09:58,191 [MainThread  ][DEBUG]  Optimization method: Nelder-Mead
2020-06-18 01:09:58,191 [MainThread  ][DEBUG]  Optimization options: {'maxiter': 100000.0, 'maxfev': 100000.0, 'xatol': 1e-08, 'fatol': 1e-08, 'adaptive': True}
2020-06-18 01:09:58,191 [MainThread  ][INFO ]  Initial parameter values: [0, 0, 0, 0, 0, 0, 0, 0]
2020-06-18 01:13:50,779 [MainThread  ][INFO ]  Final fidelity: 0.8390478832563043
2020-06-18 01:13:50,780 [MainThread  ][INFO ]  Final parameters: [-200.         -115.02406748  -57.47788424   38.66503872  200.
 -167.4057678     9.87642129  152.31667578]
2020-06-18 01:13:50,780 [MainThread  ][INFO ]  Fidelity: 0.8390478832563043
2020-06-18 01:13:50,780 [MainThread  ][INFO ]  ---- Iteration 32/100
2020-06-18 01:13:50,780 [MainThread  ][DEBUG]  Setting hyperparameter tf=0.6331313131313132
2020-06-18 01:13:50,780 [MainThread  ][INFO ]  Starting optimization for tf=0.6331313131313132
2020-06-18 01:13:50,780 [MainThread  ][DEBUG]  Optimization method: Nelder-Mead
2020-06-18 01:13:50,780 [MainThread  ][DEBUG]  Optimization options: {'maxiter': 100000.0, 'maxfev': 100000.0, 'xatol': 1e-08, 'fatol': 1e-08, 'adaptive': True}
2020-06-18 01:13:50,780 [MainThread  ][INFO ]  Initial parameter values: [0, 0, 0, 0, 0, 0, 0, 0]
2020-06-18 01:23:38,702 [MainThread  ][INFO ]  Final fidelity: 0.8428982633123345
2020-06-18 01:23:38,703 [MainThread  ][INFO ]  Final parameters: [-200.         -122.58053885  -69.7449182    41.78730232  199.99966114
 -199.99999999   32.4068352   174.35028031]
2020-06-18 01:23:38,703 [MainThread  ][INFO ]  Fidelity: 0.8428982633123345
2020-06-18 01:23:38,703 [MainThread  ][INFO ]  ---- Iteration 33/100
2020-06-18 01:23:38,703 [MainThread  ][DEBUG]  Setting hyperparameter tf=0.6532323232323233
2020-06-18 01:23:38,703 [MainThread  ][INFO ]  Starting optimization for tf=0.6532323232323233
2020-06-18 01:23:38,703 [MainThread  ][DEBUG]  Optimization method: Nelder-Mead
2020-06-18 01:23:38,704 [MainThread  ][DEBUG]  Optimization options: {'maxiter': 100000.0, 'maxfev': 100000.0, 'xatol': 1e-08, 'fatol': 1e-08, 'adaptive': True}
2020-06-18 01:23:38,704 [MainThread  ][INFO ]  Initial parameter values: [0, 0, 0, 0, 0, 0, 0, 0]
2020-06-18 01:34:20,246 [MainThread  ][INFO ]  Final fidelity: 0.8468405163737667
2020-06-18 01:34:20,247 [MainThread  ][INFO ]  Final parameters: [-200.         -125.6399658   -70.94787633   40.35980221  199.99997573
 -199.99999708   30.6750982   174.58751974]
2020-06-18 01:34:20,247 [MainThread  ][INFO ]  Fidelity: 0.8468405163737667
2020-06-18 01:34:20,247 [MainThread  ][INFO ]  ---- Iteration 34/100
2020-06-18 01:34:20,247 [MainThread  ][DEBUG]  Setting hyperparameter tf=0.6733333333333333
2020-06-18 01:34:20,247 [MainThread  ][INFO ]  Starting optimization for tf=0.6733333333333333
2020-06-18 01:34:20,247 [MainThread  ][DEBUG]  Optimization method: Nelder-Mead
2020-06-18 01:34:20,247 [MainThread  ][DEBUG]  Optimization options: {'maxiter': 100000.0, 'maxfev': 100000.0, 'xatol': 1e-08, 'fatol': 1e-08, 'adaptive': True}
2020-06-18 01:34:20,247 [MainThread  ][INFO ]  Initial parameter values: [0, 0, 0, 0, 0, 0, 0, 0]
2020-06-18 01:41:55,027 [MainThread  ][INFO ]  Final fidelity: 0.8508443067375482
2020-06-18 01:41:55,027 [MainThread  ][INFO ]  Final parameters: [-200.         -116.41088002  -72.31769837   32.84354243  199.85770763
 -200.           37.06467014  177.34968389]
2020-06-18 01:41:55,028 [MainThread  ][INFO ]  Fidelity: 0.8508443067375482
2020-06-18 01:41:55,028 [MainThread  ][INFO ]  ---- Iteration 35/100
2020-06-18 01:41:55,028 [MainThread  ][DEBUG]  Setting hyperparameter tf=0.6934343434343435
2020-06-18 01:41:55,028 [MainThread  ][INFO ]  Starting optimization for tf=0.6934343434343435
2020-06-18 01:41:55,028 [MainThread  ][DEBUG]  Optimization method: Nelder-Mead
2020-06-18 01:41:55,028 [MainThread  ][DEBUG]  Optimization options: {'maxiter': 100000.0, 'maxfev': 100000.0, 'xatol': 1e-08, 'fatol': 1e-08, 'adaptive': True}
2020-06-18 01:41:55,028 [MainThread  ][INFO ]  Initial parameter values: [0, 0, 0, 0, 0, 0, 0, 0]
2020-06-18 01:48:59,772 [MainThread  ][INFO ]  Final fidelity: 0.855444652045883
2020-06-18 01:48:59,773 [MainThread  ][INFO ]  Final parameters: [-199.99994219 -122.21650152  -70.46735681   40.01625642  199.99997641
 -200.           32.6813108   174.87775576]
2020-06-18 01:48:59,773 [MainThread  ][INFO ]  Fidelity: 0.855444652045883
2020-06-18 01:48:59,773 [MainThread  ][INFO ]  ---- Iteration 36/100
2020-06-18 01:48:59,773 [MainThread  ][DEBUG]  Setting hyperparameter tf=0.7135353535353536
2020-06-18 01:48:59,773 [MainThread  ][INFO ]  Starting optimization for tf=0.7135353535353536
2020-06-18 01:48:59,773 [MainThread  ][DEBUG]  Optimization method: Nelder-Mead
2020-06-18 01:48:59,773 [MainThread  ][DEBUG]  Optimization options: {'maxiter': 100000.0, 'maxfev': 100000.0, 'xatol': 1e-08, 'fatol': 1e-08, 'adaptive': True}
2020-06-18 01:48:59,774 [MainThread  ][INFO ]  Initial parameter values: [0, 0, 0, 0, 0, 0, 0, 0]
2020-06-18 01:56:12,065 [MainThread  ][INFO ]  Final fidelity: 0.8602245655475342
2020-06-18 01:56:12,065 [MainThread  ][INFO ]  Final parameters: [-199.82114688 -123.2199077   -70.1425141    41.28390937  200.
 -199.99999999   31.91586335  174.43693625]
2020-06-18 01:56:12,066 [MainThread  ][INFO ]  Fidelity: 0.8602245655475342
2020-06-18 01:56:12,066 [MainThread  ][INFO ]  ---- Iteration 37/100
2020-06-18 01:56:12,066 [MainThread  ][DEBUG]  Setting hyperparameter tf=0.7336363636363636
2020-06-18 01:56:12,066 [MainThread  ][INFO ]  Starting optimization for tf=0.7336363636363636
2020-06-18 01:56:12,066 [MainThread  ][DEBUG]  Optimization method: Nelder-Mead
2020-06-18 01:56:12,066 [MainThread  ][DEBUG]  Optimization options: {'maxiter': 100000.0, 'maxfev': 100000.0, 'xatol': 1e-08, 'fatol': 1e-08, 'adaptive': True}
2020-06-18 01:56:12,066 [MainThread  ][INFO ]  Initial parameter values: [0, 0, 0, 0, 0, 0, 0, 0]
2020-06-18 02:01:06,963 [MainThread  ][INFO ]  Final fidelity: 0.865251328154732
2020-06-18 02:01:06,963 [MainThread  ][INFO ]  Final parameters: [-200.         -121.47926887  -69.34393158   40.36302978  200.
 -197.71632427   31.1366472   173.17132697]
2020-06-18 02:01:06,963 [MainThread  ][INFO ]  Fidelity: 0.865251328154732
2020-06-18 02:01:06,963 [MainThread  ][INFO ]  ---- Iteration 38/100
2020-06-18 02:01:06,964 [MainThread  ][DEBUG]  Setting hyperparameter tf=0.7537373737373738
2020-06-18 02:01:06,964 [MainThread  ][INFO ]  Starting optimization for tf=0.7537373737373738
2020-06-18 02:01:06,964 [MainThread  ][DEBUG]  Optimization method: Nelder-Mead
2020-06-18 02:01:06,964 [MainThread  ][DEBUG]  Optimization options: {'maxiter': 100000.0, 'maxfev': 100000.0, 'xatol': 1e-08, 'fatol': 1e-08, 'adaptive': True}
2020-06-18 02:01:06,964 [MainThread  ][INFO ]  Initial parameter values: [0, 0, 0, 0, 0, 0, 0, 0]
2020-06-18 02:04:39,809 [MainThread  ][INFO ]  Final fidelity: 0.8705865325088031
2020-06-18 02:04:39,809 [MainThread  ][INFO ]  Final parameters: [-199.99999999 -122.02633442  -68.59958106   40.50036009  200.
 -195.39572646   28.66454642  171.39727442]
2020-06-18 02:04:39,810 [MainThread  ][INFO ]  Fidelity: 0.8705865325088031
2020-06-18 02:04:39,810 [MainThread  ][INFO ]  ---- Iteration 39/100
2020-06-18 02:04:39,810 [MainThread  ][DEBUG]  Setting hyperparameter tf=0.7738383838383839
2020-06-18 02:04:39,810 [MainThread  ][INFO ]  Starting optimization for tf=0.7738383838383839
2020-06-18 02:04:39,810 [MainThread  ][DEBUG]  Optimization method: Nelder-Mead
2020-06-18 02:04:39,810 [MainThread  ][DEBUG]  Optimization options: {'maxiter': 100000.0, 'maxfev': 100000.0, 'xatol': 1e-08, 'fatol': 1e-08, 'adaptive': True}
2020-06-18 02:04:39,810 [MainThread  ][INFO ]  Initial parameter values: [0, 0, 0, 0, 0, 0, 0, 0]
2020-06-18 02:11:54,816 [MainThread  ][INFO ]  Final fidelity: 0.8759768530612871
2020-06-18 02:11:54,817 [MainThread  ][INFO ]  Final parameters: [-200.         -119.44349391  -70.9369779    37.45280907  198.87874823
 -199.99999999   35.25066231  175.56721146]
2020-06-18 02:11:54,817 [MainThread  ][INFO ]  Fidelity: 0.8759768530612871
2020-06-18 02:11:54,817 [MainThread  ][INFO ]  ---- Iteration 40/100
2020-06-18 02:11:54,817 [MainThread  ][DEBUG]  Setting hyperparameter tf=0.793939393939394
2020-06-18 02:11:54,817 [MainThread  ][INFO ]  Starting optimization for tf=0.793939393939394
2020-06-18 02:11:54,817 [MainThread  ][DEBUG]  Optimization method: Nelder-Mead
2020-06-18 02:11:54,817 [MainThread  ][DEBUG]  Optimization options: {'maxiter': 100000.0, 'maxfev': 100000.0, 'xatol': 1e-08, 'fatol': 1e-08, 'adaptive': True}
2020-06-18 02:11:54,817 [MainThread  ][INFO ]  Initial parameter values: [0, 0, 0, 0, 0, 0, 0, 0]
2020-06-18 02:23:55,413 [MainThread  ][INFO ]  Final fidelity: 0.8824134953841052
2020-06-18 02:23:55,414 [MainThread  ][INFO ]  Final parameters: [-199.98771705 -142.67920754  -69.06303146   47.96796125  200.
 -199.99999999   24.51652517  172.14198361]
2020-06-18 02:23:55,414 [MainThread  ][INFO ]  Fidelity: 0.8824134953841052
2020-06-18 02:23:55,414 [MainThread  ][INFO ]  ---- Iteration 41/100
2020-06-18 02:23:55,414 [MainThread  ][DEBUG]  Setting hyperparameter tf=0.8140404040404041
2020-06-18 02:23:55,414 [MainThread  ][INFO ]  Starting optimization for tf=0.8140404040404041
2020-06-18 02:23:55,414 [MainThread  ][DEBUG]  Optimization method: Nelder-Mead
2020-06-18 02:23:55,414 [MainThread  ][DEBUG]  Optimization options: {'maxiter': 100000.0, 'maxfev': 100000.0, 'xatol': 1e-08, 'fatol': 1e-08, 'adaptive': True}
2020-06-18 02:23:55,414 [MainThread  ][INFO ]  Initial parameter values: [0, 0, 0, 0, 0, 0, 0, 0]
2020-06-18 02:26:43,777 [MainThread  ][INFO ]  Final fidelity: 0.8877621824762898
2020-06-18 02:26:43,778 [MainThread  ][INFO ]  Final parameters: [-199.99999999 -150.47334686    1.12672562   61.15311647  200.
  -49.92120411  -82.03805222   64.48770906]
2020-06-18 02:26:43,778 [MainThread  ][INFO ]  Fidelity: 0.8877621824762898
2020-06-18 02:26:43,778 [MainThread  ][INFO ]  ---- Iteration 42/100
2020-06-18 02:26:43,778 [MainThread  ][DEBUG]  Setting hyperparameter tf=0.8341414141414142
2020-06-18 02:26:43,778 [MainThread  ][INFO ]  Starting optimization for tf=0.8341414141414142
2020-06-18 02:26:43,778 [MainThread  ][DEBUG]  Optimization method: Nelder-Mead
2020-06-18 02:26:43,778 [MainThread  ][DEBUG]  Optimization options: {'maxiter': 100000.0, 'maxfev': 100000.0, 'xatol': 1e-08, 'fatol': 1e-08, 'adaptive': True}
2020-06-18 02:26:43,778 [MainThread  ][INFO ]  Initial parameter values: [0, 0, 0, 0, 0, 0, 0, 0]
2020-06-18 02:35:18,575 [MainThread  ][INFO ]  Final fidelity: 0.8942098215899641
2020-06-18 02:35:18,576 [MainThread  ][INFO ]  Final parameters: [-200.         -140.47296963  -33.89743751   53.64493933  200.
 -124.75714755  -27.10284135  118.48750172]
2020-06-18 02:35:18,576 [MainThread  ][INFO ]  Fidelity: 0.8942098215899641
2020-06-18 02:35:18,576 [MainThread  ][INFO ]  ---- Iteration 43/100
2020-06-18 02:35:18,577 [MainThread  ][DEBUG]  Setting hyperparameter tf=0.8542424242424242
2020-06-18 02:35:18,577 [MainThread  ][INFO ]  Starting optimization for tf=0.8542424242424242
2020-06-18 02:35:18,577 [MainThread  ][DEBUG]  Optimization method: Nelder-Mead
2020-06-18 02:35:18,577 [MainThread  ][DEBUG]  Optimization options: {'maxiter': 100000.0, 'maxfev': 100000.0, 'xatol': 1e-08, 'fatol': 1e-08, 'adaptive': True}
2020-06-18 02:35:18,577 [MainThread  ][INFO ]  Initial parameter values: [0, 0, 0, 0, 0, 0, 0, 0]
2020-06-18 02:41:39,245 [MainThread  ][INFO ]  Final fidelity: 0.9013721179859825
2020-06-18 02:41:39,246 [MainThread  ][INFO ]  Final parameters: [-200.         -174.74285051  -78.34115772   46.09282974  200.
 -172.08016472  -49.862143    144.74385462]
2020-06-18 02:41:39,246 [MainThread  ][INFO ]  Fidelity: 0.9013721179859825
2020-06-18 02:41:39,246 [MainThread  ][INFO ]  ---- Iteration 44/100
2020-06-18 02:41:39,246 [MainThread  ][DEBUG]  Setting hyperparameter tf=0.8743434343434344
2020-06-18 02:41:39,246 [MainThread  ][INFO ]  Starting optimization for tf=0.8743434343434344
2020-06-18 02:41:39,246 [MainThread  ][DEBUG]  Optimization method: Nelder-Mead
2020-06-18 02:41:39,246 [MainThread  ][DEBUG]  Optimization options: {'maxiter': 100000.0, 'maxfev': 100000.0, 'xatol': 1e-08, 'fatol': 1e-08, 'adaptive': True}
2020-06-18 02:41:39,246 [MainThread  ][INFO ]  Initial parameter values: [0, 0, 0, 0, 0, 0, 0, 0]
2020-06-18 02:48:31,161 [MainThread  ][INFO ]  Final fidelity: 0.9070495181373142
2020-06-18 02:48:31,162 [MainThread  ][INFO ]  Final parameters: [-200.         -153.50658784    3.04262094   62.14413956  200.
  -48.02584482  -82.13892781   63.26253252]
2020-06-18 02:48:31,162 [MainThread  ][INFO ]  Fidelity: 0.9070495181373142
2020-06-18 02:48:31,162 [MainThread  ][INFO ]  ---- Iteration 45/100
2020-06-18 02:48:31,162 [MainThread  ][DEBUG]  Setting hyperparameter tf=0.8944444444444445
2020-06-18 02:48:31,162 [MainThread  ][INFO ]  Starting optimization for tf=0.8944444444444445
2020-06-18 02:48:31,162 [MainThread  ][DEBUG]  Optimization method: Nelder-Mead
2020-06-18 02:48:31,163 [MainThread  ][DEBUG]  Optimization options: {'maxiter': 100000.0, 'maxfev': 100000.0, 'xatol': 1e-08, 'fatol': 1e-08, 'adaptive': True}
2020-06-18 02:48:31,163 [MainThread  ][INFO ]  Initial parameter values: [0, 0, 0, 0, 0, 0, 0, 0]
2020-06-18 02:55:18,882 [MainThread  ][INFO ]  Final fidelity: 0.9134836892927475
2020-06-18 02:55:18,883 [MainThread  ][INFO ]  Final parameters: [-200.         -152.29595894   30.5596028    65.96766813  200.
   12.19523825 -124.2226524    20.442719  ]
2020-06-18 02:55:18,883 [MainThread  ][INFO ]  Fidelity: 0.9134836892927475
2020-06-18 02:55:18,883 [MainThread  ][INFO ]  ---- Iteration 46/100
2020-06-18 02:55:18,883 [MainThread  ][DEBUG]  Setting hyperparameter tf=0.9145454545454546
2020-06-18 02:55:18,883 [MainThread  ][INFO ]  Starting optimization for tf=0.9145454545454546
2020-06-18 02:55:18,883 [MainThread  ][DEBUG]  Optimization method: Nelder-Mead
2020-06-18 02:55:18,883 [MainThread  ][DEBUG]  Optimization options: {'maxiter': 100000.0, 'maxfev': 100000.0, 'xatol': 1e-08, 'fatol': 1e-08, 'adaptive': True}
2020-06-18 02:55:18,883 [MainThread  ][INFO ]  Initial parameter values: [0, 0, 0, 0, 0, 0, 0, 0]
2020-06-18 03:03:54,305 [MainThread  ][INFO ]  Final fidelity: 0.9199330252480573
2020-06-18 03:03:54,306 [MainThread  ][INFO ]  Final parameters: [-200.         -148.53610751   47.7356014    67.83436968  200.
   50.07965593 -150.1492784    -6.52503775]
2020-06-18 03:03:54,306 [MainThread  ][INFO ]  Fidelity: 0.9199330252480573
2020-06-18 03:03:54,306 [MainThread  ][INFO ]  ---- Iteration 47/100
2020-06-18 03:03:54,306 [MainThread  ][DEBUG]  Setting hyperparameter tf=0.9346464646464647
2020-06-18 03:03:54,306 [MainThread  ][INFO ]  Starting optimization for tf=0.9346464646464647
2020-06-18 03:03:54,306 [MainThread  ][DEBUG]  Optimization method: Nelder-Mead
2020-06-18 03:03:54,306 [MainThread  ][DEBUG]  Optimization options: {'maxiter': 100000.0, 'maxfev': 100000.0, 'xatol': 1e-08, 'fatol': 1e-08, 'adaptive': True}
2020-06-18 03:03:54,306 [MainThread  ][INFO ]  Initial parameter values: [0, 0, 0, 0, 0, 0, 0, 0]
2020-06-18 03:08:40,666 [MainThread  ][INFO ]  Final fidelity: 0.9267848345215307
2020-06-18 03:08:40,667 [MainThread  ][INFO ]  Final parameters: [-200.         -200.           77.95888709  104.83929617  198.43540904
   91.85152403 -197.47172728  -47.53129821]
2020-06-18 03:08:40,667 [MainThread  ][INFO ]  Fidelity: 0.9267848345215307
2020-06-18 03:08:40,667 [MainThread  ][INFO ]  ---- Iteration 48/100
2020-06-18 03:08:40,667 [MainThread  ][DEBUG]  Setting hyperparameter tf=0.9547474747474748
2020-06-18 03:08:40,668 [MainThread  ][INFO ]  Starting optimization for tf=0.9547474747474748
2020-06-18 03:08:40,668 [MainThread  ][DEBUG]  Optimization method: Nelder-Mead
2020-06-18 03:08:40,668 [MainThread  ][DEBUG]  Optimization options: {'maxiter': 100000.0, 'maxfev': 100000.0, 'xatol': 1e-08, 'fatol': 1e-08, 'adaptive': True}
2020-06-18 03:08:40,668 [MainThread  ][INFO ]  Initial parameter values: [0, 0, 0, 0, 0, 0, 0, 0]
2020-06-18 03:19:21,074 [MainThread  ][INFO ]  Final fidelity: 0.9329948358837211
2020-06-18 03:19:21,075 [MainThread  ][INFO ]  Final parameters: [-190.9221938  -189.44890986   64.82400858   86.29463283  200.
   82.94279207 -200.          -43.40382516]
2020-06-18 03:19:21,075 [MainThread  ][INFO ]  Fidelity: 0.9329948358837211
2020-06-18 03:19:21,075 [MainThread  ][INFO ]  ---- Iteration 49/100
2020-06-18 03:19:21,075 [MainThread  ][DEBUG]  Setting hyperparameter tf=0.9748484848484849
2020-06-18 03:19:21,075 [MainThread  ][INFO ]  Starting optimization for tf=0.9748484848484849
2020-06-18 03:19:21,075 [MainThread  ][DEBUG]  Optimization method: Nelder-Mead
2020-06-18 03:19:21,075 [MainThread  ][DEBUG]  Optimization options: {'maxiter': 100000.0, 'maxfev': 100000.0, 'xatol': 1e-08, 'fatol': 1e-08, 'adaptive': True}
2020-06-18 03:19:21,076 [MainThread  ][INFO ]  Initial parameter values: [0, 0, 0, 0, 0, 0, 0, 0]
2020-06-18 03:24:24,753 [MainThread  ][INFO ]  Final fidelity: 0.9376488609904419
2020-06-18 03:24:24,754 [MainThread  ][INFO ]  Final parameters: [-200.          -94.86134004  -67.33254813   47.32464269  200.
   95.38174155 -148.60476503  132.271858  ]
2020-06-18 03:24:24,754 [MainThread  ][INFO ]  Fidelity: 0.9376488609904419
2020-06-18 03:24:24,754 [MainThread  ][INFO ]  ---- Iteration 50/100
2020-06-18 03:24:24,754 [MainThread  ][DEBUG]  Setting hyperparameter tf=0.994949494949495
2020-06-18 03:24:24,754 [MainThread  ][INFO ]  Starting optimization for tf=0.994949494949495
2020-06-18 03:24:24,754 [MainThread  ][DEBUG]  Optimization method: Nelder-Mead
2020-06-18 03:24:24,754 [MainThread  ][DEBUG]  Optimization options: {'maxiter': 100000.0, 'maxfev': 100000.0, 'xatol': 1e-08, 'fatol': 1e-08, 'adaptive': True}
2020-06-18 03:24:24,754 [MainThread  ][INFO ]  Initial parameter values: [0, 0, 0, 0, 0, 0, 0, 0]
2020-06-18 03:35:36,890 [MainThread  ][INFO ]  Final fidelity: 0.9464168799809657
2020-06-18 03:35:36,890 [MainThread  ][INFO ]  Final parameters: [-200.         -200.           26.66748726  162.69549362  199.99999538
  193.39092091  -71.09408751 -150.11204432]
2020-06-18 03:35:36,891 [MainThread  ][INFO ]  Fidelity: 0.9464168799809657
2020-06-18 03:35:36,891 [MainThread  ][INFO ]  ---- Iteration 51/100
2020-06-18 03:35:36,891 [MainThread  ][DEBUG]  Setting hyperparameter tf=1.0150505050505052
2020-06-18 03:35:36,891 [MainThread  ][INFO ]  Starting optimization for tf=1.0150505050505052
2020-06-18 03:35:36,891 [MainThread  ][DEBUG]  Optimization method: Nelder-Mead
2020-06-18 03:35:36,891 [MainThread  ][DEBUG]  Optimization options: {'maxiter': 100000.0, 'maxfev': 100000.0, 'xatol': 1e-08, 'fatol': 1e-08, 'adaptive': True}
2020-06-18 03:35:36,891 [MainThread  ][INFO ]  Initial parameter values: [0, 0, 0, 0, 0, 0, 0, 0]
2020-06-18 03:44:13,119 [MainThread  ][INFO ]  Final fidelity: 0.9504847208876527
2020-06-18 03:44:13,120 [MainThread  ][INFO ]  Final parameters: [-200.         -105.58346766 -199.68262774   30.00265298  199.99999908
   83.19756843   52.55075633   76.67306921]
2020-06-18 03:44:13,120 [MainThread  ][INFO ]  Fidelity: 0.9504847208876527
2020-06-18 03:44:13,120 [MainThread  ][INFO ]  ---- Iteration 52/100
2020-06-18 03:44:13,120 [MainThread  ][DEBUG]  Setting hyperparameter tf=1.0351515151515152
2020-06-18 03:44:13,120 [MainThread  ][INFO ]  Starting optimization for tf=1.0351515151515152
2020-06-18 03:44:13,120 [MainThread  ][DEBUG]  Optimization method: Nelder-Mead
2020-06-18 03:44:13,120 [MainThread  ][DEBUG]  Optimization options: {'maxiter': 100000.0, 'maxfev': 100000.0, 'xatol': 1e-08, 'fatol': 1e-08, 'adaptive': True}
2020-06-18 03:44:13,120 [MainThread  ][INFO ]  Initial parameter values: [0, 0, 0, 0, 0, 0, 0, 0]
2020-06-18 03:52:39,919 [MainThread  ][INFO ]  Final fidelity: 0.9562504403707666
2020-06-18 03:52:39,920 [MainThread  ][INFO ]  Final parameters: [-170.2649713  -170.18971573  -44.07667056   68.30973889  200.
   94.15576548 -173.67530552  116.34948159]
2020-06-18 03:52:39,920 [MainThread  ][INFO ]  Fidelity: 0.9562504403707666
2020-06-18 03:52:39,920 [MainThread  ][INFO ]  ---- Iteration 53/100
2020-06-18 03:52:39,920 [MainThread  ][DEBUG]  Setting hyperparameter tf=1.0552525252525253
2020-06-18 03:52:39,920 [MainThread  ][INFO ]  Starting optimization for tf=1.0552525252525253
2020-06-18 03:52:39,920 [MainThread  ][DEBUG]  Optimization method: Nelder-Mead
2020-06-18 03:52:39,920 [MainThread  ][DEBUG]  Optimization options: {'maxiter': 100000.0, 'maxfev': 100000.0, 'xatol': 1e-08, 'fatol': 1e-08, 'adaptive': True}
2020-06-18 03:52:39,920 [MainThread  ][INFO ]  Initial parameter values: [0, 0, 0, 0, 0, 0, 0, 0]
2020-06-18 04:06:33,142 [MainThread  ][INFO ]  Final fidelity: 0.9606816965156638
2020-06-18 04:06:33,143 [MainThread  ][INFO ]  Final parameters: [-199.99999573 -147.93263431  198.68798868 -185.76960326  197.16807259
  190.44038869   65.17603802 -184.07762584]
2020-06-18 04:06:33,143 [MainThread  ][INFO ]  Fidelity: 0.9606816965156638
2020-06-18 04:06:33,143 [MainThread  ][INFO ]  ---- Iteration 54/100
2020-06-18 04:06:33,143 [MainThread  ][DEBUG]  Setting hyperparameter tf=1.0753535353535355
2020-06-18 04:06:33,143 [MainThread  ][INFO ]  Starting optimization for tf=1.0753535353535355
2020-06-18 04:06:33,144 [MainThread  ][DEBUG]  Optimization method: Nelder-Mead
2020-06-18 04:06:33,144 [MainThread  ][DEBUG]  Optimization options: {'maxiter': 100000.0, 'maxfev': 100000.0, 'xatol': 1e-08, 'fatol': 1e-08, 'adaptive': True}
2020-06-18 04:06:33,144 [MainThread  ][INFO ]  Initial parameter values: [0, 0, 0, 0, 0, 0, 0, 0]
2020-06-18 04:11:33,717 [MainThread  ][INFO ]  Final fidelity: 0.9660789823807443
2020-06-18 04:11:33,718 [MainThread  ][INFO ]  Final parameters: [-169.3476864  -148.77820052  -52.42186303  -69.30907464  200.
   27.64086875  200.         -104.81188472]
2020-06-18 04:11:33,718 [MainThread  ][INFO ]  Fidelity: 0.9660789823807443
2020-06-18 04:11:33,718 [MainThread  ][INFO ]  ---- Iteration 55/100
2020-06-18 04:11:33,718 [MainThread  ][DEBUG]  Setting hyperparameter tf=1.0954545454545455
2020-06-18 04:11:33,718 [MainThread  ][INFO ]  Starting optimization for tf=1.0954545454545455
2020-06-18 04:11:33,718 [MainThread  ][DEBUG]  Optimization method: Nelder-Mead
2020-06-18 04:11:33,718 [MainThread  ][DEBUG]  Optimization options: {'maxiter': 100000.0, 'maxfev': 100000.0, 'xatol': 1e-08, 'fatol': 1e-08, 'adaptive': True}
2020-06-18 04:11:33,718 [MainThread  ][INFO ]  Initial parameter values: [0, 0, 0, 0, 0, 0, 0, 0]
2020-06-18 04:19:27,329 [MainThread  ][INFO ]  Final fidelity: 0.9710198749200178
2020-06-18 04:19:27,330 [MainThread  ][INFO ]  Final parameters: [-124.02695432 -200.         -148.95670509  111.69126288  199.9997416
  -51.12638774  111.59453267 -110.4441673 ]
2020-06-18 04:19:27,330 [MainThread  ][INFO ]  Fidelity: 0.9710198749200178
2020-06-18 04:19:27,330 [MainThread  ][INFO ]  ---- Iteration 56/100
2020-06-18 04:19:27,330 [MainThread  ][DEBUG]  Setting hyperparameter tf=1.1155555555555556
2020-06-18 04:19:27,330 [MainThread  ][INFO ]  Starting optimization for tf=1.1155555555555556
2020-06-18 04:19:27,330 [MainThread  ][DEBUG]  Optimization method: Nelder-Mead
2020-06-18 04:19:27,331 [MainThread  ][DEBUG]  Optimization options: {'maxiter': 100000.0, 'maxfev': 100000.0, 'xatol': 1e-08, 'fatol': 1e-08, 'adaptive': True}
2020-06-18 04:19:27,331 [MainThread  ][INFO ]  Initial parameter values: [0, 0, 0, 0, 0, 0, 0, 0]
2020-06-18 04:32:59,920 [MainThread  ][INFO ]  Final fidelity: 0.9783582363726209
2020-06-18 04:32:59,921 [MainThread  ][INFO ]  Final parameters: [-139.45025217 -199.99999999 -140.99518513   60.93484625  200.
   36.2845616    53.25362224  -11.87411325]
2020-06-18 04:32:59,921 [MainThread  ][INFO ]  Fidelity: 0.9783582363726209
2020-06-18 04:32:59,921 [MainThread  ][INFO ]  ---- Iteration 57/100
2020-06-18 04:32:59,921 [MainThread  ][DEBUG]  Setting hyperparameter tf=1.1356565656565658
2020-06-18 04:32:59,921 [MainThread  ][INFO ]  Starting optimization for tf=1.1356565656565658
2020-06-18 04:32:59,921 [MainThread  ][DEBUG]  Optimization method: Nelder-Mead
2020-06-18 04:32:59,921 [MainThread  ][DEBUG]  Optimization options: {'maxiter': 100000.0, 'maxfev': 100000.0, 'xatol': 1e-08, 'fatol': 1e-08, 'adaptive': True}
2020-06-18 04:32:59,921 [MainThread  ][INFO ]  Initial parameter values: [0, 0, 0, 0, 0, 0, 0, 0]
2020-06-18 04:43:15,336 [MainThread  ][INFO ]  Final fidelity: 0.9774309298605109
2020-06-18 04:43:15,337 [MainThread  ][INFO ]  Final parameters: [ -81.27219558 -200.          -34.28232688   88.37091113  199.99869599
 -122.50518352  -68.55176869   76.70326207]
2020-06-18 04:43:15,337 [MainThread  ][INFO ]  Fidelity: 0.9774309298605109
2020-06-18 04:43:15,337 [MainThread  ][INFO ]  ---- Iteration 58/100
2020-06-18 04:43:15,337 [MainThread  ][DEBUG]  Setting hyperparameter tf=1.1557575757575758
2020-06-18 04:43:15,337 [MainThread  ][INFO ]  Starting optimization for tf=1.1557575757575758
2020-06-18 04:43:15,337 [MainThread  ][DEBUG]  Optimization method: Nelder-Mead
2020-06-18 04:43:15,337 [MainThread  ][DEBUG]  Optimization options: {'maxiter': 100000.0, 'maxfev': 100000.0, 'xatol': 1e-08, 'fatol': 1e-08, 'adaptive': True}
2020-06-18 04:43:15,337 [MainThread  ][INFO ]  Initial parameter values: [0, 0, 0, 0, 0, 0, 0, 0]
2020-06-18 05:12:37,990 [MainThread  ][INFO ]  Final fidelity: 0.9847472371106567
2020-06-18 05:12:37,991 [MainThread  ][INFO ]  Final parameters: [-107.58071687 -137.46125346  -45.13151163   76.09632925  198.54646135
   22.33866369 -161.90859405   11.56864529]
2020-06-18 05:12:37,991 [MainThread  ][INFO ]  Fidelity: 0.9847472371106567
2020-06-18 05:12:37,991 [MainThread  ][INFO ]  ---- Iteration 59/100
2020-06-18 05:12:37,991 [MainThread  ][DEBUG]  Setting hyperparameter tf=1.175858585858586
2020-06-18 05:12:37,991 [MainThread  ][INFO ]  Starting optimization for tf=1.175858585858586
2020-06-18 05:12:37,991 [MainThread  ][DEBUG]  Optimization method: Nelder-Mead
2020-06-18 05:12:37,991 [MainThread  ][DEBUG]  Optimization options: {'maxiter': 100000.0, 'maxfev': 100000.0, 'xatol': 1e-08, 'fatol': 1e-08, 'adaptive': True}
2020-06-18 05:12:37,991 [MainThread  ][INFO ]  Initial parameter values: [0, 0, 0, 0, 0, 0, 0, 0]
2020-06-18 05:19:42,167 [MainThread  ][INFO ]  Final fidelity: 0.9878691785636146
2020-06-18 05:19:42,168 [MainThread  ][INFO ]  Final parameters: [-110.69715558  -60.3326979   -93.39050086   89.70356664  200.
   20.83605636 -188.98801983   48.50004544]
2020-06-18 05:19:42,168 [MainThread  ][INFO ]  Fidelity: 0.9878691785636146
2020-06-18 05:19:42,168 [MainThread  ][INFO ]  ---- Iteration 60/100
2020-06-18 05:19:42,168 [MainThread  ][DEBUG]  Setting hyperparameter tf=1.1959595959595961
2020-06-18 05:19:42,168 [MainThread  ][INFO ]  Starting optimization for tf=1.1959595959595961
2020-06-18 05:19:42,168 [MainThread  ][DEBUG]  Optimization method: Nelder-Mead
2020-06-18 05:19:42,168 [MainThread  ][DEBUG]  Optimization options: {'maxiter': 100000.0, 'maxfev': 100000.0, 'xatol': 1e-08, 'fatol': 1e-08, 'adaptive': True}
2020-06-18 05:19:42,168 [MainThread  ][INFO ]  Initial parameter values: [0, 0, 0, 0, 0, 0, 0, 0]
2020-06-18 05:31:11,829 [MainThread  ][INFO ]  Final fidelity: 0.9912421173492779
2020-06-18 05:31:11,830 [MainThread  ][INFO ]  Final parameters: [ -89.57507219 -101.16028178  -74.6064753   122.61396304  199.97696727
  -19.04081583 -143.17303665  -17.65497024]
2020-06-18 05:31:11,830 [MainThread  ][INFO ]  Fidelity: 0.9912421173492779
2020-06-18 05:31:11,830 [MainThread  ][INFO ]  ---- Iteration 61/100
2020-06-18 05:31:11,831 [MainThread  ][DEBUG]  Setting hyperparameter tf=1.216060606060606
2020-06-18 05:31:11,831 [MainThread  ][INFO ]  Starting optimization for tf=1.216060606060606
2020-06-18 05:31:11,831 [MainThread  ][DEBUG]  Optimization method: Nelder-Mead
2020-06-18 05:31:11,831 [MainThread  ][DEBUG]  Optimization options: {'maxiter': 100000.0, 'maxfev': 100000.0, 'xatol': 1e-08, 'fatol': 1e-08, 'adaptive': True}
2020-06-18 05:31:11,831 [MainThread  ][INFO ]  Initial parameter values: [0, 0, 0, 0, 0, 0, 0, 0]
2020-06-18 05:56:00,585 [MainThread  ][INFO ]  Final fidelity: 0.9890802884834006
2020-06-18 05:56:00,586 [MainThread  ][INFO ]  Final parameters: [ -78.05424207 -120.25971647   32.41914117   76.69055761  181.0949113
  -29.47680259 -149.7542198   -12.40332567]
2020-06-18 05:56:00,586 [MainThread  ][INFO ]  Fidelity: 0.9890802884834006
2020-06-18 05:56:00,586 [MainThread  ][INFO ]  ---- Iteration 62/100
2020-06-18 05:56:00,586 [MainThread  ][DEBUG]  Setting hyperparameter tf=1.2361616161616162
2020-06-18 05:56:00,587 [MainThread  ][INFO ]  Starting optimization for tf=1.2361616161616162
2020-06-18 05:56:00,587 [MainThread  ][DEBUG]  Optimization method: Nelder-Mead
2020-06-18 05:56:00,587 [MainThread  ][DEBUG]  Optimization options: {'maxiter': 100000.0, 'maxfev': 100000.0, 'xatol': 1e-08, 'fatol': 1e-08, 'adaptive': True}
2020-06-18 05:56:00,587 [MainThread  ][INFO ]  Initial parameter values: [0, 0, 0, 0, 0, 0, 0, 0]
2020-06-18 06:12:35,166 [MainThread  ][INFO ]  Final fidelity: 0.9974181991717971
2020-06-18 06:12:35,166 [MainThread  ][INFO ]  Final parameters: [-134.05435386  -42.19491387  -72.26672139 -158.61719983  200.
   94.74903544  -11.94893564  -34.78110554]
2020-06-18 06:12:35,166 [MainThread  ][INFO ]  Fidelity: 0.9974181991717971
2020-06-18 06:12:35,167 [MainThread  ][INFO ]  ---- Iteration 63/100
2020-06-18 06:12:35,167 [MainThread  ][DEBUG]  Setting hyperparameter tf=1.2562626262626264
2020-06-18 06:12:35,167 [MainThread  ][INFO ]  Starting optimization for tf=1.2562626262626264
2020-06-18 06:12:35,167 [MainThread  ][DEBUG]  Optimization method: Nelder-Mead
2020-06-18 06:12:35,167 [MainThread  ][DEBUG]  Optimization options: {'maxiter': 100000.0, 'maxfev': 100000.0, 'xatol': 1e-08, 'fatol': 1e-08, 'adaptive': True}
2020-06-18 06:12:35,167 [MainThread  ][INFO ]  Initial parameter values: [0, 0, 0, 0, 0, 0, 0, 0]
2020-06-18 06:22:10,461 [MainThread  ][INFO ]  Final fidelity: 0.9985261237505064
2020-06-18 06:22:10,462 [MainThread  ][INFO ]  Final parameters: [ -92.34480071 -156.86810432  -60.79965755   41.45544622  200.
   54.02866704   28.64449251 -190.87363753]
2020-06-18 06:22:10,462 [MainThread  ][INFO ]  Fidelity: 0.9985261237505064
2020-06-18 06:22:10,462 [MainThread  ][INFO ]  ---- Iteration 64/100
2020-06-18 06:22:10,462 [MainThread  ][DEBUG]  Setting hyperparameter tf=1.2763636363636364
2020-06-18 06:22:10,463 [MainThread  ][INFO ]  Starting optimization for tf=1.2763636363636364
2020-06-18 06:22:10,463 [MainThread  ][DEBUG]  Optimization method: Nelder-Mead
2020-06-18 06:22:10,463 [MainThread  ][DEBUG]  Optimization options: {'maxiter': 100000.0, 'maxfev': 100000.0, 'xatol': 1e-08, 'fatol': 1e-08, 'adaptive': True}
2020-06-18 06:22:10,463 [MainThread  ][INFO ]  Initial parameter values: [0, 0, 0, 0, 0, 0, 0, 0]
2020-06-18 06:30:38,811 [MainThread  ][INFO ]  Final fidelity: 0.9989125142905865
2020-06-18 06:30:38,812 [MainThread  ][INFO ]  Final parameters: [-130.31686926  -77.74688176   -7.73045457  -30.9833568   192.93856767
  188.689309   -115.14490698  -21.62585055]
2020-06-18 06:30:38,812 [MainThread  ][INFO ]  Fidelity: 0.9989125142905865
2020-06-18 06:30:38,812 [MainThread  ][INFO ]  ---- Iteration 65/100
2020-06-18 06:30:38,812 [MainThread  ][DEBUG]  Setting hyperparameter tf=1.2964646464646465
2020-06-18 06:30:38,812 [MainThread  ][INFO ]  Starting optimization for tf=1.2964646464646465
2020-06-18 06:30:38,812 [MainThread  ][DEBUG]  Optimization method: Nelder-Mead
2020-06-18 06:30:38,813 [MainThread  ][DEBUG]  Optimization options: {'maxiter': 100000.0, 'maxfev': 100000.0, 'xatol': 1e-08, 'fatol': 1e-08, 'adaptive': True}
2020-06-18 06:30:38,813 [MainThread  ][INFO ]  Initial parameter values: [0, 0, 0, 0, 0, 0, 0, 0]
2020-06-18 06:38:44,966 [MainThread  ][INFO ]  Final fidelity: 0.9966399931276039
2020-06-18 06:38:44,967 [MainThread  ][INFO ]  Final parameters: [ -44.36876684 -195.94543573   29.58672279   52.90086126  168.11613876
  -26.36924831  -32.55036018 -124.59446919]
2020-06-18 06:38:44,967 [MainThread  ][INFO ]  Fidelity: 0.9966399931276039
2020-06-18 06:38:44,967 [MainThread  ][INFO ]  ---- Iteration 66/100
2020-06-18 06:38:44,967 [MainThread  ][DEBUG]  Setting hyperparameter tf=1.3165656565656567
2020-06-18 06:38:44,967 [MainThread  ][INFO ]  Starting optimization for tf=1.3165656565656567
2020-06-18 06:38:44,967 [MainThread  ][DEBUG]  Optimization method: Nelder-Mead
2020-06-18 06:38:44,967 [MainThread  ][DEBUG]  Optimization options: {'maxiter': 100000.0, 'maxfev': 100000.0, 'xatol': 1e-08, 'fatol': 1e-08, 'adaptive': True}
2020-06-18 06:38:44,967 [MainThread  ][INFO ]  Initial parameter values: [0, 0, 0, 0, 0, 0, 0, 0]
2020-06-18 06:46:16,385 [MainThread  ][INFO ]  Final fidelity: 0.9990280941041827
2020-06-18 06:46:16,386 [MainThread  ][INFO ]  Final parameters: [-141.26389211   22.26714636  -40.9706854  -165.80971626  179.53619568
  200.          -79.6637281    -7.46200424]
2020-06-18 06:46:16,386 [MainThread  ][INFO ]  Fidelity: 0.9990280941041827
2020-06-18 06:46:16,386 [MainThread  ][INFO ]  ---- Iteration 67/100
2020-06-18 06:46:16,386 [MainThread  ][DEBUG]  Setting hyperparameter tf=1.3366666666666667
2020-06-18 06:46:16,386 [MainThread  ][INFO ]  Starting optimization for tf=1.3366666666666667
2020-06-18 06:46:16,386 [MainThread  ][DEBUG]  Optimization method: Nelder-Mead
2020-06-18 06:46:16,386 [MainThread  ][DEBUG]  Optimization options: {'maxiter': 100000.0, 'maxfev': 100000.0, 'xatol': 1e-08, 'fatol': 1e-08, 'adaptive': True}
2020-06-18 06:46:16,386 [MainThread  ][INFO ]  Initial parameter values: [0, 0, 0, 0, 0, 0, 0, 0]
2020-06-18 06:54:13,320 [MainThread  ][INFO ]  Final fidelity: 0.9989568194945173
2020-06-18 06:54:13,321 [MainThread  ][INFO ]  Final parameters: [-109.35069987  -12.07318663  -50.12058272 -194.4866449   170.91501337
   72.98386734  -75.35592416  166.47470755]
2020-06-18 06:54:13,321 [MainThread  ][INFO ]  Fidelity: 0.9989568194945173
2020-06-18 06:54:13,321 [MainThread  ][INFO ]  ---- Iteration 68/100
2020-06-18 06:54:13,321 [MainThread  ][DEBUG]  Setting hyperparameter tf=1.3567676767676768
2020-06-18 06:54:13,322 [MainThread  ][INFO ]  Starting optimization for tf=1.3567676767676768
2020-06-18 06:54:13,322 [MainThread  ][DEBUG]  Optimization method: Nelder-Mead
2020-06-18 06:54:13,322 [MainThread  ][DEBUG]  Optimization options: {'maxiter': 100000.0, 'maxfev': 100000.0, 'xatol': 1e-08, 'fatol': 1e-08, 'adaptive': True}
2020-06-18 06:54:13,322 [MainThread  ][INFO ]  Initial parameter values: [0, 0, 0, 0, 0, 0, 0, 0]
2020-06-18 07:01:49,597 [MainThread  ][INFO ]  Final fidelity: 0.9990372104517519
2020-06-18 07:01:49,598 [MainThread  ][INFO ]  Final parameters: [-130.24547568  -14.49965717 -114.23870877 -200.          157.14045812
  143.68696747   31.64901455  158.55096667]
2020-06-18 07:01:49,598 [MainThread  ][INFO ]  Fidelity: 0.9990372104517519
2020-06-18 07:01:49,598 [MainThread  ][INFO ]  ---- Iteration 69/100
2020-06-18 07:01:49,598 [MainThread  ][DEBUG]  Setting hyperparameter tf=1.376868686868687
2020-06-18 07:01:49,598 [MainThread  ][INFO ]  Starting optimization for tf=1.376868686868687
2020-06-18 07:01:49,598 [MainThread  ][DEBUG]  Optimization method: Nelder-Mead
2020-06-18 07:01:49,598 [MainThread  ][DEBUG]  Optimization options: {'maxiter': 100000.0, 'maxfev': 100000.0, 'xatol': 1e-08, 'fatol': 1e-08, 'adaptive': True}
2020-06-18 07:01:49,598 [MainThread  ][INFO ]  Initial parameter values: [0, 0, 0, 0, 0, 0, 0, 0]
2020-06-18 07:10:51,637 [MainThread  ][INFO ]  Final fidelity: 0.9989224110081124
2020-06-18 07:10:51,638 [MainThread  ][INFO ]  Final parameters: [-115.76579482   16.79062563  -95.5299261   -92.8730893   156.08388312
  105.5291247   154.54987883 -111.10243712]
2020-06-18 07:10:51,638 [MainThread  ][INFO ]  Fidelity: 0.9989224110081124
2020-06-18 07:10:51,638 [MainThread  ][INFO ]  ---- Iteration 70/100
2020-06-18 07:10:51,638 [MainThread  ][DEBUG]  Setting hyperparameter tf=1.396969696969697
2020-06-18 07:10:51,638 [MainThread  ][INFO ]  Starting optimization for tf=1.396969696969697
2020-06-18 07:10:51,638 [MainThread  ][DEBUG]  Optimization method: Nelder-Mead
2020-06-18 07:10:51,638 [MainThread  ][DEBUG]  Optimization options: {'maxiter': 100000.0, 'maxfev': 100000.0, 'xatol': 1e-08, 'fatol': 1e-08, 'adaptive': True}
2020-06-18 07:10:51,638 [MainThread  ][INFO ]  Initial parameter values: [0, 0, 0, 0, 0, 0, 0, 0]
2020-06-18 07:25:02,332 [MainThread  ][INFO ]  Final fidelity: 0.9978745535562867
2020-06-18 07:25:02,333 [MainThread  ][INFO ]  Final parameters: [-104.51672326   32.53682537  -91.03246754  -69.82294011  135.24811492
  106.22703283  104.21893138 -142.24526216]
2020-06-18 07:25:02,333 [MainThread  ][INFO ]  Fidelity: 0.9978745535562867
2020-06-18 07:25:02,333 [MainThread  ][INFO ]  ---- Iteration 71/100
2020-06-18 07:25:02,333 [MainThread  ][DEBUG]  Setting hyperparameter tf=1.4170707070707071
2020-06-18 07:25:02,333 [MainThread  ][INFO ]  Starting optimization for tf=1.4170707070707071
2020-06-18 07:25:02,333 [MainThread  ][DEBUG]  Optimization method: Nelder-Mead
2020-06-18 07:25:02,333 [MainThread  ][DEBUG]  Optimization options: {'maxiter': 100000.0, 'maxfev': 100000.0, 'xatol': 1e-08, 'fatol': 1e-08, 'adaptive': True}
2020-06-18 07:25:02,333 [MainThread  ][INFO ]  Initial parameter values: [0, 0, 0, 0, 0, 0, 0, 0]
2020-06-18 07:33:42,565 [MainThread  ][INFO ]  Final fidelity: 0.9989176392820718
2020-06-18 07:33:42,566 [MainThread  ][INFO ]  Final parameters: [ -59.42843092  -26.63445084   26.60723922   19.88459604  134.33048007
    7.28884067  -10.90956254 -162.71406383]
2020-06-18 07:33:42,566 [MainThread  ][INFO ]  Fidelity: 0.9989176392820718
2020-06-18 07:33:42,566 [MainThread  ][INFO ]  ---- Iteration 72/100
2020-06-18 07:33:42,566 [MainThread  ][DEBUG]  Setting hyperparameter tf=1.4371717171717173
2020-06-18 07:33:42,566 [MainThread  ][INFO ]  Starting optimization for tf=1.4371717171717173
2020-06-18 07:33:42,566 [MainThread  ][DEBUG]  Optimization method: Nelder-Mead
2020-06-18 07:33:42,566 [MainThread  ][DEBUG]  Optimization options: {'maxiter': 100000.0, 'maxfev': 100000.0, 'xatol': 1e-08, 'fatol': 1e-08, 'adaptive': True}
2020-06-18 07:33:42,566 [MainThread  ][INFO ]  Initial parameter values: [0, 0, 0, 0, 0, 0, 0, 0]
2020-06-18 07:41:11,906 [MainThread  ][INFO ]  Final fidelity: 0.999064352372729
2020-06-18 07:41:11,907 [MainThread  ][INFO ]  Final parameters: [-126.35279636 -107.12252523  -89.26391697  167.0985892   123.2187739
  166.93668311  165.14221658  200.        ]
2020-06-18 07:41:11,907 [MainThread  ][INFO ]  Fidelity: 0.999064352372729
2020-06-18 07:41:11,907 [MainThread  ][INFO ]  ---- Iteration 73/100
2020-06-18 07:41:11,907 [MainThread  ][DEBUG]  Setting hyperparameter tf=1.4572727272727273
2020-06-18 07:41:11,907 [MainThread  ][INFO ]  Starting optimization for tf=1.4572727272727273
2020-06-18 07:41:11,908 [MainThread  ][DEBUG]  Optimization method: Nelder-Mead
2020-06-18 07:41:11,908 [MainThread  ][DEBUG]  Optimization options: {'maxiter': 100000.0, 'maxfev': 100000.0, 'xatol': 1e-08, 'fatol': 1e-08, 'adaptive': True}
2020-06-18 07:41:11,908 [MainThread  ][INFO ]  Initial parameter values: [0, 0, 0, 0, 0, 0, 0, 0]
2020-06-18 07:56:11,316 [MainThread  ][INFO ]  Final fidelity: 0.9990778326266696
2020-06-18 07:56:11,317 [MainThread  ][INFO ]  Final parameters: [-106.63625293  -18.53888212   41.55106988  -11.94704825  119.27990941
  173.80654341  -19.91040786   17.16887616]
2020-06-18 07:56:11,317 [MainThread  ][INFO ]  Fidelity: 0.9990778326266696
2020-06-18 07:56:11,317 [MainThread  ][INFO ]  ---- Iteration 74/100
2020-06-18 07:56:11,317 [MainThread  ][DEBUG]  Setting hyperparameter tf=1.4773737373737375
2020-06-18 07:56:11,317 [MainThread  ][INFO ]  Starting optimization for tf=1.4773737373737375
2020-06-18 07:56:11,317 [MainThread  ][DEBUG]  Optimization method: Nelder-Mead
2020-06-18 07:56:11,318 [MainThread  ][DEBUG]  Optimization options: {'maxiter': 100000.0, 'maxfev': 100000.0, 'xatol': 1e-08, 'fatol': 1e-08, 'adaptive': True}
2020-06-18 07:56:11,318 [MainThread  ][INFO ]  Initial parameter values: [0, 0, 0, 0, 0, 0, 0, 0]
2020-06-18 08:03:12,358 [MainThread  ][INFO ]  Final fidelity: 0.9990886214095198
2020-06-18 08:03:12,359 [MainThread  ][INFO ]  Final parameters: [-119.33059642 -104.88800768  -32.87360822  104.80066542  109.94082787
  192.67813636  114.8722649   195.41718197]
2020-06-18 08:03:12,359 [MainThread  ][INFO ]  Fidelity: 0.9990886214095198
2020-06-18 08:03:12,359 [MainThread  ][INFO ]  ---- Iteration 75/100
2020-06-18 08:03:12,359 [MainThread  ][DEBUG]  Setting hyperparameter tf=1.4974747474747476
2020-06-18 08:03:12,359 [MainThread  ][INFO ]  Starting optimization for tf=1.4974747474747476
2020-06-18 08:03:12,359 [MainThread  ][DEBUG]  Optimization method: Nelder-Mead
2020-06-18 08:03:12,359 [MainThread  ][DEBUG]  Optimization options: {'maxiter': 100000.0, 'maxfev': 100000.0, 'xatol': 1e-08, 'fatol': 1e-08, 'adaptive': True}
2020-06-18 08:03:12,359 [MainThread  ][INFO ]  Initial parameter values: [0, 0, 0, 0, 0, 0, 0, 0]
2020-06-18 08:10:13,409 [MainThread  ][INFO ]  Final fidelity: 0.9991071443606798
2020-06-18 08:10:13,410 [MainThread  ][INFO ]  Final parameters: [-111.87588472  -38.11616104   32.91655965   83.42227404  107.6382791
  199.99999992   52.86827876   19.23521826]
2020-06-18 08:10:13,410 [MainThread  ][INFO ]  Fidelity: 0.9991071443606798
2020-06-18 08:10:13,410 [MainThread  ][INFO ]  ---- Iteration 76/100
2020-06-18 08:10:13,411 [MainThread  ][DEBUG]  Setting hyperparameter tf=1.5175757575757576
2020-06-18 08:10:13,411 [MainThread  ][INFO ]  Starting optimization for tf=1.5175757575757576
2020-06-18 08:10:13,411 [MainThread  ][DEBUG]  Optimization method: Nelder-Mead
2020-06-18 08:10:13,411 [MainThread  ][DEBUG]  Optimization options: {'maxiter': 100000.0, 'maxfev': 100000.0, 'xatol': 1e-08, 'fatol': 1e-08, 'adaptive': True}
2020-06-18 08:10:13,411 [MainThread  ][INFO ]  Initial parameter values: [0, 0, 0, 0, 0, 0, 0, 0]
2020-06-18 08:21:18,943 [MainThread  ][INFO ]  Final fidelity: 0.9985326728357613
2020-06-18 08:21:18,944 [MainThread  ][INFO ]  Final parameters: [-35.15997625  15.76258032  43.3130221  -11.5787548  118.99224208
 -91.86642754  33.08815418   4.74759098]
2020-06-18 08:21:18,944 [MainThread  ][INFO ]  Fidelity: 0.9985326728357613
2020-06-18 08:21:18,944 [MainThread  ][INFO ]  ---- Iteration 77/100
2020-06-18 08:21:18,944 [MainThread  ][DEBUG]  Setting hyperparameter tf=1.5376767676767678
2020-06-18 08:21:18,944 [MainThread  ][INFO ]  Starting optimization for tf=1.5376767676767678
2020-06-18 08:21:18,944 [MainThread  ][DEBUG]  Optimization method: Nelder-Mead
2020-06-18 08:21:18,944 [MainThread  ][DEBUG]  Optimization options: {'maxiter': 100000.0, 'maxfev': 100000.0, 'xatol': 1e-08, 'fatol': 1e-08, 'adaptive': True}
2020-06-18 08:21:18,944 [MainThread  ][INFO ]  Initial parameter values: [0, 0, 0, 0, 0, 0, 0, 0]
2020-06-18 08:38:07,961 [MainThread  ][INFO ]  Final fidelity: 0.9989089016806614
2020-06-18 08:38:08,058 [MainThread  ][INFO ]  Final parameters: [-49.5592433  -75.74267111 -26.07577441 -77.43024064  95.15940598
  -9.49330172  69.50596644 104.54485922]
2020-06-18 08:38:08,058 [MainThread  ][INFO ]  Fidelity: 0.9989089016806614
2020-06-18 08:38:08,058 [MainThread  ][INFO ]  ---- Iteration 78/100
2020-06-18 08:38:08,059 [MainThread  ][DEBUG]  Setting hyperparameter tf=1.557777777777778
2020-06-18 08:38:08,059 [MainThread  ][INFO ]  Starting optimization for tf=1.557777777777778
2020-06-18 08:38:08,059 [MainThread  ][DEBUG]  Optimization method: Nelder-Mead
2020-06-18 08:38:08,059 [MainThread  ][DEBUG]  Optimization options: {'maxiter': 100000.0, 'maxfev': 100000.0, 'xatol': 1e-08, 'fatol': 1e-08, 'adaptive': True}
2020-06-18 08:38:08,059 [MainThread  ][INFO ]  Initial parameter values: [0, 0, 0, 0, 0, 0, 0, 0]
2020-06-18 08:44:05,150 [MainThread  ][INFO ]  Final fidelity: 0.9990561858059699
2020-06-18 08:44:05,151 [MainThread  ][INFO ]  Final parameters: [ -58.94305716   22.43908173  111.55545195   15.02722854   94.20005596
   90.10702658  -56.40440222 -200.        ]
2020-06-18 08:44:05,151 [MainThread  ][INFO ]  Fidelity: 0.9990561858059699
2020-06-18 08:44:05,151 [MainThread  ][INFO ]  ---- Iteration 79/100
2020-06-18 08:44:05,151 [MainThread  ][DEBUG]  Setting hyperparameter tf=1.5778787878787879
2020-06-18 08:44:05,151 [MainThread  ][INFO ]  Starting optimization for tf=1.5778787878787879
2020-06-18 08:44:05,151 [MainThread  ][DEBUG]  Optimization method: Nelder-Mead
2020-06-18 08:44:05,151 [MainThread  ][DEBUG]  Optimization options: {'maxiter': 100000.0, 'maxfev': 100000.0, 'xatol': 1e-08, 'fatol': 1e-08, 'adaptive': True}
2020-06-18 08:44:05,151 [MainThread  ][INFO ]  Initial parameter values: [0, 0, 0, 0, 0, 0, 0, 0]
2020-06-18 08:50:57,458 [MainThread  ][INFO ]  Final fidelity: 0.9990637381342289
2020-06-18 08:50:57,459 [MainThread  ][INFO ]  Final parameters: [ -53.95551401   14.3382184    76.50101107   38.1355784    87.7606271
   85.14947415  -49.92692932 -184.71500441]
2020-06-18 08:50:57,459 [MainThread  ][INFO ]  Fidelity: 0.9990637381342289
2020-06-18 08:50:57,459 [MainThread  ][INFO ]  ---- Iteration 80/100
2020-06-18 08:50:57,459 [MainThread  ][DEBUG]  Setting hyperparameter tf=1.597979797979798
2020-06-18 08:50:57,459 [MainThread  ][INFO ]  Starting optimization for tf=1.597979797979798
2020-06-18 08:50:57,459 [MainThread  ][DEBUG]  Optimization method: Nelder-Mead
2020-06-18 08:50:57,459 [MainThread  ][DEBUG]  Optimization options: {'maxiter': 100000.0, 'maxfev': 100000.0, 'xatol': 1e-08, 'fatol': 1e-08, 'adaptive': True}
2020-06-18 08:50:57,459 [MainThread  ][INFO ]  Initial parameter values: [0, 0, 0, 0, 0, 0, 0, 0]
2020-06-18 08:59:02,980 [MainThread  ][INFO ]  Final fidelity: 0.9990601701318832
2020-06-18 08:59:02,981 [MainThread  ][INFO ]  Final parameters: [ -53.48823317   22.16833418  106.93680001   55.93802581   85.93251909
   84.61883756  -48.62712741 -193.90167626]
2020-06-18 08:59:02,981 [MainThread  ][INFO ]  Fidelity: 0.9990601701318832
2020-06-18 08:59:02,981 [MainThread  ][INFO ]  ---- Iteration 81/100
2020-06-18 08:59:02,981 [MainThread  ][DEBUG]  Setting hyperparameter tf=1.6180808080808082
2020-06-18 08:59:02,981 [MainThread  ][INFO ]  Starting optimization for tf=1.6180808080808082
2020-06-18 08:59:02,981 [MainThread  ][DEBUG]  Optimization method: Nelder-Mead
2020-06-18 08:59:02,981 [MainThread  ][DEBUG]  Optimization options: {'maxiter': 100000.0, 'maxfev': 100000.0, 'xatol': 1e-08, 'fatol': 1e-08, 'adaptive': True}
2020-06-18 08:59:02,981 [MainThread  ][INFO ]  Initial parameter values: [0, 0, 0, 0, 0, 0, 0, 0]
2020-06-18 09:08:26,124 [MainThread  ][INFO ]  Final fidelity: 0.9991329240262552
2020-06-18 09:08:26,125 [MainThread  ][INFO ]  Final parameters: [ -55.63926866   -8.18837816  -47.33385854 -119.27400662   73.60275249
  104.43933734   -9.3536252   -56.34543414]
2020-06-18 09:08:26,125 [MainThread  ][INFO ]  Fidelity: 0.9991329240262552
2020-06-18 09:08:26,125 [MainThread  ][INFO ]  ---- Iteration 82/100
2020-06-18 09:08:26,125 [MainThread  ][DEBUG]  Setting hyperparameter tf=1.6381818181818182
2020-06-18 09:08:26,125 [MainThread  ][INFO ]  Starting optimization for tf=1.6381818181818182
2020-06-18 09:08:26,125 [MainThread  ][DEBUG]  Optimization method: Nelder-Mead
2020-06-18 09:08:26,125 [MainThread  ][DEBUG]  Optimization options: {'maxiter': 100000.0, 'maxfev': 100000.0, 'xatol': 1e-08, 'fatol': 1e-08, 'adaptive': True}
2020-06-18 09:08:26,125 [MainThread  ][INFO ]  Initial parameter values: [0, 0, 0, 0, 0, 0, 0, 0]
2020-06-18 09:13:51,903 [MainThread  ][INFO ]  Final fidelity: 0.9990939818766791
2020-06-18 09:13:51,904 [MainThread  ][INFO ]  Final parameters: [ -52.49643061   20.15024368  100.25990386    9.76149901   77.73757909
   98.94974604  -49.23574784 -180.51126681]
2020-06-18 09:13:51,904 [MainThread  ][INFO ]  Fidelity: 0.9990939818766791
2020-06-18 09:13:51,904 [MainThread  ][INFO ]  ---- Iteration 83/100
2020-06-18 09:13:51,904 [MainThread  ][DEBUG]  Setting hyperparameter tf=1.6582828282828284
2020-06-18 09:13:51,904 [MainThread  ][INFO ]  Starting optimization for tf=1.6582828282828284
2020-06-18 09:13:51,904 [MainThread  ][DEBUG]  Optimization method: Nelder-Mead
2020-06-18 09:13:51,904 [MainThread  ][DEBUG]  Optimization options: {'maxiter': 100000.0, 'maxfev': 100000.0, 'xatol': 1e-08, 'fatol': 1e-08, 'adaptive': True}
2020-06-18 09:13:51,904 [MainThread  ][INFO ]  Initial parameter values: [0, 0, 0, 0, 0, 0, 0, 0]
2020-06-18 09:20:33,845 [MainThread  ][INFO ]  Final fidelity: 0.9991502946776659
2020-06-18 09:20:33,846 [MainThread  ][INFO ]  Final parameters: [-57.98645992 -37.21819319 -12.17056848  24.28813639  67.26222589
 119.18083545  39.62144605 -83.11311846]
2020-06-18 09:20:33,846 [MainThread  ][INFO ]  Fidelity: 0.9991502946776659
2020-06-18 09:20:33,846 [MainThread  ][INFO ]  ---- Iteration 84/100
2020-06-18 09:20:33,846 [MainThread  ][DEBUG]  Setting hyperparameter tf=1.6783838383838385
2020-06-18 09:20:33,846 [MainThread  ][INFO ]  Starting optimization for tf=1.6783838383838385
2020-06-18 09:20:33,846 [MainThread  ][DEBUG]  Optimization method: Nelder-Mead
2020-06-18 09:20:33,846 [MainThread  ][DEBUG]  Optimization options: {'maxiter': 100000.0, 'maxfev': 100000.0, 'xatol': 1e-08, 'fatol': 1e-08, 'adaptive': True}
2020-06-18 09:20:33,846 [MainThread  ][INFO ]  Initial parameter values: [0, 0, 0, 0, 0, 0, 0, 0]
2020-06-18 09:31:34,607 [MainThread  ][INFO ]  Final fidelity: 0.9991846026284209
2020-06-18 09:31:34,608 [MainThread  ][INFO ]  Final parameters: [-103.95732099  -93.40581211   60.14748739  120.51632936   72.58428559
  188.32963243  200.          137.49354404]
2020-06-18 09:31:34,608 [MainThread  ][INFO ]  Fidelity: 0.9991846026284209
2020-06-18 09:31:34,608 [MainThread  ][INFO ]  ---- Iteration 85/100
2020-06-18 09:31:34,608 [MainThread  ][DEBUG]  Setting hyperparameter tf=1.6984848484848485
2020-06-18 09:31:34,608 [MainThread  ][INFO ]  Starting optimization for tf=1.6984848484848485
2020-06-18 09:31:34,608 [MainThread  ][DEBUG]  Optimization method: Nelder-Mead
2020-06-18 09:31:34,608 [MainThread  ][DEBUG]  Optimization options: {'maxiter': 100000.0, 'maxfev': 100000.0, 'xatol': 1e-08, 'fatol': 1e-08, 'adaptive': True}
2020-06-18 09:31:34,608 [MainThread  ][INFO ]  Initial parameter values: [0, 0, 0, 0, 0, 0, 0, 0]
2020-06-18 09:35:23,770 [MainThread  ][INFO ]  Final fidelity: 0.999051775205616
2020-06-18 09:35:23,771 [MainThread  ][INFO ]  Final parameters: [-35.46725529  25.81612838   2.50777073  23.83501084  66.17637707
  17.62588371 -19.31015748 -74.55413847]
2020-06-18 09:35:23,771 [MainThread  ][INFO ]  Fidelity: 0.999051775205616
2020-06-18 09:35:23,771 [MainThread  ][INFO ]  ---- Iteration 86/100
2020-06-18 09:35:23,771 [MainThread  ][DEBUG]  Setting hyperparameter tf=1.7185858585858587
2020-06-18 09:35:23,771 [MainThread  ][INFO ]  Starting optimization for tf=1.7185858585858587
2020-06-18 09:35:23,771 [MainThread  ][DEBUG]  Optimization method: Nelder-Mead
2020-06-18 09:35:23,771 [MainThread  ][DEBUG]  Optimization options: {'maxiter': 100000.0, 'maxfev': 100000.0, 'xatol': 1e-08, 'fatol': 1e-08, 'adaptive': True}
2020-06-18 09:35:23,771 [MainThread  ][INFO ]  Initial parameter values: [0, 0, 0, 0, 0, 0, 0, 0]
2020-06-18 09:40:47,006 [MainThread  ][INFO ]  Final fidelity: 0.9991221661379598
2020-06-18 09:40:47,007 [MainThread  ][INFO ]  Final parameters: [ -45.05797674   22.02270673   72.60065982   23.24215019   64.84764407
   89.82768597  -37.54235973 -152.88690157]
2020-06-18 09:40:47,007 [MainThread  ][INFO ]  Fidelity: 0.9991221661379598
2020-06-18 09:40:47,007 [MainThread  ][INFO ]  ---- Iteration 87/100
2020-06-18 09:40:47,007 [MainThread  ][DEBUG]  Setting hyperparameter tf=1.7386868686868688
2020-06-18 09:40:47,007 [MainThread  ][INFO ]  Starting optimization for tf=1.7386868686868688
2020-06-18 09:40:47,007 [MainThread  ][DEBUG]  Optimization method: Nelder-Mead
2020-06-18 09:40:47,007 [MainThread  ][DEBUG]  Optimization options: {'maxiter': 100000.0, 'maxfev': 100000.0, 'xatol': 1e-08, 'fatol': 1e-08, 'adaptive': True}
2020-06-18 09:40:47,007 [MainThread  ][INFO ]  Initial parameter values: [0, 0, 0, 0, 0, 0, 0, 0]
2020-06-18 09:51:13,525 [MainThread  ][INFO ]  Final fidelity: 0.9992544699283387
2020-06-18 09:51:13,527 [MainThread  ][INFO ]  Final parameters: [-72.12767008 -66.46343911  -4.22099176 -19.31662031  58.0119907
 167.21682512 128.03393085  -9.13504511]
2020-06-18 09:51:13,527 [MainThread  ][INFO ]  Fidelity: 0.9992544699283387
2020-06-18 09:51:13,527 [MainThread  ][INFO ]  ---- Iteration 88/100
2020-06-18 09:51:13,527 [MainThread  ][DEBUG]  Setting hyperparameter tf=1.7587878787878788
2020-06-18 09:51:13,527 [MainThread  ][INFO ]  Starting optimization for tf=1.7587878787878788
2020-06-18 09:51:13,527 [MainThread  ][DEBUG]  Optimization method: Nelder-Mead
2020-06-18 09:51:13,527 [MainThread  ][DEBUG]  Optimization options: {'maxiter': 100000.0, 'maxfev': 100000.0, 'xatol': 1e-08, 'fatol': 1e-08, 'adaptive': True}
2020-06-18 09:51:13,527 [MainThread  ][INFO ]  Initial parameter values: [0, 0, 0, 0, 0, 0, 0, 0]
2020-06-18 10:01:24,070 [MainThread  ][INFO ]  Final fidelity: 0.9992490522816758
2020-06-18 10:01:24,071 [MainThread  ][INFO ]  Final parameters: [-59.79511949 -52.07422395 -71.83958839 -64.9898887   52.18542576
 128.60764409  97.43457421  51.15949663]
2020-06-18 10:01:24,071 [MainThread  ][INFO ]  Fidelity: 0.9992490522816758
2020-06-18 10:01:24,071 [MainThread  ][INFO ]  ---- Iteration 89/100
2020-06-18 10:01:24,071 [MainThread  ][DEBUG]  Setting hyperparameter tf=1.778888888888889
2020-06-18 10:01:24,071 [MainThread  ][INFO ]  Starting optimization for tf=1.778888888888889
2020-06-18 10:01:24,071 [MainThread  ][DEBUG]  Optimization method: Nelder-Mead
2020-06-18 10:01:24,071 [MainThread  ][DEBUG]  Optimization options: {'maxiter': 100000.0, 'maxfev': 100000.0, 'xatol': 1e-08, 'fatol': 1e-08, 'adaptive': True}
2020-06-18 10:01:24,071 [MainThread  ][INFO ]  Initial parameter values: [0, 0, 0, 0, 0, 0, 0, 0]
2020-06-18 10:09:04,199 [MainThread  ][INFO ]  Final fidelity: 0.9991648897301587
2020-06-18 10:09:04,200 [MainThread  ][INFO ]  Final parameters: [-44.12386718   6.83940368  43.61840583  -2.03255813  55.5321836
  97.88717771 -33.61301094 -81.26540898]
2020-06-18 10:09:04,200 [MainThread  ][INFO ]  Fidelity: 0.9991648897301587
2020-06-18 10:09:04,200 [MainThread  ][INFO ]  ---- Iteration 90/100
2020-06-18 10:09:04,201 [MainThread  ][DEBUG]  Setting hyperparameter tf=1.7989898989898991
2020-06-18 10:09:04,201 [MainThread  ][INFO ]  Starting optimization for tf=1.7989898989898991
2020-06-18 10:09:04,201 [MainThread  ][DEBUG]  Optimization method: Nelder-Mead
2020-06-18 10:09:04,201 [MainThread  ][DEBUG]  Optimization options: {'maxiter': 100000.0, 'maxfev': 100000.0, 'xatol': 1e-08, 'fatol': 1e-08, 'adaptive': True}
2020-06-18 10:09:04,201 [MainThread  ][INFO ]  Initial parameter values: [0, 0, 0, 0, 0, 0, 0, 0]
2020-06-18 10:15:38,183 [MainThread  ][INFO ]  Final fidelity: 0.9991757791096582
2020-06-18 10:15:38,184 [MainThread  ][INFO ]  Final parameters: [-39.674259     9.12323363  25.34466765 -41.59228664  52.03761023
  89.11057243 -30.82291527 -83.9721441 ]
2020-06-18 10:15:38,184 [MainThread  ][INFO ]  Fidelity: 0.9991757791096582
2020-06-18 10:15:38,184 [MainThread  ][INFO ]  ---- Iteration 91/100
2020-06-18 10:15:38,184 [MainThread  ][DEBUG]  Setting hyperparameter tf=1.819090909090909
2020-06-18 10:15:38,184 [MainThread  ][INFO ]  Starting optimization for tf=1.819090909090909
2020-06-18 10:15:38,184 [MainThread  ][DEBUG]  Optimization method: Nelder-Mead
2020-06-18 10:15:38,184 [MainThread  ][DEBUG]  Optimization options: {'maxiter': 100000.0, 'maxfev': 100000.0, 'xatol': 1e-08, 'fatol': 1e-08, 'adaptive': True}
2020-06-18 10:15:38,184 [MainThread  ][INFO ]  Initial parameter values: [0, 0, 0, 0, 0, 0, 0, 0]
2020-06-18 10:21:37,029 [MainThread  ][INFO ]  Final fidelity: 0.9991696310294773
2020-06-18 10:21:37,030 [MainThread  ][INFO ]  Final parameters: [-38.59708298   7.97716003  45.58576784  20.68914808  51.13585953
  86.77204976 -32.51902864 -89.82754094]
2020-06-18 10:21:37,030 [MainThread  ][INFO ]  Fidelity: 0.9991696310294773
2020-06-18 10:21:37,030 [MainThread  ][INFO ]  ---- Iteration 92/100
2020-06-18 10:21:37,030 [MainThread  ][DEBUG]  Setting hyperparameter tf=1.8391919191919193
2020-06-18 10:21:37,030 [MainThread  ][INFO ]  Starting optimization for tf=1.8391919191919193
2020-06-18 10:21:37,030 [MainThread  ][DEBUG]  Optimization method: Nelder-Mead
2020-06-18 10:21:37,030 [MainThread  ][DEBUG]  Optimization options: {'maxiter': 100000.0, 'maxfev': 100000.0, 'xatol': 1e-08, 'fatol': 1e-08, 'adaptive': True}
2020-06-18 10:21:37,030 [MainThread  ][INFO ]  Initial parameter values: [0, 0, 0, 0, 0, 0, 0, 0]
2020-06-18 10:28:29,110 [MainThread  ][INFO ]  Final fidelity: 0.9991835346653949
2020-06-18 10:28:29,110 [MainThread  ][INFO ]  Final parameters: [-34.0659955   -9.87807432  -7.04277131   5.3875275   45.10508174
  74.92357375   1.81132838 -73.02438289]
2020-06-18 10:28:29,111 [MainThread  ][INFO ]  Fidelity: 0.9991835346653949
2020-06-18 10:28:29,111 [MainThread  ][INFO ]  ---- Iteration 93/100
2020-06-18 10:28:29,111 [MainThread  ][DEBUG]  Setting hyperparameter tf=1.8592929292929294
2020-06-18 10:28:29,111 [MainThread  ][INFO ]  Starting optimization for tf=1.8592929292929294
2020-06-18 10:28:29,111 [MainThread  ][DEBUG]  Optimization method: Nelder-Mead
2020-06-18 10:28:29,111 [MainThread  ][DEBUG]  Optimization options: {'maxiter': 100000.0, 'maxfev': 100000.0, 'xatol': 1e-08, 'fatol': 1e-08, 'adaptive': True}
2020-06-18 10:28:29,111 [MainThread  ][INFO ]  Initial parameter values: [0, 0, 0, 0, 0, 0, 0, 0]
2020-06-18 10:39:06,057 [MainThread  ][INFO ]  Final fidelity: 0.9993297780718342
2020-06-18 10:39:06,058 [MainThread  ][INFO ]  Final parameters: [-61.08992212 -52.82557382 -64.04191025 -43.87780482  45.13196422
 130.77583801 127.67768332 103.55726314]
2020-06-18 10:39:06,058 [MainThread  ][INFO ]  Fidelity: 0.9993297780718342
2020-06-18 10:39:06,058 [MainThread  ][INFO ]  ---- Iteration 94/100
2020-06-18 10:39:06,058 [MainThread  ][DEBUG]  Setting hyperparameter tf=1.8793939393939394
2020-06-18 10:39:06,058 [MainThread  ][INFO ]  Starting optimization for tf=1.8793939393939394
2020-06-18 10:39:06,058 [MainThread  ][DEBUG]  Optimization method: Nelder-Mead
2020-06-18 10:39:06,058 [MainThread  ][DEBUG]  Optimization options: {'maxiter': 100000.0, 'maxfev': 100000.0, 'xatol': 1e-08, 'fatol': 1e-08, 'adaptive': True}
2020-06-18 10:39:06,058 [MainThread  ][INFO ]  Initial parameter values: [0, 0, 0, 0, 0, 0, 0, 0]
2020-06-18 10:47:51,529 [MainThread  ][INFO ]  Final fidelity: 0.99929814479485
2020-06-18 10:47:51,530 [MainThread  ][INFO ]  Final parameters: [-54.02079075 -25.66272416 -26.70955328 -78.10666749  45.07296591
 115.87283734  85.55930065  56.2674657 ]
2020-06-18 10:47:51,530 [MainThread  ][INFO ]  Fidelity: 0.99929814479485
2020-06-18 10:47:51,530 [MainThread  ][INFO ]  ---- Iteration 95/100
2020-06-18 10:47:51,530 [MainThread  ][DEBUG]  Setting hyperparameter tf=1.8994949494949496
2020-06-18 10:47:51,530 [MainThread  ][INFO ]  Starting optimization for tf=1.8994949494949496
2020-06-18 10:47:51,530 [MainThread  ][DEBUG]  Optimization method: Nelder-Mead
2020-06-18 10:47:51,530 [MainThread  ][DEBUG]  Optimization options: {'maxiter': 100000.0, 'maxfev': 100000.0, 'xatol': 1e-08, 'fatol': 1e-08, 'adaptive': True}
2020-06-18 10:47:51,530 [MainThread  ][INFO ]  Initial parameter values: [0, 0, 0, 0, 0, 0, 0, 0]
2020-06-18 10:54:23,158 [MainThread  ][INFO ]  Final fidelity: 0.9992337789222144
2020-06-18 10:54:23,158 [MainThread  ][INFO ]  Final parameters: [-42.46699549  -2.38169084  11.93306668 -82.8149858   44.03354486
  97.3333949   20.768327   -20.75788943]
2020-06-18 10:54:23,159 [MainThread  ][INFO ]  Fidelity: 0.9992337789222144
2020-06-18 10:54:23,159 [MainThread  ][INFO ]  ---- Iteration 96/100
2020-06-18 10:54:23,159 [MainThread  ][DEBUG]  Setting hyperparameter tf=1.9195959595959597
2020-06-18 10:54:23,159 [MainThread  ][INFO ]  Starting optimization for tf=1.9195959595959597
2020-06-18 10:54:23,159 [MainThread  ][DEBUG]  Optimization method: Nelder-Mead
2020-06-18 10:54:23,159 [MainThread  ][DEBUG]  Optimization options: {'maxiter': 100000.0, 'maxfev': 100000.0, 'xatol': 1e-08, 'fatol': 1e-08, 'adaptive': True}
2020-06-18 10:54:23,159 [MainThread  ][INFO ]  Initial parameter values: [0, 0, 0, 0, 0, 0, 0, 0]
2020-06-18 11:01:22,040 [MainThread  ][INFO ]  Final fidelity: 0.999220392700742
2020-06-18 11:01:22,041 [MainThread  ][INFO ]  Final parameters: [-38.51679639   7.50363803  21.92889176 -71.81293635  42.94377801
  87.34049835   9.54879222 -45.84219828]
2020-06-18 11:01:22,041 [MainThread  ][INFO ]  Fidelity: 0.999220392700742
2020-06-18 11:01:22,041 [MainThread  ][INFO ]  ---- Iteration 97/100
2020-06-18 11:01:22,041 [MainThread  ][DEBUG]  Setting hyperparameter tf=1.9396969696969697
2020-06-18 11:01:22,041 [MainThread  ][INFO ]  Starting optimization for tf=1.9396969696969697
2020-06-18 11:01:22,041 [MainThread  ][DEBUG]  Optimization method: Nelder-Mead
2020-06-18 11:01:22,041 [MainThread  ][DEBUG]  Optimization options: {'maxiter': 100000.0, 'maxfev': 100000.0, 'xatol': 1e-08, 'fatol': 1e-08, 'adaptive': True}
2020-06-18 11:01:22,041 [MainThread  ][INFO ]  Initial parameter values: [0, 0, 0, 0, 0, 0, 0, 0]
2020-06-18 11:09:37,232 [MainThread  ][INFO ]  Final fidelity: 0.9992173060165467
2020-06-18 11:09:37,233 [MainThread  ][INFO ]  Final parameters: [-32.95905484   8.07741014  27.14979515  -1.2187261   40.52777604
  77.33261832  -3.90366471 -79.52570701]
2020-06-18 11:09:37,233 [MainThread  ][INFO ]  Fidelity: 0.9992173060165467
2020-06-18 11:09:37,233 [MainThread  ][INFO ]  ---- Iteration 98/100
2020-06-18 11:09:37,233 [MainThread  ][DEBUG]  Setting hyperparameter tf=1.9597979797979799
2020-06-18 11:09:37,233 [MainThread  ][INFO ]  Starting optimization for tf=1.9597979797979799
2020-06-18 11:09:37,233 [MainThread  ][DEBUG]  Optimization method: Nelder-Mead
2020-06-18 11:09:37,233 [MainThread  ][DEBUG]  Optimization options: {'maxiter': 100000.0, 'maxfev': 100000.0, 'xatol': 1e-08, 'fatol': 1e-08, 'adaptive': True}
2020-06-18 11:09:37,234 [MainThread  ][INFO ]  Initial parameter values: [0, 0, 0, 0, 0, 0, 0, 0]
2020-06-18 11:17:30,305 [MainThread  ][INFO ]  Final fidelity: 0.99923281790392
2020-06-18 11:17:30,306 [MainThread  ][INFO ]  Final parameters: [-29.34330618   4.42320557  11.91531473 -34.29129103  37.42365266
  72.89828997  -9.55665735 -66.19835855]
2020-06-18 11:17:30,306 [MainThread  ][INFO ]  Fidelity: 0.99923281790392
2020-06-18 11:17:30,306 [MainThread  ][INFO ]  ---- Iteration 99/100
2020-06-18 11:17:30,306 [MainThread  ][DEBUG]  Setting hyperparameter tf=1.97989898989899
2020-06-18 11:17:30,306 [MainThread  ][INFO ]  Starting optimization for tf=1.97989898989899
2020-06-18 11:17:30,306 [MainThread  ][DEBUG]  Optimization method: Nelder-Mead
2020-06-18 11:17:30,306 [MainThread  ][DEBUG]  Optimization options: {'maxiter': 100000.0, 'maxfev': 100000.0, 'xatol': 1e-08, 'fatol': 1e-08, 'adaptive': True}
2020-06-18 11:17:30,306 [MainThread  ][INFO ]  Initial parameter values: [0, 0, 0, 0, 0, 0, 0, 0]
2020-06-18 11:23:34,858 [MainThread  ][INFO ]  Final fidelity: 0.9992553056144486
2020-06-18 11:23:34,858 [MainThread  ][INFO ]  Final parameters: [-31.64509577  -8.04452078  13.6316168  -11.82511752  36.08055724
  80.69681128  13.17718946 -62.46664324]
2020-06-18 11:23:34,858 [MainThread  ][INFO ]  Fidelity: 0.9992553056144486
2020-06-18 11:23:34,858 [MainThread  ][INFO ]  ---- Iteration 100/100
2020-06-18 11:23:34,859 [MainThread  ][DEBUG]  Setting hyperparameter tf=2.0
2020-06-18 11:23:34,859 [MainThread  ][INFO ]  Starting optimization for tf=2.0
2020-06-18 11:23:34,859 [MainThread  ][DEBUG]  Optimization method: Nelder-Mead
2020-06-18 11:23:34,859 [MainThread  ][DEBUG]  Optimization options: {'maxiter': 100000.0, 'maxfev': 100000.0, 'xatol': 1e-08, 'fatol': 1e-08, 'adaptive': True}
2020-06-18 11:23:34,859 [MainThread  ][INFO ]  Initial parameter values: [0, 0, 0, 0, 0, 0, 0, 0]
2020-06-18 11:30:56,095 [MainThread  ][INFO ]  Final fidelity: 0.9992504637058165
2020-06-18 11:30:56,096 [MainThread  ][INFO ]  Final parameters: [-33.02525013   0.30746068  35.06269809  -6.29513141  37.04882335
  83.79436445   6.27640802 -69.25420203]
2020-06-18 11:30:56,096 [MainThread  ][INFO ]  Fidelity: 0.9992504637058165
