2019-02-28 18:36:42,523 [MainThread  ][INFO ]  Output file name will be "lmg_bangramp_neldermead_bounds5.csv"
2019-02-28 18:36:42,874 [MainThread  ][INFO ]  Using bangramp protocol ansatz.
2019-02-28 18:36:42,874 [MainThread  ][DEBUG]  Initializing ProtocolAnsatz instance "bangramp"
2019-02-28 18:36:42,874 [MainThread  ][INFO ]  Using parameters constraints: [[-5, 5], [None, None], [-5, 5], [-5, 5]]
2019-02-28 18:36:42,874 [MainThread  ][INFO ]  Using total height constraint: None
2019-02-28 18:36:42,875 [MainThread  ][INFO ]  ---- Starting iteration 1/100
2019-02-28 18:36:42,875 [MainThread  ][DEBUG]  Setting hyperparameter tf=0.1
2019-02-28 18:36:42,876 [MainThread  ][INFO ]  Starting optimization for tf=0.1
2019-02-28 18:36:42,876 [MainThread  ][DEBUG]  Optimization method: Nelder-Mead
2019-02-28 18:36:42,876 [MainThread  ][DEBUG]  Optimization options: None
2019-02-28 18:36:42,876 [MainThread  ][INFO ]  Initial parameter values: [0.69125883 0.05       0.28817733 1.55608853]
2019-02-28 18:36:51,858 [MainThread  ][INFO ]  Final fidelity: 0.8133226360736691
2019-02-28 18:36:51,858 [MainThread  ][INFO ]  Final parameters: [ 4.06140048  0.01370841  4.99165387 -4.9999816 ]
2019-02-28 18:36:51,858 [MainThread  ][INFO ]  Fidelity: 0.8133226360736691
2019-02-28 18:36:51,858 [MainThread  ][INFO ]  ---- Starting iteration 2/100
2019-02-28 18:36:51,858 [MainThread  ][DEBUG]  Setting hyperparameter tf=0.1191919191919192
2019-02-28 18:36:51,858 [MainThread  ][INFO ]  Starting optimization for tf=0.1191919191919192
2019-02-28 18:36:51,858 [MainThread  ][DEBUG]  Optimization method: Nelder-Mead
2019-02-28 18:36:51,859 [MainThread  ][DEBUG]  Optimization options: None
2019-02-28 18:36:51,859 [MainThread  ][INFO ]  Initial parameter values: [0.71698221 0.05959596 0.4910466  0.82300286]
2019-02-28 18:36:59,485 [MainThread  ][INFO ]  Final fidelity: 0.8162926880120439
2019-02-28 18:36:59,485 [MainThread  ][INFO ]  Final parameters: [ 4.99300682  0.04177133  1.32133335 -4.99995036]
2019-02-28 18:36:59,485 [MainThread  ][INFO ]  Fidelity: 0.8162926880120439
2019-02-28 18:36:59,486 [MainThread  ][INFO ]  ---- Starting iteration 3/100
2019-02-28 18:36:59,486 [MainThread  ][DEBUG]  Setting hyperparameter tf=0.1383838383838384
2019-02-28 18:36:59,486 [MainThread  ][INFO ]  Starting optimization for tf=0.1383838383838384
2019-02-28 18:36:59,486 [MainThread  ][DEBUG]  Optimization method: Nelder-Mead
2019-02-28 18:36:59,486 [MainThread  ][DEBUG]  Optimization options: None
2019-02-28 18:36:59,486 [MainThread  ][INFO ]  Initial parameter values: [1.22980214 0.06919192 0.56509344 0.74917568]
2019-02-28 18:37:13,765 [MainThread  ][INFO ]  Final fidelity: 0.8185199962337084
2019-02-28 18:37:13,775 [MainThread  ][INFO ]  Final parameters: [ 4.99969741  0.03896777  2.76860613 -4.99997818]
2019-02-28 18:37:13,775 [MainThread  ][INFO ]  Fidelity: 0.8185199962337084
2019-02-28 18:37:13,775 [MainThread  ][INFO ]  ---- Starting iteration 4/100
2019-02-28 18:37:13,775 [MainThread  ][DEBUG]  Setting hyperparameter tf=0.1575757575757576
2019-02-28 18:37:13,775 [MainThread  ][INFO ]  Starting optimization for tf=0.1575757575757576
2019-02-28 18:37:13,775 [MainThread  ][DEBUG]  Optimization method: Nelder-Mead
2019-02-28 18:37:13,775 [MainThread  ][DEBUG]  Optimization options: None
2019-02-28 18:37:13,776 [MainThread  ][INFO ]  Initial parameter values: [1.69738269 0.07878788 1.45017342 1.52595743]
2019-02-28 18:37:29,438 [MainThread  ][INFO ]  Final fidelity: 0.81003042079257
2019-02-28 18:37:29,444 [MainThread  ][INFO ]  Final parameters: [0.5052549  0.15756884 0.94540887 0.67341722]
2019-02-28 18:37:29,444 [MainThread  ][INFO ]  Fidelity: 0.81003042079257
2019-02-28 18:37:29,444 [MainThread  ][INFO ]  ---- Starting iteration 5/100
2019-02-28 18:37:29,444 [MainThread  ][DEBUG]  Setting hyperparameter tf=0.17676767676767677
2019-02-28 18:37:29,444 [MainThread  ][INFO ]  Starting optimization for tf=0.17676767676767677
2019-02-28 18:37:29,444 [MainThread  ][DEBUG]  Optimization method: Nelder-Mead
2019-02-28 18:37:29,444 [MainThread  ][DEBUG]  Optimization options: None
2019-02-28 18:37:29,445 [MainThread  ][INFO ]  Initial parameter values: [0.50636905 0.08838384 0.36730087 1.71376906]
2019-02-28 18:37:52,903 [MainThread  ][INFO ]  Final fidelity: 0.8272251213293583
2019-02-28 18:37:52,904 [MainThread  ][INFO ]  Final parameters: [ 4.99994038  0.08266244 -1.63629134 -4.99999176]
2019-02-28 18:37:52,904 [MainThread  ][INFO ]  Fidelity: 0.8272251213293583
2019-02-28 18:37:52,905 [MainThread  ][INFO ]  ---- Starting iteration 6/100
2019-02-28 18:37:52,905 [MainThread  ][DEBUG]  Setting hyperparameter tf=0.19595959595959594
2019-02-28 18:37:52,905 [MainThread  ][INFO ]  Starting optimization for tf=0.19595959595959594
2019-02-28 18:37:52,905 [MainThread  ][DEBUG]  Optimization method: Nelder-Mead
2019-02-28 18:37:52,905 [MainThread  ][DEBUG]  Optimization options: None
2019-02-28 18:37:52,905 [MainThread  ][INFO ]  Initial parameter values: [0.80798006 0.0979798  0.07494035 0.98080511]
2019-02-28 18:38:19,258 [MainThread  ][INFO ]  Final fidelity: 0.8302089713040626
2019-02-28 18:38:19,258 [MainThread  ][INFO ]  Final parameters: [ 4.99993446  0.0800846   0.10708979 -4.99987421]
2019-02-28 18:38:19,258 [MainThread  ][INFO ]  Fidelity: 0.8302089713040626
2019-02-28 18:38:19,258 [MainThread  ][INFO ]  ---- Starting iteration 7/100
2019-02-28 18:38:19,258 [MainThread  ][DEBUG]  Setting hyperparameter tf=0.21515151515151515
2019-02-28 18:38:19,259 [MainThread  ][INFO ]  Starting optimization for tf=0.21515151515151515
2019-02-28 18:38:19,259 [MainThread  ][DEBUG]  Optimization method: Nelder-Mead
2019-02-28 18:38:19,259 [MainThread  ][DEBUG]  Optimization options: None
2019-02-28 18:38:19,259 [MainThread  ][INFO ]  Initial parameter values: [0.64466141 0.10757576 0.20608752 0.31734675]
2019-02-28 18:38:48,205 [MainThread  ][INFO ]  Final fidelity: 0.8292960696150561
2019-02-28 18:38:48,205 [MainThread  ][INFO ]  Final parameters: [ 4.92756609  0.09534661 -4.99991228 -0.36070668]
2019-02-28 18:38:48,205 [MainThread  ][INFO ]  Fidelity: 0.8292960696150561
2019-02-28 18:38:48,205 [MainThread  ][INFO ]  ---- Starting iteration 8/100
2019-02-28 18:38:48,206 [MainThread  ][DEBUG]  Setting hyperparameter tf=0.23434343434343433
2019-02-28 18:38:48,206 [MainThread  ][INFO ]  Starting optimization for tf=0.23434343434343433
2019-02-28 18:38:48,206 [MainThread  ][DEBUG]  Optimization method: Nelder-Mead
2019-02-28 18:38:48,206 [MainThread  ][DEBUG]  Optimization options: None
2019-02-28 18:38:48,206 [MainThread  ][INFO ]  Initial parameter values: [0.81448557 0.11717172 1.16127461 1.48665653]
2019-02-28 18:39:14,025 [MainThread  ][INFO ]  Final fidelity: 0.8369574630978438
2019-02-28 18:39:14,029 [MainThread  ][INFO ]  Final parameters: [ 4.99988281  0.06895236  2.65026672 -4.99994148]
2019-02-28 18:39:14,029 [MainThread  ][INFO ]  Fidelity: 0.8369574630978438
2019-02-28 18:39:14,029 [MainThread  ][INFO ]  ---- Starting iteration 9/100
2019-02-28 18:39:14,029 [MainThread  ][DEBUG]  Setting hyperparameter tf=0.2535353535353535
2019-02-28 18:39:14,029 [MainThread  ][INFO ]  Starting optimization for tf=0.2535353535353535
2019-02-28 18:39:14,030 [MainThread  ][DEBUG]  Optimization method: Nelder-Mead
2019-02-28 18:39:14,030 [MainThread  ][DEBUG]  Optimization options: None
2019-02-28 18:39:14,030 [MainThread  ][INFO ]  Initial parameter values: [1.08470751 0.12676768 0.26220981 1.0029119 ]
2019-02-28 18:39:33,972 [MainThread  ][INFO ]  Final fidelity: 0.8441417266635298
2019-02-28 18:39:33,976 [MainThread  ][INFO ]  Final parameters: [ 4.9999253   0.10323716  0.33875656 -4.9999925 ]
2019-02-28 18:39:33,976 [MainThread  ][INFO ]  Fidelity: 0.8441417266635298
2019-02-28 18:39:33,976 [MainThread  ][INFO ]  ---- Starting iteration 10/100
2019-02-28 18:39:33,976 [MainThread  ][DEBUG]  Setting hyperparameter tf=0.2727272727272727
2019-02-28 18:39:33,976 [MainThread  ][INFO ]  Starting optimization for tf=0.2727272727272727
2019-02-28 18:39:33,976 [MainThread  ][DEBUG]  Optimization method: Nelder-Mead
2019-02-28 18:39:33,976 [MainThread  ][DEBUG]  Optimization options: None
2019-02-28 18:39:33,977 [MainThread  ][INFO ]  Initial parameter values: [0.65739096 0.13636364 1.55690945 1.52777386]
2019-02-28 18:39:56,379 [MainThread  ][INFO ]  Final fidelity: 0.8461707576218823
2019-02-28 18:39:56,380 [MainThread  ][INFO ]  Final parameters: [ 3.37651762  0.17795265 -4.99970584 -4.95006757]
2019-02-28 18:39:56,381 [MainThread  ][INFO ]  Fidelity: 0.8461707576218823
2019-02-28 18:39:56,381 [MainThread  ][INFO ]  ---- Starting iteration 11/100
2019-02-28 18:39:56,381 [MainThread  ][DEBUG]  Setting hyperparameter tf=0.2919191919191919
2019-02-28 18:39:56,381 [MainThread  ][INFO ]  Starting optimization for tf=0.2919191919191919
2019-02-28 18:39:56,381 [MainThread  ][DEBUG]  Optimization method: Nelder-Mead
2019-02-28 18:39:56,381 [MainThread  ][DEBUG]  Optimization options: None
2019-02-28 18:39:56,381 [MainThread  ][INFO ]  Initial parameter values: [0.58173039 0.1459596  0.26037979 1.46743872]
2019-02-28 18:40:38,944 [MainThread  ][INFO ]  Final fidelity: 0.8529721730430091
2019-02-28 18:40:38,952 [MainThread  ][INFO ]  Final parameters: [ 4.99994629  0.09865488  1.94589311 -4.98913686]
2019-02-28 18:40:38,952 [MainThread  ][INFO ]  Fidelity: 0.8529721730430091
2019-02-28 18:40:38,952 [MainThread  ][INFO ]  ---- Starting iteration 12/100
2019-02-28 18:40:38,952 [MainThread  ][DEBUG]  Setting hyperparameter tf=0.3111111111111111
2019-02-28 18:40:38,952 [MainThread  ][INFO ]  Starting optimization for tf=0.3111111111111111
2019-02-28 18:40:38,952 [MainThread  ][DEBUG]  Optimization method: Nelder-Mead
2019-02-28 18:40:38,952 [MainThread  ][DEBUG]  Optimization options: None
2019-02-28 18:40:38,952 [MainThread  ][INFO ]  Initial parameter values: [1.92432456 0.15555556 1.59088167 1.03009421]
2019-02-28 18:40:59,270 [MainThread  ][INFO ]  Final fidelity: 0.814393750444131
2019-02-28 18:40:59,271 [MainThread  ][INFO ]  Final parameters: [0.50477978 0.31109055 1.71261913 0.77471201]
2019-02-28 18:40:59,271 [MainThread  ][INFO ]  Fidelity: 0.814393750444131
2019-02-28 18:40:59,272 [MainThread  ][INFO ]  ---- Starting iteration 13/100
2019-02-28 18:40:59,272 [MainThread  ][DEBUG]  Setting hyperparameter tf=0.3303030303030303
2019-02-28 18:40:59,272 [MainThread  ][INFO ]  Starting optimization for tf=0.3303030303030303
2019-02-28 18:40:59,272 [MainThread  ][DEBUG]  Optimization method: Nelder-Mead
2019-02-28 18:40:59,272 [MainThread  ][DEBUG]  Optimization options: None
2019-02-28 18:40:59,273 [MainThread  ][INFO ]  Initial parameter values: [1.41992915 0.16515152 1.29616042 0.62113474]
2019-02-28 18:41:36,898 [MainThread  ][INFO ]  Final fidelity: 0.8377846970265903
2019-02-28 18:41:36,899 [MainThread  ][INFO ]  Final parameters: [ 2.09839351  0.20603484 -4.99998458  0.58259184]
2019-02-28 18:41:36,899 [MainThread  ][INFO ]  Fidelity: 0.8377846970265903
2019-02-28 18:41:36,899 [MainThread  ][INFO ]  ---- Starting iteration 14/100
2019-02-28 18:41:36,899 [MainThread  ][DEBUG]  Setting hyperparameter tf=0.3494949494949495
2019-02-28 18:41:36,899 [MainThread  ][INFO ]  Starting optimization for tf=0.3494949494949495
2019-02-28 18:41:36,899 [MainThread  ][DEBUG]  Optimization method: Nelder-Mead
2019-02-28 18:41:36,899 [MainThread  ][DEBUG]  Optimization options: None
2019-02-28 18:41:36,900 [MainThread  ][INFO ]  Initial parameter values: [0.11640535 0.17474747 0.01031913 0.97104389]
2019-02-28 18:42:12,320 [MainThread  ][INFO ]  Final fidelity: 0.8756842467282758
2019-02-28 18:42:12,324 [MainThread  ][INFO ]  Final parameters: [ 4.99998849  0.15685429 -0.4549739  -4.99970923]
2019-02-28 18:42:12,324 [MainThread  ][INFO ]  Fidelity: 0.8756842467282758
2019-02-28 18:42:12,324 [MainThread  ][INFO ]  ---- Starting iteration 15/100
2019-02-28 18:42:12,324 [MainThread  ][DEBUG]  Setting hyperparameter tf=0.3686868686868686
2019-02-28 18:42:12,324 [MainThread  ][INFO ]  Starting optimization for tf=0.3686868686868686
2019-02-28 18:42:12,325 [MainThread  ][DEBUG]  Optimization method: Nelder-Mead
2019-02-28 18:42:12,325 [MainThread  ][DEBUG]  Optimization options: None
2019-02-28 18:42:12,325 [MainThread  ][INFO ]  Initial parameter values: [1.78706461 0.18434343 1.79796033 0.61428157]
2019-02-28 18:42:46,284 [MainThread  ][INFO ]  Final fidelity: 0.8672601581522812
2019-02-28 18:42:46,290 [MainThread  ][INFO ]  Final parameters: [ 3.32030648  0.0629623   4.9983682  -4.9999913 ]
2019-02-28 18:42:46,290 [MainThread  ][INFO ]  Fidelity: 0.8672601581522812
2019-02-28 18:42:46,291 [MainThread  ][INFO ]  ---- Starting iteration 16/100
2019-02-28 18:42:46,291 [MainThread  ][DEBUG]  Setting hyperparameter tf=0.3878787878787878
2019-02-28 18:42:46,291 [MainThread  ][INFO ]  Starting optimization for tf=0.3878787878787878
2019-02-28 18:42:46,291 [MainThread  ][DEBUG]  Optimization method: Nelder-Mead
2019-02-28 18:42:46,291 [MainThread  ][DEBUG]  Optimization options: None
2019-02-28 18:42:46,291 [MainThread  ][INFO ]  Initial parameter values: [1.39713295 0.19393939 1.99928885 0.54254122]
2019-02-28 18:43:04,252 [MainThread  ][INFO ]  Final fidelity: 0.8643104168511189
2019-02-28 18:43:04,255 [MainThread  ][INFO ]  Final parameters: [ 4.99999554  0.15853158 -4.99999268  0.73573095]
2019-02-28 18:43:04,255 [MainThread  ][INFO ]  Fidelity: 0.8643104168511189
2019-02-28 18:43:04,255 [MainThread  ][INFO ]  ---- Starting iteration 17/100
2019-02-28 18:43:04,255 [MainThread  ][DEBUG]  Setting hyperparameter tf=0.407070707070707
2019-02-28 18:43:04,255 [MainThread  ][INFO ]  Starting optimization for tf=0.407070707070707
2019-02-28 18:43:04,255 [MainThread  ][DEBUG]  Optimization method: Nelder-Mead
2019-02-28 18:43:04,255 [MainThread  ][DEBUG]  Optimization options: None
2019-02-28 18:43:04,256 [MainThread  ][INFO ]  Initial parameter values: [0.16967976 0.20353535 1.94029817 1.33893894]
2019-02-28 18:43:37,646 [MainThread  ][INFO ]  Final fidelity: 0.8186021344881027
2019-02-28 18:43:37,656 [MainThread  ][INFO ]  Final parameters: [ 0.29711917  0.3754388  -4.9994546   1.26469052]
2019-02-28 18:43:37,656 [MainThread  ][INFO ]  Fidelity: 0.8186021344881027
2019-02-28 18:43:37,656 [MainThread  ][INFO ]  ---- Starting iteration 18/100
2019-02-28 18:43:37,657 [MainThread  ][DEBUG]  Setting hyperparameter tf=0.42626262626262623
2019-02-28 18:43:37,657 [MainThread  ][INFO ]  Starting optimization for tf=0.42626262626262623
2019-02-28 18:43:37,657 [MainThread  ][DEBUG]  Optimization method: Nelder-Mead
2019-02-28 18:43:37,657 [MainThread  ][DEBUG]  Optimization options: None
2019-02-28 18:43:37,657 [MainThread  ][INFO ]  Initial parameter values: [1.74142724 0.21313131 1.37443043 1.96914846]
2019-02-28 18:43:52,646 [MainThread  ][INFO ]  Final fidelity: 0.8194848998190444
2019-02-28 18:43:52,649 [MainThread  ][INFO ]  Final parameters: [0.50660053 0.42566548 1.10675302 0.22899623]
2019-02-28 18:43:52,650 [MainThread  ][INFO ]  Fidelity: 0.8194848998190444
2019-02-28 18:43:52,650 [MainThread  ][INFO ]  ---- Starting iteration 19/100
2019-02-28 18:43:52,650 [MainThread  ][DEBUG]  Setting hyperparameter tf=0.44545454545454544
2019-02-28 18:43:52,650 [MainThread  ][INFO ]  Starting optimization for tf=0.44545454545454544
2019-02-28 18:43:52,650 [MainThread  ][DEBUG]  Optimization method: Nelder-Mead
2019-02-28 18:43:52,650 [MainThread  ][DEBUG]  Optimization options: None
2019-02-28 18:43:52,650 [MainThread  ][INFO ]  Initial parameter values: [1.1783607  0.22272727 1.08922811 0.75351725]
2019-02-28 18:44:23,903 [MainThread  ][INFO ]  Final fidelity: 0.89383780988377
2019-02-28 18:44:23,928 [MainThread  ][INFO ]  Final parameters: [ 4.9992617   0.20754241 -4.99972607 -0.462562  ]
2019-02-28 18:44:23,928 [MainThread  ][INFO ]  Fidelity: 0.89383780988377
2019-02-28 18:44:23,928 [MainThread  ][INFO ]  ---- Starting iteration 20/100
2019-02-28 18:44:23,928 [MainThread  ][DEBUG]  Setting hyperparameter tf=0.46464646464646464
2019-02-28 18:44:23,928 [MainThread  ][INFO ]  Starting optimization for tf=0.46464646464646464
2019-02-28 18:44:23,928 [MainThread  ][DEBUG]  Optimization method: Nelder-Mead
2019-02-28 18:44:23,928 [MainThread  ][DEBUG]  Optimization options: None
2019-02-28 18:44:23,929 [MainThread  ][INFO ]  Initial parameter values: [0.50749316 0.23232323 0.73053805 1.10308675]
2019-02-28 18:44:47,555 [MainThread  ][INFO ]  Final fidelity: 0.8813021978755979
2019-02-28 18:44:47,566 [MainThread  ][INFO ]  Final parameters: [ 2.37738112  0.24791118  1.92931862 -4.9999989 ]
2019-02-28 18:44:47,566 [MainThread  ][INFO ]  Fidelity: 0.8813021978755979
2019-02-28 18:44:47,566 [MainThread  ][INFO ]  ---- Starting iteration 21/100
2019-02-28 18:44:47,566 [MainThread  ][DEBUG]  Setting hyperparameter tf=0.48383838383838385
2019-02-28 18:44:47,566 [MainThread  ][INFO ]  Starting optimization for tf=0.48383838383838385
2019-02-28 18:44:47,566 [MainThread  ][DEBUG]  Optimization method: Nelder-Mead
2019-02-28 18:44:47,566 [MainThread  ][DEBUG]  Optimization options: None
2019-02-28 18:44:47,567 [MainThread  ][INFO ]  Initial parameter values: [1.0870273  0.24191919 1.45975767 1.79273549]
2019-02-28 18:45:14,796 [MainThread  ][INFO ]  Final fidelity: 0.920947466308673
2019-02-28 18:45:14,808 [MainThread  ][INFO ]  Final parameters: [ 4.99248643  0.18495892  1.74967296 -4.99982769]
2019-02-28 18:45:14,808 [MainThread  ][INFO ]  Fidelity: 0.920947466308673
2019-02-28 18:45:14,809 [MainThread  ][INFO ]  ---- Starting iteration 22/100
2019-02-28 18:45:14,809 [MainThread  ][DEBUG]  Setting hyperparameter tf=0.503030303030303
2019-02-28 18:45:14,809 [MainThread  ][INFO ]  Starting optimization for tf=0.503030303030303
2019-02-28 18:45:14,809 [MainThread  ][DEBUG]  Optimization method: Nelder-Mead
2019-02-28 18:45:14,809 [MainThread  ][DEBUG]  Optimization options: None
2019-02-28 18:45:14,809 [MainThread  ][INFO ]  Initial parameter values: [0.59613259 0.25151515 0.54980529 0.59828823]
2019-02-28 18:45:44,032 [MainThread  ][INFO ]  Final fidelity: 0.9284698787602242
2019-02-28 18:45:44,038 [MainThread  ][INFO ]  Final parameters: [ 4.99991729  0.19715992  1.64268251 -4.97961498]
2019-02-28 18:45:44,038 [MainThread  ][INFO ]  Fidelity: 0.9284698787602242
2019-02-28 18:45:44,038 [MainThread  ][INFO ]  ---- Starting iteration 23/100
2019-02-28 18:45:44,038 [MainThread  ][DEBUG]  Setting hyperparameter tf=0.5222222222222221
2019-02-28 18:45:44,038 [MainThread  ][INFO ]  Starting optimization for tf=0.5222222222222221
2019-02-28 18:45:44,038 [MainThread  ][DEBUG]  Optimization method: Nelder-Mead
2019-02-28 18:45:44,038 [MainThread  ][DEBUG]  Optimization options: None
2019-02-28 18:45:44,039 [MainThread  ][INFO ]  Initial parameter values: [1.18603372 0.26111111 0.41690169 0.62977528]
2019-02-28 18:46:14,379 [MainThread  ][INFO ]  Final fidelity: 0.9337881887153653
2019-02-28 18:46:14,381 [MainThread  ][INFO ]  Final parameters: [ 4.99995714  0.18527427  2.44573897 -4.99651113]
2019-02-28 18:46:14,381 [MainThread  ][INFO ]  Fidelity: 0.9337881887153653
2019-02-28 18:46:14,382 [MainThread  ][INFO ]  ---- Starting iteration 24/100
2019-02-28 18:46:14,382 [MainThread  ][DEBUG]  Setting hyperparameter tf=0.5414141414141413
2019-02-28 18:46:14,382 [MainThread  ][INFO ]  Starting optimization for tf=0.5414141414141413
2019-02-28 18:46:14,382 [MainThread  ][DEBUG]  Optimization method: Nelder-Mead
2019-02-28 18:46:14,382 [MainThread  ][DEBUG]  Optimization options: None
2019-02-28 18:46:14,382 [MainThread  ][INFO ]  Initial parameter values: [1.88535161 0.27070707 1.62749724 0.40160727]
2019-02-28 18:47:03,364 [MainThread  ][INFO ]  Final fidelity: 0.9275558241959059
2019-02-28 18:47:03,365 [MainThread  ][INFO ]  Final parameters: [ 4.99997286  0.25891909 -4.99909332 -0.43571147]
2019-02-28 18:47:03,365 [MainThread  ][INFO ]  Fidelity: 0.9275558241959059
2019-02-28 18:47:03,365 [MainThread  ][INFO ]  ---- Starting iteration 25/100
2019-02-28 18:47:03,365 [MainThread  ][DEBUG]  Setting hyperparameter tf=0.5606060606060606
2019-02-28 18:47:03,365 [MainThread  ][INFO ]  Starting optimization for tf=0.5606060606060606
2019-02-28 18:47:03,365 [MainThread  ][DEBUG]  Optimization method: Nelder-Mead
2019-02-28 18:47:03,365 [MainThread  ][DEBUG]  Optimization options: None
2019-02-28 18:47:03,366 [MainThread  ][INFO ]  Initial parameter values: [0.45506376 0.28030303 1.40529882 0.42450919]
2019-02-28 18:47:44,831 [MainThread  ][INFO ]  Final fidelity: 0.9370836708154447
2019-02-28 18:47:44,843 [MainThread  ][INFO ]  Final parameters: [ 4.99219362  0.27572175 -4.99998082 -0.67665132]
2019-02-28 18:47:44,843 [MainThread  ][INFO ]  Fidelity: 0.9370836708154447
2019-02-28 18:47:44,843 [MainThread  ][INFO ]  ---- Starting iteration 26/100
2019-02-28 18:47:44,843 [MainThread  ][DEBUG]  Setting hyperparameter tf=0.5797979797979798
2019-02-28 18:47:44,843 [MainThread  ][INFO ]  Starting optimization for tf=0.5797979797979798
2019-02-28 18:47:44,843 [MainThread  ][DEBUG]  Optimization method: Nelder-Mead
2019-02-28 18:47:44,843 [MainThread  ][DEBUG]  Optimization options: None
2019-02-28 18:47:44,844 [MainThread  ][INFO ]  Initial parameter values: [0.54069158 0.28989899 1.17022969 1.75766576]
2019-02-28 18:48:45,950 [MainThread  ][INFO ]  Final fidelity: 0.9278637254403209
2019-02-28 18:48:45,952 [MainThread  ][INFO ]  Final parameters: [ 2.55294197  0.43598938 -4.9999408  -4.99999686]
2019-02-28 18:48:45,952 [MainThread  ][INFO ]  Fidelity: 0.9278637254403209
2019-02-28 18:48:45,952 [MainThread  ][INFO ]  ---- Starting iteration 27/100
2019-02-28 18:48:45,952 [MainThread  ][DEBUG]  Setting hyperparameter tf=0.598989898989899
2019-02-28 18:48:45,952 [MainThread  ][INFO ]  Starting optimization for tf=0.598989898989899
2019-02-28 18:48:45,953 [MainThread  ][DEBUG]  Optimization method: Nelder-Mead
2019-02-28 18:48:45,953 [MainThread  ][DEBUG]  Optimization options: None
2019-02-28 18:48:45,953 [MainThread  ][INFO ]  Initial parameter values: [1.58915646 0.29949495 1.16955503 0.84709851]
2019-02-28 18:49:11,271 [MainThread  ][INFO ]  Final fidelity: 0.8298356073656605
2019-02-28 18:49:11,278 [MainThread  ][INFO ]  Final parameters: [0.51465828 0.59894322 1.08898148 0.57181278]
2019-02-28 18:49:11,278 [MainThread  ][INFO ]  Fidelity: 0.8298356073656605
2019-02-28 18:49:11,278 [MainThread  ][INFO ]  ---- Starting iteration 28/100
2019-02-28 18:49:11,279 [MainThread  ][DEBUG]  Setting hyperparameter tf=0.6181818181818182
2019-02-28 18:49:11,279 [MainThread  ][INFO ]  Starting optimization for tf=0.6181818181818182
2019-02-28 18:49:11,279 [MainThread  ][DEBUG]  Optimization method: Nelder-Mead
2019-02-28 18:49:11,279 [MainThread  ][DEBUG]  Optimization options: None
2019-02-28 18:49:11,279 [MainThread  ][INFO ]  Initial parameter values: [1.64231901 0.30909091 0.7887475  0.72686249]
2019-02-28 18:49:53,811 [MainThread  ][INFO ]  Final fidelity: 0.9763597422513904
2019-02-28 18:49:53,821 [MainThread  ][INFO ]  Final parameters: [ 4.99995398  0.32603578 -1.11913027 -4.9999694 ]
2019-02-28 18:49:53,821 [MainThread  ][INFO ]  Fidelity: 0.9763597422513904
2019-02-28 18:49:53,822 [MainThread  ][INFO ]  ---- Starting iteration 29/100
2019-02-28 18:49:53,822 [MainThread  ][DEBUG]  Setting hyperparameter tf=0.6373737373737373
2019-02-28 18:49:53,822 [MainThread  ][INFO ]  Starting optimization for tf=0.6373737373737373
2019-02-28 18:49:53,822 [MainThread  ][DEBUG]  Optimization method: Nelder-Mead
2019-02-28 18:49:53,822 [MainThread  ][DEBUG]  Optimization options: None
2019-02-28 18:49:53,822 [MainThread  ][INFO ]  Initial parameter values: [0.02848632 0.31868687 0.67408713 0.16766748]
2019-02-28 18:50:49,411 [MainThread  ][INFO ]  Final fidelity: 0.9431562030380217
2019-02-28 18:50:49,421 [MainThread  ][INFO ]  Final parameters: [-5.50568434e-01  1.22405284e-06  4.99999611e+00 -3.38846471e+00]
2019-02-28 18:50:49,421 [MainThread  ][INFO ]  Fidelity: 0.9431562030380217
2019-02-28 18:50:49,421 [MainThread  ][INFO ]  ---- Starting iteration 30/100
2019-02-28 18:50:49,421 [MainThread  ][DEBUG]  Setting hyperparameter tf=0.6565656565656565
2019-02-28 18:50:49,421 [MainThread  ][INFO ]  Starting optimization for tf=0.6565656565656565
2019-02-28 18:50:49,421 [MainThread  ][DEBUG]  Optimization method: Nelder-Mead
2019-02-28 18:50:49,422 [MainThread  ][DEBUG]  Optimization options: None
2019-02-28 18:50:49,422 [MainThread  ][INFO ]  Initial parameter values: [1.93063741 0.32828283 1.98022182 1.16378355]
2019-02-28 18:51:18,474 [MainThread  ][INFO ]  Final fidelity: 0.8339768997766672
2019-02-28 18:51:18,475 [MainThread  ][INFO ]  Final parameters: [0.51327872 0.65625886 1.38298348 0.11226915]
2019-02-28 18:51:18,475 [MainThread  ][INFO ]  Fidelity: 0.8339768997766672
2019-02-28 18:51:18,475 [MainThread  ][INFO ]  ---- Starting iteration 31/100
2019-02-28 18:51:18,475 [MainThread  ][DEBUG]  Setting hyperparameter tf=0.6757575757575757
2019-02-28 18:51:18,475 [MainThread  ][INFO ]  Starting optimization for tf=0.6757575757575757
2019-02-28 18:51:18,475 [MainThread  ][DEBUG]  Optimization method: Nelder-Mead
2019-02-28 18:51:18,475 [MainThread  ][DEBUG]  Optimization options: None
2019-02-28 18:51:18,476 [MainThread  ][INFO ]  Initial parameter values: [0.73292741 0.33787879 1.12903333 1.75168312]
2019-02-28 18:52:05,731 [MainThread  ][INFO ]  Final fidelity: 0.9830675466914389
2019-02-28 18:52:05,742 [MainThread  ][INFO ]  Final parameters: [ 4.99998685  0.2516471   2.83695638 -4.99981663]
2019-02-28 18:52:05,742 [MainThread  ][INFO ]  Fidelity: 0.9830675466914389
2019-02-28 18:52:05,742 [MainThread  ][INFO ]  ---- Starting iteration 32/100
2019-02-28 18:52:05,743 [MainThread  ][DEBUG]  Setting hyperparameter tf=0.6949494949494949
2019-02-28 18:52:05,743 [MainThread  ][INFO ]  Starting optimization for tf=0.6949494949494949
2019-02-28 18:52:05,743 [MainThread  ][DEBUG]  Optimization method: Nelder-Mead
2019-02-28 18:52:05,743 [MainThread  ][DEBUG]  Optimization options: None
2019-02-28 18:52:05,743 [MainThread  ][INFO ]  Initial parameter values: [0.09962616 0.34747475 0.88490036 0.81783892]
2019-02-28 18:53:08,064 [MainThread  ][INFO ]  Final fidelity: 0.9580071232494038
2019-02-28 18:53:08,068 [MainThread  ][INFO ]  Final parameters: [ 1.45645578e-01  6.96621376e-08  4.94041250e+00 -3.20639645e+00]
2019-02-28 18:53:08,068 [MainThread  ][INFO ]  Fidelity: 0.9580071232494038
2019-02-28 18:53:08,068 [MainThread  ][INFO ]  ---- Starting iteration 33/100
2019-02-28 18:53:08,068 [MainThread  ][DEBUG]  Setting hyperparameter tf=0.7141414141414141
2019-02-28 18:53:08,068 [MainThread  ][INFO ]  Starting optimization for tf=0.7141414141414141
2019-02-28 18:53:08,068 [MainThread  ][DEBUG]  Optimization method: Nelder-Mead
2019-02-28 18:53:08,068 [MainThread  ][DEBUG]  Optimization options: None
2019-02-28 18:53:08,069 [MainThread  ][INFO ]  Initial parameter values: [1.73898124 0.35707071 1.26981577 1.82084099]
2019-02-28 18:53:34,558 [MainThread  ][INFO ]  Final fidelity: 0.8384336360236744
2019-02-28 18:53:34,559 [MainThread  ][INFO ]  Final parameters: [0.51773382 0.71287774 1.07275021 0.20276759]
2019-02-28 18:53:34,559 [MainThread  ][INFO ]  Fidelity: 0.8384336360236744
2019-02-28 18:53:34,559 [MainThread  ][INFO ]  ---- Starting iteration 34/100
2019-02-28 18:53:34,559 [MainThread  ][DEBUG]  Setting hyperparameter tf=0.7333333333333333
2019-02-28 18:53:34,559 [MainThread  ][INFO ]  Starting optimization for tf=0.7333333333333333
2019-02-28 18:53:34,559 [MainThread  ][DEBUG]  Optimization method: Nelder-Mead
2019-02-28 18:53:34,559 [MainThread  ][DEBUG]  Optimization options: None
2019-02-28 18:53:34,560 [MainThread  ][INFO ]  Initial parameter values: [0.94158465 0.36666667 0.43134392 0.69093504]
2019-02-28 18:54:17,303 [MainThread  ][INFO ]  Final fidelity: 0.9964075927203017
2019-02-28 18:54:17,316 [MainThread  ][INFO ]  Final parameters: [ 4.99997558  0.35744462  0.80240834 -4.99759707]
2019-02-28 18:54:17,316 [MainThread  ][INFO ]  Fidelity: 0.9964075927203017
2019-02-28 18:54:17,316 [MainThread  ][INFO ]  ---- Starting iteration 35/100
2019-02-28 18:54:17,316 [MainThread  ][DEBUG]  Setting hyperparameter tf=0.7525252525252525
2019-02-28 18:54:17,316 [MainThread  ][INFO ]  Starting optimization for tf=0.7525252525252525
2019-02-28 18:54:17,316 [MainThread  ][DEBUG]  Optimization method: Nelder-Mead
2019-02-28 18:54:17,316 [MainThread  ][DEBUG]  Optimization options: None
2019-02-28 18:54:17,317 [MainThread  ][INFO ]  Initial parameter values: [1.80113706 0.37626263 0.33967167 0.67862795]
2019-02-28 18:54:59,136 [MainThread  ][INFO ]  Final fidelity: 0.9981249899539607
2019-02-28 18:54:59,137 [MainThread  ][INFO ]  Final parameters: [ 4.87721475  0.45970984 -4.99994474 -2.84250082]
2019-02-28 18:54:59,137 [MainThread  ][INFO ]  Fidelity: 0.9981249899539607
2019-02-28 18:54:59,137 [MainThread  ][INFO ]  ---- Starting iteration 36/100
2019-02-28 18:54:59,138 [MainThread  ][DEBUG]  Setting hyperparameter tf=0.7717171717171717
2019-02-28 18:54:59,138 [MainThread  ][INFO ]  Starting optimization for tf=0.7717171717171717
2019-02-28 18:54:59,138 [MainThread  ][DEBUG]  Optimization method: Nelder-Mead
2019-02-28 18:54:59,138 [MainThread  ][DEBUG]  Optimization options: None
2019-02-28 18:54:59,138 [MainThread  ][INFO ]  Initial parameter values: [1.54426572 0.38585859 1.83479578 1.25336129]
2019-02-28 18:55:22,024 [MainThread  ][INFO ]  Final fidelity: 0.8431777242102377
2019-02-28 18:55:22,030 [MainThread  ][INFO ]  Final parameters: [ 0.52447332  0.76956342 -0.26740912  1.29843445]
2019-02-28 18:55:22,031 [MainThread  ][INFO ]  Fidelity: 0.8431777242102377
2019-02-28 18:55:22,031 [MainThread  ][INFO ]  ---- Starting iteration 37/100
2019-02-28 18:55:22,031 [MainThread  ][DEBUG]  Setting hyperparameter tf=0.7909090909090909
2019-02-28 18:55:22,031 [MainThread  ][INFO ]  Starting optimization for tf=0.7909090909090909
2019-02-28 18:55:22,031 [MainThread  ][DEBUG]  Optimization method: Nelder-Mead
2019-02-28 18:55:22,031 [MainThread  ][DEBUG]  Optimization options: None
2019-02-28 18:55:22,032 [MainThread  ][INFO ]  Initial parameter values: [0.59613292 0.39545455 1.61863319 0.56453801]
2019-02-28 18:56:11,741 [MainThread  ][INFO ]  Final fidelity: 0.9699337000704831
2019-02-28 18:56:11,742 [MainThread  ][INFO ]  Final parameters: [ 2.14790709  0.62859845 -3.90183775 -4.99993137]
2019-02-28 18:56:11,743 [MainThread  ][INFO ]  Fidelity: 0.9699337000704831
2019-02-28 18:56:11,743 [MainThread  ][INFO ]  ---- Starting iteration 38/100
2019-02-28 18:56:11,743 [MainThread  ][DEBUG]  Setting hyperparameter tf=0.81010101010101
2019-02-28 18:56:11,743 [MainThread  ][INFO ]  Starting optimization for tf=0.81010101010101
2019-02-28 18:56:11,743 [MainThread  ][DEBUG]  Optimization method: Nelder-Mead
2019-02-28 18:56:11,743 [MainThread  ][DEBUG]  Optimization options: None
2019-02-28 18:56:11,743 [MainThread  ][INFO ]  Initial parameter values: [0.83428377 0.40505051 0.76863595 0.80565849]
2019-02-28 18:56:53,933 [MainThread  ][INFO ]  Final fidelity: 0.9988541309418084
2019-02-28 18:56:53,941 [MainThread  ][INFO ]  Final parameters: [ 4.9457182   0.35003572  1.7190895  -4.35435866]
2019-02-28 18:56:53,941 [MainThread  ][INFO ]  Fidelity: 0.9988541309418084
2019-02-28 18:56:53,941 [MainThread  ][INFO ]  ---- Starting iteration 39/100
2019-02-28 18:56:53,941 [MainThread  ][DEBUG]  Setting hyperparameter tf=0.8292929292929292
2019-02-28 18:56:53,941 [MainThread  ][INFO ]  Starting optimization for tf=0.8292929292929292
2019-02-28 18:56:53,941 [MainThread  ][DEBUG]  Optimization method: Nelder-Mead
2019-02-28 18:56:53,941 [MainThread  ][DEBUG]  Optimization options: None
2019-02-28 18:56:53,942 [MainThread  ][INFO ]  Initial parameter values: [0.91606529 0.41464646 0.22282257 1.38150472]
2019-02-28 18:57:38,256 [MainThread  ][INFO ]  Final fidelity: 0.9988452318256792
2019-02-28 18:57:38,257 [MainThread  ][INFO ]  Final parameters: [ 4.48353963  0.43143304 -0.33222032 -3.71597866]
2019-02-28 18:57:38,257 [MainThread  ][INFO ]  Fidelity: 0.9988452318256792
2019-02-28 18:57:38,257 [MainThread  ][INFO ]  ---- Starting iteration 40/100
2019-02-28 18:57:38,257 [MainThread  ][DEBUG]  Setting hyperparameter tf=0.8484848484848484
2019-02-28 18:57:38,258 [MainThread  ][INFO ]  Starting optimization for tf=0.8484848484848484
2019-02-28 18:57:38,258 [MainThread  ][DEBUG]  Optimization method: Nelder-Mead
2019-02-28 18:57:38,258 [MainThread  ][DEBUG]  Optimization options: None
2019-02-28 18:57:38,258 [MainThread  ][INFO ]  Initial parameter values: [1.11792489 0.42424242 0.93577369 1.40767418]
2019-02-28 18:58:21,760 [MainThread  ][INFO ]  Final fidelity: 0.9989073533798175
2019-02-28 18:58:21,763 [MainThread  ][INFO ]  Final parameters: [ 4.53296962  0.33332154  2.56173341 -4.10251039]
2019-02-28 18:58:21,764 [MainThread  ][INFO ]  Fidelity: 0.9989073533798175
2019-02-28 18:58:21,764 [MainThread  ][INFO ]  ---- Starting iteration 41/100
2019-02-28 18:58:21,764 [MainThread  ][DEBUG]  Setting hyperparameter tf=0.8676767676767676
2019-02-28 18:58:21,764 [MainThread  ][INFO ]  Starting optimization for tf=0.8676767676767676
2019-02-28 18:58:21,764 [MainThread  ][DEBUG]  Optimization method: Nelder-Mead
2019-02-28 18:58:21,764 [MainThread  ][DEBUG]  Optimization options: None
2019-02-28 18:58:21,765 [MainThread  ][INFO ]  Initial parameter values: [0.59657333 0.43383838 1.39004865 0.91611753]
2019-02-28 18:59:23,745 [MainThread  ][INFO ]  Final fidelity: 0.9988704247862353
2019-02-28 18:59:23,746 [MainThread  ][INFO ]  Final parameters: [ 3.28723204  0.61754449 -2.5917914  -4.99409198]
2019-02-28 18:59:23,746 [MainThread  ][INFO ]  Fidelity: 0.9988704247862353
2019-02-28 18:59:23,746 [MainThread  ][INFO ]  ---- Starting iteration 42/100
2019-02-28 18:59:23,746 [MainThread  ][DEBUG]  Setting hyperparameter tf=0.8868686868686868
2019-02-28 18:59:23,746 [MainThread  ][INFO ]  Starting optimization for tf=0.8868686868686868
2019-02-28 18:59:23,746 [MainThread  ][DEBUG]  Optimization method: Nelder-Mead
2019-02-28 18:59:23,746 [MainThread  ][DEBUG]  Optimization options: None
2019-02-28 18:59:23,747 [MainThread  ][INFO ]  Initial parameter values: [0.37861699 0.44343434 1.26374361 0.57636066]
2019-02-28 19:00:18,794 [MainThread  ][INFO ]  Final fidelity: 0.9988552270724375
2019-02-28 19:00:18,795 [MainThread  ][INFO ]  Final parameters: [ 3.62190011  0.57577257 -4.29072673 -1.8410246 ]
2019-02-28 19:00:18,795 [MainThread  ][INFO ]  Fidelity: 0.9988552270724375
2019-02-28 19:00:18,795 [MainThread  ][INFO ]  ---- Starting iteration 43/100
2019-02-28 19:00:18,795 [MainThread  ][DEBUG]  Setting hyperparameter tf=0.906060606060606
2019-02-28 19:00:18,795 [MainThread  ][INFO ]  Starting optimization for tf=0.906060606060606
2019-02-28 19:00:18,796 [MainThread  ][DEBUG]  Optimization method: Nelder-Mead
2019-02-28 19:00:18,796 [MainThread  ][DEBUG]  Optimization options: None
2019-02-28 19:00:18,796 [MainThread  ][INFO ]  Initial parameter values: [1.15610376 0.4530303  1.51373817 1.9505043 ]
2019-02-28 19:01:20,656 [MainThread  ][INFO ]  Final fidelity: 0.9967908481860812
2019-02-28 19:01:20,680 [MainThread  ][INFO ]  Final parameters: [ 1.60578728e+00  2.62290635e-07  4.99957165e+00 -2.79037414e+00]
2019-02-28 19:01:20,680 [MainThread  ][INFO ]  Fidelity: 0.9967908481860812
2019-02-28 19:01:20,680 [MainThread  ][INFO ]  ---- Starting iteration 44/100
2019-02-28 19:01:20,680 [MainThread  ][DEBUG]  Setting hyperparameter tf=0.9252525252525252
2019-02-28 19:01:20,680 [MainThread  ][INFO ]  Starting optimization for tf=0.9252525252525252
2019-02-28 19:01:20,680 [MainThread  ][DEBUG]  Optimization method: Nelder-Mead
2019-02-28 19:01:20,680 [MainThread  ][DEBUG]  Optimization options: None
2019-02-28 19:01:20,681 [MainThread  ][INFO ]  Initial parameter values: [1.87616398 0.46262626 0.8585421  1.01674934]
2019-02-28 19:02:08,938 [MainThread  ][INFO ]  Final fidelity: 0.9989349367713877
2019-02-28 19:02:08,952 [MainThread  ][INFO ]  Final parameters: [ 2.85133917  0.67565929 -1.90098152 -4.95229595]
2019-02-28 19:02:08,952 [MainThread  ][INFO ]  Fidelity: 0.9989349367713877
2019-02-28 19:02:08,953 [MainThread  ][INFO ]  ---- Starting iteration 45/100
2019-02-28 19:02:08,953 [MainThread  ][DEBUG]  Setting hyperparameter tf=0.9444444444444443
2019-02-28 19:02:08,953 [MainThread  ][INFO ]  Starting optimization for tf=0.9444444444444443
2019-02-28 19:02:08,953 [MainThread  ][DEBUG]  Optimization method: Nelder-Mead
2019-02-28 19:02:08,953 [MainThread  ][DEBUG]  Optimization options: None
2019-02-28 19:02:08,953 [MainThread  ][INFO ]  Initial parameter values: [0.77449606 0.47222222 1.08927154 1.68318284]
2019-02-28 19:02:48,899 [MainThread  ][INFO ]  Final fidelity: 0.9989486792196679
2019-02-28 19:02:48,901 [MainThread  ][INFO ]  Final parameters: [ 3.28485716  0.55172425 -0.81254568 -2.72661249]
2019-02-28 19:02:48,901 [MainThread  ][INFO ]  Fidelity: 0.9989486792196679
2019-02-28 19:02:48,901 [MainThread  ][INFO ]  ---- Starting iteration 46/100
2019-02-28 19:02:48,901 [MainThread  ][DEBUG]  Setting hyperparameter tf=0.9636363636363635
2019-02-28 19:02:48,901 [MainThread  ][INFO ]  Starting optimization for tf=0.9636363636363635
2019-02-28 19:02:48,901 [MainThread  ][DEBUG]  Optimization method: Nelder-Mead
2019-02-28 19:02:48,901 [MainThread  ][DEBUG]  Optimization options: None
2019-02-28 19:02:48,902 [MainThread  ][INFO ]  Initial parameter values: [1.19390888 0.48181818 0.02153165 0.21173041]
2019-02-28 19:03:37,456 [MainThread  ][INFO ]  Final fidelity: 0.9989713640029022
2019-02-28 19:03:37,461 [MainThread  ][INFO ]  Final parameters: [ 3.32002604  0.50756847  0.14356217 -2.61408901]
2019-02-28 19:03:37,461 [MainThread  ][INFO ]  Fidelity: 0.9989713640029022
2019-02-28 19:03:37,461 [MainThread  ][INFO ]  ---- Starting iteration 47/100
2019-02-28 19:03:37,461 [MainThread  ][DEBUG]  Setting hyperparameter tf=0.9828282828282827
2019-02-28 19:03:37,461 [MainThread  ][INFO ]  Starting optimization for tf=0.9828282828282827
2019-02-28 19:03:37,461 [MainThread  ][DEBUG]  Optimization method: Nelder-Mead
2019-02-28 19:03:37,461 [MainThread  ][DEBUG]  Optimization options: None
2019-02-28 19:03:37,462 [MainThread  ][INFO ]  Initial parameter values: [0.73984359 0.49141414 0.06039998 0.00512921]
2019-02-28 19:04:23,352 [MainThread  ][INFO ]  Final fidelity: 0.9988929874065734
2019-02-28 19:04:23,361 [MainThread  ][INFO ]  Final parameters: [ 4.7435386   0.4143208  -2.49457405  0.01936698]
2019-02-28 19:04:23,361 [MainThread  ][INFO ]  Fidelity: 0.9988929874065734
2019-02-28 19:04:23,361 [MainThread  ][INFO ]  ---- Starting iteration 48/100
2019-02-28 19:04:23,361 [MainThread  ][DEBUG]  Setting hyperparameter tf=1.002020202020202
2019-02-28 19:04:23,361 [MainThread  ][INFO ]  Starting optimization for tf=1.002020202020202
2019-02-28 19:04:23,361 [MainThread  ][DEBUG]  Optimization method: Nelder-Mead
2019-02-28 19:04:23,362 [MainThread  ][DEBUG]  Optimization options: None
2019-02-28 19:04:23,362 [MainThread  ][INFO ]  Initial parameter values: [1.67786779 0.5010101  1.91681407 1.25821296]
2019-02-28 19:04:41,929 [MainThread  ][INFO ]  Final fidelity: 0.864694758339083
2019-02-28 19:04:41,931 [MainThread  ][INFO ]  Final parameters: [0.54419658 1.00201862 1.45615683 0.52837393]
2019-02-28 19:04:41,931 [MainThread  ][INFO ]  Fidelity: 0.864694758339083
2019-02-28 19:04:41,931 [MainThread  ][INFO ]  ---- Starting iteration 49/100
2019-02-28 19:04:41,931 [MainThread  ][DEBUG]  Setting hyperparameter tf=1.0212121212121212
2019-02-28 19:04:41,931 [MainThread  ][INFO ]  Starting optimization for tf=1.0212121212121212
2019-02-28 19:04:41,932 [MainThread  ][DEBUG]  Optimization method: Nelder-Mead
2019-02-28 19:04:41,932 [MainThread  ][DEBUG]  Optimization options: None
2019-02-28 19:04:41,932 [MainThread  ][INFO ]  Initial parameter values: [0.18686032 0.51060606 0.71846072 1.12601937]
2019-02-28 19:05:23,220 [MainThread  ][INFO ]  Final fidelity: 0.9990072773010011
2019-02-28 19:05:23,237 [MainThread  ][INFO ]  Final parameters: [ 2.37976133  0.74854413 -1.03338307 -4.14646666]
2019-02-28 19:05:23,237 [MainThread  ][INFO ]  Fidelity: 0.9990072773010011
2019-02-28 19:05:23,237 [MainThread  ][INFO ]  ---- Starting iteration 50/100
2019-02-28 19:05:23,237 [MainThread  ][DEBUG]  Setting hyperparameter tf=1.0404040404040404
2019-02-28 19:05:23,237 [MainThread  ][INFO ]  Starting optimization for tf=1.0404040404040404
2019-02-28 19:05:23,237 [MainThread  ][DEBUG]  Optimization method: Nelder-Mead
2019-02-28 19:05:23,237 [MainThread  ][DEBUG]  Optimization options: None
2019-02-28 19:05:23,238 [MainThread  ][INFO ]  Initial parameter values: [0.05236579 0.52020202 0.24901797 0.53611583]
2019-02-28 19:06:18,518 [MainThread  ][INFO ]  Final fidelity: 0.9990130982824992
2019-02-28 19:06:18,519 [MainThread  ][INFO ]  Final parameters: [-2.09532971  0.04052539  4.97646009 -2.54632845]
2019-02-28 19:06:18,519 [MainThread  ][INFO ]  Fidelity: 0.9990130982824992
2019-02-28 19:06:18,519 [MainThread  ][INFO ]  ---- Starting iteration 51/100
2019-02-28 19:06:18,520 [MainThread  ][DEBUG]  Setting hyperparameter tf=1.0595959595959596
2019-02-28 19:06:18,520 [MainThread  ][INFO ]  Starting optimization for tf=1.0595959595959596
2019-02-28 19:06:18,520 [MainThread  ][DEBUG]  Optimization method: Nelder-Mead
2019-02-28 19:06:18,520 [MainThread  ][DEBUG]  Optimization options: None
2019-02-28 19:06:18,520 [MainThread  ][INFO ]  Initial parameter values: [1.25389091 0.52979798 1.02602696 1.74379151]
2019-02-28 19:07:03,051 [MainThread  ][INFO ]  Final fidelity: 0.9990228738713035
2019-02-28 19:07:03,051 [MainThread  ][INFO ]  Final parameters: [ 3.28242767  0.42732562  0.86065739 -1.62677244]
2019-02-28 19:07:03,051 [MainThread  ][INFO ]  Fidelity: 0.9990228738713035
2019-02-28 19:07:03,052 [MainThread  ][INFO ]  ---- Starting iteration 52/100
2019-02-28 19:07:03,052 [MainThread  ][DEBUG]  Setting hyperparameter tf=1.0787878787878789
2019-02-28 19:07:03,052 [MainThread  ][INFO ]  Starting optimization for tf=1.0787878787878789
2019-02-28 19:07:03,052 [MainThread  ][DEBUG]  Optimization method: Nelder-Mead
2019-02-28 19:07:03,052 [MainThread  ][DEBUG]  Optimization options: None
2019-02-28 19:07:03,052 [MainThread  ][INFO ]  Initial parameter values: [1.95920053 0.53939394 1.32137196 1.18680374]
2019-02-28 19:07:52,688 [MainThread  ][INFO ]  Final fidelity: 0.9990003027600801
2019-02-28 19:07:52,691 [MainThread  ][INFO ]  Final parameters: [ 2.43877539  0.76433016 -4.53078638 -0.06321594]
2019-02-28 19:07:52,692 [MainThread  ][INFO ]  Fidelity: 0.9990003027600801
2019-02-28 19:07:52,692 [MainThread  ][INFO ]  ---- Starting iteration 53/100
2019-02-28 19:07:52,692 [MainThread  ][DEBUG]  Setting hyperparameter tf=1.097979797979798
2019-02-28 19:07:52,692 [MainThread  ][INFO ]  Starting optimization for tf=1.097979797979798
2019-02-28 19:07:52,692 [MainThread  ][DEBUG]  Optimization method: Nelder-Mead
2019-02-28 19:07:52,692 [MainThread  ][DEBUG]  Optimization options: None
2019-02-28 19:07:52,692 [MainThread  ][INFO ]  Initial parameter values: [0.0378528  0.5489899  0.77085504 1.62860426]
2019-02-28 19:08:36,758 [MainThread  ][INFO ]  Final fidelity: 0.9990504865937061
2019-02-28 19:08:36,766 [MainThread  ][INFO ]  Final parameters: [ 0.07267756  0.02189817  4.03614485 -1.90672262]
2019-02-28 19:08:36,766 [MainThread  ][INFO ]  Fidelity: 0.9990504865937061
2019-02-28 19:08:36,766 [MainThread  ][INFO ]  ---- Starting iteration 54/100
2019-02-28 19:08:36,767 [MainThread  ][DEBUG]  Setting hyperparameter tf=1.1171717171717173
2019-02-28 19:08:36,767 [MainThread  ][INFO ]  Starting optimization for tf=1.1171717171717173
2019-02-28 19:08:36,767 [MainThread  ][DEBUG]  Optimization method: Nelder-Mead
2019-02-28 19:08:36,767 [MainThread  ][DEBUG]  Optimization options: None
2019-02-28 19:08:36,767 [MainThread  ][INFO ]  Initial parameter values: [1.81211273 0.55858586 1.32709865 1.65897175]
2019-02-28 19:09:03,187 [MainThread  ][INFO ]  Final fidelity: 0.8766545162056665
2019-02-28 19:09:03,187 [MainThread  ][INFO ]  Final parameters: [0.55052068 1.11715177 0.83200512 1.11004578]
2019-02-28 19:09:03,187 [MainThread  ][INFO ]  Fidelity: 0.8766545162056665
2019-02-28 19:09:03,188 [MainThread  ][INFO ]  ---- Starting iteration 55/100
2019-02-28 19:09:03,188 [MainThread  ][DEBUG]  Setting hyperparameter tf=1.1363636363636365
2019-02-28 19:09:03,188 [MainThread  ][INFO ]  Starting optimization for tf=1.1363636363636365
2019-02-28 19:09:03,188 [MainThread  ][DEBUG]  Optimization method: Nelder-Mead
2019-02-28 19:09:03,188 [MainThread  ][DEBUG]  Optimization options: None
2019-02-28 19:09:03,188 [MainThread  ][INFO ]  Initial parameter values: [0.16407429 0.56818182 0.70626148 0.97203065]
2019-02-28 19:09:48,812 [MainThread  ][INFO ]  Final fidelity: 0.999062346893039
2019-02-28 19:09:48,847 [MainThread  ][INFO ]  Final parameters: [ 2.0519281   0.64619855  2.32484634 -3.24916787]
2019-02-28 19:09:48,847 [MainThread  ][INFO ]  Fidelity: 0.999062346893039
2019-02-28 19:09:48,847 [MainThread  ][INFO ]  ---- Starting iteration 56/100
2019-02-28 19:09:48,847 [MainThread  ][DEBUG]  Setting hyperparameter tf=1.1555555555555557
2019-02-28 19:09:48,847 [MainThread  ][INFO ]  Starting optimization for tf=1.1555555555555557
2019-02-28 19:09:48,847 [MainThread  ][DEBUG]  Optimization method: Nelder-Mead
2019-02-28 19:09:48,847 [MainThread  ][DEBUG]  Optimization options: None
2019-02-28 19:09:48,848 [MainThread  ][INFO ]  Initial parameter values: [0.80723753 0.57777778 1.79097877 0.99232884]
2019-02-28 19:10:29,887 [MainThread  ][INFO ]  Final fidelity: 0.999018293511494
2019-02-28 19:10:29,904 [MainThread  ][INFO ]  Final parameters: [ 2.30459224  0.79280813 -4.41927089  0.90366881]
2019-02-28 19:10:29,904 [MainThread  ][INFO ]  Fidelity: 0.999018293511494
2019-02-28 19:10:29,904 [MainThread  ][INFO ]  ---- Starting iteration 57/100
2019-02-28 19:10:29,904 [MainThread  ][DEBUG]  Setting hyperparameter tf=1.1747474747474747
2019-02-28 19:10:29,904 [MainThread  ][INFO ]  Starting optimization for tf=1.1747474747474747
2019-02-28 19:10:29,904 [MainThread  ][DEBUG]  Optimization method: Nelder-Mead
2019-02-28 19:10:29,904 [MainThread  ][DEBUG]  Optimization options: None
2019-02-28 19:10:29,905 [MainThread  ][INFO ]  Initial parameter values: [0.37490261 0.58737374 1.34309113 1.25982316]
2019-02-28 19:11:15,376 [MainThread  ][INFO ]  Final fidelity: 0.999086816196255
2019-02-28 19:11:15,386 [MainThread  ][INFO ]  Final parameters: [ 1.7170405   1.0006263  -2.59045415 -4.83509452]
2019-02-28 19:11:15,386 [MainThread  ][INFO ]  Fidelity: 0.999086816196255
2019-02-28 19:11:15,386 [MainThread  ][INFO ]  ---- Starting iteration 58/100
2019-02-28 19:11:15,387 [MainThread  ][DEBUG]  Setting hyperparameter tf=1.1939393939393939
2019-02-28 19:11:15,387 [MainThread  ][INFO ]  Starting optimization for tf=1.1939393939393939
2019-02-28 19:11:15,387 [MainThread  ][DEBUG]  Optimization method: Nelder-Mead
2019-02-28 19:11:15,387 [MainThread  ][DEBUG]  Optimization options: None
2019-02-28 19:11:15,387 [MainThread  ][INFO ]  Initial parameter values: [1.84673484 0.5969697  0.1400372  0.56982596]
2019-02-28 19:11:43,727 [MainThread  ][INFO ]  Final fidelity: 0.9990471040315679
2019-02-28 19:11:43,737 [MainThread  ][INFO ]  Final parameters: [ 4.2078394   0.31802573  0.1115105  -0.2097379 ]
2019-02-28 19:11:43,737 [MainThread  ][INFO ]  Fidelity: 0.9990471040315679
2019-02-28 19:11:43,737 [MainThread  ][INFO ]  ---- Starting iteration 59/100
2019-02-28 19:11:43,738 [MainThread  ][DEBUG]  Setting hyperparameter tf=1.213131313131313
2019-02-28 19:11:43,738 [MainThread  ][INFO ]  Starting optimization for tf=1.213131313131313
2019-02-28 19:11:43,738 [MainThread  ][DEBUG]  Optimization method: Nelder-Mead
2019-02-28 19:11:43,738 [MainThread  ][DEBUG]  Optimization options: None
2019-02-28 19:11:43,738 [MainThread  ][INFO ]  Initial parameter values: [1.09372165 0.60656566 1.01795257 0.10354084]
2019-02-28 19:12:14,368 [MainThread  ][INFO ]  Final fidelity: 0.9990335629927665
2019-02-28 19:12:14,370 [MainThread  ][INFO ]  Final parameters: [ 3.0131456   0.51740405 -0.87191121  0.06926445]
2019-02-28 19:12:14,370 [MainThread  ][INFO ]  Fidelity: 0.9990335629927665
2019-02-28 19:12:14,370 [MainThread  ][INFO ]  ---- Starting iteration 60/100
2019-02-28 19:12:14,370 [MainThread  ][DEBUG]  Setting hyperparameter tf=1.2323232323232323
2019-02-28 19:12:14,370 [MainThread  ][INFO ]  Starting optimization for tf=1.2323232323232323
2019-02-28 19:12:14,370 [MainThread  ][DEBUG]  Optimization method: Nelder-Mead
2019-02-28 19:12:14,370 [MainThread  ][DEBUG]  Optimization options: None
2019-02-28 19:12:14,371 [MainThread  ][INFO ]  Initial parameter values: [1.69922733 0.61616162 0.05804421 0.82265374]
2019-02-28 19:12:41,824 [MainThread  ][INFO ]  Final fidelity: 0.9990581520409145
2019-02-28 19:12:41,838 [MainThread  ][INFO ]  Final parameters: [ 3.2534041   0.4141582   0.06680295 -0.23345148]
2019-02-28 19:12:41,838 [MainThread  ][INFO ]  Fidelity: 0.9990581520409145
2019-02-28 19:12:41,838 [MainThread  ][INFO ]  ---- Starting iteration 61/100
2019-02-28 19:12:41,838 [MainThread  ][DEBUG]  Setting hyperparameter tf=1.2515151515151515
2019-02-28 19:12:41,838 [MainThread  ][INFO ]  Starting optimization for tf=1.2515151515151515
2019-02-28 19:12:41,839 [MainThread  ][DEBUG]  Optimization method: Nelder-Mead
2019-02-28 19:12:41,839 [MainThread  ][DEBUG]  Optimization options: None
2019-02-28 19:12:41,839 [MainThread  ][INFO ]  Initial parameter values: [1.1360275  0.62575758 0.47566641 0.56697725]
2019-02-28 19:13:11,612 [MainThread  ][INFO ]  Final fidelity: 0.9990807478889017
2019-02-28 19:13:11,613 [MainThread  ][INFO ]  Final parameters: [ 2.30163075  0.55972156  0.6572797  -0.89017046]
2019-02-28 19:13:11,613 [MainThread  ][INFO ]  Fidelity: 0.9990807478889017
2019-02-28 19:13:11,613 [MainThread  ][INFO ]  ---- Starting iteration 62/100
2019-02-28 19:13:11,613 [MainThread  ][DEBUG]  Setting hyperparameter tf=1.2707070707070707
2019-02-28 19:13:11,613 [MainThread  ][INFO ]  Starting optimization for tf=1.2707070707070707
2019-02-28 19:13:11,613 [MainThread  ][DEBUG]  Optimization method: Nelder-Mead
2019-02-28 19:13:11,613 [MainThread  ][DEBUG]  Optimization options: None
2019-02-28 19:13:11,614 [MainThread  ][INFO ]  Initial parameter values: [0.06590485 0.63535354 1.40918167 1.58929494]
2019-02-28 19:13:43,362 [MainThread  ][INFO ]  Final fidelity: 0.9991026424067379
2019-02-28 19:13:43,363 [MainThread  ][INFO ]  Final parameters: [ 0.27416252  0.01259181  2.98302105 -1.06935796]
2019-02-28 19:13:43,363 [MainThread  ][INFO ]  Fidelity: 0.9991026424067379
2019-02-28 19:13:43,363 [MainThread  ][INFO ]  ---- Starting iteration 63/100
2019-02-28 19:13:43,364 [MainThread  ][DEBUG]  Setting hyperparameter tf=1.2898989898989899
2019-02-28 19:13:43,364 [MainThread  ][INFO ]  Starting optimization for tf=1.2898989898989899
2019-02-28 19:13:43,364 [MainThread  ][DEBUG]  Optimization method: Nelder-Mead
2019-02-28 19:13:43,364 [MainThread  ][DEBUG]  Optimization options: None
2019-02-28 19:13:43,364 [MainThread  ][INFO ]  Initial parameter values: [0.7313189  0.64494949 0.38514811 1.41964658]
2019-02-28 19:14:12,051 [MainThread  ][INFO ]  Final fidelity: 0.9991144861180651
2019-02-28 19:14:12,053 [MainThread  ][INFO ]  Final parameters: [ 1.57351235  0.95742633  0.63672245 -2.92763379]
2019-02-28 19:14:12,053 [MainThread  ][INFO ]  Fidelity: 0.9991144861180651
2019-02-28 19:14:12,054 [MainThread  ][INFO ]  ---- Starting iteration 64/100
2019-02-28 19:14:12,054 [MainThread  ][DEBUG]  Setting hyperparameter tf=1.309090909090909
2019-02-28 19:14:12,054 [MainThread  ][INFO ]  Starting optimization for tf=1.309090909090909
2019-02-28 19:14:12,054 [MainThread  ][DEBUG]  Optimization method: Nelder-Mead
2019-02-28 19:14:12,054 [MainThread  ][DEBUG]  Optimization options: None
2019-02-28 19:14:12,054 [MainThread  ][INFO ]  Initial parameter values: [0.19056307 0.65454545 0.86452793 1.59429552]
2019-02-28 19:14:50,182 [MainThread  ][INFO ]  Final fidelity: 0.999127254232961
2019-02-28 19:14:50,183 [MainThread  ][INFO ]  Final parameters: [ 1.47937174  1.03089418  0.90784869 -3.84866147]
2019-02-28 19:14:50,183 [MainThread  ][INFO ]  Fidelity: 0.999127254232961
2019-02-28 19:14:50,183 [MainThread  ][INFO ]  ---- Starting iteration 65/100
2019-02-28 19:14:50,184 [MainThread  ][DEBUG]  Setting hyperparameter tf=1.3282828282828283
2019-02-28 19:14:50,184 [MainThread  ][INFO ]  Starting optimization for tf=1.3282828282828283
2019-02-28 19:14:50,184 [MainThread  ][DEBUG]  Optimization method: Nelder-Mead
2019-02-28 19:14:50,184 [MainThread  ][DEBUG]  Optimization options: None
2019-02-28 19:14:50,184 [MainThread  ][INFO ]  Initial parameter values: [0.39243536 0.66414141 0.7717558  0.26077455]
2019-02-28 19:15:18,043 [MainThread  ][INFO ]  Final fidelity: 0.9991038140532849
2019-02-28 19:15:18,047 [MainThread  ][INFO ]  Final parameters: [-0.12167984  0.06049958  2.96618695 -1.04754057]
2019-02-28 19:15:18,047 [MainThread  ][INFO ]  Fidelity: 0.9991038140532849
2019-02-28 19:15:18,047 [MainThread  ][INFO ]  ---- Starting iteration 66/100
2019-02-28 19:15:18,047 [MainThread  ][DEBUG]  Setting hyperparameter tf=1.3474747474747475
2019-02-28 19:15:18,047 [MainThread  ][INFO ]  Starting optimization for tf=1.3474747474747475
2019-02-28 19:15:18,047 [MainThread  ][DEBUG]  Optimization method: Nelder-Mead
2019-02-28 19:15:18,048 [MainThread  ][DEBUG]  Optimization options: None
2019-02-28 19:15:18,048 [MainThread  ][INFO ]  Initial parameter values: [1.81672475 0.67373737 0.6874922  0.53184693]
2019-02-28 19:15:48,682 [MainThread  ][INFO ]  Final fidelity: 0.9990938376282783
2019-02-28 19:15:48,696 [MainThread  ][INFO ]  Final parameters: [4.83452445 0.2365137  0.28047383 0.17936544]
2019-02-28 19:15:48,696 [MainThread  ][INFO ]  Fidelity: 0.9990938376282783
2019-02-28 19:15:48,696 [MainThread  ][INFO ]  ---- Starting iteration 67/100
2019-02-28 19:15:48,697 [MainThread  ][DEBUG]  Setting hyperparameter tf=1.3666666666666667
2019-02-28 19:15:48,697 [MainThread  ][INFO ]  Starting optimization for tf=1.3666666666666667
2019-02-28 19:15:48,697 [MainThread  ][DEBUG]  Optimization method: Nelder-Mead
2019-02-28 19:15:48,697 [MainThread  ][DEBUG]  Optimization options: None
2019-02-28 19:15:48,697 [MainThread  ][INFO ]  Initial parameter values: [1.643681   0.68333333 1.48409555 0.08832316]
2019-02-28 19:16:22,895 [MainThread  ][INFO ]  Final fidelity: 0.9990924340266347
2019-02-28 19:16:22,908 [MainThread  ][INFO ]  Final parameters: [2.84004309 0.43562271 0.16042905 0.07033848]
2019-02-28 19:16:22,908 [MainThread  ][INFO ]  Fidelity: 0.9990924340266347
2019-02-28 19:16:22,908 [MainThread  ][INFO ]  ---- Starting iteration 68/100
2019-02-28 19:16:22,909 [MainThread  ][DEBUG]  Setting hyperparameter tf=1.385858585858586
2019-02-28 19:16:22,909 [MainThread  ][INFO ]  Starting optimization for tf=1.385858585858586
2019-02-28 19:16:22,909 [MainThread  ][DEBUG]  Optimization method: Nelder-Mead
2019-02-28 19:16:22,909 [MainThread  ][DEBUG]  Optimization options: None
2019-02-28 19:16:22,909 [MainThread  ][INFO ]  Initial parameter values: [1.47906706 0.69292929 1.89757999 1.04617059]
2019-02-28 19:16:50,994 [MainThread  ][INFO ]  Final fidelity: 0.9060430659203833
2019-02-28 19:16:51,004 [MainThread  ][INFO ]  Final parameters: [0.5765684  1.38546208 0.85065573 0.67669764]
2019-02-28 19:16:51,004 [MainThread  ][INFO ]  Fidelity: 0.9060430659203833
2019-02-28 19:16:51,004 [MainThread  ][INFO ]  ---- Starting iteration 69/100
2019-02-28 19:16:51,005 [MainThread  ][DEBUG]  Setting hyperparameter tf=1.405050505050505
2019-02-28 19:16:51,005 [MainThread  ][INFO ]  Starting optimization for tf=1.405050505050505
2019-02-28 19:16:51,005 [MainThread  ][DEBUG]  Optimization method: Nelder-Mead
2019-02-28 19:16:51,005 [MainThread  ][DEBUG]  Optimization options: None
2019-02-28 19:16:51,005 [MainThread  ][INFO ]  Initial parameter values: [0.23857589 0.70252525 1.31917944 1.46416615]
2019-02-28 19:17:39,682 [MainThread  ][INFO ]  Final fidelity: 0.9991608451416281
2019-02-28 19:17:39,683 [MainThread  ][INFO ]  Final parameters: [ 1.29359159  1.19088807  0.97672853 -4.7367125 ]
2019-02-28 19:17:39,683 [MainThread  ][INFO ]  Fidelity: 0.9991608451416281
2019-02-28 19:17:39,683 [MainThread  ][INFO ]  ---- Starting iteration 70/100
2019-02-28 19:17:39,684 [MainThread  ][DEBUG]  Setting hyperparameter tf=1.4242424242424243
2019-02-28 19:17:39,684 [MainThread  ][INFO ]  Starting optimization for tf=1.4242424242424243
2019-02-28 19:17:39,684 [MainThread  ][DEBUG]  Optimization method: Nelder-Mead
2019-02-28 19:17:39,684 [MainThread  ][DEBUG]  Optimization options: None
2019-02-28 19:17:39,684 [MainThread  ][INFO ]  Initial parameter values: [0.69934802 0.71212121 1.28814878 0.41108924]
2019-02-28 19:18:09,522 [MainThread  ][INFO ]  Final fidelity: 0.9991141560624625
2019-02-28 19:18:09,539 [MainThread  ][INFO ]  Final parameters: [ 1.58784023  0.98561188 -1.82499586  0.41656619]
2019-02-28 19:18:09,540 [MainThread  ][INFO ]  Fidelity: 0.9991141560624625
2019-02-28 19:18:09,540 [MainThread  ][INFO ]  ---- Starting iteration 71/100
2019-02-28 19:18:09,540 [MainThread  ][DEBUG]  Setting hyperparameter tf=1.4434343434343435
2019-02-28 19:18:09,540 [MainThread  ][INFO ]  Starting optimization for tf=1.4434343434343435
2019-02-28 19:18:09,540 [MainThread  ][DEBUG]  Optimization method: Nelder-Mead
2019-02-28 19:18:09,540 [MainThread  ][DEBUG]  Optimization options: None
2019-02-28 19:18:09,540 [MainThread  ][INFO ]  Initial parameter values: [1.72382983 0.72171717 0.33732061 1.15006371]
2019-02-28 19:18:47,778 [MainThread  ][INFO ]  Final fidelity: 0.9991471050567168
2019-02-28 19:18:47,779 [MainThread  ][INFO ]  Final parameters: [ 1.38755742  0.96077594  1.04791633 -1.6029188 ]
2019-02-28 19:18:47,779 [MainThread  ][INFO ]  Fidelity: 0.9991471050567168
2019-02-28 19:18:47,779 [MainThread  ][INFO ]  ---- Starting iteration 72/100
2019-02-28 19:18:47,779 [MainThread  ][DEBUG]  Setting hyperparameter tf=1.4626262626262627
2019-02-28 19:18:47,779 [MainThread  ][INFO ]  Starting optimization for tf=1.4626262626262627
2019-02-28 19:18:47,780 [MainThread  ][DEBUG]  Optimization method: Nelder-Mead
2019-02-28 19:18:47,780 [MainThread  ][DEBUG]  Optimization options: None
2019-02-28 19:18:47,796 [MainThread  ][INFO ]  Initial parameter values: [1.85135784 0.73131313 0.98823201 0.07594588]
2019-02-28 19:19:18,829 [MainThread  ][INFO ]  Final fidelity: 0.999132439785448
2019-02-28 19:19:18,832 [MainThread  ][INFO ]  Final parameters: [2.6206657  0.40107376 0.53440319 0.08185584]
2019-02-28 19:19:18,832 [MainThread  ][INFO ]  Fidelity: 0.999132439785448
2019-02-28 19:19:18,832 [MainThread  ][INFO ]  ---- Starting iteration 73/100
2019-02-28 19:19:18,832 [MainThread  ][DEBUG]  Setting hyperparameter tf=1.481818181818182
2019-02-28 19:19:18,832 [MainThread  ][INFO ]  Starting optimization for tf=1.481818181818182
2019-02-28 19:19:18,832 [MainThread  ][DEBUG]  Optimization method: Nelder-Mead
2019-02-28 19:19:18,832 [MainThread  ][DEBUG]  Optimization options: None
2019-02-28 19:19:18,833 [MainThread  ][INFO ]  Initial parameter values: [0.8547915  0.74090909 1.67921058 1.27405734]
2019-02-28 19:20:08,681 [MainThread  ][INFO ]  Final fidelity: 0.9991346001994829
2019-02-28 19:20:08,691 [MainThread  ][INFO ]  Final parameters: [ 1.44421321  1.05175399 -1.37212397  0.17128453]
2019-02-28 19:20:08,691 [MainThread  ][INFO ]  Fidelity: 0.9991346001994829
2019-02-28 19:20:08,692 [MainThread  ][INFO ]  ---- Starting iteration 74/100
2019-02-28 19:20:08,692 [MainThread  ][DEBUG]  Setting hyperparameter tf=1.501010101010101
2019-02-28 19:20:08,692 [MainThread  ][INFO ]  Starting optimization for tf=1.501010101010101
2019-02-28 19:20:08,692 [MainThread  ][DEBUG]  Optimization method: Nelder-Mead
2019-02-28 19:20:08,692 [MainThread  ][DEBUG]  Optimization options: None
2019-02-28 19:20:08,692 [MainThread  ][INFO ]  Initial parameter values: [0.50626807 0.75050505 0.97837133 1.73617247]
2019-02-28 19:20:38,978 [MainThread  ][INFO ]  Final fidelity: 0.9991751178267211
2019-02-28 19:20:38,998 [MainThread  ][INFO ]  Final parameters: [ 1.21334572  1.12829372  1.76468264 -2.72568095]
2019-02-28 19:20:38,998 [MainThread  ][INFO ]  Fidelity: 0.9991751178267211
2019-02-28 19:20:38,998 [MainThread  ][INFO ]  ---- Starting iteration 75/100
2019-02-28 19:20:38,998 [MainThread  ][DEBUG]  Setting hyperparameter tf=1.52020202020202
2019-02-28 19:20:38,999 [MainThread  ][INFO ]  Starting optimization for tf=1.52020202020202
2019-02-28 19:20:38,999 [MainThread  ][DEBUG]  Optimization method: Nelder-Mead
2019-02-28 19:20:38,999 [MainThread  ][DEBUG]  Optimization options: None
2019-02-28 19:20:38,999 [MainThread  ][INFO ]  Initial parameter values: [0.15116886 0.76010101 0.61509103 0.57335794]
2019-02-28 19:21:19,559 [MainThread  ][INFO ]  Final fidelity: 0.9991551318786868
2019-02-28 19:21:19,560 [MainThread  ][INFO ]  Final parameters: [ 0.11276085  0.04690077  2.20435494 -0.44952809]
2019-02-28 19:21:19,560 [MainThread  ][INFO ]  Fidelity: 0.9991551318786868
2019-02-28 19:21:19,560 [MainThread  ][INFO ]  ---- Starting iteration 76/100
2019-02-28 19:21:19,560 [MainThread  ][DEBUG]  Setting hyperparameter tf=1.5393939393939393
2019-02-28 19:21:19,560 [MainThread  ][INFO ]  Starting optimization for tf=1.5393939393939393
2019-02-28 19:21:19,560 [MainThread  ][DEBUG]  Optimization method: Nelder-Mead
2019-02-28 19:21:19,560 [MainThread  ][DEBUG]  Optimization options: None
2019-02-28 19:21:19,560 [MainThread  ][INFO ]  Initial parameter values: [0.45917376 0.76969697 0.61957058 1.37793626]
2019-02-28 19:21:49,358 [MainThread  ][INFO ]  Final fidelity: 0.9991775737897651
2019-02-28 19:21:49,358 [MainThread  ][INFO ]  Final parameters: [ 1.20473513  1.18854148  0.66226992 -1.87404988]
2019-02-28 19:21:49,358 [MainThread  ][INFO ]  Fidelity: 0.9991775737897651
2019-02-28 19:21:49,358 [MainThread  ][INFO ]  ---- Starting iteration 77/100
2019-02-28 19:21:49,358 [MainThread  ][DEBUG]  Setting hyperparameter tf=1.5585858585858585
2019-02-28 19:21:49,359 [MainThread  ][INFO ]  Starting optimization for tf=1.5585858585858585
2019-02-28 19:21:49,359 [MainThread  ][DEBUG]  Optimization method: Nelder-Mead
2019-02-28 19:21:49,359 [MainThread  ][DEBUG]  Optimization options: None
2019-02-28 19:21:49,359 [MainThread  ][INFO ]  Initial parameter values: [0.12926356 0.77929293 1.84942509 0.32199775]
2019-02-28 19:22:26,380 [MainThread  ][INFO ]  Final fidelity: 0.9991679603138903
2019-02-28 19:22:26,392 [MainThread  ][INFO ]  Final parameters: [ 0.34108547  0.03946895  2.06728439 -0.34426728]
2019-02-28 19:22:26,392 [MainThread  ][INFO ]  Fidelity: 0.9991679603138903
2019-02-28 19:22:26,392 [MainThread  ][INFO ]  ---- Starting iteration 78/100
2019-02-28 19:22:26,393 [MainThread  ][DEBUG]  Setting hyperparameter tf=1.5777777777777777
2019-02-28 19:22:26,393 [MainThread  ][INFO ]  Starting optimization for tf=1.5777777777777777
2019-02-28 19:22:26,393 [MainThread  ][DEBUG]  Optimization method: Nelder-Mead
2019-02-28 19:22:26,393 [MainThread  ][DEBUG]  Optimization options: None
2019-02-28 19:22:26,393 [MainThread  ][INFO ]  Initial parameter values: [0.61928519 0.78888889 0.24464303 1.98731686]
2019-02-28 19:22:57,591 [MainThread  ][INFO ]  Final fidelity: 0.9992035403343882
2019-02-28 19:22:57,602 [MainThread  ][INFO ]  Final parameters: [ 1.10309255  1.39510607  0.55254421 -4.16944147]
2019-02-28 19:22:57,602 [MainThread  ][INFO ]  Fidelity: 0.9992035403343882
2019-02-28 19:22:57,603 [MainThread  ][INFO ]  ---- Starting iteration 79/100
2019-02-28 19:22:57,603 [MainThread  ][DEBUG]  Setting hyperparameter tf=1.596969696969697
2019-02-28 19:22:57,603 [MainThread  ][INFO ]  Starting optimization for tf=1.596969696969697
2019-02-28 19:22:57,603 [MainThread  ][DEBUG]  Optimization method: Nelder-Mead
2019-02-28 19:22:57,603 [MainThread  ][DEBUG]  Optimization options: None
2019-02-28 19:22:57,603 [MainThread  ][INFO ]  Initial parameter values: [1.66264257 0.79848485 1.6375651  0.36900395]
2019-02-28 19:23:35,133 [MainThread  ][INFO ]  Final fidelity: 0.9991597686533596
2019-02-28 19:23:35,139 [MainThread  ][INFO ]  Final parameters: [ 1.31277812  1.11426672 -0.88038016  0.28187773]
2019-02-28 19:23:35,139 [MainThread  ][INFO ]  Fidelity: 0.9991597686533596
2019-02-28 19:23:35,139 [MainThread  ][INFO ]  ---- Starting iteration 80/100
2019-02-28 19:23:35,139 [MainThread  ][DEBUG]  Setting hyperparameter tf=1.6161616161616161
2019-02-28 19:23:35,139 [MainThread  ][INFO ]  Starting optimization for tf=1.6161616161616161
2019-02-28 19:23:35,139 [MainThread  ][DEBUG]  Optimization method: Nelder-Mead
2019-02-28 19:23:35,139 [MainThread  ][DEBUG]  Optimization options: None
2019-02-28 19:23:35,139 [MainThread  ][INFO ]  Initial parameter values: [0.66170697 0.80808081 0.3418948  1.21276495]
2019-02-28 19:23:58,924 [MainThread  ][INFO ]  Final fidelity: 0.9991985948680235
2019-02-28 19:23:58,933 [MainThread  ][INFO ]  Final parameters: [ 1.12214038  1.29420105  0.47331818 -1.71656987]
2019-02-28 19:23:58,933 [MainThread  ][INFO ]  Fidelity: 0.9991985948680235
2019-02-28 19:23:58,933 [MainThread  ][INFO ]  ---- Starting iteration 81/100
2019-02-28 19:23:58,933 [MainThread  ][DEBUG]  Setting hyperparameter tf=1.6353535353535353
2019-02-28 19:23:58,933 [MainThread  ][INFO ]  Starting optimization for tf=1.6353535353535353
2019-02-28 19:23:58,933 [MainThread  ][DEBUG]  Optimization method: Nelder-Mead
2019-02-28 19:23:58,934 [MainThread  ][DEBUG]  Optimization options: None
2019-02-28 19:23:58,934 [MainThread  ][INFO ]  Initial parameter values: [1.79668007 0.81767677 0.05993372 0.90660944]
2019-02-28 19:24:29,516 [MainThread  ][INFO ]  Final fidelity: 0.9991568883891163
2019-02-28 19:24:29,529 [MainThread  ][INFO ]  Final parameters: [1.56205081 0.79861079 0.07084126 0.31583802]
2019-02-28 19:24:29,529 [MainThread  ][INFO ]  Fidelity: 0.9991568883891163
2019-02-28 19:24:29,529 [MainThread  ][INFO ]  ---- Starting iteration 82/100
2019-02-28 19:24:29,529 [MainThread  ][DEBUG]  Setting hyperparameter tf=1.6545454545454545
2019-02-28 19:24:29,529 [MainThread  ][INFO ]  Starting optimization for tf=1.6545454545454545
2019-02-28 19:24:29,529 [MainThread  ][DEBUG]  Optimization method: Nelder-Mead
2019-02-28 19:24:29,529 [MainThread  ][DEBUG]  Optimization options: None
2019-02-28 19:24:29,530 [MainThread  ][INFO ]  Initial parameter values: [1.82896269 0.82727273 1.11762779 0.08797278]
2019-02-28 19:24:56,509 [MainThread  ][INFO ]  Final fidelity: 0.9991973716968572
2019-02-28 19:24:56,510 [MainThread  ][INFO ]  Final parameters: [2.02037667 0.36849647 0.96621453 0.11630139]
2019-02-28 19:24:56,511 [MainThread  ][INFO ]  Fidelity: 0.9991973716968572
2019-02-28 19:24:56,511 [MainThread  ][INFO ]  ---- Starting iteration 83/100
2019-02-28 19:24:56,511 [MainThread  ][DEBUG]  Setting hyperparameter tf=1.6737373737373737
2019-02-28 19:24:56,511 [MainThread  ][INFO ]  Starting optimization for tf=1.6737373737373737
2019-02-28 19:24:56,511 [MainThread  ][DEBUG]  Optimization method: Nelder-Mead
2019-02-28 19:24:56,511 [MainThread  ][DEBUG]  Optimization options: None
2019-02-28 19:24:56,511 [MainThread  ][INFO ]  Initial parameter values: [1.47408122 0.83686869 0.93823222 0.92891381]
2019-02-28 19:25:36,456 [MainThread  ][INFO ]  Final fidelity: 0.9991947836688747
2019-02-28 19:25:36,472 [MainThread  ][INFO ]  Final parameters: [ 1.16424316  1.14497415  0.45687124 -0.50261564]
2019-02-28 19:25:36,472 [MainThread  ][INFO ]  Fidelity: 0.9991947836688747
2019-02-28 19:25:36,472 [MainThread  ][INFO ]  ---- Starting iteration 84/100
2019-02-28 19:25:36,473 [MainThread  ][DEBUG]  Setting hyperparameter tf=1.692929292929293
2019-02-28 19:25:36,473 [MainThread  ][INFO ]  Starting optimization for tf=1.692929292929293
2019-02-28 19:25:36,473 [MainThread  ][DEBUG]  Optimization method: Nelder-Mead
2019-02-28 19:25:36,473 [MainThread  ][DEBUG]  Optimization options: None
2019-02-28 19:25:36,473 [MainThread  ][INFO ]  Initial parameter values: [0.95914246 0.84646465 0.78414137 0.49263996]
2019-02-28 19:25:59,954 [MainThread  ][INFO ]  Final fidelity: 0.9991577766766747
2019-02-28 19:25:59,957 [MainThread  ][INFO ]  Final parameters: [ 1.53973571  0.8324358  -0.13054455  0.54873195]
2019-02-28 19:25:59,957 [MainThread  ][INFO ]  Fidelity: 0.9991577766766747
2019-02-28 19:25:59,957 [MainThread  ][INFO ]  ---- Starting iteration 85/100
2019-02-28 19:25:59,957 [MainThread  ][DEBUG]  Setting hyperparameter tf=1.7121212121212122
2019-02-28 19:25:59,958 [MainThread  ][INFO ]  Starting optimization for tf=1.7121212121212122
2019-02-28 19:25:59,958 [MainThread  ][DEBUG]  Optimization method: Nelder-Mead
2019-02-28 19:25:59,958 [MainThread  ][DEBUG]  Optimization options: None
2019-02-28 19:25:59,958 [MainThread  ][INFO ]  Initial parameter values: [1.97252388 0.85606061 0.26865144 0.09728844]
2019-02-28 19:26:19,696 [MainThread  ][INFO ]  Final fidelity: 0.9991876103002415
2019-02-28 19:26:19,700 [MainThread  ][INFO ]  Final parameters: [1.2747499  0.98030729 0.28918199 0.10938398]
2019-02-28 19:26:19,700 [MainThread  ][INFO ]  Fidelity: 0.9991876103002415
2019-02-28 19:26:19,700 [MainThread  ][INFO ]  ---- Starting iteration 86/100
2019-02-28 19:26:19,701 [MainThread  ][DEBUG]  Setting hyperparameter tf=1.7313131313131314
2019-02-28 19:26:19,701 [MainThread  ][INFO ]  Starting optimization for tf=1.7313131313131314
2019-02-28 19:26:19,701 [MainThread  ][DEBUG]  Optimization method: Nelder-Mead
2019-02-28 19:26:19,701 [MainThread  ][DEBUG]  Optimization options: None
2019-02-28 19:26:19,701 [MainThread  ][INFO ]  Initial parameter values: [0.24759654 0.86565657 0.88012675 1.7197277 ]
2019-02-28 19:26:54,619 [MainThread  ][INFO ]  Final fidelity: 0.9992119365530835
2019-02-28 19:26:54,685 [MainThread  ][INFO ]  Final parameters: [ 1.11176042  0.99997704  1.18311654 -0.53839153]
2019-02-28 19:26:54,685 [MainThread  ][INFO ]  Fidelity: 0.9992119365530835
2019-02-28 19:26:54,685 [MainThread  ][INFO ]  ---- Starting iteration 87/100
2019-02-28 19:26:54,685 [MainThread  ][DEBUG]  Setting hyperparameter tf=1.7505050505050506
2019-02-28 19:26:54,685 [MainThread  ][INFO ]  Starting optimization for tf=1.7505050505050506
2019-02-28 19:26:54,685 [MainThread  ][DEBUG]  Optimization method: Nelder-Mead
2019-02-28 19:26:54,685 [MainThread  ][DEBUG]  Optimization options: None
2019-02-28 19:26:54,685 [MainThread  ][INFO ]  Initial parameter values: [0.09867905 0.87525253 1.96552059 0.74438708]
2019-02-28 19:27:28,779 [MainThread  ][INFO ]  Final fidelity: 0.9992174563615864
2019-02-28 19:27:28,779 [MainThread  ][INFO ]  Final parameters: [ 0.47423113  0.03162938  1.64864805 -0.00509433]
2019-02-28 19:27:28,779 [MainThread  ][INFO ]  Fidelity: 0.9992174563615864
2019-02-28 19:27:28,779 [MainThread  ][INFO ]  ---- Starting iteration 88/100
2019-02-28 19:27:28,779 [MainThread  ][DEBUG]  Setting hyperparameter tf=1.7696969696969698
2019-02-28 19:27:28,780 [MainThread  ][INFO ]  Starting optimization for tf=1.7696969696969698
2019-02-28 19:27:28,780 [MainThread  ][DEBUG]  Optimization method: Nelder-Mead
2019-02-28 19:27:28,780 [MainThread  ][DEBUG]  Optimization options: None
2019-02-28 19:27:28,780 [MainThread  ][INFO ]  Initial parameter values: [0.50616143 0.88484848 1.6495143  0.77337586]
2019-02-28 19:27:55,631 [MainThread  ][INFO ]  Final fidelity: 0.9992188662164783
2019-02-28 19:27:55,639 [MainThread  ][INFO ]  Final parameters: [ 1.04996796  1.47942791 -2.23158784  0.9227847 ]
2019-02-28 19:27:55,639 [MainThread  ][INFO ]  Fidelity: 0.9992188662164783
2019-02-28 19:27:55,639 [MainThread  ][INFO ]  ---- Starting iteration 89/100
2019-02-28 19:27:55,640 [MainThread  ][DEBUG]  Setting hyperparameter tf=1.7888888888888888
2019-02-28 19:27:55,640 [MainThread  ][INFO ]  Starting optimization for tf=1.7888888888888888
2019-02-28 19:27:55,640 [MainThread  ][DEBUG]  Optimization method: Nelder-Mead
2019-02-28 19:27:55,640 [MainThread  ][DEBUG]  Optimization options: None
2019-02-28 19:27:55,640 [MainThread  ][INFO ]  Initial parameter values: [0.24777162 0.89444444 0.27174003 1.54691475]
2019-02-28 19:28:34,583 [MainThread  ][INFO ]  Final fidelity: 0.9992078424724389
2019-02-28 19:28:34,584 [MainThread  ][INFO ]  Final parameters: [1.38562211 0.77770557 0.4941127  0.31456378]
2019-02-28 19:28:34,584 [MainThread  ][INFO ]  Fidelity: 0.9992078424724389
2019-02-28 19:28:34,584 [MainThread  ][INFO ]  ---- Starting iteration 90/100
2019-02-28 19:28:34,584 [MainThread  ][DEBUG]  Setting hyperparameter tf=1.808080808080808
2019-02-28 19:28:34,585 [MainThread  ][INFO ]  Starting optimization for tf=1.808080808080808
2019-02-28 19:28:34,585 [MainThread  ][DEBUG]  Optimization method: Nelder-Mead
2019-02-28 19:28:34,585 [MainThread  ][DEBUG]  Optimization options: None
2019-02-28 19:28:34,585 [MainThread  ][INFO ]  Initial parameter values: [1.98347602 0.9040404  1.16725045 0.76181959]
2019-02-28 19:29:18,771 [MainThread  ][INFO ]  Final fidelity: 0.9956120185244006
2019-02-28 19:29:18,782 [MainThread  ][INFO ]  Final parameters: [ 1.22123486  1.33778789 -4.99981612  4.66942193]
2019-02-28 19:29:18,782 [MainThread  ][INFO ]  Fidelity: 0.9956120185244006
2019-02-28 19:29:18,782 [MainThread  ][INFO ]  ---- Starting iteration 91/100
2019-02-28 19:29:18,782 [MainThread  ][DEBUG]  Setting hyperparameter tf=1.8272727272727272
2019-02-28 19:29:18,782 [MainThread  ][INFO ]  Starting optimization for tf=1.8272727272727272
2019-02-28 19:29:18,782 [MainThread  ][DEBUG]  Optimization method: Nelder-Mead
2019-02-28 19:29:18,782 [MainThread  ][DEBUG]  Optimization options: None
2019-02-28 19:29:18,783 [MainThread  ][INFO ]  Initial parameter values: [0.69834452 0.91363636 0.99934844 1.38485442]
2019-02-28 19:29:50,167 [MainThread  ][INFO ]  Final fidelity: 0.9992491837805876
2019-02-28 19:29:50,176 [MainThread  ][INFO ]  Final parameters: [ 0.9830684   1.36212832  1.07132042 -0.93324583]
2019-02-28 19:29:50,176 [MainThread  ][INFO ]  Fidelity: 0.9992491837805876
2019-02-28 19:29:50,176 [MainThread  ][INFO ]  ---- Starting iteration 92/100
2019-02-28 19:29:50,176 [MainThread  ][DEBUG]  Setting hyperparameter tf=1.8464646464646464
2019-02-28 19:29:50,176 [MainThread  ][INFO ]  Starting optimization for tf=1.8464646464646464
2019-02-28 19:29:50,176 [MainThread  ][DEBUG]  Optimization method: Nelder-Mead
2019-02-28 19:29:50,176 [MainThread  ][DEBUG]  Optimization options: None
2019-02-28 19:29:50,177 [MainThread  ][INFO ]  Initial parameter values: [0.3603704  0.92323232 1.38612114 1.35638327]
2019-02-28 19:30:13,053 [MainThread  ][INFO ]  Final fidelity: 0.9992703881120976
2019-02-28 19:30:13,064 [MainThread  ][INFO ]  Final parameters: [ 0.93916496  1.61897144  0.6994625  -2.11659748]
2019-02-28 19:30:13,064 [MainThread  ][INFO ]  Fidelity: 0.9992703881120976
2019-02-28 19:30:13,064 [MainThread  ][INFO ]  ---- Starting iteration 93/100
2019-02-28 19:30:13,065 [MainThread  ][DEBUG]  Setting hyperparameter tf=1.8656565656565656
2019-02-28 19:30:13,065 [MainThread  ][INFO ]  Starting optimization for tf=1.8656565656565656
2019-02-28 19:30:13,065 [MainThread  ][DEBUG]  Optimization method: Nelder-Mead
2019-02-28 19:30:13,065 [MainThread  ][DEBUG]  Optimization options: None
2019-02-28 19:30:13,065 [MainThread  ][INFO ]  Initial parameter values: [1.43815665 0.93282828 0.82275088 1.76575325]
2019-02-28 19:30:45,539 [MainThread  ][INFO ]  Final fidelity: 0.9992627656473998
2019-02-28 19:30:45,540 [MainThread  ][INFO ]  Final parameters: [ 0.94751049  1.35860922  1.39620511 -1.01444668]
2019-02-28 19:30:45,540 [MainThread  ][INFO ]  Fidelity: 0.9992627656473998
2019-02-28 19:30:45,540 [MainThread  ][INFO ]  ---- Starting iteration 94/100
2019-02-28 19:30:45,540 [MainThread  ][DEBUG]  Setting hyperparameter tf=1.8848484848484848
2019-02-28 19:30:45,540 [MainThread  ][INFO ]  Starting optimization for tf=1.8848484848484848
2019-02-28 19:30:45,542 [MainThread  ][DEBUG]  Optimization method: Nelder-Mead
2019-02-28 19:30:45,542 [MainThread  ][DEBUG]  Optimization options: None
2019-02-28 19:30:45,542 [MainThread  ][INFO ]  Initial parameter values: [0.70569011 0.94242424 0.8263997  0.14168216]
2019-02-28 19:31:22,788 [MainThread  ][INFO ]  Final fidelity: 0.9992449464397704
2019-02-28 19:31:22,790 [MainThread  ][INFO ]  Final parameters: [1.14078302 0.76682587 0.98086367 0.11278172]
2019-02-28 19:31:22,790 [MainThread  ][INFO ]  Fidelity: 0.9992449464397704
2019-02-28 19:31:22,790 [MainThread  ][INFO ]  ---- Starting iteration 95/100
2019-02-28 19:31:22,791 [MainThread  ][DEBUG]  Setting hyperparameter tf=1.904040404040404
2019-02-28 19:31:22,791 [MainThread  ][INFO ]  Starting optimization for tf=1.904040404040404
2019-02-28 19:31:22,792 [MainThread  ][DEBUG]  Optimization method: Nelder-Mead
2019-02-28 19:31:22,792 [MainThread  ][DEBUG]  Optimization options: None
2019-02-28 19:31:22,792 [MainThread  ][INFO ]  Initial parameter values: [0.52475654 0.9520202  1.3646034  0.47511208]
2019-02-28 19:31:57,639 [MainThread  ][INFO ]  Final fidelity: 0.9992368004061642
2019-02-28 19:31:57,705 [MainThread  ][INFO ]  Final parameters: [1.11587664 1.05478484 0.47694078 0.29503279]
2019-02-28 19:31:57,706 [MainThread  ][INFO ]  Fidelity: 0.9992368004061642
2019-02-28 19:31:57,706 [MainThread  ][INFO ]  ---- Starting iteration 96/100
2019-02-28 19:31:57,706 [MainThread  ][DEBUG]  Setting hyperparameter tf=1.9232323232323232
2019-02-28 19:31:57,706 [MainThread  ][INFO ]  Starting optimization for tf=1.9232323232323232
2019-02-28 19:31:57,706 [MainThread  ][DEBUG]  Optimization method: Nelder-Mead
2019-02-28 19:31:57,706 [MainThread  ][DEBUG]  Optimization options: None
2019-02-28 19:31:57,706 [MainThread  ][INFO ]  Initial parameter values: [1.96846129 0.96161616 0.52107574 1.33179864]
2019-02-28 19:32:40,492 [MainThread  ][INFO ]  Final fidelity: 0.9992639425229056
2019-02-28 19:32:40,494 [MainThread  ][INFO ]  Final parameters: [ 0.95422814  1.48953846  0.33217884 -0.23756594]
2019-02-28 19:32:40,494 [MainThread  ][INFO ]  Fidelity: 0.9992639425229056
2019-02-28 19:32:40,494 [MainThread  ][INFO ]  ---- Starting iteration 97/100
2019-02-28 19:32:40,494 [MainThread  ][DEBUG]  Setting hyperparameter tf=1.9424242424242424
2019-02-28 19:32:40,494 [MainThread  ][INFO ]  Starting optimization for tf=1.9424242424242424
2019-02-28 19:32:40,494 [MainThread  ][DEBUG]  Optimization method: Nelder-Mead
2019-02-28 19:32:40,494 [MainThread  ][DEBUG]  Optimization options: None
2019-02-28 19:32:40,494 [MainThread  ][INFO ]  Initial parameter values: [0.90986765 0.97121212 1.66767398 0.56605446]
2019-02-28 19:33:14,864 [MainThread  ][INFO ]  Final fidelity: 0.9992628239819676
2019-02-28 19:33:14,864 [MainThread  ][INFO ]  Final parameters: [ 0.95309114  1.60693933 -1.06455647  0.6595758 ]
2019-02-28 19:33:14,865 [MainThread  ][INFO ]  Fidelity: 0.9992628239819676
2019-02-28 19:33:14,865 [MainThread  ][INFO ]  ---- Starting iteration 98/100
2019-02-28 19:33:14,865 [MainThread  ][DEBUG]  Setting hyperparameter tf=1.9616161616161616
2019-02-28 19:33:14,865 [MainThread  ][INFO ]  Starting optimization for tf=1.9616161616161616
2019-02-28 19:33:14,865 [MainThread  ][DEBUG]  Optimization method: Nelder-Mead
2019-02-28 19:33:14,865 [MainThread  ][DEBUG]  Optimization options: None
2019-02-28 19:33:14,865 [MainThread  ][INFO ]  Initial parameter values: [1.42386754 0.98080808 1.8975568  1.42448911]
2019-02-28 19:33:39,069 [MainThread  ][INFO ]  Final fidelity: 0.9635125664065435
2019-02-28 19:33:39,070 [MainThread  ][INFO ]  Final parameters: [0.64945724 1.96160528 1.01045512 0.90943064]
2019-02-28 19:33:39,070 [MainThread  ][INFO ]  Fidelity: 0.9635125664065435
2019-02-28 19:33:39,071 [MainThread  ][INFO ]  ---- Starting iteration 99/100
2019-02-28 19:33:39,071 [MainThread  ][DEBUG]  Setting hyperparameter tf=1.9808080808080808
2019-02-28 19:33:39,071 [MainThread  ][INFO ]  Starting optimization for tf=1.9808080808080808
2019-02-28 19:33:39,071 [MainThread  ][DEBUG]  Optimization method: Nelder-Mead
2019-02-28 19:33:39,071 [MainThread  ][DEBUG]  Optimization options: None
2019-02-28 19:33:39,071 [MainThread  ][INFO ]  Initial parameter values: [0.93953181 0.99040404 0.50497282 1.7361103 ]
2019-02-28 19:34:06,546 [MainThread  ][INFO ]  Final fidelity: 0.9992888755335859
2019-02-28 19:34:06,546 [MainThread  ][INFO ]  Final parameters: [ 0.9109852   1.59856136  0.47935004 -0.4305572 ]
2019-02-28 19:34:06,546 [MainThread  ][INFO ]  Fidelity: 0.9992888755335859
2019-02-28 19:34:06,547 [MainThread  ][INFO ]  ---- Starting iteration 100/100
2019-02-28 19:34:06,547 [MainThread  ][DEBUG]  Setting hyperparameter tf=2.0
2019-02-28 19:34:06,547 [MainThread  ][INFO ]  Starting optimization for tf=2.0
2019-02-28 19:34:06,547 [MainThread  ][DEBUG]  Optimization method: Nelder-Mead
2019-02-28 19:34:06,547 [MainThread  ][DEBUG]  Optimization options: None
2019-02-28 19:34:06,547 [MainThread  ][INFO ]  Initial parameter values: [0.92889369 1.         0.11555503 1.43182481]
2019-02-28 19:34:33,720 [MainThread  ][INFO ]  Final fidelity: 0.9992614844233368
2019-02-28 19:34:33,734 [MainThread  ][INFO ]  Final parameters: [0.98275667 1.38758613 0.13967549 0.41362296]
2019-02-28 19:34:33,734 [MainThread  ][INFO ]  Fidelity: 0.9992614844233368
