2019-02-28 18:36:42,522 [MainThread  ][INFO ]  Output file name will be "lmg_doublebang_neldermead_bounds5.csv"
2019-02-28 18:36:42,874 [MainThread  ][INFO ]  Using doublebang protocol ansatz.
2019-02-28 18:36:42,874 [MainThread  ][DEBUG]  Initializing ProtocolAnsatz instance "doublebang"
2019-02-28 18:36:42,875 [MainThread  ][INFO ]  Using parameters constraints: [[-5, 5], [None, None], [-5, 5]]
2019-02-28 18:36:42,875 [MainThread  ][INFO ]  Using total height constraint: None
2019-02-28 18:36:42,875 [MainThread  ][INFO ]  ---- Starting iteration 1/100
2019-02-28 18:36:42,876 [MainThread  ][DEBUG]  Setting hyperparameter tf=0.1
2019-02-28 18:36:42,876 [MainThread  ][INFO ]  Starting optimization for tf=0.1
2019-02-28 18:36:42,876 [MainThread  ][DEBUG]  Optimization method: Nelder-Mead
2019-02-28 18:36:42,876 [MainThread  ][DEBUG]  Optimization options: None
2019-02-28 18:36:42,876 [MainThread  ][INFO ]  Initial parameter values: [1.53983337 0.05       0.95879934]
2019-02-28 18:36:47,613 [MainThread  ][INFO ]  Final fidelity: 0.815152662956809
2019-02-28 18:36:47,614 [MainThread  ][INFO ]  Final parameters: [ 4.99941588  0.05454937 -4.99256165]
2019-02-28 18:36:47,614 [MainThread  ][INFO ]  Fidelity: 0.815152662956809
2019-02-28 18:36:47,614 [MainThread  ][INFO ]  ---- Starting iteration 2/100
2019-02-28 18:36:47,614 [MainThread  ][DEBUG]  Setting hyperparameter tf=0.1191919191919192
2019-02-28 18:36:47,614 [MainThread  ][INFO ]  Starting optimization for tf=0.1191919191919192
2019-02-28 18:36:47,614 [MainThread  ][DEBUG]  Optimization method: Nelder-Mead
2019-02-28 18:36:47,614 [MainThread  ][DEBUG]  Optimization options: None
2019-02-28 18:36:47,614 [MainThread  ][INFO ]  Initial parameter values: [1.88156184 0.05959596 0.6073415 ]
2019-02-28 18:36:50,510 [MainThread  ][INFO ]  Final fidelity: 0.814126414910364
2019-02-28 18:36:50,511 [MainThread  ][INFO ]  Final parameters: [ 4.99999729  0.03934675 -1.39242817]
2019-02-28 18:36:50,511 [MainThread  ][INFO ]  Fidelity: 0.814126414910364
2019-02-28 18:36:50,511 [MainThread  ][INFO ]  ---- Starting iteration 3/100
2019-02-28 18:36:50,511 [MainThread  ][DEBUG]  Setting hyperparameter tf=0.1383838383838384
2019-02-28 18:36:50,511 [MainThread  ][INFO ]  Starting optimization for tf=0.1383838383838384
2019-02-28 18:36:50,511 [MainThread  ][DEBUG]  Optimization method: Nelder-Mead
2019-02-28 18:36:50,511 [MainThread  ][DEBUG]  Optimization options: None
2019-02-28 18:36:50,511 [MainThread  ][INFO ]  Initial parameter values: [0.46560669 0.06919192 1.41435351]
2019-02-28 18:36:58,432 [MainThread  ][INFO ]  Final fidelity: 0.8211291472170394
2019-02-28 18:36:58,433 [MainThread  ][INFO ]  Final parameters: [ 4.97204204  0.07668533 -4.99995739]
2019-02-28 18:36:58,433 [MainThread  ][INFO ]  Fidelity: 0.8211291472170394
2019-02-28 18:36:58,433 [MainThread  ][INFO ]  ---- Starting iteration 4/100
2019-02-28 18:36:58,433 [MainThread  ][DEBUG]  Setting hyperparameter tf=0.1575757575757576
2019-02-28 18:36:58,433 [MainThread  ][INFO ]  Starting optimization for tf=0.1575757575757576
2019-02-28 18:36:58,433 [MainThread  ][DEBUG]  Optimization method: Nelder-Mead
2019-02-28 18:36:58,433 [MainThread  ][DEBUG]  Optimization options: None
2019-02-28 18:36:58,434 [MainThread  ][INFO ]  Initial parameter values: [1.9775298  0.07878788 1.44060592]
2019-02-28 18:37:03,500 [MainThread  ][INFO ]  Final fidelity: 0.8248695112993989
2019-02-28 18:37:03,501 [MainThread  ][INFO ]  Final parameters: [ 4.99976545  0.08692846 -4.99998286]
2019-02-28 18:37:03,501 [MainThread  ][INFO ]  Fidelity: 0.8248695112993989
2019-02-28 18:37:03,501 [MainThread  ][INFO ]  ---- Starting iteration 5/100
2019-02-28 18:37:03,501 [MainThread  ][DEBUG]  Setting hyperparameter tf=0.17676767676767677
2019-02-28 18:37:03,501 [MainThread  ][INFO ]  Starting optimization for tf=0.17676767676767677
2019-02-28 18:37:03,501 [MainThread  ][DEBUG]  Optimization method: Nelder-Mead
2019-02-28 18:37:03,501 [MainThread  ][DEBUG]  Optimization options: None
2019-02-28 18:37:03,502 [MainThread  ][INFO ]  Initial parameter values: [1.54815678 0.08838384 0.2509224 ]
2019-02-28 18:37:31,794 [MainThread  ][INFO ]  Final fidelity: 0.8289158052946131
2019-02-28 18:37:31,797 [MainThread  ][INFO ]  Final parameters: [ 4.99994312  0.09764972 -4.93168427]
2019-02-28 18:37:31,797 [MainThread  ][INFO ]  Fidelity: 0.8289158052946131
2019-02-28 18:37:31,797 [MainThread  ][INFO ]  ---- Starting iteration 6/100
2019-02-28 18:37:31,797 [MainThread  ][DEBUG]  Setting hyperparameter tf=0.19595959595959594
2019-02-28 18:37:31,797 [MainThread  ][INFO ]  Starting optimization for tf=0.19595959595959594
2019-02-28 18:37:31,798 [MainThread  ][DEBUG]  Optimization method: Nelder-Mead
2019-02-28 18:37:31,798 [MainThread  ][DEBUG]  Optimization options: None
2019-02-28 18:37:31,798 [MainThread  ][INFO ]  Initial parameter values: [0.05665358 0.0979798  1.40460359]
2019-02-28 18:37:59,619 [MainThread  ][INFO ]  Final fidelity: 0.8329311881596589
2019-02-28 18:37:59,628 [MainThread  ][INFO ]  Final parameters: [ 4.76183084  0.11168912 -4.99994351]
2019-02-28 18:37:59,628 [MainThread  ][INFO ]  Fidelity: 0.8329311881596589
2019-02-28 18:37:59,628 [MainThread  ][INFO ]  ---- Starting iteration 7/100
2019-02-28 18:37:59,628 [MainThread  ][DEBUG]  Setting hyperparameter tf=0.21515151515151515
2019-02-28 18:37:59,628 [MainThread  ][INFO ]  Starting optimization for tf=0.21515151515151515
2019-02-28 18:37:59,628 [MainThread  ][DEBUG]  Optimization method: Nelder-Mead
2019-02-28 18:37:59,628 [MainThread  ][DEBUG]  Optimization options: None
2019-02-28 18:37:59,628 [MainThread  ][INFO ]  Initial parameter values: [0.73640383 0.10757576 0.59098471]
2019-02-28 18:38:12,161 [MainThread  ][INFO ]  Final fidelity: 0.8385938632945378
2019-02-28 18:38:12,167 [MainThread  ][INFO ]  Final parameters: [ 4.99997596  0.12066034 -4.99983479]
2019-02-28 18:38:12,167 [MainThread  ][INFO ]  Fidelity: 0.8385938632945378
2019-02-28 18:38:12,168 [MainThread  ][INFO ]  ---- Starting iteration 8/100
2019-02-28 18:38:12,168 [MainThread  ][DEBUG]  Setting hyperparameter tf=0.23434343434343433
2019-02-28 18:38:12,168 [MainThread  ][INFO ]  Starting optimization for tf=0.23434343434343433
2019-02-28 18:38:12,168 [MainThread  ][DEBUG]  Optimization method: Nelder-Mead
2019-02-28 18:38:12,168 [MainThread  ][DEBUG]  Optimization options: None
2019-02-28 18:38:12,168 [MainThread  ][INFO ]  Initial parameter values: [0.22387138 0.11717172 0.50904233]
2019-02-28 18:38:24,370 [MainThread  ][INFO ]  Final fidelity: 0.8286342233236537
2019-02-28 18:38:24,379 [MainThread  ][INFO ]  Final parameters: [ 2.06812466  0.1766235  -4.99997198]
2019-02-28 18:38:24,379 [MainThread  ][INFO ]  Fidelity: 0.8286342233236537
2019-02-28 18:38:24,379 [MainThread  ][INFO ]  ---- Starting iteration 9/100
2019-02-28 18:38:24,379 [MainThread  ][DEBUG]  Setting hyperparameter tf=0.2535353535353535
2019-02-28 18:38:24,379 [MainThread  ][INFO ]  Starting optimization for tf=0.2535353535353535
2019-02-28 18:38:24,379 [MainThread  ][DEBUG]  Optimization method: Nelder-Mead
2019-02-28 18:38:24,379 [MainThread  ][DEBUG]  Optimization options: None
2019-02-28 18:38:24,380 [MainThread  ][INFO ]  Initial parameter values: [0.86372596 0.12676768 0.12480558]
2019-02-28 18:38:36,254 [MainThread  ][INFO ]  Final fidelity: 0.8244568564153546
2019-02-28 18:38:36,254 [MainThread  ][INFO ]  Final parameters: [ 4.99982673  0.05317069 -0.27831663]
2019-02-28 18:38:36,254 [MainThread  ][INFO ]  Fidelity: 0.8244568564153546
2019-02-28 18:38:36,254 [MainThread  ][INFO ]  ---- Starting iteration 10/100
2019-02-28 18:38:36,255 [MainThread  ][DEBUG]  Setting hyperparameter tf=0.2727272727272727
2019-02-28 18:38:36,255 [MainThread  ][INFO ]  Starting optimization for tf=0.2727272727272727
2019-02-28 18:38:36,255 [MainThread  ][DEBUG]  Optimization method: Nelder-Mead
2019-02-28 18:38:36,255 [MainThread  ][DEBUG]  Optimization options: None
2019-02-28 18:38:36,255 [MainThread  ][INFO ]  Initial parameter values: [1.43790431 0.13636364 1.81858116]
2019-02-28 18:38:53,849 [MainThread  ][INFO ]  Final fidelity: 0.8559681356415657
2019-02-28 18:38:53,849 [MainThread  ][INFO ]  Final parameters: [ 4.99923163  0.15399536 -4.99991968]
2019-02-28 18:38:53,849 [MainThread  ][INFO ]  Fidelity: 0.8559681356415657
2019-02-28 18:38:53,850 [MainThread  ][INFO ]  ---- Starting iteration 11/100
2019-02-28 18:38:53,850 [MainThread  ][DEBUG]  Setting hyperparameter tf=0.2919191919191919
2019-02-28 18:38:53,850 [MainThread  ][INFO ]  Starting optimization for tf=0.2919191919191919
2019-02-28 18:38:53,850 [MainThread  ][DEBUG]  Optimization method: Nelder-Mead
2019-02-28 18:38:53,850 [MainThread  ][DEBUG]  Optimization options: None
2019-02-28 18:38:53,850 [MainThread  ][INFO ]  Initial parameter values: [1.74337391 0.1459596  0.9392896 ]
2019-02-28 18:39:16,725 [MainThread  ][INFO ]  Final fidelity: 0.8624435142951293
2019-02-28 18:39:16,731 [MainThread  ][INFO ]  Final parameters: [ 4.99991328  0.16548269 -4.99300094]
2019-02-28 18:39:16,731 [MainThread  ][INFO ]  Fidelity: 0.8624435142951293
2019-02-28 18:39:16,731 [MainThread  ][INFO ]  ---- Starting iteration 12/100
2019-02-28 18:39:16,731 [MainThread  ][DEBUG]  Setting hyperparameter tf=0.3111111111111111
2019-02-28 18:39:16,731 [MainThread  ][INFO ]  Starting optimization for tf=0.3111111111111111
2019-02-28 18:39:16,731 [MainThread  ][DEBUG]  Optimization method: Nelder-Mead
2019-02-28 18:39:16,731 [MainThread  ][DEBUG]  Optimization options: None
2019-02-28 18:39:16,732 [MainThread  ][INFO ]  Initial parameter values: [1.1488866  0.15555556 0.74908221]
2019-02-28 18:39:33,422 [MainThread  ][INFO ]  Final fidelity: 0.8692251208337218
2019-02-28 18:39:33,436 [MainThread  ][INFO ]  Final parameters: [ 4.99996728  0.17718576 -4.98843205]
2019-02-28 18:39:33,436 [MainThread  ][INFO ]  Fidelity: 0.8692251208337218
2019-02-28 18:39:33,436 [MainThread  ][INFO ]  ---- Starting iteration 13/100
2019-02-28 18:39:33,436 [MainThread  ][DEBUG]  Setting hyperparameter tf=0.3303030303030303
2019-02-28 18:39:33,437 [MainThread  ][INFO ]  Starting optimization for tf=0.3303030303030303
2019-02-28 18:39:33,437 [MainThread  ][DEBUG]  Optimization method: Nelder-Mead
2019-02-28 18:39:33,437 [MainThread  ][DEBUG]  Optimization options: None
2019-02-28 18:39:33,437 [MainThread  ][INFO ]  Initial parameter values: [1.21020069 0.16515152 0.46389292]
2019-02-28 18:39:55,997 [MainThread  ][INFO ]  Final fidelity: 0.8758787193063206
2019-02-28 18:39:56,004 [MainThread  ][INFO ]  Final parameters: [ 4.93394049  0.19016342 -4.99983108]
2019-02-28 18:39:56,004 [MainThread  ][INFO ]  Fidelity: 0.8758787193063206
2019-02-28 18:39:56,004 [MainThread  ][INFO ]  ---- Starting iteration 14/100
2019-02-28 18:39:56,005 [MainThread  ][DEBUG]  Setting hyperparameter tf=0.3494949494949495
2019-02-28 18:39:56,005 [MainThread  ][INFO ]  Starting optimization for tf=0.3494949494949495
2019-02-28 18:39:56,005 [MainThread  ][DEBUG]  Optimization method: Nelder-Mead
2019-02-28 18:39:56,005 [MainThread  ][DEBUG]  Optimization options: None
2019-02-28 18:39:56,005 [MainThread  ][INFO ]  Initial parameter values: [0.003046   0.17474747 0.43400614]
2019-02-28 18:40:07,208 [MainThread  ][INFO ]  Final fidelity: 0.8159191361044427
2019-02-28 18:40:07,213 [MainThread  ][INFO ]  Final parameters: [3.80040406e-03 3.36262708e-06 4.98941301e-01]
2019-02-28 18:40:07,213 [MainThread  ][INFO ]  Fidelity: 0.8159191361044427
2019-02-28 18:40:07,213 [MainThread  ][INFO ]  ---- Starting iteration 15/100
2019-02-28 18:40:07,213 [MainThread  ][DEBUG]  Setting hyperparameter tf=0.3686868686868686
2019-02-28 18:40:07,213 [MainThread  ][INFO ]  Starting optimization for tf=0.3686868686868686
2019-02-28 18:40:07,213 [MainThread  ][DEBUG]  Optimization method: Nelder-Mead
2019-02-28 18:40:07,213 [MainThread  ][DEBUG]  Optimization options: None
2019-02-28 18:40:07,214 [MainThread  ][INFO ]  Initial parameter values: [0.80264467 0.18434343 1.6849849 ]
2019-02-28 18:40:26,071 [MainThread  ][INFO ]  Final fidelity: 0.8912020641574956
2019-02-28 18:40:26,078 [MainThread  ][INFO ]  Final parameters: [ 4.99996282  0.21353796 -4.99973517]
2019-02-28 18:40:26,078 [MainThread  ][INFO ]  Fidelity: 0.8912020641574956
2019-02-28 18:40:26,078 [MainThread  ][INFO ]  ---- Starting iteration 16/100
2019-02-28 18:40:26,078 [MainThread  ][DEBUG]  Setting hyperparameter tf=0.3878787878787878
2019-02-28 18:40:26,078 [MainThread  ][INFO ]  Starting optimization for tf=0.3878787878787878
2019-02-28 18:40:26,078 [MainThread  ][DEBUG]  Optimization method: Nelder-Mead
2019-02-28 18:40:26,079 [MainThread  ][DEBUG]  Optimization options: None
2019-02-28 18:40:26,079 [MainThread  ][INFO ]  Initial parameter values: [0.96744906 0.19393939 1.66918215]
2019-02-28 18:40:47,661 [MainThread  ][INFO ]  Final fidelity: 0.8969494485507783
2019-02-28 18:40:47,670 [MainThread  ][INFO ]  Final parameters: [ 4.99999358  0.21825713 -4.68098505]
2019-02-28 18:40:47,670 [MainThread  ][INFO ]  Fidelity: 0.8969494485507783
2019-02-28 18:40:47,670 [MainThread  ][INFO ]  ---- Starting iteration 17/100
2019-02-28 18:40:47,670 [MainThread  ][DEBUG]  Setting hyperparameter tf=0.407070707070707
2019-02-28 18:40:47,670 [MainThread  ][INFO ]  Starting optimization for tf=0.407070707070707
2019-02-28 18:40:47,670 [MainThread  ][DEBUG]  Optimization method: Nelder-Mead
2019-02-28 18:40:47,670 [MainThread  ][DEBUG]  Optimization options: None
2019-02-28 18:40:47,671 [MainThread  ][INFO ]  Initial parameter values: [0.25099752 0.20353535 0.24282092]
2019-02-28 18:41:08,577 [MainThread  ][INFO ]  Final fidelity: 0.903713232795643
2019-02-28 18:41:08,592 [MainThread  ][INFO ]  Final parameters: [ 4.70556705  0.24426853 -4.99992689]
2019-02-28 18:41:08,592 [MainThread  ][INFO ]  Fidelity: 0.903713232795643
2019-02-28 18:41:08,592 [MainThread  ][INFO ]  ---- Starting iteration 18/100
2019-02-28 18:41:08,592 [MainThread  ][DEBUG]  Setting hyperparameter tf=0.42626262626262623
2019-02-28 18:41:08,593 [MainThread  ][INFO ]  Starting optimization for tf=0.42626262626262623
2019-02-28 18:41:08,593 [MainThread  ][DEBUG]  Optimization method: Nelder-Mead
2019-02-28 18:41:08,593 [MainThread  ][DEBUG]  Optimization options: None
2019-02-28 18:41:08,593 [MainThread  ][INFO ]  Initial parameter values: [1.18802199 0.21313131 0.76843772]
2019-02-28 18:41:19,300 [MainThread  ][INFO ]  Final fidelity: 0.9144251184350136
2019-02-28 18:41:19,304 [MainThread  ][INFO ]  Final parameters: [ 4.99998556  0.25103538 -4.97598173]
2019-02-28 18:41:19,304 [MainThread  ][INFO ]  Fidelity: 0.9144251184350136
2019-02-28 18:41:19,304 [MainThread  ][INFO ]  ---- Starting iteration 19/100
2019-02-28 18:41:19,304 [MainThread  ][DEBUG]  Setting hyperparameter tf=0.44545454545454544
2019-02-28 18:41:19,304 [MainThread  ][INFO ]  Starting optimization for tf=0.44545454545454544
2019-02-28 18:41:19,304 [MainThread  ][DEBUG]  Optimization method: Nelder-Mead
2019-02-28 18:41:19,304 [MainThread  ][DEBUG]  Optimization options: None
2019-02-28 18:41:19,305 [MainThread  ][INFO ]  Initial parameter values: [1.13504376 0.22272727 0.82135462]
2019-02-28 18:41:36,926 [MainThread  ][INFO ]  Final fidelity: 0.922281158479656
2019-02-28 18:41:36,927 [MainThread  ][INFO ]  Final parameters: [ 4.99998012  0.26365952 -4.97235635]
2019-02-28 18:41:36,927 [MainThread  ][INFO ]  Fidelity: 0.922281158479656
2019-02-28 18:41:36,927 [MainThread  ][INFO ]  ---- Starting iteration 20/100
2019-02-28 18:41:36,927 [MainThread  ][DEBUG]  Setting hyperparameter tf=0.46464646464646464
2019-02-28 18:41:36,927 [MainThread  ][INFO ]  Starting optimization for tf=0.46464646464646464
2019-02-28 18:41:36,927 [MainThread  ][DEBUG]  Optimization method: Nelder-Mead
2019-02-28 18:41:36,927 [MainThread  ][DEBUG]  Optimization options: None
2019-02-28 18:41:36,928 [MainThread  ][INFO ]  Initial parameter values: [0.003823   0.23232323 0.95875628]
2019-02-28 18:41:47,032 [MainThread  ][INFO ]  Final fidelity: 0.8214999148733196
2019-02-28 18:41:47,033 [MainThread  ][INFO ]  Final parameters: [7.90631454e-03 3.19887408e-05 5.01102776e-01]
2019-02-28 18:41:47,033 [MainThread  ][INFO ]  Fidelity: 0.8214999148733196
2019-02-28 18:41:47,033 [MainThread  ][INFO ]  ---- Starting iteration 21/100
2019-02-28 18:41:47,033 [MainThread  ][DEBUG]  Setting hyperparameter tf=0.48383838383838385
2019-02-28 18:41:47,033 [MainThread  ][INFO ]  Starting optimization for tf=0.48383838383838385
2019-02-28 18:41:47,033 [MainThread  ][DEBUG]  Optimization method: Nelder-Mead
2019-02-28 18:41:47,033 [MainThread  ][DEBUG]  Optimization options: None
2019-02-28 18:41:47,034 [MainThread  ][INFO ]  Initial parameter values: [1.73857004 0.24191919 1.79967   ]
2019-02-28 18:42:03,659 [MainThread  ][INFO ]  Final fidelity: 0.9372398486686021
2019-02-28 18:42:03,659 [MainThread  ][INFO ]  Final parameters: [ 4.99999961  0.29520771 -4.99997556]
2019-02-28 18:42:03,659 [MainThread  ][INFO ]  Fidelity: 0.9372398486686021
2019-02-28 18:42:03,659 [MainThread  ][INFO ]  ---- Starting iteration 22/100
2019-02-28 18:42:03,659 [MainThread  ][DEBUG]  Setting hyperparameter tf=0.503030303030303
2019-02-28 18:42:03,660 [MainThread  ][INFO ]  Starting optimization for tf=0.503030303030303
2019-02-28 18:42:03,660 [MainThread  ][DEBUG]  Optimization method: Nelder-Mead
2019-02-28 18:42:03,660 [MainThread  ][DEBUG]  Optimization options: None
2019-02-28 18:42:03,660 [MainThread  ][INFO ]  Initial parameter values: [1.39643688 0.25151515 1.42950348]
2019-02-28 18:42:24,031 [MainThread  ][INFO ]  Final fidelity: 0.945545228254555
2019-02-28 18:42:24,031 [MainThread  ][INFO ]  Final parameters: [ 4.99999734  0.30385767 -4.99480949]
2019-02-28 18:42:24,032 [MainThread  ][INFO ]  Fidelity: 0.945545228254555
2019-02-28 18:42:24,032 [MainThread  ][INFO ]  ---- Starting iteration 23/100
2019-02-28 18:42:24,032 [MainThread  ][DEBUG]  Setting hyperparameter tf=0.5222222222222221
2019-02-28 18:42:24,041 [MainThread  ][INFO ]  Starting optimization for tf=0.5222222222222221
2019-02-28 18:42:24,041 [MainThread  ][DEBUG]  Optimization method: Nelder-Mead
2019-02-28 18:42:24,041 [MainThread  ][DEBUG]  Optimization options: None
2019-02-28 18:42:24,041 [MainThread  ][INFO ]  Initial parameter values: [0.11665205 0.26111111 0.44415324]
2019-02-28 18:42:35,652 [MainThread  ][INFO ]  Final fidelity: 0.8248426894275558
2019-02-28 18:42:35,655 [MainThread  ][INFO ]  Final parameters: [1.86833444e-01 4.25224926e-06 5.09956538e-01]
2019-02-28 18:42:35,655 [MainThread  ][INFO ]  Fidelity: 0.8248426894275558
2019-02-28 18:42:35,655 [MainThread  ][INFO ]  ---- Starting iteration 24/100
2019-02-28 18:42:35,655 [MainThread  ][DEBUG]  Setting hyperparameter tf=0.5414141414141413
2019-02-28 18:42:35,655 [MainThread  ][INFO ]  Starting optimization for tf=0.5414141414141413
2019-02-28 18:42:35,655 [MainThread  ][DEBUG]  Optimization method: Nelder-Mead
2019-02-28 18:42:35,655 [MainThread  ][DEBUG]  Optimization options: None
2019-02-28 18:42:35,656 [MainThread  ][INFO ]  Initial parameter values: [1.6745729  0.27070707 0.0790151 ]
2019-02-28 18:43:03,006 [MainThread  ][INFO ]  Final fidelity: 0.9597603898936484
2019-02-28 18:43:03,013 [MainThread  ][INFO ]  Final parameters: [ 4.98381277  0.33269754 -4.99996782]
2019-02-28 18:43:03,013 [MainThread  ][INFO ]  Fidelity: 0.9597603898936484
2019-02-28 18:43:03,013 [MainThread  ][INFO ]  ---- Starting iteration 25/100
2019-02-28 18:43:03,014 [MainThread  ][DEBUG]  Setting hyperparameter tf=0.5606060606060606
2019-02-28 18:43:03,014 [MainThread  ][INFO ]  Starting optimization for tf=0.5606060606060606
2019-02-28 18:43:03,014 [MainThread  ][DEBUG]  Optimization method: Nelder-Mead
2019-02-28 18:43:03,014 [MainThread  ][DEBUG]  Optimization options: None
2019-02-28 18:43:03,014 [MainThread  ][INFO ]  Initial parameter values: [0.80246978 0.28030303 1.46151564]
2019-02-28 18:43:25,747 [MainThread  ][INFO ]  Final fidelity: 0.9666083733214565
2019-02-28 18:43:25,747 [MainThread  ][INFO ]  Final parameters: [ 4.99938128  0.34658484 -4.99983588]
2019-02-28 18:43:25,747 [MainThread  ][INFO ]  Fidelity: 0.9666083733214565
2019-02-28 18:43:25,747 [MainThread  ][INFO ]  ---- Starting iteration 26/100
2019-02-28 18:43:25,748 [MainThread  ][DEBUG]  Setting hyperparameter tf=0.5797979797979798
2019-02-28 18:43:25,748 [MainThread  ][INFO ]  Starting optimization for tf=0.5797979797979798
2019-02-28 18:43:25,748 [MainThread  ][DEBUG]  Optimization method: Nelder-Mead
2019-02-28 18:43:25,748 [MainThread  ][DEBUG]  Optimization options: None
2019-02-28 18:43:25,748 [MainThread  ][INFO ]  Initial parameter values: [0.96719978 0.28989899 0.39310293]
2019-02-28 18:43:38,281 [MainThread  ][INFO ]  Final fidelity: 0.9432766895342137
2019-02-28 18:43:38,284 [MainThread  ][INFO ]  Final parameters: [ 4.99998867  0.25475749 -2.12875859]
2019-02-28 18:43:38,285 [MainThread  ][INFO ]  Fidelity: 0.9432766895342137
2019-02-28 18:43:38,285 [MainThread  ][INFO ]  ---- Starting iteration 27/100
2019-02-28 18:43:38,285 [MainThread  ][DEBUG]  Setting hyperparameter tf=0.598989898989899
2019-02-28 18:43:38,285 [MainThread  ][INFO ]  Starting optimization for tf=0.598989898989899
2019-02-28 18:43:38,285 [MainThread  ][DEBUG]  Optimization method: Nelder-Mead
2019-02-28 18:43:38,285 [MainThread  ][DEBUG]  Optimization options: None
2019-02-28 18:43:38,285 [MainThread  ][INFO ]  Initial parameter values: [1.09132028 0.29949495 0.83182778]
2019-02-28 18:43:49,105 [MainThread  ][INFO ]  Final fidelity: 0.9574024074664927
2019-02-28 18:43:49,113 [MainThread  ][INFO ]  Final parameters: [ 3.55728569  0.41783182 -4.99996283]
2019-02-28 18:43:49,113 [MainThread  ][INFO ]  Fidelity: 0.9574024074664927
2019-02-28 18:43:49,113 [MainThread  ][INFO ]  ---- Starting iteration 28/100
2019-02-28 18:43:49,113 [MainThread  ][DEBUG]  Setting hyperparameter tf=0.6181818181818182
2019-02-28 18:43:49,113 [MainThread  ][INFO ]  Starting optimization for tf=0.6181818181818182
2019-02-28 18:43:49,114 [MainThread  ][DEBUG]  Optimization method: Nelder-Mead
2019-02-28 18:43:49,114 [MainThread  ][DEBUG]  Optimization options: None
2019-02-28 18:43:49,114 [MainThread  ][INFO ]  Initial parameter values: [0.42796272 0.30909091 1.67944761]
2019-02-28 18:44:26,862 [MainThread  ][INFO ]  Final fidelity: 0.9836352711944368
2019-02-28 18:44:26,862 [MainThread  ][INFO ]  Final parameters: [ 4.99660437  0.39019577 -4.99990198]
2019-02-28 18:44:26,862 [MainThread  ][INFO ]  Fidelity: 0.9836352711944368
2019-02-28 18:44:26,862 [MainThread  ][INFO ]  ---- Starting iteration 29/100
2019-02-28 18:44:26,863 [MainThread  ][DEBUG]  Setting hyperparameter tf=0.6373737373737373
2019-02-28 18:44:26,863 [MainThread  ][INFO ]  Starting optimization for tf=0.6373737373737373
2019-02-28 18:44:26,863 [MainThread  ][DEBUG]  Optimization method: Nelder-Mead
2019-02-28 18:44:26,863 [MainThread  ][DEBUG]  Optimization options: None
2019-02-28 18:44:26,863 [MainThread  ][INFO ]  Initial parameter values: [0.78584502 0.31868687 0.4737362 ]
2019-02-28 18:44:40,755 [MainThread  ][INFO ]  Final fidelity: 0.9753746263781322
2019-02-28 18:44:40,755 [MainThread  ][INFO ]  Final parameters: [ 4.99997896  0.33781946 -3.07901815]
2019-02-28 18:44:40,755 [MainThread  ][INFO ]  Fidelity: 0.9753746263781322
2019-02-28 18:44:40,755 [MainThread  ][INFO ]  ---- Starting iteration 30/100
2019-02-28 18:44:40,756 [MainThread  ][DEBUG]  Setting hyperparameter tf=0.6565656565656565
2019-02-28 18:44:40,756 [MainThread  ][INFO ]  Starting optimization for tf=0.6565656565656565
2019-02-28 18:44:40,756 [MainThread  ][DEBUG]  Optimization method: Nelder-Mead
2019-02-28 18:44:40,756 [MainThread  ][DEBUG]  Optimization options: None
2019-02-28 18:44:40,756 [MainThread  ][INFO ]  Initial parameter values: [1.60687753 0.32828283 1.14331605]
2019-02-28 18:45:04,278 [MainThread  ][INFO ]  Final fidelity: 0.9917964752416576
2019-02-28 18:45:04,278 [MainThread  ][INFO ]  Final parameters: [ 4.98738661  0.41989949 -4.99999835]
2019-02-28 18:45:04,279 [MainThread  ][INFO ]  Fidelity: 0.9917964752416576
2019-02-28 18:45:04,279 [MainThread  ][INFO ]  ---- Starting iteration 31/100
2019-02-28 18:45:04,279 [MainThread  ][DEBUG]  Setting hyperparameter tf=0.6757575757575757
2019-02-28 18:45:04,279 [MainThread  ][INFO ]  Starting optimization for tf=0.6757575757575757
2019-02-28 18:45:04,279 [MainThread  ][DEBUG]  Optimization method: Nelder-Mead
2019-02-28 18:45:04,279 [MainThread  ][DEBUG]  Optimization options: None
2019-02-28 18:45:04,279 [MainThread  ][INFO ]  Initial parameter values: [1.2352991  0.33787879 1.2533303 ]
2019-02-28 18:45:23,073 [MainThread  ][INFO ]  Final fidelity: 0.9948658121808379
2019-02-28 18:45:23,082 [MainThread  ][INFO ]  Final parameters: [ 4.99996381  0.43559251 -4.99990527]
2019-02-28 18:45:23,082 [MainThread  ][INFO ]  Fidelity: 0.9948658121808379
2019-02-28 18:45:23,082 [MainThread  ][INFO ]  ---- Starting iteration 32/100
2019-02-28 18:45:23,082 [MainThread  ][DEBUG]  Setting hyperparameter tf=0.6949494949494949
2019-02-28 18:45:23,082 [MainThread  ][INFO ]  Starting optimization for tf=0.6949494949494949
2019-02-28 18:45:23,082 [MainThread  ][DEBUG]  Optimization method: Nelder-Mead
2019-02-28 18:45:23,082 [MainThread  ][DEBUG]  Optimization options: None
2019-02-28 18:45:23,082 [MainThread  ][INFO ]  Initial parameter values: [1.28349525 0.34747475 1.33498749]
2019-02-28 18:45:39,145 [MainThread  ][INFO ]  Final fidelity: 0.9970059039388585
2019-02-28 18:45:39,145 [MainThread  ][INFO ]  Final parameters: [ 4.99999605  0.45076253 -4.99882773]
2019-02-28 18:45:39,146 [MainThread  ][INFO ]  Fidelity: 0.9970059039388585
2019-02-28 18:45:39,146 [MainThread  ][INFO ]  ---- Starting iteration 33/100
2019-02-28 18:45:39,146 [MainThread  ][DEBUG]  Setting hyperparameter tf=0.7141414141414141
2019-02-28 18:45:39,146 [MainThread  ][INFO ]  Starting optimization for tf=0.7141414141414141
2019-02-28 18:45:39,146 [MainThread  ][DEBUG]  Optimization method: Nelder-Mead
2019-02-28 18:45:39,146 [MainThread  ][DEBUG]  Optimization options: None
2019-02-28 18:45:39,146 [MainThread  ][INFO ]  Initial parameter values: [0.41693249 0.35707071 0.63266469]
2019-02-28 18:45:56,866 [MainThread  ][INFO ]  Final fidelity: 0.9980808917236006
2019-02-28 18:45:56,867 [MainThread  ][INFO ]  Final parameters: [ 4.99997314  0.46043331 -4.81005964]
2019-02-28 18:45:56,867 [MainThread  ][INFO ]  Fidelity: 0.9980808917236006
2019-02-28 18:45:56,867 [MainThread  ][INFO ]  ---- Starting iteration 34/100
2019-02-28 18:45:56,867 [MainThread  ][DEBUG]  Setting hyperparameter tf=0.7333333333333333
2019-02-28 18:45:56,867 [MainThread  ][INFO ]  Starting optimization for tf=0.7333333333333333
2019-02-28 18:45:56,867 [MainThread  ][DEBUG]  Optimization method: Nelder-Mead
2019-02-28 18:45:56,867 [MainThread  ][DEBUG]  Optimization options: None
2019-02-28 18:45:56,868 [MainThread  ][INFO ]  Initial parameter values: [0.79034129 0.36666667 1.43967611]
2019-02-28 18:46:28,276 [MainThread  ][INFO ]  Final fidelity: 0.9977609436216492
2019-02-28 18:46:28,280 [MainThread  ][INFO ]  Final parameters: [ 4.999971    0.4377312  -3.79095733]
2019-02-28 18:46:28,280 [MainThread  ][INFO ]  Fidelity: 0.9977609436216492
2019-02-28 18:46:28,280 [MainThread  ][INFO ]  ---- Starting iteration 35/100
2019-02-28 18:46:28,280 [MainThread  ][DEBUG]  Setting hyperparameter tf=0.7525252525252525
2019-02-28 18:46:28,280 [MainThread  ][INFO ]  Starting optimization for tf=0.7525252525252525
2019-02-28 18:46:28,280 [MainThread  ][DEBUG]  Optimization method: Nelder-Mead
2019-02-28 18:46:28,280 [MainThread  ][DEBUG]  Optimization options: None
2019-02-28 18:46:28,281 [MainThread  ][INFO ]  Initial parameter values: [1.39398404 0.37626263 0.48435727]
2019-02-28 18:47:53,821 [MainThread  ][INFO ]  Final fidelity: 0.9986365589342187
2019-02-28 18:47:53,825 [MainThread  ][INFO ]  Final parameters: [ 4.85510798  0.47656576 -4.26331072]
2019-02-28 18:47:53,825 [MainThread  ][INFO ]  Fidelity: 0.9986365589342187
2019-02-28 18:47:53,825 [MainThread  ][INFO ]  ---- Starting iteration 36/100
2019-02-28 18:47:53,825 [MainThread  ][DEBUG]  Setting hyperparameter tf=0.7717171717171717
2019-02-28 18:47:53,825 [MainThread  ][INFO ]  Starting optimization for tf=0.7717171717171717
2019-02-28 18:47:53,825 [MainThread  ][DEBUG]  Optimization method: Nelder-Mead
2019-02-28 18:47:53,825 [MainThread  ][DEBUG]  Optimization options: None
2019-02-28 18:47:53,826 [MainThread  ][INFO ]  Initial parameter values: [0.15625202 0.38585859 1.83153407]
2019-02-28 18:48:11,919 [MainThread  ][INFO ]  Final fidelity: 0.8533350418066274
2019-02-28 18:48:11,920 [MainThread  ][INFO ]  Final parameters: [ 0.40835684  0.73752348 -4.99986191]
2019-02-28 18:48:11,933 [MainThread  ][INFO ]  Fidelity: 0.8533350418066274
2019-02-28 18:48:11,933 [MainThread  ][INFO ]  ---- Starting iteration 37/100
2019-02-28 18:48:11,933 [MainThread  ][DEBUG]  Setting hyperparameter tf=0.7909090909090909
2019-02-28 18:48:11,933 [MainThread  ][INFO ]  Starting optimization for tf=0.7909090909090909
2019-02-28 18:48:11,933 [MainThread  ][DEBUG]  Optimization method: Nelder-Mead
2019-02-28 18:48:11,933 [MainThread  ][DEBUG]  Optimization options: None
2019-02-28 18:48:11,934 [MainThread  ][INFO ]  Initial parameter values: [0.00147214 0.39545455 1.2648398 ]
2019-02-28 18:48:38,467 [MainThread  ][INFO ]  Final fidelity: 0.8448110697556552
2019-02-28 18:48:38,476 [MainThread  ][INFO ]  Final parameters: [2.88473653e-03 2.21522030e-07 5.22830742e-01]
2019-02-28 18:48:38,476 [MainThread  ][INFO ]  Fidelity: 0.8448110697556552
2019-02-28 18:48:38,476 [MainThread  ][INFO ]  ---- Starting iteration 38/100
2019-02-28 18:48:38,477 [MainThread  ][DEBUG]  Setting hyperparameter tf=0.81010101010101
2019-02-28 18:48:38,477 [MainThread  ][INFO ]  Starting optimization for tf=0.81010101010101
2019-02-28 18:48:38,477 [MainThread  ][DEBUG]  Optimization method: Nelder-Mead
2019-02-28 18:48:38,477 [MainThread  ][DEBUG]  Optimization options: None
2019-02-28 18:48:38,477 [MainThread  ][INFO ]  Initial parameter values: [1.31308891 0.40505051 1.64607303]
2019-02-28 18:49:09,808 [MainThread  ][INFO ]  Final fidelity: 0.9987609755647509
2019-02-28 18:49:09,809 [MainThread  ][INFO ]  Final parameters: [ 3.75467931  0.58543912 -4.9121418 ]
2019-02-28 18:49:09,809 [MainThread  ][INFO ]  Fidelity: 0.9987609755647509
2019-02-28 18:49:09,809 [MainThread  ][INFO ]  ---- Starting iteration 39/100
2019-02-28 18:49:09,809 [MainThread  ][DEBUG]  Setting hyperparameter tf=0.8292929292929292
2019-02-28 18:49:09,809 [MainThread  ][INFO ]  Starting optimization for tf=0.8292929292929292
2019-02-28 18:49:09,809 [MainThread  ][DEBUG]  Optimization method: Nelder-Mead
2019-02-28 18:49:09,809 [MainThread  ][DEBUG]  Optimization options: None
2019-02-28 18:49:09,809 [MainThread  ][INFO ]  Initial parameter values: [1.77702319 0.41464646 0.49517891]
2019-02-28 18:49:39,567 [MainThread  ][INFO ]  Final fidelity: 0.9988042245998126
2019-02-28 18:49:39,577 [MainThread  ][INFO ]  Final parameters: [ 4.93050716  0.42335459 -2.26791154]
2019-02-28 18:49:39,577 [MainThread  ][INFO ]  Fidelity: 0.9988042245998126
2019-02-28 18:49:39,577 [MainThread  ][INFO ]  ---- Starting iteration 40/100
2019-02-28 18:49:39,577 [MainThread  ][DEBUG]  Setting hyperparameter tf=0.8484848484848484
2019-02-28 18:49:39,577 [MainThread  ][INFO ]  Starting optimization for tf=0.8484848484848484
2019-02-28 18:49:39,577 [MainThread  ][DEBUG]  Optimization method: Nelder-Mead
2019-02-28 18:49:39,577 [MainThread  ][DEBUG]  Optimization options: None
2019-02-28 18:49:39,577 [MainThread  ][INFO ]  Initial parameter values: [1.17558748 0.42424242 0.3980014 ]
2019-02-28 18:50:03,508 [MainThread  ][INFO ]  Final fidelity: 0.9988308089166797
2019-02-28 18:50:03,517 [MainThread  ][INFO ]  Final parameters: [ 4.61465009  0.44417403 -2.20000628]
2019-02-28 18:50:03,517 [MainThread  ][INFO ]  Fidelity: 0.9988308089166797
2019-02-28 18:50:03,517 [MainThread  ][INFO ]  ---- Starting iteration 41/100
2019-02-28 18:50:03,517 [MainThread  ][DEBUG]  Setting hyperparameter tf=0.8676767676767676
2019-02-28 18:50:03,517 [MainThread  ][INFO ]  Starting optimization for tf=0.8676767676767676
2019-02-28 18:50:03,517 [MainThread  ][DEBUG]  Optimization method: Nelder-Mead
2019-02-28 18:50:03,517 [MainThread  ][DEBUG]  Optimization options: None
2019-02-28 18:50:03,518 [MainThread  ][INFO ]  Initial parameter values: [1.18411351 0.43383838 0.54787998]
2019-02-28 18:50:30,540 [MainThread  ][INFO ]  Final fidelity: 0.9988548668650951
2019-02-28 18:50:30,543 [MainThread  ][INFO ]  Final parameters: [ 3.97029813  0.5117922  -2.52210252]
2019-02-28 18:50:30,543 [MainThread  ][INFO ]  Fidelity: 0.9988548668650951
2019-02-28 18:50:30,543 [MainThread  ][INFO ]  ---- Starting iteration 42/100
2019-02-28 18:50:30,543 [MainThread  ][DEBUG]  Setting hyperparameter tf=0.8868686868686868
2019-02-28 18:50:30,544 [MainThread  ][INFO ]  Starting optimization for tf=0.8868686868686868
2019-02-28 18:50:30,544 [MainThread  ][DEBUG]  Optimization method: Nelder-Mead
2019-02-28 18:50:30,544 [MainThread  ][DEBUG]  Optimization options: None
2019-02-28 18:50:30,545 [MainThread  ][INFO ]  Initial parameter values: [1.57936724 0.44343434 1.68916018]
2019-02-28 18:51:06,746 [MainThread  ][INFO ]  Final fidelity: 0.998880075613224
2019-02-28 18:51:06,760 [MainThread  ][INFO ]  Final parameters: [ 3.45987775  0.58345258 -2.99821791]
2019-02-28 18:51:06,760 [MainThread  ][INFO ]  Fidelity: 0.998880075613224
2019-02-28 18:51:06,760 [MainThread  ][INFO ]  ---- Starting iteration 43/100
2019-02-28 18:51:06,760 [MainThread  ][DEBUG]  Setting hyperparameter tf=0.906060606060606
2019-02-28 18:51:06,760 [MainThread  ][INFO ]  Starting optimization for tf=0.906060606060606
2019-02-28 18:51:06,760 [MainThread  ][DEBUG]  Optimization method: Nelder-Mead
2019-02-28 18:51:06,761 [MainThread  ][DEBUG]  Optimization options: None
2019-02-28 18:51:06,761 [MainThread  ][INFO ]  Initial parameter values: [1.09196861 0.4530303  1.55673666]
2019-02-28 18:51:33,521 [MainThread  ][INFO ]  Final fidelity: 0.9988984324231398
2019-02-28 18:51:33,522 [MainThread  ][INFO ]  Final parameters: [ 2.84008223  0.71344315 -4.99825535]
2019-02-28 18:51:33,522 [MainThread  ][INFO ]  Fidelity: 0.9988984324231398
2019-02-28 18:51:33,522 [MainThread  ][INFO ]  ---- Starting iteration 44/100
2019-02-28 18:51:33,522 [MainThread  ][DEBUG]  Setting hyperparameter tf=0.9252525252525252
2019-02-28 18:51:33,522 [MainThread  ][INFO ]  Starting optimization for tf=0.9252525252525252
2019-02-28 18:51:33,522 [MainThread  ][DEBUG]  Optimization method: Nelder-Mead
2019-02-28 18:51:33,523 [MainThread  ][DEBUG]  Optimization options: None
2019-02-28 18:51:33,523 [MainThread  ][INFO ]  Initial parameter values: [1.03931189 0.46262626 0.5285139 ]
2019-02-28 18:52:00,375 [MainThread  ][INFO ]  Final fidelity: 0.9989184386502893
2019-02-28 18:52:00,391 [MainThread  ][INFO ]  Final parameters: [ 3.45078122  0.55924392 -2.19011811]
2019-02-28 18:52:00,391 [MainThread  ][INFO ]  Fidelity: 0.9989184386502893
2019-02-28 18:52:00,391 [MainThread  ][INFO ]  ---- Starting iteration 45/100
2019-02-28 18:52:00,391 [MainThread  ][DEBUG]  Setting hyperparameter tf=0.9444444444444443
2019-02-28 18:52:00,391 [MainThread  ][INFO ]  Starting optimization for tf=0.9444444444444443
2019-02-28 18:52:00,391 [MainThread  ][DEBUG]  Optimization method: Nelder-Mead
2019-02-28 18:52:00,391 [MainThread  ][DEBUG]  Optimization options: None
2019-02-28 18:52:00,392 [MainThread  ][INFO ]  Initial parameter values: [0.36684967 0.47222222 0.12257276]
2019-02-28 18:52:44,214 [MainThread  ][INFO ]  Final fidelity: 0.9989276722822047
2019-02-28 18:52:44,235 [MainThread  ][INFO ]  Final parameters: [ 4.31930901  0.42451228 -1.24621494]
2019-02-28 18:52:44,235 [MainThread  ][INFO ]  Fidelity: 0.9989276722822047
2019-02-28 18:52:44,235 [MainThread  ][INFO ]  ---- Starting iteration 46/100
2019-02-28 18:52:44,235 [MainThread  ][DEBUG]  Setting hyperparameter tf=0.9636363636363635
2019-02-28 18:52:44,235 [MainThread  ][INFO ]  Starting optimization for tf=0.9636363636363635
2019-02-28 18:52:44,235 [MainThread  ][DEBUG]  Optimization method: Nelder-Mead
2019-02-28 18:52:44,235 [MainThread  ][DEBUG]  Optimization options: None
2019-02-28 18:52:44,235 [MainThread  ][INFO ]  Initial parameter values: [0.66591407 0.48181818 0.58867289]
2019-02-28 18:53:08,754 [MainThread  ][INFO ]  Final fidelity: 0.9989541135828246
2019-02-28 18:53:08,763 [MainThread  ][INFO ]  Final parameters: [ 2.81890062  0.67681051 -2.83094712]
2019-02-28 18:53:08,763 [MainThread  ][INFO ]  Fidelity: 0.9989541135828246
2019-02-28 18:53:08,763 [MainThread  ][INFO ]  ---- Starting iteration 47/100
2019-02-28 18:53:08,763 [MainThread  ][DEBUG]  Setting hyperparameter tf=0.9828282828282827
2019-02-28 18:53:08,763 [MainThread  ][INFO ]  Starting optimization for tf=0.9828282828282827
2019-02-28 18:53:08,763 [MainThread  ][DEBUG]  Optimization method: Nelder-Mead
2019-02-28 18:53:08,763 [MainThread  ][DEBUG]  Optimization options: None
2019-02-28 18:53:08,764 [MainThread  ][INFO ]  Initial parameter values: [0.94276326 0.49141414 1.27562395]
2019-02-28 18:53:34,546 [MainThread  ][INFO ]  Final fidelity: 0.9989761180525584
2019-02-28 18:53:34,546 [MainThread  ][INFO ]  Final parameters: [ 2.45735757  0.78043823 -4.2096688 ]
2019-02-28 18:53:34,547 [MainThread  ][INFO ]  Fidelity: 0.9989761180525584
2019-02-28 18:53:34,547 [MainThread  ][INFO ]  ---- Starting iteration 48/100
2019-02-28 18:53:34,547 [MainThread  ][DEBUG]  Setting hyperparameter tf=1.002020202020202
2019-02-28 18:53:34,547 [MainThread  ][INFO ]  Starting optimization for tf=1.002020202020202
2019-02-28 18:53:34,547 [MainThread  ][DEBUG]  Optimization method: Nelder-Mead
2019-02-28 18:53:34,547 [MainThread  ][DEBUG]  Optimization options: None
2019-02-28 18:53:34,547 [MainThread  ][INFO ]  Initial parameter values: [1.12393948 0.5010101  1.36306974]
2019-02-28 18:54:04,979 [MainThread  ][INFO ]  Final fidelity: 0.9989856392905225
2019-02-28 18:54:04,980 [MainThread  ][INFO ]  Final parameters: [ 2.51996068  0.74008824 -2.9789395 ]
2019-02-28 18:54:04,980 [MainThread  ][INFO ]  Fidelity: 0.9989856392905225
2019-02-28 18:54:04,980 [MainThread  ][INFO ]  ---- Starting iteration 49/100
2019-02-28 18:54:04,989 [MainThread  ][DEBUG]  Setting hyperparameter tf=1.0212121212121212
2019-02-28 18:54:04,989 [MainThread  ][INFO ]  Starting optimization for tf=1.0212121212121212
2019-02-28 18:54:04,989 [MainThread  ][DEBUG]  Optimization method: Nelder-Mead
2019-02-28 18:54:04,989 [MainThread  ][DEBUG]  Optimization options: None
2019-02-28 18:54:04,989 [MainThread  ][INFO ]  Initial parameter values: [0.69415357 0.51060606 0.50828192]
2019-02-28 18:54:33,304 [MainThread  ][INFO ]  Final fidelity: 0.9989891507024199
2019-02-28 18:54:33,304 [MainThread  ][INFO ]  Final parameters: [ 2.73048612  0.65933906 -1.87695218]
2019-02-28 18:54:33,304 [MainThread  ][INFO ]  Fidelity: 0.9989891507024199
2019-02-28 18:54:33,305 [MainThread  ][INFO ]  ---- Starting iteration 50/100
2019-02-28 18:54:33,305 [MainThread  ][DEBUG]  Setting hyperparameter tf=1.0404040404040404
2019-02-28 18:54:33,305 [MainThread  ][INFO ]  Starting optimization for tf=1.0404040404040404
2019-02-28 18:54:33,305 [MainThread  ][DEBUG]  Optimization method: Nelder-Mead
2019-02-28 18:54:33,305 [MainThread  ][DEBUG]  Optimization options: None
2019-02-28 18:54:33,305 [MainThread  ][INFO ]  Initial parameter values: [1.80238239 0.52020202 1.57299444]
2019-02-28 18:55:00,250 [MainThread  ][INFO ]  Final fidelity: 0.9990035237220427
2019-02-28 18:55:00,253 [MainThread  ][INFO ]  Final parameters: [ 2.50530891  0.7165619  -2.12006505]
2019-02-28 18:55:00,253 [MainThread  ][INFO ]  Fidelity: 0.9990035237220427
2019-02-28 18:55:00,253 [MainThread  ][INFO ]  ---- Starting iteration 51/100
2019-02-28 18:55:00,254 [MainThread  ][DEBUG]  Setting hyperparameter tf=1.0595959595959596
2019-02-28 18:55:00,254 [MainThread  ][INFO ]  Starting optimization for tf=1.0595959595959596
2019-02-28 18:55:00,254 [MainThread  ][DEBUG]  Optimization method: Nelder-Mead
2019-02-28 18:55:00,254 [MainThread  ][DEBUG]  Optimization options: None
2019-02-28 18:55:00,254 [MainThread  ][INFO ]  Initial parameter values: [0.91520889 0.52979798 0.78506346]
2019-02-28 18:55:23,091 [MainThread  ][INFO ]  Final fidelity: 0.9990202676477168
2019-02-28 18:55:23,100 [MainThread  ][INFO ]  Final parameters: [ 2.24553346  0.80313052 -2.79363667]
2019-02-28 18:55:23,100 [MainThread  ][INFO ]  Fidelity: 0.9990202676477168
2019-02-28 18:55:23,100 [MainThread  ][INFO ]  ---- Starting iteration 52/100
2019-02-28 18:55:23,101 [MainThread  ][DEBUG]  Setting hyperparameter tf=1.0787878787878789
2019-02-28 18:55:23,101 [MainThread  ][INFO ]  Starting optimization for tf=1.0787878787878789
2019-02-28 18:55:23,101 [MainThread  ][DEBUG]  Optimization method: Nelder-Mead
2019-02-28 18:55:23,101 [MainThread  ][DEBUG]  Optimization options: None
2019-02-28 18:55:23,101 [MainThread  ][INFO ]  Initial parameter values: [0.74210453 0.53939394 1.94328191]
2019-02-28 18:55:54,661 [MainThread  ][INFO ]  Final fidelity: 0.9990411587174978
2019-02-28 18:55:54,671 [MainThread  ][INFO ]  Final parameters: [ 1.9827043   0.92118396 -4.88160987]
2019-02-28 18:55:54,671 [MainThread  ][INFO ]  Fidelity: 0.9990411587174978
2019-02-28 18:55:54,671 [MainThread  ][INFO ]  ---- Starting iteration 53/100
2019-02-28 18:55:54,671 [MainThread  ][DEBUG]  Setting hyperparameter tf=1.097979797979798
2019-02-28 18:55:54,671 [MainThread  ][INFO ]  Starting optimization for tf=1.097979797979798
2019-02-28 18:55:54,671 [MainThread  ][DEBUG]  Optimization method: Nelder-Mead
2019-02-28 18:55:54,671 [MainThread  ][DEBUG]  Optimization options: None
2019-02-28 18:55:54,671 [MainThread  ][INFO ]  Initial parameter values: [0.50293856 0.5489899  1.03544459]
2019-02-28 18:56:16,720 [MainThread  ][INFO ]  Final fidelity: 0.998118011536033
2019-02-28 18:56:16,728 [MainThread  ][INFO ]  Final parameters: [ 1.76037375  0.95756092 -4.99998945]
2019-02-28 18:56:16,728 [MainThread  ][INFO ]  Fidelity: 0.998118011536033
2019-02-28 18:56:16,729 [MainThread  ][INFO ]  ---- Starting iteration 54/100
2019-02-28 18:56:16,729 [MainThread  ][DEBUG]  Setting hyperparameter tf=1.1171717171717173
2019-02-28 18:56:16,729 [MainThread  ][INFO ]  Starting optimization for tf=1.1171717171717173
2019-02-28 18:56:16,729 [MainThread  ][DEBUG]  Optimization method: Nelder-Mead
2019-02-28 18:56:16,729 [MainThread  ][DEBUG]  Optimization options: None
2019-02-28 18:56:16,729 [MainThread  ][INFO ]  Initial parameter values: [0.74724273 0.55858586 1.56584572]
2019-02-28 18:56:41,405 [MainThread  ][INFO ]  Final fidelity: 0.9990565987017598
2019-02-28 18:56:41,405 [MainThread  ][INFO ]  Final parameters: [ 1.92720335  0.91973921 -3.53497377]
2019-02-28 18:56:41,405 [MainThread  ][INFO ]  Fidelity: 0.9990565987017598
2019-02-28 18:56:41,405 [MainThread  ][INFO ]  ---- Starting iteration 55/100
2019-02-28 18:56:41,405 [MainThread  ][DEBUG]  Setting hyperparameter tf=1.1363636363636365
2019-02-28 18:56:41,405 [MainThread  ][INFO ]  Starting optimization for tf=1.1363636363636365
2019-02-28 18:56:41,405 [MainThread  ][DEBUG]  Optimization method: Nelder-Mead
2019-02-28 18:56:41,406 [MainThread  ][DEBUG]  Optimization options: None
2019-02-28 18:56:41,406 [MainThread  ][INFO ]  Initial parameter values: [1.55999487 0.56818182 1.23937543]
2019-02-28 18:57:11,538 [MainThread  ][INFO ]  Final fidelity: 0.9990540379558234
2019-02-28 18:57:11,539 [MainThread  ][INFO ]  Final parameters: [ 2.00106545  0.86035176 -2.24322519]
2019-02-28 18:57:11,539 [MainThread  ][INFO ]  Fidelity: 0.9990540379558234
2019-02-28 18:57:11,539 [MainThread  ][INFO ]  ---- Starting iteration 56/100
2019-02-28 18:57:11,539 [MainThread  ][DEBUG]  Setting hyperparameter tf=1.1555555555555557
2019-02-28 18:57:11,539 [MainThread  ][INFO ]  Starting optimization for tf=1.1555555555555557
2019-02-28 18:57:11,539 [MainThread  ][DEBUG]  Optimization method: Nelder-Mead
2019-02-28 18:57:11,539 [MainThread  ][DEBUG]  Optimization options: None
2019-02-28 18:57:11,540 [MainThread  ][INFO ]  Initial parameter values: [0.80320033 0.57777778 0.35585793]
2019-02-28 18:57:34,745 [MainThread  ][INFO ]  Final fidelity: 0.9990397087065179
2019-02-28 18:57:34,746 [MainThread  ][INFO ]  Final parameters: [ 2.4351352   0.65958584 -0.86537193]
2019-02-28 18:57:34,746 [MainThread  ][INFO ]  Fidelity: 0.9990397087065179
2019-02-28 18:57:34,746 [MainThread  ][INFO ]  ---- Starting iteration 57/100
2019-02-28 18:57:34,746 [MainThread  ][DEBUG]  Setting hyperparameter tf=1.1747474747474747
2019-02-28 18:57:34,746 [MainThread  ][INFO ]  Starting optimization for tf=1.1747474747474747
2019-02-28 18:57:34,746 [MainThread  ][DEBUG]  Optimization method: Nelder-Mead
2019-02-28 18:57:34,746 [MainThread  ][DEBUG]  Optimization options: None
2019-02-28 18:57:34,746 [MainThread  ][INFO ]  Initial parameter values: [1.7546815  0.58737374 0.30463365]
2019-02-28 18:57:59,708 [MainThread  ][INFO ]  Final fidelity: 0.999032859335265
2019-02-28 18:57:59,713 [MainThread  ][INFO ]  Final parameters: [ 4.14929548  0.34357425 -0.16016257]
2019-02-28 18:57:59,713 [MainThread  ][INFO ]  Fidelity: 0.999032859335265
2019-02-28 18:57:59,713 [MainThread  ][INFO ]  ---- Starting iteration 58/100
2019-02-28 18:57:59,713 [MainThread  ][DEBUG]  Setting hyperparameter tf=1.1939393939393939
2019-02-28 18:57:59,714 [MainThread  ][INFO ]  Starting optimization for tf=1.1939393939393939
2019-02-28 18:57:59,714 [MainThread  ][DEBUG]  Optimization method: Nelder-Mead
2019-02-28 18:57:59,714 [MainThread  ][DEBUG]  Optimization options: None
2019-02-28 18:57:59,714 [MainThread  ][INFO ]  Initial parameter values: [0.32808963 0.5969697  0.29592451]
2019-02-28 18:58:26,351 [MainThread  ][INFO ]  Final fidelity: 0.9990411209133249
2019-02-28 18:58:26,358 [MainThread  ][INFO ]  Final parameters: [ 3.11663126  0.46922303 -0.28492899]
2019-02-28 18:58:26,358 [MainThread  ][INFO ]  Fidelity: 0.9990411209133249
2019-02-28 18:58:26,358 [MainThread  ][INFO ]  ---- Starting iteration 59/100
2019-02-28 18:58:26,358 [MainThread  ][DEBUG]  Setting hyperparameter tf=1.213131313131313
2019-02-28 18:58:26,358 [MainThread  ][INFO ]  Starting optimization for tf=1.213131313131313
2019-02-28 18:58:26,358 [MainThread  ][DEBUG]  Optimization method: Nelder-Mead
2019-02-28 18:58:26,358 [MainThread  ][DEBUG]  Optimization options: None
2019-02-28 18:58:26,358 [MainThread  ][INFO ]  Initial parameter values: [0.95045813 0.60656566 0.00438116]
2019-02-28 18:58:48,243 [MainThread  ][INFO ]  Final fidelity: 0.9990369690720925
2019-02-28 18:58:48,253 [MainThread  ][INFO ]  Final parameters: [4.99995394 0.26554204 0.00526148]
2019-02-28 18:58:48,253 [MainThread  ][INFO ]  Fidelity: 0.9990369690720925
2019-02-28 18:58:48,253 [MainThread  ][INFO ]  ---- Starting iteration 60/100
2019-02-28 18:58:48,253 [MainThread  ][DEBUG]  Setting hyperparameter tf=1.2323232323232323
2019-02-28 18:58:48,254 [MainThread  ][INFO ]  Starting optimization for tf=1.2323232323232323
2019-02-28 18:58:48,254 [MainThread  ][DEBUG]  Optimization method: Nelder-Mead
2019-02-28 18:58:48,254 [MainThread  ][DEBUG]  Optimization options: None
2019-02-28 18:58:48,254 [MainThread  ][INFO ]  Initial parameter values: [1.71159502 0.61616162 1.9948676 ]
2019-02-28 18:59:14,161 [MainThread  ][INFO ]  Final fidelity: 0.9990623564144652
2019-02-28 18:59:14,161 [MainThread  ][INFO ]  Final parameters: [ 2.28297904  0.66184974 -0.52681176]
2019-02-28 18:59:14,161 [MainThread  ][INFO ]  Fidelity: 0.9990623564144652
2019-02-28 18:59:14,162 [MainThread  ][INFO ]  ---- Starting iteration 61/100
2019-02-28 18:59:14,162 [MainThread  ][DEBUG]  Setting hyperparameter tf=1.2515151515151515
2019-02-28 18:59:14,162 [MainThread  ][INFO ]  Starting optimization for tf=1.2515151515151515
2019-02-28 18:59:14,162 [MainThread  ][DEBUG]  Optimization method: Nelder-Mead
2019-02-28 18:59:14,162 [MainThread  ][DEBUG]  Optimization options: None
2019-02-28 18:59:14,162 [MainThread  ][INFO ]  Initial parameter values: [1.31881702 0.62575758 1.68408956]
2019-02-28 18:59:49,236 [MainThread  ][INFO ]  Final fidelity: 0.9991142319727859
2019-02-28 18:59:49,238 [MainThread  ][INFO ]  Final parameters: [ 1.55510305  1.084274   -3.54031844]
2019-02-28 18:59:49,238 [MainThread  ][INFO ]  Fidelity: 0.9991142319727859
2019-02-28 18:59:49,238 [MainThread  ][INFO ]  ---- Starting iteration 62/100
2019-02-28 18:59:49,238 [MainThread  ][DEBUG]  Setting hyperparameter tf=1.2707070707070707
2019-02-28 18:59:49,238 [MainThread  ][INFO ]  Starting optimization for tf=1.2707070707070707
2019-02-28 18:59:49,238 [MainThread  ][DEBUG]  Optimization method: Nelder-Mead
2019-02-28 18:59:49,238 [MainThread  ][DEBUG]  Optimization options: None
2019-02-28 18:59:49,239 [MainThread  ][INFO ]  Initial parameter values: [1.30848157 0.63535354 1.59244236]
2019-02-28 19:00:22,392 [MainThread  ][INFO ]  Final fidelity: 0.9991116456021341
2019-02-28 19:00:22,406 [MainThread  ][INFO ]  Final parameters: [ 1.57347543  1.04923616 -2.42118014]
2019-02-28 19:00:22,406 [MainThread  ][INFO ]  Fidelity: 0.9991116456021341
2019-02-28 19:00:22,406 [MainThread  ][INFO ]  ---- Starting iteration 63/100
2019-02-28 19:00:22,407 [MainThread  ][DEBUG]  Setting hyperparameter tf=1.2898989898989899
2019-02-28 19:00:22,407 [MainThread  ][INFO ]  Starting optimization for tf=1.2898989898989899
2019-02-28 19:00:22,407 [MainThread  ][DEBUG]  Optimization method: Nelder-Mead
2019-02-28 19:00:22,407 [MainThread  ][DEBUG]  Optimization options: None
2019-02-28 19:00:22,407 [MainThread  ][INFO ]  Initial parameter values: [0.31443007 0.64494949 0.6841212 ]
2019-02-28 19:00:50,461 [MainThread  ][INFO ]  Final fidelity: 0.9991217120312621
2019-02-28 19:00:50,462 [MainThread  ][INFO ]  Final parameters: [ 1.5103327   1.09482761 -2.76916648]
2019-02-28 19:00:50,462 [MainThread  ][INFO ]  Fidelity: 0.9991217120312621
2019-02-28 19:00:50,462 [MainThread  ][INFO ]  ---- Starting iteration 64/100
2019-02-28 19:00:50,462 [MainThread  ][DEBUG]  Setting hyperparameter tf=1.309090909090909
2019-02-28 19:00:50,463 [MainThread  ][INFO ]  Starting optimization for tf=1.309090909090909
2019-02-28 19:00:50,463 [MainThread  ][DEBUG]  Optimization method: Nelder-Mead
2019-02-28 19:00:50,463 [MainThread  ][DEBUG]  Optimization options: None
2019-02-28 19:00:50,463 [MainThread  ][INFO ]  Initial parameter values: [0.6206133  0.65454545 1.72359093]
2019-02-28 19:01:17,576 [MainThread  ][INFO ]  Final fidelity: 0.999138820849308
2019-02-28 19:01:17,577 [MainThread  ][INFO ]  Final parameters: [ 1.4072404   1.19264598 -4.99022754]
2019-02-28 19:01:17,577 [MainThread  ][INFO ]  Fidelity: 0.999138820849308
2019-02-28 19:01:17,577 [MainThread  ][INFO ]  ---- Starting iteration 65/100
2019-02-28 19:01:17,577 [MainThread  ][DEBUG]  Setting hyperparameter tf=1.3282828282828283
2019-02-28 19:01:17,577 [MainThread  ][INFO ]  Starting optimization for tf=1.3282828282828283
2019-02-28 19:01:17,577 [MainThread  ][DEBUG]  Optimization method: Nelder-Mead
2019-02-28 19:01:17,577 [MainThread  ][DEBUG]  Optimization options: None
2019-02-28 19:01:17,578 [MainThread  ][INFO ]  Initial parameter values: [1.50245947 0.66414141 0.60585193]
2019-02-28 19:01:41,976 [MainThread  ][INFO ]  Final fidelity: 0.9990830149084401
2019-02-28 19:01:41,977 [MainThread  ][INFO ]  Final parameters: [ 2.26653017  0.60898075 -0.14590027]
2019-02-28 19:01:41,977 [MainThread  ][INFO ]  Fidelity: 0.9990830149084401
2019-02-28 19:01:41,977 [MainThread  ][INFO ]  ---- Starting iteration 66/100
2019-02-28 19:01:41,977 [MainThread  ][DEBUG]  Setting hyperparameter tf=1.3474747474747475
2019-02-28 19:01:41,977 [MainThread  ][INFO ]  Starting optimization for tf=1.3474747474747475
2019-02-28 19:01:41,977 [MainThread  ][DEBUG]  Optimization method: Nelder-Mead
2019-02-28 19:01:41,977 [MainThread  ][DEBUG]  Optimization options: None
2019-02-28 19:01:41,978 [MainThread  ][INFO ]  Initial parameter values: [0.84578298 0.67373737 0.80815162]
2019-02-28 19:02:04,628 [MainThread  ][INFO ]  Final fidelity: 0.9991208935774581
2019-02-28 19:02:04,630 [MainThread  ][INFO ]  Final parameters: [ 1.52238537  1.02752146 -1.25421048]
2019-02-28 19:02:04,630 [MainThread  ][INFO ]  Fidelity: 0.9991208935774581
2019-02-28 19:02:04,630 [MainThread  ][INFO ]  ---- Starting iteration 67/100
2019-02-28 19:02:04,630 [MainThread  ][DEBUG]  Setting hyperparameter tf=1.3666666666666667
2019-02-28 19:02:04,630 [MainThread  ][INFO ]  Starting optimization for tf=1.3666666666666667
2019-02-28 19:02:04,630 [MainThread  ][DEBUG]  Optimization method: Nelder-Mead
2019-02-28 19:02:04,631 [MainThread  ][DEBUG]  Optimization options: None
2019-02-28 19:02:04,631 [MainThread  ][INFO ]  Initial parameter values: [1.6125142  0.68333333 1.91614654]
2019-02-28 19:02:28,958 [MainThread  ][INFO ]  Final fidelity: 0.9991086735577317
2019-02-28 19:02:28,966 [MainThread  ][INFO ]  Final parameters: [ 1.69518951  0.86785182 -0.50466872]
2019-02-28 19:02:28,966 [MainThread  ][INFO ]  Fidelity: 0.9991086735577317
2019-02-28 19:02:28,966 [MainThread  ][INFO ]  ---- Starting iteration 68/100
2019-02-28 19:02:28,966 [MainThread  ][DEBUG]  Setting hyperparameter tf=1.385858585858586
2019-02-28 19:02:28,966 [MainThread  ][INFO ]  Starting optimization for tf=1.385858585858586
2019-02-28 19:02:28,966 [MainThread  ][DEBUG]  Optimization method: Nelder-Mead
2019-02-28 19:02:28,966 [MainThread  ][DEBUG]  Optimization options: None
2019-02-28 19:02:28,966 [MainThread  ][INFO ]  Initial parameter values: [1.05883603 0.69292929 0.21138532]
2019-02-28 19:02:45,716 [MainThread  ][INFO ]  Final fidelity: 0.999096829709162
2019-02-28 19:02:45,720 [MainThread  ][INFO ]  Final parameters: [ 2.18384158  0.60492197 -0.01774751]
2019-02-28 19:02:45,721 [MainThread  ][INFO ]  Fidelity: 0.999096829709162
2019-02-28 19:02:45,721 [MainThread  ][INFO ]  ---- Starting iteration 69/100
2019-02-28 19:02:45,721 [MainThread  ][DEBUG]  Setting hyperparameter tf=1.405050505050505
2019-02-28 19:02:45,721 [MainThread  ][INFO ]  Starting optimization for tf=1.405050505050505
2019-02-28 19:02:45,721 [MainThread  ][DEBUG]  Optimization method: Nelder-Mead
2019-02-28 19:02:45,721 [MainThread  ][DEBUG]  Optimization options: None
2019-02-28 19:02:45,721 [MainThread  ][INFO ]  Initial parameter values: [0.6005223  0.70252525 1.90711107]
2019-02-28 19:03:17,464 [MainThread  ][INFO ]  Final fidelity: 0.9991653683619164
2019-02-28 19:03:17,480 [MainThread  ][INFO ]  Final parameters: [ 1.27055283  1.29003091 -4.42243277]
2019-02-28 19:03:17,480 [MainThread  ][INFO ]  Fidelity: 0.9991653683619164
2019-02-28 19:03:17,480 [MainThread  ][INFO ]  ---- Starting iteration 70/100
2019-02-28 19:03:17,480 [MainThread  ][DEBUG]  Setting hyperparameter tf=1.4242424242424243
2019-02-28 19:03:17,480 [MainThread  ][INFO ]  Starting optimization for tf=1.4242424242424243
2019-02-28 19:03:17,480 [MainThread  ][DEBUG]  Optimization method: Nelder-Mead
2019-02-28 19:03:17,480 [MainThread  ][DEBUG]  Optimization options: None
2019-02-28 19:03:17,481 [MainThread  ][INFO ]  Initial parameter values: [1.58851314 0.71212121 0.01386044]
2019-02-28 19:03:29,666 [MainThread  ][INFO ]  Final fidelity: 0.9991079732064269
2019-02-28 19:03:29,667 [MainThread  ][INFO ]  Final parameters: [2.02796436 0.64286038 0.01411378]
2019-02-28 19:03:29,667 [MainThread  ][INFO ]  Fidelity: 0.9991079732064269
2019-02-28 19:03:29,667 [MainThread  ][INFO ]  ---- Starting iteration 71/100
2019-02-28 19:03:29,667 [MainThread  ][DEBUG]  Setting hyperparameter tf=1.4434343434343435
2019-02-28 19:03:29,667 [MainThread  ][INFO ]  Starting optimization for tf=1.4434343434343435
2019-02-28 19:03:29,667 [MainThread  ][DEBUG]  Optimization method: Nelder-Mead
2019-02-28 19:03:29,667 [MainThread  ][DEBUG]  Optimization options: None
2019-02-28 19:03:29,668 [MainThread  ][INFO ]  Initial parameter values: [1.55782218 0.72171717 1.7048788 ]
2019-02-28 19:04:01,799 [MainThread  ][INFO ]  Final fidelity: 0.9991534623688912
2019-02-28 19:04:01,822 [MainThread  ][INFO ]  Final parameters: [ 1.32374583  1.17460376 -1.38066692]
2019-02-28 19:04:01,822 [MainThread  ][INFO ]  Fidelity: 0.9991534623688912
2019-02-28 19:04:01,822 [MainThread  ][INFO ]  ---- Starting iteration 72/100
2019-02-28 19:04:01,822 [MainThread  ][DEBUG]  Setting hyperparameter tf=1.4626262626262627
2019-02-28 19:04:01,822 [MainThread  ][INFO ]  Starting optimization for tf=1.4626262626262627
2019-02-28 19:04:01,822 [MainThread  ][DEBUG]  Optimization method: Nelder-Mead
2019-02-28 19:04:01,822 [MainThread  ][DEBUG]  Optimization options: None
2019-02-28 19:04:01,823 [MainThread  ][INFO ]  Initial parameter values: [1.31917836 0.73131313 0.22940493]
2019-02-28 19:04:21,042 [MainThread  ][INFO ]  Final fidelity: 0.9991168300483391
2019-02-28 19:04:21,042 [MainThread  ][INFO ]  Final parameters: [2.12095289 0.58417773 0.13111081]
2019-02-28 19:04:21,042 [MainThread  ][INFO ]  Fidelity: 0.9991168300483391
2019-02-28 19:04:21,042 [MainThread  ][INFO ]  ---- Starting iteration 73/100
2019-02-28 19:04:21,043 [MainThread  ][DEBUG]  Setting hyperparameter tf=1.481818181818182
2019-02-28 19:04:21,043 [MainThread  ][INFO ]  Starting optimization for tf=1.481818181818182
2019-02-28 19:04:21,043 [MainThread  ][DEBUG]  Optimization method: Nelder-Mead
2019-02-28 19:04:21,043 [MainThread  ][DEBUG]  Optimization options: None
2019-02-28 19:04:21,043 [MainThread  ][INFO ]  Initial parameter values: [1.24665443 0.74090909 1.82191814]
2019-02-28 19:04:50,103 [MainThread  ][INFO ]  Final fidelity: 0.9991231273805949
2019-02-28 19:04:50,103 [MainThread  ][INFO ]  Final parameters: [1.82801715 0.70329304 0.058456  ]
2019-02-28 19:04:50,103 [MainThread  ][INFO ]  Fidelity: 0.9991231273805949
2019-02-28 19:04:50,103 [MainThread  ][INFO ]  ---- Starting iteration 74/100
2019-02-28 19:04:50,103 [MainThread  ][DEBUG]  Setting hyperparameter tf=1.501010101010101
2019-02-28 19:04:50,104 [MainThread  ][INFO ]  Starting optimization for tf=1.501010101010101
2019-02-28 19:04:50,104 [MainThread  ][DEBUG]  Optimization method: Nelder-Mead
2019-02-28 19:04:50,104 [MainThread  ][DEBUG]  Optimization options: None
2019-02-28 19:04:50,112 [MainThread  ][INFO ]  Initial parameter values: [0.49311136 0.75050505 0.01847453]
2019-02-28 19:05:14,582 [MainThread  ][INFO ]  Final fidelity: 0.9991301709916512
2019-02-28 19:05:14,604 [MainThread  ][INFO ]  Final parameters: [1.68756923 0.7746478  0.02138122]
2019-02-28 19:05:14,604 [MainThread  ][INFO ]  Fidelity: 0.9991301709916512
2019-02-28 19:05:14,604 [MainThread  ][INFO ]  ---- Starting iteration 75/100
2019-02-28 19:05:14,605 [MainThread  ][DEBUG]  Setting hyperparameter tf=1.52020202020202
2019-02-28 19:05:14,605 [MainThread  ][INFO ]  Starting optimization for tf=1.52020202020202
2019-02-28 19:05:14,605 [MainThread  ][DEBUG]  Optimization method: Nelder-Mead
2019-02-28 19:05:14,605 [MainThread  ][DEBUG]  Optimization options: None
2019-02-28 19:05:14,605 [MainThread  ][INFO ]  Initial parameter values: [0.18394896 0.76010101 1.18611809]
2019-02-28 19:05:31,893 [MainThread  ][INFO ]  Final fidelity: 0.9207508489996985
2019-02-28 19:05:31,894 [MainThread  ][INFO ]  Final parameters: [4.12293873e-01 6.76345145e-06 5.88296602e-01]
2019-02-28 19:05:31,894 [MainThread  ][INFO ]  Fidelity: 0.9207508489996985
2019-02-28 19:05:31,894 [MainThread  ][INFO ]  ---- Starting iteration 76/100
2019-02-28 19:05:31,895 [MainThread  ][DEBUG]  Setting hyperparameter tf=1.5393939393939393
2019-02-28 19:05:31,895 [MainThread  ][INFO ]  Starting optimization for tf=1.5393939393939393
2019-02-28 19:05:31,895 [MainThread  ][DEBUG]  Optimization method: Nelder-Mead
2019-02-28 19:05:31,895 [MainThread  ][DEBUG]  Optimization options: None
2019-02-28 19:05:31,895 [MainThread  ][INFO ]  Initial parameter values: [0.58011272 0.76969697 1.75529114]
2019-02-28 19:06:00,819 [MainThread  ][INFO ]  Final fidelity: 0.9991916501092128
2019-02-28 19:06:00,832 [MainThread  ][INFO ]  Final parameters: [ 1.14713765  1.38776127 -2.60095311]
2019-02-28 19:06:00,832 [MainThread  ][INFO ]  Fidelity: 0.9991916501092128
2019-02-28 19:06:00,832 [MainThread  ][INFO ]  ---- Starting iteration 77/100
2019-02-28 19:06:00,833 [MainThread  ][DEBUG]  Setting hyperparameter tf=1.5585858585858585
2019-02-28 19:06:00,833 [MainThread  ][INFO ]  Starting optimization for tf=1.5585858585858585
2019-02-28 19:06:00,833 [MainThread  ][DEBUG]  Optimization method: Nelder-Mead
2019-02-28 19:06:00,833 [MainThread  ][DEBUG]  Optimization options: None
2019-02-28 19:06:00,833 [MainThread  ][INFO ]  Initial parameter values: [1.93831761 0.77929293 1.42480153]
2019-02-28 19:06:23,929 [MainThread  ][INFO ]  Final fidelity: 0.9991740697999398
2019-02-28 19:06:23,929 [MainThread  ][INFO ]  Final parameters: [ 1.21697708  1.23335172 -0.78780889]
2019-02-28 19:06:23,929 [MainThread  ][INFO ]  Fidelity: 0.9991740697999398
2019-02-28 19:06:23,929 [MainThread  ][INFO ]  ---- Starting iteration 78/100
2019-02-28 19:06:23,930 [MainThread  ][DEBUG]  Setting hyperparameter tf=1.5777777777777777
2019-02-28 19:06:23,930 [MainThread  ][INFO ]  Starting optimization for tf=1.5777777777777777
2019-02-28 19:06:23,930 [MainThread  ][DEBUG]  Optimization method: Nelder-Mead
2019-02-28 19:06:23,930 [MainThread  ][DEBUG]  Optimization options: None
2019-02-28 19:06:23,930 [MainThread  ][INFO ]  Initial parameter values: [1.69150498 0.78888889 1.3945643 ]
2019-02-28 19:06:47,897 [MainThread  ][INFO ]  Final fidelity: 0.9991897703093953
2019-02-28 19:06:47,898 [MainThread  ][INFO ]  Final parameters: [ 1.14690169  1.34327731 -1.32402805]
2019-02-28 19:06:47,898 [MainThread  ][INFO ]  Fidelity: 0.9991897703093953
2019-02-28 19:06:47,898 [MainThread  ][INFO ]  ---- Starting iteration 79/100
2019-02-28 19:06:47,898 [MainThread  ][DEBUG]  Setting hyperparameter tf=1.596969696969697
2019-02-28 19:06:47,898 [MainThread  ][INFO ]  Starting optimization for tf=1.596969696969697
2019-02-28 19:06:47,898 [MainThread  ][DEBUG]  Optimization method: Nelder-Mead
2019-02-28 19:06:47,898 [MainThread  ][DEBUG]  Optimization options: None
2019-02-28 19:06:47,898 [MainThread  ][INFO ]  Initial parameter values: [0.18080145 0.79848485 1.51758553]
2019-02-28 19:07:28,635 [MainThread  ][INFO ]  Final fidelity: 0.9992172161542512
2019-02-28 19:07:28,636 [MainThread  ][INFO ]  Final parameters: [ 1.06789245  1.50788848 -4.52242104]
2019-02-28 19:07:28,636 [MainThread  ][INFO ]  Fidelity: 0.9992172161542512
2019-02-28 19:07:28,636 [MainThread  ][INFO ]  ---- Starting iteration 80/100
2019-02-28 19:07:28,636 [MainThread  ][DEBUG]  Setting hyperparameter tf=1.6161616161616161
2019-02-28 19:07:28,636 [MainThread  ][INFO ]  Starting optimization for tf=1.6161616161616161
2019-02-28 19:07:28,636 [MainThread  ][DEBUG]  Optimization method: Nelder-Mead
2019-02-28 19:07:28,637 [MainThread  ][DEBUG]  Optimization options: None
2019-02-28 19:07:28,637 [MainThread  ][INFO ]  Initial parameter values: [1.86874786 0.80808081 0.28573472]
2019-02-28 19:07:46,706 [MainThread  ][INFO ]  Final fidelity: 0.9991578628577752
2019-02-28 19:07:46,716 [MainThread  ][INFO ]  Final parameters: [1.86333609 0.60406971 0.30702472]
2019-02-28 19:07:46,716 [MainThread  ][INFO ]  Fidelity: 0.9991578628577752
2019-02-28 19:07:46,716 [MainThread  ][INFO ]  ---- Starting iteration 81/100
2019-02-28 19:07:46,716 [MainThread  ][DEBUG]  Setting hyperparameter tf=1.6353535353535353
2019-02-28 19:07:46,716 [MainThread  ][INFO ]  Starting optimization for tf=1.6353535353535353
2019-02-28 19:07:46,716 [MainThread  ][DEBUG]  Optimization method: Nelder-Mead
2019-02-28 19:07:46,716 [MainThread  ][DEBUG]  Optimization options: None
2019-02-28 19:07:46,717 [MainThread  ][INFO ]  Initial parameter values: [0.18070257 0.81767677 1.13335157]
2019-02-28 19:08:04,868 [MainThread  ][INFO ]  Final fidelity: 0.9329634348710978
2019-02-28 19:08:04,869 [MainThread  ][INFO ]  Final parameters: [4.74252948e-01 7.33935126e-06 6.04868963e-01]
2019-02-28 19:08:04,869 [MainThread  ][INFO ]  Fidelity: 0.9329634348710978
2019-02-28 19:08:04,870 [MainThread  ][INFO ]  ---- Starting iteration 82/100
2019-02-28 19:08:04,870 [MainThread  ][DEBUG]  Setting hyperparameter tf=1.6545454545454545
2019-02-28 19:08:04,870 [MainThread  ][INFO ]  Starting optimization for tf=1.6545454545454545
2019-02-28 19:08:04,870 [MainThread  ][DEBUG]  Optimization method: Nelder-Mead
2019-02-28 19:08:04,870 [MainThread  ][DEBUG]  Optimization options: None
2019-02-28 19:08:04,870 [MainThread  ][INFO ]  Initial parameter values: [1.87099535 0.82727273 0.51760209]
2019-02-28 19:08:29,485 [MainThread  ][INFO ]  Final fidelity: 0.9991835694474003
2019-02-28 19:08:29,504 [MainThread  ][INFO ]  Final parameters: [2.78617027 0.34001031 0.4441296 ]
2019-02-28 19:08:29,504 [MainThread  ][INFO ]  Fidelity: 0.9991835694474003
2019-02-28 19:08:29,504 [MainThread  ][INFO ]  ---- Starting iteration 83/100
2019-02-28 19:08:29,504 [MainThread  ][DEBUG]  Setting hyperparameter tf=1.6737373737373737
2019-02-28 19:08:29,504 [MainThread  ][INFO ]  Starting optimization for tf=1.6737373737373737
2019-02-28 19:08:29,504 [MainThread  ][DEBUG]  Optimization method: Nelder-Mead
2019-02-28 19:08:29,504 [MainThread  ][DEBUG]  Optimization options: None
2019-02-28 19:08:29,505 [MainThread  ][INFO ]  Initial parameter values: [1.1176416  0.83686869 1.39292362]
2019-02-28 19:08:51,554 [MainThread  ][INFO ]  Final fidelity: 0.9991724830122375
2019-02-28 19:08:51,568 [MainThread  ][INFO ]  Final parameters: [1.38972194 0.89658336 0.19514349]
2019-02-28 19:08:51,568 [MainThread  ][INFO ]  Fidelity: 0.9991724830122375
2019-02-28 19:08:51,568 [MainThread  ][INFO ]  ---- Starting iteration 84/100
2019-02-28 19:08:51,568 [MainThread  ][DEBUG]  Setting hyperparameter tf=1.692929292929293
2019-02-28 19:08:51,568 [MainThread  ][INFO ]  Starting optimization for tf=1.692929292929293
2019-02-28 19:08:51,569 [MainThread  ][DEBUG]  Optimization method: Nelder-Mead
2019-02-28 19:08:51,569 [MainThread  ][DEBUG]  Optimization options: None
2019-02-28 19:08:51,569 [MainThread  ][INFO ]  Initial parameter values: [1.66818875 0.84646465 0.46534205]
2019-02-28 19:09:10,518 [MainThread  ][INFO ]  Final fidelity: 0.999182670154684
2019-02-28 19:09:10,520 [MainThread  ][INFO ]  Final parameters: [1.86024532 0.5624317  0.39449697]
2019-02-28 19:09:10,520 [MainThread  ][INFO ]  Fidelity: 0.999182670154684
2019-02-28 19:09:10,520 [MainThread  ][INFO ]  ---- Starting iteration 85/100
2019-02-28 19:09:10,521 [MainThread  ][DEBUG]  Setting hyperparameter tf=1.7121212121212122
2019-02-28 19:09:10,521 [MainThread  ][INFO ]  Starting optimization for tf=1.7121212121212122
2019-02-28 19:09:10,521 [MainThread  ][DEBUG]  Optimization method: Nelder-Mead
2019-02-28 19:09:10,521 [MainThread  ][DEBUG]  Optimization options: None
2019-02-28 19:09:10,521 [MainThread  ][INFO ]  Initial parameter values: [1.96969331 0.85606061 1.92898076]
2019-02-28 19:09:36,663 [MainThread  ][INFO ]  Final fidelity: 0.9992222574441721
2019-02-28 19:09:36,680 [MainThread  ][INFO ]  Final parameters: [ 1.04941156  1.44601533 -0.80196125]
2019-02-28 19:09:36,680 [MainThread  ][INFO ]  Fidelity: 0.9992222574441721
2019-02-28 19:09:36,680 [MainThread  ][INFO ]  ---- Starting iteration 86/100
2019-02-28 19:09:36,680 [MainThread  ][DEBUG]  Setting hyperparameter tf=1.7313131313131314
2019-02-28 19:09:36,681 [MainThread  ][INFO ]  Starting optimization for tf=1.7313131313131314
2019-02-28 19:09:36,681 [MainThread  ][DEBUG]  Optimization method: Nelder-Mead
2019-02-28 19:09:36,681 [MainThread  ][DEBUG]  Optimization options: None
2019-02-28 19:09:36,681 [MainThread  ][INFO ]  Initial parameter values: [0.60878421 0.86565657 0.59646217]
2019-02-28 19:09:51,601 [MainThread  ][INFO ]  Final fidelity: 0.9992022248017379
2019-02-28 19:09:51,616 [MainThread  ][INFO ]  Final parameters: [ 1.13829463  1.21558357 -0.03727289]
2019-02-28 19:09:51,616 [MainThread  ][INFO ]  Fidelity: 0.9992022248017379
2019-02-28 19:09:51,616 [MainThread  ][INFO ]  ---- Starting iteration 87/100
2019-02-28 19:09:51,617 [MainThread  ][DEBUG]  Setting hyperparameter tf=1.7505050505050506
2019-02-28 19:09:51,617 [MainThread  ][INFO ]  Starting optimization for tf=1.7505050505050506
2019-02-28 19:09:51,617 [MainThread  ][DEBUG]  Optimization method: Nelder-Mead
2019-02-28 19:09:51,617 [MainThread  ][DEBUG]  Optimization options: None
2019-02-28 19:09:51,617 [MainThread  ][INFO ]  Initial parameter values: [0.7723257  0.87525253 1.93382687]
2019-02-28 19:10:28,772 [MainThread  ][INFO ]  Final fidelity: 0.9992375873179089
2019-02-28 19:10:28,773 [MainThread  ][INFO ]  Final parameters: [ 1.00782799  1.53187128 -1.04352131]
2019-02-28 19:10:28,773 [MainThread  ][INFO ]  Fidelity: 0.9992375873179089
2019-02-28 19:10:28,773 [MainThread  ][INFO ]  ---- Starting iteration 88/100
2019-02-28 19:10:28,773 [MainThread  ][DEBUG]  Setting hyperparameter tf=1.7696969696969698
2019-02-28 19:10:28,773 [MainThread  ][INFO ]  Starting optimization for tf=1.7696969696969698
2019-02-28 19:10:28,773 [MainThread  ][DEBUG]  Optimization method: Nelder-Mead
2019-02-28 19:10:28,773 [MainThread  ][DEBUG]  Optimization options: None
2019-02-28 19:10:28,773 [MainThread  ][INFO ]  Initial parameter values: [0.31031273 0.88484848 1.98388659]
2019-02-28 19:10:56,822 [MainThread  ][INFO ]  Final fidelity: 0.9992633251540951
2019-02-28 19:10:56,823 [MainThread  ][INFO ]  Final parameters: [ 0.95609789  1.69474384 -4.28118065]
2019-02-28 19:10:56,824 [MainThread  ][INFO ]  Fidelity: 0.9992633251540951
2019-02-28 19:10:56,824 [MainThread  ][INFO ]  ---- Starting iteration 89/100
2019-02-28 19:10:56,824 [MainThread  ][DEBUG]  Setting hyperparameter tf=1.7888888888888888
2019-02-28 19:10:56,833 [MainThread  ][INFO ]  Starting optimization for tf=1.7888888888888888
2019-02-28 19:10:56,833 [MainThread  ][DEBUG]  Optimization method: Nelder-Mead
2019-02-28 19:10:56,834 [MainThread  ][DEBUG]  Optimization options: None
2019-02-28 19:10:56,834 [MainThread  ][INFO ]  Initial parameter values: [0.03358951 0.89444444 0.1203996 ]
2019-02-28 19:11:19,455 [MainThread  ][INFO ]  Final fidelity: 0.9482365065702633
2019-02-28 19:11:19,461 [MainThread  ][INFO ]  Final parameters: [6.38206021e-03 2.34406766e-06 6.25187376e-01]
2019-02-28 19:11:19,461 [MainThread  ][INFO ]  Fidelity: 0.9482365065702633
2019-02-28 19:11:19,461 [MainThread  ][INFO ]  ---- Starting iteration 90/100
2019-02-28 19:11:19,461 [MainThread  ][DEBUG]  Setting hyperparameter tf=1.808080808080808
2019-02-28 19:11:19,461 [MainThread  ][INFO ]  Starting optimization for tf=1.808080808080808
2019-02-28 19:11:19,462 [MainThread  ][DEBUG]  Optimization method: Nelder-Mead
2019-02-28 19:11:19,462 [MainThread  ][DEBUG]  Optimization options: None
2019-02-28 19:11:19,462 [MainThread  ][INFO ]  Initial parameter values: [0.68352189 0.9040404  1.64268488]
2019-02-28 19:11:49,090 [MainThread  ][INFO ]  Final fidelity: 0.9992595614069218
2019-02-28 19:11:49,094 [MainThread  ][INFO ]  Final parameters: [ 0.95780892  1.64641724 -1.48312324]
2019-02-28 19:11:49,094 [MainThread  ][INFO ]  Fidelity: 0.9992595614069218
2019-02-28 19:11:49,094 [MainThread  ][INFO ]  ---- Starting iteration 91/100
2019-02-28 19:11:49,094 [MainThread  ][DEBUG]  Setting hyperparameter tf=1.8272727272727272
2019-02-28 19:11:49,094 [MainThread  ][INFO ]  Starting optimization for tf=1.8272727272727272
2019-02-28 19:11:49,094 [MainThread  ][DEBUG]  Optimization method: Nelder-Mead
2019-02-28 19:11:49,095 [MainThread  ][DEBUG]  Optimization options: None
2019-02-28 19:11:49,095 [MainThread  ][INFO ]  Initial parameter values: [0.29230081 0.91363636 1.89737579]
2019-02-28 19:12:43,035 [MainThread  ][INFO ]  Final fidelity: 0.99924656434509
2019-02-28 19:12:43,045 [MainThread  ][INFO ]  Final parameters: [2.64351058 0.3049013  0.54737067]
2019-02-28 19:12:43,045 [MainThread  ][INFO ]  Fidelity: 0.99924656434509
2019-02-28 19:12:43,046 [MainThread  ][INFO ]  ---- Starting iteration 92/100
2019-02-28 19:12:43,046 [MainThread  ][DEBUG]  Setting hyperparameter tf=1.8464646464646464
2019-02-28 19:12:43,046 [MainThread  ][INFO ]  Starting optimization for tf=1.8464646464646464
2019-02-28 19:12:43,046 [MainThread  ][DEBUG]  Optimization method: Nelder-Mead
2019-02-28 19:12:43,046 [MainThread  ][DEBUG]  Optimization options: None
2019-02-28 19:12:43,046 [MainThread  ][INFO ]  Initial parameter values: [1.85984086 0.92323232 1.22639593]
2019-02-28 19:13:27,185 [MainThread  ][INFO ]  Final fidelity: 0.9992729936956714
2019-02-28 19:13:27,237 [MainThread  ][INFO ]  Final parameters: [ 0.93406002  1.7021737  -1.61529879]
2019-02-28 19:13:27,237 [MainThread  ][INFO ]  Fidelity: 0.9992729936956714
2019-02-28 19:13:27,237 [MainThread  ][INFO ]  ---- Starting iteration 93/100
2019-02-28 19:13:27,237 [MainThread  ][DEBUG]  Setting hyperparameter tf=1.8656565656565656
2019-02-28 19:13:27,237 [MainThread  ][INFO ]  Starting optimization for tf=1.8656565656565656
2019-02-28 19:13:27,237 [MainThread  ][DEBUG]  Optimization method: Nelder-Mead
2019-02-28 19:13:27,238 [MainThread  ][DEBUG]  Optimization options: None
2019-02-28 19:13:27,238 [MainThread  ][INFO ]  Initial parameter values: [0.41196878 0.93282828 0.15015524]
2019-02-28 19:13:51,933 [MainThread  ][INFO ]  Final fidelity: 0.9992339478660024
2019-02-28 19:13:51,934 [MainThread  ][INFO ]  Final parameters: [1.0374882  1.31978966 0.12586725]
2019-02-28 19:13:51,934 [MainThread  ][INFO ]  Fidelity: 0.9992339478660024
2019-02-28 19:13:51,934 [MainThread  ][INFO ]  ---- Starting iteration 94/100
2019-02-28 19:13:51,935 [MainThread  ][DEBUG]  Setting hyperparameter tf=1.8848484848484848
2019-02-28 19:13:51,935 [MainThread  ][INFO ]  Starting optimization for tf=1.8848484848484848
2019-02-28 19:13:51,935 [MainThread  ][DEBUG]  Optimization method: Nelder-Mead
2019-02-28 19:13:51,935 [MainThread  ][DEBUG]  Optimization options: None
2019-02-28 19:13:51,935 [MainThread  ][INFO ]  Initial parameter values: [1.92358029 0.94242424 0.33180185]
2019-02-28 19:14:15,972 [MainThread  ][INFO ]  Final fidelity: 0.9992274651603099
2019-02-28 19:14:15,987 [MainThread  ][INFO ]  Final parameters: [1.30273622 0.82687367 0.44567656]
2019-02-28 19:14:15,987 [MainThread  ][INFO ]  Fidelity: 0.9992274651603099
2019-02-28 19:14:15,987 [MainThread  ][INFO ]  ---- Starting iteration 95/100
2019-02-28 19:14:15,987 [MainThread  ][DEBUG]  Setting hyperparameter tf=1.904040404040404
2019-02-28 19:14:15,987 [MainThread  ][INFO ]  Starting optimization for tf=1.904040404040404
2019-02-28 19:14:15,987 [MainThread  ][DEBUG]  Optimization method: Nelder-Mead
2019-02-28 19:14:15,988 [MainThread  ][DEBUG]  Optimization options: None
2019-02-28 19:14:15,988 [MainThread  ][INFO ]  Initial parameter values: [1.73215448 0.9520202  0.18756867]
2019-02-28 19:14:39,377 [MainThread  ][INFO ]  Final fidelity: 0.9992418315808189
2019-02-28 19:14:39,382 [MainThread  ][INFO ]  Final parameters: [1.02982483 1.30247813 0.21268288]
2019-02-28 19:14:39,382 [MainThread  ][INFO ]  Fidelity: 0.9992418315808189
2019-02-28 19:14:39,383 [MainThread  ][INFO ]  ---- Starting iteration 96/100
2019-02-28 19:14:39,383 [MainThread  ][DEBUG]  Setting hyperparameter tf=1.9232323232323232
2019-02-28 19:14:39,383 [MainThread  ][INFO ]  Starting optimization for tf=1.9232323232323232
2019-02-28 19:14:39,383 [MainThread  ][DEBUG]  Optimization method: Nelder-Mead
2019-02-28 19:14:39,383 [MainThread  ][DEBUG]  Optimization options: None
2019-02-28 19:14:39,383 [MainThread  ][INFO ]  Initial parameter values: [0.38785262 0.96161616 0.16160677]
2019-02-28 19:14:57,085 [MainThread  ][INFO ]  Final fidelity: 0.9992482440720801
2019-02-28 19:14:57,086 [MainThread  ][INFO ]  Final parameters: [1.00954917 1.34276251 0.20666878]
2019-02-28 19:14:57,086 [MainThread  ][INFO ]  Fidelity: 0.9992482440720801
2019-02-28 19:14:57,086 [MainThread  ][INFO ]  ---- Starting iteration 97/100
2019-02-28 19:14:57,086 [MainThread  ][DEBUG]  Setting hyperparameter tf=1.9424242424242424
2019-02-28 19:14:57,086 [MainThread  ][INFO ]  Starting optimization for tf=1.9424242424242424
2019-02-28 19:14:57,086 [MainThread  ][DEBUG]  Optimization method: Nelder-Mead
2019-02-28 19:14:57,086 [MainThread  ][DEBUG]  Optimization options: None
2019-02-28 19:14:57,086 [MainThread  ][INFO ]  Initial parameter values: [1.03558759 0.97121212 0.64158734]
2019-02-28 19:15:12,294 [MainThread  ][INFO ]  Final fidelity: 0.9992436385979055
2019-02-28 19:15:12,295 [MainThread  ][INFO ]  Final parameters: [1.09169773 1.10860788 0.38489894]
2019-02-28 19:15:12,295 [MainThread  ][INFO ]  Fidelity: 0.9992436385979055
2019-02-28 19:15:12,295 [MainThread  ][INFO ]  ---- Starting iteration 98/100
2019-02-28 19:15:12,295 [MainThread  ][DEBUG]  Setting hyperparameter tf=1.9616161616161616
2019-02-28 19:15:12,295 [MainThread  ][INFO ]  Starting optimization for tf=1.9616161616161616
2019-02-28 19:15:12,295 [MainThread  ][DEBUG]  Optimization method: Nelder-Mead
2019-02-28 19:15:12,295 [MainThread  ][DEBUG]  Optimization options: None
2019-02-28 19:15:12,295 [MainThread  ][INFO ]  Initial parameter values: [1.08436262 0.98080808 0.4398546 ]
2019-02-28 19:15:22,941 [MainThread  ][INFO ]  Final fidelity: 0.9992470417280961
2019-02-28 19:15:22,951 [MainThread  ][INFO ]  Final parameters: [1.12592931 1.01733147 0.43979943]
2019-02-28 19:15:22,951 [MainThread  ][INFO ]  Fidelity: 0.9992470417280961
2019-02-28 19:15:22,951 [MainThread  ][INFO ]  ---- Starting iteration 99/100
2019-02-28 19:15:22,952 [MainThread  ][DEBUG]  Setting hyperparameter tf=1.9808080808080808
2019-02-28 19:15:22,952 [MainThread  ][INFO ]  Starting optimization for tf=1.9808080808080808
2019-02-28 19:15:22,952 [MainThread  ][DEBUG]  Optimization method: Nelder-Mead
2019-02-28 19:15:22,952 [MainThread  ][DEBUG]  Optimization options: None
2019-02-28 19:15:22,952 [MainThread  ][INFO ]  Initial parameter values: [1.8529724  0.99040404 1.09612426]
2019-02-28 19:15:39,933 [MainThread  ][INFO ]  Final fidelity: 0.9993138099621894
2019-02-28 19:15:39,946 [MainThread  ][INFO ]  Final parameters: [ 0.87667785  1.85764947 -1.540235  ]
2019-02-28 19:15:39,946 [MainThread  ][INFO ]  Fidelity: 0.9993138099621894
2019-02-28 19:15:39,946 [MainThread  ][INFO ]  ---- Starting iteration 100/100
2019-02-28 19:15:39,946 [MainThread  ][DEBUG]  Setting hyperparameter tf=2.0
2019-02-28 19:15:39,947 [MainThread  ][INFO ]  Starting optimization for tf=2.0
2019-02-28 19:15:39,947 [MainThread  ][DEBUG]  Optimization method: Nelder-Mead
2019-02-28 19:15:39,947 [MainThread  ][DEBUG]  Optimization options: None
2019-02-28 19:15:39,947 [MainThread  ][INFO ]  Initial parameter values: [1.42069728 1.         1.23676549]
2019-02-28 19:16:10,933 [MainThread  ][INFO ]  Final fidelity: 0.9992977132172067
2019-02-28 19:16:10,938 [MainThread  ][INFO ]  Final parameters: [ 0.89653354  1.71647129 -0.22881772]
2019-02-28 19:16:10,938 [MainThread  ][INFO ]  Fidelity: 0.9992977132172067
