2019-02-28 17:44:10,867 [MainThread  ][INFO ]  Output file name will be "lmg_bangramp_neldermead.csv"
2019-02-28 17:44:10,940 [MainThread  ][INFO ]  Using bangramp protocol ansatz.
2019-02-28 17:44:10,940 [MainThread  ][DEBUG]  Initializing ProtocolAnsatz instance "bangramp"
2019-02-28 17:44:10,940 [MainThread  ][INFO ]  Using parameters constraints: [[-3, 3], [None, None], [-3, 3], [-3, 3]]
2019-02-28 17:44:10,940 [MainThread  ][INFO ]  Using total height constraint: None
2019-02-28 17:44:10,941 [MainThread  ][INFO ]  ---- Starting iteration 1/100
2019-02-28 17:44:10,941 [MainThread  ][DEBUG]  Setting hyperparameter tf=0.1
2019-02-28 17:44:10,941 [MainThread  ][INFO ]  Starting optimization for tf=0.1
2019-02-28 17:44:10,941 [MainThread  ][DEBUG]  Optimization method: Nelder-Mead
2019-02-28 17:44:10,941 [MainThread  ][DEBUG]  Optimization options: None
2019-02-28 17:44:10,942 [MainThread  ][INFO ]  Initial parameter values: [ 1.15379239  0.05        0.59022643  1.27558342]
2019-02-28 17:44:34,384 [MainThread  ][INFO ]  Final fidelity: 0.8125233382973077
2019-02-28 17:44:34,390 [MainThread  ][INFO ]  Final parameters: [ 2.99999901  0.05381607 -1.87805579 -2.99886158]
2019-02-28 17:44:34,390 [MainThread  ][INFO ]  Fidelity: 0.8125233382973077
2019-02-28 17:44:34,390 [MainThread  ][INFO ]  ---- Starting iteration 2/100
2019-02-28 17:44:34,390 [MainThread  ][DEBUG]  Setting hyperparameter tf=0.1191919191919192
2019-02-28 17:44:34,390 [MainThread  ][INFO ]  Starting optimization for tf=0.1191919191919192
2019-02-28 17:44:34,390 [MainThread  ][DEBUG]  Optimization method: Nelder-Mead
2019-02-28 17:44:34,390 [MainThread  ][DEBUG]  Optimization options: None
2019-02-28 17:44:34,391 [MainThread  ][INFO ]  Initial parameter values: [ 0.344882    0.05959596  0.42118877  1.83692472]
2019-02-28 17:45:01,998 [MainThread  ][INFO ]  Final fidelity: 0.8139574833555019
2019-02-28 17:45:01,999 [MainThread  ][INFO ]  Final parameters: [ 2.99236773  0.05904583 -0.85601651 -2.99974953]
2019-02-28 17:45:01,999 [MainThread  ][INFO ]  Fidelity: 0.8139574833555019
2019-02-28 17:45:01,999 [MainThread  ][INFO ]  ---- Starting iteration 3/100
2019-02-28 17:45:01,999 [MainThread  ][DEBUG]  Setting hyperparameter tf=0.1383838383838384
2019-02-28 17:45:01,999 [MainThread  ][INFO ]  Starting optimization for tf=0.1383838383838384
2019-02-28 17:45:01,999 [MainThread  ][DEBUG]  Optimization method: Nelder-Mead
2019-02-28 17:45:01,999 [MainThread  ][DEBUG]  Optimization options: None
2019-02-28 17:45:02,000 [MainThread  ][INFO ]  Initial parameter values: [ 1.2125376   0.06919192  0.6266684   0.87564787]
2019-02-28 17:45:21,692 [MainThread  ][INFO ]  Final fidelity: 0.8158719852104398
2019-02-28 17:45:21,698 [MainThread  ][INFO ]  Final parameters: [ 2.99999999  0.06881998 -0.91712449 -2.99997269]
2019-02-28 17:45:21,698 [MainThread  ][INFO ]  Fidelity: 0.8158719852104398
2019-02-28 17:45:21,698 [MainThread  ][INFO ]  ---- Starting iteration 4/100
2019-02-28 17:45:21,698 [MainThread  ][DEBUG]  Setting hyperparameter tf=0.1575757575757576
2019-02-28 17:45:21,698 [MainThread  ][INFO ]  Starting optimization for tf=0.1575757575757576
2019-02-28 17:45:21,699 [MainThread  ][DEBUG]  Optimization method: Nelder-Mead
2019-02-28 17:45:21,699 [MainThread  ][DEBUG]  Optimization options: None
2019-02-28 17:45:21,699 [MainThread  ][INFO ]  Initial parameter values: [ 1.22362234  0.07878788  0.0151044   0.68705073]
2019-02-28 17:45:46,060 [MainThread  ][INFO ]  Final fidelity: 0.8176547457135536
2019-02-28 17:45:46,061 [MainThread  ][INFO ]  Final parameters: [ 2.9999114   0.06992652  0.02985182 -2.99981701]
2019-02-28 17:45:46,061 [MainThread  ][INFO ]  Fidelity: 0.8176547457135536
2019-02-28 17:45:46,061 [MainThread  ][INFO ]  ---- Starting iteration 5/100
2019-02-28 17:45:46,061 [MainThread  ][DEBUG]  Setting hyperparameter tf=0.17676767676767677
2019-02-28 17:45:46,061 [MainThread  ][INFO ]  Starting optimization for tf=0.17676767676767677
2019-02-28 17:45:46,061 [MainThread  ][DEBUG]  Optimization method: Nelder-Mead
2019-02-28 17:45:46,062 [MainThread  ][DEBUG]  Optimization options: None
2019-02-28 17:45:46,062 [MainThread  ][INFO ]  Initial parameter values: [ 1.92708517  0.08838384  0.60910148  0.01217099]
2019-02-28 17:46:16,968 [MainThread  ][INFO ]  Final fidelity: 0.8177002986333036
2019-02-28 17:46:16,972 [MainThread  ][INFO ]  Final parameters: [ 2.99996008  0.08251738 -2.99959662  0.04728713]
2019-02-28 17:46:16,972 [MainThread  ][INFO ]  Fidelity: 0.8177002986333036
2019-02-28 17:46:16,972 [MainThread  ][INFO ]  ---- Starting iteration 6/100
2019-02-28 17:46:16,972 [MainThread  ][DEBUG]  Setting hyperparameter tf=0.19595959595959594
2019-02-28 17:46:16,972 [MainThread  ][INFO ]  Starting optimization for tf=0.19595959595959594
2019-02-28 17:46:16,972 [MainThread  ][DEBUG]  Optimization method: Nelder-Mead
2019-02-28 17:46:16,972 [MainThread  ][DEBUG]  Optimization options: None
2019-02-28 17:46:16,973 [MainThread  ][INFO ]  Initial parameter values: [ 1.88658156  0.0979798   0.3903027   0.45695379]
2019-02-28 17:46:40,039 [MainThread  ][INFO ]  Final fidelity: 0.821323944261056
2019-02-28 17:46:40,052 [MainThread  ][INFO ]  Final parameters: [ 2.99998749  0.04938516  2.35956105 -2.99996368]
2019-02-28 17:46:40,052 [MainThread  ][INFO ]  Fidelity: 0.821323944261056
2019-02-28 17:46:40,053 [MainThread  ][INFO ]  ---- Starting iteration 7/100
2019-02-28 17:46:40,053 [MainThread  ][DEBUG]  Setting hyperparameter tf=0.21515151515151515
2019-02-28 17:46:40,053 [MainThread  ][INFO ]  Starting optimization for tf=0.21515151515151515
2019-02-28 17:46:40,053 [MainThread  ][DEBUG]  Optimization method: Nelder-Mead
2019-02-28 17:46:40,053 [MainThread  ][DEBUG]  Optimization options: None
2019-02-28 17:46:40,053 [MainThread  ][INFO ]  Initial parameter values: [ 0.6885739   0.10757576  1.07040697  0.47654354]
2019-02-28 17:47:06,405 [MainThread  ][INFO ]  Final fidelity: 0.8220666322700951
2019-02-28 17:47:06,409 [MainThread  ][INFO ]  Final parameters: [ 2.99932401  0.10205797 -2.91334156 -0.00333537]
2019-02-28 17:47:06,409 [MainThread  ][INFO ]  Fidelity: 0.8220666322700951
2019-02-28 17:47:06,409 [MainThread  ][INFO ]  ---- Starting iteration 8/100
2019-02-28 17:47:06,410 [MainThread  ][DEBUG]  Setting hyperparameter tf=0.23434343434343433
2019-02-28 17:47:06,410 [MainThread  ][INFO ]  Starting optimization for tf=0.23434343434343433
2019-02-28 17:47:06,410 [MainThread  ][DEBUG]  Optimization method: Nelder-Mead
2019-02-28 17:47:06,410 [MainThread  ][DEBUG]  Optimization options: None
2019-02-28 17:47:06,410 [MainThread  ][INFO ]  Initial parameter values: [ 1.76051408  0.11717172  1.61477878  0.48619326]
2019-02-28 17:47:38,656 [MainThread  ][INFO ]  Final fidelity: 0.8237272689902948
2019-02-28 17:47:38,667 [MainThread  ][INFO ]  Final parameters: [ 2.99907307  0.1070788  -2.99963951  0.33020037]
2019-02-28 17:47:38,667 [MainThread  ][INFO ]  Fidelity: 0.8237272689902948
2019-02-28 17:47:38,667 [MainThread  ][INFO ]  ---- Starting iteration 9/100
2019-02-28 17:47:38,667 [MainThread  ][DEBUG]  Setting hyperparameter tf=0.2535353535353535
2019-02-28 17:47:38,667 [MainThread  ][INFO ]  Starting optimization for tf=0.2535353535353535
2019-02-28 17:47:38,667 [MainThread  ][DEBUG]  Optimization method: Nelder-Mead
2019-02-28 17:47:38,667 [MainThread  ][DEBUG]  Optimization options: None
2019-02-28 17:47:38,668 [MainThread  ][INFO ]  Initial parameter values: [ 0.77285262  0.12676768  1.99341921  1.51863157]
2019-02-28 17:48:07,758 [MainThread  ][INFO ]  Final fidelity: 0.8255638433504862
2019-02-28 17:48:07,766 [MainThread  ][INFO ]  Final parameters: [  5.83590443e-01   1.35514344e-07   2.99999097e+00  -2.24709731e+00]
2019-02-28 17:48:07,766 [MainThread  ][INFO ]  Fidelity: 0.8255638433504862
2019-02-28 17:48:07,767 [MainThread  ][INFO ]  ---- Starting iteration 10/100
2019-02-28 17:48:07,767 [MainThread  ][DEBUG]  Setting hyperparameter tf=0.2727272727272727
2019-02-28 17:48:07,767 [MainThread  ][INFO ]  Starting optimization for tf=0.2727272727272727
2019-02-28 17:48:07,767 [MainThread  ][DEBUG]  Optimization method: Nelder-Mead
2019-02-28 17:48:07,767 [MainThread  ][DEBUG]  Optimization options: None
2019-02-28 17:48:07,767 [MainThread  ][INFO ]  Initial parameter values: [ 0.68058592  0.13636364  1.35069475  1.68714034]
2019-02-28 17:48:31,690 [MainThread  ][INFO ]  Final fidelity: 0.8299206901486886
2019-02-28 17:48:31,700 [MainThread  ][INFO ]  Final parameters: [ 2.042866    0.05072252  2.99992915 -2.99764566]
2019-02-28 17:48:31,700 [MainThread  ][INFO ]  Fidelity: 0.8299206901486886
2019-02-28 17:48:31,700 [MainThread  ][INFO ]  ---- Starting iteration 11/100
2019-02-28 17:48:31,700 [MainThread  ][DEBUG]  Setting hyperparameter tf=0.2919191919191919
2019-02-28 17:48:31,700 [MainThread  ][INFO ]  Starting optimization for tf=0.2919191919191919
2019-02-28 17:48:31,700 [MainThread  ][DEBUG]  Optimization method: Nelder-Mead
2019-02-28 17:48:31,700 [MainThread  ][DEBUG]  Optimization options: None
2019-02-28 17:48:31,701 [MainThread  ][INFO ]  Initial parameter values: [ 0.26501586  0.1459596   0.89747648  1.31132023]
2019-02-28 17:48:59,108 [MainThread  ][INFO ]  Final fidelity: 0.8386602625376819
2019-02-28 17:48:59,110 [MainThread  ][INFO ]  Final parameters: [ 2.99986863  0.12540782  0.51863733 -2.99985724]
2019-02-28 17:48:59,110 [MainThread  ][INFO ]  Fidelity: 0.8386602625376819
2019-02-28 17:48:59,110 [MainThread  ][INFO ]  ---- Starting iteration 12/100
2019-02-28 17:48:59,110 [MainThread  ][DEBUG]  Setting hyperparameter tf=0.3111111111111111
2019-02-28 17:48:59,110 [MainThread  ][INFO ]  Starting optimization for tf=0.3111111111111111
2019-02-28 17:48:59,110 [MainThread  ][DEBUG]  Optimization method: Nelder-Mead
2019-02-28 17:48:59,110 [MainThread  ][DEBUG]  Optimization options: None
2019-02-28 17:48:59,111 [MainThread  ][INFO ]  Initial parameter values: [ 1.72976605  0.15555556  1.80556576  1.71283809]
2019-02-28 17:49:20,919 [MainThread  ][INFO ]  Final fidelity: 0.8143942202550295
2019-02-28 17:49:20,919 [MainThread  ][INFO ]  Final parameters: [ 0.50322898  0.31110747  0.42444721  1.10432916]
2019-02-28 17:49:20,919 [MainThread  ][INFO ]  Fidelity: 0.8143942202550295
2019-02-28 17:49:20,919 [MainThread  ][INFO ]  ---- Starting iteration 13/100
2019-02-28 17:49:20,920 [MainThread  ][DEBUG]  Setting hyperparameter tf=0.3303030303030303
2019-02-28 17:49:20,920 [MainThread  ][INFO ]  Starting optimization for tf=0.3303030303030303
2019-02-28 17:49:20,920 [MainThread  ][DEBUG]  Optimization method: Nelder-Mead
2019-02-28 17:49:20,920 [MainThread  ][DEBUG]  Optimization options: None
2019-02-28 17:49:20,920 [MainThread  ][INFO ]  Initial parameter values: [ 0.66544217  0.16515152  0.41253471  0.49177764]
2019-02-28 17:49:50,683 [MainThread  ][INFO ]  Final fidelity: 0.8474052651406673
2019-02-28 17:49:50,683 [MainThread  ][INFO ]  Final parameters: [ 2.91662167  0.15765323 -0.18905635 -3.        ]
2019-02-28 17:49:50,683 [MainThread  ][INFO ]  Fidelity: 0.8474052651406673
2019-02-28 17:49:50,683 [MainThread  ][INFO ]  ---- Starting iteration 14/100
2019-02-28 17:49:50,684 [MainThread  ][DEBUG]  Setting hyperparameter tf=0.3494949494949495
2019-02-28 17:49:50,684 [MainThread  ][INFO ]  Starting optimization for tf=0.3494949494949495
2019-02-28 17:49:50,684 [MainThread  ][DEBUG]  Optimization method: Nelder-Mead
2019-02-28 17:49:50,684 [MainThread  ][DEBUG]  Optimization options: None
2019-02-28 17:49:50,684 [MainThread  ][INFO ]  Initial parameter values: [ 0.62793516  0.17474747  0.06156513  1.71143745]
2019-02-28 17:50:22,066 [MainThread  ][INFO ]  Final fidelity: 0.8520551561461265
2019-02-28 17:50:22,066 [MainThread  ][INFO ]  Final parameters: [ 2.99995179  0.16113178  0.0430557  -2.99942009]
2019-02-28 17:50:22,066 [MainThread  ][INFO ]  Fidelity: 0.8520551561461265
2019-02-28 17:50:22,067 [MainThread  ][INFO ]  ---- Starting iteration 15/100
2019-02-28 17:50:22,067 [MainThread  ][DEBUG]  Setting hyperparameter tf=0.3686868686868686
2019-02-28 17:50:22,067 [MainThread  ][INFO ]  Starting optimization for tf=0.3686868686868686
2019-02-28 17:50:22,067 [MainThread  ][DEBUG]  Optimization method: Nelder-Mead
2019-02-28 17:50:22,067 [MainThread  ][DEBUG]  Optimization options: None
2019-02-28 17:50:22,067 [MainThread  ][INFO ]  Initial parameter values: [ 0.99853446  0.18434343  1.61585854  1.7825563 ]
2019-02-28 17:50:54,264 [MainThread  ][INFO ]  Final fidelity: 0.845389738208593
2019-02-28 17:50:54,280 [MainThread  ][INFO ]  Final parameters: [ 1.85139211  0.07359905  2.99992969 -2.99816791]
2019-02-28 17:50:54,280 [MainThread  ][INFO ]  Fidelity: 0.845389738208593
2019-02-28 17:50:54,281 [MainThread  ][INFO ]  ---- Starting iteration 16/100
2019-02-28 17:50:54,281 [MainThread  ][DEBUG]  Setting hyperparameter tf=0.3878787878787878
2019-02-28 17:50:54,281 [MainThread  ][INFO ]  Starting optimization for tf=0.3878787878787878
2019-02-28 17:50:54,281 [MainThread  ][DEBUG]  Optimization method: Nelder-Mead
2019-02-28 17:50:54,281 [MainThread  ][DEBUG]  Optimization options: None
2019-02-28 17:50:54,281 [MainThread  ][INFO ]  Initial parameter values: [ 1.08209991  0.19393939  0.74440453  0.52600653]
2019-02-28 17:51:38,943 [MainThread  ][INFO ]  Final fidelity: 0.8644111176653464
2019-02-28 17:51:38,956 [MainThread  ][INFO ]  Final parameters: [ 2.99990119  0.20774793 -1.29937754 -2.99997783]
2019-02-28 17:51:38,956 [MainThread  ][INFO ]  Fidelity: 0.8644111176653464
2019-02-28 17:51:38,957 [MainThread  ][INFO ]  ---- Starting iteration 17/100
2019-02-28 17:51:38,957 [MainThread  ][DEBUG]  Setting hyperparameter tf=0.407070707070707
2019-02-28 17:51:38,957 [MainThread  ][INFO ]  Starting optimization for tf=0.407070707070707
2019-02-28 17:51:38,957 [MainThread  ][DEBUG]  Optimization method: Nelder-Mead
2019-02-28 17:51:38,957 [MainThread  ][DEBUG]  Optimization options: None
2019-02-28 17:51:38,957 [MainThread  ][INFO ]  Initial parameter values: [ 0.62084851  0.20353535  0.16103815  0.9146718 ]
2019-02-28 17:52:09,047 [MainThread  ][INFO ]  Final fidelity: 0.8658820309750744
2019-02-28 17:52:09,053 [MainThread  ][INFO ]  Final parameters: [ 2.9999985   0.18289446  0.02349453 -2.91604525]
2019-02-28 17:52:09,053 [MainThread  ][INFO ]  Fidelity: 0.8658820309750744
2019-02-28 17:52:09,053 [MainThread  ][INFO ]  ---- Starting iteration 18/100
2019-02-28 17:52:09,053 [MainThread  ][DEBUG]  Setting hyperparameter tf=0.42626262626262623
2019-02-28 17:52:09,053 [MainThread  ][INFO ]  Starting optimization for tf=0.42626262626262623
2019-02-28 17:52:09,053 [MainThread  ][DEBUG]  Optimization method: Nelder-Mead
2019-02-28 17:52:09,053 [MainThread  ][DEBUG]  Optimization options: None
2019-02-28 17:52:09,054 [MainThread  ][INFO ]  Initial parameter values: [ 1.7287431   0.21313131  0.04010763  0.00887181]
2019-02-28 17:52:25,343 [MainThread  ][INFO ]  Final fidelity: 0.8410674448333293
2019-02-28 17:52:25,343 [MainThread  ][INFO ]  Final parameters: [ 2.99972255  0.10888286  0.03243126  0.00408522]
2019-02-28 17:52:25,344 [MainThread  ][INFO ]  Fidelity: 0.8410674448333293
2019-02-28 17:52:25,344 [MainThread  ][INFO ]  ---- Starting iteration 19/100
2019-02-28 17:52:25,344 [MainThread  ][DEBUG]  Setting hyperparameter tf=0.44545454545454544
2019-02-28 17:52:25,344 [MainThread  ][INFO ]  Starting optimization for tf=0.44545454545454544
2019-02-28 17:52:25,344 [MainThread  ][DEBUG]  Optimization method: Nelder-Mead
2019-02-28 17:52:25,344 [MainThread  ][DEBUG]  Optimization options: None
2019-02-28 17:52:25,344 [MainThread  ][INFO ]  Initial parameter values: [ 0.22642762  0.22272727  1.72894243  1.12861859]
2019-02-28 17:52:55,574 [MainThread  ][INFO ]  Final fidelity: 0.8521415172743421
2019-02-28 17:52:55,574 [MainThread  ][INFO ]  Final parameters: [ 1.29392866  0.33906216 -2.91127813 -2.99990411]
2019-02-28 17:52:55,574 [MainThread  ][INFO ]  Fidelity: 0.8521415172743421
2019-02-28 17:52:55,574 [MainThread  ][INFO ]  ---- Starting iteration 20/100
2019-02-28 17:52:55,575 [MainThread  ][DEBUG]  Setting hyperparameter tf=0.46464646464646464
2019-02-28 17:52:55,575 [MainThread  ][INFO ]  Starting optimization for tf=0.46464646464646464
2019-02-28 17:52:55,575 [MainThread  ][DEBUG]  Optimization method: Nelder-Mead
2019-02-28 17:52:55,575 [MainThread  ][DEBUG]  Optimization options: None
2019-02-28 17:52:55,575 [MainThread  ][INFO ]  Initial parameter values: [ 1.99994784  0.23232323  1.12851078  0.87617598]
2019-02-28 17:53:15,011 [MainThread  ][INFO ]  Final fidelity: 0.8215384590616291
2019-02-28 17:53:15,015 [MainThread  ][INFO ]  Final parameters: [ 0.52577299  0.46103538  1.78798392 -0.18061572]
2019-02-28 17:53:15,015 [MainThread  ][INFO ]  Fidelity: 0.8215384590616291
2019-02-28 17:53:15,016 [MainThread  ][INFO ]  ---- Starting iteration 21/100
2019-02-28 17:53:15,016 [MainThread  ][DEBUG]  Setting hyperparameter tf=0.48383838383838385
2019-02-28 17:53:15,016 [MainThread  ][INFO ]  Starting optimization for tf=0.48383838383838385
2019-02-28 17:53:15,016 [MainThread  ][DEBUG]  Optimization method: Nelder-Mead
2019-02-28 17:53:15,016 [MainThread  ][DEBUG]  Optimization options: None
2019-02-28 17:53:15,016 [MainThread  ][INFO ]  Initial parameter values: [ 0.37613708  0.24191919  1.90688278  0.4837558 ]
2019-02-28 17:54:01,740 [MainThread  ][INFO ]  Final fidelity: 0.8920962312902488
2019-02-28 17:54:01,747 [MainThread  ][INFO ]  Final parameters: [ 2.9999585   0.26346672 -1.29108161 -2.99946038]
2019-02-28 17:54:01,747 [MainThread  ][INFO ]  Fidelity: 0.8920962312902488
2019-02-28 17:54:01,747 [MainThread  ][INFO ]  ---- Starting iteration 22/100
2019-02-28 17:54:01,747 [MainThread  ][DEBUG]  Setting hyperparameter tf=0.503030303030303
2019-02-28 17:54:01,747 [MainThread  ][INFO ]  Starting optimization for tf=0.503030303030303
2019-02-28 17:54:01,747 [MainThread  ][DEBUG]  Optimization method: Nelder-Mead
2019-02-28 17:54:01,747 [MainThread  ][DEBUG]  Optimization options: None
2019-02-28 17:54:01,748 [MainThread  ][INFO ]  Initial parameter values: [ 1.37716877  0.25151515  0.67769066  1.29992682]
2019-02-28 17:54:23,548 [MainThread  ][INFO ]  Final fidelity: 0.888721864234372
2019-02-28 17:54:23,552 [MainThread  ][INFO ]  Final parameters: [ 2.99997965  0.17812176  1.87687022 -2.99979664]
2019-02-28 17:54:23,552 [MainThread  ][INFO ]  Fidelity: 0.888721864234372
2019-02-28 17:54:23,552 [MainThread  ][INFO ]  ---- Starting iteration 23/100
2019-02-28 17:54:23,552 [MainThread  ][DEBUG]  Setting hyperparameter tf=0.5222222222222221
2019-02-28 17:54:23,552 [MainThread  ][INFO ]  Starting optimization for tf=0.5222222222222221
2019-02-28 17:54:23,552 [MainThread  ][DEBUG]  Optimization method: Nelder-Mead
2019-02-28 17:54:23,552 [MainThread  ][DEBUG]  Optimization options: None
2019-02-28 17:54:23,552 [MainThread  ][INFO ]  Initial parameter values: [ 1.46213616  0.26111111  1.94986776  1.42630573]
2019-02-28 17:54:46,307 [MainThread  ][INFO ]  Final fidelity: 0.8248425806013779
2019-02-28 17:54:46,311 [MainThread  ][INFO ]  Final parameters: [ 0.50933875  0.5222186   1.04805206  0.77202577]
2019-02-28 17:54:46,311 [MainThread  ][INFO ]  Fidelity: 0.8248425806013779
2019-02-28 17:54:46,311 [MainThread  ][INFO ]  ---- Starting iteration 24/100
2019-02-28 17:54:46,311 [MainThread  ][DEBUG]  Setting hyperparameter tf=0.5414141414141413
2019-02-28 17:54:46,311 [MainThread  ][INFO ]  Starting optimization for tf=0.5414141414141413
2019-02-28 17:54:46,311 [MainThread  ][DEBUG]  Optimization method: Nelder-Mead
2019-02-28 17:54:46,311 [MainThread  ][DEBUG]  Optimization options: None
2019-02-28 17:54:46,312 [MainThread  ][INFO ]  Initial parameter values: [ 0.5126387   0.27070707  0.63516999  1.29965577]
2019-02-28 17:55:18,207 [MainThread  ][INFO ]  Final fidelity: 0.9046471420971727
2019-02-28 17:55:18,220 [MainThread  ][INFO ]  Final parameters: [ 2.99999163  0.25701721  0.32684773 -2.99686577]
2019-02-28 17:55:18,220 [MainThread  ][INFO ]  Fidelity: 0.9046471420971727
2019-02-28 17:55:18,220 [MainThread  ][INFO ]  ---- Starting iteration 25/100
2019-02-28 17:55:18,221 [MainThread  ][DEBUG]  Setting hyperparameter tf=0.5606060606060606
2019-02-28 17:55:18,221 [MainThread  ][INFO ]  Starting optimization for tf=0.5606060606060606
2019-02-28 17:55:18,221 [MainThread  ][DEBUG]  Optimization method: Nelder-Mead
2019-02-28 17:55:18,221 [MainThread  ][DEBUG]  Optimization options: None
2019-02-28 17:55:18,221 [MainThread  ][INFO ]  Initial parameter values: [ 0.87539396  0.28030303  0.12489809  1.53534624]
2019-02-28 17:55:51,889 [MainThread  ][INFO ]  Final fidelity: 0.912104057829664
2019-02-28 17:55:51,898 [MainThread  ][INFO ]  Final parameters: [ 2.99953247  0.28105417 -0.12996871 -2.99973   ]
2019-02-28 17:55:51,898 [MainThread  ][INFO ]  Fidelity: 0.912104057829664
2019-02-28 17:55:51,898 [MainThread  ][INFO ]  ---- Starting iteration 26/100
2019-02-28 17:55:51,898 [MainThread  ][DEBUG]  Setting hyperparameter tf=0.5797979797979798
2019-02-28 17:55:51,898 [MainThread  ][INFO ]  Starting optimization for tf=0.5797979797979798
2019-02-28 17:55:51,898 [MainThread  ][DEBUG]  Optimization method: Nelder-Mead
2019-02-28 17:55:51,898 [MainThread  ][DEBUG]  Optimization options: None
2019-02-28 17:55:51,899 [MainThread  ][INFO ]  Initial parameter values: [ 1.4355083   0.28989899  0.80290713  1.36478476]
2019-02-28 17:56:12,039 [MainThread  ][INFO ]  Final fidelity: 0.8285315880090078
2019-02-28 17:56:12,049 [MainThread  ][INFO ]  Final parameters: [ 0.51028428  0.5795616   1.26382076  0.19019376]
2019-02-28 17:56:12,049 [MainThread  ][INFO ]  Fidelity: 0.8285315880090078
2019-02-28 17:56:12,049 [MainThread  ][INFO ]  ---- Starting iteration 27/100
2019-02-28 17:56:12,049 [MainThread  ][DEBUG]  Setting hyperparameter tf=0.598989898989899
2019-02-28 17:56:12,049 [MainThread  ][INFO ]  Starting optimization for tf=0.598989898989899
2019-02-28 17:56:12,049 [MainThread  ][DEBUG]  Optimization method: Nelder-Mead
2019-02-28 17:56:12,049 [MainThread  ][DEBUG]  Optimization options: None
2019-02-28 17:56:12,050 [MainThread  ][INFO ]  Initial parameter values: [ 1.44528383  0.29949495  1.21377779  0.58478056]
2019-02-28 17:56:42,498 [MainThread  ][INFO ]  Final fidelity: 0.9159185371602521
2019-02-28 17:56:42,506 [MainThread  ][INFO ]  Final parameters: [ 2.9999978   0.32911453 -2.99993477 -0.82182366]
2019-02-28 17:56:42,506 [MainThread  ][INFO ]  Fidelity: 0.9159185371602521
2019-02-28 17:56:42,506 [MainThread  ][INFO ]  ---- Starting iteration 28/100
2019-02-28 17:56:42,506 [MainThread  ][DEBUG]  Setting hyperparameter tf=0.6181818181818182
2019-02-28 17:56:42,506 [MainThread  ][INFO ]  Starting optimization for tf=0.6181818181818182
2019-02-28 17:56:42,506 [MainThread  ][DEBUG]  Optimization method: Nelder-Mead
2019-02-28 17:56:42,506 [MainThread  ][DEBUG]  Optimization options: None
2019-02-28 17:56:42,507 [MainThread  ][INFO ]  Initial parameter values: [ 0.65360165  0.30909091  0.54235036  1.42128791]
2019-02-28 17:57:13,341 [MainThread  ][INFO ]  Final fidelity: 0.9306168600209812
2019-02-28 17:57:13,342 [MainThread  ][INFO ]  Final parameters: [ 2.99996252  0.3244857  -0.3304058  -2.99999415]
2019-02-28 17:57:13,342 [MainThread  ][INFO ]  Fidelity: 0.9306168600209812
2019-02-28 17:57:13,342 [MainThread  ][INFO ]  ---- Starting iteration 29/100
2019-02-28 17:57:13,342 [MainThread  ][DEBUG]  Setting hyperparameter tf=0.6373737373737373
2019-02-28 17:57:13,343 [MainThread  ][INFO ]  Starting optimization for tf=0.6373737373737373
2019-02-28 17:57:13,343 [MainThread  ][DEBUG]  Optimization method: Nelder-Mead
2019-02-28 17:57:13,343 [MainThread  ][DEBUG]  Optimization options: None
2019-02-28 17:57:13,343 [MainThread  ][INFO ]  Initial parameter values: [ 0.68932803  0.31868687  1.99371244  0.51280735]
2019-02-28 17:57:37,311 [MainThread  ][INFO ]  Final fidelity: 0.9062878242668242
2019-02-28 17:57:37,328 [MainThread  ][INFO ]  Final parameters: [ 2.99999345  0.30347596 -2.99998052  0.60217534]
2019-02-28 17:57:37,328 [MainThread  ][INFO ]  Fidelity: 0.9062878242668242
2019-02-28 17:57:37,329 [MainThread  ][INFO ]  ---- Starting iteration 30/100
2019-02-28 17:57:37,329 [MainThread  ][DEBUG]  Setting hyperparameter tf=0.6565656565656565
2019-02-28 17:57:37,329 [MainThread  ][INFO ]  Starting optimization for tf=0.6565656565656565
2019-02-28 17:57:37,329 [MainThread  ][DEBUG]  Optimization method: Nelder-Mead
2019-02-28 17:57:37,329 [MainThread  ][DEBUG]  Optimization options: None
2019-02-28 17:57:37,329 [MainThread  ][INFO ]  Initial parameter values: [ 1.64881206  0.32828283  0.03080821  0.7271362 ]
2019-02-28 17:58:08,419 [MainThread  ][INFO ]  Final fidelity: 0.9406773332638588
2019-02-28 17:58:08,426 [MainThread  ][INFO ]  Final parameters: [ 2.99994252  0.3345319   0.09037325 -2.99993923]
2019-02-28 17:58:08,426 [MainThread  ][INFO ]  Fidelity: 0.9406773332638588
2019-02-28 17:58:08,426 [MainThread  ][INFO ]  ---- Starting iteration 31/100
2019-02-28 17:58:08,426 [MainThread  ][DEBUG]  Setting hyperparameter tf=0.6757575757575757
2019-02-28 17:58:08,426 [MainThread  ][INFO ]  Starting optimization for tf=0.6757575757575757
2019-02-28 17:58:08,426 [MainThread  ][DEBUG]  Optimization method: Nelder-Mead
2019-02-28 17:58:08,426 [MainThread  ][DEBUG]  Optimization options: None
2019-02-28 17:58:08,427 [MainThread  ][INFO ]  Initial parameter values: [ 0.41045798  0.33787879  1.77711198  1.48596472]
2019-02-28 17:58:42,813 [MainThread  ][INFO ]  Final fidelity: 0.857728899775936
2019-02-28 17:58:42,816 [MainThread  ][INFO ]  Final parameters: [ 0.72311391  0.54847715 -2.99985826  1.05492815]
2019-02-28 17:58:42,816 [MainThread  ][INFO ]  Fidelity: 0.857728899775936
2019-02-28 17:58:42,816 [MainThread  ][INFO ]  ---- Starting iteration 32/100
2019-02-28 17:58:42,816 [MainThread  ][DEBUG]  Setting hyperparameter tf=0.6949494949494949
2019-02-28 17:58:42,816 [MainThread  ][INFO ]  Starting optimization for tf=0.6949494949494949
2019-02-28 17:58:42,817 [MainThread  ][DEBUG]  Optimization method: Nelder-Mead
2019-02-28 17:58:42,817 [MainThread  ][DEBUG]  Optimization options: None
2019-02-28 17:58:42,817 [MainThread  ][INFO ]  Initial parameter values: [ 1.16711656  0.34747475  0.74165791  0.15441003]
2019-02-28 17:59:15,535 [MainThread  ][INFO ]  Final fidelity: 0.9372758035224604
2019-02-28 17:59:15,549 [MainThread  ][INFO ]  Final parameters: [ 2.99996993  0.36923497 -2.98615829 -0.30038531]
2019-02-28 17:59:15,549 [MainThread  ][INFO ]  Fidelity: 0.9372758035224604
2019-02-28 17:59:15,549 [MainThread  ][INFO ]  ---- Starting iteration 33/100
2019-02-28 17:59:15,549 [MainThread  ][DEBUG]  Setting hyperparameter tf=0.7141414141414141
2019-02-28 17:59:15,549 [MainThread  ][INFO ]  Starting optimization for tf=0.7141414141414141
2019-02-28 17:59:15,549 [MainThread  ][DEBUG]  Optimization method: Nelder-Mead
2019-02-28 17:59:15,550 [MainThread  ][DEBUG]  Optimization options: None
2019-02-28 17:59:15,550 [MainThread  ][INFO ]  Initial parameter values: [ 0.30309839  0.35707071  0.11977833  1.31906397]
2019-02-28 18:00:03,487 [MainThread  ][INFO ]  Final fidelity: 0.9565447895511596
2019-02-28 18:00:03,488 [MainThread  ][INFO ]  Final parameters: [ 2.99499684  0.36639355  0.2460683  -2.99999069]
2019-02-28 18:00:03,488 [MainThread  ][INFO ]  Fidelity: 0.9565447895511596
2019-02-28 18:00:03,488 [MainThread  ][INFO ]  ---- Starting iteration 34/100
2019-02-28 18:00:03,488 [MainThread  ][DEBUG]  Setting hyperparameter tf=0.7333333333333333
2019-02-28 18:00:03,488 [MainThread  ][INFO ]  Starting optimization for tf=0.7333333333333333
2019-02-28 18:00:03,488 [MainThread  ][DEBUG]  Optimization method: Nelder-Mead
2019-02-28 18:00:03,488 [MainThread  ][DEBUG]  Optimization options: None
2019-02-28 18:00:03,489 [MainThread  ][INFO ]  Initial parameter values: [ 0.70639272  0.36666667  1.09639106  0.44043076]
2019-02-28 18:00:27,883 [MainThread  ][INFO ]  Final fidelity: 0.9363894196523296
2019-02-28 18:00:27,883 [MainThread  ][INFO ]  Final parameters: [ 2.99995393  0.36692735 -2.99991172  0.39806763]
2019-02-28 18:00:27,884 [MainThread  ][INFO ]  Fidelity: 0.9363894196523296
2019-02-28 18:00:27,884 [MainThread  ][INFO ]  ---- Starting iteration 35/100
2019-02-28 18:00:27,884 [MainThread  ][DEBUG]  Setting hyperparameter tf=0.7525252525252525
2019-02-28 18:00:27,884 [MainThread  ][INFO ]  Starting optimization for tf=0.7525252525252525
2019-02-28 18:00:27,884 [MainThread  ][DEBUG]  Optimization method: Nelder-Mead
2019-02-28 18:00:27,884 [MainThread  ][DEBUG]  Optimization options: None
2019-02-28 18:00:27,884 [MainThread  ][INFO ]  Initial parameter values: [ 0.9607253   0.37626263  0.60937045  1.85810423]
2019-02-28 18:01:05,004 [MainThread  ][INFO ]  Final fidelity: 0.9744108208455747
2019-02-28 18:01:05,005 [MainThread  ][INFO ]  Final parameters: [ 2.99999497  0.47761061 -2.22574854 -2.99998382]
2019-02-28 18:01:05,005 [MainThread  ][INFO ]  Fidelity: 0.9744108208455747
2019-02-28 18:01:05,005 [MainThread  ][INFO ]  ---- Starting iteration 36/100
2019-02-28 18:01:05,005 [MainThread  ][DEBUG]  Setting hyperparameter tf=0.7717171717171717
2019-02-28 18:01:05,005 [MainThread  ][INFO ]  Starting optimization for tf=0.7717171717171717
2019-02-28 18:01:05,005 [MainThread  ][DEBUG]  Optimization method: Nelder-Mead
2019-02-28 18:01:05,005 [MainThread  ][DEBUG]  Optimization options: None
2019-02-28 18:01:05,006 [MainThread  ][INFO ]  Initial parameter values: [ 1.2582952   0.38585859  0.68032738  0.82535923]
2019-02-28 18:01:31,554 [MainThread  ][INFO ]  Final fidelity: 0.974949813752256
2019-02-28 18:01:31,568 [MainThread  ][INFO ]  Final parameters: [ 2.9998758   0.44883239 -0.84752703 -2.99991046]
2019-02-28 18:01:31,569 [MainThread  ][INFO ]  Fidelity: 0.974949813752256
2019-02-28 18:01:31,569 [MainThread  ][INFO ]  ---- Starting iteration 37/100
2019-02-28 18:01:31,569 [MainThread  ][DEBUG]  Setting hyperparameter tf=0.7909090909090909
2019-02-28 18:01:31,569 [MainThread  ][INFO ]  Starting optimization for tf=0.7909090909090909
2019-02-28 18:01:31,569 [MainThread  ][DEBUG]  Optimization method: Nelder-Mead
2019-02-28 18:01:31,569 [MainThread  ][DEBUG]  Optimization options: None
2019-02-28 18:01:31,570 [MainThread  ][INFO ]  Initial parameter values: [ 0.40797843  0.39545455  0.69718589  1.58468851]
2019-02-28 18:02:00,026 [MainThread  ][INFO ]  Final fidelity: 0.9755523645123466
2019-02-28 18:02:00,047 [MainThread  ][INFO ]  Final parameters: [ 2.99999261  0.41354671  0.36645001 -2.99998347]
2019-02-28 18:02:00,047 [MainThread  ][INFO ]  Fidelity: 0.9755523645123466
2019-02-28 18:02:00,048 [MainThread  ][INFO ]  ---- Starting iteration 38/100
2019-02-28 18:02:00,048 [MainThread  ][DEBUG]  Setting hyperparameter tf=0.81010101010101
2019-02-28 18:02:00,048 [MainThread  ][INFO ]  Starting optimization for tf=0.81010101010101
2019-02-28 18:02:00,048 [MainThread  ][DEBUG]  Optimization method: Nelder-Mead
2019-02-28 18:02:00,048 [MainThread  ][DEBUG]  Optimization options: None
2019-02-28 18:02:00,048 [MainThread  ][INFO ]  Initial parameter values: [ 0.46256853  0.40505051  1.62995888  0.56419272]
2019-02-28 18:02:57,027 [MainThread  ][INFO ]  Final fidelity: 0.9876700420065941
2019-02-28 18:02:57,035 [MainThread  ][INFO ]  Final parameters: [ 2.99999744  0.54206914 -2.93576404 -2.98320825]
2019-02-28 18:02:57,035 [MainThread  ][INFO ]  Fidelity: 0.9876700420065941
2019-02-28 18:02:57,035 [MainThread  ][INFO ]  ---- Starting iteration 39/100
2019-02-28 18:02:57,035 [MainThread  ][DEBUG]  Setting hyperparameter tf=0.8292929292929292
2019-02-28 18:02:57,035 [MainThread  ][INFO ]  Starting optimization for tf=0.8292929292929292
2019-02-28 18:02:57,035 [MainThread  ][DEBUG]  Optimization method: Nelder-Mead
2019-02-28 18:02:57,035 [MainThread  ][DEBUG]  Optimization options: None
2019-02-28 18:02:57,036 [MainThread  ][INFO ]  Initial parameter values: [ 0.53803553  0.41464646  0.17207531  0.92148354]
2019-02-28 18:03:26,021 [MainThread  ][INFO ]  Final fidelity: 0.9839629663189171
2019-02-28 18:03:26,036 [MainThread  ][INFO ]  Final parameters: [ 2.98527587  0.45414237  0.1137536  -2.99997435]
2019-02-28 18:03:26,036 [MainThread  ][INFO ]  Fidelity: 0.9839629663189171
2019-02-28 18:03:26,037 [MainThread  ][INFO ]  ---- Starting iteration 40/100
2019-02-28 18:03:26,037 [MainThread  ][DEBUG]  Setting hyperparameter tf=0.8484848484848484
2019-02-28 18:03:26,037 [MainThread  ][INFO ]  Starting optimization for tf=0.8484848484848484
2019-02-28 18:03:26,037 [MainThread  ][DEBUG]  Optimization method: Nelder-Mead
2019-02-28 18:03:26,037 [MainThread  ][DEBUG]  Optimization options: None
2019-02-28 18:03:26,037 [MainThread  ][INFO ]  Initial parameter values: [ 0.14006967  0.42424242  1.93313319  1.96201643]
2019-02-28 18:03:55,606 [MainThread  ][INFO ]  Final fidelity: 0.8437953923217627
2019-02-28 18:03:55,609 [MainThread  ][INFO ]  Final parameters: [ 0.27788742  0.82622284 -2.95177785 -2.99987291]
2019-02-28 18:03:55,609 [MainThread  ][INFO ]  Fidelity: 0.8437953923217627
2019-02-28 18:03:55,609 [MainThread  ][INFO ]  ---- Starting iteration 41/100
2019-02-28 18:03:55,609 [MainThread  ][DEBUG]  Setting hyperparameter tf=0.8676767676767676
2019-02-28 18:03:55,610 [MainThread  ][INFO ]  Starting optimization for tf=0.8676767676767676
2019-02-28 18:03:55,610 [MainThread  ][DEBUG]  Optimization method: Nelder-Mead
2019-02-28 18:03:55,610 [MainThread  ][DEBUG]  Optimization options: None
2019-02-28 18:03:55,610 [MainThread  ][INFO ]  Initial parameter values: [ 0.20915591  0.43383838  1.45435572  1.04309264]
2019-02-28 18:04:38,347 [MainThread  ][INFO ]  Final fidelity: 0.9088630986951352
2019-02-28 18:04:38,360 [MainThread  ][INFO ]  Final parameters: [ 0.8797764   0.76109047 -2.99984016 -2.99991798]
2019-02-28 18:04:38,360 [MainThread  ][INFO ]  Fidelity: 0.9088630986951352
2019-02-28 18:04:38,361 [MainThread  ][INFO ]  ---- Starting iteration 42/100
2019-02-28 18:04:38,361 [MainThread  ][DEBUG]  Setting hyperparameter tf=0.8868686868686868
2019-02-28 18:04:38,361 [MainThread  ][INFO ]  Starting optimization for tf=0.8868686868686868
2019-02-28 18:04:38,361 [MainThread  ][DEBUG]  Optimization method: Nelder-Mead
2019-02-28 18:04:38,361 [MainThread  ][DEBUG]  Optimization options: None
2019-02-28 18:04:38,361 [MainThread  ][INFO ]  Initial parameter values: [ 1.0100915   0.44343434  0.1594649   1.7430159 ]
2019-02-28 18:05:03,892 [MainThread  ][INFO ]  Final fidelity: 0.993243366978126
2019-02-28 18:05:03,894 [MainThread  ][INFO ]  Final parameters: [ 2.9999859   0.49696122  0.08744098 -2.99986455]
2019-02-28 18:05:03,895 [MainThread  ][INFO ]  Fidelity: 0.993243366978126
2019-02-28 18:05:03,895 [MainThread  ][INFO ]  ---- Starting iteration 43/100
2019-02-28 18:05:03,895 [MainThread  ][DEBUG]  Setting hyperparameter tf=0.906060606060606
2019-02-28 18:05:03,895 [MainThread  ][INFO ]  Starting optimization for tf=0.906060606060606
2019-02-28 18:05:03,895 [MainThread  ][DEBUG]  Optimization method: Nelder-Mead
2019-02-28 18:05:03,895 [MainThread  ][DEBUG]  Optimization options: None
2019-02-28 18:05:03,895 [MainThread  ][INFO ]  Initial parameter values: [ 1.02090002  0.4530303   1.62850391  0.61126708]
2019-02-28 18:05:51,178 [MainThread  ][INFO ]  Final fidelity: 0.997471048447212
2019-02-28 18:05:51,192 [MainThread  ][INFO ]  Final parameters: [ 2.99998266  0.5872301  -1.74213142 -2.99857506]
2019-02-28 18:05:51,193 [MainThread  ][INFO ]  Fidelity: 0.997471048447212
2019-02-28 18:05:51,193 [MainThread  ][INFO ]  ---- Starting iteration 44/100
2019-02-28 18:05:51,193 [MainThread  ][DEBUG]  Setting hyperparameter tf=0.9252525252525252
2019-02-28 18:05:51,193 [MainThread  ][INFO ]  Starting optimization for tf=0.9252525252525252
2019-02-28 18:05:51,193 [MainThread  ][DEBUG]  Optimization method: Nelder-Mead
2019-02-28 18:05:51,193 [MainThread  ][DEBUG]  Optimization options: None
2019-02-28 18:05:51,193 [MainThread  ][INFO ]  Initial parameter values: [ 1.19189735  0.46262626  1.2962784   1.98236479]
2019-02-28 18:06:20,141 [MainThread  ][INFO ]  Final fidelity: 0.9560494295827783
2019-02-28 18:06:20,142 [MainThread  ][INFO ]  Final parameters: [ 1.38087862  0.41914869  2.94544297 -2.99940276]
2019-02-28 18:06:20,142 [MainThread  ][INFO ]  Fidelity: 0.9560494295827783
2019-02-28 18:06:20,143 [MainThread  ][INFO ]  ---- Starting iteration 45/100
2019-02-28 18:06:20,143 [MainThread  ][DEBUG]  Setting hyperparameter tf=0.9444444444444443
2019-02-28 18:06:20,143 [MainThread  ][INFO ]  Starting optimization for tf=0.9444444444444443
2019-02-28 18:06:20,143 [MainThread  ][DEBUG]  Optimization method: Nelder-Mead
2019-02-28 18:06:20,143 [MainThread  ][DEBUG]  Optimization options: None
2019-02-28 18:06:20,143 [MainThread  ][INFO ]  Initial parameter values: [ 1.46809171  0.47222222  0.70455     1.33646063]
2019-02-28 18:06:49,714 [MainThread  ][INFO ]  Final fidelity: 0.9964512702204017
2019-02-28 18:06:49,720 [MainThread  ][INFO ]  Final parameters: [ 2.99962292  0.41701408  2.00464537 -2.99993528]
2019-02-28 18:06:49,720 [MainThread  ][INFO ]  Fidelity: 0.9964512702204017
2019-02-28 18:06:49,721 [MainThread  ][INFO ]  ---- Starting iteration 46/100
2019-02-28 18:06:49,721 [MainThread  ][DEBUG]  Setting hyperparameter tf=0.9636363636363635
2019-02-28 18:06:49,721 [MainThread  ][INFO ]  Starting optimization for tf=0.9636363636363635
2019-02-28 18:06:49,721 [MainThread  ][DEBUG]  Optimization method: Nelder-Mead
2019-02-28 18:06:49,721 [MainThread  ][DEBUG]  Optimization options: None
2019-02-28 18:06:49,721 [MainThread  ][INFO ]  Initial parameter values: [ 1.46863346  0.48181818  1.4510842   1.66339877]
2019-02-28 18:07:08,289 [MainThread  ][INFO ]  Final fidelity: 0.8608615920035073
2019-02-28 18:07:08,290 [MainThread  ][INFO ]  Final parameters: [ 0.54012846  0.96360295  0.7020661   0.95274549]
2019-02-28 18:07:08,290 [MainThread  ][INFO ]  Fidelity: 0.8608615920035073
2019-02-28 18:07:08,290 [MainThread  ][INFO ]  ---- Starting iteration 47/100
2019-02-28 18:07:08,291 [MainThread  ][DEBUG]  Setting hyperparameter tf=0.9828282828282827
2019-02-28 18:07:08,291 [MainThread  ][INFO ]  Starting optimization for tf=0.9828282828282827
2019-02-28 18:07:08,291 [MainThread  ][DEBUG]  Optimization method: Nelder-Mead
2019-02-28 18:07:08,291 [MainThread  ][DEBUG]  Optimization options: None
2019-02-28 18:07:08,291 [MainThread  ][INFO ]  Initial parameter values: [ 0.06622628  0.49141414  1.20313463  1.68782358]
2019-02-28 18:07:51,694 [MainThread  ][INFO ]  Final fidelity: 0.9754486770228387
2019-02-28 18:07:51,697 [MainThread  ][INFO ]  Final parameters: [  1.99906312e-01   6.43499492e-07   2.99993631e+00  -1.39674891e+00]
2019-02-28 18:07:51,697 [MainThread  ][INFO ]  Fidelity: 0.9754486770228387
2019-02-28 18:07:51,697 [MainThread  ][INFO ]  ---- Starting iteration 48/100
2019-02-28 18:07:51,698 [MainThread  ][DEBUG]  Setting hyperparameter tf=1.002020202020202
2019-02-28 18:07:51,698 [MainThread  ][INFO ]  Starting optimization for tf=1.002020202020202
2019-02-28 18:07:51,698 [MainThread  ][DEBUG]  Optimization method: Nelder-Mead
2019-02-28 18:07:51,698 [MainThread  ][DEBUG]  Optimization options: None
2019-02-28 18:07:51,698 [MainThread  ][INFO ]  Initial parameter values: [ 0.94780408  0.5010101   1.75617742  1.28566102]
2019-02-28 18:08:28,700 [MainThread  ][INFO ]  Final fidelity: 0.9986394701169684
2019-02-28 18:08:28,701 [MainThread  ][INFO ]  Final parameters: [ 2.84933558  0.37130609  2.99993175 -2.99999589]
2019-02-28 18:08:28,701 [MainThread  ][INFO ]  Fidelity: 0.9986394701169684
2019-02-28 18:08:28,701 [MainThread  ][INFO ]  ---- Starting iteration 49/100
2019-02-28 18:08:28,701 [MainThread  ][DEBUG]  Setting hyperparameter tf=1.0212121212121212
2019-02-28 18:08:28,701 [MainThread  ][INFO ]  Starting optimization for tf=1.0212121212121212
2019-02-28 18:08:28,701 [MainThread  ][DEBUG]  Optimization method: Nelder-Mead
2019-02-28 18:08:28,701 [MainThread  ][DEBUG]  Optimization options: None
2019-02-28 18:08:28,702 [MainThread  ][INFO ]  Initial parameter values: [ 0.15981833  0.51060606  0.15479386  0.25558272]
2019-02-28 18:08:59,870 [MainThread  ][INFO ]  Final fidelity: 0.9990192454033131
2019-02-28 18:08:59,880 [MainThread  ][INFO ]  Final parameters: [ 2.97273226  0.37340537  2.87851167 -2.87306962]
2019-02-28 18:08:59,880 [MainThread  ][INFO ]  Fidelity: 0.9990192454033131
2019-02-28 18:08:59,880 [MainThread  ][INFO ]  ---- Starting iteration 50/100
2019-02-28 18:08:59,880 [MainThread  ][DEBUG]  Setting hyperparameter tf=1.0404040404040404
2019-02-28 18:08:59,880 [MainThread  ][INFO ]  Starting optimization for tf=1.0404040404040404
2019-02-28 18:08:59,880 [MainThread  ][DEBUG]  Optimization method: Nelder-Mead
2019-02-28 18:08:59,880 [MainThread  ][DEBUG]  Optimization options: None
2019-02-28 18:08:59,881 [MainThread  ][INFO ]  Initial parameter values: [ 1.53906125  0.52020202  0.73996137  0.842425  ]
2019-02-28 18:09:31,657 [MainThread  ][INFO ]  Final fidelity: 0.9989685933364723
2019-02-28 18:09:31,667 [MainThread  ][INFO ]  Final parameters: [ 2.98575207  0.62445748 -2.9997694  -0.32367397]
2019-02-28 18:09:31,668 [MainThread  ][INFO ]  Fidelity: 0.9989685933364723
2019-02-28 18:09:31,668 [MainThread  ][INFO ]  ---- Starting iteration 51/100
2019-02-28 18:09:31,668 [MainThread  ][DEBUG]  Setting hyperparameter tf=1.0595959595959596
2019-02-28 18:09:31,668 [MainThread  ][INFO ]  Starting optimization for tf=1.0595959595959596
2019-02-28 18:09:31,668 [MainThread  ][DEBUG]  Optimization method: Nelder-Mead
2019-02-28 18:09:31,668 [MainThread  ][DEBUG]  Optimization options: None
2019-02-28 18:09:31,668 [MainThread  ][INFO ]  Initial parameter values: [ 0.33285042  0.52979798  1.44077716  0.24004095]
2019-02-28 18:09:56,462 [MainThread  ][INFO ]  Final fidelity: 0.9989904132051896
2019-02-28 18:09:56,471 [MainThread  ][INFO ]  Final parameters: [ 2.87303456  0.62409599 -2.16723094 -0.6977107 ]
2019-02-28 18:09:56,471 [MainThread  ][INFO ]  Fidelity: 0.9989904132051896
2019-02-28 18:09:56,472 [MainThread  ][INFO ]  ---- Starting iteration 52/100
2019-02-28 18:09:56,472 [MainThread  ][DEBUG]  Setting hyperparameter tf=1.0787878787878789
2019-02-28 18:09:56,472 [MainThread  ][INFO ]  Starting optimization for tf=1.0787878787878789
2019-02-28 18:09:56,472 [MainThread  ][DEBUG]  Optimization method: Nelder-Mead
2019-02-28 18:09:56,472 [MainThread  ][DEBUG]  Optimization options: None
2019-02-28 18:09:56,472 [MainThread  ][INFO ]  Initial parameter values: [ 0.45436351  0.53939394  0.63466936  1.96965822]
2019-02-28 18:10:39,377 [MainThread  ][INFO ]  Final fidelity: 0.999031546611265
2019-02-28 18:10:39,388 [MainThread  ][INFO ]  Final parameters: [ 2.12010667  0.84187937 -2.9915687  -2.97730629]
2019-02-28 18:10:39,388 [MainThread  ][INFO ]  Fidelity: 0.999031546611265
2019-02-28 18:10:39,389 [MainThread  ][INFO ]  ---- Starting iteration 53/100
2019-02-28 18:10:39,389 [MainThread  ][DEBUG]  Setting hyperparameter tf=1.097979797979798
2019-02-28 18:10:39,389 [MainThread  ][INFO ]  Starting optimization for tf=1.097979797979798
2019-02-28 18:10:39,389 [MainThread  ][DEBUG]  Optimization method: Nelder-Mead
2019-02-28 18:10:39,389 [MainThread  ][DEBUG]  Optimization options: None
2019-02-28 18:10:39,389 [MainThread  ][INFO ]  Initial parameter values: [ 0.81227758  0.5489899   0.51254833  1.39627299]
2019-02-28 18:11:13,970 [MainThread  ][INFO ]  Final fidelity: 0.9990439168057272
2019-02-28 18:11:13,972 [MainThread  ][INFO ]  Final parameters: [ 2.41099043  0.6207424   0.79375085 -2.37569723]
2019-02-28 18:11:13,973 [MainThread  ][INFO ]  Fidelity: 0.9990439168057272
2019-02-28 18:11:13,973 [MainThread  ][INFO ]  ---- Starting iteration 54/100
2019-02-28 18:11:13,973 [MainThread  ][DEBUG]  Setting hyperparameter tf=1.1171717171717173
2019-02-28 18:11:13,973 [MainThread  ][INFO ]  Starting optimization for tf=1.1171717171717173
2019-02-28 18:11:13,973 [MainThread  ][DEBUG]  Optimization method: Nelder-Mead
2019-02-28 18:11:13,973 [MainThread  ][DEBUG]  Optimization options: None
2019-02-28 18:11:13,974 [MainThread  ][INFO ]  Initial parameter values: [ 1.38063996  0.55858586  0.00263123  1.23449742]
2019-02-28 18:11:38,119 [MainThread  ][INFO ]  Final fidelity: 0.9990502417380195
2019-02-28 18:11:38,128 [MainThread  ][INFO ]  Final parameters: [ 2.14782676  0.74864645  0.0066446  -2.7410675 ]
2019-02-28 18:11:38,128 [MainThread  ][INFO ]  Fidelity: 0.9990502417380195
2019-02-28 18:11:38,128 [MainThread  ][INFO ]  ---- Starting iteration 55/100
2019-02-28 18:11:38,128 [MainThread  ][DEBUG]  Setting hyperparameter tf=1.1363636363636365
2019-02-28 18:11:38,128 [MainThread  ][INFO ]  Starting optimization for tf=1.1363636363636365
2019-02-28 18:11:38,128 [MainThread  ][DEBUG]  Optimization method: Nelder-Mead
2019-02-28 18:11:38,128 [MainThread  ][DEBUG]  Optimization options: None
2019-02-28 18:11:38,129 [MainThread  ][INFO ]  Initial parameter values: [ 0.67001872  0.56818182  0.75995119  0.50019985]
2019-02-28 18:12:01,011 [MainThread  ][INFO ]  Final fidelity: 0.9990147347463705
2019-02-28 18:12:01,012 [MainThread  ][INFO ]  Final parameters: [ 2.48397211  0.71638788 -2.9049645   0.09599893]
2019-02-28 18:12:01,012 [MainThread  ][INFO ]  Fidelity: 0.9990147347463705
2019-02-28 18:12:01,012 [MainThread  ][INFO ]  ---- Starting iteration 56/100
2019-02-28 18:12:01,012 [MainThread  ][DEBUG]  Setting hyperparameter tf=1.1555555555555557
2019-02-28 18:12:01,012 [MainThread  ][INFO ]  Starting optimization for tf=1.1555555555555557
2019-02-28 18:12:01,013 [MainThread  ][DEBUG]  Optimization method: Nelder-Mead
2019-02-28 18:12:01,013 [MainThread  ][DEBUG]  Optimization options: None
2019-02-28 18:12:01,013 [MainThread  ][INFO ]  Initial parameter values: [ 0.19707275  0.57777778  1.0305517   0.15146381]
2019-02-28 18:12:40,720 [MainThread  ][INFO ]  Final fidelity: 0.9834981680718464
2019-02-28 18:12:40,724 [MainThread  ][INFO ]  Final parameters: [ 2.99999869  0.02098127  2.41228915 -0.76507489]
2019-02-28 18:12:40,724 [MainThread  ][INFO ]  Fidelity: 0.9834981680718464
2019-02-28 18:12:40,724 [MainThread  ][INFO ]  ---- Starting iteration 57/100
2019-02-28 18:12:40,724 [MainThread  ][DEBUG]  Setting hyperparameter tf=1.1747474747474747
2019-02-28 18:12:40,724 [MainThread  ][INFO ]  Starting optimization for tf=1.1747474747474747
2019-02-28 18:12:40,724 [MainThread  ][DEBUG]  Optimization method: Nelder-Mead
2019-02-28 18:12:40,724 [MainThread  ][DEBUG]  Optimization options: None
2019-02-28 18:12:40,725 [MainThread  ][INFO ]  Initial parameter values: [ 1.57521463  0.58737374  0.65725613  1.70328421]
2019-02-28 18:13:07,629 [MainThread  ][INFO ]  Final fidelity: 0.9990746303202291
2019-02-28 18:13:07,630 [MainThread  ][INFO ]  Final parameters: [ 1.96171941  0.72191879  1.46890211 -2.80879947]
2019-02-28 18:13:07,630 [MainThread  ][INFO ]  Fidelity: 0.9990746303202291
2019-02-28 18:13:07,630 [MainThread  ][INFO ]  ---- Starting iteration 58/100
2019-02-28 18:13:07,630 [MainThread  ][DEBUG]  Setting hyperparameter tf=1.1939393939393939
2019-02-28 18:13:07,630 [MainThread  ][INFO ]  Starting optimization for tf=1.1939393939393939
2019-02-28 18:13:07,630 [MainThread  ][DEBUG]  Optimization method: Nelder-Mead
2019-02-28 18:13:07,630 [MainThread  ][DEBUG]  Optimization options: None
2019-02-28 18:13:07,630 [MainThread  ][INFO ]  Initial parameter values: [ 1.15465339  0.5969697   1.60588879  0.30209232]
2019-02-28 18:13:34,577 [MainThread  ][INFO ]  Final fidelity: 0.9990383774780934
2019-02-28 18:13:34,582 [MainThread  ][INFO ]  Final parameters: [ 2.23802897  0.77202071 -2.74920799  0.2398216 ]
2019-02-28 18:13:34,582 [MainThread  ][INFO ]  Fidelity: 0.9990383774780934
2019-02-28 18:13:34,582 [MainThread  ][INFO ]  ---- Starting iteration 59/100
2019-02-28 18:13:34,583 [MainThread  ][DEBUG]  Setting hyperparameter tf=1.213131313131313
2019-02-28 18:13:34,583 [MainThread  ][INFO ]  Starting optimization for tf=1.213131313131313
2019-02-28 18:13:34,583 [MainThread  ][DEBUG]  Optimization method: Nelder-Mead
2019-02-28 18:13:34,583 [MainThread  ][DEBUG]  Optimization options: None
2019-02-28 18:13:34,583 [MainThread  ][INFO ]  Initial parameter values: [ 0.72642511  0.60656566  0.87489582  1.62732682]
2019-02-28 18:14:03,620 [MainThread  ][INFO ]  Final fidelity: 0.9990796900318415
2019-02-28 18:14:03,636 [MainThread  ][INFO ]  Final parameters: [ 1.95524865  0.72545179  0.85773786 -2.00230124]
2019-02-28 18:14:03,637 [MainThread  ][INFO ]  Fidelity: 0.9990796900318415
2019-02-28 18:14:03,637 [MainThread  ][INFO ]  ---- Starting iteration 60/100
2019-02-28 18:14:03,637 [MainThread  ][DEBUG]  Setting hyperparameter tf=1.2323232323232323
2019-02-28 18:14:03,637 [MainThread  ][INFO ]  Starting optimization for tf=1.2323232323232323
2019-02-28 18:14:03,637 [MainThread  ][DEBUG]  Optimization method: Nelder-Mead
2019-02-28 18:14:03,637 [MainThread  ][DEBUG]  Optimization options: None
2019-02-28 18:14:03,638 [MainThread  ][INFO ]  Initial parameter values: [ 1.0198119   0.61616162  1.1958883   0.8997936 ]
2019-02-28 18:14:26,884 [MainThread  ][INFO ]  Final fidelity: 0.9990881359145433
2019-02-28 18:14:26,895 [MainThread  ][INFO ]  Final parameters: [ 2.15520846  0.40754601  2.24190388 -1.539494  ]
2019-02-28 18:14:26,895 [MainThread  ][INFO ]  Fidelity: 0.9990881359145433
2019-02-28 18:14:26,895 [MainThread  ][INFO ]  ---- Starting iteration 61/100
2019-02-28 18:14:26,895 [MainThread  ][DEBUG]  Setting hyperparameter tf=1.2515151515151515
2019-02-28 18:14:26,895 [MainThread  ][INFO ]  Starting optimization for tf=1.2515151515151515
2019-02-28 18:14:26,895 [MainThread  ][DEBUG]  Optimization method: Nelder-Mead
2019-02-28 18:14:26,895 [MainThread  ][DEBUG]  Optimization options: None
2019-02-28 18:14:26,896 [MainThread  ][INFO ]  Initial parameter values: [ 0.14454908  0.62575758  0.6883367   0.6769202 ]
2019-02-28 18:15:00,250 [MainThread  ][INFO ]  Final fidelity: 0.9990931219124339
2019-02-28 18:15:00,256 [MainThread  ][INFO ]  Final parameters: [ -8.10405681e-02   1.22370978e-04   2.99992066e+00  -1.08363213e+00]
2019-02-28 18:15:00,257 [MainThread  ][INFO ]  Fidelity: 0.9990931219124339
2019-02-28 18:15:00,257 [MainThread  ][INFO ]  ---- Starting iteration 62/100
2019-02-28 18:15:00,257 [MainThread  ][DEBUG]  Setting hyperparameter tf=1.2707070707070707
2019-02-28 18:15:00,257 [MainThread  ][INFO ]  Starting optimization for tf=1.2707070707070707
2019-02-28 18:15:00,257 [MainThread  ][DEBUG]  Optimization method: Nelder-Mead
2019-02-28 18:15:00,257 [MainThread  ][DEBUG]  Optimization options: None
2019-02-28 18:15:00,257 [MainThread  ][INFO ]  Initial parameter values: [ 1.67037543  0.63535354  1.47933398  1.92513687]
2019-02-28 18:15:25,216 [MainThread  ][INFO ]  Final fidelity: 0.8933375271947555
2019-02-28 18:15:25,216 [MainThread  ][INFO ]  Final parameters: [ 0.56296046  1.27012584  1.54098329  0.16689672]
2019-02-28 18:15:25,216 [MainThread  ][INFO ]  Fidelity: 0.8933375271947555
2019-02-28 18:15:25,216 [MainThread  ][INFO ]  ---- Starting iteration 63/100
2019-02-28 18:15:25,217 [MainThread  ][DEBUG]  Setting hyperparameter tf=1.2898989898989899
2019-02-28 18:15:25,217 [MainThread  ][INFO ]  Starting optimization for tf=1.2898989898989899
2019-02-28 18:15:25,217 [MainThread  ][DEBUG]  Optimization method: Nelder-Mead
2019-02-28 18:15:25,217 [MainThread  ][DEBUG]  Optimization options: None
2019-02-28 18:15:25,217 [MainThread  ][INFO ]  Initial parameter values: [ 0.32330688  0.64494949  1.37956308  1.76766715]
2019-02-28 18:15:52,715 [MainThread  ][INFO ]  Final fidelity: 0.9991100024714314
2019-02-28 18:15:52,716 [MainThread  ][INFO ]  Final parameters: [ 1.58857254  1.02317278 -1.98358097 -1.69515239]
2019-02-28 18:15:52,716 [MainThread  ][INFO ]  Fidelity: 0.9991100024714314
2019-02-28 18:15:52,717 [MainThread  ][INFO ]  ---- Starting iteration 64/100
2019-02-28 18:15:52,717 [MainThread  ][DEBUG]  Setting hyperparameter tf=1.309090909090909
2019-02-28 18:15:52,717 [MainThread  ][INFO ]  Starting optimization for tf=1.309090909090909
2019-02-28 18:15:52,717 [MainThread  ][DEBUG]  Optimization method: Nelder-Mead
2019-02-28 18:15:52,717 [MainThread  ][DEBUG]  Optimization options: None
2019-02-28 18:15:52,717 [MainThread  ][INFO ]  Initial parameter values: [ 1.15431295  0.65454545  0.74208549  0.54993766]
2019-02-28 18:16:12,462 [MainThread  ][INFO ]  Final fidelity: 0.999086756812446
2019-02-28 18:16:12,463 [MainThread  ][INFO ]  Final parameters: [ 2.18183157  0.61509044  0.1791558  -0.46270863]
2019-02-28 18:16:12,463 [MainThread  ][INFO ]  Fidelity: 0.999086756812446
2019-02-28 18:16:12,463 [MainThread  ][INFO ]  ---- Starting iteration 65/100
2019-02-28 18:16:12,463 [MainThread  ][DEBUG]  Setting hyperparameter tf=1.3282828282828283
2019-02-28 18:16:12,463 [MainThread  ][INFO ]  Starting optimization for tf=1.3282828282828283
2019-02-28 18:16:12,463 [MainThread  ][DEBUG]  Optimization method: Nelder-Mead
2019-02-28 18:16:12,463 [MainThread  ][DEBUG]  Optimization options: None
2019-02-28 18:16:12,464 [MainThread  ][INFO ]  Initial parameter values: [ 1.81339386  0.66414141  0.4084317   0.03287359]
2019-02-28 18:16:41,573 [MainThread  ][INFO ]  Final fidelity: 0.999082362366932
2019-02-28 18:16:41,582 [MainThread  ][INFO ]  Final parameters: [ 2.97628205  0.42965424  0.08340068  0.0281159 ]
2019-02-28 18:16:41,582 [MainThread  ][INFO ]  Fidelity: 0.999082362366932
2019-02-28 18:16:41,582 [MainThread  ][INFO ]  ---- Starting iteration 66/100
2019-02-28 18:16:41,582 [MainThread  ][DEBUG]  Setting hyperparameter tf=1.3474747474747475
2019-02-28 18:16:41,582 [MainThread  ][INFO ]  Starting optimization for tf=1.3474747474747475
2019-02-28 18:16:41,582 [MainThread  ][DEBUG]  Optimization method: Nelder-Mead
2019-02-28 18:16:41,582 [MainThread  ][DEBUG]  Optimization options: None
2019-02-28 18:16:41,583 [MainThread  ][INFO ]  Initial parameter values: [ 0.66811614  0.67373737  1.542117    1.99138014]
2019-02-28 18:17:14,407 [MainThread  ][INFO ]  Final fidelity: 0.9991247156884204
2019-02-28 18:17:14,430 [MainThread  ][INFO ]  Final parameters: [ 1.53719801  0.85246026  1.4396239  -2.04905488]
2019-02-28 18:17:14,430 [MainThread  ][INFO ]  Fidelity: 0.9991247156884204
2019-02-28 18:17:14,431 [MainThread  ][INFO ]  ---- Starting iteration 67/100
2019-02-28 18:17:14,431 [MainThread  ][DEBUG]  Setting hyperparameter tf=1.3666666666666667
2019-02-28 18:17:14,431 [MainThread  ][INFO ]  Starting optimization for tf=1.3666666666666667
2019-02-28 18:17:14,431 [MainThread  ][DEBUG]  Optimization method: Nelder-Mead
2019-02-28 18:17:14,431 [MainThread  ][DEBUG]  Optimization options: None
2019-02-28 18:17:14,431 [MainThread  ][INFO ]  Initial parameter values: [ 1.90119615  0.68333333  0.2276793   0.45576002]
2019-02-28 18:17:35,505 [MainThread  ][INFO ]  Final fidelity: 0.9990925991889138
2019-02-28 18:17:35,506 [MainThread  ][INFO ]  Final parameters: [ 2.92583334  0.41786261  0.19434946  0.07226926]
2019-02-28 18:17:35,506 [MainThread  ][INFO ]  Fidelity: 0.9990925991889138
2019-02-28 18:17:35,506 [MainThread  ][INFO ]  ---- Starting iteration 68/100
2019-02-28 18:17:35,507 [MainThread  ][DEBUG]  Setting hyperparameter tf=1.385858585858586
2019-02-28 18:17:35,507 [MainThread  ][INFO ]  Starting optimization for tf=1.385858585858586
2019-02-28 18:17:35,507 [MainThread  ][DEBUG]  Optimization method: Nelder-Mead
2019-02-28 18:17:35,507 [MainThread  ][DEBUG]  Optimization options: None
2019-02-28 18:17:35,507 [MainThread  ][INFO ]  Initial parameter values: [ 1.07245766  0.69292929  0.81657237  1.14236239]
2019-02-28 18:18:02,848 [MainThread  ][INFO ]  Final fidelity: 0.9991320297543074
2019-02-28 18:18:02,849 [MainThread  ][INFO ]  Final parameters: [ 1.5052995   0.86223818  1.20413244 -1.64596016]
2019-02-28 18:18:02,849 [MainThread  ][INFO ]  Fidelity: 0.9991320297543074
2019-02-28 18:18:02,849 [MainThread  ][INFO ]  ---- Starting iteration 69/100
2019-02-28 18:18:02,850 [MainThread  ][DEBUG]  Setting hyperparameter tf=1.405050505050505
2019-02-28 18:18:02,850 [MainThread  ][INFO ]  Starting optimization for tf=1.405050505050505
2019-02-28 18:18:02,850 [MainThread  ][DEBUG]  Optimization method: Nelder-Mead
2019-02-28 18:18:02,850 [MainThread  ][DEBUG]  Optimization options: None
2019-02-28 18:18:02,850 [MainThread  ][INFO ]  Initial parameter values: [ 1.50274656  0.70252525  0.87017776  1.39558919]
2019-02-28 18:18:24,414 [MainThread  ][INFO ]  Final fidelity: 0.908254319628299
2019-02-28 18:18:24,419 [MainThread  ][INFO ]  Final parameters: [ 0.575858    1.40222477  1.30387875 -0.01001424]
2019-02-28 18:18:24,419 [MainThread  ][INFO ]  Fidelity: 0.908254319628299
2019-02-28 18:18:24,419 [MainThread  ][INFO ]  ---- Starting iteration 70/100
2019-02-28 18:18:24,420 [MainThread  ][DEBUG]  Setting hyperparameter tf=1.4242424242424243
2019-02-28 18:18:24,420 [MainThread  ][INFO ]  Starting optimization for tf=1.4242424242424243
2019-02-28 18:18:24,420 [MainThread  ][DEBUG]  Optimization method: Nelder-Mead
2019-02-28 18:18:24,420 [MainThread  ][DEBUG]  Optimization options: None
2019-02-28 18:18:24,420 [MainThread  ][INFO ]  Initial parameter values: [ 1.14247725  0.71212121  0.9201935   1.17330916]
2019-02-28 18:18:49,438 [MainThread  ][INFO ]  Final fidelity: 0.999143483802246
2019-02-28 18:18:49,439 [MainThread  ][INFO ]  Final parameters: [ 1.40150925  0.85729615  1.7216288  -1.77192031]
2019-02-28 18:18:49,439 [MainThread  ][INFO ]  Fidelity: 0.999143483802246
2019-02-28 18:18:49,439 [MainThread  ][INFO ]  ---- Starting iteration 71/100
2019-02-28 18:18:49,439 [MainThread  ][DEBUG]  Setting hyperparameter tf=1.4434343434343435
2019-02-28 18:18:49,439 [MainThread  ][INFO ]  Starting optimization for tf=1.4434343434343435
2019-02-28 18:18:49,439 [MainThread  ][DEBUG]  Optimization method: Nelder-Mead
2019-02-28 18:18:49,439 [MainThread  ][DEBUG]  Optimization options: None
2019-02-28 18:18:49,440 [MainThread  ][INFO ]  Initial parameter values: [ 0.74281677  0.72171717  0.81292048  1.29383215]
2019-02-28 18:19:11,232 [MainThread  ][INFO ]  Final fidelity: 0.9991363513685715
2019-02-28 18:19:11,243 [MainThread  ][INFO ]  Final parameters: [ 1.56386571  0.78136111  0.86628217 -0.81131224]
2019-02-28 18:19:11,243 [MainThread  ][INFO ]  Fidelity: 0.9991363513685715
2019-02-28 18:19:11,243 [MainThread  ][INFO ]  ---- Starting iteration 72/100
2019-02-28 18:19:11,244 [MainThread  ][DEBUG]  Setting hyperparameter tf=1.4626262626262627
2019-02-28 18:19:11,244 [MainThread  ][INFO ]  Starting optimization for tf=1.4626262626262627
2019-02-28 18:19:11,244 [MainThread  ][DEBUG]  Optimization method: Nelder-Mead
2019-02-28 18:19:11,244 [MainThread  ][DEBUG]  Optimization options: None
2019-02-28 18:19:11,244 [MainThread  ][INFO ]  Initial parameter values: [ 0.12509508  0.73131313  1.7799208   1.42477337]
2019-02-28 18:19:32,720 [MainThread  ][INFO ]  Final fidelity: 0.9425661994963871
2019-02-28 18:19:32,720 [MainThread  ][INFO ]  Final parameters: [ 0.59324806  1.37879244 -2.9999247  -1.51223194]
2019-02-28 18:19:32,721 [MainThread  ][INFO ]  Fidelity: 0.9425661994963871
2019-02-28 18:19:32,721 [MainThread  ][INFO ]  ---- Starting iteration 73/100
2019-02-28 18:19:32,721 [MainThread  ][DEBUG]  Setting hyperparameter tf=1.481818181818182
2019-02-28 18:19:32,721 [MainThread  ][INFO ]  Starting optimization for tf=1.481818181818182
2019-02-28 18:19:32,721 [MainThread  ][DEBUG]  Optimization method: Nelder-Mead
2019-02-28 18:19:32,721 [MainThread  ][DEBUG]  Optimization options: None
2019-02-28 18:19:32,721 [MainThread  ][INFO ]  Initial parameter values: [ 1.91899166  0.74090909  1.61113217  1.43345741]
2019-02-28 18:19:49,246 [MainThread  ][INFO ]  Final fidelity: 0.9165004972937405
2019-02-28 18:19:49,261 [MainThread  ][INFO ]  Final parameters: [ 0.59682159  1.48055449  0.27671893  1.0960414 ]
2019-02-28 18:19:49,261 [MainThread  ][INFO ]  Fidelity: 0.9165004972937405
2019-02-28 18:19:49,261 [MainThread  ][INFO ]  ---- Starting iteration 74/100
2019-02-28 18:19:49,261 [MainThread  ][DEBUG]  Setting hyperparameter tf=1.501010101010101
2019-02-28 18:19:49,261 [MainThread  ][INFO ]  Starting optimization for tf=1.501010101010101
2019-02-28 18:19:49,262 [MainThread  ][DEBUG]  Optimization method: Nelder-Mead
2019-02-28 18:19:49,262 [MainThread  ][DEBUG]  Optimization options: None
2019-02-28 18:19:49,262 [MainThread  ][INFO ]  Initial parameter values: [ 1.61326852  0.75050505  1.07911411  1.21946611]
2019-02-28 18:20:31,278 [MainThread  ][INFO ]  Final fidelity: 0.9991393690287587
2019-02-28 18:20:31,286 [MainThread  ][INFO ]  Final parameters: [ 1.5932036   0.79338697  0.33933124 -0.24377339]
2019-02-28 18:20:31,286 [MainThread  ][INFO ]  Fidelity: 0.9991393690287587
2019-02-28 18:20:31,286 [MainThread  ][INFO ]  ---- Starting iteration 75/100
2019-02-28 18:20:31,286 [MainThread  ][DEBUG]  Setting hyperparameter tf=1.52020202020202
2019-02-28 18:20:31,286 [MainThread  ][INFO ]  Starting optimization for tf=1.52020202020202
2019-02-28 18:20:31,286 [MainThread  ][DEBUG]  Optimization method: Nelder-Mead
2019-02-28 18:20:31,286 [MainThread  ][DEBUG]  Optimization options: None
2019-02-28 18:20:31,287 [MainThread  ][INFO ]  Initial parameter values: [ 1.56346577  0.76010101  0.24322652  1.48641808]
2019-02-28 18:20:53,094 [MainThread  ][INFO ]  Final fidelity: 0.9991700012876502
2019-02-28 18:20:53,108 [MainThread  ][INFO ]  Final parameters: [ 1.2428005   1.16232486  0.33489499 -1.60213655]
2019-02-28 18:20:53,109 [MainThread  ][INFO ]  Fidelity: 0.9991700012876502
2019-02-28 18:20:53,109 [MainThread  ][INFO ]  ---- Starting iteration 76/100
2019-02-28 18:20:53,109 [MainThread  ][DEBUG]  Setting hyperparameter tf=1.5393939393939393
2019-02-28 18:20:53,109 [MainThread  ][INFO ]  Starting optimization for tf=1.5393939393939393
2019-02-28 18:20:53,109 [MainThread  ][DEBUG]  Optimization method: Nelder-Mead
2019-02-28 18:20:53,109 [MainThread  ][DEBUG]  Optimization options: None
2019-02-28 18:20:53,110 [MainThread  ][INFO ]  Initial parameter values: [ 1.61346885  0.76969697  0.23160172  0.03022254]
2019-02-28 18:21:06,942 [MainThread  ][INFO ]  Final fidelity: 0.9991424577887574
2019-02-28 18:21:06,942 [MainThread  ][INFO ]  Final parameters: [ 1.65172988  0.74987477  0.22988051  0.0297369 ]
2019-02-28 18:21:06,943 [MainThread  ][INFO ]  Fidelity: 0.9991424577887574
2019-02-28 18:21:06,943 [MainThread  ][INFO ]  ---- Starting iteration 77/100
2019-02-28 18:21:06,943 [MainThread  ][DEBUG]  Setting hyperparameter tf=1.5585858585858585
2019-02-28 18:21:06,943 [MainThread  ][INFO ]  Starting optimization for tf=1.5585858585858585
2019-02-28 18:21:06,943 [MainThread  ][DEBUG]  Optimization method: Nelder-Mead
2019-02-28 18:21:06,943 [MainThread  ][DEBUG]  Optimization options: None
2019-02-28 18:21:06,943 [MainThread  ][INFO ]  Initial parameter values: [ 0.14808861  0.77929293  0.41336145  0.68630596]
2019-02-28 18:21:48,835 [MainThread  ][INFO ]  Final fidelity: 0.9991737930946667
2019-02-28 18:21:48,842 [MainThread  ][INFO ]  Final parameters: [ -4.42368886e-01   6.23420976e-05   1.99678794e+00  -2.79818795e-01]
2019-02-28 18:21:48,842 [MainThread  ][INFO ]  Fidelity: 0.9991737930946667
2019-02-28 18:21:48,843 [MainThread  ][INFO ]  ---- Starting iteration 78/100
2019-02-28 18:21:48,843 [MainThread  ][DEBUG]  Setting hyperparameter tf=1.5777777777777777
2019-02-28 18:21:48,843 [MainThread  ][INFO ]  Starting optimization for tf=1.5777777777777777
2019-02-28 18:21:48,843 [MainThread  ][DEBUG]  Optimization method: Nelder-Mead
2019-02-28 18:21:48,843 [MainThread  ][DEBUG]  Optimization options: None
2019-02-28 18:21:48,843 [MainThread  ][INFO ]  Initial parameter values: [ 0.52720441  0.78888889  1.6364331   1.17049704]
2019-02-28 18:22:12,960 [MainThread  ][INFO ]  Final fidelity: 0.9991533621095634
2019-02-28 18:22:12,961 [MainThread  ][INFO ]  Final parameters: [ 1.31754813  1.185216   -2.329826    1.06330541]
2019-02-28 18:22:12,961 [MainThread  ][INFO ]  Fidelity: 0.9991533621095634
2019-02-28 18:22:12,961 [MainThread  ][INFO ]  ---- Starting iteration 79/100
2019-02-28 18:22:12,961 [MainThread  ][DEBUG]  Setting hyperparameter tf=1.596969696969697
2019-02-28 18:22:12,962 [MainThread  ][INFO ]  Starting optimization for tf=1.596969696969697
2019-02-28 18:22:12,962 [MainThread  ][DEBUG]  Optimization method: Nelder-Mead
2019-02-28 18:22:12,962 [MainThread  ][DEBUG]  Optimization options: None
2019-02-28 18:22:12,962 [MainThread  ][INFO ]  Initial parameter values: [ 1.62010728  0.79848485  1.80535747  1.67426074]
2019-02-28 18:22:33,592 [MainThread  ][INFO ]  Final fidelity: 0.9289479194357156
2019-02-28 18:22:33,600 [MainThread  ][INFO ]  Final parameters: [ 0.60053287  1.59694905  0.85618391  1.3679676 ]
2019-02-28 18:22:33,600 [MainThread  ][INFO ]  Fidelity: 0.9289479194357156
2019-02-28 18:22:33,600 [MainThread  ][INFO ]  ---- Starting iteration 80/100
2019-02-28 18:22:33,600 [MainThread  ][DEBUG]  Setting hyperparameter tf=1.6161616161616161
2019-02-28 18:22:33,600 [MainThread  ][INFO ]  Starting optimization for tf=1.6161616161616161
2019-02-28 18:22:33,600 [MainThread  ][DEBUG]  Optimization method: Nelder-Mead
2019-02-28 18:22:33,601 [MainThread  ][DEBUG]  Optimization options: None
2019-02-28 18:22:33,601 [MainThread  ][INFO ]  Initial parameter values: [ 1.26860352  0.80808081  1.78163433  1.91636847]
2019-02-28 18:22:56,402 [MainThread  ][INFO ]  Final fidelity: 0.9309650730845482
2019-02-28 18:22:56,403 [MainThread  ][INFO ]  Final parameters: [ 0.60312899  1.6161585   1.14664516  1.36314207]
2019-02-28 18:22:56,403 [MainThread  ][INFO ]  Fidelity: 0.9309650730845482
2019-02-28 18:22:56,403 [MainThread  ][INFO ]  ---- Starting iteration 81/100
2019-02-28 18:22:56,404 [MainThread  ][DEBUG]  Setting hyperparameter tf=1.6353535353535353
2019-02-28 18:22:56,404 [MainThread  ][INFO ]  Starting optimization for tf=1.6353535353535353
2019-02-28 18:22:56,404 [MainThread  ][DEBUG]  Optimization method: Nelder-Mead
2019-02-28 18:22:56,404 [MainThread  ][DEBUG]  Optimization options: None
2019-02-28 18:22:56,404 [MainThread  ][INFO ]  Initial parameter values: [ 0.19192685  0.81767677  1.64656795  0.788825  ]
2019-02-28 18:23:29,716 [MainThread  ][INFO ]  Final fidelity: 0.992177603650433
2019-02-28 18:23:29,723 [MainThread  ][INFO ]  Final parameters: [ 1.0132957   1.31494305 -2.99998117  2.06150846]
2019-02-28 18:23:29,723 [MainThread  ][INFO ]  Fidelity: 0.992177603650433
2019-02-28 18:23:29,723 [MainThread  ][INFO ]  ---- Starting iteration 82/100
2019-02-28 18:23:29,723 [MainThread  ][DEBUG]  Setting hyperparameter tf=1.6545454545454545
2019-02-28 18:23:29,723 [MainThread  ][INFO ]  Starting optimization for tf=1.6545454545454545
2019-02-28 18:23:29,723 [MainThread  ][DEBUG]  Optimization method: Nelder-Mead
2019-02-28 18:23:29,723 [MainThread  ][DEBUG]  Optimization options: None
2019-02-28 18:23:29,724 [MainThread  ][INFO ]  Initial parameter values: [ 1.07013162  0.82727273  1.26766104  1.19031698]
2019-02-28 18:24:13,770 [MainThread  ][INFO ]  Final fidelity: 0.9991979446943363
2019-02-28 18:24:13,773 [MainThread  ][INFO ]  Final parameters: [ 1.14442211  1.00668817  1.35698671 -0.91626917]
2019-02-28 18:24:13,773 [MainThread  ][INFO ]  Fidelity: 0.9991979446943363
2019-02-28 18:24:13,773 [MainThread  ][INFO ]  ---- Starting iteration 83/100
2019-02-28 18:24:13,773 [MainThread  ][DEBUG]  Setting hyperparameter tf=1.6737373737373737
2019-02-28 18:24:13,773 [MainThread  ][INFO ]  Starting optimization for tf=1.6737373737373737
2019-02-28 18:24:13,773 [MainThread  ][DEBUG]  Optimization method: Nelder-Mead
2019-02-28 18:24:13,773 [MainThread  ][DEBUG]  Optimization options: None
2019-02-28 18:24:13,774 [MainThread  ][INFO ]  Initial parameter values: [ 1.78852289  0.83686869  1.5474142   0.86967017]
2019-02-28 18:24:43,278 [MainThread  ][INFO ]  Final fidelity: 0.9991939937679372
2019-02-28 18:24:43,283 [MainThread  ][INFO ]  Final parameters: [ 1.14301913  1.31716932 -1.25086906  0.20842288]
2019-02-28 18:24:43,284 [MainThread  ][INFO ]  Fidelity: 0.9991939937679372
2019-02-28 18:24:43,284 [MainThread  ][INFO ]  ---- Starting iteration 84/100
2019-02-28 18:24:43,284 [MainThread  ][DEBUG]  Setting hyperparameter tf=1.692929292929293
2019-02-28 18:24:43,284 [MainThread  ][INFO ]  Starting optimization for tf=1.692929292929293
2019-02-28 18:24:43,284 [MainThread  ][DEBUG]  Optimization method: Nelder-Mead
2019-02-28 18:24:43,284 [MainThread  ][DEBUG]  Optimization options: None
2019-02-28 18:24:43,284 [MainThread  ][INFO ]  Initial parameter values: [ 1.76290221  0.84646465  1.06730816  0.47269222]
2019-02-28 18:25:04,863 [MainThread  ][INFO ]  Final fidelity: 0.9991406863173893
2019-02-28 18:25:04,872 [MainThread  ][INFO ]  Final parameters: [ 2.15010687  0.57706085 -0.16638837  0.75672621]
2019-02-28 18:25:04,872 [MainThread  ][INFO ]  Fidelity: 0.9991406863173893
2019-02-28 18:25:04,872 [MainThread  ][INFO ]  ---- Starting iteration 85/100
2019-02-28 18:25:04,873 [MainThread  ][DEBUG]  Setting hyperparameter tf=1.7121212121212122
2019-02-28 18:25:04,873 [MainThread  ][INFO ]  Starting optimization for tf=1.7121212121212122
2019-02-28 18:25:04,873 [MainThread  ][DEBUG]  Optimization method: Nelder-Mead
2019-02-28 18:25:04,873 [MainThread  ][DEBUG]  Optimization options: None
2019-02-28 18:25:04,873 [MainThread  ][INFO ]  Initial parameter values: [ 1.84398788  0.85606061  0.50681857  0.43817119]
2019-02-28 18:25:25,205 [MainThread  ][INFO ]  Final fidelity: 0.9992013199087519
2019-02-28 18:25:25,223 [MainThread  ][INFO ]  Final parameters: [ 2.05480501  0.44289119  0.58500643  0.36531728]
2019-02-28 18:25:25,223 [MainThread  ][INFO ]  Fidelity: 0.9992013199087519
2019-02-28 18:25:25,224 [MainThread  ][INFO ]  ---- Starting iteration 86/100
2019-02-28 18:25:25,224 [MainThread  ][DEBUG]  Setting hyperparameter tf=1.7313131313131314
2019-02-28 18:25:25,224 [MainThread  ][INFO ]  Starting optimization for tf=1.7313131313131314
2019-02-28 18:25:25,224 [MainThread  ][DEBUG]  Optimization method: Nelder-Mead
2019-02-28 18:25:25,224 [MainThread  ][DEBUG]  Optimization options: None
2019-02-28 18:25:25,224 [MainThread  ][INFO ]  Initial parameter values: [ 1.79039726  0.86565657  1.54652267  1.61265196]
2019-02-28 18:25:46,041 [MainThread  ][INFO ]  Final fidelity: 0.9426704208278991
2019-02-28 18:25:46,050 [MainThread  ][INFO ]  Final parameters: [ 0.61678982  1.73131208  0.76373921  0.97453615]
2019-02-28 18:25:46,050 [MainThread  ][INFO ]  Fidelity: 0.9426704208278991
2019-02-28 18:25:46,050 [MainThread  ][INFO ]  ---- Starting iteration 87/100
2019-02-28 18:25:46,050 [MainThread  ][DEBUG]  Setting hyperparameter tf=1.7505050505050506
2019-02-28 18:25:46,051 [MainThread  ][INFO ]  Starting optimization for tf=1.7505050505050506
2019-02-28 18:25:46,051 [MainThread  ][DEBUG]  Optimization method: Nelder-Mead
2019-02-28 18:25:46,051 [MainThread  ][DEBUG]  Optimization options: None
2019-02-28 18:25:46,051 [MainThread  ][INFO ]  Initial parameter values: [ 0.78563799  0.87525253  0.57312114  0.14228352]
2019-02-28 18:26:06,907 [MainThread  ][INFO ]  Final fidelity: 0.9991967342654516
2019-02-28 18:26:06,924 [MainThread  ][INFO ]  Final parameters: [ 1.26326107  0.95891409  0.35803837  0.17933555]
2019-02-28 18:26:06,924 [MainThread  ][INFO ]  Fidelity: 0.9991967342654516
2019-02-28 18:26:06,925 [MainThread  ][INFO ]  ---- Starting iteration 88/100
2019-02-28 18:26:06,925 [MainThread  ][DEBUG]  Setting hyperparameter tf=1.7696969696969698
2019-02-28 18:26:06,925 [MainThread  ][INFO ]  Starting optimization for tf=1.7696969696969698
2019-02-28 18:26:06,925 [MainThread  ][DEBUG]  Optimization method: Nelder-Mead
2019-02-28 18:26:06,925 [MainThread  ][DEBUG]  Optimization options: None
2019-02-28 18:26:06,925 [MainThread  ][INFO ]  Initial parameter values: [ 1.78435592  0.88484848  1.07294352  0.52018181]
2019-02-28 18:26:30,022 [MainThread  ][INFO ]  Final fidelity: 0.9991913198160155
2019-02-28 18:26:30,023 [MainThread  ][INFO ]  Final parameters: [ 1.20452109  1.13222325 -0.24329128  0.45244266]
2019-02-28 18:26:30,023 [MainThread  ][INFO ]  Fidelity: 0.9991913198160155
2019-02-28 18:26:30,023 [MainThread  ][INFO ]  ---- Starting iteration 89/100
2019-02-28 18:26:30,023 [MainThread  ][DEBUG]  Setting hyperparameter tf=1.7888888888888888
2019-02-28 18:26:30,023 [MainThread  ][INFO ]  Starting optimization for tf=1.7888888888888888
2019-02-28 18:26:30,023 [MainThread  ][DEBUG]  Optimization method: Nelder-Mead
2019-02-28 18:26:30,023 [MainThread  ][DEBUG]  Optimization options: None
2019-02-28 18:26:30,024 [MainThread  ][INFO ]  Initial parameter values: [ 0.20942862  0.89444444  1.79296452  0.670041  ]
2019-02-28 18:26:52,350 [MainThread  ][INFO ]  Final fidelity: 0.9992422256657084
2019-02-28 18:26:52,355 [MainThread  ][INFO ]  Final parameters: [ 0.9947222   1.58760456 -2.9153114   0.59809583]
2019-02-28 18:26:52,355 [MainThread  ][INFO ]  Fidelity: 0.9992422256657084
2019-02-28 18:26:52,355 [MainThread  ][INFO ]  ---- Starting iteration 90/100
2019-02-28 18:26:52,355 [MainThread  ][DEBUG]  Setting hyperparameter tf=1.808080808080808
2019-02-28 18:26:52,355 [MainThread  ][INFO ]  Starting optimization for tf=1.808080808080808
2019-02-28 18:26:52,356 [MainThread  ][DEBUG]  Optimization method: Nelder-Mead
2019-02-28 18:26:52,356 [MainThread  ][DEBUG]  Optimization options: None
2019-02-28 18:26:52,356 [MainThread  ][INFO ]  Initial parameter values: [ 1.44394587  0.9040404   1.32908294  0.29377212]
2019-02-28 18:27:16,375 [MainThread  ][INFO ]  Final fidelity: 0.9992048312472471
2019-02-28 18:27:16,379 [MainThread  ][INFO ]  Final parameters: [ 1.29166427  0.91932761  0.28037928  0.3890019 ]
2019-02-28 18:27:16,379 [MainThread  ][INFO ]  Fidelity: 0.9992048312472471
2019-02-28 18:27:16,379 [MainThread  ][INFO ]  ---- Starting iteration 91/100
2019-02-28 18:27:16,379 [MainThread  ][DEBUG]  Setting hyperparameter tf=1.8272727272727272
2019-02-28 18:27:16,379 [MainThread  ][INFO ]  Starting optimization for tf=1.8272727272727272
2019-02-28 18:27:16,379 [MainThread  ][DEBUG]  Optimization method: Nelder-Mead
2019-02-28 18:27:16,379 [MainThread  ][DEBUG]  Optimization options: None
2019-02-28 18:27:16,380 [MainThread  ][INFO ]  Initial parameter values: [ 1.93647083  0.91363636  1.58469969  0.93943132]
2019-02-28 18:27:35,726 [MainThread  ][INFO ]  Final fidelity: 0.9518563715632463
2019-02-28 18:27:35,726 [MainThread  ][INFO ]  Final parameters: [ 0.62792437  1.82535107  1.17299557  0.30341726]
2019-02-28 18:27:35,727 [MainThread  ][INFO ]  Fidelity: 0.9518563715632463
2019-02-28 18:27:35,727 [MainThread  ][INFO ]  ---- Starting iteration 92/100
2019-02-28 18:27:35,727 [MainThread  ][DEBUG]  Setting hyperparameter tf=1.8464646464646464
2019-02-28 18:27:35,727 [MainThread  ][INFO ]  Starting optimization for tf=1.8464646464646464
2019-02-28 18:27:35,727 [MainThread  ][DEBUG]  Optimization method: Nelder-Mead
2019-02-28 18:27:35,727 [MainThread  ][DEBUG]  Optimization options: None
2019-02-28 18:27:35,727 [MainThread  ][INFO ]  Initial parameter values: [ 1.18222484  0.92323232  1.69456041  0.40654988]
2019-02-28 18:27:55,578 [MainThread  ][INFO ]  Final fidelity: 0.999214434570283
2019-02-28 18:27:55,579 [MainThread  ][INFO ]  Final parameters: [ 1.13128003  1.1598808   0.0703486   0.3781815 ]
2019-02-28 18:27:55,579 [MainThread  ][INFO ]  Fidelity: 0.999214434570283
2019-02-28 18:27:55,579 [MainThread  ][INFO ]  ---- Starting iteration 93/100
2019-02-28 18:27:55,579 [MainThread  ][DEBUG]  Setting hyperparameter tf=1.8656565656565656
2019-02-28 18:27:55,579 [MainThread  ][INFO ]  Starting optimization for tf=1.8656565656565656
2019-02-28 18:27:55,579 [MainThread  ][DEBUG]  Optimization method: Nelder-Mead
2019-02-28 18:27:55,579 [MainThread  ][DEBUG]  Optimization options: None
2019-02-28 18:27:55,580 [MainThread  ][INFO ]  Initial parameter values: [ 1.20300411  0.93282828  0.63600416  0.03250722]
2019-02-28 18:28:09,944 [MainThread  ][INFO ]  Final fidelity: 0.999236928161205
2019-02-28 18:28:09,945 [MainThread  ][INFO ]  Final parameters: [ 1.08004481  1.0789588   0.70075112  0.03070585]
2019-02-28 18:28:09,946 [MainThread  ][INFO ]  Fidelity: 0.999236928161205
2019-02-28 18:28:09,946 [MainThread  ][INFO ]  ---- Starting iteration 94/100
2019-02-28 18:28:09,946 [MainThread  ][DEBUG]  Setting hyperparameter tf=1.8848484848484848
2019-02-28 18:28:09,946 [MainThread  ][INFO ]  Starting optimization for tf=1.8848484848484848
2019-02-28 18:28:09,946 [MainThread  ][DEBUG]  Optimization method: Nelder-Mead
2019-02-28 18:28:09,946 [MainThread  ][DEBUG]  Optimization options: None
2019-02-28 18:28:09,946 [MainThread  ][INFO ]  Initial parameter values: [ 0.31519974  0.94242424  1.60118456  1.95232284]
2019-02-28 18:28:29,768 [MainThread  ][INFO ]  Final fidelity: 0.9992809076168656
2019-02-28 18:28:29,769 [MainThread  ][INFO ]  Final parameters: [ 0.92042496  1.68382428  0.3035679  -1.97192379]
2019-02-28 18:28:29,769 [MainThread  ][INFO ]  Fidelity: 0.9992809076168656
2019-02-28 18:28:29,769 [MainThread  ][INFO ]  ---- Starting iteration 95/100
2019-02-28 18:28:29,769 [MainThread  ][DEBUG]  Setting hyperparameter tf=1.904040404040404
2019-02-28 18:28:29,770 [MainThread  ][INFO ]  Starting optimization for tf=1.904040404040404
2019-02-28 18:28:29,770 [MainThread  ][DEBUG]  Optimization method: Nelder-Mead
2019-02-28 18:28:29,770 [MainThread  ][DEBUG]  Optimization options: None
2019-02-28 18:28:29,770 [MainThread  ][INFO ]  Initial parameter values: [ 0.02664174  0.9520202   1.94347971  1.33150835]
2019-02-28 18:28:52,625 [MainThread  ][INFO ]  Final fidelity: 0.9991523430701956
2019-02-28 18:28:52,626 [MainThread  ][INFO ]  Final parameters: [ 0.03695532  0.45307392  2.25101481 -0.48902668]
2019-02-28 18:28:52,626 [MainThread  ][INFO ]  Fidelity: 0.9991523430701956
2019-02-28 18:28:52,627 [MainThread  ][INFO ]  ---- Starting iteration 96/100
2019-02-28 18:28:52,627 [MainThread  ][DEBUG]  Setting hyperparameter tf=1.9232323232323232
2019-02-28 18:28:52,627 [MainThread  ][INFO ]  Starting optimization for tf=1.9232323232323232
2019-02-28 18:28:52,627 [MainThread  ][DEBUG]  Optimization method: Nelder-Mead
2019-02-28 18:28:52,627 [MainThread  ][DEBUG]  Optimization options: None
2019-02-28 18:28:52,627 [MainThread  ][INFO ]  Initial parameter values: [ 1.48132021  0.96161616  0.36645443  1.31805227]
2019-02-28 18:29:12,862 [MainThread  ][INFO ]  Final fidelity: 0.9992535184457736
2019-02-28 18:29:12,869 [MainThread  ][INFO ]  Final parameters: [ 0.99966737  1.30545279  0.49587857  0.03206009]
2019-02-28 18:29:12,869 [MainThread  ][INFO ]  Fidelity: 0.9992535184457736
2019-02-28 18:29:12,869 [MainThread  ][INFO ]  ---- Starting iteration 97/100
2019-02-28 18:29:12,870 [MainThread  ][DEBUG]  Setting hyperparameter tf=1.9424242424242424
2019-02-28 18:29:12,870 [MainThread  ][INFO ]  Starting optimization for tf=1.9424242424242424
2019-02-28 18:29:12,870 [MainThread  ][DEBUG]  Optimization method: Nelder-Mead
2019-02-28 18:29:12,870 [MainThread  ][DEBUG]  Optimization options: None
2019-02-28 18:29:12,870 [MainThread  ][INFO ]  Initial parameter values: [ 1.50530973  0.97121212  0.32016383  1.24656236]
2019-02-28 18:29:40,226 [MainThread  ][INFO ]  Final fidelity: 0.9992737395531345
2019-02-28 18:29:40,227 [MainThread  ][INFO ]  Final parameters: [ 0.94033694  1.45557255  0.70526964 -0.37314112]
2019-02-28 18:29:40,227 [MainThread  ][INFO ]  Fidelity: 0.9992737395531345
2019-02-28 18:29:40,227 [MainThread  ][INFO ]  ---- Starting iteration 98/100
2019-02-28 18:29:40,227 [MainThread  ][DEBUG]  Setting hyperparameter tf=1.9616161616161616
2019-02-28 18:29:40,227 [MainThread  ][INFO ]  Starting optimization for tf=1.9616161616161616
2019-02-28 18:29:40,228 [MainThread  ][DEBUG]  Optimization method: Nelder-Mead
2019-02-28 18:29:40,228 [MainThread  ][DEBUG]  Optimization options: None
2019-02-28 18:29:40,228 [MainThread  ][INFO ]  Initial parameter values: [ 0.72807154  0.98080808  0.96396718  0.31218779]
2019-02-28 18:29:57,058 [MainThread  ][INFO ]  Final fidelity: 0.99926162418599
2019-02-28 18:29:57,062 [MainThread  ][INFO ]  Final parameters: [ 1.0558041   0.99430273  0.77967262  0.2035172 ]
2019-02-28 18:29:57,062 [MainThread  ][INFO ]  Fidelity: 0.99926162418599
2019-02-28 18:29:57,062 [MainThread  ][INFO ]  ---- Starting iteration 99/100
2019-02-28 18:29:57,062 [MainThread  ][DEBUG]  Setting hyperparameter tf=1.9808080808080808
2019-02-28 18:29:57,062 [MainThread  ][INFO ]  Starting optimization for tf=1.9808080808080808
2019-02-28 18:29:57,063 [MainThread  ][DEBUG]  Optimization method: Nelder-Mead
2019-02-28 18:29:57,063 [MainThread  ][DEBUG]  Optimization options: None
2019-02-28 18:29:57,063 [MainThread  ][INFO ]  Initial parameter values: [ 1.98290655  0.99040404  1.24935638  1.07909135]
2019-02-28 18:30:20,203 [MainThread  ][INFO ]  Final fidelity: 0.9650666205030484
2019-02-28 18:30:20,212 [MainThread  ][INFO ]  Final parameters: [ 0.6514717   1.98071426  0.90946422  0.90480169]
2019-02-28 18:30:20,212 [MainThread  ][INFO ]  Fidelity: 0.9650666205030484
2019-02-28 18:30:20,212 [MainThread  ][INFO ]  ---- Starting iteration 100/100
2019-02-28 18:30:20,212 [MainThread  ][DEBUG]  Setting hyperparameter tf=2.0
2019-02-28 18:30:20,212 [MainThread  ][INFO ]  Starting optimization for tf=2.0
2019-02-28 18:30:20,213 [MainThread  ][DEBUG]  Optimization method: Nelder-Mead
2019-02-28 18:30:20,213 [MainThread  ][DEBUG]  Optimization options: None
2019-02-28 18:30:20,213 [MainThread  ][INFO ]  Initial parameter values: [ 0.41399805  1.          1.22229541  0.92233574]
2019-02-28 18:30:41,544 [MainThread  ][INFO ]  Final fidelity: 0.9993087614483201
2019-02-28 18:30:41,545 [MainThread  ][INFO ]  Final parameters: [ 0.88232241  1.77258756  0.0960584  -0.99565759]
2019-02-28 18:30:41,545 [MainThread  ][INFO ]  Fidelity: 0.9993087614483201
