2019-02-28 18:43:40,278 [MainThread  ][INFO ]  Output file name will be "lmg_doublebang_neldermead_bounds7.csv"
2019-02-28 18:43:40,374 [MainThread  ][INFO ]  Using doublebang protocol ansatz.
2019-02-28 18:43:40,374 [MainThread  ][DEBUG]  Initializing ProtocolAnsatz instance "doublebang"
2019-02-28 18:43:40,374 [MainThread  ][INFO ]  Using parameters constraints: [[-7, 7], [None, None], [-7, 7]]
2019-02-28 18:43:40,374 [MainThread  ][INFO ]  Using total height constraint: None
2019-02-28 18:43:40,374 [MainThread  ][INFO ]  ---- Starting iteration 1/100
2019-02-28 18:43:40,375 [MainThread  ][DEBUG]  Setting hyperparameter tf=0.1
2019-02-28 18:43:40,375 [MainThread  ][INFO ]  Starting optimization for tf=0.1
2019-02-28 18:43:40,375 [MainThread  ][DEBUG]  Optimization method: Nelder-Mead
2019-02-28 18:43:40,375 [MainThread  ][DEBUG]  Optimization options: None
2019-02-28 18:43:40,376 [MainThread  ][INFO ]  Initial parameter values: [1.84784775 0.05       0.80019534]
2019-02-28 18:44:02,310 [MainThread  ][INFO ]  Final fidelity: 0.8174701153314353
2019-02-28 18:44:02,316 [MainThread  ][INFO ]  Final parameters: [ 6.99994722  0.05276895 -6.77937083]
2019-02-28 18:44:02,316 [MainThread  ][INFO ]  Fidelity: 0.8174701153314353
2019-02-28 18:44:02,316 [MainThread  ][INFO ]  ---- Starting iteration 2/100
2019-02-28 18:44:02,316 [MainThread  ][DEBUG]  Setting hyperparameter tf=0.1191919191919192
2019-02-28 18:44:02,316 [MainThread  ][INFO ]  Starting optimization for tf=0.1191919191919192
2019-02-28 18:44:02,316 [MainThread  ][DEBUG]  Optimization method: Nelder-Mead
2019-02-28 18:44:02,316 [MainThread  ][DEBUG]  Optimization options: None
2019-02-28 18:44:02,317 [MainThread  ][INFO ]  Initial parameter values: [1.87469369 0.05959596 1.2759328 ]
2019-02-28 18:44:29,580 [MainThread  ][INFO ]  Final fidelity: 0.821331265959442
2019-02-28 18:44:29,586 [MainThread  ][INFO ]  Final parameters: [ 6.96461131  0.06425017 -6.99976969]
2019-02-28 18:44:29,586 [MainThread  ][INFO ]  Fidelity: 0.821331265959442
2019-02-28 18:44:29,586 [MainThread  ][INFO ]  ---- Starting iteration 3/100
2019-02-28 18:44:29,587 [MainThread  ][DEBUG]  Setting hyperparameter tf=0.1383838383838384
2019-02-28 18:44:29,587 [MainThread  ][INFO ]  Starting optimization for tf=0.1383838383838384
2019-02-28 18:44:29,587 [MainThread  ][DEBUG]  Optimization method: Nelder-Mead
2019-02-28 18:44:29,587 [MainThread  ][DEBUG]  Optimization options: None
2019-02-28 18:44:29,587 [MainThread  ][INFO ]  Initial parameter values: [0.42812782 0.06919192 1.5517656 ]
2019-02-28 18:44:51,695 [MainThread  ][INFO ]  Final fidelity: 0.8257697779995425
2019-02-28 18:44:51,701 [MainThread  ][INFO ]  Final parameters: [ 6.99991471  0.07470083 -6.99971565]
2019-02-28 18:44:51,701 [MainThread  ][INFO ]  Fidelity: 0.8257697779995425
2019-02-28 18:44:51,701 [MainThread  ][INFO ]  ---- Starting iteration 4/100
2019-02-28 18:44:51,702 [MainThread  ][DEBUG]  Setting hyperparameter tf=0.1575757575757576
2019-02-28 18:44:51,702 [MainThread  ][INFO ]  Starting optimization for tf=0.1575757575757576
2019-02-28 18:44:51,702 [MainThread  ][DEBUG]  Optimization method: Nelder-Mead
2019-02-28 18:44:51,702 [MainThread  ][DEBUG]  Optimization options: None
2019-02-28 18:44:51,702 [MainThread  ][INFO ]  Initial parameter values: [0.8905493  0.07878788 1.01452798]
2019-02-28 18:45:21,290 [MainThread  ][INFO ]  Final fidelity: 0.8307896881685176
2019-02-28 18:45:21,304 [MainThread  ][INFO ]  Final parameters: [ 6.99997079  0.0853776  -6.99997837]
2019-02-28 18:45:21,304 [MainThread  ][INFO ]  Fidelity: 0.8307896881685176
2019-02-28 18:45:21,305 [MainThread  ][INFO ]  ---- Starting iteration 5/100
2019-02-28 18:45:21,305 [MainThread  ][DEBUG]  Setting hyperparameter tf=0.17676767676767677
2019-02-28 18:45:21,305 [MainThread  ][INFO ]  Starting optimization for tf=0.17676767676767677
2019-02-28 18:45:21,305 [MainThread  ][DEBUG]  Optimization method: Nelder-Mead
2019-02-28 18:45:21,305 [MainThread  ][DEBUG]  Optimization options: None
2019-02-28 18:45:21,305 [MainThread  ][INFO ]  Initial parameter values: [1.70926502 0.08838384 0.35734211]
2019-02-28 18:46:00,531 [MainThread  ][INFO ]  Final fidelity: 0.8363234874793866
2019-02-28 18:46:00,531 [MainThread  ][INFO ]  Final parameters: [ 6.96713421  0.09620696 -6.99997565]
2019-02-28 18:46:00,532 [MainThread  ][INFO ]  Fidelity: 0.8363234874793866
2019-02-28 18:46:00,532 [MainThread  ][INFO ]  ---- Starting iteration 6/100
2019-02-28 18:46:00,532 [MainThread  ][DEBUG]  Setting hyperparameter tf=0.19595959595959594
2019-02-28 18:46:00,532 [MainThread  ][INFO ]  Starting optimization for tf=0.19595959595959594
2019-02-28 18:46:00,532 [MainThread  ][DEBUG]  Optimization method: Nelder-Mead
2019-02-28 18:46:00,532 [MainThread  ][DEBUG]  Optimization options: None
2019-02-28 18:46:00,532 [MainThread  ][INFO ]  Initial parameter values: [1.58483348 0.0979798  0.59465438]
2019-02-28 18:46:24,140 [MainThread  ][INFO ]  Final fidelity: 0.8371729661518457
2019-02-28 18:46:24,141 [MainThread  ][INFO ]  Final parameters: [ 6.99992426  0.09663494 -4.93320739]
2019-02-28 18:46:24,141 [MainThread  ][INFO ]  Fidelity: 0.8371729661518457
2019-02-28 18:46:24,141 [MainThread  ][INFO ]  ---- Starting iteration 7/100
2019-02-28 18:46:24,142 [MainThread  ][DEBUG]  Setting hyperparameter tf=0.21515151515151515
2019-02-28 18:46:24,142 [MainThread  ][INFO ]  Starting optimization for tf=0.21515151515151515
2019-02-28 18:46:24,142 [MainThread  ][DEBUG]  Optimization method: Nelder-Mead
2019-02-28 18:46:24,142 [MainThread  ][DEBUG]  Optimization options: None
2019-02-28 18:46:24,142 [MainThread  ][INFO ]  Initial parameter values: [0.53375797 0.10757576 1.17928249]
2019-02-28 18:46:48,217 [MainThread  ][INFO ]  Final fidelity: 0.847871512721476
2019-02-28 18:46:48,228 [MainThread  ][INFO ]  Final parameters: [ 6.99995039  0.11376788 -6.38959439]
2019-02-28 18:46:48,228 [MainThread  ][INFO ]  Fidelity: 0.847871512721476
2019-02-28 18:46:48,228 [MainThread  ][INFO ]  ---- Starting iteration 8/100
2019-02-28 18:46:48,228 [MainThread  ][DEBUG]  Setting hyperparameter tf=0.23434343434343433
2019-02-28 18:46:48,228 [MainThread  ][INFO ]  Starting optimization for tf=0.23434343434343433
2019-02-28 18:46:48,228 [MainThread  ][DEBUG]  Optimization method: Nelder-Mead
2019-02-28 18:46:48,228 [MainThread  ][DEBUG]  Optimization options: None
2019-02-28 18:46:48,229 [MainThread  ][INFO ]  Initial parameter values: [0.13996366 0.11717172 1.46004957]
2019-02-28 18:47:02,852 [MainThread  ][INFO ]  Final fidelity: 0.815118132390059
2019-02-28 18:47:02,863 [MainThread  ][INFO ]  Final parameters: [ 0.53682988  0.2194964  -6.99996857]
2019-02-28 18:47:02,864 [MainThread  ][INFO ]  Fidelity: 0.815118132390059
2019-02-28 18:47:02,864 [MainThread  ][INFO ]  ---- Starting iteration 9/100
2019-02-28 18:47:02,864 [MainThread  ][DEBUG]  Setting hyperparameter tf=0.2535353535353535
2019-02-28 18:47:02,864 [MainThread  ][INFO ]  Starting optimization for tf=0.2535353535353535
2019-02-28 18:47:02,864 [MainThread  ][DEBUG]  Optimization method: Nelder-Mead
2019-02-28 18:47:02,864 [MainThread  ][DEBUG]  Optimization options: None
2019-02-28 18:47:02,864 [MainThread  ][INFO ]  Initial parameter values: [0.04143573 0.12676768 1.59872667]
2019-02-28 18:47:22,255 [MainThread  ][INFO ]  Final fidelity: 0.8124304486607556
2019-02-28 18:47:22,309 [MainThread  ][INFO ]  Final parameters: [9.03480848e-02 8.52891849e-07 4.97760712e-01]
2019-02-28 18:47:22,309 [MainThread  ][INFO ]  Fidelity: 0.8124304486607556
2019-02-28 18:47:22,309 [MainThread  ][INFO ]  ---- Starting iteration 10/100
2019-02-28 18:47:22,309 [MainThread  ][DEBUG]  Setting hyperparameter tf=0.2727272727272727
2019-02-28 18:47:22,310 [MainThread  ][INFO ]  Starting optimization for tf=0.2727272727272727
2019-02-28 18:47:22,310 [MainThread  ][DEBUG]  Optimization method: Nelder-Mead
2019-02-28 18:47:22,310 [MainThread  ][DEBUG]  Optimization options: None
2019-02-28 18:47:22,339 [MainThread  ][INFO ]  Initial parameter values: [0.96437174 0.13636364 1.92674045]
2019-02-28 18:47:58,222 [MainThread  ][INFO ]  Final fidelity: 0.8722270188743759
2019-02-28 18:47:58,224 [MainThread  ][INFO ]  Final parameters: [ 6.99997117  0.15225841 -6.99987295]
2019-02-28 18:47:58,224 [MainThread  ][INFO ]  Fidelity: 0.8722270188743759
2019-02-28 18:47:58,224 [MainThread  ][INFO ]  ---- Starting iteration 11/100
2019-02-28 18:47:58,224 [MainThread  ][DEBUG]  Setting hyperparameter tf=0.2919191919191919
2019-02-28 18:47:58,224 [MainThread  ][INFO ]  Starting optimization for tf=0.2919191919191919
2019-02-28 18:47:58,224 [MainThread  ][DEBUG]  Optimization method: Nelder-Mead
2019-02-28 18:47:58,225 [MainThread  ][DEBUG]  Optimization options: None
2019-02-28 18:47:58,225 [MainThread  ][INFO ]  Initial parameter values: [1.81870625 0.1459596  0.05706968]
2019-02-28 18:48:42,999 [MainThread  ][INFO ]  Final fidelity: 0.8436042115903611
2019-02-28 18:48:43,002 [MainThread  ][INFO ]  Final parameters: [ 3.99504627  0.12996555 -2.03413033]
2019-02-28 18:48:43,002 [MainThread  ][INFO ]  Fidelity: 0.8436042115903611
2019-02-28 18:48:43,002 [MainThread  ][INFO ]  ---- Starting iteration 12/100
2019-02-28 18:48:43,002 [MainThread  ][DEBUG]  Setting hyperparameter tf=0.3111111111111111
2019-02-28 18:48:43,002 [MainThread  ][INFO ]  Starting optimization for tf=0.3111111111111111
2019-02-28 18:48:43,002 [MainThread  ][DEBUG]  Optimization method: Nelder-Mead
2019-02-28 18:48:43,003 [MainThread  ][DEBUG]  Optimization options: None
2019-02-28 18:48:43,003 [MainThread  ][INFO ]  Initial parameter values: [0.64438879 0.15555556 1.50487517]
2019-02-28 18:49:01,949 [MainThread  ][INFO ]  Final fidelity: 0.8416576844770465
2019-02-28 18:49:01,949 [MainThread  ][INFO ]  Final parameters: [ 1.81172444  0.25699975 -6.9999991 ]
2019-02-28 18:49:01,950 [MainThread  ][INFO ]  Fidelity: 0.8416576844770465
2019-02-28 18:49:01,950 [MainThread  ][INFO ]  ---- Starting iteration 13/100
2019-02-28 18:49:01,950 [MainThread  ][DEBUG]  Setting hyperparameter tf=0.3303030303030303
2019-02-28 18:49:01,950 [MainThread  ][INFO ]  Starting optimization for tf=0.3303030303030303
2019-02-28 18:49:01,950 [MainThread  ][DEBUG]  Optimization method: Nelder-Mead
2019-02-28 18:49:01,950 [MainThread  ][DEBUG]  Optimization options: None
2019-02-28 18:49:01,950 [MainThread  ][INFO ]  Initial parameter values: [1.58965718 0.16515152 1.53796073]
2019-02-28 18:49:32,200 [MainThread  ][INFO ]  Final fidelity: 0.8983861463481877
2019-02-28 18:49:32,208 [MainThread  ][INFO ]  Final parameters: [ 6.99678567  0.18775456 -6.99985447]
2019-02-28 18:49:32,209 [MainThread  ][INFO ]  Fidelity: 0.8983861463481877
2019-02-28 18:49:32,209 [MainThread  ][INFO ]  ---- Starting iteration 14/100
2019-02-28 18:49:32,209 [MainThread  ][DEBUG]  Setting hyperparameter tf=0.3494949494949495
2019-02-28 18:49:32,209 [MainThread  ][INFO ]  Starting optimization for tf=0.3494949494949495
2019-02-28 18:49:32,209 [MainThread  ][DEBUG]  Optimization method: Nelder-Mead
2019-02-28 18:49:32,209 [MainThread  ][DEBUG]  Optimization options: None
2019-02-28 18:49:32,209 [MainThread  ][INFO ]  Initial parameter values: [1.05238472 0.17474747 1.89430823]
2019-02-28 18:50:04,103 [MainThread  ][INFO ]  Final fidelity: 0.9075286331127053
2019-02-28 18:50:04,117 [MainThread  ][INFO ]  Final parameters: [ 6.99999501  0.20011867 -6.99705269]
2019-02-28 18:50:04,117 [MainThread  ][INFO ]  Fidelity: 0.9075286331127053
2019-02-28 18:50:04,117 [MainThread  ][INFO ]  ---- Starting iteration 15/100
2019-02-28 18:50:04,117 [MainThread  ][DEBUG]  Setting hyperparameter tf=0.3686868686868686
2019-02-28 18:50:04,117 [MainThread  ][INFO ]  Starting optimization for tf=0.3686868686868686
2019-02-28 18:50:04,117 [MainThread  ][DEBUG]  Optimization method: Nelder-Mead
2019-02-28 18:50:04,117 [MainThread  ][DEBUG]  Optimization options: None
2019-02-28 18:50:04,117 [MainThread  ][INFO ]  Initial parameter values: [1.69882042 0.18434343 1.41006077]
2019-02-28 18:50:34,755 [MainThread  ][INFO ]  Final fidelity: 0.9167270894921971
2019-02-28 18:50:34,768 [MainThread  ][INFO ]  Final parameters: [ 6.99228136  0.21234511 -6.99994637]
2019-02-28 18:50:34,768 [MainThread  ][INFO ]  Fidelity: 0.9167270894921971
2019-02-28 18:50:34,768 [MainThread  ][INFO ]  ---- Starting iteration 16/100
2019-02-28 18:50:34,769 [MainThread  ][DEBUG]  Setting hyperparameter tf=0.3878787878787878
2019-02-28 18:50:34,769 [MainThread  ][INFO ]  Starting optimization for tf=0.3878787878787878
2019-02-28 18:50:34,769 [MainThread  ][DEBUG]  Optimization method: Nelder-Mead
2019-02-28 18:50:34,769 [MainThread  ][DEBUG]  Optimization options: None
2019-02-28 18:50:34,769 [MainThread  ][INFO ]  Initial parameter values: [0.08568337 0.19393939 0.47093393]
2019-02-28 18:50:49,411 [MainThread  ][INFO ]  Final fidelity: 0.8176137730519021
2019-02-28 18:50:49,414 [MainThread  ][INFO ]  Final parameters: [1.41266783e-01 8.36353098e-06 5.07528048e-01]
2019-02-28 18:50:49,414 [MainThread  ][INFO ]  Fidelity: 0.8176137730519021
2019-02-28 18:50:49,414 [MainThread  ][INFO ]  ---- Starting iteration 17/100
2019-02-28 18:50:49,414 [MainThread  ][DEBUG]  Setting hyperparameter tf=0.407070707070707
2019-02-28 18:50:49,414 [MainThread  ][INFO ]  Starting optimization for tf=0.407070707070707
2019-02-28 18:50:49,414 [MainThread  ][DEBUG]  Optimization method: Nelder-Mead
2019-02-28 18:50:49,414 [MainThread  ][DEBUG]  Optimization options: None
2019-02-28 18:50:49,415 [MainThread  ][INFO ]  Initial parameter values: [0.01790253 0.20353535 1.23809991]
2019-02-28 18:51:11,187 [MainThread  ][INFO ]  Final fidelity: 0.8185206892294747
2019-02-28 18:51:11,200 [MainThread  ][INFO ]  Final parameters: [3.61660396e-02 3.86129224e-05 5.16393478e-01]
2019-02-28 18:51:11,200 [MainThread  ][INFO ]  Fidelity: 0.8185206892294747
2019-02-28 18:51:11,200 [MainThread  ][INFO ]  ---- Starting iteration 18/100
2019-02-28 18:51:11,201 [MainThread  ][DEBUG]  Setting hyperparameter tf=0.42626262626262623
2019-02-28 18:51:11,201 [MainThread  ][INFO ]  Starting optimization for tf=0.42626262626262623
2019-02-28 18:51:11,201 [MainThread  ][DEBUG]  Optimization method: Nelder-Mead
2019-02-28 18:51:11,201 [MainThread  ][DEBUG]  Optimization options: None
2019-02-28 18:51:11,201 [MainThread  ][INFO ]  Initial parameter values: [1.32159879 0.21313131 0.79711611]
2019-02-28 18:51:38,856 [MainThread  ][INFO ]  Final fidelity: 0.9440128761693813
2019-02-28 18:51:38,856 [MainThread  ][INFO ]  Final parameters: [ 6.99997432  0.25033905 -6.99999056]
2019-02-28 18:51:38,857 [MainThread  ][INFO ]  Fidelity: 0.9440128761693813
2019-02-28 18:51:38,857 [MainThread  ][INFO ]  ---- Starting iteration 19/100
2019-02-28 18:51:38,857 [MainThread  ][DEBUG]  Setting hyperparameter tf=0.44545454545454544
2019-02-28 18:51:38,857 [MainThread  ][INFO ]  Starting optimization for tf=0.44545454545454544
2019-02-28 18:51:38,857 [MainThread  ][DEBUG]  Optimization method: Nelder-Mead
2019-02-28 18:51:38,857 [MainThread  ][DEBUG]  Optimization options: None
2019-02-28 18:51:38,857 [MainThread  ][INFO ]  Initial parameter values: [1.45716223 0.22272727 1.67689124]
2019-02-28 18:52:21,962 [MainThread  ][INFO ]  Final fidelity: 0.9522627994565389
2019-02-28 18:52:21,974 [MainThread  ][INFO ]  Final parameters: [ 6.99998759  0.26283732 -6.91284347]
2019-02-28 18:52:21,974 [MainThread  ][INFO ]  Fidelity: 0.9522627994565389
2019-02-28 18:52:21,974 [MainThread  ][INFO ]  ---- Starting iteration 20/100
2019-02-28 18:52:21,975 [MainThread  ][DEBUG]  Setting hyperparameter tf=0.46464646464646464
2019-02-28 18:52:21,975 [MainThread  ][INFO ]  Starting optimization for tf=0.46464646464646464
2019-02-28 18:52:21,975 [MainThread  ][DEBUG]  Optimization method: Nelder-Mead
2019-02-28 18:52:21,975 [MainThread  ][DEBUG]  Optimization options: None
2019-02-28 18:52:21,975 [MainThread  ][INFO ]  Initial parameter values: [1.73083597 0.23232323 1.2720324 ]
2019-02-28 18:52:52,874 [MainThread  ][INFO ]  Final fidelity: 0.9609161730747152
2019-02-28 18:52:52,886 [MainThread  ][INFO ]  Final parameters: [ 6.9999937   0.27795434 -6.99995693]
2019-02-28 18:52:52,886 [MainThread  ][INFO ]  Fidelity: 0.9609161730747152
2019-02-28 18:52:52,886 [MainThread  ][INFO ]  ---- Starting iteration 21/100
2019-02-28 18:52:52,886 [MainThread  ][DEBUG]  Setting hyperparameter tf=0.48383838383838385
2019-02-28 18:52:52,887 [MainThread  ][INFO ]  Starting optimization for tf=0.48383838383838385
2019-02-28 18:52:52,887 [MainThread  ][DEBUG]  Optimization method: Nelder-Mead
2019-02-28 18:52:52,887 [MainThread  ][DEBUG]  Optimization options: None
2019-02-28 18:52:52,887 [MainThread  ][INFO ]  Initial parameter values: [0.73896911 0.24191919 1.56977013]
2019-02-28 18:53:16,081 [MainThread  ][INFO ]  Final fidelity: 0.8922547180134556
2019-02-28 18:53:16,085 [MainThread  ][INFO ]  Final parameters: [ 2.16162981  0.39299576 -6.99993925]
2019-02-28 18:53:16,085 [MainThread  ][INFO ]  Fidelity: 0.8922547180134556
2019-02-28 18:53:16,086 [MainThread  ][INFO ]  ---- Starting iteration 22/100
2019-02-28 18:53:16,086 [MainThread  ][DEBUG]  Setting hyperparameter tf=0.503030303030303
2019-02-28 18:53:16,086 [MainThread  ][INFO ]  Starting optimization for tf=0.503030303030303
2019-02-28 18:53:16,086 [MainThread  ][DEBUG]  Optimization method: Nelder-Mead
2019-02-28 18:53:16,086 [MainThread  ][DEBUG]  Optimization options: None
2019-02-28 18:53:16,086 [MainThread  ][INFO ]  Initial parameter values: [0.57901015 0.25151515 1.1129237 ]
2019-02-28 18:53:33,400 [MainThread  ][INFO ]  Final fidelity: 0.8970749454558733
2019-02-28 18:53:33,400 [MainThread  ][INFO ]  Final parameters: [ 2.12481258  0.41269806 -6.99995969]
2019-02-28 18:53:33,400 [MainThread  ][INFO ]  Fidelity: 0.8970749454558733
2019-02-28 18:53:33,400 [MainThread  ][INFO ]  ---- Starting iteration 23/100
2019-02-28 18:53:33,401 [MainThread  ][DEBUG]  Setting hyperparameter tf=0.5222222222222221
2019-02-28 18:53:33,401 [MainThread  ][INFO ]  Starting optimization for tf=0.5222222222222221
2019-02-28 18:53:33,401 [MainThread  ][DEBUG]  Optimization method: Nelder-Mead
2019-02-28 18:53:33,401 [MainThread  ][DEBUG]  Optimization options: None
2019-02-28 18:53:33,401 [MainThread  ][INFO ]  Initial parameter values: [0.762193   0.26111111 0.77694109]
2019-02-28 18:54:07,080 [MainThread  ][INFO ]  Final fidelity: 0.9484434590436946
2019-02-28 18:54:07,081 [MainThread  ][INFO ]  Final parameters: [ 4.32193138  0.36234684 -6.99984808]
2019-02-28 18:54:07,081 [MainThread  ][INFO ]  Fidelity: 0.9484434590436946
2019-02-28 18:54:07,081 [MainThread  ][INFO ]  ---- Starting iteration 24/100
2019-02-28 18:54:07,081 [MainThread  ][DEBUG]  Setting hyperparameter tf=0.5414141414141413
2019-02-28 18:54:07,082 [MainThread  ][INFO ]  Starting optimization for tf=0.5414141414141413
2019-02-28 18:54:07,082 [MainThread  ][DEBUG]  Optimization method: Nelder-Mead
2019-02-28 18:54:07,082 [MainThread  ][DEBUG]  Optimization options: None
2019-02-28 18:54:07,082 [MainThread  ][INFO ]  Initial parameter values: [0.32469855 0.27070707 0.86059912]
2019-02-28 18:54:41,846 [MainThread  ][INFO ]  Final fidelity: 0.9873122680491023
2019-02-28 18:54:41,867 [MainThread  ][INFO ]  Final parameters: [ 6.99994303  0.33456421 -6.9999539 ]
2019-02-28 18:54:41,867 [MainThread  ][INFO ]  Fidelity: 0.9873122680491023
2019-02-28 18:54:41,867 [MainThread  ][INFO ]  ---- Starting iteration 25/100
2019-02-28 18:54:41,867 [MainThread  ][DEBUG]  Setting hyperparameter tf=0.5606060606060606
2019-02-28 18:54:41,867 [MainThread  ][INFO ]  Starting optimization for tf=0.5606060606060606
2019-02-28 18:54:41,867 [MainThread  ][DEBUG]  Optimization method: Nelder-Mead
2019-02-28 18:54:41,867 [MainThread  ][DEBUG]  Optimization options: None
2019-02-28 18:54:41,867 [MainThread  ][INFO ]  Initial parameter values: [0.37674994 0.28030303 1.82684606]
2019-02-28 18:55:13,497 [MainThread  ][INFO ]  Final fidelity: 0.9917169471710143
2019-02-28 18:55:13,509 [MainThread  ][INFO ]  Final parameters: [ 6.99852902  0.34936856 -6.99996022]
2019-02-28 18:55:13,509 [MainThread  ][INFO ]  Fidelity: 0.9917169471710143
2019-02-28 18:55:13,509 [MainThread  ][INFO ]  ---- Starting iteration 26/100
2019-02-28 18:55:13,509 [MainThread  ][DEBUG]  Setting hyperparameter tf=0.5797979797979798
2019-02-28 18:55:13,510 [MainThread  ][INFO ]  Starting optimization for tf=0.5797979797979798
2019-02-28 18:55:13,510 [MainThread  ][DEBUG]  Optimization method: Nelder-Mead
2019-02-28 18:55:13,510 [MainThread  ][DEBUG]  Optimization options: None
2019-02-28 18:55:13,510 [MainThread  ][INFO ]  Initial parameter values: [1.87042386 0.28989899 1.25318252]
2019-02-28 18:55:53,203 [MainThread  ][INFO ]  Final fidelity: 0.9950322219291351
2019-02-28 18:55:53,204 [MainThread  ][INFO ]  Final parameters: [ 6.99999675  0.36422053 -6.99968301]
2019-02-28 18:55:53,204 [MainThread  ][INFO ]  Fidelity: 0.9950322219291351
2019-02-28 18:55:53,205 [MainThread  ][INFO ]  ---- Starting iteration 27/100
2019-02-28 18:55:53,205 [MainThread  ][DEBUG]  Setting hyperparameter tf=0.598989898989899
2019-02-28 18:55:53,205 [MainThread  ][INFO ]  Starting optimization for tf=0.598989898989899
2019-02-28 18:55:53,205 [MainThread  ][DEBUG]  Optimization method: Nelder-Mead
2019-02-28 18:55:53,205 [MainThread  ][DEBUG]  Optimization options: None
2019-02-28 18:55:53,205 [MainThread  ][INFO ]  Initial parameter values: [0.19409852 0.29949495 0.73679359]
2019-02-28 18:56:43,078 [MainThread  ][INFO ]  Final fidelity: 0.9963814536851759
2019-02-28 18:56:43,089 [MainThread  ][INFO ]  Final parameters: [ 6.85824267  0.37964276 -6.99985416]
2019-02-28 18:56:43,089 [MainThread  ][INFO ]  Fidelity: 0.9963814536851759
2019-02-28 18:56:43,089 [MainThread  ][INFO ]  ---- Starting iteration 28/100
2019-02-28 18:56:43,089 [MainThread  ][DEBUG]  Setting hyperparameter tf=0.6181818181818182
2019-02-28 18:56:43,089 [MainThread  ][INFO ]  Starting optimization for tf=0.6181818181818182
2019-02-28 18:56:43,089 [MainThread  ][DEBUG]  Optimization method: Nelder-Mead
2019-02-28 18:56:43,089 [MainThread  ][DEBUG]  Optimization options: None
2019-02-28 18:56:43,090 [MainThread  ][INFO ]  Initial parameter values: [0.32914528 0.30909091 1.55886485]
2019-02-28 18:57:17,890 [MainThread  ][INFO ]  Final fidelity: 0.9966815744188925
2019-02-28 18:57:17,896 [MainThread  ][INFO ]  Final parameters: [ 6.99997999  0.35654757 -5.37919193]
2019-02-28 18:57:17,896 [MainThread  ][INFO ]  Fidelity: 0.9966815744188925
2019-02-28 18:57:17,896 [MainThread  ][INFO ]  ---- Starting iteration 29/100
2019-02-28 18:57:17,896 [MainThread  ][DEBUG]  Setting hyperparameter tf=0.6373737373737373
2019-02-28 18:57:17,896 [MainThread  ][INFO ]  Starting optimization for tf=0.6373737373737373
2019-02-28 18:57:17,896 [MainThread  ][DEBUG]  Optimization method: Nelder-Mead
2019-02-28 18:57:17,897 [MainThread  ][DEBUG]  Optimization options: None
2019-02-28 18:57:17,897 [MainThread  ][INFO ]  Initial parameter values: [1.04018016 0.31868687 1.72900839]
2019-02-28 18:57:49,920 [MainThread  ][INFO ]  Final fidelity: 0.9981141811830199
2019-02-28 18:57:49,922 [MainThread  ][INFO ]  Final parameters: [ 6.49299584  0.41434975 -6.76508559]
2019-02-28 18:57:49,922 [MainThread  ][INFO ]  Fidelity: 0.9981141811830199
2019-02-28 18:57:49,922 [MainThread  ][INFO ]  ---- Starting iteration 30/100
2019-02-28 18:57:49,922 [MainThread  ][DEBUG]  Setting hyperparameter tf=0.6565656565656565
2019-02-28 18:57:49,922 [MainThread  ][INFO ]  Starting optimization for tf=0.6565656565656565
2019-02-28 18:57:49,922 [MainThread  ][DEBUG]  Optimization method: Nelder-Mead
2019-02-28 18:57:49,922 [MainThread  ][DEBUG]  Optimization options: None
2019-02-28 18:57:49,923 [MainThread  ][INFO ]  Initial parameter values: [0.8323174  0.32828283 1.72739113]
2019-02-28 18:58:29,706 [MainThread  ][INFO ]  Final fidelity: 0.9982664901946635
2019-02-28 18:58:29,717 [MainThread  ][INFO ]  Final parameters: [ 6.95710215  0.37458612 -4.98557512]
2019-02-28 18:58:29,717 [MainThread  ][INFO ]  Fidelity: 0.9982664901946635
2019-02-28 18:58:29,717 [MainThread  ][INFO ]  ---- Starting iteration 31/100
2019-02-28 18:58:29,717 [MainThread  ][DEBUG]  Setting hyperparameter tf=0.6757575757575757
2019-02-28 18:58:29,717 [MainThread  ][INFO ]  Starting optimization for tf=0.6757575757575757
2019-02-28 18:58:29,717 [MainThread  ][DEBUG]  Optimization method: Nelder-Mead
2019-02-28 18:58:29,717 [MainThread  ][DEBUG]  Optimization options: None
2019-02-28 18:58:29,718 [MainThread  ][INFO ]  Initial parameter values: [1.51249902 0.33787879 0.72290445]
2019-02-28 18:58:55,175 [MainThread  ][INFO ]  Final fidelity: 0.9983772709162734
2019-02-28 18:58:55,194 [MainThread  ][INFO ]  Final parameters: [ 6.99920674  0.36113306 -4.21283346]
2019-02-28 18:58:55,194 [MainThread  ][INFO ]  Fidelity: 0.9983772709162734
2019-02-28 18:58:55,194 [MainThread  ][INFO ]  ---- Starting iteration 32/100
2019-02-28 18:58:55,194 [MainThread  ][DEBUG]  Setting hyperparameter tf=0.6949494949494949
2019-02-28 18:58:55,195 [MainThread  ][INFO ]  Starting optimization for tf=0.6949494949494949
2019-02-28 18:58:55,195 [MainThread  ][DEBUG]  Optimization method: Nelder-Mead
2019-02-28 18:58:55,195 [MainThread  ][DEBUG]  Optimization options: None
2019-02-28 18:58:55,195 [MainThread  ][INFO ]  Initial parameter values: [0.76548551 0.34747475 0.98015292]
2019-02-28 18:59:30,267 [MainThread  ][INFO ]  Final fidelity: 0.9984207876646589
2019-02-28 18:59:30,277 [MainThread  ][INFO ]  Final parameters: [ 5.17298687  0.48391746 -6.46615698]
2019-02-28 18:59:30,277 [MainThread  ][INFO ]  Fidelity: 0.9984207876646589
2019-02-28 18:59:30,277 [MainThread  ][INFO ]  ---- Starting iteration 33/100
2019-02-28 18:59:30,277 [MainThread  ][DEBUG]  Setting hyperparameter tf=0.7141414141414141
2019-02-28 18:59:30,277 [MainThread  ][INFO ]  Starting optimization for tf=0.7141414141414141
2019-02-28 18:59:30,277 [MainThread  ][DEBUG]  Optimization method: Nelder-Mead
2019-02-28 18:59:30,277 [MainThread  ][DEBUG]  Optimization options: None
2019-02-28 18:59:30,278 [MainThread  ][INFO ]  Initial parameter values: [0.12027205 0.35707071 1.94505752]
2019-02-28 19:00:02,265 [MainThread  ][INFO ]  Final fidelity: 0.838355681180195
2019-02-28 19:00:02,277 [MainThread  ][INFO ]  Final parameters: [0.49812138 0.71413881 6.99977411]
2019-02-28 19:00:02,277 [MainThread  ][INFO ]  Fidelity: 0.838355681180195
2019-02-28 19:00:02,277 [MainThread  ][INFO ]  ---- Starting iteration 34/100
2019-02-28 19:00:02,277 [MainThread  ][DEBUG]  Setting hyperparameter tf=0.7333333333333333
2019-02-28 19:00:02,277 [MainThread  ][INFO ]  Starting optimization for tf=0.7333333333333333
2019-02-28 19:00:02,277 [MainThread  ][DEBUG]  Optimization method: Nelder-Mead
2019-02-28 19:00:02,277 [MainThread  ][DEBUG]  Optimization options: None
2019-02-28 19:00:02,278 [MainThread  ][INFO ]  Initial parameter values: [0.8094912  0.36666667 0.40199803]
2019-02-28 19:00:27,004 [MainThread  ][INFO ]  Final fidelity: 0.9985962888818041
2019-02-28 19:00:27,005 [MainThread  ][INFO ]  Final parameters: [ 5.93709827  0.39463092 -3.44267382]
2019-02-28 19:00:27,005 [MainThread  ][INFO ]  Fidelity: 0.9985962888818041
2019-02-28 19:00:27,005 [MainThread  ][INFO ]  ---- Starting iteration 35/100
2019-02-28 19:00:27,005 [MainThread  ][DEBUG]  Setting hyperparameter tf=0.7525252525252525
2019-02-28 19:00:27,005 [MainThread  ][INFO ]  Starting optimization for tf=0.7525252525252525
2019-02-28 19:00:27,005 [MainThread  ][DEBUG]  Optimization method: Nelder-Mead
2019-02-28 19:00:27,005 [MainThread  ][DEBUG]  Optimization options: None
2019-02-28 19:00:27,006 [MainThread  ][INFO ]  Initial parameter values: [0.8343463  0.37626263 1.49274752]
2019-02-28 19:00:47,933 [MainThread  ][INFO ]  Final fidelity: 0.9854295205734712
2019-02-28 19:00:47,936 [MainThread  ][INFO ]  Final parameters: [ 2.7886244   0.61539447 -6.99995609]
2019-02-28 19:00:47,936 [MainThread  ][INFO ]  Fidelity: 0.9854295205734712
2019-02-28 19:00:47,936 [MainThread  ][INFO ]  ---- Starting iteration 36/100
2019-02-28 19:00:47,937 [MainThread  ][DEBUG]  Setting hyperparameter tf=0.7717171717171717
2019-02-28 19:00:47,937 [MainThread  ][INFO ]  Starting optimization for tf=0.7717171717171717
2019-02-28 19:00:47,937 [MainThread  ][DEBUG]  Optimization method: Nelder-Mead
2019-02-28 19:00:47,937 [MainThread  ][DEBUG]  Optimization options: None
2019-02-28 19:00:47,937 [MainThread  ][INFO ]  Initial parameter values: [0.37064936 0.38585859 1.19110867]
2019-02-28 19:01:03,217 [MainThread  ][INFO ]  Final fidelity: 0.9430963812015444
2019-02-28 19:01:03,220 [MainThread  ][INFO ]  Final parameters: [ 1.54761708  0.68452267 -6.99999621]
2019-02-28 19:01:03,220 [MainThread  ][INFO ]  Fidelity: 0.9430963812015444
2019-02-28 19:01:03,220 [MainThread  ][INFO ]  ---- Starting iteration 37/100
2019-02-28 19:01:03,220 [MainThread  ][DEBUG]  Setting hyperparameter tf=0.7909090909090909
2019-02-28 19:01:03,220 [MainThread  ][INFO ]  Starting optimization for tf=0.7909090909090909
2019-02-28 19:01:03,220 [MainThread  ][DEBUG]  Optimization method: Nelder-Mead
2019-02-28 19:01:03,220 [MainThread  ][DEBUG]  Optimization options: None
2019-02-28 19:01:03,221 [MainThread  ][INFO ]  Initial parameter values: [1.14464482 0.39545455 1.14788289]
2019-02-28 19:01:40,801 [MainThread  ][INFO ]  Final fidelity: 0.9987190465651065
2019-02-28 19:01:40,801 [MainThread  ][INFO ]  Final parameters: [ 3.69740517  0.61195046 -6.58690336]
2019-02-28 19:01:40,801 [MainThread  ][INFO ]  Fidelity: 0.9987190465651065
2019-02-28 19:01:40,801 [MainThread  ][INFO ]  ---- Starting iteration 38/100
2019-02-28 19:01:40,801 [MainThread  ][DEBUG]  Setting hyperparameter tf=0.81010101010101
2019-02-28 19:01:40,801 [MainThread  ][INFO ]  Starting optimization for tf=0.81010101010101
2019-02-28 19:01:40,802 [MainThread  ][DEBUG]  Optimization method: Nelder-Mead
2019-02-28 19:01:40,802 [MainThread  ][DEBUG]  Optimization options: None
2019-02-28 19:01:40,802 [MainThread  ][INFO ]  Initial parameter values: [0.16548247 0.40505051 1.65311044]
2019-02-28 19:01:58,344 [MainThread  ][INFO ]  Final fidelity: 0.8709476595983995
2019-02-28 19:01:58,348 [MainThread  ][INFO ]  Final parameters: [ 0.53668407  0.77773728 -6.99992259]
2019-02-28 19:01:58,348 [MainThread  ][INFO ]  Fidelity: 0.8709476595983995
2019-02-28 19:01:58,348 [MainThread  ][INFO ]  ---- Starting iteration 39/100
2019-02-28 19:01:58,348 [MainThread  ][DEBUG]  Setting hyperparameter tf=0.8292929292929292
2019-02-28 19:01:58,348 [MainThread  ][INFO ]  Starting optimization for tf=0.8292929292929292
2019-02-28 19:01:58,349 [MainThread  ][DEBUG]  Optimization method: Nelder-Mead
2019-02-28 19:01:58,349 [MainThread  ][DEBUG]  Optimization options: None
2019-02-28 19:01:58,349 [MainThread  ][INFO ]  Initial parameter values: [1.62245801 0.41464646 0.71501865]
2019-02-28 19:02:22,980 [MainThread  ][INFO ]  Final fidelity: 0.9988028132043762
2019-02-28 19:02:22,981 [MainThread  ][INFO ]  Final parameters: [ 4.55167676  0.46159159 -2.58919639]
2019-02-28 19:02:22,981 [MainThread  ][INFO ]  Fidelity: 0.9988028132043762
2019-02-28 19:02:22,981 [MainThread  ][INFO ]  ---- Starting iteration 40/100
2019-02-28 19:02:22,981 [MainThread  ][DEBUG]  Setting hyperparameter tf=0.8484848484848484
2019-02-28 19:02:22,981 [MainThread  ][INFO ]  Starting optimization for tf=0.8484848484848484
2019-02-28 19:02:22,981 [MainThread  ][DEBUG]  Optimization method: Nelder-Mead
2019-02-28 19:02:22,981 [MainThread  ][DEBUG]  Optimization options: None
2019-02-28 19:02:22,981 [MainThread  ][INFO ]  Initial parameter values: [0.76671578 0.42424242 0.1637747 ]
2019-02-28 19:02:43,895 [MainThread  ][INFO ]  Final fidelity: 0.9865894193092254
2019-02-28 19:02:43,897 [MainThread  ][INFO ]  Final parameters: [ 6.9999855   0.20040961 -0.62169665]
2019-02-28 19:02:43,898 [MainThread  ][INFO ]  Fidelity: 0.9865894193092254
2019-02-28 19:02:43,898 [MainThread  ][INFO ]  ---- Starting iteration 41/100
2019-02-28 19:02:43,898 [MainThread  ][DEBUG]  Setting hyperparameter tf=0.8676767676767676
2019-02-28 19:02:43,898 [MainThread  ][INFO ]  Starting optimization for tf=0.8676767676767676
2019-02-28 19:02:43,898 [MainThread  ][DEBUG]  Optimization method: Nelder-Mead
2019-02-28 19:02:43,898 [MainThread  ][DEBUG]  Optimization options: None
2019-02-28 19:02:43,898 [MainThread  ][INFO ]  Initial parameter values: [1.03753458 0.43383838 1.90486189]
2019-02-28 19:03:10,565 [MainThread  ][INFO ]  Final fidelity: 0.9988584605600253
2019-02-28 19:03:10,587 [MainThread  ][INFO ]  Final parameters: [ 2.97309331  0.71217863 -6.81423673]
2019-02-28 19:03:10,587 [MainThread  ][INFO ]  Fidelity: 0.9988584605600253
2019-02-28 19:03:10,587 [MainThread  ][INFO ]  ---- Starting iteration 42/100
2019-02-28 19:03:10,587 [MainThread  ][DEBUG]  Setting hyperparameter tf=0.8868686868686868
2019-02-28 19:03:10,587 [MainThread  ][INFO ]  Starting optimization for tf=0.8868686868686868
2019-02-28 19:03:10,587 [MainThread  ][DEBUG]  Optimization method: Nelder-Mead
2019-02-28 19:03:10,587 [MainThread  ][DEBUG]  Optimization options: None
2019-02-28 19:03:10,587 [MainThread  ][INFO ]  Initial parameter values: [0.77893223 0.44343434 1.50179206]
2019-02-28 19:03:43,627 [MainThread  ][INFO ]  Final fidelity: 0.998884728149924
2019-02-28 19:03:43,640 [MainThread  ][INFO ]  Final parameters: [ 2.88056869  0.71978927 -6.08486055]
2019-02-28 19:03:43,641 [MainThread  ][INFO ]  Fidelity: 0.998884728149924
2019-02-28 19:03:43,641 [MainThread  ][INFO ]  ---- Starting iteration 43/100
2019-02-28 19:03:43,641 [MainThread  ][DEBUG]  Setting hyperparameter tf=0.906060606060606
2019-02-28 19:03:43,641 [MainThread  ][INFO ]  Starting optimization for tf=0.906060606060606
2019-02-28 19:03:43,641 [MainThread  ][DEBUG]  Optimization method: Nelder-Mead
2019-02-28 19:03:43,641 [MainThread  ][DEBUG]  Optimization options: None
2019-02-28 19:03:43,641 [MainThread  ][INFO ]  Initial parameter values: [0.29694513 0.4530303  0.15928072]
2019-02-28 19:04:05,055 [MainThread  ][INFO ]  Final fidelity: 0.998895462827913
2019-02-28 19:04:05,061 [MainThread  ][INFO ]  Final parameters: [ 4.74889904  0.40050744 -1.4125303 ]
2019-02-28 19:04:05,061 [MainThread  ][INFO ]  Fidelity: 0.998895462827913
2019-02-28 19:04:05,061 [MainThread  ][INFO ]  ---- Starting iteration 44/100
2019-02-28 19:04:05,061 [MainThread  ][DEBUG]  Setting hyperparameter tf=0.9252525252525252
2019-02-28 19:04:05,062 [MainThread  ][INFO ]  Starting optimization for tf=0.9252525252525252
2019-02-28 19:04:05,062 [MainThread  ][DEBUG]  Optimization method: Nelder-Mead
2019-02-28 19:04:05,062 [MainThread  ][DEBUG]  Optimization options: None
2019-02-28 19:04:05,062 [MainThread  ][INFO ]  Initial parameter values: [1.17539956 0.46262626 1.27904729]
2019-02-28 19:04:28,611 [MainThread  ][INFO ]  Final fidelity: 0.9989249450992299
2019-02-28 19:04:28,624 [MainThread  ][INFO ]  Final parameters: [ 2.79204247  0.71653044 -4.45039753]
2019-02-28 19:04:28,624 [MainThread  ][INFO ]  Fidelity: 0.9989249450992299
2019-02-28 19:04:28,624 [MainThread  ][INFO ]  ---- Starting iteration 45/100
2019-02-28 19:04:28,625 [MainThread  ][DEBUG]  Setting hyperparameter tf=0.9444444444444443
2019-02-28 19:04:28,625 [MainThread  ][INFO ]  Starting optimization for tf=0.9444444444444443
2019-02-28 19:04:28,625 [MainThread  ][DEBUG]  Optimization method: Nelder-Mead
2019-02-28 19:04:28,625 [MainThread  ][DEBUG]  Optimization options: None
2019-02-28 19:04:28,625 [MainThread  ][INFO ]  Initial parameter values: [0.03451703 0.47222222 1.77486407]
2019-02-28 19:04:55,257 [MainThread  ][INFO ]  Final fidelity: 0.8589795629845091
2019-02-28 19:04:55,264 [MainThread  ][INFO ]  Final parameters: [6.38473628e-02 4.59459135e-06 5.36241881e-01]
2019-02-28 19:04:55,264 [MainThread  ][INFO ]  Fidelity: 0.8589795629845091
2019-02-28 19:04:55,264 [MainThread  ][INFO ]  ---- Starting iteration 46/100
2019-02-28 19:04:55,265 [MainThread  ][DEBUG]  Setting hyperparameter tf=0.9636363636363635
2019-02-28 19:04:55,265 [MainThread  ][INFO ]  Starting optimization for tf=0.9636363636363635
2019-02-28 19:04:55,265 [MainThread  ][DEBUG]  Optimization method: Nelder-Mead
2019-02-28 19:04:55,265 [MainThread  ][DEBUG]  Optimization options: None
2019-02-28 19:04:55,265 [MainThread  ][INFO ]  Initial parameter values: [1.10893136 0.48181818 0.70266974]
2019-02-28 19:05:19,215 [MainThread  ][INFO ]  Final fidelity: 0.998952889062125
2019-02-28 19:05:19,217 [MainThread  ][INFO ]  Final parameters: [ 2.88141252  0.65980491 -2.62932096]
2019-02-28 19:05:19,217 [MainThread  ][INFO ]  Fidelity: 0.998952889062125
2019-02-28 19:05:19,217 [MainThread  ][INFO ]  ---- Starting iteration 47/100
2019-02-28 19:05:19,217 [MainThread  ][DEBUG]  Setting hyperparameter tf=0.9828282828282827
2019-02-28 19:05:19,217 [MainThread  ][INFO ]  Starting optimization for tf=0.9828282828282827
2019-02-28 19:05:19,217 [MainThread  ][DEBUG]  Optimization method: Nelder-Mead
2019-02-28 19:05:19,217 [MainThread  ][DEBUG]  Optimization options: None
2019-02-28 19:05:19,218 [MainThread  ][INFO ]  Initial parameter values: [1.8008077  0.49141414 0.34022708]
2019-02-28 19:05:44,191 [MainThread  ][INFO ]  Final fidelity: 0.9989521885807648
2019-02-28 19:05:44,205 [MainThread  ][INFO ]  Final parameters: [ 4.96108516  0.34818684 -0.78939089]
2019-02-28 19:05:44,205 [MainThread  ][INFO ]  Fidelity: 0.9989521885807648
2019-02-28 19:05:44,205 [MainThread  ][INFO ]  ---- Starting iteration 48/100
2019-02-28 19:05:44,205 [MainThread  ][DEBUG]  Setting hyperparameter tf=1.002020202020202
2019-02-28 19:05:44,205 [MainThread  ][INFO ]  Starting optimization for tf=1.002020202020202
2019-02-28 19:05:44,205 [MainThread  ][DEBUG]  Optimization method: Nelder-Mead
2019-02-28 19:05:44,205 [MainThread  ][DEBUG]  Optimization options: None
2019-02-28 19:05:44,206 [MainThread  ][INFO ]  Initial parameter values: [0.63943795 0.5010101  0.94069416]
2019-02-28 19:06:09,755 [MainThread  ][INFO ]  Final fidelity: 0.998993283386312
2019-02-28 19:06:09,763 [MainThread  ][INFO ]  Final parameters: [ 2.32264269  0.81743528 -4.55049108]
2019-02-28 19:06:09,763 [MainThread  ][INFO ]  Fidelity: 0.998993283386312
2019-02-28 19:06:09,763 [MainThread  ][INFO ]  ---- Starting iteration 49/100
2019-02-28 19:06:09,763 [MainThread  ][DEBUG]  Setting hyperparameter tf=1.0212121212121212
2019-02-28 19:06:09,763 [MainThread  ][INFO ]  Starting optimization for tf=1.0212121212121212
2019-02-28 19:06:09,764 [MainThread  ][DEBUG]  Optimization method: Nelder-Mead
2019-02-28 19:06:09,764 [MainThread  ][DEBUG]  Optimization options: None
2019-02-28 19:06:09,764 [MainThread  ][INFO ]  Initial parameter values: [0.62353676 0.51060606 1.70006495]
2019-02-28 19:06:33,775 [MainThread  ][INFO ]  Final fidelity: 0.9957651824714618
2019-02-28 19:06:33,778 [MainThread  ][INFO ]  Final parameters: [ 1.81584909  0.91193833 -6.99999258]
2019-02-28 19:06:33,778 [MainThread  ][INFO ]  Fidelity: 0.9957651824714618
2019-02-28 19:06:33,778 [MainThread  ][INFO ]  ---- Starting iteration 50/100
2019-02-28 19:06:33,778 [MainThread  ][DEBUG]  Setting hyperparameter tf=1.0404040404040404
2019-02-28 19:06:33,778 [MainThread  ][INFO ]  Starting optimization for tf=1.0404040404040404
2019-02-28 19:06:33,778 [MainThread  ][DEBUG]  Optimization method: Nelder-Mead
2019-02-28 19:06:33,778 [MainThread  ][DEBUG]  Optimization options: None
2019-02-28 19:06:33,778 [MainThread  ][INFO ]  Initial parameter values: [1.7607581  0.52020202 1.18188568]
2019-02-28 19:06:59,074 [MainThread  ][INFO ]  Final fidelity: 0.9990116516446601
2019-02-28 19:06:59,078 [MainThread  ][INFO ]  Final parameters: [ 2.30556755  0.79254188 -3.00641167]
2019-02-28 19:06:59,078 [MainThread  ][INFO ]  Fidelity: 0.9990116516446601
2019-02-28 19:06:59,079 [MainThread  ][INFO ]  ---- Starting iteration 51/100
2019-02-28 19:06:59,079 [MainThread  ][DEBUG]  Setting hyperparameter tf=1.0595959595959596
2019-02-28 19:06:59,079 [MainThread  ][INFO ]  Starting optimization for tf=1.0595959595959596
2019-02-28 19:06:59,079 [MainThread  ][DEBUG]  Optimization method: Nelder-Mead
2019-02-28 19:06:59,079 [MainThread  ][DEBUG]  Optimization options: None
2019-02-28 19:06:59,079 [MainThread  ][INFO ]  Initial parameter values: [1.67223444 0.52979798 0.69536497]
2019-02-28 19:07:32,133 [MainThread  ][INFO ]  Final fidelity: 0.9990104171082808
2019-02-28 19:07:32,134 [MainThread  ][INFO ]  Final parameters: [ 2.57962656  0.67724934 -1.6170965 ]
2019-02-28 19:07:32,135 [MainThread  ][INFO ]  Fidelity: 0.9990104171082808
2019-02-28 19:07:32,135 [MainThread  ][INFO ]  ---- Starting iteration 52/100
2019-02-28 19:07:32,135 [MainThread  ][DEBUG]  Setting hyperparameter tf=1.0787878787878789
2019-02-28 19:07:32,135 [MainThread  ][INFO ]  Starting optimization for tf=1.0787878787878789
2019-02-28 19:07:32,135 [MainThread  ][DEBUG]  Optimization method: Nelder-Mead
2019-02-28 19:07:32,135 [MainThread  ][DEBUG]  Optimization options: None
2019-02-28 19:07:32,135 [MainThread  ][INFO ]  Initial parameter values: [0.12567556 0.53939394 0.28226457]
2019-02-28 19:07:59,221 [MainThread  ][INFO ]  Final fidelity: 0.8675496132125355
2019-02-28 19:07:59,225 [MainThread  ][INFO ]  Final parameters: [-0.29883575  0.01590515  0.4512056 ]
2019-02-28 19:07:59,225 [MainThread  ][INFO ]  Fidelity: 0.8675496132125355
2019-02-28 19:07:59,225 [MainThread  ][INFO ]  ---- Starting iteration 53/100
2019-02-28 19:07:59,225 [MainThread  ][DEBUG]  Setting hyperparameter tf=1.097979797979798
2019-02-28 19:07:59,225 [MainThread  ][INFO ]  Starting optimization for tf=1.097979797979798
2019-02-28 19:07:59,226 [MainThread  ][DEBUG]  Optimization method: Nelder-Mead
2019-02-28 19:07:59,226 [MainThread  ][DEBUG]  Optimization options: None
2019-02-28 19:07:59,226 [MainThread  ][INFO ]  Initial parameter values: [1.29673573 0.5489899  0.88751785]
2019-02-28 19:08:22,963 [MainThread  ][INFO ]  Final fidelity: 0.9990354511581444
2019-02-28 19:08:22,965 [MainThread  ][INFO ]  Final parameters: [ 2.17630952  0.80400176 -2.19673309]
2019-02-28 19:08:22,965 [MainThread  ][INFO ]  Fidelity: 0.9990354511581444
2019-02-28 19:08:22,965 [MainThread  ][INFO ]  ---- Starting iteration 54/100
2019-02-28 19:08:22,965 [MainThread  ][DEBUG]  Setting hyperparameter tf=1.1171717171717173
2019-02-28 19:08:22,966 [MainThread  ][INFO ]  Starting optimization for tf=1.1171717171717173
2019-02-28 19:08:22,966 [MainThread  ][DEBUG]  Optimization method: Nelder-Mead
2019-02-28 19:08:22,966 [MainThread  ][DEBUG]  Optimization options: None
2019-02-28 19:08:22,967 [MainThread  ][INFO ]  Initial parameter values: [1.40957076 0.55858586 1.10991376]
2019-02-28 19:08:46,768 [MainThread  ][INFO ]  Final fidelity: 0.9990347771051112
2019-02-28 19:08:46,780 [MainThread  ][INFO ]  Final parameters: [ 2.36109892  0.71250128 -1.33360288]
2019-02-28 19:08:46,780 [MainThread  ][INFO ]  Fidelity: 0.9990347771051112
2019-02-28 19:08:46,780 [MainThread  ][INFO ]  ---- Starting iteration 55/100
2019-02-28 19:08:46,780 [MainThread  ][DEBUG]  Setting hyperparameter tf=1.1363636363636365
2019-02-28 19:08:46,780 [MainThread  ][INFO ]  Starting optimization for tf=1.1363636363636365
2019-02-28 19:08:46,780 [MainThread  ][DEBUG]  Optimization method: Nelder-Mead
2019-02-28 19:08:46,780 [MainThread  ][DEBUG]  Optimization options: None
2019-02-28 19:08:46,781 [MainThread  ][INFO ]  Initial parameter values: [1.13378808 0.56818182 1.63642252]
2019-02-28 19:09:16,011 [MainThread  ][INFO ]  Final fidelity: 0.9990596030633461
2019-02-28 19:09:16,014 [MainThread  ][INFO ]  Final parameters: [ 1.91609158  0.91045656 -2.90937465]
2019-02-28 19:09:16,014 [MainThread  ][INFO ]  Fidelity: 0.9990596030633461
2019-02-28 19:09:16,014 [MainThread  ][INFO ]  ---- Starting iteration 56/100
2019-02-28 19:09:16,014 [MainThread  ][DEBUG]  Setting hyperparameter tf=1.1555555555555557
2019-02-28 19:09:16,015 [MainThread  ][INFO ]  Starting optimization for tf=1.1555555555555557
2019-02-28 19:09:16,015 [MainThread  ][DEBUG]  Optimization method: Nelder-Mead
2019-02-28 19:09:16,015 [MainThread  ][DEBUG]  Optimization options: None
2019-02-28 19:09:16,015 [MainThread  ][INFO ]  Initial parameter values: [1.47015699 0.57777778 1.64039277]
2019-02-28 19:09:42,805 [MainThread  ][INFO ]  Final fidelity: 0.9990751070764279
2019-02-28 19:09:42,809 [MainThread  ][INFO ]  Final parameters: [ 1.79628597  0.97210839 -3.64805037]
2019-02-28 19:09:42,809 [MainThread  ][INFO ]  Fidelity: 0.9990751070764279
2019-02-28 19:09:42,810 [MainThread  ][INFO ]  ---- Starting iteration 57/100
2019-02-28 19:09:42,810 [MainThread  ][DEBUG]  Setting hyperparameter tf=1.1747474747474747
2019-02-28 19:09:42,810 [MainThread  ][INFO ]  Starting optimization for tf=1.1747474747474747
2019-02-28 19:09:42,810 [MainThread  ][DEBUG]  Optimization method: Nelder-Mead
2019-02-28 19:09:42,810 [MainThread  ][DEBUG]  Optimization options: None
2019-02-28 19:09:42,810 [MainThread  ][INFO ]  Initial parameter values: [0.22369229 0.58737374 0.58078475]
2019-02-28 19:10:00,453 [MainThread  ][INFO ]  Final fidelity: 0.8828309151329813
2019-02-28 19:10:00,463 [MainThread  ][INFO ]  Final parameters: [4.53712449e-01 8.53688040e-05 5.53229679e-01]
2019-02-28 19:10:00,463 [MainThread  ][INFO ]  Fidelity: 0.8828309151329813
2019-02-28 19:10:00,463 [MainThread  ][INFO ]  ---- Starting iteration 58/100
2019-02-28 19:10:00,463 [MainThread  ][DEBUG]  Setting hyperparameter tf=1.1939393939393939
2019-02-28 19:10:00,463 [MainThread  ][INFO ]  Starting optimization for tf=1.1939393939393939
2019-02-28 19:10:00,463 [MainThread  ][DEBUG]  Optimization method: Nelder-Mead
2019-02-28 19:10:00,463 [MainThread  ][DEBUG]  Optimization options: None
2019-02-28 19:10:00,463 [MainThread  ][INFO ]  Initial parameter values: [0.68713571 0.5969697  0.9685062 ]
2019-02-28 19:10:24,736 [MainThread  ][INFO ]  Final fidelity: 0.9990805772418836
2019-02-28 19:10:24,752 [MainThread  ][INFO ]  Final parameters: [ 1.80786768  0.93202008 -2.19437397]
2019-02-28 19:10:24,752 [MainThread  ][INFO ]  Fidelity: 0.9990805772418836
2019-02-28 19:10:24,752 [MainThread  ][INFO ]  ---- Starting iteration 59/100
2019-02-28 19:10:24,752 [MainThread  ][DEBUG]  Setting hyperparameter tf=1.213131313131313
2019-02-28 19:10:24,752 [MainThread  ][INFO ]  Starting optimization for tf=1.213131313131313
2019-02-28 19:10:24,752 [MainThread  ][DEBUG]  Optimization method: Nelder-Mead
2019-02-28 19:10:24,752 [MainThread  ][DEBUG]  Optimization options: None
2019-02-28 19:10:24,752 [MainThread  ][INFO ]  Initial parameter values: [1.7153322  0.60656566 0.43587207]
2019-02-28 19:10:47,517 [MainThread  ][INFO ]  Final fidelity: 0.9990462892650144
2019-02-28 19:10:47,529 [MainThread  ][INFO ]  Final parameters: [ 3.51646467  0.399607   -0.14237634]
2019-02-28 19:10:47,529 [MainThread  ][INFO ]  Fidelity: 0.9990462892650144
2019-02-28 19:10:47,529 [MainThread  ][INFO ]  ---- Starting iteration 60/100
2019-02-28 19:10:47,530 [MainThread  ][DEBUG]  Setting hyperparameter tf=1.2323232323232323
2019-02-28 19:10:47,530 [MainThread  ][INFO ]  Starting optimization for tf=1.2323232323232323
2019-02-28 19:10:47,530 [MainThread  ][DEBUG]  Optimization method: Nelder-Mead
2019-02-28 19:10:47,530 [MainThread  ][DEBUG]  Optimization options: None
2019-02-28 19:10:47,530 [MainThread  ][INFO ]  Initial parameter values: [1.41293472 0.61616162 1.24394298]
2019-02-28 19:11:06,174 [MainThread  ][INFO ]  Final fidelity: 0.9990854579665023
2019-02-28 19:11:06,180 [MainThread  ][INFO ]  Final parameters: [ 1.78438867  0.91180294 -1.54219059]
2019-02-28 19:11:06,181 [MainThread  ][INFO ]  Fidelity: 0.9990854579665023
2019-02-28 19:11:06,181 [MainThread  ][INFO ]  ---- Starting iteration 61/100
2019-02-28 19:11:06,181 [MainThread  ][DEBUG]  Setting hyperparameter tf=1.2515151515151515
2019-02-28 19:11:06,181 [MainThread  ][INFO ]  Starting optimization for tf=1.2515151515151515
2019-02-28 19:11:06,181 [MainThread  ][DEBUG]  Optimization method: Nelder-Mead
2019-02-28 19:11:06,181 [MainThread  ][DEBUG]  Optimization options: None
2019-02-28 19:11:06,181 [MainThread  ][INFO ]  Initial parameter values: [1.07018801 0.62575758 0.2458828 ]
2019-02-28 19:11:29,396 [MainThread  ][INFO ]  Final fidelity: 0.9990567492880973
2019-02-28 19:11:29,416 [MainThread  ][INFO ]  Final parameters: [ 3.43455774  0.39489651 -0.05647373]
2019-02-28 19:11:29,416 [MainThread  ][INFO ]  Fidelity: 0.9990567492880973
2019-02-28 19:11:29,416 [MainThread  ][INFO ]  ---- Starting iteration 62/100
2019-02-28 19:11:29,417 [MainThread  ][DEBUG]  Setting hyperparameter tf=1.2707070707070707
2019-02-28 19:11:29,417 [MainThread  ][INFO ]  Starting optimization for tf=1.2707070707070707
2019-02-28 19:11:29,417 [MainThread  ][DEBUG]  Optimization method: Nelder-Mead
2019-02-28 19:11:29,417 [MainThread  ][DEBUG]  Optimization options: None
2019-02-28 19:11:29,417 [MainThread  ][INFO ]  Initial parameter values: [0.98452102 0.63535354 0.64128351]
2019-02-28 19:11:56,045 [MainThread  ][INFO ]  Final fidelity: 0.9990925294507629
2019-02-28 19:11:56,053 [MainThread  ][INFO ]  Final parameters: [ 1.76076162  0.89814434 -1.13468948]
2019-02-28 19:11:56,053 [MainThread  ][INFO ]  Fidelity: 0.9990925294507629
2019-02-28 19:11:56,053 [MainThread  ][INFO ]  ---- Starting iteration 63/100
2019-02-28 19:11:56,053 [MainThread  ][DEBUG]  Setting hyperparameter tf=1.2898989898989899
2019-02-28 19:11:56,053 [MainThread  ][INFO ]  Starting optimization for tf=1.2898989898989899
2019-02-28 19:11:56,053 [MainThread  ][DEBUG]  Optimization method: Nelder-Mead
2019-02-28 19:11:56,053 [MainThread  ][DEBUG]  Optimization options: None
2019-02-28 19:11:56,054 [MainThread  ][INFO ]  Initial parameter values: [0.41031212 0.64494949 0.57336189]
2019-02-28 19:12:18,797 [MainThread  ][INFO ]  Final fidelity: 0.9990916053196258
2019-02-28 19:12:18,797 [MainThread  ][INFO ]  Final parameters: [ 1.79982947  0.85659578 -0.83401595]
2019-02-28 19:12:18,797 [MainThread  ][INFO ]  Fidelity: 0.9990916053196258
2019-02-28 19:12:18,798 [MainThread  ][INFO ]  ---- Starting iteration 64/100
2019-02-28 19:12:18,798 [MainThread  ][DEBUG]  Setting hyperparameter tf=1.309090909090909
2019-02-28 19:12:18,798 [MainThread  ][INFO ]  Starting optimization for tf=1.309090909090909
2019-02-28 19:12:18,798 [MainThread  ][DEBUG]  Optimization method: Nelder-Mead
2019-02-28 19:12:18,798 [MainThread  ][DEBUG]  Optimization options: None
2019-02-28 19:12:18,798 [MainThread  ][INFO ]  Initial parameter values: [1.78708608 0.65454545 1.71842761]
2019-02-28 19:12:45,895 [MainThread  ][INFO ]  Final fidelity: 0.9991221702949693
2019-02-28 19:12:45,899 [MainThread  ][INFO ]  Final parameters: [ 1.50738076  1.07984007 -2.17832317]
2019-02-28 19:12:45,899 [MainThread  ][INFO ]  Fidelity: 0.9991221702949693
2019-02-28 19:12:45,899 [MainThread  ][INFO ]  ---- Starting iteration 65/100
2019-02-28 19:12:45,899 [MainThread  ][DEBUG]  Setting hyperparameter tf=1.3282828282828283
2019-02-28 19:12:45,899 [MainThread  ][INFO ]  Starting optimization for tf=1.3282828282828283
2019-02-28 19:12:45,899 [MainThread  ][DEBUG]  Optimization method: Nelder-Mead
2019-02-28 19:12:45,899 [MainThread  ][DEBUG]  Optimization options: None
2019-02-28 19:12:45,899 [MainThread  ][INFO ]  Initial parameter values: [1.63533326 0.66414141 0.41645744]
2019-02-28 19:13:11,932 [MainThread  ][INFO ]  Final fidelity: 0.9990833882697631
2019-02-28 19:13:11,934 [MainThread  ][INFO ]  Final parameters: [ 2.62025737  0.50670449 -0.02512853]
2019-02-28 19:13:11,934 [MainThread  ][INFO ]  Fidelity: 0.9990833882697631
2019-02-28 19:13:11,934 [MainThread  ][INFO ]  ---- Starting iteration 66/100
2019-02-28 19:13:11,934 [MainThread  ][DEBUG]  Setting hyperparameter tf=1.3474747474747475
2019-02-28 19:13:11,934 [MainThread  ][INFO ]  Starting optimization for tf=1.3474747474747475
2019-02-28 19:13:11,934 [MainThread  ][DEBUG]  Optimization method: Nelder-Mead
2019-02-28 19:13:11,935 [MainThread  ][DEBUG]  Optimization options: None
2019-02-28 19:13:11,935 [MainThread  ][INFO ]  Initial parameter values: [0.71443544 0.67373737 0.06274514]
2019-02-28 19:13:35,077 [MainThread  ][INFO ]  Final fidelity: 0.9990865189784733
2019-02-28 19:13:35,079 [MainThread  ][INFO ]  Final parameters: [ 2.51745541  0.52306799 -0.0057931 ]
2019-02-28 19:13:35,079 [MainThread  ][INFO ]  Fidelity: 0.9990865189784733
2019-02-28 19:13:35,079 [MainThread  ][INFO ]  ---- Starting iteration 67/100
2019-02-28 19:13:35,080 [MainThread  ][DEBUG]  Setting hyperparameter tf=1.3666666666666667
2019-02-28 19:13:35,080 [MainThread  ][INFO ]  Starting optimization for tf=1.3666666666666667
2019-02-28 19:13:35,080 [MainThread  ][DEBUG]  Optimization method: Nelder-Mead
2019-02-28 19:13:35,080 [MainThread  ][DEBUG]  Optimization options: None
2019-02-28 19:13:35,080 [MainThread  ][INFO ]  Initial parameter values: [0.16842686 0.68333333 0.70393549]
2019-02-28 19:13:53,970 [MainThread  ][INFO ]  Final fidelity: 0.9039216951772868
2019-02-28 19:13:53,971 [MainThread  ][INFO ]  Final parameters: [3.48853019e-01 2.52745163e-05 5.71735370e-01]
2019-02-28 19:13:53,971 [MainThread  ][INFO ]  Fidelity: 0.9039216951772868
2019-02-28 19:13:53,971 [MainThread  ][INFO ]  ---- Starting iteration 68/100
2019-02-28 19:13:53,971 [MainThread  ][DEBUG]  Setting hyperparameter tf=1.385858585858586
2019-02-28 19:13:53,971 [MainThread  ][INFO ]  Starting optimization for tf=1.385858585858586
2019-02-28 19:13:53,971 [MainThread  ][DEBUG]  Optimization method: Nelder-Mead
2019-02-28 19:13:53,972 [MainThread  ][DEBUG]  Optimization options: None
2019-02-28 19:13:53,972 [MainThread  ][INFO ]  Initial parameter values: [0.32818249 0.69292929 1.68794147]
2019-02-28 19:14:20,061 [MainThread  ][INFO ]  Final fidelity: 0.9991651183859068
2019-02-28 19:14:20,062 [MainThread  ][INFO ]  Final parameters: [ 1.27388068  1.30556147 -6.82590952]
2019-02-28 19:14:20,062 [MainThread  ][INFO ]  Fidelity: 0.9991651183859068
2019-02-28 19:14:20,062 [MainThread  ][INFO ]  ---- Starting iteration 69/100
2019-02-28 19:14:20,062 [MainThread  ][DEBUG]  Setting hyperparameter tf=1.405050505050505
2019-02-28 19:14:20,062 [MainThread  ][INFO ]  Starting optimization for tf=1.405050505050505
2019-02-28 19:14:20,063 [MainThread  ][DEBUG]  Optimization method: Nelder-Mead
2019-02-28 19:14:20,063 [MainThread  ][DEBUG]  Optimization options: None
2019-02-28 19:14:20,063 [MainThread  ][INFO ]  Initial parameter values: [1.37796032 0.70252525 0.20837289]
2019-02-28 19:14:40,283 [MainThread  ][INFO ]  Final fidelity: 0.9990992733717344
2019-02-28 19:14:40,296 [MainThread  ][INFO ]  Final parameters: [2.47195684 0.50623617 0.10564397]
2019-02-28 19:14:40,296 [MainThread  ][INFO ]  Fidelity: 0.9990992733717344
2019-02-28 19:14:40,296 [MainThread  ][INFO ]  ---- Starting iteration 70/100
2019-02-28 19:14:40,297 [MainThread  ][DEBUG]  Setting hyperparameter tf=1.4242424242424243
2019-02-28 19:14:40,297 [MainThread  ][INFO ]  Starting optimization for tf=1.4242424242424243
2019-02-28 19:14:40,297 [MainThread  ][DEBUG]  Optimization method: Nelder-Mead
2019-02-28 19:14:40,297 [MainThread  ][DEBUG]  Optimization options: None
2019-02-28 19:14:40,297 [MainThread  ][INFO ]  Initial parameter values: [1.20852494 0.71212121 0.29228533]
2019-02-28 19:15:00,502 [MainThread  ][INFO ]  Final fidelity: 0.9991060108217183
2019-02-28 19:15:00,503 [MainThread  ][INFO ]  Final parameters: [2.28364431 0.54971735 0.10057047]
2019-02-28 19:15:00,503 [MainThread  ][INFO ]  Fidelity: 0.9991060108217183
2019-02-28 19:15:00,503 [MainThread  ][INFO ]  ---- Starting iteration 71/100
2019-02-28 19:15:00,503 [MainThread  ][DEBUG]  Setting hyperparameter tf=1.4434343434343435
2019-02-28 19:15:00,503 [MainThread  ][INFO ]  Starting optimization for tf=1.4434343434343435
2019-02-28 19:15:00,503 [MainThread  ][DEBUG]  Optimization method: Nelder-Mead
2019-02-28 19:15:00,503 [MainThread  ][DEBUG]  Optimization options: None
2019-02-28 19:15:00,503 [MainThread  ][INFO ]  Initial parameter values: [1.88677147 0.72171717 0.26184782]
2019-02-28 19:15:17,978 [MainThread  ][INFO ]  Final fidelity: 0.9991154663758104
2019-02-28 19:15:17,979 [MainThread  ][INFO ]  Final parameters: [2.65242368 0.4461623  0.2029992 ]
2019-02-28 19:15:17,979 [MainThread  ][INFO ]  Fidelity: 0.9991154663758104
2019-02-28 19:15:17,979 [MainThread  ][INFO ]  ---- Starting iteration 72/100
2019-02-28 19:15:17,979 [MainThread  ][DEBUG]  Setting hyperparameter tf=1.4626262626262627
2019-02-28 19:15:17,980 [MainThread  ][INFO ]  Starting optimization for tf=1.4626262626262627
2019-02-28 19:15:17,980 [MainThread  ][DEBUG]  Optimization method: Nelder-Mead
2019-02-28 19:15:17,980 [MainThread  ][DEBUG]  Optimization options: None
2019-02-28 19:15:17,980 [MainThread  ][INFO ]  Initial parameter values: [0.60768683 0.73131313 1.49382554]
2019-02-28 19:15:44,474 [MainThread  ][INFO ]  Final fidelity: 0.9991814125513642
2019-02-28 19:15:44,477 [MainThread  ][INFO ]  Final parameters: [ 1.20036694  1.35612981 -4.46752175]
2019-02-28 19:15:44,477 [MainThread  ][INFO ]  Fidelity: 0.9991814125513642
2019-02-28 19:15:44,477 [MainThread  ][INFO ]  ---- Starting iteration 73/100
2019-02-28 19:15:44,477 [MainThread  ][DEBUG]  Setting hyperparameter tf=1.481818181818182
2019-02-28 19:15:44,477 [MainThread  ][INFO ]  Starting optimization for tf=1.481818181818182
2019-02-28 19:15:44,477 [MainThread  ][DEBUG]  Optimization method: Nelder-Mead
2019-02-28 19:15:44,477 [MainThread  ][DEBUG]  Optimization options: None
2019-02-28 19:15:44,478 [MainThread  ][INFO ]  Initial parameter values: [1.41222315 0.74090909 0.25166023]
2019-02-28 19:16:04,814 [MainThread  ][INFO ]  Final fidelity: 0.9991230526755165
2019-02-28 19:16:04,816 [MainThread  ][INFO ]  Final parameters: [2.06013296 0.59578547 0.15013905]
2019-02-28 19:16:04,817 [MainThread  ][INFO ]  Fidelity: 0.9991230526755165
2019-02-28 19:16:04,817 [MainThread  ][INFO ]  ---- Starting iteration 74/100
2019-02-28 19:16:04,817 [MainThread  ][DEBUG]  Setting hyperparameter tf=1.501010101010101
2019-02-28 19:16:04,817 [MainThread  ][INFO ]  Starting optimization for tf=1.501010101010101
2019-02-28 19:16:04,817 [MainThread  ][DEBUG]  Optimization method: Nelder-Mead
2019-02-28 19:16:04,817 [MainThread  ][DEBUG]  Optimization options: None
2019-02-28 19:16:04,818 [MainThread  ][INFO ]  Initial parameter values: [0.07927143 0.75050505 1.49847658]
2019-02-28 19:16:23,657 [MainThread  ][INFO ]  Final fidelity: 0.9186058401570839
2019-02-28 19:16:23,658 [MainThread  ][INFO ]  Final parameters: [1.75506934e-01 2.60465134e-05 6.00304197e-01]
2019-02-28 19:16:23,658 [MainThread  ][INFO ]  Fidelity: 0.9186058401570839
2019-02-28 19:16:23,658 [MainThread  ][INFO ]  ---- Starting iteration 75/100
2019-02-28 19:16:23,659 [MainThread  ][DEBUG]  Setting hyperparameter tf=1.52020202020202
2019-02-28 19:16:23,659 [MainThread  ][INFO ]  Starting optimization for tf=1.52020202020202
2019-02-28 19:16:23,659 [MainThread  ][DEBUG]  Optimization method: Nelder-Mead
2019-02-28 19:16:23,659 [MainThread  ][DEBUG]  Optimization options: None
2019-02-28 19:16:23,659 [MainThread  ][INFO ]  Initial parameter values: [0.25308651 0.76010101 0.94553596]
2019-02-28 19:16:59,977 [MainThread  ][INFO ]  Final fidelity: 0.9991341557047705
2019-02-28 19:16:59,977 [MainThread  ][INFO ]  Final parameters: [1.77477839 0.7076521  0.11788512]
2019-02-28 19:16:59,978 [MainThread  ][INFO ]  Fidelity: 0.9991341557047705
2019-02-28 19:16:59,978 [MainThread  ][INFO ]  ---- Starting iteration 76/100
2019-02-28 19:16:59,978 [MainThread  ][DEBUG]  Setting hyperparameter tf=1.5393939393939393
2019-02-28 19:16:59,978 [MainThread  ][INFO ]  Starting optimization for tf=1.5393939393939393
2019-02-28 19:16:59,978 [MainThread  ][DEBUG]  Optimization method: Nelder-Mead
2019-02-28 19:16:59,978 [MainThread  ][DEBUG]  Optimization options: None
2019-02-28 19:16:59,978 [MainThread  ][INFO ]  Initial parameter values: [1.95415335 0.76969697 0.57028101]
2019-02-28 19:17:24,901 [MainThread  ][INFO ]  Final fidelity: 0.9991473368461606
2019-02-28 19:17:24,909 [MainThread  ][INFO ]  Final parameters: [3.09839493 0.33514487 0.35942277]
2019-02-28 19:17:24,910 [MainThread  ][INFO ]  Fidelity: 0.9991473368461606
2019-02-28 19:17:24,910 [MainThread  ][INFO ]  ---- Starting iteration 77/100
2019-02-28 19:17:24,910 [MainThread  ][DEBUG]  Setting hyperparameter tf=1.5585858585858585
2019-02-28 19:17:24,910 [MainThread  ][INFO ]  Starting optimization for tf=1.5585858585858585
2019-02-28 19:17:24,910 [MainThread  ][DEBUG]  Optimization method: Nelder-Mead
2019-02-28 19:17:24,910 [MainThread  ][DEBUG]  Optimization options: None
2019-02-28 19:17:24,910 [MainThread  ][INFO ]  Initial parameter values: [0.49626627 0.77929293 1.49483916]
2019-02-28 19:17:49,572 [MainThread  ][INFO ]  Final fidelity: 0.9991966213204401
2019-02-28 19:17:49,585 [MainThread  ][INFO ]  Final parameters: [ 1.12617917  1.41141842 -2.62034302]
2019-02-28 19:17:49,585 [MainThread  ][INFO ]  Fidelity: 0.9991966213204401
2019-02-28 19:17:49,585 [MainThread  ][INFO ]  ---- Starting iteration 78/100
2019-02-28 19:17:49,585 [MainThread  ][DEBUG]  Setting hyperparameter tf=1.5777777777777777
2019-02-28 19:17:49,586 [MainThread  ][INFO ]  Starting optimization for tf=1.5777777777777777
2019-02-28 19:17:49,586 [MainThread  ][DEBUG]  Optimization method: Nelder-Mead
2019-02-28 19:17:49,586 [MainThread  ][DEBUG]  Optimization options: None
2019-02-28 19:17:49,586 [MainThread  ][INFO ]  Initial parameter values: [1.32710696 0.78888889 0.78728727]
2019-02-28 19:18:15,611 [MainThread  ][INFO ]  Final fidelity: 0.999176372128498
2019-02-28 19:18:15,624 [MainThread  ][INFO ]  Final parameters: [ 1.21194341  1.22334776 -0.62999853]
2019-02-28 19:18:15,624 [MainThread  ][INFO ]  Fidelity: 0.999176372128498
2019-02-28 19:18:15,624 [MainThread  ][INFO ]  ---- Starting iteration 79/100
2019-02-28 19:18:15,625 [MainThread  ][DEBUG]  Setting hyperparameter tf=1.596969696969697
2019-02-28 19:18:15,625 [MainThread  ][INFO ]  Starting optimization for tf=1.596969696969697
2019-02-28 19:18:15,625 [MainThread  ][DEBUG]  Optimization method: Nelder-Mead
2019-02-28 19:18:15,625 [MainThread  ][DEBUG]  Optimization options: None
2019-02-28 19:18:15,625 [MainThread  ][INFO ]  Initial parameter values: [0.80215921 0.79848485 0.04543369]
2019-02-28 19:18:34,581 [MainThread  ][INFO ]  Final fidelity: 0.9991580128551859
2019-02-28 19:18:34,588 [MainThread  ][INFO ]  Final parameters: [1.41553629 0.93070665 0.03637493]
2019-02-28 19:18:34,589 [MainThread  ][INFO ]  Fidelity: 0.9991580128551859
2019-02-28 19:18:34,589 [MainThread  ][INFO ]  ---- Starting iteration 80/100
2019-02-28 19:18:34,589 [MainThread  ][DEBUG]  Setting hyperparameter tf=1.6161616161616161
2019-02-28 19:18:34,589 [MainThread  ][INFO ]  Starting optimization for tf=1.6161616161616161
2019-02-28 19:18:34,589 [MainThread  ][DEBUG]  Optimization method: Nelder-Mead
2019-02-28 19:18:34,589 [MainThread  ][DEBUG]  Optimization options: None
2019-02-28 19:18:34,589 [MainThread  ][INFO ]  Initial parameter values: [1.44818563 0.80808081 1.22254234]
2019-02-28 19:18:57,160 [MainThread  ][INFO ]  Final fidelity: 0.9991863585799039
2019-02-28 19:18:57,165 [MainThread  ][INFO ]  Final parameters: [ 1.1703404   1.26278354 -0.57050286]
2019-02-28 19:18:57,165 [MainThread  ][INFO ]  Fidelity: 0.9991863585799039
2019-02-28 19:18:57,165 [MainThread  ][INFO ]  ---- Starting iteration 81/100
2019-02-28 19:18:57,165 [MainThread  ][DEBUG]  Setting hyperparameter tf=1.6353535353535353
2019-02-28 19:18:57,165 [MainThread  ][INFO ]  Starting optimization for tf=1.6353535353535353
2019-02-28 19:18:57,165 [MainThread  ][DEBUG]  Optimization method: Nelder-Mead
2019-02-28 19:18:57,165 [MainThread  ][DEBUG]  Optimization options: None
2019-02-28 19:18:57,165 [MainThread  ][INFO ]  Initial parameter values: [0.8701877  0.81767677 1.19883758]
2019-02-28 19:19:22,015 [MainThread  ][INFO ]  Final fidelity: 0.9991894926933007
2019-02-28 19:19:22,028 [MainThread  ][INFO ]  Final parameters: [ 1.16003091  1.26208337 -0.46994664]
2019-02-28 19:19:22,028 [MainThread  ][INFO ]  Fidelity: 0.9991894926933007
2019-02-28 19:19:22,028 [MainThread  ][INFO ]  ---- Starting iteration 82/100
2019-02-28 19:19:22,029 [MainThread  ][DEBUG]  Setting hyperparameter tf=1.6545454545454545
2019-02-28 19:19:22,029 [MainThread  ][INFO ]  Starting optimization for tf=1.6545454545454545
2019-02-28 19:19:22,029 [MainThread  ][DEBUG]  Optimization method: Nelder-Mead
2019-02-28 19:19:22,029 [MainThread  ][DEBUG]  Optimization options: None
2019-02-28 19:19:22,029 [MainThread  ][INFO ]  Initial parameter values: [0.30046221 0.82727273 1.91492915]
2019-02-28 19:19:48,061 [MainThread  ][INFO ]  Final fidelity: 0.9992197114427278
2019-02-28 19:19:48,062 [MainThread  ][INFO ]  Final parameters: [ 1.05734231  1.48210448 -1.80615756]
2019-02-28 19:19:48,062 [MainThread  ][INFO ]  Fidelity: 0.9992197114427278
2019-02-28 19:19:48,062 [MainThread  ][INFO ]  ---- Starting iteration 83/100
2019-02-28 19:19:48,062 [MainThread  ][DEBUG]  Setting hyperparameter tf=1.6737373737373737
2019-02-28 19:19:48,062 [MainThread  ][INFO ]  Starting optimization for tf=1.6737373737373737
2019-02-28 19:19:48,062 [MainThread  ][DEBUG]  Optimization method: Nelder-Mead
2019-02-28 19:19:48,062 [MainThread  ][DEBUG]  Optimization options: None
2019-02-28 19:19:48,063 [MainThread  ][INFO ]  Initial parameter values: [0.59979251 0.83686869 1.92221308]
2019-02-28 19:20:09,618 [MainThread  ][INFO ]  Final fidelity: 0.9992311914891432
2019-02-28 19:20:09,644 [MainThread  ][INFO ]  Final parameters: [ 1.02946626  1.5423319  -2.51955475]
2019-02-28 19:20:09,645 [MainThread  ][INFO ]  Fidelity: 0.9992311914891432
2019-02-28 19:20:09,645 [MainThread  ][INFO ]  ---- Starting iteration 84/100
2019-02-28 19:20:09,645 [MainThread  ][DEBUG]  Setting hyperparameter tf=1.692929292929293
2019-02-28 19:20:09,645 [MainThread  ][INFO ]  Starting optimization for tf=1.692929292929293
2019-02-28 19:20:09,645 [MainThread  ][DEBUG]  Optimization method: Nelder-Mead
2019-02-28 19:20:09,645 [MainThread  ][DEBUG]  Optimization options: None
2019-02-28 19:20:09,645 [MainThread  ][INFO ]  Initial parameter values: [0.73358892 0.84646465 0.19994204]
2019-02-28 19:20:33,304 [MainThread  ][INFO ]  Final fidelity: 0.9991804404494835
2019-02-28 19:20:33,304 [MainThread  ][INFO ]  Final parameters: [1.31237719 0.96992207 0.16521611]
2019-02-28 19:20:33,305 [MainThread  ][INFO ]  Fidelity: 0.9991804404494835
2019-02-28 19:20:33,305 [MainThread  ][INFO ]  ---- Starting iteration 85/100
2019-02-28 19:20:33,305 [MainThread  ][DEBUG]  Setting hyperparameter tf=1.7121212121212122
2019-02-28 19:20:33,305 [MainThread  ][INFO ]  Starting optimization for tf=1.7121212121212122
2019-02-28 19:20:33,305 [MainThread  ][DEBUG]  Optimization method: Nelder-Mead
2019-02-28 19:20:33,305 [MainThread  ][DEBUG]  Optimization options: None
2019-02-28 19:20:33,305 [MainThread  ][INFO ]  Initial parameter values: [0.09071082 0.85606061 1.52037639]
2019-02-28 19:20:53,007 [MainThread  ][INFO ]  Final fidelity: 0.940769601030872
2019-02-28 19:20:53,020 [MainThread  ][INFO ]  Final parameters: [8.25157383e-02 9.21217564e-07 6.14695342e-01]
2019-02-28 19:20:53,020 [MainThread  ][INFO ]  Fidelity: 0.940769601030872
2019-02-28 19:20:53,020 [MainThread  ][INFO ]  ---- Starting iteration 86/100
2019-02-28 19:20:53,020 [MainThread  ][DEBUG]  Setting hyperparameter tf=1.7313131313131314
2019-02-28 19:20:53,021 [MainThread  ][INFO ]  Starting optimization for tf=1.7313131313131314
2019-02-28 19:20:53,021 [MainThread  ][DEBUG]  Optimization method: Nelder-Mead
2019-02-28 19:20:53,021 [MainThread  ][DEBUG]  Optimization options: None
2019-02-28 19:20:53,021 [MainThread  ][INFO ]  Initial parameter values: [0.72419312 0.86565657 1.89249117]
2019-02-28 19:21:11,954 [MainThread  ][INFO ]  Final fidelity: 0.9992361378506532
2019-02-28 19:21:11,955 [MainThread  ][INFO ]  Final parameters: [ 1.01252925  1.53394158 -1.28023866]
2019-02-28 19:21:11,955 [MainThread  ][INFO ]  Fidelity: 0.9992361378506532
2019-02-28 19:21:11,956 [MainThread  ][INFO ]  ---- Starting iteration 87/100
2019-02-28 19:21:11,956 [MainThread  ][DEBUG]  Setting hyperparameter tf=1.7505050505050506
2019-02-28 19:21:11,956 [MainThread  ][INFO ]  Starting optimization for tf=1.7505050505050506
2019-02-28 19:21:11,956 [MainThread  ][DEBUG]  Optimization method: Nelder-Mead
2019-02-28 19:21:11,956 [MainThread  ][DEBUG]  Optimization options: None
2019-02-28 19:21:11,956 [MainThread  ][INFO ]  Initial parameter values: [0.4660094  0.87525253 0.47818726]
2019-02-28 19:21:38,643 [MainThread  ][INFO ]  Final fidelity: 0.9992033904899297
2019-02-28 19:21:38,655 [MainThread  ][INFO ]  Final parameters: [1.97313957 0.4886397  0.46095183]
2019-02-28 19:21:38,655 [MainThread  ][INFO ]  Fidelity: 0.9992033904899297
2019-02-28 19:21:38,655 [MainThread  ][INFO ]  ---- Starting iteration 88/100
2019-02-28 19:21:38,656 [MainThread  ][DEBUG]  Setting hyperparameter tf=1.7696969696969698
2019-02-28 19:21:38,656 [MainThread  ][INFO ]  Starting optimization for tf=1.7696969696969698
2019-02-28 19:21:38,656 [MainThread  ][DEBUG]  Optimization method: Nelder-Mead
2019-02-28 19:21:38,656 [MainThread  ][DEBUG]  Optimization options: None
2019-02-28 19:21:38,656 [MainThread  ][INFO ]  Initial parameter values: [0.05525063 0.88484848 0.01759528]
2019-02-28 19:22:10,201 [MainThread  ][INFO ]  Final fidelity: 0.9992256102783025
2019-02-28 19:22:10,204 [MainThread  ][INFO ]  Final parameters: [ 1.04068644  1.41160979 -0.3256696 ]
2019-02-28 19:22:10,204 [MainThread  ][INFO ]  Fidelity: 0.9992256102783025
2019-02-28 19:22:10,204 [MainThread  ][INFO ]  ---- Starting iteration 89/100
2019-02-28 19:22:10,205 [MainThread  ][DEBUG]  Setting hyperparameter tf=1.7888888888888888
2019-02-28 19:22:10,205 [MainThread  ][INFO ]  Starting optimization for tf=1.7888888888888888
2019-02-28 19:22:10,205 [MainThread  ][DEBUG]  Optimization method: Nelder-Mead
2019-02-28 19:22:10,205 [MainThread  ][DEBUG]  Optimization options: None
2019-02-28 19:22:10,205 [MainThread  ][INFO ]  Initial parameter values: [1.26846036 0.89444444 1.09662287]
2019-02-28 19:22:31,468 [MainThread  ][INFO ]  Final fidelity: 0.9992365606285905
2019-02-28 19:22:31,469 [MainThread  ][INFO ]  Final parameters: [ 1.00881584  1.48916354 -0.50078782]
2019-02-28 19:22:31,469 [MainThread  ][INFO ]  Fidelity: 0.9992365606285905
2019-02-28 19:22:31,469 [MainThread  ][INFO ]  ---- Starting iteration 90/100
2019-02-28 19:22:31,469 [MainThread  ][DEBUG]  Setting hyperparameter tf=1.808080808080808
2019-02-28 19:22:31,469 [MainThread  ][INFO ]  Starting optimization for tf=1.808080808080808
2019-02-28 19:22:31,470 [MainThread  ][DEBUG]  Optimization method: Nelder-Mead
2019-02-28 19:22:31,470 [MainThread  ][DEBUG]  Optimization options: None
2019-02-28 19:22:31,470 [MainThread  ][INFO ]  Initial parameter values: [1.19093286 0.9040404  0.20942753]
2019-02-28 19:22:50,686 [MainThread  ][INFO ]  Final fidelity: 0.9992091710919987
2019-02-28 19:22:50,695 [MainThread  ][INFO ]  Final parameters: [1.15061188 1.11807224 0.21853353]
2019-02-28 19:22:50,695 [MainThread  ][INFO ]  Fidelity: 0.9992091710919987
2019-02-28 19:22:50,695 [MainThread  ][INFO ]  ---- Starting iteration 91/100
2019-02-28 19:22:50,695 [MainThread  ][DEBUG]  Setting hyperparameter tf=1.8272727272727272
2019-02-28 19:22:50,695 [MainThread  ][INFO ]  Starting optimization for tf=1.8272727272727272
2019-02-28 19:22:50,695 [MainThread  ][DEBUG]  Optimization method: Nelder-Mead
2019-02-28 19:22:50,695 [MainThread  ][DEBUG]  Optimization options: None
2019-02-28 19:22:50,695 [MainThread  ][INFO ]  Initial parameter values: [1.86966147 0.91363636 0.01202516]
2019-02-28 19:23:06,426 [MainThread  ][INFO ]  Final fidelity: 0.9992275235900716
2019-02-28 19:23:06,427 [MainThread  ][INFO ]  Final parameters: [1.04522063 1.34012785 0.01389423]
2019-02-28 19:23:06,427 [MainThread  ][INFO ]  Fidelity: 0.9992275235900716
2019-02-28 19:23:06,427 [MainThread  ][INFO ]  ---- Starting iteration 92/100
2019-02-28 19:23:06,427 [MainThread  ][DEBUG]  Setting hyperparameter tf=1.8464646464646464
2019-02-28 19:23:06,427 [MainThread  ][INFO ]  Starting optimization for tf=1.8464646464646464
2019-02-28 19:23:06,427 [MainThread  ][DEBUG]  Optimization method: Nelder-Mead
2019-02-28 19:23:06,427 [MainThread  ][DEBUG]  Optimization options: None
2019-02-28 19:23:06,427 [MainThread  ][INFO ]  Initial parameter values: [1.75690273 0.92323232 1.81818891]
2019-02-28 19:23:31,699 [MainThread  ][INFO ]  Final fidelity: 0.9992574137127825
2019-02-28 19:23:31,712 [MainThread  ][INFO ]  Final parameters: [ 0.96356431  1.58549494 -0.57402319]
2019-02-28 19:23:31,713 [MainThread  ][INFO ]  Fidelity: 0.9992574137127825
2019-02-28 19:23:31,713 [MainThread  ][INFO ]  ---- Starting iteration 93/100
2019-02-28 19:23:31,713 [MainThread  ][DEBUG]  Setting hyperparameter tf=1.8656565656565656
2019-02-28 19:23:31,713 [MainThread  ][INFO ]  Starting optimization for tf=1.8656565656565656
2019-02-28 19:23:31,713 [MainThread  ][DEBUG]  Optimization method: Nelder-Mead
2019-02-28 19:23:31,713 [MainThread  ][DEBUG]  Optimization options: None
2019-02-28 19:23:31,713 [MainThread  ][INFO ]  Initial parameter values: [1.70677113 0.93282828 1.70326883]
2019-02-28 19:23:53,989 [MainThread  ][INFO ]  Final fidelity: 0.9992795900683671
2019-02-28 19:23:53,998 [MainThread  ][INFO ]  Final parameters: [ 0.92261321  1.73428391 -1.78173261]
2019-02-28 19:23:53,998 [MainThread  ][INFO ]  Fidelity: 0.9992795900683671
2019-02-28 19:23:53,998 [MainThread  ][INFO ]  ---- Starting iteration 94/100
2019-02-28 19:23:53,998 [MainThread  ][DEBUG]  Setting hyperparameter tf=1.8848484848484848
2019-02-28 19:23:53,998 [MainThread  ][INFO ]  Starting optimization for tf=1.8848484848484848
2019-02-28 19:23:53,998 [MainThread  ][DEBUG]  Optimization method: Nelder-Mead
2019-02-28 19:23:53,998 [MainThread  ][DEBUG]  Optimization options: None
2019-02-28 19:23:53,998 [MainThread  ][INFO ]  Initial parameter values: [0.58663649 0.94242424 1.14047747]
2019-02-28 19:24:19,522 [MainThread  ][INFO ]  Final fidelity: 0.99926640724787
2019-02-28 19:24:19,524 [MainThread  ][INFO ]  Final parameters: [ 0.94363794  1.622362   -0.49981081]
2019-02-28 19:24:19,524 [MainThread  ][INFO ]  Fidelity: 0.99926640724787
2019-02-28 19:24:19,524 [MainThread  ][INFO ]  ---- Starting iteration 95/100
2019-02-28 19:24:19,524 [MainThread  ][DEBUG]  Setting hyperparameter tf=1.904040404040404
2019-02-28 19:24:19,524 [MainThread  ][INFO ]  Starting optimization for tf=1.904040404040404
2019-02-28 19:24:19,524 [MainThread  ][DEBUG]  Optimization method: Nelder-Mead
2019-02-28 19:24:19,525 [MainThread  ][DEBUG]  Optimization options: None
2019-02-28 19:24:19,525 [MainThread  ][INFO ]  Initial parameter values: [1.5248863  0.9520202  1.52280112]
2019-02-28 19:24:48,493 [MainThread  ][INFO ]  Final fidelity: 0.9992837730660081
2019-02-28 19:24:48,494 [MainThread  ][INFO ]  Final parameters: [ 0.92005943  1.70527688 -0.84722589]
2019-02-28 19:24:48,494 [MainThread  ][INFO ]  Fidelity: 0.9992837730660081
2019-02-28 19:24:48,494 [MainThread  ][INFO ]  ---- Starting iteration 96/100
2019-02-28 19:24:48,495 [MainThread  ][DEBUG]  Setting hyperparameter tf=1.9232323232323232
2019-02-28 19:24:48,495 [MainThread  ][INFO ]  Starting optimization for tf=1.9232323232323232
2019-02-28 19:24:48,495 [MainThread  ][DEBUG]  Optimization method: Nelder-Mead
2019-02-28 19:24:48,495 [MainThread  ][DEBUG]  Optimization options: None
2019-02-28 19:24:48,495 [MainThread  ][INFO ]  Initial parameter values: [0.39806102 0.96161616 0.14090133]
2019-02-28 19:25:09,788 [MainThread  ][INFO ]  Final fidelity: 0.9992480664009019
2019-02-28 19:25:09,788 [MainThread  ][INFO ]  Final parameters: [1.00640603 1.35075158 0.20048973]
2019-02-28 19:25:09,788 [MainThread  ][INFO ]  Fidelity: 0.9992480664009019
2019-02-28 19:25:09,788 [MainThread  ][INFO ]  ---- Starting iteration 97/100
2019-02-28 19:25:09,789 [MainThread  ][DEBUG]  Setting hyperparameter tf=1.9424242424242424
2019-02-28 19:25:09,789 [MainThread  ][INFO ]  Starting optimization for tf=1.9424242424242424
2019-02-28 19:25:09,789 [MainThread  ][DEBUG]  Optimization method: Nelder-Mead
2019-02-28 19:25:09,789 [MainThread  ][DEBUG]  Optimization options: None
2019-02-28 19:25:09,789 [MainThread  ][INFO ]  Initial parameter values: [1.50413005 0.97121212 1.38385436]
2019-02-28 19:25:47,806 [MainThread  ][INFO ]  Final fidelity: 0.9992775182035563
2019-02-28 19:25:47,817 [MainThread  ][INFO ]  Final parameters: [ 0.9276729   1.62813439 -0.21443533]
2019-02-28 19:25:47,817 [MainThread  ][INFO ]  Fidelity: 0.9992775182035563
2019-02-28 19:25:47,817 [MainThread  ][INFO ]  ---- Starting iteration 98/100
2019-02-28 19:25:47,817 [MainThread  ][DEBUG]  Setting hyperparameter tf=1.9616161616161616
2019-02-28 19:25:47,818 [MainThread  ][INFO ]  Starting optimization for tf=1.9616161616161616
2019-02-28 19:25:47,818 [MainThread  ][DEBUG]  Optimization method: Nelder-Mead
2019-02-28 19:25:47,818 [MainThread  ][DEBUG]  Optimization options: None
2019-02-28 19:25:47,818 [MainThread  ][INFO ]  Initial parameter values: [0.53319238 0.98080808 1.30340324]
2019-02-28 19:26:13,307 [MainThread  ][INFO ]  Final fidelity: 0.9992985824810104
2019-02-28 19:26:13,321 [MainThread  ][INFO ]  Final parameters: [ 0.89561552  1.76824637 -0.76142913]
2019-02-28 19:26:13,321 [MainThread  ][INFO ]  Fidelity: 0.9992985824810104
2019-02-28 19:26:13,321 [MainThread  ][INFO ]  ---- Starting iteration 99/100
2019-02-28 19:26:13,321 [MainThread  ][DEBUG]  Setting hyperparameter tf=1.9808080808080808
2019-02-28 19:26:13,321 [MainThread  ][INFO ]  Starting optimization for tf=1.9808080808080808
2019-02-28 19:26:13,322 [MainThread  ][DEBUG]  Optimization method: Nelder-Mead
2019-02-28 19:26:13,322 [MainThread  ][DEBUG]  Optimization options: None
2019-02-28 19:26:13,322 [MainThread  ][INFO ]  Initial parameter values: [0.54605642 0.99040404 0.92152988]
2019-02-28 19:26:42,238 [MainThread  ][INFO ]  Final fidelity: 0.9992731355715226
2019-02-28 19:26:42,239 [MainThread  ][INFO ]  Final parameters: [0.94471953 1.51612819 0.12764804]
2019-02-28 19:26:42,239 [MainThread  ][INFO ]  Fidelity: 0.9992731355715226
2019-02-28 19:26:42,239 [MainThread  ][INFO ]  ---- Starting iteration 100/100
2019-02-28 19:26:42,239 [MainThread  ][DEBUG]  Setting hyperparameter tf=2.0
2019-02-28 19:26:42,239 [MainThread  ][INFO ]  Starting optimization for tf=2.0
2019-02-28 19:26:42,239 [MainThread  ][DEBUG]  Optimization method: Nelder-Mead
2019-02-28 19:26:42,239 [MainThread  ][DEBUG]  Optimization options: None
2019-02-28 19:26:42,240 [MainThread  ][INFO ]  Initial parameter values: [1.00069998 1.         1.83065947]
2019-02-28 19:27:11,189 [MainThread  ][INFO ]  Final fidelity: 0.9993110744439095
2019-02-28 19:27:11,193 [MainThread  ][INFO ]  Final parameters: [ 0.87825752  1.8237358  -0.81117074]
2019-02-28 19:27:11,194 [MainThread  ][INFO ]  Fidelity: 0.9993110744439095
