2019-02-28 18:43:39,852 [MainThread  ][INFO ]  Output file name will be "lmg_doublebang_powell_bounds7.csv"
2019-02-28 18:43:40,001 [MainThread  ][INFO ]  Using doublebang protocol ansatz.
2019-02-28 18:43:40,001 [MainThread  ][DEBUG]  Initializing ProtocolAnsatz instance "doublebang"
2019-02-28 18:43:40,001 [MainThread  ][INFO ]  Using parameters constraints: [[-7, 7], [None, None], [-7, 7]]
2019-02-28 18:43:40,001 [MainThread  ][INFO ]  Using total height constraint: None
2019-02-28 18:43:40,001 [MainThread  ][INFO ]  ---- Starting iteration 1/100
2019-02-28 18:43:40,001 [MainThread  ][DEBUG]  Setting hyperparameter tf=0.1
2019-02-28 18:43:40,002 [MainThread  ][INFO ]  Starting optimization for tf=0.1
2019-02-28 18:43:40,002 [MainThread  ][DEBUG]  Optimization method: Powell
2019-02-28 18:43:40,002 [MainThread  ][DEBUG]  Optimization options: None
2019-02-28 18:43:40,002 [MainThread  ][INFO ]  Initial parameter values: [0.85561353 0.05       1.3598608 ]
2019-02-28 18:44:21,263 [MainThread  ][INFO ]  Final fidelity: 0.8175876000508808
2019-02-28 18:44:21,271 [MainThread  ][INFO ]  Final parameters: [ 6.99993936  0.05367467 -6.99998325]
2019-02-28 18:44:21,271 [MainThread  ][INFO ]  Fidelity: 0.8175876000508808
2019-02-28 18:44:21,271 [MainThread  ][INFO ]  ---- Starting iteration 2/100
2019-02-28 18:44:21,271 [MainThread  ][DEBUG]  Setting hyperparameter tf=0.1191919191919192
2019-02-28 18:44:21,271 [MainThread  ][INFO ]  Starting optimization for tf=0.1191919191919192
2019-02-28 18:44:21,271 [MainThread  ][DEBUG]  Optimization method: Powell
2019-02-28 18:44:21,271 [MainThread  ][DEBUG]  Optimization options: None
2019-02-28 18:44:21,272 [MainThread  ][INFO ]  Initial parameter values: [0.16118072 0.05959596 0.94478873]
2019-02-28 18:44:57,234 [MainThread  ][INFO ]  Final fidelity: 0.8199647206681876
2019-02-28 18:44:57,234 [MainThread  ][INFO ]  Final parameters: [ 6.99999998  0.05700682 -5.30832276]
2019-02-28 18:44:57,235 [MainThread  ][INFO ]  Fidelity: 0.8199647206681876
2019-02-28 18:44:57,235 [MainThread  ][INFO ]  ---- Starting iteration 3/100
2019-02-28 18:44:57,235 [MainThread  ][DEBUG]  Setting hyperparameter tf=0.1383838383838384
2019-02-28 18:44:57,235 [MainThread  ][INFO ]  Starting optimization for tf=0.1383838383838384
2019-02-28 18:44:57,235 [MainThread  ][DEBUG]  Optimization method: Powell
2019-02-28 18:44:57,235 [MainThread  ][DEBUG]  Optimization options: None
2019-02-28 18:44:57,235 [MainThread  ][INFO ]  Initial parameter values: [0.97787733 0.06919192 1.45285066]
2019-02-28 18:45:43,004 [MainThread  ][INFO ]  Final fidelity: 0.8257702233401764
2019-02-28 18:45:43,007 [MainThread  ][INFO ]  Final parameters: [ 6.99996218  0.07469179 -6.99999996]
2019-02-28 18:45:43,007 [MainThread  ][INFO ]  Fidelity: 0.8257702233401764
2019-02-28 18:45:43,008 [MainThread  ][INFO ]  ---- Starting iteration 4/100
2019-02-28 18:45:43,008 [MainThread  ][DEBUG]  Setting hyperparameter tf=0.1575757575757576
2019-02-28 18:45:43,008 [MainThread  ][INFO ]  Starting optimization for tf=0.1575757575757576
2019-02-28 18:45:43,008 [MainThread  ][DEBUG]  Optimization method: Powell
2019-02-28 18:45:43,008 [MainThread  ][DEBUG]  Optimization options: None
2019-02-28 18:45:43,008 [MainThread  ][INFO ]  Initial parameter values: [1.94534393 0.07878788 0.31057772]
2019-02-28 18:47:04,929 [MainThread  ][INFO ]  Final fidelity: 0.8307897779407681
2019-02-28 18:47:04,936 [MainThread  ][INFO ]  Final parameters: [ 7.          0.08533867 -7.        ]
2019-02-28 18:47:04,936 [MainThread  ][INFO ]  Fidelity: 0.8307897779407681
2019-02-28 18:47:04,936 [MainThread  ][INFO ]  ---- Starting iteration 5/100
2019-02-28 18:47:04,937 [MainThread  ][DEBUG]  Setting hyperparameter tf=0.17676767676767677
2019-02-28 18:47:04,937 [MainThread  ][INFO ]  Starting optimization for tf=0.17676767676767677
2019-02-28 18:47:04,937 [MainThread  ][DEBUG]  Optimization method: Powell
2019-02-28 18:47:04,937 [MainThread  ][DEBUG]  Optimization options: None
2019-02-28 18:47:04,937 [MainThread  ][INFO ]  Initial parameter values: [1.62410527 0.08838384 0.26523071]
2019-02-28 18:48:21,027 [MainThread  ][INFO ]  Final fidelity: 0.8363936587092702
2019-02-28 18:48:21,030 [MainThread  ][INFO ]  Final parameters: [ 6.9999999   0.09612009 -6.99993037]
2019-02-28 18:48:21,030 [MainThread  ][INFO ]  Fidelity: 0.8363936587092702
2019-02-28 18:48:21,030 [MainThread  ][INFO ]  ---- Starting iteration 6/100
2019-02-28 18:48:21,030 [MainThread  ][DEBUG]  Setting hyperparameter tf=0.19595959595959594
2019-02-28 18:48:21,030 [MainThread  ][INFO ]  Starting optimization for tf=0.19595959595959594
2019-02-28 18:48:21,030 [MainThread  ][DEBUG]  Optimization method: Powell
2019-02-28 18:48:21,030 [MainThread  ][DEBUG]  Optimization options: None
2019-02-28 18:48:21,031 [MainThread  ][INFO ]  Initial parameter values: [1.06445519 0.0979798  1.66114604]
2019-02-28 18:49:29,929 [MainThread  ][INFO ]  Final fidelity: 0.8412058259892802
2019-02-28 18:49:29,933 [MainThread  ][INFO ]  Final parameters: [ 7.          0.102451   -6.30466252]
2019-02-28 18:49:29,933 [MainThread  ][INFO ]  Fidelity: 0.8412058259892802
2019-02-28 18:49:29,933 [MainThread  ][INFO ]  ---- Starting iteration 7/100
2019-02-28 18:49:29,933 [MainThread  ][DEBUG]  Setting hyperparameter tf=0.21515151515151515
2019-02-28 18:49:29,933 [MainThread  ][INFO ]  Starting optimization for tf=0.21515151515151515
2019-02-28 18:49:29,933 [MainThread  ][DEBUG]  Optimization method: Powell
2019-02-28 18:49:29,933 [MainThread  ][DEBUG]  Optimization options: None
2019-02-28 18:49:29,933 [MainThread  ][INFO ]  Initial parameter values: [1.51473568 0.10757576 1.58585334]
2019-02-28 18:50:37,627 [MainThread  ][INFO ]  Final fidelity: 0.8454108823261529
2019-02-28 18:50:37,642 [MainThread  ][INFO ]  Final parameters: [ 6.9999996   0.10608022 -5.44033768]
2019-02-28 18:50:37,642 [MainThread  ][INFO ]  Fidelity: 0.8454108823261529
2019-02-28 18:50:37,642 [MainThread  ][INFO ]  ---- Starting iteration 8/100
2019-02-28 18:50:37,642 [MainThread  ][DEBUG]  Setting hyperparameter tf=0.23434343434343433
2019-02-28 18:50:37,643 [MainThread  ][INFO ]  Starting optimization for tf=0.23434343434343433
2019-02-28 18:50:37,643 [MainThread  ][DEBUG]  Optimization method: Powell
2019-02-28 18:50:37,643 [MainThread  ][DEBUG]  Optimization options: None
2019-02-28 18:50:37,643 [MainThread  ][INFO ]  Initial parameter values: [1.08125892 0.11717172 0.85980939]
2019-02-28 18:52:06,231 [MainThread  ][INFO ]  Final fidelity: 0.8564799491130469
2019-02-28 18:52:06,236 [MainThread  ][INFO ]  Final parameters: [ 6.99999936  0.12921466 -6.99999746]
2019-02-28 18:52:06,237 [MainThread  ][INFO ]  Fidelity: 0.8564799491130469
2019-02-28 18:52:06,237 [MainThread  ][INFO ]  ---- Starting iteration 9/100
2019-02-28 18:52:06,237 [MainThread  ][DEBUG]  Setting hyperparameter tf=0.2535353535353535
2019-02-28 18:52:06,237 [MainThread  ][INFO ]  Starting optimization for tf=0.2535353535353535
2019-02-28 18:52:06,237 [MainThread  ][DEBUG]  Optimization method: Powell
2019-02-28 18:52:06,237 [MainThread  ][DEBUG]  Optimization options: None
2019-02-28 18:52:06,237 [MainThread  ][INFO ]  Initial parameter values: [1.52739811 0.12676768 0.33998418]
2019-02-28 18:53:47,210 [MainThread  ][INFO ]  Final fidelity: 0.8641493912975994
2019-02-28 18:53:47,210 [MainThread  ][INFO ]  Final parameters: [ 7.          0.14058059 -6.99998268]
2019-02-28 18:53:47,211 [MainThread  ][INFO ]  Fidelity: 0.8641493912975994
2019-02-28 18:53:47,211 [MainThread  ][INFO ]  ---- Starting iteration 10/100
2019-02-28 18:53:47,211 [MainThread  ][DEBUG]  Setting hyperparameter tf=0.2727272727272727
2019-02-28 18:53:47,211 [MainThread  ][INFO ]  Starting optimization for tf=0.2727272727272727
2019-02-28 18:53:47,211 [MainThread  ][DEBUG]  Optimization method: Powell
2019-02-28 18:53:47,211 [MainThread  ][DEBUG]  Optimization options: None
2019-02-28 18:53:47,211 [MainThread  ][INFO ]  Initial parameter values: [1.90148703 0.13636364 1.57976933]
2019-02-28 18:55:33,982 [MainThread  ][INFO ]  Final fidelity: 0.8722297399796224
2019-02-28 18:55:33,988 [MainThread  ][INFO ]  Final parameters: [ 7.          0.15208896 -6.9999004 ]
2019-02-28 18:55:33,988 [MainThread  ][INFO ]  Fidelity: 0.8722297399796224
2019-02-28 18:55:33,988 [MainThread  ][INFO ]  ---- Starting iteration 11/100
2019-02-28 18:55:33,989 [MainThread  ][DEBUG]  Setting hyperparameter tf=0.2919191919191919
2019-02-28 18:55:33,989 [MainThread  ][INFO ]  Starting optimization for tf=0.2919191919191919
2019-02-28 18:55:33,989 [MainThread  ][DEBUG]  Optimization method: Powell
2019-02-28 18:55:33,989 [MainThread  ][DEBUG]  Optimization options: None
2019-02-28 18:55:33,989 [MainThread  ][INFO ]  Initial parameter values: [0.79254777 0.1459596  1.05186533]
2019-02-28 18:56:43,648 [MainThread  ][INFO ]  Final fidelity: 0.8792870193978333
2019-02-28 18:56:43,675 [MainThread  ][INFO ]  Final parameters: [ 6.999962    0.16833845 -6.99919187]
2019-02-28 18:56:43,675 [MainThread  ][INFO ]  Fidelity: 0.8792870193978333
2019-02-28 18:56:43,675 [MainThread  ][INFO ]  ---- Starting iteration 12/100
2019-02-28 18:56:43,675 [MainThread  ][DEBUG]  Setting hyperparameter tf=0.3111111111111111
2019-02-28 18:56:43,675 [MainThread  ][INFO ]  Starting optimization for tf=0.3111111111111111
2019-02-28 18:56:43,675 [MainThread  ][DEBUG]  Optimization method: Powell
2019-02-28 18:56:43,675 [MainThread  ][DEBUG]  Optimization options: None
2019-02-28 18:56:43,676 [MainThread  ][INFO ]  Initial parameter values: [0.78768997 0.15555556 1.74578757]
2019-02-28 18:57:46,448 [MainThread  ][INFO ]  Final fidelity: 0.8853836775580264
2019-02-28 18:57:46,454 [MainThread  ][INFO ]  Final parameters: [ 6.9999993   0.16520289 -6.04124528]
2019-02-28 18:57:46,454 [MainThread  ][INFO ]  Fidelity: 0.8853836775580264
2019-02-28 18:57:46,454 [MainThread  ][INFO ]  ---- Starting iteration 13/100
2019-02-28 18:57:46,454 [MainThread  ][DEBUG]  Setting hyperparameter tf=0.3303030303030303
2019-02-28 18:57:46,454 [MainThread  ][INFO ]  Starting optimization for tf=0.3303030303030303
2019-02-28 18:57:46,454 [MainThread  ][DEBUG]  Optimization method: Powell
2019-02-28 18:57:46,455 [MainThread  ][DEBUG]  Optimization options: None
2019-02-28 18:57:46,455 [MainThread  ][INFO ]  Initial parameter values: [1.4291871  0.16515152 1.17299278]
2019-02-28 18:59:24,058 [MainThread  ][INFO ]  Final fidelity: 0.8978553649151266
2019-02-28 18:59:24,076 [MainThread  ][INFO ]  Final parameters: [ 7.          0.18626064 -6.86913172]
2019-02-28 18:59:24,076 [MainThread  ][INFO ]  Fidelity: 0.8978553649151266
2019-02-28 18:59:24,076 [MainThread  ][INFO ]  ---- Starting iteration 14/100
2019-02-28 18:59:24,077 [MainThread  ][DEBUG]  Setting hyperparameter tf=0.3494949494949495
2019-02-28 18:59:24,077 [MainThread  ][INFO ]  Starting optimization for tf=0.3494949494949495
2019-02-28 18:59:24,077 [MainThread  ][DEBUG]  Optimization method: Powell
2019-02-28 18:59:24,077 [MainThread  ][DEBUG]  Optimization options: None
2019-02-28 18:59:24,077 [MainThread  ][INFO ]  Initial parameter values: [0.46791511 0.17474747 1.30023851]
2019-02-28 19:00:29,528 [MainThread  ][INFO ]  Final fidelity: 0.8964796922851497
2019-02-28 19:00:29,528 [MainThread  ][INFO ]  Final parameters: [ 6.99999997  0.17230177 -4.94727484]
2019-02-28 19:00:29,528 [MainThread  ][INFO ]  Fidelity: 0.8964796922851497
2019-02-28 19:00:29,528 [MainThread  ][INFO ]  ---- Starting iteration 15/100
2019-02-28 19:00:29,529 [MainThread  ][DEBUG]  Setting hyperparameter tf=0.3686868686868686
2019-02-28 19:00:29,529 [MainThread  ][INFO ]  Starting optimization for tf=0.3686868686868686
2019-02-28 19:00:29,529 [MainThread  ][DEBUG]  Optimization method: Powell
2019-02-28 19:00:29,529 [MainThread  ][DEBUG]  Optimization options: None
2019-02-28 19:00:29,529 [MainThread  ][INFO ]  Initial parameter values: [1.16482344 0.18434343 1.5127853 ]
2019-02-28 19:01:49,345 [MainThread  ][INFO ]  Final fidelity: 0.903339538589636
2019-02-28 19:01:49,348 [MainThread  ][INFO ]  Final parameters: [ 6.99999973  0.17912469 -4.70319784]
2019-02-28 19:01:49,349 [MainThread  ][INFO ]  Fidelity: 0.903339538589636
2019-02-28 19:01:49,349 [MainThread  ][INFO ]  ---- Starting iteration 16/100
2019-02-28 19:01:49,349 [MainThread  ][DEBUG]  Setting hyperparameter tf=0.3878787878787878
2019-02-28 19:01:49,349 [MainThread  ][INFO ]  Starting optimization for tf=0.3878787878787878
2019-02-28 19:01:49,349 [MainThread  ][DEBUG]  Optimization method: Powell
2019-02-28 19:01:49,349 [MainThread  ][DEBUG]  Optimization options: None
2019-02-28 19:01:49,349 [MainThread  ][INFO ]  Initial parameter values: [0.39950538 0.19393939 1.85944351]
2019-02-28 19:02:55,235 [MainThread  ][INFO ]  Final fidelity: 0.9180446786092953
2019-02-28 19:02:55,248 [MainThread  ][INFO ]  Final parameters: [ 6.99999988  0.20448569 -5.56355279]
2019-02-28 19:02:55,248 [MainThread  ][INFO ]  Fidelity: 0.9180446786092953
2019-02-28 19:02:55,248 [MainThread  ][INFO ]  ---- Starting iteration 17/100
2019-02-28 19:02:55,248 [MainThread  ][DEBUG]  Setting hyperparameter tf=0.407070707070707
2019-02-28 19:02:55,249 [MainThread  ][INFO ]  Starting optimization for tf=0.407070707070707
2019-02-28 19:02:55,249 [MainThread  ][DEBUG]  Optimization method: Powell
2019-02-28 19:02:55,249 [MainThread  ][DEBUG]  Optimization options: None
2019-02-28 19:02:55,249 [MainThread  ][INFO ]  Initial parameter values: [0.41741755 0.20353535 1.20218909]
2019-02-28 19:03:58,066 [MainThread  ][INFO ]  Final fidelity: 0.9294719917755926
2019-02-28 19:03:58,072 [MainThread  ][INFO ]  Final parameters: [ 6.99999994  0.22272503 -5.95958787]
2019-02-28 19:03:58,073 [MainThread  ][INFO ]  Fidelity: 0.9294719917755926
2019-02-28 19:03:58,073 [MainThread  ][INFO ]  ---- Starting iteration 18/100
2019-02-28 19:03:58,073 [MainThread  ][DEBUG]  Setting hyperparameter tf=0.42626262626262623
2019-02-28 19:03:58,073 [MainThread  ][INFO ]  Starting optimization for tf=0.42626262626262623
2019-02-28 19:03:58,073 [MainThread  ][DEBUG]  Optimization method: Powell
2019-02-28 19:03:58,073 [MainThread  ][DEBUG]  Optimization options: None
2019-02-28 19:03:58,073 [MainThread  ][INFO ]  Initial parameter values: [1.2059689  0.21313131 1.90255601]
2019-02-28 19:05:05,532 [MainThread  ][INFO ]  Final fidelity: 0.934277074281958
2019-02-28 19:05:05,548 [MainThread  ][INFO ]  Final parameters: [ 7.          0.22448872 -5.34562242]
2019-02-28 19:05:05,548 [MainThread  ][INFO ]  Fidelity: 0.934277074281958
2019-02-28 19:05:05,548 [MainThread  ][INFO ]  ---- Starting iteration 19/100
2019-02-28 19:05:05,549 [MainThread  ][DEBUG]  Setting hyperparameter tf=0.44545454545454544
2019-02-28 19:05:05,549 [MainThread  ][INFO ]  Starting optimization for tf=0.44545454545454544
2019-02-28 19:05:05,549 [MainThread  ][DEBUG]  Optimization method: Powell
2019-02-28 19:05:05,549 [MainThread  ][DEBUG]  Optimization options: None
2019-02-28 19:05:05,549 [MainThread  ][INFO ]  Initial parameter values: [1.27522279 0.22272727 1.71994443]
2019-02-28 19:06:09,290 [MainThread  ][INFO ]  Final fidelity: 0.9440868915735988
2019-02-28 19:06:09,290 [MainThread  ][INFO ]  Final parameters: [ 6.99999984  0.23973722 -5.51246618]
2019-02-28 19:06:09,290 [MainThread  ][INFO ]  Fidelity: 0.9440868915735988
2019-02-28 19:06:09,290 [MainThread  ][INFO ]  ---- Starting iteration 20/100
2019-02-28 19:06:09,291 [MainThread  ][DEBUG]  Setting hyperparameter tf=0.46464646464646464
2019-02-28 19:06:09,291 [MainThread  ][INFO ]  Starting optimization for tf=0.46464646464646464
2019-02-28 19:06:09,291 [MainThread  ][DEBUG]  Optimization method: Powell
2019-02-28 19:06:09,291 [MainThread  ][DEBUG]  Optimization options: None
2019-02-28 19:06:09,291 [MainThread  ][INFO ]  Initial parameter values: [0.71579669 0.23232323 1.98185427]
2019-02-28 19:07:37,084 [MainThread  ][INFO ]  Final fidelity: 0.9609186985667693
2019-02-28 19:07:37,085 [MainThread  ][INFO ]  Final parameters: [ 6.99999612  0.27814064 -6.99999777]
2019-02-28 19:07:37,085 [MainThread  ][INFO ]  Fidelity: 0.9609186985667693
2019-02-28 19:07:37,085 [MainThread  ][INFO ]  ---- Starting iteration 21/100
2019-02-28 19:07:37,085 [MainThread  ][DEBUG]  Setting hyperparameter tf=0.48383838383838385
2019-02-28 19:07:37,085 [MainThread  ][INFO ]  Starting optimization for tf=0.48383838383838385
2019-02-28 19:07:37,085 [MainThread  ][DEBUG]  Optimization method: Powell
2019-02-28 19:07:37,085 [MainThread  ][DEBUG]  Optimization options: None
2019-02-28 19:07:37,086 [MainThread  ][INFO ]  Initial parameter values: [0.95755367 0.24191919 1.98028861]
2019-02-28 19:08:52,434 [MainThread  ][INFO ]  Final fidelity: 0.9551953725606818
2019-02-28 19:08:52,457 [MainThread  ][INFO ]  Final parameters: [ 6.99999965  0.2492528  -4.80091215]
2019-02-28 19:08:52,457 [MainThread  ][INFO ]  Fidelity: 0.9551953725606818
2019-02-28 19:08:52,458 [MainThread  ][INFO ]  ---- Starting iteration 22/100
2019-02-28 19:08:52,458 [MainThread  ][DEBUG]  Setting hyperparameter tf=0.503030303030303
2019-02-28 19:08:52,458 [MainThread  ][INFO ]  Starting optimization for tf=0.503030303030303
2019-02-28 19:08:52,458 [MainThread  ][DEBUG]  Optimization method: Powell
2019-02-28 19:08:52,458 [MainThread  ][DEBUG]  Optimization options: None
2019-02-28 19:08:52,458 [MainThread  ][INFO ]  Initial parameter values: [0.06748532 0.25151515 0.41918646]
2019-02-28 19:10:08,430 [MainThread  ][INFO ]  Final fidelity: 0.9352267701063753
2019-02-28 19:10:08,431 [MainThread  ][INFO ]  Final parameters: [ 7.          0.19058132 -2.50323471]
2019-02-28 19:10:08,431 [MainThread  ][INFO ]  Fidelity: 0.9352267701063753
2019-02-28 19:10:08,431 [MainThread  ][INFO ]  ---- Starting iteration 23/100
2019-02-28 19:10:08,431 [MainThread  ][DEBUG]  Setting hyperparameter tf=0.5222222222222221
2019-02-28 19:10:08,431 [MainThread  ][INFO ]  Starting optimization for tf=0.5222222222222221
2019-02-28 19:10:08,431 [MainThread  ][DEBUG]  Optimization method: Powell
2019-02-28 19:10:08,432 [MainThread  ][DEBUG]  Optimization options: None
2019-02-28 19:10:08,432 [MainThread  ][INFO ]  Initial parameter values: [1.61266033 0.26111111 1.42532278]
2019-02-28 19:11:17,851 [MainThread  ][INFO ]  Final fidelity: 0.9819160480641081
2019-02-28 19:11:17,852 [MainThread  ][INFO ]  Final parameters: [ 6.99999904  0.32021911 -6.99992806]
2019-02-28 19:11:17,852 [MainThread  ][INFO ]  Fidelity: 0.9819160480641081
2019-02-28 19:11:17,852 [MainThread  ][INFO ]  ---- Starting iteration 24/100
2019-02-28 19:11:17,852 [MainThread  ][DEBUG]  Setting hyperparameter tf=0.5414141414141413
2019-02-28 19:11:17,852 [MainThread  ][INFO ]  Starting optimization for tf=0.5414141414141413
2019-02-28 19:11:17,852 [MainThread  ][DEBUG]  Optimization method: Powell
2019-02-28 19:11:17,852 [MainThread  ][DEBUG]  Optimization options: None
2019-02-28 19:11:17,853 [MainThread  ][INFO ]  Initial parameter values: [1.67608016 0.27070707 0.34789337]
2019-02-28 19:13:29,093 [MainThread  ][INFO ]  Final fidelity: 0.9870163133194378
2019-02-28 19:13:29,102 [MainThread  ][INFO ]  Final parameters: [ 6.9999958   0.33636057 -6.99995477]
2019-02-28 19:13:29,103 [MainThread  ][INFO ]  Fidelity: 0.9870163133194378
2019-02-28 19:13:29,103 [MainThread  ][INFO ]  ---- Starting iteration 25/100
2019-02-28 19:13:29,103 [MainThread  ][DEBUG]  Setting hyperparameter tf=0.5606060606060606
2019-02-28 19:13:29,103 [MainThread  ][INFO ]  Starting optimization for tf=0.5606060606060606
2019-02-28 19:13:29,103 [MainThread  ][DEBUG]  Optimization method: Powell
2019-02-28 19:13:29,103 [MainThread  ][DEBUG]  Optimization options: None
2019-02-28 19:13:29,103 [MainThread  ][INFO ]  Initial parameter values: [0.14280394 0.28030303 1.50147315]
2019-02-28 19:15:32,965 [MainThread  ][INFO ]  Final fidelity: 0.9917243134081618
2019-02-28 19:15:32,969 [MainThread  ][INFO ]  Final parameters: [ 6.99999831  0.34934481 -6.99998069]
2019-02-28 19:15:32,969 [MainThread  ][INFO ]  Fidelity: 0.9917243134081618
2019-02-28 19:15:32,970 [MainThread  ][INFO ]  ---- Starting iteration 26/100
2019-02-28 19:15:32,970 [MainThread  ][DEBUG]  Setting hyperparameter tf=0.5797979797979798
2019-02-28 19:15:32,970 [MainThread  ][INFO ]  Starting optimization for tf=0.5797979797979798
2019-02-28 19:15:32,970 [MainThread  ][DEBUG]  Optimization method: Powell
2019-02-28 19:15:32,970 [MainThread  ][DEBUG]  Optimization options: None
2019-02-28 19:15:32,970 [MainThread  ][INFO ]  Initial parameter values: [0.92623358 0.28989899 1.80394796]
2019-02-28 19:17:04,967 [MainThread  ][INFO ]  Final fidelity: 0.9950328965057259
2019-02-28 19:17:04,981 [MainThread  ][INFO ]  Final parameters: [ 6.99999673  0.3642196  -6.99999573]
2019-02-28 19:17:04,981 [MainThread  ][INFO ]  Fidelity: 0.9950328965057259
2019-02-28 19:17:04,981 [MainThread  ][INFO ]  ---- Starting iteration 27/100
2019-02-28 19:17:04,981 [MainThread  ][DEBUG]  Setting hyperparameter tf=0.598989898989899
2019-02-28 19:17:04,981 [MainThread  ][INFO ]  Starting optimization for tf=0.598989898989899
2019-02-28 19:17:04,981 [MainThread  ][DEBUG]  Optimization method: Powell
2019-02-28 19:17:04,981 [MainThread  ][DEBUG]  Optimization options: None
2019-02-28 19:17:04,982 [MainThread  ][INFO ]  Initial parameter values: [1.0397075  0.29949495 1.48734917]
2019-02-28 19:18:49,547 [MainThread  ][INFO ]  Final fidelity: 0.9971479740774392
2019-02-28 19:18:49,548 [MainThread  ][INFO ]  Final parameters: [ 6.99999227  0.37928675 -6.99999433]
2019-02-28 19:18:49,548 [MainThread  ][INFO ]  Fidelity: 0.9971479740774392
2019-02-28 19:18:49,548 [MainThread  ][INFO ]  ---- Starting iteration 28/100
2019-02-28 19:18:49,548 [MainThread  ][DEBUG]  Setting hyperparameter tf=0.6181818181818182
2019-02-28 19:18:49,548 [MainThread  ][INFO ]  Starting optimization for tf=0.6181818181818182
2019-02-28 19:18:49,548 [MainThread  ][DEBUG]  Optimization method: Powell
2019-02-28 19:18:49,548 [MainThread  ][DEBUG]  Optimization options: None
2019-02-28 19:18:49,548 [MainThread  ][INFO ]  Initial parameter values: [0.88577953 0.30909091 1.71432704]
2019-02-28 19:21:14,302 [MainThread  ][INFO ]  Final fidelity: 0.997975053265141
2019-02-28 19:21:14,312 [MainThread  ][INFO ]  Final parameters: [ 6.99856972  0.39441248 -6.99224585]
2019-02-28 19:21:14,312 [MainThread  ][INFO ]  Fidelity: 0.997975053265141
2019-02-28 19:21:14,312 [MainThread  ][INFO ]  ---- Starting iteration 29/100
2019-02-28 19:21:14,312 [MainThread  ][DEBUG]  Setting hyperparameter tf=0.6373737373737373
2019-02-28 19:21:14,312 [MainThread  ][INFO ]  Starting optimization for tf=0.6373737373737373
2019-02-28 19:21:14,312 [MainThread  ][DEBUG]  Optimization method: Powell
2019-02-28 19:21:14,312 [MainThread  ][DEBUG]  Optimization options: None
2019-02-28 19:21:14,313 [MainThread  ][INFO ]  Initial parameter values: [1.16691228 0.31868687 1.5800034 ]
2019-02-28 19:22:55,183 [MainThread  ][INFO ]  Final fidelity: 0.9981258045412453
2019-02-28 19:22:55,194 [MainThread  ][INFO ]  Final parameters: [ 6.75278371  0.39750008 -6.23131494]
2019-02-28 19:22:55,194 [MainThread  ][INFO ]  Fidelity: 0.9981258045412453
2019-02-28 19:22:55,194 [MainThread  ][INFO ]  ---- Starting iteration 30/100
2019-02-28 19:22:55,194 [MainThread  ][DEBUG]  Setting hyperparameter tf=0.6565656565656565
2019-02-28 19:22:55,194 [MainThread  ][INFO ]  Starting optimization for tf=0.6565656565656565
2019-02-28 19:22:55,194 [MainThread  ][DEBUG]  Optimization method: Powell
2019-02-28 19:22:55,194 [MainThread  ][DEBUG]  Optimization options: None
2019-02-28 19:22:55,195 [MainThread  ][INFO ]  Initial parameter values: [1.94433392 0.32828283 0.04843621]
2019-02-28 19:24:56,623 [MainThread  ][INFO ]  Final fidelity: 0.9982581160303019
2019-02-28 19:24:56,625 [MainThread  ][INFO ]  Final parameters: [ 6.7048356   0.38751492 -5.24378956]
2019-02-28 19:24:56,625 [MainThread  ][INFO ]  Fidelity: 0.9982581160303019
2019-02-28 19:24:56,625 [MainThread  ][INFO ]  ---- Starting iteration 31/100
2019-02-28 19:24:56,625 [MainThread  ][DEBUG]  Setting hyperparameter tf=0.6757575757575757
2019-02-28 19:24:56,625 [MainThread  ][INFO ]  Starting optimization for tf=0.6757575757575757
2019-02-28 19:24:56,625 [MainThread  ][DEBUG]  Optimization method: Powell
2019-02-28 19:24:56,625 [MainThread  ][DEBUG]  Optimization options: None
2019-02-28 19:24:56,626 [MainThread  ][INFO ]  Initial parameter values: [0.77610373 0.33787879 0.30096217]
2019-02-28 19:27:24,816 [MainThread  ][INFO ]  Final fidelity: 0.9983631983885355
2019-02-28 19:27:24,825 [MainThread  ][INFO ]  Final parameters: [ 6.42276728  0.39366804 -4.78130351]
2019-02-28 19:27:24,825 [MainThread  ][INFO ]  Fidelity: 0.9983631983885355
2019-02-28 19:27:24,825 [MainThread  ][INFO ]  ---- Starting iteration 32/100
2019-02-28 19:27:24,825 [MainThread  ][DEBUG]  Setting hyperparameter tf=0.6949494949494949
2019-02-28 19:27:24,825 [MainThread  ][INFO ]  Starting optimization for tf=0.6949494949494949
2019-02-28 19:27:24,825 [MainThread  ][DEBUG]  Optimization method: Powell
2019-02-28 19:27:24,825 [MainThread  ][DEBUG]  Optimization options: None
2019-02-28 19:27:24,826 [MainThread  ][INFO ]  Initial parameter values: [1.59741409 0.34747475 0.3551773 ]
2019-02-28 19:29:43,652 [MainThread  ][INFO ]  Final fidelity: 0.9984556206454199
2019-02-28 19:29:43,658 [MainThread  ][INFO ]  Final parameters: [ 6.30206652  0.39098119 -4.22000957]
2019-02-28 19:29:43,658 [MainThread  ][INFO ]  Fidelity: 0.9984556206454199
2019-02-28 19:29:43,658 [MainThread  ][INFO ]  ---- Starting iteration 33/100
2019-02-28 19:29:43,659 [MainThread  ][DEBUG]  Setting hyperparameter tf=0.7141414141414141
2019-02-28 19:29:43,659 [MainThread  ][INFO ]  Starting optimization for tf=0.7141414141414141
2019-02-28 19:29:43,659 [MainThread  ][DEBUG]  Optimization method: Powell
2019-02-28 19:29:43,659 [MainThread  ][DEBUG]  Optimization options: None
2019-02-28 19:29:43,659 [MainThread  ][INFO ]  Initial parameter values: [1.0218126  0.35707071 0.88195893]
2019-02-28 19:31:05,837 [MainThread  ][INFO ]  Final fidelity: 0.998527587728667
2019-02-28 19:31:05,838 [MainThread  ][INFO ]  Final parameters: [ 5.99136661  0.40195497 -3.94841459]
2019-02-28 19:31:05,838 [MainThread  ][INFO ]  Fidelity: 0.998527587728667
2019-02-28 19:31:05,838 [MainThread  ][INFO ]  ---- Starting iteration 34/100
2019-02-28 19:31:05,839 [MainThread  ][DEBUG]  Setting hyperparameter tf=0.7333333333333333
2019-02-28 19:31:05,839 [MainThread  ][INFO ]  Starting optimization for tf=0.7333333333333333
2019-02-28 19:31:05,839 [MainThread  ][DEBUG]  Optimization method: Powell
2019-02-28 19:31:05,839 [MainThread  ][DEBUG]  Optimization options: None
2019-02-28 19:31:05,839 [MainThread  ][INFO ]  Initial parameter values: [0.0236892  0.36666667 1.58115123]
2019-02-28 19:32:25,938 [MainThread  ][INFO ]  Final fidelity: 0.9985813060830975
2019-02-28 19:32:25,939 [MainThread  ][INFO ]  Final parameters: [ 5.17168687  0.45844139 -4.44399364]
2019-02-28 19:32:25,939 [MainThread  ][INFO ]  Fidelity: 0.9985813060830975
2019-02-28 19:32:25,939 [MainThread  ][INFO ]  ---- Starting iteration 35/100
2019-02-28 19:32:25,939 [MainThread  ][DEBUG]  Setting hyperparameter tf=0.7525252525252525
2019-02-28 19:32:25,939 [MainThread  ][INFO ]  Starting optimization for tf=0.7525252525252525
2019-02-28 19:32:25,939 [MainThread  ][DEBUG]  Optimization method: Powell
2019-02-28 19:32:25,939 [MainThread  ][DEBUG]  Optimization options: None
2019-02-28 19:32:25,940 [MainThread  ][INFO ]  Initial parameter values: [1.19813136 0.37626263 0.45926718]
2019-02-28 19:33:51,693 [MainThread  ][INFO ]  Final fidelity: 0.9986591590301611
2019-02-28 19:33:51,693 [MainThread  ][INFO ]  Final parameters: [ 6.51540116  0.34770602 -2.63702318]
2019-02-28 19:33:51,694 [MainThread  ][INFO ]  Fidelity: 0.9986591590301611
2019-02-28 19:33:51,694 [MainThread  ][INFO ]  ---- Starting iteration 36/100
2019-02-28 19:33:51,694 [MainThread  ][DEBUG]  Setting hyperparameter tf=0.7717171717171717
2019-02-28 19:33:51,694 [MainThread  ][INFO ]  Starting optimization for tf=0.7717171717171717
2019-02-28 19:33:51,694 [MainThread  ][DEBUG]  Optimization method: Powell
2019-02-28 19:33:51,694 [MainThread  ][DEBUG]  Optimization options: None
2019-02-28 19:33:51,694 [MainThread  ][INFO ]  Initial parameter values: [1.57125017 0.38585859 1.14557373]
2019-02-28 19:35:07,960 [MainThread  ][INFO ]  Final fidelity: 0.9986773861626213
2019-02-28 19:35:07,962 [MainThread  ][INFO ]  Final parameters: [ 4.19730294  0.54518265 -5.20085986]
2019-02-28 19:35:07,962 [MainThread  ][INFO ]  Fidelity: 0.9986773861626213
2019-02-28 19:35:07,962 [MainThread  ][INFO ]  ---- Starting iteration 37/100
2019-02-28 19:35:07,963 [MainThread  ][DEBUG]  Setting hyperparameter tf=0.7909090909090909
2019-02-28 19:35:07,963 [MainThread  ][INFO ]  Starting optimization for tf=0.7909090909090909
2019-02-28 19:35:07,963 [MainThread  ][DEBUG]  Optimization method: Powell
2019-02-28 19:35:07,963 [MainThread  ][DEBUG]  Optimization options: None
2019-02-28 19:35:07,963 [MainThread  ][INFO ]  Initial parameter values: [1.96444275 0.39545455 0.55158122]
2019-02-28 19:36:29,207 [MainThread  ][INFO ]  Final fidelity: 0.9987458907343982
2019-02-28 19:36:29,221 [MainThread  ][INFO ]  Final parameters: [ 6.59966391  0.32499329 -2.01361588]
2019-02-28 19:36:29,221 [MainThread  ][INFO ]  Fidelity: 0.9987458907343982
2019-02-28 19:36:29,221 [MainThread  ][INFO ]  ---- Starting iteration 38/100
2019-02-28 19:36:29,221 [MainThread  ][DEBUG]  Setting hyperparameter tf=0.81010101010101
2019-02-28 19:36:29,221 [MainThread  ][INFO ]  Starting optimization for tf=0.81010101010101
2019-02-28 19:36:29,221 [MainThread  ][DEBUG]  Optimization method: Powell
2019-02-28 19:36:29,221 [MainThread  ][DEBUG]  Optimization options: None
2019-02-28 19:36:29,221 [MainThread  ][INFO ]  Initial parameter values: [1.26775531 0.40505051 1.33830584]
2019-02-28 19:37:27,845 [MainThread  ][INFO ]  Final fidelity: 0.9987599892453367
2019-02-28 19:37:27,853 [MainThread  ][INFO ]  Final parameters: [ 3.61237522  0.6121671  -5.68935587]
2019-02-28 19:37:27,854 [MainThread  ][INFO ]  Fidelity: 0.9987599892453367
2019-02-28 19:37:27,854 [MainThread  ][INFO ]  ---- Starting iteration 39/100
2019-02-28 19:37:27,854 [MainThread  ][DEBUG]  Setting hyperparameter tf=0.8292929292929292
2019-02-28 19:37:27,854 [MainThread  ][INFO ]  Starting optimization for tf=0.8292929292929292
2019-02-28 19:37:27,854 [MainThread  ][DEBUG]  Optimization method: Powell
2019-02-28 19:37:27,854 [MainThread  ][DEBUG]  Optimization options: None
2019-02-28 19:37:27,854 [MainThread  ][INFO ]  Initial parameter values: [1.19930311 0.41464646 0.27210171]
2019-02-28 19:38:46,960 [MainThread  ][INFO ]  Final fidelity: 0.9988096979657894
2019-02-28 19:38:47,008 [MainThread  ][INFO ]  Final parameters: [ 6.78705117  0.29962018 -1.53591489]
2019-02-28 19:38:47,008 [MainThread  ][INFO ]  Fidelity: 0.9988096979657894
2019-02-28 19:38:47,008 [MainThread  ][INFO ]  ---- Starting iteration 40/100
2019-02-28 19:38:47,009 [MainThread  ][DEBUG]  Setting hyperparameter tf=0.8484848484848484
2019-02-28 19:38:47,009 [MainThread  ][INFO ]  Starting optimization for tf=0.8484848484848484
2019-02-28 19:38:47,009 [MainThread  ][DEBUG]  Optimization method: Powell
2019-02-28 19:38:47,009 [MainThread  ][DEBUG]  Optimization options: None
2019-02-28 19:38:47,009 [MainThread  ][INFO ]  Initial parameter values: [0.18380744 0.42424242 1.60036778]
2019-02-28 19:40:01,616 [MainThread  ][INFO ]  Final fidelity: 0.9988273382649003
2019-02-28 19:40:01,620 [MainThread  ][INFO ]  Final parameters: [ 3.18822518  0.67134716 -6.0589074 ]
2019-02-28 19:40:01,620 [MainThread  ][INFO ]  Fidelity: 0.9988273382649003
2019-02-28 19:40:01,620 [MainThread  ][INFO ]  ---- Starting iteration 41/100
2019-02-28 19:40:01,621 [MainThread  ][DEBUG]  Setting hyperparameter tf=0.8676767676767676
2019-02-28 19:40:01,621 [MainThread  ][INFO ]  Starting optimization for tf=0.8676767676767676
2019-02-28 19:40:01,621 [MainThread  ][DEBUG]  Optimization method: Powell
2019-02-28 19:40:01,621 [MainThread  ][DEBUG]  Optimization options: None
2019-02-28 19:40:01,621 [MainThread  ][INFO ]  Initial parameter values: [1.41660744 0.43383838 0.09703057]
2019-02-28 19:41:08,879 [MainThread  ][INFO ]  Final fidelity: 0.9988558788741587
2019-02-28 19:41:08,880 [MainThread  ][INFO ]  Final parameters: [ 6.98904942  0.27650292 -1.18021552]
2019-02-28 19:41:08,880 [MainThread  ][INFO ]  Fidelity: 0.9988558788741587
2019-02-28 19:41:08,881 [MainThread  ][INFO ]  ---- Starting iteration 42/100
2019-02-28 19:41:08,881 [MainThread  ][DEBUG]  Setting hyperparameter tf=0.8868686868686868
2019-02-28 19:41:08,881 [MainThread  ][INFO ]  Starting optimization for tf=0.8868686868686868
2019-02-28 19:41:08,881 [MainThread  ][DEBUG]  Optimization method: Powell
2019-02-28 19:41:08,881 [MainThread  ][DEBUG]  Optimization options: None
2019-02-28 19:41:08,881 [MainThread  ][INFO ]  Initial parameter values: [0.36656678 0.44343434 1.73594505]
2019-02-28 19:42:28,630 [MainThread  ][INFO ]  Final fidelity: 0.9988845416765305
2019-02-28 19:42:28,644 [MainThread  ][INFO ]  Final parameters: [ 2.88673337  0.71752026 -5.98883275]
2019-02-28 19:42:28,644 [MainThread  ][INFO ]  Fidelity: 0.9988845416765305
2019-02-28 19:42:28,644 [MainThread  ][INFO ]  ---- Starting iteration 43/100
2019-02-28 19:42:28,645 [MainThread  ][DEBUG]  Setting hyperparameter tf=0.906060606060606
2019-02-28 19:42:28,645 [MainThread  ][INFO ]  Starting optimization for tf=0.906060606060606
2019-02-28 19:42:28,645 [MainThread  ][DEBUG]  Optimization method: Powell
2019-02-28 19:42:28,645 [MainThread  ][DEBUG]  Optimization options: None
2019-02-28 19:42:28,645 [MainThread  ][INFO ]  Initial parameter values: [1.96759137 0.4530303  1.05625612]
2019-02-28 19:43:25,803 [MainThread  ][INFO ]  Final fidelity: 0.998908021385245
2019-02-28 19:43:25,804 [MainThread  ][INFO ]  Final parameters: [ 2.76200684  0.73899324 -5.90370651]
2019-02-28 19:43:25,804 [MainThread  ][INFO ]  Fidelity: 0.998908021385245
2019-02-28 19:43:25,804 [MainThread  ][INFO ]  ---- Starting iteration 44/100
2019-02-28 19:43:25,804 [MainThread  ][DEBUG]  Setting hyperparameter tf=0.9252525252525252
2019-02-28 19:43:25,804 [MainThread  ][INFO ]  Starting optimization for tf=0.9252525252525252
2019-02-28 19:43:25,804 [MainThread  ][DEBUG]  Optimization method: Powell
2019-02-28 19:43:25,804 [MainThread  ][DEBUG]  Optimization options: None
2019-02-28 19:43:25,805 [MainThread  ][INFO ]  Initial parameter values: [0.74284449 0.46262626 0.68188716]
2019-02-28 19:44:40,880 [MainThread  ][INFO ]  Final fidelity: 0.9989082850076734
2019-02-28 19:44:40,890 [MainThread  ][INFO ]  Final parameters: [ 6.99999848  0.25693095 -0.81749699]
2019-02-28 19:44:40,890 [MainThread  ][INFO ]  Fidelity: 0.9989082850076734
2019-02-28 19:44:40,890 [MainThread  ][INFO ]  ---- Starting iteration 45/100
2019-02-28 19:44:40,890 [MainThread  ][DEBUG]  Setting hyperparameter tf=0.9444444444444443
2019-02-28 19:44:40,890 [MainThread  ][INFO ]  Starting optimization for tf=0.9444444444444443
2019-02-28 19:44:40,890 [MainThread  ][DEBUG]  Optimization method: Powell
2019-02-28 19:44:40,890 [MainThread  ][DEBUG]  Optimization options: None
2019-02-28 19:44:40,891 [MainThread  ][INFO ]  Initial parameter values: [1.07423418 0.47222222 1.12086269]
2019-02-28 19:45:35,049 [MainThread  ][INFO ]  Final fidelity: 0.9989254458251065
2019-02-28 19:45:35,050 [MainThread  ][INFO ]  Final parameters: [ 5.05031278  0.35717843 -1.00566749]
2019-02-28 19:45:35,050 [MainThread  ][INFO ]  Fidelity: 0.9989254458251065
2019-02-28 19:45:35,050 [MainThread  ][INFO ]  ---- Starting iteration 46/100
2019-02-28 19:45:35,051 [MainThread  ][DEBUG]  Setting hyperparameter tf=0.9636363636363635
2019-02-28 19:45:35,051 [MainThread  ][INFO ]  Starting optimization for tf=0.9636363636363635
2019-02-28 19:45:35,051 [MainThread  ][DEBUG]  Optimization method: Powell
2019-02-28 19:45:35,051 [MainThread  ][DEBUG]  Optimization options: None
2019-02-28 19:45:35,097 [MainThread  ][INFO ]  Initial parameter values: [0.40736927 0.48181818 1.30910035]
2019-02-28 19:46:45,301 [MainThread  ][INFO ]  Final fidelity: 0.9989649168202482
2019-02-28 19:46:45,307 [MainThread  ][INFO ]  Final parameters: [ 2.40562366  0.81445664 -6.13686116]
2019-02-28 19:46:45,308 [MainThread  ][INFO ]  Fidelity: 0.9989649168202482
2019-02-28 19:46:45,308 [MainThread  ][INFO ]  ---- Starting iteration 47/100
2019-02-28 19:46:45,308 [MainThread  ][DEBUG]  Setting hyperparameter tf=0.9828282828282827
2019-02-28 19:46:45,308 [MainThread  ][INFO ]  Starting optimization for tf=0.9828282828282827
2019-02-28 19:46:45,308 [MainThread  ][DEBUG]  Optimization method: Powell
2019-02-28 19:46:45,308 [MainThread  ][DEBUG]  Optimization options: None
2019-02-28 19:46:45,308 [MainThread  ][INFO ]  Initial parameter values: [1.84821094 0.49141414 0.4162361 ]
2019-02-28 19:47:33,860 [MainThread  ][INFO ]  Final fidelity: 0.9989472952694699
2019-02-28 19:47:33,861 [MainThread  ][INFO ]  Final parameters: [ 6.61714064  0.25453888 -0.57593522]
2019-02-28 19:47:33,861 [MainThread  ][INFO ]  Fidelity: 0.9989472952694699
2019-02-28 19:47:33,861 [MainThread  ][INFO ]  ---- Starting iteration 48/100
2019-02-28 19:47:33,861 [MainThread  ][DEBUG]  Setting hyperparameter tf=1.002020202020202
2019-02-28 19:47:33,862 [MainThread  ][INFO ]  Starting optimization for tf=1.002020202020202
2019-02-28 19:47:33,862 [MainThread  ][DEBUG]  Optimization method: Powell
2019-02-28 19:47:33,862 [MainThread  ][DEBUG]  Optimization options: None
2019-02-28 19:47:33,862 [MainThread  ][INFO ]  Initial parameter values: [0.7017189  0.5010101  1.38427189]
2019-02-28 19:48:30,859 [MainThread  ][INFO ]  Final fidelity: 0.9989990514374715
2019-02-28 19:48:30,880 [MainThread  ][INFO ]  Final parameters: [ 2.2136095   0.86682032 -6.48544446]
2019-02-28 19:48:30,880 [MainThread  ][INFO ]  Fidelity: 0.9989990514374715
2019-02-28 19:48:30,880 [MainThread  ][INFO ]  ---- Starting iteration 49/100
2019-02-28 19:48:30,880 [MainThread  ][DEBUG]  Setting hyperparameter tf=1.0212121212121212
2019-02-28 19:48:30,880 [MainThread  ][INFO ]  Starting optimization for tf=1.0212121212121212
2019-02-28 19:48:30,881 [MainThread  ][DEBUG]  Optimization method: Powell
2019-02-28 19:48:30,881 [MainThread  ][DEBUG]  Optimization options: None
2019-02-28 19:48:30,881 [MainThread  ][INFO ]  Initial parameter values: [0.3398172  0.51060606 0.23539678]
2019-02-28 19:49:13,250 [MainThread  ][INFO ]  Final fidelity: 0.9989700205152637
2019-02-28 19:49:13,257 [MainThread  ][INFO ]  Final parameters: [ 5.690609    0.28640906 -0.50161342]
2019-02-28 19:49:13,257 [MainThread  ][INFO ]  Fidelity: 0.9989700205152637
2019-02-28 19:49:13,257 [MainThread  ][INFO ]  ---- Starting iteration 50/100
2019-02-28 19:49:13,257 [MainThread  ][DEBUG]  Setting hyperparameter tf=1.0404040404040404
2019-02-28 19:49:13,257 [MainThread  ][INFO ]  Starting optimization for tf=1.0404040404040404
2019-02-28 19:49:13,258 [MainThread  ][DEBUG]  Optimization method: Powell
2019-02-28 19:49:13,258 [MainThread  ][DEBUG]  Optimization options: None
2019-02-28 19:49:13,258 [MainThread  ][INFO ]  Initial parameter values: [0.09648319 0.52020202 1.54987592]
2019-02-28 19:50:14,882 [MainThread  ][INFO ]  Final fidelity: 0.9990182868818854
2019-02-28 19:50:14,883 [MainThread  ][INFO ]  Final parameters: [ 2.16554086  0.85663028 -4.31890151]
2019-02-28 19:50:14,883 [MainThread  ][INFO ]  Fidelity: 0.9990182868818854
2019-02-28 19:50:14,883 [MainThread  ][INFO ]  ---- Starting iteration 51/100
2019-02-28 19:50:14,884 [MainThread  ][DEBUG]  Setting hyperparameter tf=1.0595959595959596
2019-02-28 19:50:14,884 [MainThread  ][INFO ]  Starting optimization for tf=1.0595959595959596
2019-02-28 19:50:14,884 [MainThread  ][DEBUG]  Optimization method: Powell
2019-02-28 19:50:14,884 [MainThread  ][DEBUG]  Optimization options: None
2019-02-28 19:50:14,884 [MainThread  ][INFO ]  Initial parameter values: [1.11460924 0.52979798 0.13811   ]
2019-02-28 19:51:07,284 [MainThread  ][INFO ]  Final fidelity: 0.9989882458889511
2019-02-28 19:51:07,288 [MainThread  ][INFO ]  Final parameters: [ 4.88418882  0.32430793 -0.44350317]
2019-02-28 19:51:07,288 [MainThread  ][INFO ]  Fidelity: 0.9989882458889511
2019-02-28 19:51:07,288 [MainThread  ][INFO ]  ---- Starting iteration 52/100
2019-02-28 19:51:07,288 [MainThread  ][DEBUG]  Setting hyperparameter tf=1.0787878787878789
2019-02-28 19:51:07,288 [MainThread  ][INFO ]  Starting optimization for tf=1.0787878787878789
2019-02-28 19:51:07,288 [MainThread  ][DEBUG]  Optimization method: Powell
2019-02-28 19:51:07,288 [MainThread  ][DEBUG]  Optimization options: None
2019-02-28 19:51:07,289 [MainThread  ][INFO ]  Initial parameter values: [1.73746025 0.53939394 1.0795724 ]
2019-02-28 19:51:53,743 [MainThread  ][INFO ]  Final fidelity: 0.99904630136932
2019-02-28 19:51:53,751 [MainThread  ][INFO ]  Final parameters: [ 1.92161734  0.95736577 -6.55013609]
2019-02-28 19:51:53,751 [MainThread  ][INFO ]  Fidelity: 0.99904630136932
2019-02-28 19:51:53,751 [MainThread  ][INFO ]  ---- Starting iteration 53/100
2019-02-28 19:51:53,751 [MainThread  ][DEBUG]  Setting hyperparameter tf=1.097979797979798
2019-02-28 19:51:53,751 [MainThread  ][INFO ]  Starting optimization for tf=1.097979797979798
2019-02-28 19:51:53,751 [MainThread  ][DEBUG]  Optimization method: Powell
2019-02-28 19:51:53,751 [MainThread  ][DEBUG]  Optimization options: None
2019-02-28 19:51:53,752 [MainThread  ][INFO ]  Initial parameter values: [1.81999715 0.5489899  1.95980049]
2019-02-28 19:52:50,143 [MainThread  ][INFO ]  Final fidelity: 0.9990564087926187
2019-02-28 19:52:50,157 [MainThread  ][INFO ]  Final parameters: [ 1.86180469  0.97892717 -6.51651893]
2019-02-28 19:52:50,157 [MainThread  ][INFO ]  Fidelity: 0.9990564087926187
2019-02-28 19:52:50,158 [MainThread  ][INFO ]  ---- Starting iteration 54/100
2019-02-28 19:52:50,158 [MainThread  ][DEBUG]  Setting hyperparameter tf=1.1171717171717173
2019-02-28 19:52:50,158 [MainThread  ][INFO ]  Starting optimization for tf=1.1171717171717173
2019-02-28 19:52:50,158 [MainThread  ][DEBUG]  Optimization method: Powell
2019-02-28 19:52:50,158 [MainThread  ][DEBUG]  Optimization options: None
2019-02-28 19:52:50,158 [MainThread  ][INFO ]  Initial parameter values: [0.93423025 0.55858586 1.69309891]
2019-02-28 19:53:34,107 [MainThread  ][INFO ]  Final fidelity: 0.9369046758326993
2019-02-28 19:53:34,107 [MainThread  ][INFO ]  Final parameters: [ 0.87594088  1.08096808 -6.99999943]
2019-02-28 19:53:34,107 [MainThread  ][INFO ]  Fidelity: 0.9369046758326993
2019-02-28 19:53:34,107 [MainThread  ][INFO ]  ---- Starting iteration 55/100
2019-02-28 19:53:34,107 [MainThread  ][DEBUG]  Setting hyperparameter tf=1.1363636363636365
2019-02-28 19:53:34,107 [MainThread  ][INFO ]  Starting optimization for tf=1.1363636363636365
2019-02-28 19:53:34,108 [MainThread  ][DEBUG]  Optimization method: Powell
2019-02-28 19:53:34,108 [MainThread  ][DEBUG]  Optimization options: None
2019-02-28 19:53:34,108 [MainThread  ][INFO ]  Initial parameter values: [1.69929385 0.56818182 1.43085929]
2019-02-28 19:54:17,745 [MainThread  ][INFO ]  Final fidelity: 0.9990772056700578
2019-02-28 19:54:17,748 [MainThread  ][INFO ]  Final parameters: [ 1.74506171  1.02605507 -6.71852753]
2019-02-28 19:54:17,748 [MainThread  ][INFO ]  Fidelity: 0.9990772056700578
2019-02-28 19:54:17,748 [MainThread  ][INFO ]  ---- Starting iteration 56/100
2019-02-28 19:54:17,748 [MainThread  ][DEBUG]  Setting hyperparameter tf=1.1555555555555557
2019-02-28 19:54:17,749 [MainThread  ][INFO ]  Starting optimization for tf=1.1555555555555557
2019-02-28 19:54:17,749 [MainThread  ][DEBUG]  Optimization method: Powell
2019-02-28 19:54:17,749 [MainThread  ][DEBUG]  Optimization options: None
2019-02-28 19:54:17,749 [MainThread  ][INFO ]  Initial parameter values: [0.50964802 0.57777778 1.05387717]
2019-02-28 19:55:04,151 [MainThread  ][INFO ]  Final fidelity: 0.9990855762005618
2019-02-28 19:55:04,151 [MainThread  ][INFO ]  Final parameters: [ 1.69840338  1.04742489 -6.70123652]
2019-02-28 19:55:04,151 [MainThread  ][INFO ]  Fidelity: 0.9990855762005618
2019-02-28 19:55:04,151 [MainThread  ][INFO ]  ---- Starting iteration 57/100
2019-02-28 19:55:04,152 [MainThread  ][DEBUG]  Setting hyperparameter tf=1.1747474747474747
2019-02-28 19:55:04,152 [MainThread  ][INFO ]  Starting optimization for tf=1.1747474747474747
2019-02-28 19:55:04,152 [MainThread  ][DEBUG]  Optimization method: Powell
2019-02-28 19:55:04,152 [MainThread  ][DEBUG]  Optimization options: None
2019-02-28 19:55:04,163 [MainThread  ][INFO ]  Initial parameter values: [0.13673216 0.58737374 0.87692122]
2019-02-28 19:55:50,406 [MainThread  ][INFO ]  Final fidelity: 0.9990948836363283
2019-02-28 19:55:50,420 [MainThread  ][INFO ]  Final parameters: [ 1.64972777  1.07060306 -6.80515047]
2019-02-28 19:55:50,420 [MainThread  ][INFO ]  Fidelity: 0.9990948836363283
2019-02-28 19:55:50,420 [MainThread  ][INFO ]  ---- Starting iteration 58/100
2019-02-28 19:55:50,421 [MainThread  ][DEBUG]  Setting hyperparameter tf=1.1939393939393939
2019-02-28 19:55:50,421 [MainThread  ][INFO ]  Starting optimization for tf=1.1939393939393939
2019-02-28 19:55:50,421 [MainThread  ][DEBUG]  Optimization method: Powell
2019-02-28 19:55:50,421 [MainThread  ][DEBUG]  Optimization options: None
2019-02-28 19:55:50,421 [MainThread  ][INFO ]  Initial parameter values: [0.17374831 0.5969697  0.99342254]
2019-02-28 19:56:57,449 [MainThread  ][INFO ]  Final fidelity: 0.9991023763967577
2019-02-28 19:56:57,460 [MainThread  ][INFO ]  Final parameters: [ 1.6047403   1.09309336 -6.87077392]
2019-02-28 19:56:57,460 [MainThread  ][INFO ]  Fidelity: 0.9991023763967577
2019-02-28 19:56:57,460 [MainThread  ][INFO ]  ---- Starting iteration 59/100
2019-02-28 19:56:57,461 [MainThread  ][DEBUG]  Setting hyperparameter tf=1.213131313131313
2019-02-28 19:56:57,461 [MainThread  ][INFO ]  Starting optimization for tf=1.213131313131313
2019-02-28 19:56:57,461 [MainThread  ][DEBUG]  Optimization method: Powell
2019-02-28 19:56:57,461 [MainThread  ][DEBUG]  Optimization options: None
2019-02-28 19:56:57,461 [MainThread  ][INFO ]  Initial parameter values: [1.27888942 0.60656566 0.28110554]
2019-02-28 19:57:50,917 [MainThread  ][INFO ]  Final fidelity: 0.9990463573006247
2019-02-28 19:57:50,918 [MainThread  ][INFO ]  Final parameters: [ 3.58885655  0.39006851 -0.13058047]
2019-02-28 19:57:50,918 [MainThread  ][INFO ]  Fidelity: 0.9990463573006247
2019-02-28 19:57:50,918 [MainThread  ][INFO ]  ---- Starting iteration 60/100
2019-02-28 19:57:50,919 [MainThread  ][DEBUG]  Setting hyperparameter tf=1.2323232323232323
2019-02-28 19:57:50,919 [MainThread  ][INFO ]  Starting optimization for tf=1.2323232323232323
2019-02-28 19:57:50,919 [MainThread  ][DEBUG]  Optimization method: Powell
2019-02-28 19:57:50,919 [MainThread  ][DEBUG]  Optimization options: None
2019-02-28 19:57:50,919 [MainThread  ][INFO ]  Initial parameter values: [0.79380551 0.61616162 1.63801382]
2019-02-28 19:59:20,043 [MainThread  ][INFO ]  Final fidelity: 0.9991166729832186
2019-02-28 19:59:20,056 [MainThread  ][INFO ]  Final parameters: [ 1.5235578   1.13543854 -6.8166447 ]
2019-02-28 19:59:20,056 [MainThread  ][INFO ]  Fidelity: 0.9991166729832186
2019-02-28 19:59:20,056 [MainThread  ][INFO ]  ---- Starting iteration 61/100
2019-02-28 19:59:20,057 [MainThread  ][DEBUG]  Setting hyperparameter tf=1.2515151515151515
2019-02-28 19:59:20,057 [MainThread  ][INFO ]  Starting optimization for tf=1.2515151515151515
2019-02-28 19:59:20,057 [MainThread  ][DEBUG]  Optimization method: Powell
2019-02-28 19:59:20,057 [MainThread  ][DEBUG]  Optimization options: None
2019-02-28 19:59:20,057 [MainThread  ][INFO ]  Initial parameter values: [1.39768886 0.62575758 1.25348228]
2019-02-28 20:00:12,641 [MainThread  ][INFO ]  Final fidelity: 0.9991225537794326
2019-02-28 20:00:12,649 [MainThread  ][INFO ]  Final parameters: [ 1.48513121  1.1581694  -6.92293089]
2019-02-28 20:00:12,650 [MainThread  ][INFO ]  Fidelity: 0.9991225537794326
2019-02-28 20:00:12,650 [MainThread  ][INFO ]  ---- Starting iteration 62/100
2019-02-28 20:00:12,650 [MainThread  ][DEBUG]  Setting hyperparameter tf=1.2707070707070707
2019-02-28 20:00:12,650 [MainThread  ][INFO ]  Starting optimization for tf=1.2707070707070707
2019-02-28 20:00:12,650 [MainThread  ][DEBUG]  Optimization method: Powell
2019-02-28 20:00:12,650 [MainThread  ][DEBUG]  Optimization options: None
2019-02-28 20:00:12,650 [MainThread  ][INFO ]  Initial parameter values: [0.34306035 0.63535354 1.23825804]
2019-02-28 20:01:08,009 [MainThread  ][INFO ]  Final fidelity: 0.9991303606358491
2019-02-28 20:01:08,020 [MainThread  ][INFO ]  Final parameters: [ 1.45036557  1.17959307 -6.92785905]
2019-02-28 20:01:08,020 [MainThread  ][INFO ]  Fidelity: 0.9991303606358491
2019-02-28 20:01:08,020 [MainThread  ][INFO ]  ---- Starting iteration 63/100
2019-02-28 20:01:08,021 [MainThread  ][DEBUG]  Setting hyperparameter tf=1.2898989898989899
2019-02-28 20:01:08,021 [MainThread  ][INFO ]  Starting optimization for tf=1.2898989898989899
2019-02-28 20:01:08,021 [MainThread  ][DEBUG]  Optimization method: Powell
2019-02-28 20:01:08,021 [MainThread  ][DEBUG]  Optimization options: None
2019-02-28 20:01:08,021 [MainThread  ][INFO ]  Initial parameter values: [0.58264391 0.64494949 0.46326288]
2019-02-28 20:02:06,684 [MainThread  ][INFO ]  Final fidelity: 0.9990688004576277
2019-02-28 20:02:06,685 [MainThread  ][INFO ]  Final parameters: [3.29537788 0.39821615 0.01275716]
2019-02-28 20:02:06,685 [MainThread  ][INFO ]  Fidelity: 0.9990688004576277
2019-02-28 20:02:06,685 [MainThread  ][INFO ]  ---- Starting iteration 64/100
2019-02-28 20:02:06,685 [MainThread  ][DEBUG]  Setting hyperparameter tf=1.309090909090909
2019-02-28 20:02:06,686 [MainThread  ][INFO ]  Starting optimization for tf=1.309090909090909
2019-02-28 20:02:06,686 [MainThread  ][DEBUG]  Optimization method: Powell
2019-02-28 20:02:06,686 [MainThread  ][DEBUG]  Optimization options: None
2019-02-28 20:02:06,686 [MainThread  ][INFO ]  Initial parameter values: [1.69269833 0.65454545 0.29312535]
2019-02-28 20:02:50,444 [MainThread  ][INFO ]  Final fidelity: 0.9990756377279443
2019-02-28 20:02:50,445 [MainThread  ][INFO ]  Final parameters: [ 2.92483441  0.45144452 -0.00522138]
2019-02-28 20:02:50,445 [MainThread  ][INFO ]  Fidelity: 0.9990756377279443
2019-02-28 20:02:50,445 [MainThread  ][INFO ]  ---- Starting iteration 65/100
2019-02-28 20:02:50,445 [MainThread  ][DEBUG]  Setting hyperparameter tf=1.3282828282828283
2019-02-28 20:02:50,445 [MainThread  ][INFO ]  Starting optimization for tf=1.3282828282828283
2019-02-28 20:02:50,446 [MainThread  ][DEBUG]  Optimization method: Powell
2019-02-28 20:02:50,446 [MainThread  ][DEBUG]  Optimization options: None
2019-02-28 20:02:50,446 [MainThread  ][INFO ]  Initial parameter values: [1.50024656 0.66414141 1.28563999]
2019-02-28 20:03:30,057 [MainThread  ][INFO ]  Final fidelity: 0.9991470180376757
2019-02-28 20:03:30,057 [MainThread  ][INFO ]  Final parameters: [ 1.36231994  1.23249216 -6.06248456]
2019-02-28 20:03:30,057 [MainThread  ][INFO ]  Fidelity: 0.9991470180376757
2019-02-28 20:03:30,057 [MainThread  ][INFO ]  ---- Starting iteration 66/100
2019-02-28 20:03:30,058 [MainThread  ][DEBUG]  Setting hyperparameter tf=1.3474747474747475
2019-02-28 20:03:30,058 [MainThread  ][INFO ]  Starting optimization for tf=1.3474747474747475
2019-02-28 20:03:30,058 [MainThread  ][DEBUG]  Optimization method: Powell
2019-02-28 20:03:30,058 [MainThread  ][DEBUG]  Optimization options: None
2019-02-28 20:03:30,058 [MainThread  ][INFO ]  Initial parameter values: [1.77592899 0.67373737 1.02036517]
2019-02-28 20:04:14,045 [MainThread  ][INFO ]  Final fidelity: 0.9991541951196773
2019-02-28 20:04:14,054 [MainThread  ][INFO ]  Final parameters: [ 1.32601937  1.26465218 -6.94519096]
2019-02-28 20:04:14,054 [MainThread  ][INFO ]  Fidelity: 0.9991541951196773
2019-02-28 20:04:14,054 [MainThread  ][INFO ]  ---- Starting iteration 67/100
2019-02-28 20:04:14,054 [MainThread  ][DEBUG]  Setting hyperparameter tf=1.3666666666666667
2019-02-28 20:04:14,054 [MainThread  ][INFO ]  Starting optimization for tf=1.3666666666666667
2019-02-28 20:04:14,055 [MainThread  ][DEBUG]  Optimization method: Powell
2019-02-28 20:04:14,055 [MainThread  ][DEBUG]  Optimization options: None
2019-02-28 20:04:14,055 [MainThread  ][INFO ]  Initial parameter values: [0.72464053 0.68333333 1.98757112]
2019-02-28 20:04:54,716 [MainThread  ][INFO ]  Final fidelity: 0.9991605756826799
2019-02-28 20:04:54,742 [MainThread  ][INFO ]  Final parameters: [ 1.29658267  1.28645303 -6.99979654]
2019-02-28 20:04:54,742 [MainThread  ][INFO ]  Fidelity: 0.9991605756826799
2019-02-28 20:04:54,742 [MainThread  ][INFO ]  ---- Starting iteration 68/100
2019-02-28 20:04:54,742 [MainThread  ][DEBUG]  Setting hyperparameter tf=1.385858585858586
2019-02-28 20:04:54,742 [MainThread  ][INFO ]  Starting optimization for tf=1.385858585858586
2019-02-28 20:04:54,743 [MainThread  ][DEBUG]  Optimization method: Powell
2019-02-28 20:04:54,743 [MainThread  ][DEBUG]  Optimization options: None
2019-02-28 20:04:54,743 [MainThread  ][INFO ]  Initial parameter values: [0.56834209 0.69292929 0.15263923]
2019-02-28 20:05:31,061 [MainThread  ][INFO ]  Final fidelity: 0.9991010234498892
2019-02-28 20:05:31,062 [MainThread  ][INFO ]  Final parameters: [ 2.10243489  0.63605581 -0.0525851 ]
2019-02-28 20:05:31,062 [MainThread  ][INFO ]  Fidelity: 0.9991010234498892
2019-02-28 20:05:31,062 [MainThread  ][INFO ]  ---- Starting iteration 69/100
2019-02-28 20:05:31,062 [MainThread  ][DEBUG]  Setting hyperparameter tf=1.405050505050505
2019-02-28 20:05:31,062 [MainThread  ][INFO ]  Starting optimization for tf=1.405050505050505
2019-02-28 20:05:31,062 [MainThread  ][DEBUG]  Optimization method: Powell
2019-02-28 20:05:31,062 [MainThread  ][DEBUG]  Optimization options: None
2019-02-28 20:05:31,063 [MainThread  ][INFO ]  Initial parameter values: [1.07289499 0.70252525 1.978466  ]
2019-02-28 20:06:26,667 [MainThread  ][INFO ]  Final fidelity: 0.9991705213060773
2019-02-28 20:06:26,668 [MainThread  ][INFO ]  Final parameters: [ 1.24848945  1.32805179 -6.96753595]
2019-02-28 20:06:26,668 [MainThread  ][INFO ]  Fidelity: 0.9991705213060773
2019-02-28 20:06:26,668 [MainThread  ][INFO ]  ---- Starting iteration 70/100
2019-02-28 20:06:26,669 [MainThread  ][DEBUG]  Setting hyperparameter tf=1.4242424242424243
2019-02-28 20:06:26,669 [MainThread  ][INFO ]  Starting optimization for tf=1.4242424242424243
2019-02-28 20:06:26,669 [MainThread  ][DEBUG]  Optimization method: Powell
2019-02-28 20:06:26,669 [MainThread  ][DEBUG]  Optimization options: None
2019-02-28 20:06:26,669 [MainThread  ][INFO ]  Initial parameter values: [1.08009532 0.71212121 1.43266342]
2019-02-28 20:07:04,093 [MainThread  ][INFO ]  Final fidelity: 0.9991756021850048
2019-02-28 20:07:04,094 [MainThread  ][INFO ]  Final parameters: [ 1.22844364  1.34380232 -6.47279747]
2019-02-28 20:07:04,094 [MainThread  ][INFO ]  Fidelity: 0.9991756021850048
2019-02-28 20:07:04,094 [MainThread  ][INFO ]  ---- Starting iteration 71/100
2019-02-28 20:07:04,094 [MainThread  ][DEBUG]  Setting hyperparameter tf=1.4434343434343435
2019-02-28 20:07:04,094 [MainThread  ][INFO ]  Starting optimization for tf=1.4434343434343435
2019-02-28 20:07:04,094 [MainThread  ][DEBUG]  Optimization method: Powell
2019-02-28 20:07:04,094 [MainThread  ][DEBUG]  Optimization options: None
2019-02-28 20:07:04,095 [MainThread  ][INFO ]  Initial parameter values: [1.88314342 0.72171717 1.60660121]
2019-02-28 20:07:53,856 [MainThread  ][INFO ]  Final fidelity: 0.9991813390644947
2019-02-28 20:07:53,857 [MainThread  ][INFO ]  Final parameters: [ 1.20321046  1.36998429 -6.9745419 ]
2019-02-28 20:07:53,857 [MainThread  ][INFO ]  Fidelity: 0.9991813390644947
2019-02-28 20:07:53,857 [MainThread  ][INFO ]  ---- Starting iteration 72/100
2019-02-28 20:07:53,857 [MainThread  ][DEBUG]  Setting hyperparameter tf=1.4626262626262627
2019-02-28 20:07:53,857 [MainThread  ][INFO ]  Starting optimization for tf=1.4626262626262627
2019-02-28 20:07:53,857 [MainThread  ][DEBUG]  Optimization method: Powell
2019-02-28 20:07:53,858 [MainThread  ][DEBUG]  Optimization options: None
2019-02-28 20:07:53,858 [MainThread  ][INFO ]  Initial parameter values: [0.01528828 0.73131313 0.96553681]
2019-02-28 20:08:30,726 [MainThread  ][INFO ]  Final fidelity: 0.9991852305269283
2019-02-28 20:08:30,740 [MainThread  ][INFO ]  Final parameters: [ 1.18100689  1.39114664 -6.99688133]
2019-02-28 20:08:30,740 [MainThread  ][INFO ]  Fidelity: 0.9991852305269283
2019-02-28 20:08:30,740 [MainThread  ][INFO ]  ---- Starting iteration 73/100
2019-02-28 20:08:30,741 [MainThread  ][DEBUG]  Setting hyperparameter tf=1.481818181818182
2019-02-28 20:08:30,741 [MainThread  ][INFO ]  Starting optimization for tf=1.481818181818182
2019-02-28 20:08:30,741 [MainThread  ][DEBUG]  Optimization method: Powell
2019-02-28 20:08:30,741 [MainThread  ][DEBUG]  Optimization options: None
2019-02-28 20:08:30,741 [MainThread  ][INFO ]  Initial parameter values: [1.26552548 0.74090909 0.88168466]
2019-02-28 20:09:23,895 [MainThread  ][INFO ]  Final fidelity: 0.9991917326338373
2019-02-28 20:09:23,932 [MainThread  ][INFO ]  Final parameters: [ 1.16330938  1.41182236 -6.9949897 ]
2019-02-28 20:09:23,932 [MainThread  ][INFO ]  Fidelity: 0.9991917326338373
2019-02-28 20:09:23,932 [MainThread  ][INFO ]  ---- Starting iteration 74/100
2019-02-28 20:09:23,932 [MainThread  ][DEBUG]  Setting hyperparameter tf=1.501010101010101
2019-02-28 20:09:23,932 [MainThread  ][INFO ]  Starting optimization for tf=1.501010101010101
2019-02-28 20:09:23,932 [MainThread  ][DEBUG]  Optimization method: Powell
2019-02-28 20:09:23,932 [MainThread  ][DEBUG]  Optimization options: None
2019-02-28 20:09:23,933 [MainThread  ][INFO ]  Initial parameter values: [0.96351059 0.75050505 0.05640661]
2019-02-28 20:09:46,784 [MainThread  ][INFO ]  Final fidelity: 0.9991281798112922
2019-02-28 20:09:46,792 [MainThread  ][INFO ]  Final parameters: [1.73338161 0.7456829  0.05083925]
2019-02-28 20:09:46,792 [MainThread  ][INFO ]  Fidelity: 0.9991281798112922
2019-02-28 20:09:46,792 [MainThread  ][INFO ]  ---- Starting iteration 75/100
2019-02-28 20:09:46,793 [MainThread  ][DEBUG]  Setting hyperparameter tf=1.52020202020202
2019-02-28 20:09:46,793 [MainThread  ][INFO ]  Starting optimization for tf=1.52020202020202
2019-02-28 20:09:46,793 [MainThread  ][DEBUG]  Optimization method: Powell
2019-02-28 20:09:46,793 [MainThread  ][DEBUG]  Optimization options: None
2019-02-28 20:09:46,793 [MainThread  ][INFO ]  Initial parameter values: [0.0637509  0.76010101 1.88540406]
2019-02-28 20:10:40,120 [MainThread  ][INFO ]  Final fidelity: 0.9992006122451812
2019-02-28 20:10:40,121 [MainThread  ][INFO ]  Final parameters: [ 1.12395422  1.45365665 -6.99993816]
2019-02-28 20:10:40,121 [MainThread  ][INFO ]  Fidelity: 0.9992006122451812
2019-02-28 20:10:40,121 [MainThread  ][INFO ]  ---- Starting iteration 76/100
2019-02-28 20:10:40,121 [MainThread  ][DEBUG]  Setting hyperparameter tf=1.5393939393939393
2019-02-28 20:10:40,122 [MainThread  ][INFO ]  Starting optimization for tf=1.5393939393939393
2019-02-28 20:10:40,122 [MainThread  ][DEBUG]  Optimization method: Powell
2019-02-28 20:10:40,122 [MainThread  ][DEBUG]  Optimization options: None
2019-02-28 20:10:40,122 [MainThread  ][INFO ]  Initial parameter values: [1.07487156 0.76969697 0.20244661]
2019-02-28 20:11:04,199 [MainThread  ][INFO ]  Final fidelity: 0.9991389696551967
2019-02-28 20:11:04,199 [MainThread  ][INFO ]  Final parameters: [1.70238695 0.73898408 0.12120928]
2019-02-28 20:11:04,199 [MainThread  ][INFO ]  Fidelity: 0.9991389696551967
2019-02-28 20:11:04,200 [MainThread  ][INFO ]  ---- Starting iteration 77/100
2019-02-28 20:11:04,200 [MainThread  ][DEBUG]  Setting hyperparameter tf=1.5585858585858585
2019-02-28 20:11:04,200 [MainThread  ][INFO ]  Starting optimization for tf=1.5585858585858585
2019-02-28 20:11:04,200 [MainThread  ][DEBUG]  Optimization method: Powell
2019-02-28 20:11:04,200 [MainThread  ][DEBUG]  Optimization options: None
2019-02-28 20:11:04,200 [MainThread  ][INFO ]  Initial parameter values: [1.94867333 0.77929293 0.04228997]
2019-02-28 20:11:33,754 [MainThread  ][INFO ]  Final fidelity: 0.999145168285406
2019-02-28 20:11:33,754 [MainThread  ][INFO ]  Final parameters: [1.58889289 0.80426277 0.09438878]
2019-02-28 20:11:33,754 [MainThread  ][INFO ]  Fidelity: 0.999145168285406
2019-02-28 20:11:33,755 [MainThread  ][INFO ]  ---- Starting iteration 78/100
2019-02-28 20:11:33,755 [MainThread  ][DEBUG]  Setting hyperparameter tf=1.5777777777777777
2019-02-28 20:11:33,755 [MainThread  ][INFO ]  Starting optimization for tf=1.5777777777777777
2019-02-28 20:11:33,755 [MainThread  ][DEBUG]  Optimization method: Powell
2019-02-28 20:11:33,755 [MainThread  ][DEBUG]  Optimization options: None
2019-02-28 20:11:33,755 [MainThread  ][INFO ]  Initial parameter values: [0.81807243 0.78888889 1.40969108]
2019-02-28 20:12:07,631 [MainThread  ][INFO ]  Final fidelity: 0.9991978295757115
2019-02-28 20:12:07,648 [MainThread  ][INFO ]  Final parameters: [ 1.12178524  1.40121743 -1.99848382]
2019-02-28 20:12:07,648 [MainThread  ][INFO ]  Fidelity: 0.9991978295757115
2019-02-28 20:12:07,648 [MainThread  ][INFO ]  ---- Starting iteration 79/100
2019-02-28 20:12:07,649 [MainThread  ][DEBUG]  Setting hyperparameter tf=1.596969696969697
2019-02-28 20:12:07,649 [MainThread  ][INFO ]  Starting optimization for tf=1.596969696969697
2019-02-28 20:12:07,649 [MainThread  ][DEBUG]  Optimization method: Powell
2019-02-28 20:12:07,649 [MainThread  ][DEBUG]  Optimization options: None
2019-02-28 20:12:07,649 [MainThread  ][INFO ]  Initial parameter values: [1.94636598 0.79848485 0.79597054]
2019-02-28 20:12:54,026 [MainThread  ][INFO ]  Final fidelity: 0.9992223260278793
2019-02-28 20:12:54,027 [MainThread  ][INFO ]  Final parameters: [ 1.05912674  1.53470344 -6.7852633 ]
2019-02-28 20:12:54,027 [MainThread  ][INFO ]  Fidelity: 0.9992223260278793
2019-02-28 20:12:54,027 [MainThread  ][INFO ]  ---- Starting iteration 80/100
2019-02-28 20:12:54,027 [MainThread  ][DEBUG]  Setting hyperparameter tf=1.6161616161616161
2019-02-28 20:12:54,027 [MainThread  ][INFO ]  Starting optimization for tf=1.6161616161616161
2019-02-28 20:12:54,027 [MainThread  ][DEBUG]  Optimization method: Powell
2019-02-28 20:12:54,028 [MainThread  ][DEBUG]  Optimization options: None
2019-02-28 20:12:54,028 [MainThread  ][INFO ]  Initial parameter values: [1.75454048 0.80808081 0.6249814 ]
2019-02-28 20:13:55,424 [MainThread  ][INFO ]  Final fidelity: 0.9991723444795704
2019-02-28 20:13:55,448 [MainThread  ][INFO ]  Final parameters: [ 1.26014634  1.10818621 -0.16914142]
2019-02-28 20:13:55,448 [MainThread  ][INFO ]  Fidelity: 0.9991723444795704
2019-02-28 20:13:55,448 [MainThread  ][INFO ]  ---- Starting iteration 81/100
2019-02-28 20:13:55,448 [MainThread  ][DEBUG]  Setting hyperparameter tf=1.6353535353535353
2019-02-28 20:13:55,449 [MainThread  ][INFO ]  Starting optimization for tf=1.6353535353535353
2019-02-28 20:13:55,449 [MainThread  ][DEBUG]  Optimization method: Powell
2019-02-28 20:13:55,449 [MainThread  ][DEBUG]  Optimization options: None
2019-02-28 20:13:55,449 [MainThread  ][INFO ]  Initial parameter values: [1.64203156 0.81767677 0.86570407]
2019-02-28 20:14:54,008 [MainThread  ][INFO ]  Final fidelity: 0.9992326296477184
2019-02-28 20:14:54,009 [MainThread  ][INFO ]  Final parameters: [ 1.03107717  1.57760993 -6.99986619]
2019-02-28 20:14:54,009 [MainThread  ][INFO ]  Fidelity: 0.9992326296477184
2019-02-28 20:14:54,009 [MainThread  ][INFO ]  ---- Starting iteration 82/100
2019-02-28 20:14:54,010 [MainThread  ][DEBUG]  Setting hyperparameter tf=1.6545454545454545
2019-02-28 20:14:54,010 [MainThread  ][INFO ]  Starting optimization for tf=1.6545454545454545
2019-02-28 20:14:54,010 [MainThread  ][DEBUG]  Optimization method: Powell
2019-02-28 20:14:54,010 [MainThread  ][DEBUG]  Optimization options: None
2019-02-28 20:14:54,010 [MainThread  ][INFO ]  Initial parameter values: [0.23237007 0.82727273 0.11879889]
2019-02-28 20:15:26,865 [MainThread  ][INFO ]  Final fidelity: 0.9991695745421809
2019-02-28 20:15:26,866 [MainThread  ][INFO ]  Final parameters: [1.41046234 0.89049049 0.17107461]
2019-02-28 20:15:26,866 [MainThread  ][INFO ]  Fidelity: 0.9991695745421809
2019-02-28 20:15:26,866 [MainThread  ][INFO ]  ---- Starting iteration 83/100
2019-02-28 20:15:26,867 [MainThread  ][DEBUG]  Setting hyperparameter tf=1.6737373737373737
2019-02-28 20:15:26,867 [MainThread  ][INFO ]  Starting optimization for tf=1.6737373737373737
2019-02-28 20:15:26,867 [MainThread  ][DEBUG]  Optimization method: Powell
2019-02-28 20:15:26,867 [MainThread  ][DEBUG]  Optimization options: None
2019-02-28 20:15:26,867 [MainThread  ][INFO ]  Initial parameter values: [1.7882006  0.83686869 1.87174331]
2019-02-28 20:16:23,400 [MainThread  ][INFO ]  Final fidelity: 0.999242047073317
2019-02-28 20:16:23,412 [MainThread  ][INFO ]  Final parameters: [ 1.00507458  1.61872922 -6.99872204]
2019-02-28 20:16:23,412 [MainThread  ][INFO ]  Fidelity: 0.999242047073317
2019-02-28 20:16:23,412 [MainThread  ][INFO ]  ---- Starting iteration 84/100
2019-02-28 20:16:23,413 [MainThread  ][DEBUG]  Setting hyperparameter tf=1.692929292929293
2019-02-28 20:16:23,413 [MainThread  ][INFO ]  Starting optimization for tf=1.692929292929293
2019-02-28 20:16:23,413 [MainThread  ][DEBUG]  Optimization method: Powell
2019-02-28 20:16:23,413 [MainThread  ][DEBUG]  Optimization options: None
2019-02-28 20:16:23,413 [MainThread  ][INFO ]  Initial parameter values: [1.00404025 0.84646465 0.07017694]
2019-02-28 20:17:07,715 [MainThread  ][INFO ]  Final fidelity: 0.9991783604815266
2019-02-28 20:17:07,718 [MainThread  ][INFO ]  Final parameters: [1.31492167 0.97221247 0.16080322]
2019-02-28 20:17:07,718 [MainThread  ][INFO ]  Fidelity: 0.9991783604815266
2019-02-28 20:17:07,718 [MainThread  ][INFO ]  ---- Starting iteration 85/100
2019-02-28 20:17:07,718 [MainThread  ][DEBUG]  Setting hyperparameter tf=1.7121212121212122
2019-02-28 20:17:07,719 [MainThread  ][INFO ]  Starting optimization for tf=1.7121212121212122
2019-02-28 20:17:07,719 [MainThread  ][DEBUG]  Optimization method: Powell
2019-02-28 20:17:07,719 [MainThread  ][DEBUG]  Optimization options: None
2019-02-28 20:17:07,719 [MainThread  ][INFO ]  Initial parameter values: [1.75804348 0.85606061 1.59122721]
2019-02-28 20:17:52,327 [MainThread  ][INFO ]  Final fidelity: 0.9992526831809956
2019-02-28 20:17:52,327 [MainThread  ][INFO ]  Final parameters: [ 0.98133652  1.65977819 -6.99863982]
2019-02-28 20:17:52,327 [MainThread  ][INFO ]  Fidelity: 0.9992526831809956
2019-02-28 20:17:52,328 [MainThread  ][INFO ]  ---- Starting iteration 86/100
2019-02-28 20:17:52,328 [MainThread  ][DEBUG]  Setting hyperparameter tf=1.7313131313131314
2019-02-28 20:17:52,328 [MainThread  ][INFO ]  Starting optimization for tf=1.7313131313131314
2019-02-28 20:17:52,343 [MainThread  ][DEBUG]  Optimization method: Powell
2019-02-28 20:17:52,343 [MainThread  ][DEBUG]  Optimization options: None
2019-02-28 20:17:52,343 [MainThread  ][INFO ]  Initial parameter values: [0.37481897 0.86565657 1.29659419]
2019-02-28 20:18:33,506 [MainThread  ][INFO ]  Final fidelity: 0.9991926036369234
2019-02-28 20:18:33,511 [MainThread  ][INFO ]  Final parameters: [1.20421179 1.09367274 0.11504077]
2019-02-28 20:18:33,511 [MainThread  ][INFO ]  Fidelity: 0.9991926036369234
2019-02-28 20:18:33,511 [MainThread  ][INFO ]  ---- Starting iteration 87/100
2019-02-28 20:18:33,511 [MainThread  ][DEBUG]  Setting hyperparameter tf=1.7505050505050506
2019-02-28 20:18:33,511 [MainThread  ][INFO ]  Starting optimization for tf=1.7505050505050506
2019-02-28 20:18:33,511 [MainThread  ][DEBUG]  Optimization method: Powell
2019-02-28 20:18:33,511 [MainThread  ][DEBUG]  Optimization options: None
2019-02-28 20:18:33,511 [MainThread  ][INFO ]  Initial parameter values: [0.58643289 0.87525253 1.69606867]
2019-02-28 20:19:27,958 [MainThread  ][INFO ]  Final fidelity: 0.9992539666174919
2019-02-28 20:19:27,962 [MainThread  ][INFO ]  Final parameters: [ 0.97357865  1.64768459 -3.0209575 ]
2019-02-28 20:19:27,962 [MainThread  ][INFO ]  Fidelity: 0.9992539666174919
2019-02-28 20:19:27,962 [MainThread  ][INFO ]  ---- Starting iteration 88/100
2019-02-28 20:19:27,962 [MainThread  ][DEBUG]  Setting hyperparameter tf=1.7696969696969698
2019-02-28 20:19:27,962 [MainThread  ][INFO ]  Starting optimization for tf=1.7696969696969698
2019-02-28 20:19:27,962 [MainThread  ][DEBUG]  Optimization method: Powell
2019-02-28 20:19:27,962 [MainThread  ][DEBUG]  Optimization options: None
2019-02-28 20:19:27,963 [MainThread  ][INFO ]  Initial parameter values: [0.27122749 0.88484848 0.55879427]
2019-02-28 20:19:49,255 [MainThread  ][INFO ]  Final fidelity: 0.9992016322393014
2019-02-28 20:19:49,256 [MainThread  ][INFO ]  Final parameters: [1.66765397 0.61409699 0.43384842]
2019-02-28 20:19:49,256 [MainThread  ][INFO ]  Fidelity: 0.9992016322393014
2019-02-28 20:19:49,256 [MainThread  ][INFO ]  ---- Starting iteration 89/100
2019-02-28 20:19:49,257 [MainThread  ][DEBUG]  Setting hyperparameter tf=1.7888888888888888
2019-02-28 20:19:49,257 [MainThread  ][INFO ]  Starting optimization for tf=1.7888888888888888
2019-02-28 20:19:49,257 [MainThread  ][DEBUG]  Optimization method: Powell
2019-02-28 20:19:49,257 [MainThread  ][DEBUG]  Optimization options: None
2019-02-28 20:19:49,257 [MainThread  ][INFO ]  Initial parameter values: [1.31925019 0.89444444 0.76074415]
2019-02-28 20:20:21,333 [MainThread  ][INFO ]  Final fidelity: 0.9992184631848511
2019-02-28 20:20:21,334 [MainThread  ][INFO ]  Final parameters: [2.07863374 0.43721653 0.49808111]
2019-02-28 20:20:21,334 [MainThread  ][INFO ]  Fidelity: 0.9992184631848511
2019-02-28 20:20:21,334 [MainThread  ][INFO ]  ---- Starting iteration 90/100
2019-02-28 20:20:21,334 [MainThread  ][DEBUG]  Setting hyperparameter tf=1.808080808080808
2019-02-28 20:20:21,334 [MainThread  ][INFO ]  Starting optimization for tf=1.808080808080808
2019-02-28 20:20:21,335 [MainThread  ][DEBUG]  Optimization method: Powell
2019-02-28 20:20:21,335 [MainThread  ][DEBUG]  Optimization options: None
2019-02-28 20:20:21,335 [MainThread  ][INFO ]  Initial parameter values: [0.33282407 0.9040404  0.16584622]
2019-02-28 20:21:19,834 [MainThread  ][INFO ]  Final fidelity: 0.9992081689715172
2019-02-28 20:21:19,835 [MainThread  ][INFO ]  Final parameters: [1.17752614 1.0693504  0.25488355]
2019-02-28 20:21:19,835 [MainThread  ][INFO ]  Fidelity: 0.9992081689715172
2019-02-28 20:21:19,835 [MainThread  ][INFO ]  ---- Starting iteration 91/100
2019-02-28 20:21:19,835 [MainThread  ][DEBUG]  Setting hyperparameter tf=1.8272727272727272
2019-02-28 20:21:19,835 [MainThread  ][INFO ]  Starting optimization for tf=1.8272727272727272
2019-02-28 20:21:19,835 [MainThread  ][DEBUG]  Optimization method: Powell
2019-02-28 20:21:19,836 [MainThread  ][DEBUG]  Optimization options: None
2019-02-28 20:21:19,836 [MainThread  ][INFO ]  Initial parameter values: [1.7595956  0.91363636 1.85524872]
2019-02-28 20:22:05,224 [MainThread  ][INFO ]  Final fidelity: 0.999282141963308
2019-02-28 20:22:05,225 [MainThread  ][INFO ]  Final parameters: [ 0.92077289  1.78238211 -6.98951195]
2019-02-28 20:22:05,225 [MainThread  ][INFO ]  Fidelity: 0.999282141963308
2019-02-28 20:22:05,225 [MainThread  ][INFO ]  ---- Starting iteration 92/100
2019-02-28 20:22:05,225 [MainThread  ][DEBUG]  Setting hyperparameter tf=1.8464646464646464
2019-02-28 20:22:05,226 [MainThread  ][INFO ]  Starting optimization for tf=1.8464646464646464
2019-02-28 20:22:05,226 [MainThread  ][DEBUG]  Optimization method: Powell
2019-02-28 20:22:05,226 [MainThread  ][DEBUG]  Optimization options: None
2019-02-28 20:22:05,226 [MainThread  ][INFO ]  Initial parameter values: [1.59253578 0.92323232 1.7746604 ]
2019-02-28 20:22:45,472 [MainThread  ][INFO ]  Final fidelity: 0.9992884151528165
2019-02-28 20:22:45,473 [MainThread  ][INFO ]  Final parameters: [ 0.91319796  1.80137346 -6.7605604 ]
2019-02-28 20:22:45,473 [MainThread  ][INFO ]  Fidelity: 0.9992884151528165
2019-02-28 20:22:45,473 [MainThread  ][INFO ]  ---- Starting iteration 93/100
2019-02-28 20:22:45,473 [MainThread  ][DEBUG]  Setting hyperparameter tf=1.8656565656565656
2019-02-28 20:22:45,473 [MainThread  ][INFO ]  Starting optimization for tf=1.8656565656565656
2019-02-28 20:22:45,473 [MainThread  ][DEBUG]  Optimization method: Powell
2019-02-28 20:22:45,473 [MainThread  ][DEBUG]  Optimization options: None
2019-02-28 20:22:45,474 [MainThread  ][INFO ]  Initial parameter values: [0.87117724 0.93282828 1.32554172]
2019-02-28 20:23:41,410 [MainThread  ][INFO ]  Final fidelity: 0.9992940535586107
2019-02-28 20:23:41,412 [MainThread  ][INFO ]  Final parameters: [ 0.90471578  1.82311293 -6.99973454]
2019-02-28 20:23:41,412 [MainThread  ][INFO ]  Fidelity: 0.9992940535586107
2019-02-28 20:23:41,412 [MainThread  ][INFO ]  ---- Starting iteration 94/100
2019-02-28 20:23:41,412 [MainThread  ][DEBUG]  Setting hyperparameter tf=1.8848484848484848
2019-02-28 20:23:41,412 [MainThread  ][INFO ]  Starting optimization for tf=1.8848484848484848
2019-02-28 20:23:41,412 [MainThread  ][DEBUG]  Optimization method: Powell
2019-02-28 20:23:41,412 [MainThread  ][DEBUG]  Optimization options: None
2019-02-28 20:23:41,413 [MainThread  ][INFO ]  Initial parameter values: [0.33068716 0.94242424 1.78922718]
2019-02-28 20:24:20,852 [MainThread  ][INFO ]  Final fidelity: 0.9992941347651899
2019-02-28 20:24:20,853 [MainThread  ][INFO ]  Final parameters: [ 0.90297153  1.81157603 -3.64680085]
2019-02-28 20:24:20,853 [MainThread  ][INFO ]  Fidelity: 0.9992941347651899
2019-02-28 20:24:20,853 [MainThread  ][INFO ]  ---- Starting iteration 95/100
2019-02-28 20:24:20,853 [MainThread  ][DEBUG]  Setting hyperparameter tf=1.904040404040404
2019-02-28 20:24:20,853 [MainThread  ][INFO ]  Starting optimization for tf=1.904040404040404
2019-02-28 20:24:20,853 [MainThread  ][DEBUG]  Optimization method: Powell
2019-02-28 20:24:20,854 [MainThread  ][DEBUG]  Optimization options: None
2019-02-28 20:24:20,854 [MainThread  ][INFO ]  Initial parameter values: [0.27181895 0.9520202  0.26722893]
2019-02-28 20:25:01,506 [MainThread  ][INFO ]  Final fidelity: 0.9992329568919563
2019-02-28 20:25:01,506 [MainThread  ][INFO ]  Final parameters: [1.10147011 1.12531159 0.33674678]
2019-02-28 20:25:01,507 [MainThread  ][INFO ]  Fidelity: 0.9992329568919563
2019-02-28 20:25:01,507 [MainThread  ][INFO ]  ---- Starting iteration 96/100
2019-02-28 20:25:01,507 [MainThread  ][DEBUG]  Setting hyperparameter tf=1.9232323232323232
2019-02-28 20:25:01,507 [MainThread  ][INFO ]  Starting optimization for tf=1.9232323232323232
2019-02-28 20:25:01,507 [MainThread  ][DEBUG]  Optimization method: Powell
2019-02-28 20:25:01,507 [MainThread  ][DEBUG]  Optimization options: None
2019-02-28 20:25:01,507 [MainThread  ][INFO ]  Initial parameter values: [0.29748587 0.96161616 1.44588473]
2019-02-28 20:25:45,635 [MainThread  ][INFO ]  Final fidelity: 0.999310257369717
2019-02-28 20:25:45,642 [MainThread  ][INFO ]  Final parameters: [ 0.88208368  1.88408857 -6.99946408]
2019-02-28 20:25:45,642 [MainThread  ][INFO ]  Fidelity: 0.999310257369717
2019-02-28 20:25:45,642 [MainThread  ][INFO ]  ---- Starting iteration 97/100
2019-02-28 20:25:45,642 [MainThread  ][DEBUG]  Setting hyperparameter tf=1.9424242424242424
2019-02-28 20:25:45,642 [MainThread  ][INFO ]  Starting optimization for tf=1.9424242424242424
2019-02-28 20:25:45,642 [MainThread  ][DEBUG]  Optimization method: Powell
2019-02-28 20:25:45,642 [MainThread  ][DEBUG]  Optimization options: None
2019-02-28 20:25:45,643 [MainThread  ][INFO ]  Initial parameter values: [1.53737863 0.97121212 1.68630145]
2019-02-28 20:26:10,524 [MainThread  ][INFO ]  Final fidelity: 0.9992544411341213
2019-02-28 20:26:10,525 [MainThread  ][INFO ]  Final parameters: [0.99729758 1.36264507 0.22101475]
2019-02-28 20:26:10,525 [MainThread  ][INFO ]  Fidelity: 0.9992544411341213
2019-02-28 20:26:10,525 [MainThread  ][INFO ]  ---- Starting iteration 98/100
2019-02-28 20:26:10,526 [MainThread  ][DEBUG]  Setting hyperparameter tf=1.9616161616161616
2019-02-28 20:26:10,526 [MainThread  ][INFO ]  Starting optimization for tf=1.9616161616161616
2019-02-28 20:26:10,526 [MainThread  ][DEBUG]  Optimization method: Powell
2019-02-28 20:26:10,526 [MainThread  ][DEBUG]  Optimization options: None
2019-02-28 20:26:10,526 [MainThread  ][INFO ]  Initial parameter values: [0.90439193 0.98080808 0.30755475]
2019-02-28 20:26:53,068 [MainThread  ][INFO ]  Final fidelity: 0.9992495917869004
2019-02-28 20:26:53,073 [MainThread  ][INFO ]  Final parameters: [1.05855462 1.16722692 0.37647244]
2019-02-28 20:26:53,073 [MainThread  ][INFO ]  Fidelity: 0.9992495917869004
2019-02-28 20:26:53,073 [MainThread  ][INFO ]  ---- Starting iteration 99/100
2019-02-28 20:26:53,073 [MainThread  ][DEBUG]  Setting hyperparameter tf=1.9808080808080808
2019-02-28 20:26:53,073 [MainThread  ][INFO ]  Starting optimization for tf=1.9808080808080808
2019-02-28 20:26:53,073 [MainThread  ][DEBUG]  Optimization method: Powell
2019-02-28 20:26:53,073 [MainThread  ][DEBUG]  Optimization options: None
2019-02-28 20:26:53,074 [MainThread  ][INFO ]  Initial parameter values: [1.55940707 0.99040404 1.08172499]
2019-02-28 20:27:39,440 [MainThread  ][INFO ]  Final fidelity: 0.9993284430417455
2019-02-28 20:27:39,447 [MainThread  ][INFO ]  Final parameters: [ 0.86253465  1.94484022 -6.99997379]
2019-02-28 20:27:39,447 [MainThread  ][INFO ]  Fidelity: 0.9993284430417455
2019-02-28 20:27:39,447 [MainThread  ][INFO ]  ---- Starting iteration 100/100
2019-02-28 20:27:39,447 [MainThread  ][DEBUG]  Setting hyperparameter tf=2.0
2019-02-28 20:27:39,447 [MainThread  ][INFO ]  Starting optimization for tf=2.0
2019-02-28 20:27:39,447 [MainThread  ][DEBUG]  Optimization method: Powell
2019-02-28 20:27:39,447 [MainThread  ][DEBUG]  Optimization options: None
2019-02-28 20:27:39,448 [MainThread  ][INFO ]  Initial parameter values: [0.31208534 1.         0.40939245]
2019-02-28 20:28:11,383 [MainThread  ][INFO ]  Final fidelity: 0.9992570252213457
2019-02-28 20:28:11,384 [MainThread  ][INFO ]  Final parameters: [1.06954369 1.10094289 0.43970941]
2019-02-28 20:28:11,384 [MainThread  ][INFO ]  Fidelity: 0.9992570252213457
