2019-02-28 18:37:02,285 [MainThread  ][INFO ]  Output file name will be "rabi_doublebang_powell_bounds14.csv"
2019-02-28 18:37:02,725 [MainThread  ][INFO ]  Using doublebang protocol ansatz.
2019-02-28 18:37:02,725 [MainThread  ][DEBUG]  Initializing ProtocolAnsatz instance "doublebang"
2019-02-28 18:37:02,725 [MainThread  ][INFO ]  Using parameters constraints: [[-14, 14], [None, None], [-14, 14]]
2019-02-28 18:37:02,725 [MainThread  ][INFO ]  Using total height constraint: None
2019-02-28 18:37:02,725 [MainThread  ][INFO ]  ---- Starting iteration 1/100
2019-02-28 18:37:02,726 [MainThread  ][DEBUG]  Setting hyperparameter tf=0.1
2019-02-28 18:37:02,726 [MainThread  ][INFO ]  Starting optimization for tf=0.1
2019-02-28 18:37:02,726 [MainThread  ][DEBUG]  Optimization method: Powell
2019-02-28 18:37:02,726 [MainThread  ][DEBUG]  Optimization options: None
2019-02-28 18:37:02,726 [MainThread  ][INFO ]  Initial parameter values: [9.01906256 0.05       4.82004579]
2019-02-28 18:37:28,114 [MainThread  ][INFO ]  Final fidelity: 0.763156655590081
2019-02-28 18:37:28,115 [MainThread  ][INFO ]  Final parameters: [2.16767125 0.02289734 3.54883087]
2019-02-28 18:37:28,115 [MainThread  ][INFO ]  Fidelity: 0.763156655590081
2019-02-28 18:37:28,115 [MainThread  ][INFO ]  ---- Starting iteration 2/100
2019-02-28 18:37:28,115 [MainThread  ][DEBUG]  Setting hyperparameter tf=0.1393939393939394
2019-02-28 18:37:28,115 [MainThread  ][INFO ]  Starting optimization for tf=0.1393939393939394
2019-02-28 18:37:28,115 [MainThread  ][DEBUG]  Optimization method: Powell
2019-02-28 18:37:28,115 [MainThread  ][DEBUG]  Optimization options: None
2019-02-28 18:37:28,115 [MainThread  ][INFO ]  Initial parameter values: [8.15702613 0.06969697 1.94172702]
2019-02-28 18:37:52,359 [MainThread  ][INFO ]  Final fidelity: 0.7653321958926576
2019-02-28 18:37:52,359 [MainThread  ][INFO ]  Final parameters: [ 6.93257263  0.06658695 -0.44762676]
2019-02-28 18:37:52,360 [MainThread  ][INFO ]  Fidelity: 0.7653321958926576
2019-02-28 18:37:52,360 [MainThread  ][INFO ]  ---- Starting iteration 3/100
2019-02-28 18:37:52,360 [MainThread  ][DEBUG]  Setting hyperparameter tf=0.17878787878787877
2019-02-28 18:37:52,360 [MainThread  ][INFO ]  Starting optimization for tf=0.17878787878787877
2019-02-28 18:37:52,360 [MainThread  ][DEBUG]  Optimization method: Powell
2019-02-28 18:37:52,360 [MainThread  ][DEBUG]  Optimization options: None
2019-02-28 18:37:52,360 [MainThread  ][INFO ]  Initial parameter values: [7.49898524 0.08939394 6.47528168]
2019-02-28 18:38:14,792 [MainThread  ][INFO ]  Final fidelity: 0.7639497102750887
2019-02-28 18:38:14,793 [MainThread  ][INFO ]  Final parameters: [3.05106165 0.15664517 5.30962265]
2019-02-28 18:38:14,793 [MainThread  ][INFO ]  Fidelity: 0.7639497102750887
2019-02-28 18:38:14,793 [MainThread  ][INFO ]  ---- Starting iteration 4/100
2019-02-28 18:38:14,794 [MainThread  ][DEBUG]  Setting hyperparameter tf=0.21818181818181817
2019-02-28 18:38:14,794 [MainThread  ][INFO ]  Starting optimization for tf=0.21818181818181817
2019-02-28 18:38:14,794 [MainThread  ][DEBUG]  Optimization method: Powell
2019-02-28 18:38:14,794 [MainThread  ][DEBUG]  Optimization options: None
2019-02-28 18:38:14,794 [MainThread  ][INFO ]  Initial parameter values: [3.72318359 0.10909091 5.37085135]
2019-02-28 18:38:51,081 [MainThread  ][INFO ]  Final fidelity: 0.7677599748914585
2019-02-28 18:38:51,082 [MainThread  ][INFO ]  Final parameters: [5.38998133 0.11701813 1.70574937]
2019-02-28 18:38:51,082 [MainThread  ][INFO ]  Fidelity: 0.7677599748914585
2019-02-28 18:38:51,082 [MainThread  ][INFO ]  ---- Starting iteration 5/100
2019-02-28 18:38:51,082 [MainThread  ][DEBUG]  Setting hyperparameter tf=0.25757575757575757
2019-02-28 18:38:51,082 [MainThread  ][INFO ]  Starting optimization for tf=0.25757575757575757
2019-02-28 18:38:51,082 [MainThread  ][DEBUG]  Optimization method: Powell
2019-02-28 18:38:51,082 [MainThread  ][DEBUG]  Optimization options: None
2019-02-28 18:38:51,083 [MainThread  ][INFO ]  Initial parameter values: [8.35610246 0.12878788 2.65869675]
2019-02-28 18:39:23,590 [MainThread  ][INFO ]  Final fidelity: 0.7708749618566688
2019-02-28 18:39:23,591 [MainThread  ][INFO ]  Final parameters: [ 6.5410669   0.1251594  -0.22808606]
2019-02-28 18:39:23,591 [MainThread  ][INFO ]  Fidelity: 0.7708749618566688
2019-02-28 18:39:23,591 [MainThread  ][INFO ]  ---- Starting iteration 6/100
2019-02-28 18:39:23,591 [MainThread  ][DEBUG]  Setting hyperparameter tf=0.296969696969697
2019-02-28 18:39:23,591 [MainThread  ][INFO ]  Starting optimization for tf=0.296969696969697
2019-02-28 18:39:23,591 [MainThread  ][DEBUG]  Optimization method: Powell
2019-02-28 18:39:23,591 [MainThread  ][DEBUG]  Optimization options: None
2019-02-28 18:39:23,592 [MainThread  ][INFO ]  Initial parameter values: [9.53768578 0.14848485 8.19053805]
2019-02-28 18:40:09,282 [MainThread  ][INFO ]  Final fidelity: 0.7671451319680629
2019-02-28 18:40:09,283 [MainThread  ][INFO ]  Final parameters: [3.33124204 0.28384282 5.71836631]
2019-02-28 18:40:09,283 [MainThread  ][INFO ]  Fidelity: 0.7671451319680629
2019-02-28 18:40:09,283 [MainThread  ][INFO ]  ---- Starting iteration 7/100
2019-02-28 18:40:09,283 [MainThread  ][DEBUG]  Setting hyperparameter tf=0.3363636363636363
2019-02-28 18:40:09,283 [MainThread  ][INFO ]  Starting optimization for tf=0.3363636363636363
2019-02-28 18:40:09,283 [MainThread  ][DEBUG]  Optimization method: Powell
2019-02-28 18:40:09,283 [MainThread  ][DEBUG]  Optimization options: None
2019-02-28 18:40:09,283 [MainThread  ][INFO ]  Initial parameter values: [5.21595654 0.16818182 6.82911579]
2019-02-28 18:41:26,193 [MainThread  ][INFO ]  Final fidelity: 0.7780982343432918
2019-02-28 18:41:26,194 [MainThread  ][INFO ]  Final parameters: [7.14673184 0.12175949 1.24054439]
2019-02-28 18:41:26,195 [MainThread  ][INFO ]  Fidelity: 0.7780982343432918
2019-02-28 18:41:26,195 [MainThread  ][INFO ]  ---- Starting iteration 8/100
2019-02-28 18:41:26,195 [MainThread  ][DEBUG]  Setting hyperparameter tf=0.37575757575757573
2019-02-28 18:41:26,195 [MainThread  ][INFO ]  Starting optimization for tf=0.37575757575757573
2019-02-28 18:41:26,195 [MainThread  ][DEBUG]  Optimization method: Powell
2019-02-28 18:41:26,195 [MainThread  ][DEBUG]  Optimization options: None
2019-02-28 18:41:26,196 [MainThread  ][INFO ]  Initial parameter values: [6.61179713 0.18787879 8.6776018 ]
2019-02-28 18:42:24,590 [MainThread  ][INFO ]  Final fidelity: 0.7843630544458772
2019-02-28 18:42:24,591 [MainThread  ][INFO ]  Final parameters: [ 8.30820507  0.12051739 -0.02136746]
2019-02-28 18:42:24,591 [MainThread  ][INFO ]  Fidelity: 0.7843630544458772
2019-02-28 18:42:24,591 [MainThread  ][INFO ]  ---- Starting iteration 9/100
2019-02-28 18:42:24,592 [MainThread  ][DEBUG]  Setting hyperparameter tf=0.41515151515151516
2019-02-28 18:42:24,592 [MainThread  ][INFO ]  Starting optimization for tf=0.41515151515151516
2019-02-28 18:42:24,592 [MainThread  ][DEBUG]  Optimization method: Powell
2019-02-28 18:42:24,592 [MainThread  ][DEBUG]  Optimization options: None
2019-02-28 18:42:24,592 [MainThread  ][INFO ]  Initial parameter values: [6.7681317  0.20757576 7.34793011]
2019-02-28 18:43:37,182 [MainThread  ][INFO ]  Final fidelity: 0.783341147906324
2019-02-28 18:43:37,183 [MainThread  ][INFO ]  Final parameters: [ 5.52677476  0.23361115 -0.04310162]
2019-02-28 18:43:37,183 [MainThread  ][INFO ]  Fidelity: 0.783341147906324
2019-02-28 18:43:37,183 [MainThread  ][INFO ]  ---- Starting iteration 10/100
2019-02-28 18:43:37,184 [MainThread  ][DEBUG]  Setting hyperparameter tf=0.4545454545454545
2019-02-28 18:43:37,184 [MainThread  ][INFO ]  Starting optimization for tf=0.4545454545454545
2019-02-28 18:43:37,184 [MainThread  ][DEBUG]  Optimization method: Powell
2019-02-28 18:43:37,184 [MainThread  ][DEBUG]  Optimization options: None
2019-02-28 18:43:37,184 [MainThread  ][INFO ]  Initial parameter values: [9.28214747 0.22727273 2.02015125]
2019-02-28 18:45:43,021 [MainThread  ][INFO ]  Final fidelity: 0.7926086575684868
2019-02-28 18:45:43,022 [MainThread  ][INFO ]  Final parameters: [6.85237828 0.18924452 0.26588137]
2019-02-28 18:45:43,022 [MainThread  ][INFO ]  Fidelity: 0.7926086575684868
2019-02-28 18:45:43,022 [MainThread  ][INFO ]  ---- Starting iteration 11/100
2019-02-28 18:45:43,022 [MainThread  ][DEBUG]  Setting hyperparameter tf=0.4939393939393939
2019-02-28 18:45:43,022 [MainThread  ][INFO ]  Starting optimization for tf=0.4939393939393939
2019-02-28 18:45:43,022 [MainThread  ][DEBUG]  Optimization method: Powell
2019-02-28 18:45:43,022 [MainThread  ][DEBUG]  Optimization options: None
2019-02-28 18:45:43,023 [MainThread  ][INFO ]  Initial parameter values: [9.87707621 0.2469697  7.54985905]
2019-02-28 18:47:54,390 [MainThread  ][INFO ]  Final fidelity: 0.7992775684014884
2019-02-28 18:47:54,398 [MainThread  ][INFO ]  Final parameters: [7.39292394 0.17916303 0.06609744]
2019-02-28 18:47:54,398 [MainThread  ][INFO ]  Fidelity: 0.7992775684014884
2019-02-28 18:47:54,398 [MainThread  ][INFO ]  ---- Starting iteration 12/100
2019-02-28 18:47:54,398 [MainThread  ][DEBUG]  Setting hyperparameter tf=0.5333333333333333
2019-02-28 18:47:54,398 [MainThread  ][INFO ]  Starting optimization for tf=0.5333333333333333
2019-02-28 18:47:54,398 [MainThread  ][DEBUG]  Optimization method: Powell
2019-02-28 18:47:54,399 [MainThread  ][DEBUG]  Optimization options: None
2019-02-28 18:47:54,399 [MainThread  ][INFO ]  Initial parameter values: [5.48285069 0.26666667 0.49702419]
2019-02-28 18:52:48,629 [MainThread  ][INFO ]  Final fidelity: 0.808518946418146
2019-02-28 18:52:48,630 [MainThread  ][INFO ]  Final parameters: [8.07693321 0.16832794 0.13263212]
2019-02-28 18:52:48,630 [MainThread  ][INFO ]  Fidelity: 0.808518946418146
2019-02-28 18:52:48,630 [MainThread  ][INFO ]  ---- Starting iteration 13/100
2019-02-28 18:52:48,630 [MainThread  ][DEBUG]  Setting hyperparameter tf=0.5727272727272726
2019-02-28 18:52:48,631 [MainThread  ][INFO ]  Starting optimization for tf=0.5727272727272726
2019-02-28 18:52:48,631 [MainThread  ][DEBUG]  Optimization method: Powell
2019-02-28 18:52:48,631 [MainThread  ][DEBUG]  Optimization options: None
2019-02-28 18:52:48,631 [MainThread  ][INFO ]  Initial parameter values: [4.52233512 0.28636364 2.43926068]
2019-02-28 18:56:22,362 [MainThread  ][INFO ]  Final fidelity: 0.8215474727645834
2019-02-28 18:56:22,364 [MainThread  ][INFO ]  Final parameters: [10.54729113  0.12223972  0.12085221]
2019-02-28 18:56:22,365 [MainThread  ][INFO ]  Fidelity: 0.8215474727645834
2019-02-28 18:56:22,365 [MainThread  ][INFO ]  ---- Starting iteration 14/100
2019-02-28 18:56:22,365 [MainThread  ][DEBUG]  Setting hyperparameter tf=0.6121212121212121
2019-02-28 18:56:22,365 [MainThread  ][INFO ]  Starting optimization for tf=0.6121212121212121
2019-02-28 18:56:22,365 [MainThread  ][DEBUG]  Optimization method: Powell
2019-02-28 18:56:22,365 [MainThread  ][DEBUG]  Optimization options: None
2019-02-28 18:56:22,365 [MainThread  ][INFO ]  Initial parameter values: [3.86647549 0.30606061 9.70896812]
2019-02-28 18:58:16,601 [MainThread  ][INFO ]  Final fidelity: 0.7833419325118157
2019-02-28 18:58:16,605 [MainThread  ][INFO ]  Final parameters: [3.48845868 0.59096701 4.57790266]
2019-02-28 18:58:16,605 [MainThread  ][INFO ]  Fidelity: 0.7833419325118157
2019-02-28 18:58:16,605 [MainThread  ][INFO ]  ---- Starting iteration 15/100
2019-02-28 18:58:16,605 [MainThread  ][DEBUG]  Setting hyperparameter tf=0.6515151515151515
2019-02-28 18:58:16,605 [MainThread  ][INFO ]  Starting optimization for tf=0.6515151515151515
2019-02-28 18:58:16,605 [MainThread  ][DEBUG]  Optimization method: Powell
2019-02-28 18:58:16,605 [MainThread  ][DEBUG]  Optimization options: None
2019-02-28 18:58:16,606 [MainThread  ][INFO ]  Initial parameter values: [4.58888945 0.32575758 0.58627004]
2019-02-28 19:00:31,671 [MainThread  ][INFO ]  Final fidelity: 0.8215071238488204
2019-02-28 19:00:31,673 [MainThread  ][INFO ]  Final parameters: [6.73444574 0.2817407  0.04359513]
2019-02-28 19:00:31,673 [MainThread  ][INFO ]  Fidelity: 0.8215071238488204
2019-02-28 19:00:31,673 [MainThread  ][INFO ]  ---- Starting iteration 16/100
2019-02-28 19:00:31,673 [MainThread  ][DEBUG]  Setting hyperparameter tf=0.6909090909090908
2019-02-28 19:00:31,674 [MainThread  ][INFO ]  Starting optimization for tf=0.6909090909090908
2019-02-28 19:00:31,674 [MainThread  ][DEBUG]  Optimization method: Powell
2019-02-28 19:00:31,674 [MainThread  ][DEBUG]  Optimization options: None
2019-02-28 19:00:31,674 [MainThread  ][INFO ]  Initial parameter values: [0.50904026 0.34545455 4.95319003]
2019-02-28 19:01:44,850 [MainThread  ][INFO ]  Final fidelity: 0.7892921284078918
2019-02-28 19:01:44,854 [MainThread  ][INFO ]  Final parameters: [3.56837131 0.6556674  3.64781761]
2019-02-28 19:01:44,854 [MainThread  ][INFO ]  Fidelity: 0.7892921284078918
2019-02-28 19:01:44,854 [MainThread  ][INFO ]  ---- Starting iteration 17/100
2019-02-28 19:01:44,854 [MainThread  ][DEBUG]  Setting hyperparameter tf=0.7303030303030302
2019-02-28 19:01:44,854 [MainThread  ][INFO ]  Starting optimization for tf=0.7303030303030302
2019-02-28 19:01:44,854 [MainThread  ][DEBUG]  Optimization method: Powell
2019-02-28 19:01:44,854 [MainThread  ][DEBUG]  Optimization options: None
2019-02-28 19:01:44,855 [MainThread  ][INFO ]  Initial parameter values: [6.4772742  0.36515152 7.99858152]
2019-02-28 19:07:49,174 [MainThread  ][INFO ]  Final fidelity: 0.8640157826627883
2019-02-28 19:07:49,177 [MainThread  ][INFO ]  Final parameters: [1.32794990e+01 1.08800195e-01 5.83836494e-03]
2019-02-28 19:07:49,177 [MainThread  ][INFO ]  Fidelity: 0.8640157826627883
2019-02-28 19:07:49,177 [MainThread  ][INFO ]  ---- Starting iteration 18/100
2019-02-28 19:07:49,177 [MainThread  ][DEBUG]  Setting hyperparameter tf=0.7696969696969697
2019-02-28 19:07:49,177 [MainThread  ][INFO ]  Starting optimization for tf=0.7696969696969697
2019-02-28 19:07:49,177 [MainThread  ][DEBUG]  Optimization method: Powell
2019-02-28 19:07:49,177 [MainThread  ][DEBUG]  Optimization options: None
2019-02-28 19:07:49,178 [MainThread  ][INFO ]  Initial parameter values: [3.88285953 0.38484848 7.16691757]
2019-02-28 19:10:51,960 [MainThread  ][INFO ]  Final fidelity: 0.8534378712126354
2019-02-28 19:10:51,960 [MainThread  ][INFO ]  Final parameters: [8.10624168 0.25869698 0.09316932]
2019-02-28 19:10:51,960 [MainThread  ][INFO ]  Fidelity: 0.8534378712126354
2019-02-28 19:10:51,961 [MainThread  ][INFO ]  ---- Starting iteration 19/100
2019-02-28 19:10:51,961 [MainThread  ][DEBUG]  Setting hyperparameter tf=0.809090909090909
2019-02-28 19:10:51,961 [MainThread  ][INFO ]  Starting optimization for tf=0.809090909090909
2019-02-28 19:10:51,961 [MainThread  ][DEBUG]  Optimization method: Powell
2019-02-28 19:10:51,961 [MainThread  ][DEBUG]  Optimization options: None
2019-02-28 19:10:51,961 [MainThread  ][INFO ]  Initial parameter values: [7.9266333  0.40454545 7.452033  ]
2019-02-28 19:15:00,782 [MainThread  ][INFO ]  Final fidelity: 0.8874729596386558
2019-02-28 19:15:00,788 [MainThread  ][INFO ]  Final parameters: [1.39996916e+01 1.15719521e-01 1.27246937e-02]
2019-02-28 19:15:00,789 [MainThread  ][INFO ]  Fidelity: 0.8874729596386558
2019-02-28 19:15:00,789 [MainThread  ][INFO ]  ---- Starting iteration 20/100
2019-02-28 19:15:00,789 [MainThread  ][DEBUG]  Setting hyperparameter tf=0.8484848484848484
2019-02-28 19:15:00,789 [MainThread  ][INFO ]  Starting optimization for tf=0.8484848484848484
2019-02-28 19:15:00,789 [MainThread  ][DEBUG]  Optimization method: Powell
2019-02-28 19:15:00,789 [MainThread  ][DEBUG]  Optimization options: None
2019-02-28 19:15:00,789 [MainThread  ][INFO ]  Initial parameter values: [8.26931694 0.42424242 9.08304153]
2019-02-28 19:17:24,992 [MainThread  ][INFO ]  Final fidelity: 0.8792225982497974
2019-02-28 19:17:24,993 [MainThread  ][INFO ]  Final parameters: [8.24080361e+00 2.89252235e-01 7.31549720e-03]
2019-02-28 19:17:24,993 [MainThread  ][INFO ]  Fidelity: 0.8792225982497974
2019-02-28 19:17:24,993 [MainThread  ][INFO ]  ---- Starting iteration 21/100
2019-02-28 19:17:24,993 [MainThread  ][DEBUG]  Setting hyperparameter tf=0.8878787878787878
2019-02-28 19:17:24,993 [MainThread  ][INFO ]  Starting optimization for tf=0.8878787878787878
2019-02-28 19:17:24,993 [MainThread  ][DEBUG]  Optimization method: Powell
2019-02-28 19:17:24,993 [MainThread  ][DEBUG]  Optimization options: None
2019-02-28 19:17:24,993 [MainThread  ][INFO ]  Initial parameter values: [1.25767504 0.44393939 2.44387735]
2019-02-28 19:20:27,583 [MainThread  ][INFO ]  Final fidelity: 0.89449818759776
2019-02-28 19:20:27,591 [MainThread  ][INFO ]  Final parameters: [9.38911984 0.25077624 0.05876329]
2019-02-28 19:20:27,592 [MainThread  ][INFO ]  Fidelity: 0.89449818759776
2019-02-28 19:20:27,592 [MainThread  ][INFO ]  ---- Starting iteration 22/100
2019-02-28 19:20:27,592 [MainThread  ][DEBUG]  Setting hyperparameter tf=0.9272727272727271
2019-02-28 19:20:27,592 [MainThread  ][INFO ]  Starting optimization for tf=0.9272727272727271
2019-02-28 19:20:27,592 [MainThread  ][DEBUG]  Optimization method: Powell
2019-02-28 19:20:27,592 [MainThread  ][DEBUG]  Optimization options: None
2019-02-28 19:20:27,592 [MainThread  ][INFO ]  Initial parameter values: [5.36398448 0.46363636 0.97341031]
2019-02-28 19:21:41,971 [MainThread  ][INFO ]  Final fidelity: 0.8837270694882235
2019-02-28 19:21:41,974 [MainThread  ][INFO ]  Final parameters: [6.91490124 0.4236794  0.02154775]
2019-02-28 19:21:41,974 [MainThread  ][INFO ]  Fidelity: 0.8837270694882235
2019-02-28 19:21:41,974 [MainThread  ][INFO ]  ---- Starting iteration 23/100
2019-02-28 19:21:41,975 [MainThread  ][DEBUG]  Setting hyperparameter tf=0.9666666666666666
2019-02-28 19:21:41,975 [MainThread  ][INFO ]  Starting optimization for tf=0.9666666666666666
2019-02-28 19:21:41,975 [MainThread  ][DEBUG]  Optimization method: Powell
2019-02-28 19:21:41,975 [MainThread  ][DEBUG]  Optimization options: None
2019-02-28 19:21:41,975 [MainThread  ][INFO ]  Initial parameter values: [5.74264465 0.48333333 8.75037865]
2019-02-28 19:24:48,698 [MainThread  ][INFO ]  Final fidelity: 0.9083192307893692
2019-02-28 19:24:48,701 [MainThread  ][INFO ]  Final parameters: [8.14947916 0.34480995 0.01223198]
2019-02-28 19:24:48,702 [MainThread  ][INFO ]  Fidelity: 0.9083192307893692
2019-02-28 19:24:48,702 [MainThread  ][INFO ]  ---- Starting iteration 24/100
2019-02-28 19:24:48,702 [MainThread  ][DEBUG]  Setting hyperparameter tf=1.006060606060606
2019-02-28 19:24:48,702 [MainThread  ][INFO ]  Starting optimization for tf=1.006060606060606
2019-02-28 19:24:48,702 [MainThread  ][DEBUG]  Optimization method: Powell
2019-02-28 19:24:48,702 [MainThread  ][DEBUG]  Optimization options: None
2019-02-28 19:24:48,702 [MainThread  ][INFO ]  Initial parameter values: [1.21218969 0.5030303  5.55101908]
2019-02-28 19:31:07,252 [MainThread  ][INFO ]  Final fidelity: 0.9190565349945609
2019-02-28 19:31:07,257 [MainThread  ][INFO ]  Final parameters: [8.09726224 0.37180608 0.02563769]
2019-02-28 19:31:07,258 [MainThread  ][INFO ]  Fidelity: 0.9190565349945609
2019-02-28 19:31:07,258 [MainThread  ][INFO ]  ---- Starting iteration 25/100
2019-02-28 19:31:07,258 [MainThread  ][DEBUG]  Setting hyperparameter tf=1.0454545454545454
2019-02-28 19:31:07,258 [MainThread  ][INFO ]  Starting optimization for tf=1.0454545454545454
2019-02-28 19:31:07,258 [MainThread  ][DEBUG]  Optimization method: Powell
2019-02-28 19:31:07,258 [MainThread  ][DEBUG]  Optimization options: None
2019-02-28 19:31:07,258 [MainThread  ][INFO ]  Initial parameter values: [9.14588735 0.52272727 9.3855568 ]
2019-02-28 19:34:40,585 [MainThread  ][INFO ]  Final fidelity: 0.9341689242256704
2019-02-28 19:34:40,585 [MainThread  ][INFO ]  Final parameters: [8.60600039 0.35652808 0.02133068]
2019-02-28 19:34:40,585 [MainThread  ][INFO ]  Fidelity: 0.9341689242256704
2019-02-28 19:34:40,585 [MainThread  ][INFO ]  ---- Starting iteration 26/100
2019-02-28 19:34:40,586 [MainThread  ][DEBUG]  Setting hyperparameter tf=1.0848484848484847
2019-02-28 19:34:40,586 [MainThread  ][INFO ]  Starting optimization for tf=1.0848484848484847
2019-02-28 19:34:40,586 [MainThread  ][DEBUG]  Optimization method: Powell
2019-02-28 19:34:40,586 [MainThread  ][DEBUG]  Optimization options: None
2019-02-28 19:34:40,586 [MainThread  ][INFO ]  Initial parameter values: [6.36219176 0.54242424 1.93253733]
2019-02-28 19:36:31,195 [MainThread  ][INFO ]  Final fidelity: 0.9282221099120646
2019-02-28 19:36:31,198 [MainThread  ][INFO ]  Final parameters: [ 7.39927253  0.45873961 -0.01706114]
2019-02-28 19:36:31,198 [MainThread  ][INFO ]  Fidelity: 0.9282221099120646
2019-02-28 19:36:31,198 [MainThread  ][INFO ]  ---- Starting iteration 27/100
2019-02-28 19:36:31,198 [MainThread  ][DEBUG]  Setting hyperparameter tf=1.1242424242424243
2019-02-28 19:36:31,198 [MainThread  ][INFO ]  Starting optimization for tf=1.1242424242424243
2019-02-28 19:36:31,199 [MainThread  ][DEBUG]  Optimization method: Powell
2019-02-28 19:36:31,199 [MainThread  ][DEBUG]  Optimization options: None
2019-02-28 19:36:31,199 [MainThread  ][INFO ]  Initial parameter values: [0.27938943 0.56212121 6.81629988]
2019-02-28 19:40:07,152 [MainThread  ][INFO ]  Final fidelity: 0.9655844334553536
2019-02-28 19:40:07,158 [MainThread  ][INFO ]  Final parameters: [10.23648781  0.30480314  0.01423114]
2019-02-28 19:40:07,158 [MainThread  ][INFO ]  Fidelity: 0.9655844334553536
2019-02-28 19:40:07,158 [MainThread  ][INFO ]  ---- Starting iteration 28/100
2019-02-28 19:40:07,158 [MainThread  ][DEBUG]  Setting hyperparameter tf=1.1636363636363636
2019-02-28 19:40:07,158 [MainThread  ][INFO ]  Starting optimization for tf=1.1636363636363636
2019-02-28 19:40:07,158 [MainThread  ][DEBUG]  Optimization method: Powell
2019-02-28 19:40:07,158 [MainThread  ][DEBUG]  Optimization options: None
2019-02-28 19:40:07,159 [MainThread  ][INFO ]  Initial parameter values: [9.37991348 0.58181818 4.94401925]
2019-02-28 19:41:00,770 [MainThread  ][INFO ]  Final fidelity: 0.8370700714931602
2019-02-28 19:41:00,776 [MainThread  ][INFO ]  Final parameters: [3.68883507 1.14995019 3.90679471]
2019-02-28 19:41:00,776 [MainThread  ][INFO ]  Fidelity: 0.8370700714931602
2019-02-28 19:41:00,777 [MainThread  ][INFO ]  ---- Starting iteration 29/100
2019-02-28 19:41:00,777 [MainThread  ][DEBUG]  Setting hyperparameter tf=1.2030303030303031
2019-02-28 19:41:00,777 [MainThread  ][INFO ]  Starting optimization for tf=1.2030303030303031
2019-02-28 19:41:00,777 [MainThread  ][DEBUG]  Optimization method: Powell
2019-02-28 19:41:00,777 [MainThread  ][DEBUG]  Optimization options: None
2019-02-28 19:41:00,777 [MainThread  ][INFO ]  Initial parameter values: [4.38762663 0.60151515 7.10656667]
2019-02-28 19:43:53,004 [MainThread  ][INFO ]  Final fidelity: 0.9721110925516274
2019-02-28 19:43:53,009 [MainThread  ][INFO ]  Final parameters: [ 9.194863    0.3854957  -0.04893154]
2019-02-28 19:43:53,009 [MainThread  ][INFO ]  Fidelity: 0.9721110925516274
2019-02-28 19:43:53,009 [MainThread  ][INFO ]  ---- Starting iteration 30/100
2019-02-28 19:43:53,009 [MainThread  ][DEBUG]  Setting hyperparameter tf=1.2424242424242424
2019-02-28 19:43:53,009 [MainThread  ][INFO ]  Starting optimization for tf=1.2424242424242424
2019-02-28 19:43:53,009 [MainThread  ][DEBUG]  Optimization method: Powell
2019-02-28 19:43:53,009 [MainThread  ][DEBUG]  Optimization options: None
2019-02-28 19:43:53,010 [MainThread  ][INFO ]  Initial parameter values: [3.65365443 0.62121212 5.29381047]
2019-02-28 19:46:16,627 [MainThread  ][INFO ]  Final fidelity: 0.9656690593113733
2019-02-28 19:46:16,628 [MainThread  ][INFO ]  Final parameters: [7.42096334 0.55005238 0.03043512]
2019-02-28 19:46:16,628 [MainThread  ][INFO ]  Fidelity: 0.9656690593113733
2019-02-28 19:46:16,629 [MainThread  ][INFO ]  ---- Starting iteration 31/100
2019-02-28 19:46:16,629 [MainThread  ][DEBUG]  Setting hyperparameter tf=1.2818181818181817
2019-02-28 19:46:16,629 [MainThread  ][INFO ]  Starting optimization for tf=1.2818181818181817
2019-02-28 19:46:16,629 [MainThread  ][DEBUG]  Optimization method: Powell
2019-02-28 19:46:16,629 [MainThread  ][DEBUG]  Optimization options: None
2019-02-28 19:46:16,629 [MainThread  ][INFO ]  Initial parameter values: [8.111976   0.64090909 5.10660393]
2019-02-28 19:52:18,935 [MainThread  ][INFO ]  Final fidelity: 0.9850756712731157
2019-02-28 19:52:18,936 [MainThread  ][INFO ]  Final parameters: [-9.54555194  0.36995582  0.82325516]
2019-02-28 19:52:18,936 [MainThread  ][INFO ]  Fidelity: 0.9850756712731157
2019-02-28 19:52:18,936 [MainThread  ][INFO ]  ---- Starting iteration 32/100
2019-02-28 19:52:18,936 [MainThread  ][DEBUG]  Setting hyperparameter tf=1.3212121212121213
2019-02-28 19:52:18,936 [MainThread  ][INFO ]  Starting optimization for tf=1.3212121212121213
2019-02-28 19:52:18,936 [MainThread  ][DEBUG]  Optimization method: Powell
2019-02-28 19:52:18,937 [MainThread  ][DEBUG]  Optimization options: None
2019-02-28 19:52:18,937 [MainThread  ][INFO ]  Initial parameter values: [8.87741615 0.66060606 4.36368035]
2019-02-28 19:53:29,065 [MainThread  ][INFO ]  Final fidelity: 0.8600554220036865
2019-02-28 19:53:29,066 [MainThread  ][INFO ]  Final parameters: [ 3.78985595  1.31809095 -8.72491997]
2019-02-28 19:53:29,066 [MainThread  ][INFO ]  Fidelity: 0.8600554220036865
2019-02-28 19:53:29,066 [MainThread  ][INFO ]  ---- Starting iteration 33/100
2019-02-28 19:53:29,066 [MainThread  ][DEBUG]  Setting hyperparameter tf=1.3606060606060606
2019-02-28 19:53:29,066 [MainThread  ][INFO ]  Starting optimization for tf=1.3606060606060606
2019-02-28 19:53:29,066 [MainThread  ][DEBUG]  Optimization method: Powell
2019-02-28 19:53:29,066 [MainThread  ][DEBUG]  Optimization options: None
2019-02-28 19:53:29,066 [MainThread  ][INFO ]  Initial parameter values: [6.29698785 0.68030303 8.03809176]
2019-02-28 19:57:29,719 [MainThread  ][INFO ]  Final fidelity: 0.9924772839000783
2019-02-28 19:57:29,725 [MainThread  ][INFO ]  Final parameters: [9.61088326 0.42172097 0.75127218]
2019-02-28 19:57:29,725 [MainThread  ][INFO ]  Fidelity: 0.9924772839000783
2019-02-28 19:57:29,725 [MainThread  ][INFO ]  ---- Starting iteration 34/100
2019-02-28 19:57:29,725 [MainThread  ][DEBUG]  Setting hyperparameter tf=1.4
2019-02-28 19:57:29,725 [MainThread  ][INFO ]  Starting optimization for tf=1.4
2019-02-28 19:57:29,725 [MainThread  ][DEBUG]  Optimization method: Powell
2019-02-28 19:57:29,725 [MainThread  ][DEBUG]  Optimization options: None
2019-02-28 19:57:29,726 [MainThread  ][INFO ]  Initial parameter values: [2.7416223  0.7        6.46426436]
2019-02-28 20:02:31,454 [MainThread  ][INFO ]  Final fidelity: 0.9924130380984145
2019-02-28 20:02:31,464 [MainThread  ][INFO ]  Final parameters: [ 7.83515549  0.58871535 -0.12627496]
2019-02-28 20:02:31,464 [MainThread  ][INFO ]  Fidelity: 0.9924130380984145
2019-02-28 20:02:31,465 [MainThread  ][INFO ]  ---- Starting iteration 35/100
2019-02-28 20:02:31,465 [MainThread  ][DEBUG]  Setting hyperparameter tf=1.4393939393939394
2019-02-28 20:02:31,465 [MainThread  ][INFO ]  Starting optimization for tf=1.4393939393939394
2019-02-28 20:02:31,465 [MainThread  ][DEBUG]  Optimization method: Powell
2019-02-28 20:02:31,465 [MainThread  ][DEBUG]  Optimization options: None
2019-02-28 20:02:31,465 [MainThread  ][INFO ]  Initial parameter values: [8.41525498 0.71969697 6.81161007]
2019-02-28 20:05:29,529 [MainThread  ][INFO ]  Final fidelity: 0.994674842268358
2019-02-28 20:05:29,555 [MainThread  ][INFO ]  Final parameters: [7.78184678e+00 6.21091488e-01 5.62612848e-03]
2019-02-28 20:05:29,555 [MainThread  ][INFO ]  Fidelity: 0.994674842268358
2019-02-28 20:05:29,555 [MainThread  ][INFO ]  ---- Starting iteration 36/100
2019-02-28 20:05:29,555 [MainThread  ][DEBUG]  Setting hyperparameter tf=1.4787878787878788
2019-02-28 20:05:29,555 [MainThread  ][INFO ]  Starting optimization for tf=1.4787878787878788
2019-02-28 20:05:29,555 [MainThread  ][DEBUG]  Optimization method: Powell
2019-02-28 20:05:29,556 [MainThread  ][DEBUG]  Optimization options: None
2019-02-28 20:05:29,556 [MainThread  ][INFO ]  Initial parameter values: [4.97962536 0.73939394 7.70637701]
2019-02-28 20:08:59,096 [MainThread  ][INFO ]  Final fidelity: 0.9948914158135861
2019-02-28 20:08:59,101 [MainThread  ][INFO ]  Final parameters: [7.87936695 0.60517599 1.15026489]
2019-02-28 20:08:59,101 [MainThread  ][INFO ]  Fidelity: 0.9948914158135861
2019-02-28 20:08:59,102 [MainThread  ][INFO ]  ---- Starting iteration 37/100
2019-02-28 20:08:59,102 [MainThread  ][DEBUG]  Setting hyperparameter tf=1.518181818181818
2019-02-28 20:08:59,102 [MainThread  ][INFO ]  Starting optimization for tf=1.518181818181818
2019-02-28 20:08:59,102 [MainThread  ][DEBUG]  Optimization method: Powell
2019-02-28 20:08:59,102 [MainThread  ][DEBUG]  Optimization options: None
2019-02-28 20:08:59,102 [MainThread  ][INFO ]  Initial parameter values: [7.82057517 0.75909091 9.49235231]
2019-02-28 20:12:15,207 [MainThread  ][INFO ]  Final fidelity: 0.9943683060265687
2019-02-28 20:12:15,232 [MainThread  ][INFO ]  Final parameters: [7.45234333 0.6493478  1.51065991]
2019-02-28 20:12:15,232 [MainThread  ][INFO ]  Fidelity: 0.9943683060265687
2019-02-28 20:12:15,233 [MainThread  ][INFO ]  ---- Starting iteration 38/100
2019-02-28 20:12:15,233 [MainThread  ][DEBUG]  Setting hyperparameter tf=1.5575757575757576
2019-02-28 20:12:15,233 [MainThread  ][INFO ]  Starting optimization for tf=1.5575757575757576
2019-02-28 20:12:15,233 [MainThread  ][DEBUG]  Optimization method: Powell
2019-02-28 20:12:15,233 [MainThread  ][DEBUG]  Optimization options: None
2019-02-28 20:12:15,233 [MainThread  ][INFO ]  Initial parameter values: [0.19787171 0.77878788 4.71919605]
2019-02-28 20:13:26,518 [MainThread  ][INFO ]  Final fidelity: 0.8883470695776612
2019-02-28 20:13:26,519 [MainThread  ][INFO ]  Final parameters: [  3.88659472   1.55557119 -13.99985532]
2019-02-28 20:13:26,519 [MainThread  ][INFO ]  Fidelity: 0.8883470695776612
2019-02-28 20:13:26,520 [MainThread  ][INFO ]  ---- Starting iteration 39/100
2019-02-28 20:13:26,520 [MainThread  ][DEBUG]  Setting hyperparameter tf=1.596969696969697
2019-02-28 20:13:26,520 [MainThread  ][INFO ]  Starting optimization for tf=1.596969696969697
2019-02-28 20:13:26,520 [MainThread  ][DEBUG]  Optimization method: Powell
2019-02-28 20:13:26,520 [MainThread  ][DEBUG]  Optimization options: None
2019-02-28 20:13:26,520 [MainThread  ][INFO ]  Initial parameter values: [7.19467097 0.79848485 1.17205419]
2019-02-28 20:16:25,110 [MainThread  ][INFO ]  Final fidelity: 0.9966662467112363
2019-02-28 20:16:25,126 [MainThread  ][INFO ]  Final parameters: [6.86424092 0.78842614 1.37340624]
2019-02-28 20:16:25,126 [MainThread  ][INFO ]  Fidelity: 0.9966662467112363
2019-02-28 20:16:25,127 [MainThread  ][INFO ]  ---- Starting iteration 40/100
2019-02-28 20:16:25,127 [MainThread  ][DEBUG]  Setting hyperparameter tf=1.6363636363636362
2019-02-28 20:16:25,127 [MainThread  ][INFO ]  Starting optimization for tf=1.6363636363636362
2019-02-28 20:16:25,127 [MainThread  ][DEBUG]  Optimization method: Powell
2019-02-28 20:16:25,127 [MainThread  ][DEBUG]  Optimization options: None
2019-02-28 20:16:25,127 [MainThread  ][INFO ]  Initial parameter values: [5.67196822 0.81818182 1.30630196]
2019-02-28 20:17:57,927 [MainThread  ][INFO ]  Final fidelity: 0.9944325726932594
2019-02-28 20:17:57,930 [MainThread  ][INFO ]  Final parameters: [6.67016545 0.82570815 1.59923325]
2019-02-28 20:17:57,930 [MainThread  ][INFO ]  Fidelity: 0.9944325726932594
2019-02-28 20:17:57,931 [MainThread  ][INFO ]  ---- Starting iteration 41/100
2019-02-28 20:17:57,931 [MainThread  ][DEBUG]  Setting hyperparameter tf=1.6757575757575758
2019-02-28 20:17:57,931 [MainThread  ][INFO ]  Starting optimization for tf=1.6757575757575758
2019-02-28 20:17:57,931 [MainThread  ][DEBUG]  Optimization method: Powell
2019-02-28 20:17:57,931 [MainThread  ][DEBUG]  Optimization options: None
2019-02-28 20:17:57,931 [MainThread  ][INFO ]  Initial parameter values: [9.3390139  0.83787879 4.30399939]
2019-02-28 20:23:29,114 [MainThread  ][INFO ]  Final fidelity: 0.9951699873117593
2019-02-28 20:23:29,125 [MainThread  ][INFO ]  Final parameters: [5.96453852 1.0474458  0.10218181]
2019-02-28 20:23:29,125 [MainThread  ][INFO ]  Fidelity: 0.9951699873117593
2019-02-28 20:23:29,126 [MainThread  ][INFO ]  ---- Starting iteration 42/100
2019-02-28 20:23:29,126 [MainThread  ][DEBUG]  Setting hyperparameter tf=1.715151515151515
2019-02-28 20:23:29,126 [MainThread  ][INFO ]  Starting optimization for tf=1.715151515151515
2019-02-28 20:23:29,126 [MainThread  ][DEBUG]  Optimization method: Powell
2019-02-28 20:23:29,126 [MainThread  ][DEBUG]  Optimization options: None
2019-02-28 20:23:29,126 [MainThread  ][INFO ]  Initial parameter values: [9.71532233 0.85757576 4.00199469]
2019-02-28 20:26:53,035 [MainThread  ][INFO ]  Final fidelity: 0.9963802254191005
2019-02-28 20:26:53,061 [MainThread  ][INFO ]  Final parameters: [7.28622213 0.60576199 2.89257427]
2019-02-28 20:26:53,061 [MainThread  ][INFO ]  Fidelity: 0.9963802254191005
2019-02-28 20:26:53,061 [MainThread  ][INFO ]  ---- Starting iteration 43/100
2019-02-28 20:26:53,061 [MainThread  ][DEBUG]  Setting hyperparameter tf=1.7545454545454544
2019-02-28 20:26:53,061 [MainThread  ][INFO ]  Starting optimization for tf=1.7545454545454544
2019-02-28 20:26:53,061 [MainThread  ][DEBUG]  Optimization method: Powell
2019-02-28 20:26:53,061 [MainThread  ][DEBUG]  Optimization options: None
2019-02-28 20:26:53,062 [MainThread  ][INFO ]  Initial parameter values: [1.86988714 0.87727273 6.94768154]
2019-02-28 20:30:05,662 [MainThread  ][INFO ]  Final fidelity: 0.9941212847059974
2019-02-28 20:30:05,663 [MainThread  ][INFO ]  Final parameters: [6.62868125 0.73559238 2.84681562]
2019-02-28 20:30:05,663 [MainThread  ][INFO ]  Fidelity: 0.9941212847059974
2019-02-28 20:30:05,663 [MainThread  ][INFO ]  ---- Starting iteration 44/100
2019-02-28 20:30:05,663 [MainThread  ][DEBUG]  Setting hyperparameter tf=1.793939393939394
2019-02-28 20:30:05,663 [MainThread  ][INFO ]  Starting optimization for tf=1.793939393939394
2019-02-28 20:30:05,664 [MainThread  ][DEBUG]  Optimization method: Powell
2019-02-28 20:30:05,664 [MainThread  ][DEBUG]  Optimization options: None
2019-02-28 20:30:05,664 [MainThread  ][INFO ]  Initial parameter values: [6.56331914 0.8969697  3.60272452]
2019-02-28 20:32:33,779 [MainThread  ][INFO ]  Final fidelity: 0.9932308442233246
2019-02-28 20:32:33,786 [MainThread  ][INFO ]  Final parameters: [6.60034385 0.73701835 2.95829476]
2019-02-28 20:32:33,786 [MainThread  ][INFO ]  Fidelity: 0.9932308442233246
2019-02-28 20:32:33,786 [MainThread  ][INFO ]  ---- Starting iteration 45/100
2019-02-28 20:32:33,786 [MainThread  ][DEBUG]  Setting hyperparameter tf=1.8333333333333333
2019-02-28 20:32:33,786 [MainThread  ][INFO ]  Starting optimization for tf=1.8333333333333333
2019-02-28 20:32:33,786 [MainThread  ][DEBUG]  Optimization method: Powell
2019-02-28 20:32:33,786 [MainThread  ][DEBUG]  Optimization options: None
2019-02-28 20:32:33,786 [MainThread  ][INFO ]  Initial parameter values: [9.01231689 0.91666667 5.89980595]
2019-02-28 20:35:57,794 [MainThread  ][INFO ]  Final fidelity: 0.9951565944686424
2019-02-28 20:35:57,821 [MainThread  ][INFO ]  Final parameters: [6.47407547 0.66781436 3.36926539]
2019-02-28 20:35:57,821 [MainThread  ][INFO ]  Fidelity: 0.9951565944686424
2019-02-28 20:35:57,822 [MainThread  ][INFO ]  ---- Starting iteration 46/100
2019-02-28 20:35:57,822 [MainThread  ][DEBUG]  Setting hyperparameter tf=1.8727272727272726
2019-02-28 20:35:57,822 [MainThread  ][INFO ]  Starting optimization for tf=1.8727272727272726
2019-02-28 20:35:57,822 [MainThread  ][DEBUG]  Optimization method: Powell
2019-02-28 20:35:57,822 [MainThread  ][DEBUG]  Optimization options: None
2019-02-28 20:35:57,822 [MainThread  ][INFO ]  Initial parameter values: [4.60408688 0.93636364 8.79024071]
2019-02-28 20:38:23,798 [MainThread  ][INFO ]  Final fidelity: 0.9952681417105399
2019-02-28 20:38:23,818 [MainThread  ][INFO ]  Final parameters: [5.70389184 1.12020539 2.29898175]
2019-02-28 20:38:23,818 [MainThread  ][INFO ]  Fidelity: 0.9952681417105399
2019-02-28 20:38:23,818 [MainThread  ][INFO ]  ---- Starting iteration 47/100
2019-02-28 20:38:23,818 [MainThread  ][DEBUG]  Setting hyperparameter tf=1.912121212121212
2019-02-28 20:38:23,818 [MainThread  ][INFO ]  Starting optimization for tf=1.912121212121212
2019-02-28 20:38:23,818 [MainThread  ][DEBUG]  Optimization method: Powell
2019-02-28 20:38:23,818 [MainThread  ][DEBUG]  Optimization options: None
2019-02-28 20:38:23,818 [MainThread  ][INFO ]  Initial parameter values: [1.22427355 0.95606061 9.91473693]
2019-02-28 20:43:50,305 [MainThread  ][INFO ]  Final fidelity: 0.9957715104272731
2019-02-28 20:43:50,308 [MainThread  ][INFO ]  Final parameters: [5.60237855 1.16819281 2.36059751]
2019-02-28 20:43:50,308 [MainThread  ][INFO ]  Fidelity: 0.9957715104272731
2019-02-28 20:43:50,308 [MainThread  ][INFO ]  ---- Starting iteration 48/100
2019-02-28 20:43:50,308 [MainThread  ][DEBUG]  Setting hyperparameter tf=1.9515151515151514
2019-02-28 20:43:50,309 [MainThread  ][INFO ]  Starting optimization for tf=1.9515151515151514
2019-02-28 20:43:50,309 [MainThread  ][DEBUG]  Optimization method: Powell
2019-02-28 20:43:50,309 [MainThread  ][DEBUG]  Optimization options: None
2019-02-28 20:43:50,309 [MainThread  ][INFO ]  Initial parameter values: [8.57147097 0.97575758 4.40997196]
2019-02-28 20:48:15,750 [MainThread  ][INFO ]  Final fidelity: 0.9984272539436536
2019-02-28 20:48:15,775 [MainThread  ][INFO ]  Final parameters: [6.06989897 0.8535785  3.26215274]
2019-02-28 20:48:15,775 [MainThread  ][INFO ]  Fidelity: 0.9984272539436536
2019-02-28 20:48:15,775 [MainThread  ][INFO ]  ---- Starting iteration 49/100
2019-02-28 20:48:15,775 [MainThread  ][DEBUG]  Setting hyperparameter tf=1.9909090909090907
2019-02-28 20:48:15,775 [MainThread  ][INFO ]  Starting optimization for tf=1.9909090909090907
2019-02-28 20:48:15,775 [MainThread  ][DEBUG]  Optimization method: Powell
2019-02-28 20:48:15,775 [MainThread  ][DEBUG]  Optimization options: None
2019-02-28 20:48:15,776 [MainThread  ][INFO ]  Initial parameter values: [4.96334995 0.99545455 4.1694236 ]
2019-02-28 20:49:47,832 [MainThread  ][INFO ]  Final fidelity: 0.9956627174973627
2019-02-28 20:49:47,844 [MainThread  ][INFO ]  Final parameters: [6.45088466 0.67538911 3.56359747]
2019-02-28 20:49:47,844 [MainThread  ][INFO ]  Fidelity: 0.9956627174973627
2019-02-28 20:49:47,844 [MainThread  ][INFO ]  ---- Starting iteration 50/100
2019-02-28 20:49:47,844 [MainThread  ][DEBUG]  Setting hyperparameter tf=2.0303030303030303
2019-02-28 20:49:47,844 [MainThread  ][INFO ]  Starting optimization for tf=2.0303030303030303
2019-02-28 20:49:47,845 [MainThread  ][DEBUG]  Optimization method: Powell
2019-02-28 20:49:47,845 [MainThread  ][DEBUG]  Optimization options: None
2019-02-28 20:49:47,845 [MainThread  ][INFO ]  Initial parameter values: [5.28299623 1.01515152 2.07566377]
2019-02-28 20:51:56,518 [MainThread  ][INFO ]  Final fidelity: 0.9965925062703768
2019-02-28 20:51:56,519 [MainThread  ][INFO ]  Final parameters: [5.4214322  1.28958991 2.61600813]
2019-02-28 20:51:56,519 [MainThread  ][INFO ]  Fidelity: 0.9965925062703768
2019-02-28 20:51:56,519 [MainThread  ][INFO ]  ---- Starting iteration 51/100
2019-02-28 20:51:56,519 [MainThread  ][DEBUG]  Setting hyperparameter tf=2.0696969696969694
2019-02-28 20:51:56,520 [MainThread  ][INFO ]  Starting optimization for tf=2.0696969696969694
2019-02-28 20:51:56,520 [MainThread  ][DEBUG]  Optimization method: Powell
2019-02-28 20:51:56,520 [MainThread  ][DEBUG]  Optimization options: None
2019-02-28 20:51:56,520 [MainThread  ][INFO ]  Initial parameter values: [4.13460387 1.03484848 3.95489362]
2019-02-28 20:53:27,275 [MainThread  ][INFO ]  Final fidelity: 0.9984103178999248
2019-02-28 20:53:27,292 [MainThread  ][INFO ]  Final parameters: [6.30487253 0.67122215 3.69560844]
2019-02-28 20:53:27,292 [MainThread  ][INFO ]  Fidelity: 0.9984103178999248
2019-02-28 20:53:27,292 [MainThread  ][INFO ]  ---- Starting iteration 52/100
2019-02-28 20:53:27,292 [MainThread  ][DEBUG]  Setting hyperparameter tf=2.109090909090909
2019-02-28 20:53:27,292 [MainThread  ][INFO ]  Starting optimization for tf=2.109090909090909
2019-02-28 20:53:27,292 [MainThread  ][DEBUG]  Optimization method: Powell
2019-02-28 20:53:27,292 [MainThread  ][DEBUG]  Optimization options: None
2019-02-28 20:53:27,293 [MainThread  ][INFO ]  Initial parameter values: [4.21127978 1.05454545 0.4736753 ]
2019-02-28 20:55:49,161 [MainThread  ][INFO ]  Final fidelity: 0.9953077958434658
2019-02-28 20:55:49,162 [MainThread  ][INFO ]  Final parameters: [5.14711065 1.42302939 2.76232672]
2019-02-28 20:55:49,162 [MainThread  ][INFO ]  Fidelity: 0.9953077958434658
2019-02-28 20:55:49,162 [MainThread  ][INFO ]  ---- Starting iteration 53/100
2019-02-28 20:55:49,163 [MainThread  ][DEBUG]  Setting hyperparameter tf=2.1484848484848484
2019-02-28 20:55:49,163 [MainThread  ][INFO ]  Starting optimization for tf=2.1484848484848484
2019-02-28 20:55:49,163 [MainThread  ][DEBUG]  Optimization method: Powell
2019-02-28 20:55:49,163 [MainThread  ][DEBUG]  Optimization options: None
2019-02-28 20:55:49,163 [MainThread  ][INFO ]  Initial parameter values: [0.2178366  1.07424242 6.79614945]
2019-02-28 20:59:14,909 [MainThread  ][INFO ]  Final fidelity: 0.9976539104643934
2019-02-28 20:59:14,921 [MainThread  ][INFO ]  Final parameters: [5.19337406 1.35155187 3.08181277]
2019-02-28 20:59:14,921 [MainThread  ][INFO ]  Fidelity: 0.9976539104643934
2019-02-28 20:59:14,921 [MainThread  ][INFO ]  ---- Starting iteration 54/100
2019-02-28 20:59:14,921 [MainThread  ][DEBUG]  Setting hyperparameter tf=2.187878787878788
2019-02-28 20:59:14,921 [MainThread  ][INFO ]  Starting optimization for tf=2.187878787878788
2019-02-28 20:59:14,921 [MainThread  ][DEBUG]  Optimization method: Powell
2019-02-28 20:59:14,921 [MainThread  ][DEBUG]  Optimization options: None
2019-02-28 20:59:14,922 [MainThread  ][INFO ]  Initial parameter values: [0.54222465 1.09393939 8.39431505]
2019-02-28 21:01:05,142 [MainThread  ][INFO ]  Final fidelity: 0.9782041576084008
2019-02-28 21:01:05,159 [MainThread  ][INFO ]  Final parameters: [4.34144808 2.05697139 0.02316862]
2019-02-28 21:01:05,159 [MainThread  ][INFO ]  Fidelity: 0.9782041576084008
2019-02-28 21:01:05,159 [MainThread  ][INFO ]  ---- Starting iteration 55/100
2019-02-28 21:01:05,159 [MainThread  ][DEBUG]  Setting hyperparameter tf=2.227272727272727
2019-02-28 21:01:05,159 [MainThread  ][INFO ]  Starting optimization for tf=2.227272727272727
2019-02-28 21:01:05,159 [MainThread  ][DEBUG]  Optimization method: Powell
2019-02-28 21:01:05,159 [MainThread  ][DEBUG]  Optimization options: None
2019-02-28 21:01:05,160 [MainThread  ][INFO ]  Initial parameter values: [5.21974825 1.11363636 5.40086642]
2019-02-28 21:02:12,940 [MainThread  ][INFO ]  Final fidelity: 0.9568029767031393
2019-02-28 21:02:12,941 [MainThread  ][INFO ]  Final parameters: [4.11525807 2.201302   4.33918489]
2019-02-28 21:02:12,941 [MainThread  ][INFO ]  Fidelity: 0.9568029767031393
2019-02-28 21:02:12,941 [MainThread  ][INFO ]  ---- Starting iteration 56/100
2019-02-28 21:02:12,941 [MainThread  ][DEBUG]  Setting hyperparameter tf=2.2666666666666666
2019-02-28 21:02:12,941 [MainThread  ][INFO ]  Starting optimization for tf=2.2666666666666666
2019-02-28 21:02:12,941 [MainThread  ][DEBUG]  Optimization method: Powell
2019-02-28 21:02:12,941 [MainThread  ][DEBUG]  Optimization options: None
2019-02-28 21:02:12,942 [MainThread  ][INFO ]  Initial parameter values: [0.02307662 1.13333333 9.25981917]
2019-02-28 21:05:31,580 [MainThread  ][INFO ]  Final fidelity: 0.9984466785080038
2019-02-28 21:05:31,581 [MainThread  ][INFO ]  Final parameters: [4.99608244 1.47658621 3.31198753]
2019-02-28 21:05:31,582 [MainThread  ][INFO ]  Fidelity: 0.9984466785080038
2019-02-28 21:05:31,582 [MainThread  ][INFO ]  ---- Starting iteration 57/100
2019-02-28 21:05:31,582 [MainThread  ][DEBUG]  Setting hyperparameter tf=2.306060606060606
2019-02-28 21:05:31,582 [MainThread  ][INFO ]  Starting optimization for tf=2.306060606060606
2019-02-28 21:05:31,582 [MainThread  ][DEBUG]  Optimization method: Powell
2019-02-28 21:05:31,582 [MainThread  ][DEBUG]  Optimization options: None
2019-02-28 21:05:31,582 [MainThread  ][INFO ]  Initial parameter values: [9.22390923 1.1530303  9.32193605]
2019-02-28 21:09:07,807 [MainThread  ][INFO ]  Final fidelity: 0.9984118993970973
2019-02-28 21:09:07,815 [MainThread  ][INFO ]  Final parameters: [4.7509061  1.98924796 0.01650886]
2019-02-28 21:09:07,815 [MainThread  ][INFO ]  Fidelity: 0.9984118993970973
2019-02-28 21:09:07,815 [MainThread  ][INFO ]  ---- Starting iteration 58/100
2019-02-28 21:09:07,815 [MainThread  ][DEBUG]  Setting hyperparameter tf=2.3454545454545452
2019-02-28 21:09:07,815 [MainThread  ][INFO ]  Starting optimization for tf=2.3454545454545452
2019-02-28 21:09:07,815 [MainThread  ][DEBUG]  Optimization method: Powell
2019-02-28 21:09:07,815 [MainThread  ][DEBUG]  Optimization options: None
2019-02-28 21:09:07,815 [MainThread  ][INFO ]  Initial parameter values: [9.64025846 1.17272727 5.05654343]
2019-02-28 21:11:02,868 [MainThread  ][INFO ]  Final fidelity: 0.9663481108019434
2019-02-28 21:11:02,871 [MainThread  ][INFO ]  Final parameters: [4.1592151  2.32380887 4.60866462]
2019-02-28 21:11:02,871 [MainThread  ][INFO ]  Fidelity: 0.9663481108019434
2019-02-28 21:11:02,871 [MainThread  ][INFO ]  ---- Starting iteration 59/100
2019-02-28 21:11:02,871 [MainThread  ][DEBUG]  Setting hyperparameter tf=2.3848484848484848
2019-02-28 21:11:02,871 [MainThread  ][INFO ]  Starting optimization for tf=2.3848484848484848
2019-02-28 21:11:02,871 [MainThread  ][DEBUG]  Optimization method: Powell
2019-02-28 21:11:02,871 [MainThread  ][DEBUG]  Optimization options: None
2019-02-28 21:11:02,871 [MainThread  ][INFO ]  Initial parameter values: [5.37100182 1.19242424 1.48065159]
2019-02-28 21:13:00,914 [MainThread  ][INFO ]  Final fidelity: 0.9980779433835955
2019-02-28 21:13:00,921 [MainThread  ][INFO ]  Final parameters: [5.47500539 0.85888223 3.99290189]
2019-02-28 21:13:00,924 [MainThread  ][INFO ]  Fidelity: 0.9980779433835955
2019-02-28 21:13:00,924 [MainThread  ][INFO ]  ---- Starting iteration 60/100
2019-02-28 21:13:00,924 [MainThread  ][DEBUG]  Setting hyperparameter tf=2.4242424242424243
2019-02-28 21:13:00,924 [MainThread  ][INFO ]  Starting optimization for tf=2.4242424242424243
2019-02-28 21:13:00,924 [MainThread  ][DEBUG]  Optimization method: Powell
2019-02-28 21:13:00,924 [MainThread  ][DEBUG]  Optimization options: None
2019-02-28 21:13:00,925 [MainThread  ][INFO ]  Initial parameter values: [5.2534858  1.21212121 5.25441267]
2019-02-28 21:14:43,552 [MainThread  ][INFO ]  Final fidelity: 0.9975861674622755
2019-02-28 21:14:43,554 [MainThread  ][INFO ]  Final parameters: [5.25792429 1.04847467 3.95655989]
2019-02-28 21:14:43,554 [MainThread  ][INFO ]  Fidelity: 0.9975861674622755
2019-02-28 21:14:43,554 [MainThread  ][INFO ]  ---- Starting iteration 61/100
2019-02-28 21:14:43,554 [MainThread  ][DEBUG]  Setting hyperparameter tf=2.4636363636363634
2019-02-28 21:14:43,554 [MainThread  ][INFO ]  Starting optimization for tf=2.4636363636363634
2019-02-28 21:14:43,554 [MainThread  ][DEBUG]  Optimization method: Powell
2019-02-28 21:14:43,554 [MainThread  ][DEBUG]  Optimization options: None
2019-02-28 21:14:43,554 [MainThread  ][INFO ]  Initial parameter values: [2.99654174 1.23181818 6.54258494]
2019-02-28 21:15:28,929 [MainThread  ][INFO ]  Final fidelity: 0.9747520726279902
2019-02-28 21:15:28,933 [MainThread  ][INFO ]  Final parameters: [4.20408855 2.44733567 4.85040397]
2019-02-28 21:15:28,933 [MainThread  ][INFO ]  Fidelity: 0.9747520726279902
2019-02-28 21:15:28,933 [MainThread  ][INFO ]  ---- Starting iteration 62/100
2019-02-28 21:15:28,934 [MainThread  ][DEBUG]  Setting hyperparameter tf=2.503030303030303
2019-02-28 21:15:28,934 [MainThread  ][INFO ]  Starting optimization for tf=2.503030303030303
2019-02-28 21:15:28,934 [MainThread  ][DEBUG]  Optimization method: Powell
2019-02-28 21:15:28,934 [MainThread  ][DEBUG]  Optimization options: None
2019-02-28 21:15:28,934 [MainThread  ][INFO ]  Initial parameter values: [9.90350356 1.25151515 4.64400295]
2019-02-28 21:18:57,115 [MainThread  ][INFO ]  Final fidelity: 0.9983763214374057
2019-02-28 21:18:57,116 [MainThread  ][INFO ]  Final parameters: [4.61858039 2.14097461 2.67969327]
2019-02-28 21:18:57,116 [MainThread  ][INFO ]  Fidelity: 0.9983763214374057
2019-02-28 21:18:57,116 [MainThread  ][INFO ]  ---- Starting iteration 63/100
2019-02-28 21:18:57,116 [MainThread  ][DEBUG]  Setting hyperparameter tf=2.5424242424242425
2019-02-28 21:18:57,116 [MainThread  ][INFO ]  Starting optimization for tf=2.5424242424242425
2019-02-28 21:18:57,116 [MainThread  ][DEBUG]  Optimization method: Powell
2019-02-28 21:18:57,116 [MainThread  ][DEBUG]  Optimization options: None
2019-02-28 21:18:57,116 [MainThread  ][INFO ]  Initial parameter values: [1.83256105 1.27121212 1.94996683]
2019-02-28 21:21:31,289 [MainThread  ][INFO ]  Final fidelity: 0.997078258334194
2019-02-28 21:21:31,298 [MainThread  ][INFO ]  Final parameters: [5.14138636 1.05050753 4.07849123]
2019-02-28 21:21:31,298 [MainThread  ][INFO ]  Fidelity: 0.997078258334194
2019-02-28 21:21:31,298 [MainThread  ][INFO ]  ---- Starting iteration 64/100
2019-02-28 21:21:31,298 [MainThread  ][DEBUG]  Setting hyperparameter tf=2.5818181818181816
2019-02-28 21:21:31,298 [MainThread  ][INFO ]  Starting optimization for tf=2.5818181818181816
2019-02-28 21:21:31,298 [MainThread  ][DEBUG]  Optimization method: Powell
2019-02-28 21:21:31,298 [MainThread  ][DEBUG]  Optimization options: None
2019-02-28 21:21:31,299 [MainThread  ][INFO ]  Initial parameter values: [2.8897527  1.29090909 8.21204234]
2019-02-28 21:24:36,217 [MainThread  ][INFO ]  Final fidelity: 0.9977820268241775
2019-02-28 21:24:36,217 [MainThread  ][INFO ]  Final parameters: [4.56090594 2.21652765 3.00907029]
2019-02-28 21:24:36,217 [MainThread  ][INFO ]  Fidelity: 0.9977820268241775
2019-02-28 21:24:36,217 [MainThread  ][INFO ]  ---- Starting iteration 65/100
2019-02-28 21:24:36,218 [MainThread  ][DEBUG]  Setting hyperparameter tf=2.621212121212121
2019-02-28 21:24:36,218 [MainThread  ][INFO ]  Starting optimization for tf=2.621212121212121
2019-02-28 21:24:36,218 [MainThread  ][DEBUG]  Optimization method: Powell
2019-02-28 21:24:36,218 [MainThread  ][DEBUG]  Optimization options: None
2019-02-28 21:24:36,218 [MainThread  ][INFO ]  Initial parameter values: [0.87591549 1.31060606 7.72575649]
2019-02-28 21:29:29,196 [MainThread  ][INFO ]  Final fidelity: 0.99883581849035
2019-02-28 21:29:29,197 [MainThread  ][INFO ]  Final parameters: [4.61727539 2.03411297 3.61952922]
2019-02-28 21:29:29,197 [MainThread  ][INFO ]  Fidelity: 0.99883581849035
2019-02-28 21:29:29,197 [MainThread  ][INFO ]  ---- Starting iteration 66/100
2019-02-28 21:29:29,197 [MainThread  ][DEBUG]  Setting hyperparameter tf=2.6606060606060606
2019-02-28 21:29:29,197 [MainThread  ][INFO ]  Starting optimization for tf=2.6606060606060606
2019-02-28 21:29:29,197 [MainThread  ][DEBUG]  Optimization method: Powell
2019-02-28 21:29:29,198 [MainThread  ][DEBUG]  Optimization options: None
2019-02-28 21:29:29,198 [MainThread  ][INFO ]  Initial parameter values: [5.43702103 1.33030303 7.20119156]
2019-02-28 21:31:48,578 [MainThread  ][INFO ]  Final fidelity: 0.9966167499536341
2019-02-28 21:31:48,579 [MainThread  ][INFO ]  Final parameters: [4.56892003 2.22473974 3.42637922]
2019-02-28 21:31:48,579 [MainThread  ][INFO ]  Fidelity: 0.9966167499536341
2019-02-28 21:31:48,579 [MainThread  ][INFO ]  ---- Starting iteration 67/100
2019-02-28 21:31:48,580 [MainThread  ][DEBUG]  Setting hyperparameter tf=2.6999999999999997
2019-02-28 21:31:48,580 [MainThread  ][INFO ]  Starting optimization for tf=2.6999999999999997
2019-02-28 21:31:48,580 [MainThread  ][DEBUG]  Optimization method: Powell
2019-02-28 21:31:48,580 [MainThread  ][DEBUG]  Optimization options: None
2019-02-28 21:31:48,580 [MainThread  ][INFO ]  Initial parameter values: [0.78330532 1.35       0.1151646 ]
2019-02-28 21:35:13,466 [MainThread  ][INFO ]  Final fidelity: 0.9978430895538046
2019-02-28 21:35:13,467 [MainThread  ][INFO ]  Final parameters: [4.6628247  1.7285655  4.02274619]
2019-02-28 21:35:13,467 [MainThread  ][INFO ]  Fidelity: 0.9978430895538046
2019-02-28 21:35:13,467 [MainThread  ][INFO ]  ---- Starting iteration 68/100
2019-02-28 21:35:13,467 [MainThread  ][DEBUG]  Setting hyperparameter tf=2.7393939393939393
2019-02-28 21:35:13,468 [MainThread  ][INFO ]  Starting optimization for tf=2.7393939393939393
2019-02-28 21:35:13,468 [MainThread  ][DEBUG]  Optimization method: Powell
2019-02-28 21:35:13,468 [MainThread  ][DEBUG]  Optimization options: None
2019-02-28 21:35:13,468 [MainThread  ][INFO ]  Initial parameter values: [3.48561391 1.36969697 3.98391444]
2019-02-28 21:39:29,733 [MainThread  ][INFO ]  Final fidelity: 0.9984824414819699
2019-02-28 21:39:29,739 [MainThread  ][INFO ]  Final parameters: [4.64815866 1.72864688 4.07654202]
2019-02-28 21:39:29,739 [MainThread  ][INFO ]  Fidelity: 0.9984824414819699
2019-02-28 21:39:29,739 [MainThread  ][INFO ]  ---- Starting iteration 69/100
2019-02-28 21:39:29,739 [MainThread  ][DEBUG]  Setting hyperparameter tf=2.778787878787879
2019-02-28 21:39:29,739 [MainThread  ][INFO ]  Starting optimization for tf=2.778787878787879
2019-02-28 21:39:29,739 [MainThread  ][DEBUG]  Optimization method: Powell
2019-02-28 21:39:29,739 [MainThread  ][DEBUG]  Optimization options: None
2019-02-28 21:39:29,740 [MainThread  ][INFO ]  Initial parameter values: [0.11664503 1.38939394 4.49709432]
2019-02-28 21:41:49,213 [MainThread  ][INFO ]  Final fidelity: 0.9900666673312114
2019-02-28 21:41:49,236 [MainThread  ][INFO ]  Final parameters: [4.31638692 2.75159641 4.86961897]
2019-02-28 21:41:49,236 [MainThread  ][INFO ]  Fidelity: 0.9900666673312114
2019-02-28 21:41:49,236 [MainThread  ][INFO ]  ---- Starting iteration 70/100
2019-02-28 21:41:49,236 [MainThread  ][DEBUG]  Setting hyperparameter tf=2.818181818181818
2019-02-28 21:41:49,236 [MainThread  ][INFO ]  Starting optimization for tf=2.818181818181818
2019-02-28 21:41:49,236 [MainThread  ][DEBUG]  Optimization method: Powell
2019-02-28 21:41:49,236 [MainThread  ][DEBUG]  Optimization options: None
2019-02-28 21:41:49,237 [MainThread  ][INFO ]  Initial parameter values: [5.13020446 1.40909091 6.0497941 ]
2019-02-28 21:46:11,786 [MainThread  ][INFO ]  Final fidelity: 0.9931672981993227
2019-02-28 21:46:11,795 [MainThread  ][INFO ]  Final parameters: [-4.61148607  2.59793396  1.39734916]
2019-02-28 21:46:11,795 [MainThread  ][INFO ]  Fidelity: 0.9931672981993227
2019-02-28 21:46:11,795 [MainThread  ][INFO ]  ---- Starting iteration 71/100
2019-02-28 21:46:11,795 [MainThread  ][DEBUG]  Setting hyperparameter tf=2.8575757575757574
2019-02-28 21:46:11,795 [MainThread  ][INFO ]  Starting optimization for tf=2.8575757575757574
2019-02-28 21:46:11,795 [MainThread  ][DEBUG]  Optimization method: Powell
2019-02-28 21:46:11,795 [MainThread  ][DEBUG]  Optimization options: None
2019-02-28 21:46:11,795 [MainThread  ][INFO ]  Initial parameter values: [3.74648206 1.42878788 2.03620698]
2019-02-28 21:49:32,054 [MainThread  ][INFO ]  Final fidelity: 0.9980367720499567
2019-02-28 21:49:32,057 [MainThread  ][INFO ]  Final parameters: [4.54897849 2.09943394 4.08948553]
2019-02-28 21:49:32,057 [MainThread  ][INFO ]  Fidelity: 0.9980367720499567
2019-02-28 21:49:32,057 [MainThread  ][INFO ]  ---- Starting iteration 72/100
2019-02-28 21:49:32,057 [MainThread  ][DEBUG]  Setting hyperparameter tf=2.896969696969697
2019-02-28 21:49:32,057 [MainThread  ][INFO ]  Starting optimization for tf=2.896969696969697
2019-02-28 21:49:32,057 [MainThread  ][DEBUG]  Optimization method: Powell
2019-02-28 21:49:32,057 [MainThread  ][DEBUG]  Optimization options: None
2019-02-28 21:49:32,058 [MainThread  ][INFO ]  Initial parameter values: [8.61656949 1.44848485 1.24884131]
2019-02-28 21:53:42,652 [MainThread  ][INFO ]  Final fidelity: 0.9970129989806948
2019-02-28 21:53:42,653 [MainThread  ][INFO ]  Final parameters: [4.50875714 2.28261297 4.08766962]
2019-02-28 21:53:42,653 [MainThread  ][INFO ]  Fidelity: 0.9970129989806948
2019-02-28 21:53:42,653 [MainThread  ][INFO ]  ---- Starting iteration 73/100
2019-02-28 21:53:42,653 [MainThread  ][DEBUG]  Setting hyperparameter tf=2.936363636363636
2019-02-28 21:53:42,653 [MainThread  ][INFO ]  Starting optimization for tf=2.936363636363636
2019-02-28 21:53:42,653 [MainThread  ][DEBUG]  Optimization method: Powell
2019-02-28 21:53:42,653 [MainThread  ][DEBUG]  Optimization options: None
2019-02-28 21:53:42,654 [MainThread  ][INFO ]  Initial parameter values: [3.47747457 1.46818182 9.46427679]
2019-02-28 21:57:27,835 [MainThread  ][INFO ]  Final fidelity: 0.9981067050955256
2019-02-28 21:57:27,854 [MainThread  ][INFO ]  Final parameters: [4.44785644 2.87510343 0.4218131 ]
2019-02-28 21:57:27,854 [MainThread  ][INFO ]  Fidelity: 0.9981067050955256
2019-02-28 21:57:27,854 [MainThread  ][INFO ]  ---- Starting iteration 74/100
2019-02-28 21:57:27,854 [MainThread  ][DEBUG]  Setting hyperparameter tf=2.9757575757575756
2019-02-28 21:57:27,854 [MainThread  ][INFO ]  Starting optimization for tf=2.9757575757575756
2019-02-28 21:57:27,854 [MainThread  ][DEBUG]  Optimization method: Powell
2019-02-28 21:57:27,854 [MainThread  ][DEBUG]  Optimization options: None
2019-02-28 21:57:27,855 [MainThread  ][INFO ]  Initial parameter values: [2.35222621 1.48787879 5.56889615]
2019-02-28 21:59:33,676 [MainThread  ][INFO ]  Final fidelity: 0.9954191382147254
2019-02-28 21:59:33,688 [MainThread  ][INFO ]  Final parameters: [4.38097922 2.93721554 4.63792152]
2019-02-28 21:59:33,688 [MainThread  ][INFO ]  Fidelity: 0.9954191382147254
2019-02-28 21:59:33,689 [MainThread  ][INFO ]  ---- Starting iteration 75/100
2019-02-28 21:59:33,689 [MainThread  ][DEBUG]  Setting hyperparameter tf=3.015151515151515
2019-02-28 21:59:33,689 [MainThread  ][INFO ]  Starting optimization for tf=3.015151515151515
2019-02-28 21:59:33,689 [MainThread  ][DEBUG]  Optimization method: Powell
2019-02-28 21:59:33,689 [MainThread  ][DEBUG]  Optimization options: None
2019-02-28 21:59:33,689 [MainThread  ][INFO ]  Initial parameter values: [4.62759418 1.50757576 8.49745278]
2019-02-28 22:02:21,711 [MainThread  ][INFO ]  Final fidelity: 0.9976168542592021
2019-02-28 22:02:21,712 [MainThread  ][INFO ]  Final parameters: [4.46039085 2.95487548 1.23520468]
2019-02-28 22:02:21,712 [MainThread  ][INFO ]  Fidelity: 0.9976168542592021
2019-02-28 22:02:21,712 [MainThread  ][INFO ]  ---- Starting iteration 76/100
2019-02-28 22:02:21,712 [MainThread  ][DEBUG]  Setting hyperparameter tf=3.0545454545454542
2019-02-28 22:02:21,712 [MainThread  ][INFO ]  Starting optimization for tf=3.0545454545454542
2019-02-28 22:02:21,712 [MainThread  ][DEBUG]  Optimization method: Powell
2019-02-28 22:02:21,712 [MainThread  ][DEBUG]  Optimization options: None
2019-02-28 22:02:21,712 [MainThread  ][INFO ]  Initial parameter values: [4.68596563 1.52727273 2.48761744]
2019-02-28 22:03:34,828 [MainThread  ][INFO ]  Final fidelity: 0.9972691706635868
2019-02-28 22:03:34,834 [MainThread  ][INFO ]  Final parameters: [  4.4103431    3.05438796 -13.37923332]
2019-02-28 22:03:34,834 [MainThread  ][INFO ]  Fidelity: 0.9972691706635868
2019-02-28 22:03:34,834 [MainThread  ][INFO ]  ---- Starting iteration 77/100
2019-02-28 22:03:34,834 [MainThread  ][DEBUG]  Setting hyperparameter tf=3.0939393939393938
2019-02-28 22:03:34,835 [MainThread  ][INFO ]  Starting optimization for tf=3.0939393939393938
2019-02-28 22:03:34,835 [MainThread  ][DEBUG]  Optimization method: Powell
2019-02-28 22:03:34,835 [MainThread  ][DEBUG]  Optimization options: None
2019-02-28 22:03:34,835 [MainThread  ][INFO ]  Initial parameter values: [6.32161081 1.5469697  3.18196516]
2019-02-28 22:04:43,767 [MainThread  ][INFO ]  Final fidelity: 0.9958836617955934
2019-02-28 22:04:43,768 [MainThread  ][INFO ]  Final parameters: [-3.72563024  0.18273429  4.40797089]
2019-02-28 22:04:43,768 [MainThread  ][INFO ]  Fidelity: 0.9958836617955934
2019-02-28 22:04:43,768 [MainThread  ][INFO ]  ---- Starting iteration 78/100
2019-02-28 22:04:43,768 [MainThread  ][DEBUG]  Setting hyperparameter tf=3.1333333333333333
2019-02-28 22:04:43,769 [MainThread  ][INFO ]  Starting optimization for tf=3.1333333333333333
2019-02-28 22:04:43,769 [MainThread  ][DEBUG]  Optimization method: Powell
2019-02-28 22:04:43,769 [MainThread  ][DEBUG]  Optimization options: None
2019-02-28 22:04:43,769 [MainThread  ][INFO ]  Initial parameter values: [6.69777444 1.56666667 3.79615803]
2019-02-28 22:07:10,692 [MainThread  ][INFO ]  Final fidelity: 0.9978346244010554
2019-02-28 22:07:10,696 [MainThread  ][INFO ]  Final parameters: [4.4231418  3.1310756  9.54176925]
2019-02-28 22:07:10,696 [MainThread  ][INFO ]  Fidelity: 0.9978346244010554
2019-02-28 22:07:10,696 [MainThread  ][INFO ]  ---- Starting iteration 79/100
2019-02-28 22:07:10,697 [MainThread  ][DEBUG]  Setting hyperparameter tf=3.1727272727272724
2019-02-28 22:07:10,697 [MainThread  ][INFO ]  Starting optimization for tf=3.1727272727272724
2019-02-28 22:07:10,697 [MainThread  ][DEBUG]  Optimization method: Powell
2019-02-28 22:07:10,697 [MainThread  ][DEBUG]  Optimization options: None
2019-02-28 22:07:10,697 [MainThread  ][INFO ]  Initial parameter values: [8.01146244 1.58636364 2.05653776]
2019-02-28 22:08:45,741 [MainThread  ][INFO ]  Final fidelity: 0.9982233225580839
2019-02-28 22:08:45,744 [MainThread  ][INFO ]  Final parameters: [  4.44352838   3.1723184  -13.78949071]
2019-02-28 22:08:45,744 [MainThread  ][INFO ]  Fidelity: 0.9982233225580839
2019-02-28 22:08:45,744 [MainThread  ][INFO ]  ---- Starting iteration 80/100
2019-02-28 22:08:45,744 [MainThread  ][DEBUG]  Setting hyperparameter tf=3.212121212121212
2019-02-28 22:08:45,744 [MainThread  ][INFO ]  Starting optimization for tf=3.212121212121212
2019-02-28 22:08:45,744 [MainThread  ][DEBUG]  Optimization method: Powell
2019-02-28 22:08:45,744 [MainThread  ][DEBUG]  Optimization options: None
2019-02-28 22:08:45,745 [MainThread  ][INFO ]  Initial parameter values: [3.98358089 1.60606061 9.25180849]
2019-02-28 22:10:10,059 [MainThread  ][INFO ]  Final fidelity: 0.9971797264324296
2019-02-28 22:10:10,060 [MainThread  ][INFO ]  Final parameters: [4.45384013 3.21138581 0.46842672]
2019-02-28 22:10:10,060 [MainThread  ][INFO ]  Fidelity: 0.9971797264324296
2019-02-28 22:10:10,061 [MainThread  ][INFO ]  ---- Starting iteration 81/100
2019-02-28 22:10:10,061 [MainThread  ][DEBUG]  Setting hyperparameter tf=3.2515151515151515
2019-02-28 22:10:10,061 [MainThread  ][INFO ]  Starting optimization for tf=3.2515151515151515
2019-02-28 22:10:10,061 [MainThread  ][DEBUG]  Optimization method: Powell
2019-02-28 22:10:10,061 [MainThread  ][DEBUG]  Optimization options: None
2019-02-28 22:10:10,061 [MainThread  ][INFO ]  Initial parameter values: [9.98054223 1.62575758 8.86055553]
2019-02-28 22:12:51,550 [MainThread  ][INFO ]  Final fidelity: 0.9980205182226232
2019-02-28 22:12:51,550 [MainThread  ][INFO ]  Final parameters: [4.47355835 3.20138816 3.95717881]
2019-02-28 22:12:51,551 [MainThread  ][INFO ]  Fidelity: 0.9980205182226232
2019-02-28 22:12:51,551 [MainThread  ][INFO ]  ---- Starting iteration 82/100
2019-02-28 22:12:51,551 [MainThread  ][DEBUG]  Setting hyperparameter tf=3.2909090909090906
2019-02-28 22:12:51,551 [MainThread  ][INFO ]  Starting optimization for tf=3.2909090909090906
2019-02-28 22:12:51,551 [MainThread  ][DEBUG]  Optimization method: Powell
2019-02-28 22:12:51,551 [MainThread  ][DEBUG]  Optimization options: None
2019-02-28 22:12:51,551 [MainThread  ][INFO ]  Initial parameter values: [7.60380304 1.64545455 3.07286018]
2019-02-28 22:14:42,936 [MainThread  ][INFO ]  Final fidelity: 0.9989560395352487
2019-02-28 22:14:42,949 [MainThread  ][INFO ]  Final parameters: [3.18340964 0.27942323 4.44168843]
2019-02-28 22:14:42,949 [MainThread  ][INFO ]  Fidelity: 0.9989560395352487
2019-02-28 22:14:42,949 [MainThread  ][INFO ]  ---- Starting iteration 83/100
2019-02-28 22:14:42,949 [MainThread  ][DEBUG]  Setting hyperparameter tf=3.33030303030303
2019-02-28 22:14:42,949 [MainThread  ][INFO ]  Starting optimization for tf=3.33030303030303
2019-02-28 22:14:42,949 [MainThread  ][DEBUG]  Optimization method: Powell
2019-02-28 22:14:42,949 [MainThread  ][DEBUG]  Optimization options: None
2019-02-28 22:14:42,949 [MainThread  ][INFO ]  Initial parameter values: [1.36948612 1.66515152 9.02686723]
2019-02-28 22:17:06,132 [MainThread  ][INFO ]  Final fidelity: 0.9969154565006907
2019-02-28 22:17:06,133 [MainThread  ][INFO ]  Final parameters: [ 4.4806495   3.3297766  12.81073165]
2019-02-28 22:17:06,133 [MainThread  ][INFO ]  Fidelity: 0.9969154565006907
2019-02-28 22:17:06,133 [MainThread  ][INFO ]  ---- Starting iteration 84/100
2019-02-28 22:17:06,133 [MainThread  ][DEBUG]  Setting hyperparameter tf=3.3696969696969696
2019-02-28 22:17:06,134 [MainThread  ][INFO ]  Starting optimization for tf=3.3696969696969696
2019-02-28 22:17:06,134 [MainThread  ][DEBUG]  Optimization method: Powell
2019-02-28 22:17:06,134 [MainThread  ][DEBUG]  Optimization options: None
2019-02-28 22:17:06,134 [MainThread  ][INFO ]  Initial parameter values: [5.27035566 1.68484848 2.31692409]
2019-02-28 22:18:42,570 [MainThread  ][INFO ]  Final fidelity: 0.9992994469396171
2019-02-28 22:18:42,580 [MainThread  ][INFO ]  Final parameters: [3.13725202 0.33849784 4.45723349]
2019-02-28 22:18:42,580 [MainThread  ][INFO ]  Fidelity: 0.9992994469396171
2019-02-28 22:18:42,580 [MainThread  ][INFO ]  ---- Starting iteration 85/100
2019-02-28 22:18:42,581 [MainThread  ][DEBUG]  Setting hyperparameter tf=3.4090909090909087
2019-02-28 22:18:42,581 [MainThread  ][INFO ]  Starting optimization for tf=3.4090909090909087
2019-02-28 22:18:42,581 [MainThread  ][DEBUG]  Optimization method: Powell
2019-02-28 22:18:42,581 [MainThread  ][DEBUG]  Optimization options: None
2019-02-28 22:18:42,581 [MainThread  ][INFO ]  Initial parameter values: [8.52371142 1.70454545 2.50868391]
2019-02-28 22:20:05,962 [MainThread  ][INFO ]  Final fidelity: 0.9990337699378906
2019-02-28 22:20:05,965 [MainThread  ][INFO ]  Final parameters: [3.00215127 0.40341195 4.45691421]
2019-02-28 22:20:05,965 [MainThread  ][INFO ]  Fidelity: 0.9990337699378906
2019-02-28 22:20:05,965 [MainThread  ][INFO ]  ---- Starting iteration 86/100
2019-02-28 22:20:05,965 [MainThread  ][DEBUG]  Setting hyperparameter tf=3.4484848484848483
2019-02-28 22:20:05,965 [MainThread  ][INFO ]  Starting optimization for tf=3.4484848484848483
2019-02-28 22:20:05,965 [MainThread  ][DEBUG]  Optimization method: Powell
2019-02-28 22:20:05,965 [MainThread  ][DEBUG]  Optimization options: None
2019-02-28 22:20:05,966 [MainThread  ][INFO ]  Initial parameter values: [0.45779024 1.72424242 3.8079195 ]
2019-02-28 22:21:35,324 [MainThread  ][INFO ]  Final fidelity: 0.9985667678420097
2019-02-28 22:21:35,325 [MainThread  ][INFO ]  Final parameters: [3.57026227 0.58611824 4.47974465]
2019-02-28 22:21:35,325 [MainThread  ][INFO ]  Fidelity: 0.9985667678420097
2019-02-28 22:21:35,325 [MainThread  ][INFO ]  ---- Starting iteration 87/100
2019-02-28 22:21:35,325 [MainThread  ][DEBUG]  Setting hyperparameter tf=3.487878787878788
2019-02-28 22:21:35,326 [MainThread  ][INFO ]  Starting optimization for tf=3.487878787878788
2019-02-28 22:21:35,326 [MainThread  ][DEBUG]  Optimization method: Powell
2019-02-28 22:21:35,326 [MainThread  ][DEBUG]  Optimization options: None
2019-02-28 22:21:35,326 [MainThread  ][INFO ]  Initial parameter values: [1.19190875 1.74393939 4.76738651]
2019-02-28 22:23:39,164 [MainThread  ][INFO ]  Final fidelity: 0.9982854818965544
2019-02-28 22:23:39,165 [MainThread  ][INFO ]  Final parameters: [4.41556639 2.6232163  4.66311257]
2019-02-28 22:23:39,166 [MainThread  ][INFO ]  Fidelity: 0.9982854818965544
2019-02-28 22:23:39,166 [MainThread  ][INFO ]  ---- Starting iteration 88/100
2019-02-28 22:23:39,166 [MainThread  ][DEBUG]  Setting hyperparameter tf=3.527272727272727
2019-02-28 22:23:39,166 [MainThread  ][INFO ]  Starting optimization for tf=3.527272727272727
2019-02-28 22:23:39,166 [MainThread  ][DEBUG]  Optimization method: Powell
2019-02-28 22:23:39,166 [MainThread  ][DEBUG]  Optimization options: None
2019-02-28 22:23:39,166 [MainThread  ][INFO ]  Initial parameter values: [4.24846627 1.76363636 9.59134954]
2019-02-28 22:25:50,599 [MainThread  ][INFO ]  Final fidelity: 0.9996020351535823
2019-02-28 22:25:50,605 [MainThread  ][INFO ]  Final parameters: [1.94685162 0.34301327 4.46564593]
2019-02-28 22:25:50,606 [MainThread  ][INFO ]  Fidelity: 0.9996020351535823
2019-02-28 22:25:50,606 [MainThread  ][INFO ]  ---- Starting iteration 89/100
2019-02-28 22:25:50,606 [MainThread  ][DEBUG]  Setting hyperparameter tf=3.5666666666666664
2019-02-28 22:25:50,606 [MainThread  ][INFO ]  Starting optimization for tf=3.5666666666666664
2019-02-28 22:25:50,606 [MainThread  ][DEBUG]  Optimization method: Powell
2019-02-28 22:25:50,606 [MainThread  ][DEBUG]  Optimization options: None
2019-02-28 22:25:50,606 [MainThread  ][INFO ]  Initial parameter values: [5.02736108 1.78333333 0.60739016]
2019-02-28 22:28:26,034 [MainThread  ][INFO ]  Final fidelity: 0.9995507986211649
2019-02-28 22:28:26,040 [MainThread  ][INFO ]  Final parameters: [2.44628019 0.4624719  4.46923455]
2019-02-28 22:28:26,040 [MainThread  ][INFO ]  Fidelity: 0.9995507986211649
2019-02-28 22:28:26,040 [MainThread  ][INFO ]  ---- Starting iteration 90/100
2019-02-28 22:28:26,040 [MainThread  ][DEBUG]  Setting hyperparameter tf=3.606060606060606
2019-02-28 22:28:26,040 [MainThread  ][INFO ]  Starting optimization for tf=3.606060606060606
2019-02-28 22:28:26,040 [MainThread  ][DEBUG]  Optimization method: Powell
2019-02-28 22:28:26,040 [MainThread  ][DEBUG]  Optimization options: None
2019-02-28 22:28:26,040 [MainThread  ][INFO ]  Initial parameter values: [3.62891422 1.8030303  6.15654221]
2019-02-28 22:30:46,794 [MainThread  ][INFO ]  Final fidelity: 0.9981414664750355
2019-02-28 22:30:46,795 [MainThread  ][INFO ]  Final parameters: [4.46235829 3.23967099 4.99983173]
2019-02-28 22:30:46,795 [MainThread  ][INFO ]  Fidelity: 0.9981414664750355
2019-02-28 22:30:46,795 [MainThread  ][INFO ]  ---- Starting iteration 91/100
2019-02-28 22:30:46,795 [MainThread  ][DEBUG]  Setting hyperparameter tf=3.645454545454545
2019-02-28 22:30:46,795 [MainThread  ][INFO ]  Starting optimization for tf=3.645454545454545
2019-02-28 22:30:46,795 [MainThread  ][DEBUG]  Optimization method: Powell
2019-02-28 22:30:46,795 [MainThread  ][DEBUG]  Optimization options: None
2019-02-28 22:30:46,796 [MainThread  ][INFO ]  Initial parameter values: [3.60903518 1.82272727 3.30729591]
2019-02-28 22:33:40,411 [MainThread  ][INFO ]  Final fidelity: 0.9967256757503289
2019-02-28 22:33:40,412 [MainThread  ][INFO ]  Final parameters: [-2.90888072  0.55686647  4.49480413]
2019-02-28 22:33:40,412 [MainThread  ][INFO ]  Fidelity: 0.9967256757503289
2019-02-28 22:33:40,412 [MainThread  ][INFO ]  ---- Starting iteration 92/100
2019-02-28 22:33:40,412 [MainThread  ][DEBUG]  Setting hyperparameter tf=3.6848484848484846
2019-02-28 22:33:40,412 [MainThread  ][INFO ]  Starting optimization for tf=3.6848484848484846
2019-02-28 22:33:40,412 [MainThread  ][DEBUG]  Optimization method: Powell
2019-02-28 22:33:40,412 [MainThread  ][DEBUG]  Optimization options: None
2019-02-28 22:33:40,413 [MainThread  ][INFO ]  Initial parameter values: [4.05280461 1.84242424 8.2575032 ]
2019-02-28 22:36:22,878 [MainThread  ][INFO ]  Final fidelity: 0.9981773145782425
2019-02-28 22:36:22,879 [MainThread  ][INFO ]  Final parameters: [4.45666717 3.11567111 4.89736267]
2019-02-28 22:36:22,879 [MainThread  ][INFO ]  Fidelity: 0.9981773145782425
2019-02-28 22:36:22,879 [MainThread  ][INFO ]  ---- Starting iteration 93/100
2019-02-28 22:36:22,879 [MainThread  ][DEBUG]  Setting hyperparameter tf=3.724242424242424
2019-02-28 22:36:22,879 [MainThread  ][INFO ]  Starting optimization for tf=3.724242424242424
2019-02-28 22:36:22,880 [MainThread  ][DEBUG]  Optimization method: Powell
2019-02-28 22:36:22,880 [MainThread  ][DEBUG]  Optimization options: None
2019-02-28 22:36:22,880 [MainThread  ][INFO ]  Initial parameter values: [0.88592567 1.86212121 5.94824945]
2019-02-28 22:38:45,358 [MainThread  ][INFO ]  Final fidelity: 0.9981962551848027
2019-02-28 22:38:45,359 [MainThread  ][INFO ]  Final parameters: [4.44098329 3.05431698 4.8840343 ]
2019-02-28 22:38:45,359 [MainThread  ][INFO ]  Fidelity: 0.9981962551848027
2019-02-28 22:38:45,359 [MainThread  ][INFO ]  ---- Starting iteration 94/100
2019-02-28 22:38:45,360 [MainThread  ][DEBUG]  Setting hyperparameter tf=3.7636363636363632
2019-02-28 22:38:45,360 [MainThread  ][INFO ]  Starting optimization for tf=3.7636363636363632
2019-02-28 22:38:45,360 [MainThread  ][DEBUG]  Optimization method: Powell
2019-02-28 22:38:45,360 [MainThread  ][DEBUG]  Optimization options: None
2019-02-28 22:38:45,360 [MainThread  ][INFO ]  Initial parameter values: [8.98008064 1.88181818 4.0226352 ]
2019-02-28 22:42:41,511 [MainThread  ][INFO ]  Final fidelity: 0.9995197499624665
2019-02-28 22:42:41,524 [MainThread  ][INFO ]  Final parameters: [2.43393238 0.65036901 4.49203581]
2019-02-28 22:42:41,524 [MainThread  ][INFO ]  Fidelity: 0.9995197499624665
2019-02-28 22:42:41,524 [MainThread  ][INFO ]  ---- Starting iteration 95/100
2019-02-28 22:42:41,524 [MainThread  ][DEBUG]  Setting hyperparameter tf=3.8030303030303028
2019-02-28 22:42:41,524 [MainThread  ][INFO ]  Starting optimization for tf=3.8030303030303028
2019-02-28 22:42:41,524 [MainThread  ][DEBUG]  Optimization method: Powell
2019-02-28 22:42:41,524 [MainThread  ][DEBUG]  Optimization options: None
2019-02-28 22:42:41,525 [MainThread  ][INFO ]  Initial parameter values: [6.2717219  1.90151515 7.99292464]
2019-02-28 22:45:43,208 [MainThread  ][INFO ]  Final fidelity: 0.9981124012386458
2019-02-28 22:45:43,211 [MainThread  ][INFO ]  Final parameters: [0.30268847 0.62424189 4.44269626]
2019-02-28 22:45:43,212 [MainThread  ][INFO ]  Fidelity: 0.9981124012386458
2019-02-28 22:45:43,212 [MainThread  ][INFO ]  ---- Starting iteration 96/100
2019-02-28 22:45:43,212 [MainThread  ][DEBUG]  Setting hyperparameter tf=3.8424242424242423
2019-02-28 22:45:43,212 [MainThread  ][INFO ]  Starting optimization for tf=3.8424242424242423
2019-02-28 22:45:43,212 [MainThread  ][DEBUG]  Optimization method: Powell
2019-02-28 22:45:43,212 [MainThread  ][DEBUG]  Optimization options: None
2019-02-28 22:45:43,212 [MainThread  ][INFO ]  Initial parameter values: [6.30701297 1.92121212 5.6209306 ]
2019-02-28 22:48:10,762 [MainThread  ][INFO ]  Final fidelity: 0.9981850925284418
2019-02-28 22:48:10,762 [MainThread  ][INFO ]  Final parameters: [4.43496648 2.99312054 4.87797967]
2019-02-28 22:48:10,762 [MainThread  ][INFO ]  Fidelity: 0.9981850925284418
2019-02-28 22:48:10,763 [MainThread  ][INFO ]  ---- Starting iteration 97/100
2019-02-28 22:48:10,763 [MainThread  ][DEBUG]  Setting hyperparameter tf=3.8818181818181814
2019-02-28 22:48:10,763 [MainThread  ][INFO ]  Starting optimization for tf=3.8818181818181814
2019-02-28 22:48:10,763 [MainThread  ][DEBUG]  Optimization method: Powell
2019-02-28 22:48:10,763 [MainThread  ][DEBUG]  Optimization options: None
2019-02-28 22:48:10,763 [MainThread  ][INFO ]  Initial parameter values: [7.57846061 1.94090909 9.82796896]
2019-02-28 22:49:43,206 [MainThread  ][INFO ]  Final fidelity: 0.9868160792283069
2019-02-28 22:49:43,207 [MainThread  ][INFO ]  Final parameters: [ 4.58864477  3.87972137 13.38269806]
2019-02-28 22:49:43,207 [MainThread  ][INFO ]  Fidelity: 0.9868160792283069
2019-02-28 22:49:43,207 [MainThread  ][INFO ]  ---- Starting iteration 98/100
2019-02-28 22:49:43,207 [MainThread  ][DEBUG]  Setting hyperparameter tf=3.921212121212121
2019-02-28 22:49:43,208 [MainThread  ][INFO ]  Starting optimization for tf=3.921212121212121
2019-02-28 22:49:43,208 [MainThread  ][DEBUG]  Optimization method: Powell
2019-02-28 22:49:43,208 [MainThread  ][DEBUG]  Optimization options: None
2019-02-28 22:49:43,208 [MainThread  ][INFO ]  Initial parameter values: [0.4335673  1.96060606 4.72926827]
2019-02-28 22:52:30,342 [MainThread  ][INFO ]  Final fidelity: 0.9986516179763317
2019-02-28 22:52:30,342 [MainThread  ][INFO ]  Final parameters: [4.29781195 2.07032004 4.69817814]
2019-02-28 22:52:30,342 [MainThread  ][INFO ]  Fidelity: 0.9986516179763317
2019-02-28 22:52:30,343 [MainThread  ][INFO ]  ---- Starting iteration 99/100
2019-02-28 22:52:30,343 [MainThread  ][DEBUG]  Setting hyperparameter tf=3.9606060606060605
2019-02-28 22:52:30,343 [MainThread  ][INFO ]  Starting optimization for tf=3.9606060606060605
2019-02-28 22:52:30,343 [MainThread  ][DEBUG]  Optimization method: Powell
2019-02-28 22:52:30,343 [MainThread  ][DEBUG]  Optimization options: None
2019-02-28 22:52:30,343 [MainThread  ][INFO ]  Initial parameter values: [4.56015995 1.98030303 5.11976527]
2019-02-28 22:55:46,107 [MainThread  ][INFO ]  Final fidelity: 0.9981548483906164
2019-02-28 22:55:46,107 [MainThread  ][INFO ]  Final parameters: [4.42292936 2.93036661 4.87242926]
2019-02-28 22:55:46,107 [MainThread  ][INFO ]  Fidelity: 0.9981548483906164
2019-02-28 22:55:46,108 [MainThread  ][INFO ]  ---- Starting iteration 100/100
2019-02-28 22:55:46,108 [MainThread  ][DEBUG]  Setting hyperparameter tf=4.0
2019-02-28 22:55:46,108 [MainThread  ][INFO ]  Starting optimization for tf=4.0
2019-02-28 22:55:46,108 [MainThread  ][DEBUG]  Optimization method: Powell
2019-02-28 22:55:46,108 [MainThread  ][DEBUG]  Optimization options: None
2019-02-28 22:55:46,108 [MainThread  ][INFO ]  Initial parameter values: [5.74023879 2.         5.10256727]
2019-02-28 22:57:34,673 [MainThread  ][INFO ]  Final fidelity: 0.9983583918122674
2019-02-28 22:57:34,675 [MainThread  ][INFO ]  Final parameters: [4.30802204 2.25434268 4.73845016]
2019-02-28 22:57:34,675 [MainThread  ][INFO ]  Fidelity: 0.9983583918122674
