2019-02-28 17:44:10,863 [MainThread  ][INFO ]  Output file name will be "rabi_bangramp_neldermead.csv"
2019-02-28 17:44:11,088 [MainThread  ][INFO ]  Using bangramp protocol ansatz.
2019-02-28 17:44:11,088 [MainThread  ][DEBUG]  Initializing ProtocolAnsatz instance "bangramp"
2019-02-28 17:44:11,088 [MainThread  ][INFO ]  Using parameters constraints: [[-12, 12], [None, None], [-12, 12], [-12, 12]]
2019-02-28 17:44:11,088 [MainThread  ][INFO ]  Using total height constraint: None
2019-02-28 17:44:11,088 [MainThread  ][INFO ]  ---- Starting iteration 1/100
2019-02-28 17:44:11,089 [MainThread  ][DEBUG]  Setting hyperparameter tf=0.1
2019-02-28 17:44:11,089 [MainThread  ][INFO ]  Starting optimization for tf=0.1
2019-02-28 17:44:11,089 [MainThread  ][DEBUG]  Optimization method: Nelder-Mead
2019-02-28 17:44:11,089 [MainThread  ][DEBUG]  Optimization options: None
2019-02-28 17:44:11,089 [MainThread  ][INFO ]  Initial parameter values: [ 8.98475235  0.05        5.57342982  5.27913175]
2019-02-28 17:45:32,265 [MainThread  ][INFO ]  Final fidelity: 0.7631215909280556
2019-02-28 17:45:32,266 [MainThread  ][INFO ]  Final parameters: [  2.84473054   0.09628418   2.48136144  11.98379904]
2019-02-28 17:45:32,266 [MainThread  ][INFO ]  Fidelity: 0.7631215909280556
2019-02-28 17:45:32,267 [MainThread  ][INFO ]  ---- Starting iteration 2/100
2019-02-28 17:45:32,267 [MainThread  ][DEBUG]  Setting hyperparameter tf=0.1393939393939394
2019-02-28 17:45:32,267 [MainThread  ][INFO ]  Starting optimization for tf=0.1393939393939394
2019-02-28 17:45:32,267 [MainThread  ][DEBUG]  Optimization method: Nelder-Mead
2019-02-28 17:45:32,267 [MainThread  ][DEBUG]  Optimization options: None
2019-02-28 17:45:32,267 [MainThread  ][INFO ]  Initial parameter values: [ 8.212885    0.06969697  3.83831584  2.3918253 ]
2019-02-28 17:46:31,081 [MainThread  ][INFO ]  Final fidelity: 0.7654355927766249
2019-02-28 17:46:31,083 [MainThread  ][INFO ]  Final parameters: [ 6.62860243  0.06634827 -0.95679128  0.37115933]
2019-02-28 17:46:31,083 [MainThread  ][INFO ]  Fidelity: 0.7654355927766249
2019-02-28 17:46:31,083 [MainThread  ][INFO ]  ---- Starting iteration 3/100
2019-02-28 17:46:31,083 [MainThread  ][DEBUG]  Setting hyperparameter tf=0.17878787878787877
2019-02-28 17:46:31,083 [MainThread  ][INFO ]  Starting optimization for tf=0.17878787878787877
2019-02-28 17:46:31,083 [MainThread  ][DEBUG]  Optimization method: Nelder-Mead
2019-02-28 17:46:31,084 [MainThread  ][DEBUG]  Optimization options: None
2019-02-28 17:46:31,084 [MainThread  ][INFO ]  Initial parameter values: [ 1.11418688  0.08939394  7.96345812  0.56578213]
2019-02-28 17:47:20,189 [MainThread  ][INFO ]  Final fidelity: 0.7639965346864905
2019-02-28 17:47:20,190 [MainThread  ][INFO ]  Final parameters: [ 1.76261591  0.09054404  7.53835476  0.3253873 ]
2019-02-28 17:47:20,190 [MainThread  ][INFO ]  Fidelity: 0.7639965346864905
2019-02-28 17:47:20,190 [MainThread  ][INFO ]  ---- Starting iteration 4/100
2019-02-28 17:47:20,190 [MainThread  ][DEBUG]  Setting hyperparameter tf=0.21818181818181817
2019-02-28 17:47:20,190 [MainThread  ][INFO ]  Starting optimization for tf=0.21818181818181817
2019-02-28 17:47:20,190 [MainThread  ][DEBUG]  Optimization method: Nelder-Mead
2019-02-28 17:47:20,190 [MainThread  ][DEBUG]  Optimization options: None
2019-02-28 17:47:20,191 [MainThread  ][INFO ]  Initial parameter values: [ 2.27960124  0.10909091  0.13290408  6.29484448]
2019-02-28 17:49:04,107 [MainThread  ][INFO ]  Final fidelity: 0.768762309405184
2019-02-28 17:49:04,108 [MainThread  ][INFO ]  Final parameters: [ 5.82143958  0.09849367  2.92499593 -1.90072824]
2019-02-28 17:49:04,108 [MainThread  ][INFO ]  Fidelity: 0.768762309405184
2019-02-28 17:49:04,108 [MainThread  ][INFO ]  ---- Starting iteration 5/100
2019-02-28 17:49:04,108 [MainThread  ][DEBUG]  Setting hyperparameter tf=0.25757575757575757
2019-02-28 17:49:04,108 [MainThread  ][INFO ]  Starting optimization for tf=0.25757575757575757
2019-02-28 17:49:04,108 [MainThread  ][DEBUG]  Optimization method: Nelder-Mead
2019-02-28 17:49:04,108 [MainThread  ][DEBUG]  Optimization options: None
2019-02-28 17:49:04,109 [MainThread  ][INFO ]  Initial parameter values: [ 7.23172439  0.12878788  1.86691707  3.61201327]
2019-02-28 17:50:14,065 [MainThread  ][INFO ]  Final fidelity: 0.7716175390223149
2019-02-28 17:50:14,066 [MainThread  ][INFO ]  Final parameters: [ 6.29780154  0.12481269 -1.63174204  0.92340253]
2019-02-28 17:50:14,066 [MainThread  ][INFO ]  Fidelity: 0.7716175390223149
2019-02-28 17:50:14,066 [MainThread  ][INFO ]  ---- Starting iteration 6/100
2019-02-28 17:50:14,066 [MainThread  ][DEBUG]  Setting hyperparameter tf=0.296969696969697
2019-02-28 17:50:14,066 [MainThread  ][INFO ]  Starting optimization for tf=0.296969696969697
2019-02-28 17:50:14,067 [MainThread  ][DEBUG]  Optimization method: Nelder-Mead
2019-02-28 17:50:14,067 [MainThread  ][DEBUG]  Optimization options: None
2019-02-28 17:50:14,067 [MainThread  ][INFO ]  Initial parameter values: [ 7.02703716  0.14848485  2.53075857  0.13149143]
2019-02-28 17:51:13,789 [MainThread  ][INFO ]  Final fidelity: 0.7723894734866148
2019-02-28 17:51:13,789 [MainThread  ][INFO ]  Final parameters: [ 5.19370179  0.17673719 -1.67551093  0.19810053]
2019-02-28 17:51:13,789 [MainThread  ][INFO ]  Fidelity: 0.7723894734866148
2019-02-28 17:51:13,789 [MainThread  ][INFO ]  ---- Starting iteration 7/100
2019-02-28 17:51:13,790 [MainThread  ][DEBUG]  Setting hyperparameter tf=0.3363636363636363
2019-02-28 17:51:13,790 [MainThread  ][INFO ]  Starting optimization for tf=0.3363636363636363
2019-02-28 17:51:13,790 [MainThread  ][DEBUG]  Optimization method: Nelder-Mead
2019-02-28 17:51:13,790 [MainThread  ][DEBUG]  Optimization options: None
2019-02-28 17:51:13,790 [MainThread  ][INFO ]  Initial parameter values: [ 1.45663579  0.16818182  8.0470239   7.81017971]
2019-02-28 17:52:36,269 [MainThread  ][INFO ]  Final fidelity: 0.7755345598894348
2019-02-28 17:52:36,271 [MainThread  ][INFO ]  Final parameters: [ 5.2106644   0.20081105  1.75639611 -1.17683245]
2019-02-28 17:52:36,271 [MainThread  ][INFO ]  Fidelity: 0.7755345598894348
2019-02-28 17:52:36,271 [MainThread  ][INFO ]  ---- Starting iteration 8/100
2019-02-28 17:52:36,271 [MainThread  ][DEBUG]  Setting hyperparameter tf=0.37575757575757573
2019-02-28 17:52:36,271 [MainThread  ][INFO ]  Starting optimization for tf=0.37575757575757573
2019-02-28 17:52:36,271 [MainThread  ][DEBUG]  Optimization method: Nelder-Mead
2019-02-28 17:52:36,271 [MainThread  ][DEBUG]  Optimization options: None
2019-02-28 17:52:36,272 [MainThread  ][INFO ]  Initial parameter values: [ 5.82921056  0.18787879  9.24736796  9.4416068 ]
2019-02-28 17:54:10,125 [MainThread  ][INFO ]  Final fidelity: 0.7694821112060886
2019-02-28 17:54:10,127 [MainThread  ][INFO ]  Final parameters: [  3.73141037   0.37404269  -8.91911057 -11.99958632]
2019-02-28 17:54:10,127 [MainThread  ][INFO ]  Fidelity: 0.7694821112060886
2019-02-28 17:54:10,127 [MainThread  ][INFO ]  ---- Starting iteration 9/100
2019-02-28 17:54:10,127 [MainThread  ][DEBUG]  Setting hyperparameter tf=0.41515151515151516
2019-02-28 17:54:10,127 [MainThread  ][INFO ]  Starting optimization for tf=0.41515151515151516
2019-02-28 17:54:10,127 [MainThread  ][DEBUG]  Optimization method: Nelder-Mead
2019-02-28 17:54:10,127 [MainThread  ][DEBUG]  Optimization options: None
2019-02-28 17:54:10,127 [MainThread  ][INFO ]  Initial parameter values: [ 4.94485566  0.20757576  0.05934471  2.55411373]
2019-02-28 17:55:14,649 [MainThread  ][INFO ]  Final fidelity: 0.7833676957519221
2019-02-28 17:55:14,650 [MainThread  ][INFO ]  Final parameters: [  5.51756780e+00   2.33977333e-01  -2.34319723e-03   2.57992117e-01]
2019-02-28 17:55:14,650 [MainThread  ][INFO ]  Fidelity: 0.7833676957519221
2019-02-28 17:55:14,650 [MainThread  ][INFO ]  ---- Starting iteration 10/100
2019-02-28 17:55:14,650 [MainThread  ][DEBUG]  Setting hyperparameter tf=0.4545454545454545
2019-02-28 17:55:14,650 [MainThread  ][INFO ]  Starting optimization for tf=0.4545454545454545
2019-02-28 17:55:14,650 [MainThread  ][DEBUG]  Optimization method: Nelder-Mead
2019-02-28 17:55:14,650 [MainThread  ][DEBUG]  Optimization options: None
2019-02-28 17:55:14,651 [MainThread  ][INFO ]  Initial parameter values: [ 5.91411933  0.22727273  4.76546715  2.52750794]
2019-02-28 17:56:29,358 [MainThread  ][INFO ]  Final fidelity: 0.7884937762060185
2019-02-28 17:56:29,359 [MainThread  ][INFO ]  Final parameters: [ 5.69133023  0.25451967  0.6806444  -0.32878748]
2019-02-28 17:56:29,359 [MainThread  ][INFO ]  Fidelity: 0.7884937762060185
2019-02-28 17:56:29,359 [MainThread  ][INFO ]  ---- Starting iteration 11/100
2019-02-28 17:56:29,359 [MainThread  ][DEBUG]  Setting hyperparameter tf=0.4939393939393939
2019-02-28 17:56:29,359 [MainThread  ][INFO ]  Starting optimization for tf=0.4939393939393939
2019-02-28 17:56:29,359 [MainThread  ][DEBUG]  Optimization method: Nelder-Mead
2019-02-28 17:56:29,359 [MainThread  ][DEBUG]  Optimization options: None
2019-02-28 17:56:29,360 [MainThread  ][INFO ]  Initial parameter values: [ 6.02936211  0.2469697   9.86297399  1.36248844]
2019-02-28 17:58:09,599 [MainThread  ][INFO ]  Final fidelity: 0.7852503200186813
2019-02-28 17:58:09,600 [MainThread  ][INFO ]  Final parameters: [ 4.58821462  0.36714069 -1.65413698  1.36808616]
2019-02-28 17:58:09,600 [MainThread  ][INFO ]  Fidelity: 0.7852503200186813
2019-02-28 17:58:09,600 [MainThread  ][INFO ]  ---- Starting iteration 12/100
2019-02-28 17:58:09,601 [MainThread  ][DEBUG]  Setting hyperparameter tf=0.5333333333333333
2019-02-28 17:58:09,601 [MainThread  ][INFO ]  Starting optimization for tf=0.5333333333333333
2019-02-28 17:58:09,601 [MainThread  ][DEBUG]  Optimization method: Nelder-Mead
2019-02-28 17:58:09,601 [MainThread  ][DEBUG]  Optimization options: None
2019-02-28 17:58:09,601 [MainThread  ][INFO ]  Initial parameter values: [ 5.99514611  0.26666667  0.57017379  8.14367553]
2019-02-28 17:59:01,313 [MainThread  ][INFO ]  Final fidelity: 0.8036289947850644
2019-02-28 17:59:01,314 [MainThread  ][INFO ]  Final parameters: [ 6.71042941  0.22790852  0.84641304 -0.46232501]
2019-02-28 17:59:01,315 [MainThread  ][INFO ]  Fidelity: 0.8036289947850644
2019-02-28 17:59:01,315 [MainThread  ][INFO ]  ---- Starting iteration 13/100
2019-02-28 17:59:01,315 [MainThread  ][DEBUG]  Setting hyperparameter tf=0.5727272727272726
2019-02-28 17:59:01,315 [MainThread  ][INFO ]  Starting optimization for tf=0.5727272727272726
2019-02-28 17:59:01,315 [MainThread  ][DEBUG]  Optimization method: Nelder-Mead
2019-02-28 17:59:01,315 [MainThread  ][DEBUG]  Optimization options: None
2019-02-28 17:59:01,315 [MainThread  ][INFO ]  Initial parameter values: [ 1.60445458  0.28636364  0.82427831  9.10688586]
2019-02-28 18:00:10,404 [MainThread  ][INFO ]  Final fidelity: 0.7975475908307064
2019-02-28 18:00:10,405 [MainThread  ][INFO ]  Final parameters: [ 5.14108391  0.37499699  1.52610711 -0.05941594]
2019-02-28 18:00:10,405 [MainThread  ][INFO ]  Fidelity: 0.7975475908307064
2019-02-28 18:00:10,405 [MainThread  ][INFO ]  ---- Starting iteration 14/100
2019-02-28 18:00:10,405 [MainThread  ][DEBUG]  Setting hyperparameter tf=0.6121212121212121
2019-02-28 18:00:10,405 [MainThread  ][INFO ]  Starting optimization for tf=0.6121212121212121
2019-02-28 18:00:10,405 [MainThread  ][DEBUG]  Optimization method: Nelder-Mead
2019-02-28 18:00:10,405 [MainThread  ][DEBUG]  Optimization options: None
2019-02-28 18:00:10,406 [MainThread  ][INFO ]  Initial parameter values: [ 2.56012019  0.30606061  0.78967821  1.2583123 ]
2019-02-28 18:01:34,200 [MainThread  ][INFO ]  Final fidelity: 0.8130235392403279
2019-02-28 18:01:34,201 [MainThread  ][INFO ]  Final parameters: [ 6.28796275  0.29967488 -0.92586341  0.65608835]
2019-02-28 18:01:34,201 [MainThread  ][INFO ]  Fidelity: 0.8130235392403279
2019-02-28 18:01:34,201 [MainThread  ][INFO ]  ---- Starting iteration 15/100
2019-02-28 18:01:34,201 [MainThread  ][DEBUG]  Setting hyperparameter tf=0.6515151515151515
2019-02-28 18:01:34,201 [MainThread  ][INFO ]  Starting optimization for tf=0.6515151515151515
2019-02-28 18:01:34,201 [MainThread  ][DEBUG]  Optimization method: Nelder-Mead
2019-02-28 18:01:34,201 [MainThread  ][DEBUG]  Optimization options: None
2019-02-28 18:01:34,202 [MainThread  ][INFO ]  Initial parameter values: [ 0.40910019  0.32575758  8.14356806  8.84467874]
2019-02-28 18:03:16,954 [MainThread  ][INFO ]  Final fidelity: 0.7932585806128665
2019-02-28 18:03:16,955 [MainThread  ][INFO ]  Final parameters: [ 3.89816872  0.58477809  0.83071221 -0.72466299]
2019-02-28 18:03:16,955 [MainThread  ][INFO ]  Fidelity: 0.7932585806128665
2019-02-28 18:03:16,955 [MainThread  ][INFO ]  ---- Starting iteration 16/100
2019-02-28 18:03:16,955 [MainThread  ][DEBUG]  Setting hyperparameter tf=0.6909090909090908
2019-02-28 18:03:16,955 [MainThread  ][INFO ]  Starting optimization for tf=0.6909090909090908
2019-02-28 18:03:16,955 [MainThread  ][DEBUG]  Optimization method: Nelder-Mead
2019-02-28 18:03:16,955 [MainThread  ][DEBUG]  Optimization options: None
2019-02-28 18:03:16,956 [MainThread  ][INFO ]  Initial parameter values: [ 2.83934007  0.34545455  8.55686056  4.03969122]
2019-02-28 18:04:11,668 [MainThread  ][INFO ]  Final fidelity: 0.8101592822513097
2019-02-28 18:04:11,670 [MainThread  ][INFO ]  Final parameters: [ 4.83698851  0.49571177 -0.74934929  0.54995902]
2019-02-28 18:04:11,670 [MainThread  ][INFO ]  Fidelity: 0.8101592822513097
2019-02-28 18:04:11,670 [MainThread  ][INFO ]  ---- Starting iteration 17/100
2019-02-28 18:04:11,670 [MainThread  ][DEBUG]  Setting hyperparameter tf=0.7303030303030302
2019-02-28 18:04:11,670 [MainThread  ][INFO ]  Starting optimization for tf=0.7303030303030302
2019-02-28 18:04:11,670 [MainThread  ][DEBUG]  Optimization method: Nelder-Mead
2019-02-28 18:04:11,671 [MainThread  ][DEBUG]  Optimization options: None
2019-02-28 18:04:11,671 [MainThread  ][INFO ]  Initial parameter values: [ 0.30265323  0.36515152  2.99101489  2.1872894 ]
2019-02-28 18:06:36,857 [MainThread  ][INFO ]  Final fidelity: 0.8271073331191369
2019-02-28 18:06:36,859 [MainThread  ][INFO ]  Final parameters: [ 5.67264923  0.41939022 -0.51919215  0.40576912]
2019-02-28 18:06:36,859 [MainThread  ][INFO ]  Fidelity: 0.8271073331191369
2019-02-28 18:06:36,859 [MainThread  ][INFO ]  ---- Starting iteration 18/100
2019-02-28 18:06:36,859 [MainThread  ][DEBUG]  Setting hyperparameter tf=0.7696969696969697
2019-02-28 18:06:36,859 [MainThread  ][INFO ]  Starting optimization for tf=0.7696969696969697
2019-02-28 18:06:36,859 [MainThread  ][DEBUG]  Optimization method: Nelder-Mead
2019-02-28 18:06:36,860 [MainThread  ][DEBUG]  Optimization options: None
2019-02-28 18:06:36,860 [MainThread  ][INFO ]  Initial parameter values: [ 5.15168808  0.38484848  7.01619732  9.99169566]
2019-02-28 18:08:08,959 [MainThread  ][INFO ]  Final fidelity: 0.8185432035859967
2019-02-28 18:08:08,961 [MainThread  ][INFO ]  Final parameters: [ 4.64915649  0.5729209   0.66273307 -0.42031712]
2019-02-28 18:08:08,961 [MainThread  ][INFO ]  Fidelity: 0.8185432035859967
2019-02-28 18:08:08,961 [MainThread  ][INFO ]  ---- Starting iteration 19/100
2019-02-28 18:08:08,961 [MainThread  ][DEBUG]  Setting hyperparameter tf=0.809090909090909
2019-02-28 18:08:08,961 [MainThread  ][INFO ]  Starting optimization for tf=0.809090909090909
2019-02-28 18:08:08,961 [MainThread  ][DEBUG]  Optimization method: Nelder-Mead
2019-02-28 18:08:08,961 [MainThread  ][DEBUG]  Optimization options: None
2019-02-28 18:08:08,961 [MainThread  ][INFO ]  Initial parameter values: [ 5.91304847  0.40454545  0.9951382   1.03681919]
2019-02-28 18:09:21,352 [MainThread  ][INFO ]  Final fidelity: 0.8465268354451004
2019-02-28 18:09:21,353 [MainThread  ][INFO ]  Final parameters: [ 6.10498884  0.42807898 -0.64598368  1.28721199]
2019-02-28 18:09:21,353 [MainThread  ][INFO ]  Fidelity: 0.8465268354451004
2019-02-28 18:09:21,353 [MainThread  ][INFO ]  ---- Starting iteration 20/100
2019-02-28 18:09:21,353 [MainThread  ][DEBUG]  Setting hyperparameter tf=0.8484848484848484
2019-02-28 18:09:21,353 [MainThread  ][INFO ]  Starting optimization for tf=0.8484848484848484
2019-02-28 18:09:21,353 [MainThread  ][DEBUG]  Optimization method: Nelder-Mead
2019-02-28 18:09:21,353 [MainThread  ][DEBUG]  Optimization options: None
2019-02-28 18:09:21,354 [MainThread  ][INFO ]  Initial parameter values: [ 3.5767498   0.42424242  4.50332475  4.84805509]
2019-02-28 18:10:31,665 [MainThread  ][INFO ]  Final fidelity: 0.8339285192150871
2019-02-28 18:10:31,666 [MainThread  ][INFO ]  Final parameters: [ 4.87998257  0.60023167 -0.13562598  0.12692667]
2019-02-28 18:10:31,666 [MainThread  ][INFO ]  Fidelity: 0.8339285192150871
2019-02-28 18:10:31,666 [MainThread  ][INFO ]  ---- Starting iteration 21/100
2019-02-28 18:10:31,666 [MainThread  ][DEBUG]  Setting hyperparameter tf=0.8878787878787878
2019-02-28 18:10:31,667 [MainThread  ][INFO ]  Starting optimization for tf=0.8878787878787878
2019-02-28 18:10:31,667 [MainThread  ][DEBUG]  Optimization method: Nelder-Mead
2019-02-28 18:10:31,667 [MainThread  ][DEBUG]  Optimization options: None
2019-02-28 18:10:31,667 [MainThread  ][INFO ]  Initial parameter values: [ 2.85014114  0.44393939  6.2965343   1.25085569]
2019-02-28 18:11:59,279 [MainThread  ][INFO ]  Final fidelity: 0.8691288692935741
2019-02-28 18:11:59,283 [MainThread  ][INFO ]  Final parameters: [ 6.44754361  0.43992249  0.43390376 -0.24557091]
2019-02-28 18:11:59,283 [MainThread  ][INFO ]  Fidelity: 0.8691288692935741
2019-02-28 18:11:59,283 [MainThread  ][INFO ]  ---- Starting iteration 22/100
2019-02-28 18:11:59,284 [MainThread  ][DEBUG]  Setting hyperparameter tf=0.9272727272727271
2019-02-28 18:11:59,284 [MainThread  ][INFO ]  Starting optimization for tf=0.9272727272727271
2019-02-28 18:11:59,284 [MainThread  ][DEBUG]  Optimization method: Nelder-Mead
2019-02-28 18:11:59,284 [MainThread  ][DEBUG]  Optimization options: None
2019-02-28 18:11:59,284 [MainThread  ][INFO ]  Initial parameter values: [ 4.39867644  0.46363636  1.53903174  3.91111552]
2019-02-28 18:13:06,414 [MainThread  ][INFO ]  Final fidelity: 0.8739116591364703
2019-02-28 18:13:06,414 [MainThread  ][INFO ]  Final parameters: [ 6.23819495  0.48630746 -0.52399693  0.39349468]
2019-02-28 18:13:06,415 [MainThread  ][INFO ]  Fidelity: 0.8739116591364703
2019-02-28 18:13:06,415 [MainThread  ][INFO ]  ---- Starting iteration 23/100
2019-02-28 18:13:06,415 [MainThread  ][DEBUG]  Setting hyperparameter tf=0.9666666666666666
2019-02-28 18:13:06,415 [MainThread  ][INFO ]  Starting optimization for tf=0.9666666666666666
2019-02-28 18:13:06,415 [MainThread  ][DEBUG]  Optimization method: Nelder-Mead
2019-02-28 18:13:06,415 [MainThread  ][DEBUG]  Optimization options: None
2019-02-28 18:13:06,415 [MainThread  ][INFO ]  Initial parameter values: [ 9.79421453  0.48333333  4.34382091  8.03949468]
2019-02-28 18:14:14,144 [MainThread  ][INFO ]  Final fidelity: 0.8249987499077984
2019-02-28 18:14:14,145 [MainThread  ][INFO ]  Final parameters: [ -3.87207503   0.94295629  10.44813211  -9.94845094]
2019-02-28 18:14:14,145 [MainThread  ][INFO ]  Fidelity: 0.8249987499077984
2019-02-28 18:14:14,145 [MainThread  ][INFO ]  ---- Starting iteration 24/100
2019-02-28 18:14:14,145 [MainThread  ][DEBUG]  Setting hyperparameter tf=1.006060606060606
2019-02-28 18:14:14,145 [MainThread  ][INFO ]  Starting optimization for tf=1.006060606060606
2019-02-28 18:14:14,146 [MainThread  ][DEBUG]  Optimization method: Nelder-Mead
2019-02-28 18:14:14,146 [MainThread  ][DEBUG]  Optimization options: None
2019-02-28 18:14:14,146 [MainThread  ][INFO ]  Initial parameter values: [ 3.89665813  0.5030303   8.54302857  2.52667152]
2019-02-28 18:15:30,821 [MainThread  ][INFO ]  Final fidelity: 0.8678504449666675
2019-02-28 18:15:30,836 [MainThread  ][INFO ]  Final parameters: [ 5.16631801  0.68449597 -0.12260174  0.11035443]
2019-02-28 18:15:30,837 [MainThread  ][INFO ]  Fidelity: 0.8678504449666675
2019-02-28 18:15:30,837 [MainThread  ][INFO ]  ---- Starting iteration 25/100
2019-02-28 18:15:30,837 [MainThread  ][DEBUG]  Setting hyperparameter tf=1.0454545454545454
2019-02-28 18:15:30,837 [MainThread  ][INFO ]  Starting optimization for tf=1.0454545454545454
2019-02-28 18:15:30,837 [MainThread  ][DEBUG]  Optimization method: Nelder-Mead
2019-02-28 18:15:30,837 [MainThread  ][DEBUG]  Optimization options: None
2019-02-28 18:15:30,837 [MainThread  ][INFO ]  Initial parameter values: [ 7.56837403  0.52272727  3.40725942  8.11348671]
2019-02-28 18:16:41,359 [MainThread  ][INFO ]  Final fidelity: 0.8317006522120123
2019-02-28 18:16:41,360 [MainThread  ][INFO ]  Final parameters: [-3.8075227   1.01856801  4.94240965 -5.94788312]
2019-02-28 18:16:41,360 [MainThread  ][INFO ]  Fidelity: 0.8317006522120123
2019-02-28 18:16:41,360 [MainThread  ][INFO ]  ---- Starting iteration 26/100
2019-02-28 18:16:41,360 [MainThread  ][DEBUG]  Setting hyperparameter tf=1.0848484848484847
2019-02-28 18:16:41,360 [MainThread  ][INFO ]  Starting optimization for tf=1.0848484848484847
2019-02-28 18:16:41,360 [MainThread  ][DEBUG]  Optimization method: Nelder-Mead
2019-02-28 18:16:41,360 [MainThread  ][DEBUG]  Optimization options: None
2019-02-28 18:16:41,361 [MainThread  ][INFO ]  Initial parameter values: [ 5.0379764   0.54242424  1.89015718  7.35270307]
2019-02-28 18:18:10,039 [MainThread  ][INFO ]  Final fidelity: 0.9085983727573476
2019-02-28 18:18:10,040 [MainThread  ][INFO ]  Final parameters: [ 6.20766882  0.58209259  0.57909885 -0.40948989]
2019-02-28 18:18:10,040 [MainThread  ][INFO ]  Fidelity: 0.9085983727573476
2019-02-28 18:18:10,040 [MainThread  ][INFO ]  ---- Starting iteration 27/100
2019-02-28 18:18:10,041 [MainThread  ][DEBUG]  Setting hyperparameter tf=1.1242424242424243
2019-02-28 18:18:10,041 [MainThread  ][INFO ]  Starting optimization for tf=1.1242424242424243
2019-02-28 18:18:10,041 [MainThread  ][DEBUG]  Optimization method: Nelder-Mead
2019-02-28 18:18:10,041 [MainThread  ][DEBUG]  Optimization options: None
2019-02-28 18:18:10,041 [MainThread  ][INFO ]  Initial parameter values: [ 6.47887664  0.56212121  6.33564442  9.77477966]
2019-02-28 18:19:18,689 [MainThread  ][INFO ]  Final fidelity: 0.8636278338719383
2019-02-28 18:19:18,690 [MainThread  ][INFO ]  Final parameters: [ 4.41899933  0.92964332 -0.60766836  0.49384277]
2019-02-28 18:19:18,690 [MainThread  ][INFO ]  Fidelity: 0.8636278338719383
2019-02-28 18:19:18,690 [MainThread  ][INFO ]  ---- Starting iteration 28/100
2019-02-28 18:19:18,690 [MainThread  ][DEBUG]  Setting hyperparameter tf=1.1636363636363636
2019-02-28 18:19:18,690 [MainThread  ][INFO ]  Starting optimization for tf=1.1636363636363636
2019-02-28 18:19:18,690 [MainThread  ][DEBUG]  Optimization method: Nelder-Mead
2019-02-28 18:19:18,690 [MainThread  ][DEBUG]  Optimization options: None
2019-02-28 18:19:18,691 [MainThread  ][INFO ]  Initial parameter values: [ 6.03320299  0.58181818  8.49540728  6.05623264]
2019-02-28 18:20:40,665 [MainThread  ][INFO ]  Final fidelity: 0.8565077930348373
2019-02-28 18:20:40,666 [MainThread  ][INFO ]  Final parameters: [ 4.10994965  1.03832733 -0.57762146  0.56526107]
2019-02-28 18:20:40,666 [MainThread  ][INFO ]  Fidelity: 0.8565077930348373
2019-02-28 18:20:40,666 [MainThread  ][INFO ]  ---- Starting iteration 29/100
2019-02-28 18:20:40,666 [MainThread  ][DEBUG]  Setting hyperparameter tf=1.2030303030303031
2019-02-28 18:20:40,667 [MainThread  ][INFO ]  Starting optimization for tf=1.2030303030303031
2019-02-28 18:20:40,667 [MainThread  ][DEBUG]  Optimization method: Nelder-Mead
2019-02-28 18:20:40,667 [MainThread  ][DEBUG]  Optimization options: None
2019-02-28 18:20:40,667 [MainThread  ][INFO ]  Initial parameter values: [ 5.41884595  0.60151515  9.39252628  9.90152119]
2019-02-28 18:21:51,621 [MainThread  ][INFO ]  Final fidelity: 0.8450290344066296
2019-02-28 18:21:51,622 [MainThread  ][INFO ]  Final parameters: [ 3.73524312  1.19388675 -4.12497466  4.40871775]
2019-02-28 18:21:51,622 [MainThread  ][INFO ]  Fidelity: 0.8450290344066296
2019-02-28 18:21:51,622 [MainThread  ][INFO ]  ---- Starting iteration 30/100
2019-02-28 18:21:51,622 [MainThread  ][DEBUG]  Setting hyperparameter tf=1.2424242424242424
2019-02-28 18:21:51,622 [MainThread  ][INFO ]  Starting optimization for tf=1.2424242424242424
2019-02-28 18:21:51,622 [MainThread  ][DEBUG]  Optimization method: Nelder-Mead
2019-02-28 18:21:51,622 [MainThread  ][DEBUG]  Optimization options: None
2019-02-28 18:21:51,623 [MainThread  ][INFO ]  Initial parameter values: [ 3.27826272  0.62121212  9.94446323  8.73250245]
2019-02-28 18:23:29,668 [MainThread  ][INFO ]  Final fidelity: 0.868457520959548
2019-02-28 18:23:29,673 [MainThread  ][INFO ]  Final parameters: [ 4.15029896  1.11227398 -0.91135537  0.7828858 ]
2019-02-28 18:23:29,673 [MainThread  ][INFO ]  Fidelity: 0.868457520959548
2019-02-28 18:23:29,673 [MainThread  ][INFO ]  ---- Starting iteration 31/100
2019-02-28 18:23:29,673 [MainThread  ][DEBUG]  Setting hyperparameter tf=1.2818181818181817
2019-02-28 18:23:29,673 [MainThread  ][INFO ]  Starting optimization for tf=1.2818181818181817
2019-02-28 18:23:29,673 [MainThread  ][DEBUG]  Optimization method: Nelder-Mead
2019-02-28 18:23:29,673 [MainThread  ][DEBUG]  Optimization options: None
2019-02-28 18:23:29,674 [MainThread  ][INFO ]  Initial parameter values: [ 3.11720854  0.64090909  4.20677824  7.67333515]
2019-02-28 18:25:04,347 [MainThread  ][INFO ]  Final fidelity: 0.9607117455762976
2019-02-28 18:25:04,354 [MainThread  ][INFO ]  Final parameters: [ 6.6221006   0.65731695  0.07163667 -0.04148876]
2019-02-28 18:25:04,354 [MainThread  ][INFO ]  Fidelity: 0.9607117455762976
2019-02-28 18:25:04,354 [MainThread  ][INFO ]  ---- Starting iteration 32/100
2019-02-28 18:25:04,354 [MainThread  ][DEBUG]  Setting hyperparameter tf=1.3212121212121213
2019-02-28 18:25:04,354 [MainThread  ][INFO ]  Starting optimization for tf=1.3212121212121213
2019-02-28 18:25:04,354 [MainThread  ][DEBUG]  Optimization method: Nelder-Mead
2019-02-28 18:25:04,355 [MainThread  ][DEBUG]  Optimization options: None
2019-02-28 18:25:04,355 [MainThread  ][INFO ]  Initial parameter values: [ 9.87368516  0.66060606  5.98644394  9.92456649]
2019-02-28 18:26:21,599 [MainThread  ][INFO ]  Final fidelity: 0.8484042040107076
2019-02-28 18:26:21,601 [MainThread  ][INFO ]  Final parameters: [ -3.83928617   1.30142904  11.97273664  -0.45626197]
2019-02-28 18:26:21,601 [MainThread  ][INFO ]  Fidelity: 0.8484042040107076
2019-02-28 18:26:21,601 [MainThread  ][INFO ]  ---- Starting iteration 33/100
2019-02-28 18:26:21,602 [MainThread  ][DEBUG]  Setting hyperparameter tf=1.3606060606060606
2019-02-28 18:26:21,602 [MainThread  ][INFO ]  Starting optimization for tf=1.3606060606060606
2019-02-28 18:26:21,602 [MainThread  ][DEBUG]  Optimization method: Nelder-Mead
2019-02-28 18:26:21,602 [MainThread  ][DEBUG]  Optimization options: None
2019-02-28 18:26:21,602 [MainThread  ][INFO ]  Initial parameter values: [ 9.96376864  0.68030303  0.45382539  4.68496647]
2019-02-28 18:27:59,474 [MainThread  ][INFO ]  Final fidelity: 0.9795630203614352
2019-02-28 18:27:59,475 [MainThread  ][INFO ]  Final parameters: [ 6.94197997  0.67028812 -0.42502563  0.33714367]
2019-02-28 18:27:59,475 [MainThread  ][INFO ]  Fidelity: 0.9795630203614352
2019-02-28 18:27:59,475 [MainThread  ][INFO ]  ---- Starting iteration 34/100
2019-02-28 18:27:59,475 [MainThread  ][DEBUG]  Setting hyperparameter tf=1.4
2019-02-28 18:27:59,475 [MainThread  ][INFO ]  Starting optimization for tf=1.4
2019-02-28 18:27:59,475 [MainThread  ][DEBUG]  Optimization method: Nelder-Mead
2019-02-28 18:27:59,476 [MainThread  ][DEBUG]  Optimization options: None
2019-02-28 18:27:59,476 [MainThread  ][INFO ]  Initial parameter values: [ 4.85581138  0.7         9.17425032  0.31318565]
2019-02-28 18:28:50,163 [MainThread  ][INFO ]  Final fidelity: 0.9824112153965044
2019-02-28 18:28:50,168 [MainThread  ][INFO ]  Final parameters: [ 6.75698256  0.71327103  0.2496332   0.35033004]
2019-02-28 18:28:50,168 [MainThread  ][INFO ]  Fidelity: 0.9824112153965044
2019-02-28 18:28:50,168 [MainThread  ][INFO ]  ---- Starting iteration 35/100
2019-02-28 18:28:50,169 [MainThread  ][DEBUG]  Setting hyperparameter tf=1.4393939393939394
2019-02-28 18:28:50,169 [MainThread  ][INFO ]  Starting optimization for tf=1.4393939393939394
2019-02-28 18:28:50,169 [MainThread  ][DEBUG]  Optimization method: Nelder-Mead
2019-02-28 18:28:50,169 [MainThread  ][DEBUG]  Optimization options: None
2019-02-28 18:28:50,169 [MainThread  ][INFO ]  Initial parameter values: [ 8.79978491  0.71969697  9.27302368  2.27607689]
2019-02-28 18:30:38,642 [MainThread  ][INFO ]  Final fidelity: 0.9340730392623406
2019-02-28 18:30:38,648 [MainThread  ][INFO ]  Final parameters: [-4.87454789  1.0951825   0.07069347  0.09749016]
2019-02-28 18:30:38,648 [MainThread  ][INFO ]  Fidelity: 0.9340730392623406
2019-02-28 18:30:38,648 [MainThread  ][INFO ]  ---- Starting iteration 36/100
2019-02-28 18:30:38,648 [MainThread  ][DEBUG]  Setting hyperparameter tf=1.4787878787878788
2019-02-28 18:30:38,648 [MainThread  ][INFO ]  Starting optimization for tf=1.4787878787878788
2019-02-28 18:30:38,648 [MainThread  ][DEBUG]  Optimization method: Nelder-Mead
2019-02-28 18:30:38,648 [MainThread  ][DEBUG]  Optimization options: None
2019-02-28 18:30:38,649 [MainThread  ][INFO ]  Initial parameter values: [ 6.52507542  0.73939394  6.10829584  0.1452547 ]
2019-02-28 18:31:23,380 [MainThread  ][INFO ]  Final fidelity: 0.9933644995928659
2019-02-28 18:31:23,384 [MainThread  ][INFO ]  Final parameters: [ 8.05010658  0.60412715  1.06331301  0.21718381]
2019-02-28 18:31:23,384 [MainThread  ][INFO ]  Fidelity: 0.9933644995928659
2019-02-28 18:31:23,384 [MainThread  ][INFO ]  ---- Starting iteration 37/100
2019-02-28 18:31:23,384 [MainThread  ][DEBUG]  Setting hyperparameter tf=1.518181818181818
2019-02-28 18:31:23,384 [MainThread  ][INFO ]  Starting optimization for tf=1.518181818181818
2019-02-28 18:31:23,384 [MainThread  ][DEBUG]  Optimization method: Nelder-Mead
2019-02-28 18:31:23,384 [MainThread  ][DEBUG]  Optimization options: None
2019-02-28 18:31:23,385 [MainThread  ][INFO ]  Initial parameter values: [ 8.50333365  0.75909091  5.93624151  6.88305805]
2019-02-28 18:32:25,702 [MainThread  ][INFO ]  Final fidelity: 0.8860917845297801
2019-02-28 18:32:25,708 [MainThread  ][INFO ]  Final parameters: [-3.91562925  1.45675389 -3.87371436  3.76012267]
2019-02-28 18:32:25,708 [MainThread  ][INFO ]  Fidelity: 0.8860917845297801
2019-02-28 18:32:25,708 [MainThread  ][INFO ]  ---- Starting iteration 38/100
2019-02-28 18:32:25,708 [MainThread  ][DEBUG]  Setting hyperparameter tf=1.5575757575757576
2019-02-28 18:32:25,708 [MainThread  ][INFO ]  Starting optimization for tf=1.5575757575757576
2019-02-28 18:32:25,708 [MainThread  ][DEBUG]  Optimization method: Nelder-Mead
2019-02-28 18:32:25,708 [MainThread  ][DEBUG]  Optimization options: None
2019-02-28 18:32:25,709 [MainThread  ][INFO ]  Initial parameter values: [ 5.11337544  0.77878788  9.682326    1.82363951]
2019-02-28 18:33:35,968 [MainThread  ][INFO ]  Final fidelity: 0.9767436190617192
2019-02-28 18:33:35,977 [MainThread  ][INFO ]  Final parameters: [ 5.50982487  1.05196844 -0.31646023  0.27756187]
2019-02-28 18:33:35,977 [MainThread  ][INFO ]  Fidelity: 0.9767436190617192
2019-02-28 18:33:35,977 [MainThread  ][INFO ]  ---- Starting iteration 39/100
2019-02-28 18:33:35,977 [MainThread  ][DEBUG]  Setting hyperparameter tf=1.596969696969697
2019-02-28 18:33:35,977 [MainThread  ][INFO ]  Starting optimization for tf=1.596969696969697
2019-02-28 18:33:35,977 [MainThread  ][DEBUG]  Optimization method: Nelder-Mead
2019-02-28 18:33:35,977 [MainThread  ][DEBUG]  Optimization options: None
2019-02-28 18:33:35,978 [MainThread  ][INFO ]  Initial parameter values: [ 5.28336293  0.79848485  6.17712354  6.10430686]
2019-02-28 18:34:54,665 [MainThread  ][INFO ]  Final fidelity: 0.9967817604864039
2019-02-28 18:34:54,666 [MainThread  ][INFO ]  Final parameters: [ 6.87605668  0.78838292  1.01118164  1.61482297]
2019-02-28 18:34:54,666 [MainThread  ][INFO ]  Fidelity: 0.9967817604864039
2019-02-28 18:34:54,666 [MainThread  ][INFO ]  ---- Starting iteration 40/100
2019-02-28 18:34:54,666 [MainThread  ][DEBUG]  Setting hyperparameter tf=1.6363636363636362
2019-02-28 18:34:54,666 [MainThread  ][INFO ]  Starting optimization for tf=1.6363636363636362
2019-02-28 18:34:54,667 [MainThread  ][DEBUG]  Optimization method: Nelder-Mead
2019-02-28 18:34:54,667 [MainThread  ][DEBUG]  Optimization options: None
2019-02-28 18:34:54,667 [MainThread  ][INFO ]  Initial parameter values: [ 5.47101753  0.81818182  8.39296912  5.11309691]
2019-02-28 18:36:13,294 [MainThread  ][INFO ]  Final fidelity: 0.9662665505084789
2019-02-28 18:36:13,295 [MainThread  ][INFO ]  Final parameters: [ 4.94635468  1.25574495  0.27999865 -0.21021683]
2019-02-28 18:36:13,295 [MainThread  ][INFO ]  Fidelity: 0.9662665505084789
2019-02-28 18:36:13,295 [MainThread  ][INFO ]  ---- Starting iteration 41/100
2019-02-28 18:36:13,295 [MainThread  ][DEBUG]  Setting hyperparameter tf=1.6757575757575758
2019-02-28 18:36:13,295 [MainThread  ][INFO ]  Starting optimization for tf=1.6757575757575758
2019-02-28 18:36:13,295 [MainThread  ][DEBUG]  Optimization method: Nelder-Mead
2019-02-28 18:36:13,295 [MainThread  ][DEBUG]  Optimization options: None
2019-02-28 18:36:13,296 [MainThread  ][INFO ]  Initial parameter values: [ 4.15065372  0.83787879  4.14892984  1.19078364]
2019-02-28 18:37:17,788 [MainThread  ][INFO ]  Final fidelity: 0.9966480883913883
2019-02-28 18:37:17,813 [MainThread  ][INFO ]  Final parameters: [ 6.24693011  0.98528321 -0.95855187  0.63499889]
2019-02-28 18:37:17,813 [MainThread  ][INFO ]  Fidelity: 0.9966480883913883
2019-02-28 18:37:17,813 [MainThread  ][INFO ]  ---- Starting iteration 42/100
2019-02-28 18:37:17,813 [MainThread  ][DEBUG]  Setting hyperparameter tf=1.715151515151515
2019-02-28 18:37:17,813 [MainThread  ][INFO ]  Starting optimization for tf=1.715151515151515
2019-02-28 18:37:17,813 [MainThread  ][DEBUG]  Optimization method: Nelder-Mead
2019-02-28 18:37:17,813 [MainThread  ][DEBUG]  Optimization options: None
2019-02-28 18:37:17,814 [MainThread  ][INFO ]  Initial parameter values: [ 3.1931839   0.85757576  7.01308429  5.72539834]
2019-02-28 18:38:52,133 [MainThread  ][INFO ]  Final fidelity: 0.9891408977854925
2019-02-28 18:38:52,134 [MainThread  ][INFO ]  Final parameters: [ 5.34433654  1.21597006 -0.04714015  0.06856824]
2019-02-28 18:38:52,134 [MainThread  ][INFO ]  Fidelity: 0.9891408977854925
2019-02-28 18:38:52,134 [MainThread  ][INFO ]  ---- Starting iteration 43/100
2019-02-28 18:38:52,134 [MainThread  ][DEBUG]  Setting hyperparameter tf=1.7545454545454544
2019-02-28 18:38:52,134 [MainThread  ][INFO ]  Starting optimization for tf=1.7545454545454544
2019-02-28 18:38:52,134 [MainThread  ][DEBUG]  Optimization method: Nelder-Mead
2019-02-28 18:38:52,134 [MainThread  ][DEBUG]  Optimization options: None
2019-02-28 18:38:52,135 [MainThread  ][INFO ]  Initial parameter values: [ 6.33899625  0.87727273  6.9477083   4.89242928]
2019-02-28 18:40:07,604 [MainThread  ][INFO ]  Final fidelity: 0.9592395030962785
2019-02-28 18:40:07,605 [MainThread  ][INFO ]  Final parameters: [  4.55610080e+00   1.49753001e+00   2.64916222e-02  -4.11627218e-04]
2019-02-28 18:40:07,605 [MainThread  ][INFO ]  Fidelity: 0.9592395030962785
2019-02-28 18:40:07,605 [MainThread  ][INFO ]  ---- Starting iteration 44/100
2019-02-28 18:40:07,606 [MainThread  ][DEBUG]  Setting hyperparameter tf=1.793939393939394
2019-02-28 18:40:07,606 [MainThread  ][INFO ]  Starting optimization for tf=1.793939393939394
2019-02-28 18:40:07,606 [MainThread  ][DEBUG]  Optimization method: Nelder-Mead
2019-02-28 18:40:07,606 [MainThread  ][DEBUG]  Optimization options: None
2019-02-28 18:40:07,606 [MainThread  ][INFO ]  Initial parameter values: [ 0.79114466  0.8969697   7.75543541  3.6014882 ]
2019-02-28 18:40:57,765 [MainThread  ][INFO ]  Final fidelity: 0.9966896199894588
2019-02-28 18:40:57,766 [MainThread  ][INFO ]  Final parameters: [ 1.29437231  0.03137904  7.39031603  1.53912813]
2019-02-28 18:40:57,766 [MainThread  ][INFO ]  Fidelity: 0.9966896199894588
2019-02-28 18:40:57,766 [MainThread  ][INFO ]  ---- Starting iteration 45/100
2019-02-28 18:40:57,766 [MainThread  ][DEBUG]  Setting hyperparameter tf=1.8333333333333333
2019-02-28 18:40:57,766 [MainThread  ][INFO ]  Starting optimization for tf=1.8333333333333333
2019-02-28 18:40:57,766 [MainThread  ][DEBUG]  Optimization method: Nelder-Mead
2019-02-28 18:40:57,766 [MainThread  ][DEBUG]  Optimization options: None
2019-02-28 18:40:57,767 [MainThread  ][INFO ]  Initial parameter values: [ 0.0733505   0.91666667  1.70170001  6.57546794]
2019-02-28 18:42:07,536 [MainThread  ][INFO ]  Final fidelity: 0.9966512247656812
2019-02-28 18:42:07,537 [MainThread  ][INFO ]  Final parameters: [ 0.09931439  0.00947589  7.1316473   1.82879121]
2019-02-28 18:42:07,537 [MainThread  ][INFO ]  Fidelity: 0.9966512247656812
2019-02-28 18:42:07,537 [MainThread  ][INFO ]  ---- Starting iteration 46/100
2019-02-28 18:42:07,537 [MainThread  ][DEBUG]  Setting hyperparameter tf=1.8727272727272726
2019-02-28 18:42:07,537 [MainThread  ][INFO ]  Starting optimization for tf=1.8727272727272726
2019-02-28 18:42:07,538 [MainThread  ][DEBUG]  Optimization method: Nelder-Mead
2019-02-28 18:42:07,538 [MainThread  ][DEBUG]  Optimization options: None
2019-02-28 18:42:07,538 [MainThread  ][INFO ]  Initial parameter values: [ 5.20037142  0.93636364  9.5839796   9.44482695]
2019-02-28 18:43:27,421 [MainThread  ][INFO ]  Final fidelity: 0.9713202674224616
2019-02-28 18:43:27,436 [MainThread  ][INFO ]  Final parameters: [ 4.56720494  1.61630734 -0.25186894  0.23326558]
2019-02-28 18:43:27,437 [MainThread  ][INFO ]  Fidelity: 0.9713202674224616
2019-02-28 18:43:27,437 [MainThread  ][INFO ]  ---- Starting iteration 47/100
2019-02-28 18:43:27,437 [MainThread  ][DEBUG]  Setting hyperparameter tf=1.912121212121212
2019-02-28 18:43:27,437 [MainThread  ][INFO ]  Starting optimization for tf=1.912121212121212
2019-02-28 18:43:27,437 [MainThread  ][DEBUG]  Optimization method: Nelder-Mead
2019-02-28 18:43:27,437 [MainThread  ][DEBUG]  Optimization options: None
2019-02-28 18:43:27,437 [MainThread  ][INFO ]  Initial parameter values: [ 5.19792308  0.95606061  8.07630856  1.88717722]
2019-02-28 18:44:48,592 [MainThread  ][INFO ]  Final fidelity: 0.9959920530038168
2019-02-28 18:44:48,597 [MainThread  ][INFO ]  Final parameters: [ 5.85665921  1.04478792  1.76066996  3.45250469]
2019-02-28 18:44:48,597 [MainThread  ][INFO ]  Fidelity: 0.9959920530038168
2019-02-28 18:44:48,597 [MainThread  ][INFO ]  ---- Starting iteration 48/100
2019-02-28 18:44:48,597 [MainThread  ][DEBUG]  Setting hyperparameter tf=1.9515151515151514
2019-02-28 18:44:48,597 [MainThread  ][INFO ]  Starting optimization for tf=1.9515151515151514
2019-02-28 18:44:48,597 [MainThread  ][DEBUG]  Optimization method: Nelder-Mead
2019-02-28 18:44:48,597 [MainThread  ][DEBUG]  Optimization options: None
2019-02-28 18:44:48,598 [MainThread  ][INFO ]  Initial parameter values: [ 2.76282598  0.97575758  7.68384589  0.56644765]
2019-02-28 18:46:25,920 [MainThread  ][INFO ]  Final fidelity: 0.9982173960957667
2019-02-28 18:46:25,921 [MainThread  ][INFO ]  Final parameters: [ 6.80312489  0.48372208  4.59401976  3.01692905]
2019-02-28 18:46:25,921 [MainThread  ][INFO ]  Fidelity: 0.9982173960957667
2019-02-28 18:46:25,921 [MainThread  ][INFO ]  ---- Starting iteration 49/100
2019-02-28 18:46:25,921 [MainThread  ][DEBUG]  Setting hyperparameter tf=1.9909090909090907
2019-02-28 18:46:25,921 [MainThread  ][INFO ]  Starting optimization for tf=1.9909090909090907
2019-02-28 18:46:25,921 [MainThread  ][DEBUG]  Optimization method: Nelder-Mead
2019-02-28 18:46:25,921 [MainThread  ][DEBUG]  Optimization options: None
2019-02-28 18:46:25,922 [MainThread  ][INFO ]  Initial parameter values: [ 2.29001163  0.99545455  1.34139712  3.08336291]
2019-02-28 18:47:38,464 [MainThread  ][INFO ]  Final fidelity: 0.993379790534779
2019-02-28 18:47:38,465 [MainThread  ][INFO ]  Final parameters: [-3.94079254  0.23734036  6.82436577  1.93869324]
2019-02-28 18:47:38,465 [MainThread  ][INFO ]  Fidelity: 0.993379790534779
2019-02-28 18:47:38,465 [MainThread  ][INFO ]  ---- Starting iteration 50/100
2019-02-28 18:47:38,466 [MainThread  ][DEBUG]  Setting hyperparameter tf=2.0303030303030303
2019-02-28 18:47:38,466 [MainThread  ][INFO ]  Starting optimization for tf=2.0303030303030303
2019-02-28 18:47:38,466 [MainThread  ][DEBUG]  Optimization method: Nelder-Mead
2019-02-28 18:47:38,466 [MainThread  ][DEBUG]  Optimization options: None
2019-02-28 18:47:38,466 [MainThread  ][INFO ]  Initial parameter values: [ 7.53162375  1.01515152  9.64258328  3.89798849]
2019-02-28 18:49:28,443 [MainThread  ][INFO ]  Final fidelity: 0.9801424229458173
2019-02-28 18:49:28,456 [MainThread  ][INFO ]  Final parameters: [-4.50782833  1.80536245  0.04136619  0.0502631 ]
2019-02-28 18:49:28,456 [MainThread  ][INFO ]  Fidelity: 0.9801424229458173
2019-02-28 18:49:28,457 [MainThread  ][INFO ]  ---- Starting iteration 51/100
2019-02-28 18:49:28,457 [MainThread  ][DEBUG]  Setting hyperparameter tf=2.0696969696969694
2019-02-28 18:49:28,457 [MainThread  ][INFO ]  Starting optimization for tf=2.0696969696969694
2019-02-28 18:49:28,457 [MainThread  ][DEBUG]  Optimization method: Nelder-Mead
2019-02-28 18:49:28,457 [MainThread  ][DEBUG]  Optimization options: None
2019-02-28 18:49:28,457 [MainThread  ][INFO ]  Initial parameter values: [ 7.0769241   1.03484848  9.90398988  8.62787919]
2019-02-28 18:50:47,252 [MainThread  ][INFO ]  Final fidelity: 0.9481207846227122
2019-02-28 18:50:47,254 [MainThread  ][INFO ]  Final parameters: [ 4.11238203  1.98120475  0.95804121  5.66383774]
2019-02-28 18:50:47,255 [MainThread  ][INFO ]  Fidelity: 0.9481207846227122
2019-02-28 18:50:47,255 [MainThread  ][INFO ]  ---- Starting iteration 52/100
2019-02-28 18:50:47,255 [MainThread  ][DEBUG]  Setting hyperparameter tf=2.109090909090909
2019-02-28 18:50:47,255 [MainThread  ][INFO ]  Starting optimization for tf=2.109090909090909
2019-02-28 18:50:47,255 [MainThread  ][DEBUG]  Optimization method: Nelder-Mead
2019-02-28 18:50:47,255 [MainThread  ][DEBUG]  Optimization options: None
2019-02-28 18:50:47,255 [MainThread  ][INFO ]  Initial parameter values: [ 9.9432898   1.05454545  8.89742083  7.10097249]
2019-02-28 18:51:27,714 [MainThread  ][INFO ]  Final fidelity: 0.9321401324449927
2019-02-28 18:51:27,715 [MainThread  ][INFO ]  Final parameters: [-4.03368516  2.10577032  7.52671026  5.14944195]
2019-02-28 18:51:27,715 [MainThread  ][INFO ]  Fidelity: 0.9321401324449927
2019-02-28 18:51:27,715 [MainThread  ][INFO ]  ---- Starting iteration 53/100
2019-02-28 18:51:27,716 [MainThread  ][DEBUG]  Setting hyperparameter tf=2.1484848484848484
2019-02-28 18:51:27,716 [MainThread  ][INFO ]  Starting optimization for tf=2.1484848484848484
2019-02-28 18:51:27,716 [MainThread  ][DEBUG]  Optimization method: Nelder-Mead
2019-02-28 18:51:27,716 [MainThread  ][DEBUG]  Optimization options: None
2019-02-28 18:51:27,716 [MainThread  ][INFO ]  Initial parameter values: [ 5.29148627  1.07424242  0.83610122  2.92666284]
2019-02-28 18:52:20,942 [MainThread  ][INFO ]  Final fidelity: 0.9975845320560726
2019-02-28 18:52:20,943 [MainThread  ][INFO ]  Final parameters: [ 5.1123032   1.53612025  0.92709591  3.66037547]
2019-02-28 18:52:20,943 [MainThread  ][INFO ]  Fidelity: 0.9975845320560726
2019-02-28 18:52:20,943 [MainThread  ][INFO ]  ---- Starting iteration 54/100
2019-02-28 18:52:20,943 [MainThread  ][DEBUG]  Setting hyperparameter tf=2.187878787878788
2019-02-28 18:52:20,943 [MainThread  ][INFO ]  Starting optimization for tf=2.187878787878788
2019-02-28 18:52:20,943 [MainThread  ][DEBUG]  Optimization method: Nelder-Mead
2019-02-28 18:52:20,943 [MainThread  ][DEBUG]  Optimization options: None
2019-02-28 18:52:20,944 [MainThread  ][INFO ]  Initial parameter values: [ 0.05703522  1.09393939  0.64404381  6.9375602 ]
2019-02-28 18:53:08,721 [MainThread  ][INFO ]  Final fidelity: 0.8380599413420016
2019-02-28 18:53:08,721 [MainThread  ][INFO ]  Final parameters: [  8.07206572e-02   5.86055396e-07   8.38639215e-01   4.40858796e+00]
2019-02-28 18:53:08,721 [MainThread  ][INFO ]  Fidelity: 0.8380599413420016
2019-02-28 18:53:08,721 [MainThread  ][INFO ]  ---- Starting iteration 55/100
2019-02-28 18:53:08,722 [MainThread  ][DEBUG]  Setting hyperparameter tf=2.227272727272727
2019-02-28 18:53:08,722 [MainThread  ][INFO ]  Starting optimization for tf=2.227272727272727
2019-02-28 18:53:08,722 [MainThread  ][DEBUG]  Optimization method: Nelder-Mead
2019-02-28 18:53:08,722 [MainThread  ][DEBUG]  Optimization options: None
2019-02-28 18:53:08,722 [MainThread  ][INFO ]  Initial parameter values: [ 8.05998732  1.11363636  6.62988265  6.73085567]
2019-02-28 18:54:30,266 [MainThread  ][INFO ]  Final fidelity: 0.9740053597526033
2019-02-28 18:54:30,270 [MainThread  ][INFO ]  Final parameters: [-4.27182972  2.13331177  1.87325396 -2.30343335]
2019-02-28 18:54:30,270 [MainThread  ][INFO ]  Fidelity: 0.9740053597526033
2019-02-28 18:54:30,270 [MainThread  ][INFO ]  ---- Starting iteration 56/100
2019-02-28 18:54:30,270 [MainThread  ][DEBUG]  Setting hyperparameter tf=2.2666666666666666
2019-02-28 18:54:30,270 [MainThread  ][INFO ]  Starting optimization for tf=2.2666666666666666
2019-02-28 18:54:30,270 [MainThread  ][DEBUG]  Optimization method: Nelder-Mead
2019-02-28 18:54:30,271 [MainThread  ][DEBUG]  Optimization options: None
2019-02-28 18:54:30,271 [MainThread  ][INFO ]  Initial parameter values: [ 6.92064858  1.13333333  3.83854765  7.01413144]
2019-02-28 18:55:14,076 [MainThread  ][INFO ]  Final fidelity: 0.9961836133141261
2019-02-28 18:55:14,077 [MainThread  ][INFO ]  Final parameters: [ 4.85852237  1.31952803  5.04015401  2.28016508]
2019-02-28 18:55:14,077 [MainThread  ][INFO ]  Fidelity: 0.9961836133141261
2019-02-28 18:55:14,077 [MainThread  ][INFO ]  ---- Starting iteration 57/100
2019-02-28 18:55:14,078 [MainThread  ][DEBUG]  Setting hyperparameter tf=2.306060606060606
2019-02-28 18:55:14,078 [MainThread  ][INFO ]  Starting optimization for tf=2.306060606060606
2019-02-28 18:55:14,078 [MainThread  ][DEBUG]  Optimization method: Nelder-Mead
2019-02-28 18:55:14,078 [MainThread  ][DEBUG]  Optimization options: None
2019-02-28 18:55:14,078 [MainThread  ][INFO ]  Initial parameter values: [ 9.31131889  1.1530303   1.91540785  6.29031363]
2019-02-28 18:56:01,232 [MainThread  ][INFO ]  Final fidelity: 0.9977418644715154
2019-02-28 18:56:01,237 [MainThread  ][INFO ]  Final parameters: [ 5.7010953   0.98313069  2.76868437  4.5605449 ]
2019-02-28 18:56:01,237 [MainThread  ][INFO ]  Fidelity: 0.9977418644715154
2019-02-28 18:56:01,237 [MainThread  ][INFO ]  ---- Starting iteration 58/100
2019-02-28 18:56:01,238 [MainThread  ][DEBUG]  Setting hyperparameter tf=2.3454545454545452
2019-02-28 18:56:01,238 [MainThread  ][INFO ]  Starting optimization for tf=2.3454545454545452
2019-02-28 18:56:01,238 [MainThread  ][DEBUG]  Optimization method: Nelder-Mead
2019-02-28 18:56:01,238 [MainThread  ][DEBUG]  Optimization options: None
2019-02-28 18:56:01,238 [MainThread  ][INFO ]  Initial parameter values: [ 4.32242299  1.17272727  3.27760478  4.47340167]
2019-02-28 18:56:53,617 [MainThread  ][INFO ]  Final fidelity: 0.9972657539129134
2019-02-28 18:56:53,624 [MainThread  ][INFO ]  Final parameters: [ 5.33945948  1.23104997  2.32913932  4.7513253 ]
2019-02-28 18:56:53,624 [MainThread  ][INFO ]  Fidelity: 0.9972657539129134
2019-02-28 18:56:53,624 [MainThread  ][INFO ]  ---- Starting iteration 59/100
2019-02-28 18:56:53,624 [MainThread  ][DEBUG]  Setting hyperparameter tf=2.3848484848484848
2019-02-28 18:56:53,624 [MainThread  ][INFO ]  Starting optimization for tf=2.3848484848484848
2019-02-28 18:56:53,625 [MainThread  ][DEBUG]  Optimization method: Nelder-Mead
2019-02-28 18:56:53,625 [MainThread  ][DEBUG]  Optimization options: None
2019-02-28 18:56:53,625 [MainThread  ][INFO ]  Initial parameter values: [ 7.36344989  1.19242424  8.07788729  2.59044128]
2019-02-28 18:57:54,686 [MainThread  ][INFO ]  Final fidelity: 0.9986754049925778
2019-02-28 18:57:54,690 [MainThread  ][INFO ]  Final parameters: [ 4.89678234  1.47639066  4.03721717  3.28384208]
2019-02-28 18:57:54,690 [MainThread  ][INFO ]  Fidelity: 0.9986754049925778
2019-02-28 18:57:54,690 [MainThread  ][INFO ]  ---- Starting iteration 60/100
2019-02-28 18:57:54,690 [MainThread  ][DEBUG]  Setting hyperparameter tf=2.4242424242424243
2019-02-28 18:57:54,690 [MainThread  ][INFO ]  Starting optimization for tf=2.4242424242424243
2019-02-28 18:57:54,690 [MainThread  ][DEBUG]  Optimization method: Nelder-Mead
2019-02-28 18:57:54,690 [MainThread  ][DEBUG]  Optimization options: None
2019-02-28 18:57:54,691 [MainThread  ][INFO ]  Initial parameter values: [ 2.68569915  1.21212121  0.50048282  8.47699729]
2019-02-28 18:58:54,410 [MainThread  ][INFO ]  Final fidelity: 0.9921297504111839
2019-02-28 18:58:54,411 [MainThread  ][INFO ]  Final parameters: [ 5.89511429  1.10454757  0.14152441  6.18126329]
2019-02-28 18:58:54,411 [MainThread  ][INFO ]  Fidelity: 0.9921297504111839
2019-02-28 18:58:54,411 [MainThread  ][INFO ]  ---- Starting iteration 61/100
2019-02-28 18:58:54,411 [MainThread  ][DEBUG]  Setting hyperparameter tf=2.4636363636363634
2019-02-28 18:58:54,411 [MainThread  ][INFO ]  Starting optimization for tf=2.4636363636363634
2019-02-28 18:58:54,411 [MainThread  ][DEBUG]  Optimization method: Nelder-Mead
2019-02-28 18:58:54,411 [MainThread  ][DEBUG]  Optimization options: None
2019-02-28 18:58:54,412 [MainThread  ][INFO ]  Initial parameter values: [ 1.79201781  1.23181818  8.99687548  2.57430707]
2019-02-28 18:59:58,926 [MainThread  ][INFO ]  Final fidelity: 0.9978527403310666
2019-02-28 18:59:58,940 [MainThread  ][INFO ]  Final parameters: [ 2.43010056  0.58205611  6.48016573  2.46577816]
2019-02-28 18:59:58,940 [MainThread  ][INFO ]  Fidelity: 0.9978527403310666
2019-02-28 18:59:58,941 [MainThread  ][INFO ]  ---- Starting iteration 62/100
2019-02-28 18:59:58,941 [MainThread  ][DEBUG]  Setting hyperparameter tf=2.503030303030303
2019-02-28 18:59:58,941 [MainThread  ][INFO ]  Starting optimization for tf=2.503030303030303
2019-02-28 18:59:58,941 [MainThread  ][DEBUG]  Optimization method: Nelder-Mead
2019-02-28 18:59:58,941 [MainThread  ][DEBUG]  Optimization options: None
2019-02-28 18:59:58,941 [MainThread  ][INFO ]  Initial parameter values: [ 5.11872063  1.25151515  8.67514397  5.80551225]
2019-02-28 19:01:14,211 [MainThread  ][INFO ]  Final fidelity: 0.9990743601161668
2019-02-28 19:01:14,214 [MainThread  ][INFO ]  Final parameters: [ 4.69483973  1.90574216  3.46095537  3.34622597]
2019-02-28 19:01:14,214 [MainThread  ][INFO ]  Fidelity: 0.9990743601161668
2019-02-28 19:01:14,215 [MainThread  ][INFO ]  ---- Starting iteration 63/100
2019-02-28 19:01:14,215 [MainThread  ][DEBUG]  Setting hyperparameter tf=2.5424242424242425
2019-02-28 19:01:14,215 [MainThread  ][INFO ]  Starting optimization for tf=2.5424242424242425
2019-02-28 19:01:14,215 [MainThread  ][DEBUG]  Optimization method: Nelder-Mead
2019-02-28 19:01:14,215 [MainThread  ][DEBUG]  Optimization options: None
2019-02-28 19:01:14,215 [MainThread  ][INFO ]  Initial parameter values: [ 5.66410473  1.27121212  2.55660282  4.74883592]
2019-02-28 19:01:57,773 [MainThread  ][INFO ]  Final fidelity: 0.9978732474308869
2019-02-28 19:01:57,774 [MainThread  ][INFO ]  Final parameters: [ 5.19834239  1.29335944  2.64296341  4.95158524]
2019-02-28 19:01:57,774 [MainThread  ][INFO ]  Fidelity: 0.9978732474308869
2019-02-28 19:01:57,774 [MainThread  ][INFO ]  ---- Starting iteration 64/100
2019-02-28 19:01:57,775 [MainThread  ][DEBUG]  Setting hyperparameter tf=2.5818181818181816
2019-02-28 19:01:57,775 [MainThread  ][INFO ]  Starting optimization for tf=2.5818181818181816
2019-02-28 19:01:57,775 [MainThread  ][DEBUG]  Optimization method: Nelder-Mead
2019-02-28 19:01:57,775 [MainThread  ][DEBUG]  Optimization options: None
2019-02-28 19:01:57,775 [MainThread  ][INFO ]  Initial parameter values: [ 6.93767029  1.29090909  5.53704807  2.73315355]
2019-02-28 19:02:39,478 [MainThread  ][INFO ]  Final fidelity: 0.9960557929210462
2019-02-28 19:02:39,492 [MainThread  ][INFO ]  Final parameters: [ 4.54151455  1.32399947  5.16178995  3.19257103]
2019-02-28 19:02:39,492 [MainThread  ][INFO ]  Fidelity: 0.9960557929210462
2019-02-28 19:02:39,493 [MainThread  ][INFO ]  ---- Starting iteration 65/100
2019-02-28 19:02:39,493 [MainThread  ][DEBUG]  Setting hyperparameter tf=2.621212121212121
2019-02-28 19:02:39,493 [MainThread  ][INFO ]  Starting optimization for tf=2.621212121212121
2019-02-28 19:02:39,493 [MainThread  ][DEBUG]  Optimization method: Nelder-Mead
2019-02-28 19:02:39,493 [MainThread  ][DEBUG]  Optimization options: None
2019-02-28 19:02:39,493 [MainThread  ][INFO ]  Initial parameter values: [ 1.92427188  1.31060606  6.75390048  6.66069533]
2019-02-28 19:03:41,257 [MainThread  ][INFO ]  Final fidelity: 0.9992578350198963
2019-02-28 19:03:41,265 [MainThread  ][INFO ]  Final parameters: [ 3.61070765  0.15740942  5.17688646  3.752777  ]
2019-02-28 19:03:41,266 [MainThread  ][INFO ]  Fidelity: 0.9992578350198963
2019-02-28 19:03:41,266 [MainThread  ][INFO ]  ---- Starting iteration 66/100
2019-02-28 19:03:41,266 [MainThread  ][DEBUG]  Setting hyperparameter tf=2.6606060606060606
2019-02-28 19:03:41,266 [MainThread  ][INFO ]  Starting optimization for tf=2.6606060606060606
2019-02-28 19:03:41,266 [MainThread  ][DEBUG]  Optimization method: Nelder-Mead
2019-02-28 19:03:41,266 [MainThread  ][DEBUG]  Optimization options: None
2019-02-28 19:03:41,267 [MainThread  ][INFO ]  Initial parameter values: [ 5.2767646   1.33030303  4.51184982  0.84265307]
2019-02-28 19:04:33,965 [MainThread  ][INFO ]  Final fidelity: 0.9903763377822037
2019-02-28 19:04:33,972 [MainThread  ][INFO ]  Final parameters: [ 3.56924286  1.39342512  7.92932777  0.48890547]
2019-02-28 19:04:33,972 [MainThread  ][INFO ]  Fidelity: 0.9903763377822037
2019-02-28 19:04:33,972 [MainThread  ][INFO ]  ---- Starting iteration 67/100
2019-02-28 19:04:33,972 [MainThread  ][DEBUG]  Setting hyperparameter tf=2.6999999999999997
2019-02-28 19:04:33,972 [MainThread  ][INFO ]  Starting optimization for tf=2.6999999999999997
2019-02-28 19:04:33,972 [MainThread  ][DEBUG]  Optimization method: Nelder-Mead
2019-02-28 19:04:33,972 [MainThread  ][DEBUG]  Optimization options: None
2019-02-28 19:04:33,973 [MainThread  ][INFO ]  Initial parameter values: [ 1.85323201  1.35        3.00802064  2.65706944]
2019-02-28 19:05:22,919 [MainThread  ][INFO ]  Final fidelity: 0.9993386857741461
2019-02-28 19:05:22,919 [MainThread  ][INFO ]  Final parameters: [ 2.37755216  0.02550379  4.98723653  3.95289398]
2019-02-28 19:05:22,919 [MainThread  ][INFO ]  Fidelity: 0.9993386857741461
2019-02-28 19:05:22,919 [MainThread  ][INFO ]  ---- Starting iteration 68/100
2019-02-28 19:05:22,920 [MainThread  ][DEBUG]  Setting hyperparameter tf=2.7393939393939393
2019-02-28 19:05:22,920 [MainThread  ][INFO ]  Starting optimization for tf=2.7393939393939393
2019-02-28 19:05:22,920 [MainThread  ][DEBUG]  Optimization method: Nelder-Mead
2019-02-28 19:05:22,920 [MainThread  ][DEBUG]  Optimization options: None
2019-02-28 19:05:22,920 [MainThread  ][INFO ]  Initial parameter values: [ 8.7401249   1.36969697  3.94173417  5.74272372]
2019-02-28 19:06:06,709 [MainThread  ][INFO ]  Final fidelity: 0.9986041772283109
2019-02-28 19:06:06,717 [MainThread  ][INFO ]  Final parameters: [ 4.72199054  1.66628617  3.71764399  4.38564707]
2019-02-28 19:06:06,717 [MainThread  ][INFO ]  Fidelity: 0.9986041772283109
2019-02-28 19:06:06,717 [MainThread  ][INFO ]  ---- Starting iteration 69/100
2019-02-28 19:06:06,717 [MainThread  ][DEBUG]  Setting hyperparameter tf=2.778787878787879
2019-02-28 19:06:06,717 [MainThread  ][INFO ]  Starting optimization for tf=2.778787878787879
2019-02-28 19:06:06,717 [MainThread  ][DEBUG]  Optimization method: Nelder-Mead
2019-02-28 19:06:06,717 [MainThread  ][DEBUG]  Optimization options: None
2019-02-28 19:06:06,718 [MainThread  ][INFO ]  Initial parameter values: [ 7.12476319  1.38939394  1.14051889  7.37060456]
2019-02-28 19:06:44,618 [MainThread  ][INFO ]  Final fidelity: 0.9969074283210344
2019-02-28 19:06:44,632 [MainThread  ][INFO ]  Final parameters: [ 5.07148816  1.60108468  1.29262385  6.09924413]
2019-02-28 19:06:44,633 [MainThread  ][INFO ]  Fidelity: 0.9969074283210344
2019-02-28 19:06:44,633 [MainThread  ][INFO ]  ---- Starting iteration 70/100
2019-02-28 19:06:44,633 [MainThread  ][DEBUG]  Setting hyperparameter tf=2.818181818181818
2019-02-28 19:06:44,633 [MainThread  ][INFO ]  Starting optimization for tf=2.818181818181818
2019-02-28 19:06:44,633 [MainThread  ][DEBUG]  Optimization method: Nelder-Mead
2019-02-28 19:06:44,633 [MainThread  ][DEBUG]  Optimization options: None
2019-02-28 19:06:44,634 [MainThread  ][INFO ]  Initial parameter values: [ 5.16939886  1.40909091  0.78900696  9.49962776]
2019-02-28 19:07:23,384 [MainThread  ][INFO ]  Final fidelity: 0.9952955419544564
2019-02-28 19:07:23,384 [MainThread  ][INFO ]  Final parameters: [ 5.13164424  1.60306871  0.87635678  6.39179541]
2019-02-28 19:07:23,384 [MainThread  ][INFO ]  Fidelity: 0.9952955419544564
2019-02-28 19:07:23,384 [MainThread  ][INFO ]  ---- Starting iteration 71/100
2019-02-28 19:07:23,385 [MainThread  ][DEBUG]  Setting hyperparameter tf=2.8575757575757574
2019-02-28 19:07:23,385 [MainThread  ][INFO ]  Starting optimization for tf=2.8575757575757574
2019-02-28 19:07:23,385 [MainThread  ][DEBUG]  Optimization method: Nelder-Mead
2019-02-28 19:07:23,385 [MainThread  ][DEBUG]  Optimization options: None
2019-02-28 19:07:23,385 [MainThread  ][INFO ]  Initial parameter values: [ 5.40474331  1.42878788  8.01656253  6.27577594]
2019-02-28 19:08:07,434 [MainThread  ][INFO ]  Final fidelity: 0.9969754036799948
2019-02-28 19:08:07,438 [MainThread  ][INFO ]  Final parameters: [ 4.45725445  2.25956691  5.31194437  2.82137963]
2019-02-28 19:08:07,438 [MainThread  ][INFO ]  Fidelity: 0.9969754036799948
2019-02-28 19:08:07,438 [MainThread  ][INFO ]  ---- Starting iteration 72/100
2019-02-28 19:08:07,438 [MainThread  ][DEBUG]  Setting hyperparameter tf=2.896969696969697
2019-02-28 19:08:07,438 [MainThread  ][INFO ]  Starting optimization for tf=2.896969696969697
2019-02-28 19:08:07,438 [MainThread  ][DEBUG]  Optimization method: Nelder-Mead
2019-02-28 19:08:07,438 [MainThread  ][DEBUG]  Optimization options: None
2019-02-28 19:08:07,439 [MainThread  ][INFO ]  Initial parameter values: [ 4.33725514  1.44848485  6.66457773  7.97888872]
2019-02-28 19:09:06,051 [MainThread  ][INFO ]  Final fidelity: 0.9961267086247798
2019-02-28 19:09:06,052 [MainThread  ][INFO ]  Final parameters: [ 4.49365239  2.07146178  4.51014703  3.91001979]
2019-02-28 19:09:06,052 [MainThread  ][INFO ]  Fidelity: 0.9961267086247798
2019-02-28 19:09:06,052 [MainThread  ][INFO ]  ---- Starting iteration 73/100
2019-02-28 19:09:06,052 [MainThread  ][DEBUG]  Setting hyperparameter tf=2.936363636363636
2019-02-28 19:09:06,052 [MainThread  ][INFO ]  Starting optimization for tf=2.936363636363636
2019-02-28 19:09:06,052 [MainThread  ][DEBUG]  Optimization method: Nelder-Mead
2019-02-28 19:09:06,052 [MainThread  ][DEBUG]  Optimization options: None
2019-02-28 19:09:06,053 [MainThread  ][INFO ]  Initial parameter values: [ 2.32138281  1.46818182  1.9905664   0.956377  ]
2019-02-28 19:10:14,834 [MainThread  ][INFO ]  Final fidelity: 0.9794057891374173
2019-02-28 19:10:14,842 [MainThread  ][INFO ]  Final parameters: [-3.76502692  1.79453581  7.91608113  0.58914048]
2019-02-28 19:10:14,842 [MainThread  ][INFO ]  Fidelity: 0.9794057891374173
2019-02-28 19:10:14,842 [MainThread  ][INFO ]  ---- Starting iteration 74/100
2019-02-28 19:10:14,842 [MainThread  ][DEBUG]  Setting hyperparameter tf=2.9757575757575756
2019-02-28 19:10:14,842 [MainThread  ][INFO ]  Starting optimization for tf=2.9757575757575756
2019-02-28 19:10:14,842 [MainThread  ][DEBUG]  Optimization method: Nelder-Mead
2019-02-28 19:10:14,842 [MainThread  ][DEBUG]  Optimization options: None
2019-02-28 19:10:14,843 [MainThread  ][INFO ]  Initial parameter values: [ 3.14712952  1.48787879  3.37161445  1.77737826]
2019-02-28 19:11:05,113 [MainThread  ][INFO ]  Final fidelity: 0.9978447867339698
2019-02-28 19:11:05,119 [MainThread  ][INFO ]  Final parameters: [ 0.42847311  1.02864673  6.64906615  2.35946195]
2019-02-28 19:11:05,119 [MainThread  ][INFO ]  Fidelity: 0.9978447867339698
2019-02-28 19:11:05,119 [MainThread  ][INFO ]  ---- Starting iteration 75/100
2019-02-28 19:11:05,119 [MainThread  ][DEBUG]  Setting hyperparameter tf=3.015151515151515
2019-02-28 19:11:05,119 [MainThread  ][INFO ]  Starting optimization for tf=3.015151515151515
2019-02-28 19:11:05,119 [MainThread  ][DEBUG]  Optimization method: Nelder-Mead
2019-02-28 19:11:05,119 [MainThread  ][DEBUG]  Optimization options: None
2019-02-28 19:11:05,120 [MainThread  ][INFO ]  Initial parameter values: [ 6.18191458  1.50757576  7.58153567  5.24444394]
2019-02-28 19:11:53,374 [MainThread  ][INFO ]  Final fidelity: 0.9968469679952157
2019-02-28 19:11:53,375 [MainThread  ][INFO ]  Final parameters: [ 4.4382521   2.43694543  4.98603504  3.56424301]
2019-02-28 19:11:53,375 [MainThread  ][INFO ]  Fidelity: 0.9968469679952157
2019-02-28 19:11:53,375 [MainThread  ][INFO ]  ---- Starting iteration 76/100
2019-02-28 19:11:53,375 [MainThread  ][DEBUG]  Setting hyperparameter tf=3.0545454545454542
2019-02-28 19:11:53,375 [MainThread  ][INFO ]  Starting optimization for tf=3.0545454545454542
2019-02-28 19:11:53,375 [MainThread  ][DEBUG]  Optimization method: Nelder-Mead
2019-02-28 19:11:53,375 [MainThread  ][DEBUG]  Optimization options: None
2019-02-28 19:11:53,376 [MainThread  ][INFO ]  Initial parameter values: [ 8.13044307  1.52727273  9.42478624  9.1435187 ]
2019-02-28 19:12:52,468 [MainThread  ][INFO ]  Final fidelity: 0.9789383064438676
2019-02-28 19:12:52,472 [MainThread  ][INFO ]  Final parameters: [ -4.27637483   2.99989796   3.62859596  11.99764242]
2019-02-28 19:12:52,473 [MainThread  ][INFO ]  Fidelity: 0.9789383064438676
2019-02-28 19:12:52,473 [MainThread  ][INFO ]  ---- Starting iteration 77/100
2019-02-28 19:12:52,473 [MainThread  ][DEBUG]  Setting hyperparameter tf=3.0939393939393938
2019-02-28 19:12:52,473 [MainThread  ][INFO ]  Starting optimization for tf=3.0939393939393938
2019-02-28 19:12:52,473 [MainThread  ][DEBUG]  Optimization method: Nelder-Mead
2019-02-28 19:12:52,473 [MainThread  ][DEBUG]  Optimization options: None
2019-02-28 19:12:52,473 [MainThread  ][INFO ]  Initial parameter values: [ 2.24505719  1.5469697   8.68438336  5.26686287]
2019-02-28 19:13:32,454 [MainThread  ][INFO ]  Final fidelity: 0.9957217491626589
2019-02-28 19:13:32,455 [MainThread  ][INFO ]  Final parameters: [ 3.57447884  1.64069951  6.87901535  2.22138665]
2019-02-28 19:13:32,455 [MainThread  ][INFO ]  Fidelity: 0.9957217491626589
2019-02-28 19:13:32,455 [MainThread  ][INFO ]  ---- Starting iteration 78/100
2019-02-28 19:13:32,455 [MainThread  ][DEBUG]  Setting hyperparameter tf=3.1333333333333333
2019-02-28 19:13:32,455 [MainThread  ][INFO ]  Starting optimization for tf=3.1333333333333333
2019-02-28 19:13:32,455 [MainThread  ][DEBUG]  Optimization method: Nelder-Mead
2019-02-28 19:13:32,455 [MainThread  ][DEBUG]  Optimization options: None
2019-02-28 19:13:32,456 [MainThread  ][INFO ]  Initial parameter values: [ 9.89463368  1.56666667  9.18622397  5.5662927 ]
2019-02-28 19:14:39,568 [MainThread  ][INFO ]  Final fidelity: 0.9955506649246166
2019-02-28 19:14:39,569 [MainThread  ][INFO ]  Final parameters: [-4.53064846  3.04009465  2.70259013 -2.35343978]
2019-02-28 19:14:39,569 [MainThread  ][INFO ]  Fidelity: 0.9955506649246166
2019-02-28 19:14:39,569 [MainThread  ][INFO ]  ---- Starting iteration 79/100
2019-02-28 19:14:39,569 [MainThread  ][DEBUG]  Setting hyperparameter tf=3.1727272727272724
2019-02-28 19:14:39,569 [MainThread  ][INFO ]  Starting optimization for tf=3.1727272727272724
2019-02-28 19:14:39,569 [MainThread  ][DEBUG]  Optimization method: Nelder-Mead
2019-02-28 19:14:39,569 [MainThread  ][DEBUG]  Optimization options: None
2019-02-28 19:14:39,570 [MainThread  ][INFO ]  Initial parameter values: [ 4.12013343  1.58636364  0.28033065  9.1725879 ]
2019-02-28 19:15:26,651 [MainThread  ][INFO ]  Final fidelity: 0.9891518691890487
2019-02-28 19:15:26,652 [MainThread  ][INFO ]  Final parameters: [ 5.64181773  1.47518485  0.28840786  7.12728009]
2019-02-28 19:15:26,652 [MainThread  ][INFO ]  Fidelity: 0.9891518691890487
2019-02-28 19:15:26,652 [MainThread  ][INFO ]  ---- Starting iteration 80/100
2019-02-28 19:15:26,652 [MainThread  ][DEBUG]  Setting hyperparameter tf=3.212121212121212
2019-02-28 19:15:26,652 [MainThread  ][INFO ]  Starting optimization for tf=3.212121212121212
2019-02-28 19:15:26,652 [MainThread  ][DEBUG]  Optimization method: Nelder-Mead
2019-02-28 19:15:26,652 [MainThread  ][DEBUG]  Optimization options: None
2019-02-28 19:15:26,653 [MainThread  ][INFO ]  Initial parameter values: [ 0.62295544  1.60606061  6.78680279  5.01169923]
2019-02-28 19:16:13,933 [MainThread  ][INFO ]  Final fidelity: 0.9957294433280129
2019-02-28 19:16:13,933 [MainThread  ][INFO ]  Final parameters: [ 1.00467226  1.51303947  7.6495215   1.2665882 ]
2019-02-28 19:16:13,934 [MainThread  ][INFO ]  Fidelity: 0.9957294433280129
2019-02-28 19:16:13,934 [MainThread  ][INFO ]  ---- Starting iteration 81/100
2019-02-28 19:16:13,934 [MainThread  ][DEBUG]  Setting hyperparameter tf=3.2515151515151515
2019-02-28 19:16:13,934 [MainThread  ][INFO ]  Starting optimization for tf=3.2515151515151515
2019-02-28 19:16:13,934 [MainThread  ][DEBUG]  Optimization method: Nelder-Mead
2019-02-28 19:16:13,934 [MainThread  ][DEBUG]  Optimization options: None
2019-02-28 19:16:13,934 [MainThread  ][INFO ]  Initial parameter values: [ 8.6260256   1.62575758  3.24153792  3.67749739]
2019-02-28 19:16:55,942 [MainThread  ][INFO ]  Final fidelity: 0.9982730918950393
2019-02-28 19:16:55,943 [MainThread  ][INFO ]  Final parameters: [ 4.64919353  1.66606511  3.82930621  4.94646117]
2019-02-28 19:16:55,943 [MainThread  ][INFO ]  Fidelity: 0.9982730918950393
2019-02-28 19:16:55,943 [MainThread  ][INFO ]  ---- Starting iteration 82/100
2019-02-28 19:16:55,944 [MainThread  ][DEBUG]  Setting hyperparameter tf=3.2909090909090906
2019-02-28 19:16:55,944 [MainThread  ][INFO ]  Starting optimization for tf=3.2909090909090906
2019-02-28 19:16:55,944 [MainThread  ][DEBUG]  Optimization method: Nelder-Mead
2019-02-28 19:16:55,944 [MainThread  ][DEBUG]  Optimization options: None
2019-02-28 19:16:55,944 [MainThread  ][INFO ]  Initial parameter values: [ 9.76728029  1.64545455  9.48148816  2.27070058]
2019-02-28 19:17:41,136 [MainThread  ][INFO ]  Final fidelity: 0.9711492188448185
2019-02-28 19:17:41,136 [MainThread  ][INFO ]  Final parameters: [-4.39745941  2.71380206  6.48203196  2.11098769]
2019-02-28 19:17:41,136 [MainThread  ][INFO ]  Fidelity: 0.9711492188448185
2019-02-28 19:17:41,136 [MainThread  ][INFO ]  ---- Starting iteration 83/100
2019-02-28 19:17:41,136 [MainThread  ][DEBUG]  Setting hyperparameter tf=3.33030303030303
2019-02-28 19:17:41,137 [MainThread  ][INFO ]  Starting optimization for tf=3.33030303030303
2019-02-28 19:17:41,137 [MainThread  ][DEBUG]  Optimization method: Nelder-Mead
2019-02-28 19:17:41,137 [MainThread  ][DEBUG]  Optimization options: None
2019-02-28 19:17:41,137 [MainThread  ][INFO ]  Initial parameter values: [ 0.1341195   1.66515152  1.73172628  4.69891924]
2019-02-28 19:18:19,482 [MainThread  ][INFO ]  Final fidelity: 0.9982898386865757
2019-02-28 19:18:19,488 [MainThread  ][INFO ]  Final parameters: [ 0.09685741  0.15204337  4.48342494  4.42336837]
2019-02-28 19:18:19,488 [MainThread  ][INFO ]  Fidelity: 0.9982898386865757
2019-02-28 19:18:19,488 [MainThread  ][INFO ]  ---- Starting iteration 84/100
2019-02-28 19:18:19,488 [MainThread  ][DEBUG]  Setting hyperparameter tf=3.3696969696969696
2019-02-28 19:18:19,488 [MainThread  ][INFO ]  Starting optimization for tf=3.3696969696969696
2019-02-28 19:18:19,488 [MainThread  ][DEBUG]  Optimization method: Nelder-Mead
2019-02-28 19:18:19,489 [MainThread  ][DEBUG]  Optimization options: None
2019-02-28 19:18:19,489 [MainThread  ][INFO ]  Initial parameter values: [ 6.31546467  1.68484848  0.70306377  5.69742462]
2019-02-28 19:18:58,845 [MainThread  ][INFO ]  Final fidelity: 0.9922538583587532
2019-02-28 19:18:58,846 [MainThread  ][INFO ]  Final parameters: [ 5.09236397  1.91052394  0.69594889  7.16499713]
2019-02-28 19:18:58,846 [MainThread  ][INFO ]  Fidelity: 0.9922538583587532
2019-02-28 19:18:58,846 [MainThread  ][INFO ]  ---- Starting iteration 85/100
2019-02-28 19:18:58,847 [MainThread  ][DEBUG]  Setting hyperparameter tf=3.4090909090909087
2019-02-28 19:18:58,847 [MainThread  ][INFO ]  Starting optimization for tf=3.4090909090909087
2019-02-28 19:18:58,847 [MainThread  ][DEBUG]  Optimization method: Nelder-Mead
2019-02-28 19:18:58,847 [MainThread  ][DEBUG]  Optimization options: None
2019-02-28 19:18:58,847 [MainThread  ][INFO ]  Initial parameter values: [ 8.49430907  1.70454545  4.27846502  2.24105976]
2019-02-28 19:19:41,540 [MainThread  ][INFO ]  Final fidelity: 0.9859184129911618
2019-02-28 19:19:41,541 [MainThread  ][INFO ]  Final parameters: [-3.90269395  1.72897817  5.56359869  3.657168  ]
2019-02-28 19:19:41,541 [MainThread  ][INFO ]  Fidelity: 0.9859184129911618
2019-02-28 19:19:41,541 [MainThread  ][INFO ]  ---- Starting iteration 86/100
2019-02-28 19:19:41,541 [MainThread  ][DEBUG]  Setting hyperparameter tf=3.4484848484848483
2019-02-28 19:19:41,541 [MainThread  ][INFO ]  Starting optimization for tf=3.4484848484848483
2019-02-28 19:19:41,541 [MainThread  ][DEBUG]  Optimization method: Nelder-Mead
2019-02-28 19:19:41,541 [MainThread  ][DEBUG]  Optimization options: None
2019-02-28 19:19:41,542 [MainThread  ][INFO ]  Initial parameter values: [ 7.64662953  1.72424242  4.95653776  7.56269767]
2019-02-28 19:20:23,925 [MainThread  ][INFO ]  Final fidelity: 0.9984751358068834
2019-02-28 19:20:23,926 [MainThread  ][INFO ]  Final parameters: [ 4.47095007  2.77792852  3.67917892  5.54167875]
2019-02-28 19:20:23,926 [MainThread  ][INFO ]  Fidelity: 0.9984751358068834
2019-02-28 19:20:23,927 [MainThread  ][INFO ]  ---- Starting iteration 87/100
2019-02-28 19:20:23,927 [MainThread  ][DEBUG]  Setting hyperparameter tf=3.487878787878788
2019-02-28 19:20:23,927 [MainThread  ][INFO ]  Starting optimization for tf=3.487878787878788
2019-02-28 19:20:23,927 [MainThread  ][DEBUG]  Optimization method: Nelder-Mead
2019-02-28 19:20:23,927 [MainThread  ][DEBUG]  Optimization options: None
2019-02-28 19:20:23,927 [MainThread  ][INFO ]  Initial parameter values: [ 0.63622059  1.74393939  5.3832875   3.17060068]
2019-02-28 19:21:07,304 [MainThread  ][INFO ]  Final fidelity: 0.9983031600223664
2019-02-28 19:21:07,305 [MainThread  ][INFO ]  Final parameters: [ 0.71966763  1.35455653  6.07636322  2.95566283]
2019-02-28 19:21:07,306 [MainThread  ][INFO ]  Fidelity: 0.9983031600223664
2019-02-28 19:21:07,306 [MainThread  ][INFO ]  ---- Starting iteration 88/100
2019-02-28 19:21:07,306 [MainThread  ][DEBUG]  Setting hyperparameter tf=3.527272727272727
2019-02-28 19:21:07,306 [MainThread  ][INFO ]  Starting optimization for tf=3.527272727272727
2019-02-28 19:21:07,306 [MainThread  ][DEBUG]  Optimization method: Nelder-Mead
2019-02-28 19:21:07,306 [MainThread  ][DEBUG]  Optimization options: None
2019-02-28 19:21:07,306 [MainThread  ][INFO ]  Initial parameter values: [ 4.88217397  1.76363636  6.01692531  0.3522012 ]
2019-02-28 19:21:50,359 [MainThread  ][INFO ]  Final fidelity: 0.9912492170395887
2019-02-28 19:21:50,362 [MainThread  ][INFO ]  Final parameters: [ 3.12458916  2.13776534  8.74251218  0.29483373]
2019-02-28 19:21:50,362 [MainThread  ][INFO ]  Fidelity: 0.9912492170395887
2019-02-28 19:21:50,363 [MainThread  ][INFO ]  ---- Starting iteration 89/100
2019-02-28 19:21:50,363 [MainThread  ][DEBUG]  Setting hyperparameter tf=3.5666666666666664
2019-02-28 19:21:50,363 [MainThread  ][INFO ]  Starting optimization for tf=3.5666666666666664
2019-02-28 19:21:50,363 [MainThread  ][DEBUG]  Optimization method: Nelder-Mead
2019-02-28 19:21:50,363 [MainThread  ][DEBUG]  Optimization options: None
2019-02-28 19:21:50,363 [MainThread  ][INFO ]  Initial parameter values: [ 6.40702241  1.78333333  0.36689969  0.95744126]
2019-02-28 19:22:58,262 [MainThread  ][INFO ]  Final fidelity: 0.8723480263763453
2019-02-28 19:22:58,263 [MainThread  ][INFO ]  Final parameters: [ -1.31706987e-01   1.70445226e-05   5.46175156e-01   4.86582897e+00]
2019-02-28 19:22:58,263 [MainThread  ][INFO ]  Fidelity: 0.8723480263763453
2019-02-28 19:22:58,264 [MainThread  ][INFO ]  ---- Starting iteration 90/100
2019-02-28 19:22:58,264 [MainThread  ][DEBUG]  Setting hyperparameter tf=3.606060606060606
2019-02-28 19:22:58,264 [MainThread  ][INFO ]  Starting optimization for tf=3.606060606060606
2019-02-28 19:22:58,264 [MainThread  ][DEBUG]  Optimization method: Nelder-Mead
2019-02-28 19:22:58,264 [MainThread  ][DEBUG]  Optimization options: None
2019-02-28 19:22:58,264 [MainThread  ][INFO ]  Initial parameter values: [ 6.00665708  1.8030303   0.45748172  5.85840385]
2019-02-28 19:23:37,657 [MainThread  ][INFO ]  Final fidelity: 0.9861519192286601
2019-02-28 19:23:37,658 [MainThread  ][INFO ]  Final parameters: [ 5.48220643  1.7826611   0.4114335   7.48368668]
2019-02-28 19:23:37,658 [MainThread  ][INFO ]  Fidelity: 0.9861519192286601
2019-02-28 19:23:37,658 [MainThread  ][INFO ]  ---- Starting iteration 91/100
2019-02-28 19:23:37,658 [MainThread  ][DEBUG]  Setting hyperparameter tf=3.645454545454545
2019-02-28 19:23:37,658 [MainThread  ][INFO ]  Starting optimization for tf=3.645454545454545
2019-02-28 19:23:37,658 [MainThread  ][DEBUG]  Optimization method: Nelder-Mead
2019-02-28 19:23:37,658 [MainThread  ][DEBUG]  Optimization options: None
2019-02-28 19:23:37,659 [MainThread  ][INFO ]  Initial parameter values: [ 3.62463443  1.82272727  5.94987761  8.29872875]
2019-02-28 19:24:40,944 [MainThread  ][INFO ]  Final fidelity: 0.9977657196835423
2019-02-28 19:24:40,946 [MainThread  ][INFO ]  Final parameters: [ 4.07584587  2.25622004  6.02911986  3.46154449]
2019-02-28 19:24:40,946 [MainThread  ][INFO ]  Fidelity: 0.9977657196835423
2019-02-28 19:24:40,946 [MainThread  ][INFO ]  ---- Starting iteration 92/100
2019-02-28 19:24:40,946 [MainThread  ][DEBUG]  Setting hyperparameter tf=3.6848484848484846
2019-02-28 19:24:40,946 [MainThread  ][INFO ]  Starting optimization for tf=3.6848484848484846
2019-02-28 19:24:40,946 [MainThread  ][DEBUG]  Optimization method: Nelder-Mead
2019-02-28 19:24:40,946 [MainThread  ][DEBUG]  Optimization options: None
2019-02-28 19:24:40,947 [MainThread  ][INFO ]  Initial parameter values: [ 1.57204566  1.84242424  7.66152076  3.75237595]
2019-02-28 19:25:21,936 [MainThread  ][INFO ]  Final fidelity: 0.9981808881143261
2019-02-28 19:25:21,936 [MainThread  ][INFO ]  Final parameters: [ 1.90208628  1.43595696  5.7935593   3.36207557]
2019-02-28 19:25:21,936 [MainThread  ][INFO ]  Fidelity: 0.9981808881143261
2019-02-28 19:25:21,937 [MainThread  ][INFO ]  ---- Starting iteration 93/100
2019-02-28 19:25:21,937 [MainThread  ][DEBUG]  Setting hyperparameter tf=3.724242424242424
2019-02-28 19:25:21,937 [MainThread  ][INFO ]  Starting optimization for tf=3.724242424242424
2019-02-28 19:25:21,937 [MainThread  ][DEBUG]  Optimization method: Nelder-Mead
2019-02-28 19:25:21,937 [MainThread  ][DEBUG]  Optimization options: None
2019-02-28 19:25:21,937 [MainThread  ][INFO ]  Initial parameter values: [ 5.18874447  1.86212121  7.80441771  2.35869888]
2019-02-28 19:26:01,489 [MainThread  ][INFO ]  Final fidelity: 0.9981214008172788
2019-02-28 19:26:01,490 [MainThread  ][INFO ]  Final parameters: [ 3.71259277  2.20125937  6.90710542  2.63938031]
2019-02-28 19:26:01,490 [MainThread  ][INFO ]  Fidelity: 0.9981214008172788
2019-02-28 19:26:01,490 [MainThread  ][INFO ]  ---- Starting iteration 94/100
2019-02-28 19:26:01,490 [MainThread  ][DEBUG]  Setting hyperparameter tf=3.7636363636363632
2019-02-28 19:26:01,490 [MainThread  ][INFO ]  Starting optimization for tf=3.7636363636363632
2019-02-28 19:26:01,490 [MainThread  ][DEBUG]  Optimization method: Nelder-Mead
2019-02-28 19:26:01,490 [MainThread  ][DEBUG]  Optimization options: None
2019-02-28 19:26:01,491 [MainThread  ][INFO ]  Initial parameter values: [ 2.42896616  1.88181818  8.20574622  6.80553648]
2019-02-28 19:26:44,836 [MainThread  ][INFO ]  Final fidelity: 0.9983721832267979
2019-02-28 19:26:44,843 [MainThread  ][INFO ]  Final parameters: [ 3.5072377   1.88466332  6.06694706  3.4013697 ]
2019-02-28 19:26:44,843 [MainThread  ][INFO ]  Fidelity: 0.9983721832267979
2019-02-28 19:26:44,843 [MainThread  ][INFO ]  ---- Starting iteration 95/100
2019-02-28 19:26:44,843 [MainThread  ][DEBUG]  Setting hyperparameter tf=3.8030303030303028
2019-02-28 19:26:44,843 [MainThread  ][INFO ]  Starting optimization for tf=3.8030303030303028
2019-02-28 19:26:44,843 [MainThread  ][DEBUG]  Optimization method: Nelder-Mead
2019-02-28 19:26:44,843 [MainThread  ][DEBUG]  Optimization options: None
2019-02-28 19:26:44,844 [MainThread  ][INFO ]  Initial parameter values: [ 7.70680275  1.90151515  8.77682782  5.56750144]
2019-02-28 19:27:28,238 [MainThread  ][INFO ]  Final fidelity: 0.9475693435309271
2019-02-28 19:27:28,239 [MainThread  ][INFO ]  Final parameters: [-4.46874628  3.71059593  8.25511906  4.26762836]
2019-02-28 19:27:28,239 [MainThread  ][INFO ]  Fidelity: 0.9475693435309271
2019-02-28 19:27:28,239 [MainThread  ][INFO ]  ---- Starting iteration 96/100
2019-02-28 19:27:28,239 [MainThread  ][DEBUG]  Setting hyperparameter tf=3.8424242424242423
2019-02-28 19:27:28,239 [MainThread  ][INFO ]  Starting optimization for tf=3.8424242424242423
2019-02-28 19:27:28,239 [MainThread  ][DEBUG]  Optimization method: Nelder-Mead
2019-02-28 19:27:28,239 [MainThread  ][DEBUG]  Optimization options: None
2019-02-28 19:27:28,240 [MainThread  ][INFO ]  Initial parameter values: [ 6.3119031   1.92121212  2.07368559  5.29275699]
2019-02-28 19:28:15,362 [MainThread  ][INFO ]  Final fidelity: 0.9942077263882582
2019-02-28 19:28:15,363 [MainThread  ][INFO ]  Final parameters: [ 5.13853676  1.90648664  2.11461902  6.57628572]
2019-02-28 19:28:15,363 [MainThread  ][INFO ]  Fidelity: 0.9942077263882582
2019-02-28 19:28:15,363 [MainThread  ][INFO ]  ---- Starting iteration 97/100
2019-02-28 19:28:15,364 [MainThread  ][DEBUG]  Setting hyperparameter tf=3.8818181818181814
2019-02-28 19:28:15,364 [MainThread  ][INFO ]  Starting optimization for tf=3.8818181818181814
2019-02-28 19:28:15,364 [MainThread  ][DEBUG]  Optimization method: Nelder-Mead
2019-02-28 19:28:15,364 [MainThread  ][DEBUG]  Optimization options: None
2019-02-28 19:28:15,364 [MainThread  ][INFO ]  Initial parameter values: [ 3.62433947  1.94090909  2.30449398  7.36387489]
2019-02-28 19:28:59,401 [MainThread  ][INFO ]  Final fidelity: 0.997550818606138
2019-02-28 19:28:59,402 [MainThread  ][INFO ]  Final parameters: [ 4.86130801  2.15831345  2.58369517  6.33507089]
2019-02-28 19:28:59,402 [MainThread  ][INFO ]  Fidelity: 0.997550818606138
2019-02-28 19:28:59,402 [MainThread  ][INFO ]  ---- Starting iteration 98/100
2019-02-28 19:28:59,402 [MainThread  ][DEBUG]  Setting hyperparameter tf=3.921212121212121
2019-02-28 19:28:59,402 [MainThread  ][INFO ]  Starting optimization for tf=3.921212121212121
2019-02-28 19:28:59,402 [MainThread  ][DEBUG]  Optimization method: Nelder-Mead
2019-02-28 19:28:59,402 [MainThread  ][DEBUG]  Optimization options: None
2019-02-28 19:28:59,402 [MainThread  ][INFO ]  Initial parameter values: [ 5.99191105  1.96060606  5.21802347  8.46519106]
2019-02-28 19:30:03,925 [MainThread  ][INFO ]  Final fidelity: 0.7710345298410809
2019-02-28 19:30:03,926 [MainThread  ][INFO ]  Final parameters: [-1.82317333  3.90548175  9.9604709  -7.20519593]
2019-02-28 19:30:03,926 [MainThread  ][INFO ]  Fidelity: 0.7710345298410809
2019-02-28 19:30:03,927 [MainThread  ][INFO ]  ---- Starting iteration 99/100
2019-02-28 19:30:03,927 [MainThread  ][DEBUG]  Setting hyperparameter tf=3.9606060606060605
2019-02-28 19:30:03,927 [MainThread  ][INFO ]  Starting optimization for tf=3.9606060606060605
2019-02-28 19:30:03,927 [MainThread  ][DEBUG]  Optimization method: Nelder-Mead
2019-02-28 19:30:03,927 [MainThread  ][DEBUG]  Optimization options: None
2019-02-28 19:30:03,927 [MainThread  ][INFO ]  Initial parameter values: [ 7.28974086  1.98030303  1.17247312  7.54591021]
2019-02-28 19:30:50,206 [MainThread  ][INFO ]  Final fidelity: 0.9882137845075766
2019-02-28 19:30:50,207 [MainThread  ][INFO ]  Final parameters: [ 5.17428729  2.15113904  1.15560237  7.34724139]
2019-02-28 19:30:50,207 [MainThread  ][INFO ]  Fidelity: 0.9882137845075766
2019-02-28 19:30:50,207 [MainThread  ][INFO ]  ---- Starting iteration 100/100
2019-02-28 19:30:50,207 [MainThread  ][DEBUG]  Setting hyperparameter tf=4.0
2019-02-28 19:30:50,207 [MainThread  ][INFO ]  Starting optimization for tf=4.0
2019-02-28 19:30:50,207 [MainThread  ][DEBUG]  Optimization method: Nelder-Mead
2019-02-28 19:30:50,208 [MainThread  ][DEBUG]  Optimization options: None
2019-02-28 19:30:50,208 [MainThread  ][INFO ]  Initial parameter values: [ 1.17539005  2.          5.79386931  4.06174625]
2019-02-28 19:31:30,950 [MainThread  ][INFO ]  Final fidelity: 0.9981080071605879
2019-02-28 19:31:30,951 [MainThread  ][INFO ]  Final parameters: [ 1.36572997  1.87192849  6.18733486  2.94579099]
2019-02-28 19:31:30,951 [MainThread  ][INFO ]  Fidelity: 0.9981080071605879
