2019-02-28 18:46:08,413 [MainThread  ][INFO ]  Output file name will be "rabi_doublebang_neldermead_bounds16.csv"
2019-02-28 18:46:09,425 [MainThread  ][INFO ]  Using doublebang protocol ansatz.
2019-02-28 18:46:09,425 [MainThread  ][DEBUG]  Initializing ProtocolAnsatz instance "doublebang"
2019-02-28 18:46:09,425 [MainThread  ][INFO ]  Using parameters constraints: [[-16, 16], [None, None], [-16, 16]]
2019-02-28 18:46:09,425 [MainThread  ][INFO ]  Using total height constraint: None
2019-02-28 18:46:09,425 [MainThread  ][INFO ]  ---- Starting iteration 1/100
2019-02-28 18:46:09,426 [MainThread  ][DEBUG]  Setting hyperparameter tf=0.1
2019-02-28 18:46:09,426 [MainThread  ][INFO ]  Starting optimization for tf=0.1
2019-02-28 18:46:09,426 [MainThread  ][DEBUG]  Optimization method: Nelder-Mead
2019-02-28 18:46:09,426 [MainThread  ][DEBUG]  Optimization options: None
2019-02-28 18:46:09,426 [MainThread  ][INFO ]  Initial parameter values: [3.31116326 0.05       2.47492277]
2019-02-28 18:47:17,928 [MainThread  ][INFO ]  Final fidelity: 0.7638058453712494
2019-02-28 18:47:17,930 [MainThread  ][INFO ]  Final parameters: [5.23820787 0.05241564 1.1625966 ]
2019-02-28 18:47:17,930 [MainThread  ][INFO ]  Fidelity: 0.7638058453712494
2019-02-28 18:47:17,930 [MainThread  ][INFO ]  ---- Starting iteration 2/100
2019-02-28 18:47:17,931 [MainThread  ][DEBUG]  Setting hyperparameter tf=0.1393939393939394
2019-02-28 18:47:17,931 [MainThread  ][INFO ]  Starting optimization for tf=0.1393939393939394
2019-02-28 18:47:17,931 [MainThread  ][DEBUG]  Optimization method: Nelder-Mead
2019-02-28 18:47:17,931 [MainThread  ][DEBUG]  Optimization options: None
2019-02-28 18:47:17,931 [MainThread  ][INFO ]  Initial parameter values: [4.03328682 0.06969697 5.15837211]
2019-02-28 18:49:07,068 [MainThread  ][INFO ]  Final fidelity: 0.7632650488977372
2019-02-28 18:49:07,071 [MainThread  ][INFO ]  Final parameters: [2.39990693 0.09626918 4.18433342]
2019-02-28 18:49:07,071 [MainThread  ][INFO ]  Fidelity: 0.7632650488977372
2019-02-28 18:49:07,071 [MainThread  ][INFO ]  ---- Starting iteration 3/100
2019-02-28 18:49:07,071 [MainThread  ][DEBUG]  Setting hyperparameter tf=0.17878787878787877
2019-02-28 18:49:07,071 [MainThread  ][INFO ]  Starting optimization for tf=0.17878787878787877
2019-02-28 18:49:07,071 [MainThread  ][DEBUG]  Optimization method: Nelder-Mead
2019-02-28 18:49:07,071 [MainThread  ][DEBUG]  Optimization options: None
2019-02-28 18:49:07,072 [MainThread  ][INFO ]  Initial parameter values: [1.50835049 0.08939394 5.44930893]
2019-02-28 18:50:26,172 [MainThread  ][INFO ]  Final fidelity: 0.7635465720250706
2019-02-28 18:50:26,173 [MainThread  ][INFO ]  Final parameters: [2.04610965 0.09049191 3.99824822]
2019-02-28 18:50:26,173 [MainThread  ][INFO ]  Fidelity: 0.7635465720250706
2019-02-28 18:50:26,173 [MainThread  ][INFO ]  ---- Starting iteration 4/100
2019-02-28 18:50:26,173 [MainThread  ][DEBUG]  Setting hyperparameter tf=0.21818181818181817
2019-02-28 18:50:26,173 [MainThread  ][INFO ]  Starting optimization for tf=0.21818181818181817
2019-02-28 18:50:26,173 [MainThread  ][DEBUG]  Optimization method: Nelder-Mead
2019-02-28 18:50:26,174 [MainThread  ][DEBUG]  Optimization options: None
2019-02-28 18:50:26,174 [MainThread  ][INFO ]  Initial parameter values: [2.8552903  0.10909091 4.11697782]
2019-02-28 18:52:06,107 [MainThread  ][INFO ]  Final fidelity: 0.767763133219949
2019-02-28 18:52:06,110 [MainThread  ][INFO ]  Final parameters: [5.43132811 0.11652535 1.67654315]
2019-02-28 18:52:06,110 [MainThread  ][INFO ]  Fidelity: 0.767763133219949
2019-02-28 18:52:06,111 [MainThread  ][INFO ]  ---- Starting iteration 5/100
2019-02-28 18:52:06,111 [MainThread  ][DEBUG]  Setting hyperparameter tf=0.25757575757575757
2019-02-28 18:52:06,111 [MainThread  ][INFO ]  Starting optimization for tf=0.25757575757575757
2019-02-28 18:52:06,111 [MainThread  ][DEBUG]  Optimization method: Nelder-Mead
2019-02-28 18:52:06,111 [MainThread  ][DEBUG]  Optimization options: None
2019-02-28 18:52:06,111 [MainThread  ][INFO ]  Initial parameter values: [0.64929763 0.12878788 4.02744522]
2019-02-28 18:53:36,459 [MainThread  ][INFO ]  Final fidelity: 0.7648835740221662
2019-02-28 18:53:36,461 [MainThread  ][INFO ]  Final parameters: [2.89236768 0.15717092 3.94754605]
2019-02-28 18:53:36,462 [MainThread  ][INFO ]  Fidelity: 0.7648835740221662
2019-02-28 18:53:36,462 [MainThread  ][INFO ]  ---- Starting iteration 6/100
2019-02-28 18:53:36,462 [MainThread  ][DEBUG]  Setting hyperparameter tf=0.296969696969697
2019-02-28 18:53:36,462 [MainThread  ][INFO ]  Starting optimization for tf=0.296969696969697
2019-02-28 18:53:36,462 [MainThread  ][DEBUG]  Optimization method: Nelder-Mead
2019-02-28 18:53:36,462 [MainThread  ][DEBUG]  Optimization options: None
2019-02-28 18:53:36,462 [MainThread  ][INFO ]  Initial parameter values: [4.16034269 0.14848485 3.67509607]
2019-02-28 18:55:25,196 [MainThread  ][INFO ]  Final fidelity: 0.7716575514036318
2019-02-28 18:55:25,198 [MainThread  ][INFO ]  Final parameters: [ 5.27567461  0.17625715 -0.07244678]
2019-02-28 18:55:25,198 [MainThread  ][INFO ]  Fidelity: 0.7716575514036318
2019-02-28 18:55:25,198 [MainThread  ][INFO ]  ---- Starting iteration 7/100
2019-02-28 18:55:25,198 [MainThread  ][DEBUG]  Setting hyperparameter tf=0.3363636363636363
2019-02-28 18:55:25,199 [MainThread  ][INFO ]  Starting optimization for tf=0.3363636363636363
2019-02-28 18:55:25,199 [MainThread  ][DEBUG]  Optimization method: Nelder-Mead
2019-02-28 18:55:25,199 [MainThread  ][DEBUG]  Optimization options: None
2019-02-28 18:55:25,199 [MainThread  ][INFO ]  Initial parameter values: [6.52613538 0.16818182 6.54608474]
2019-02-28 18:56:40,773 [MainThread  ][INFO ]  Final fidelity: 0.7725203844092355
2019-02-28 18:56:40,774 [MainThread  ][INFO ]  Final parameters: [4.41348042 0.25314109 1.31465444]
2019-02-28 18:56:40,774 [MainThread  ][INFO ]  Fidelity: 0.7725203844092355
2019-02-28 18:56:40,774 [MainThread  ][INFO ]  ---- Starting iteration 8/100
2019-02-28 18:56:40,774 [MainThread  ][DEBUG]  Setting hyperparameter tf=0.37575757575757573
2019-02-28 18:56:40,774 [MainThread  ][INFO ]  Starting optimization for tf=0.37575757575757573
2019-02-28 18:56:40,774 [MainThread  ][DEBUG]  Optimization method: Nelder-Mead
2019-02-28 18:56:40,774 [MainThread  ][DEBUG]  Optimization options: None
2019-02-28 18:56:40,775 [MainThread  ][INFO ]  Initial parameter values: [6.64656162 0.18787879 5.76692752]
2019-02-28 18:58:02,457 [MainThread  ][INFO ]  Final fidelity: 0.7761235591724422
2019-02-28 18:58:02,459 [MainThread  ][INFO ]  Final parameters: [ 5.18926929  0.24634049 -0.07418829]
2019-02-28 18:58:02,459 [MainThread  ][INFO ]  Fidelity: 0.7761235591724422
2019-02-28 18:58:02,459 [MainThread  ][INFO ]  ---- Starting iteration 9/100
2019-02-28 18:58:02,459 [MainThread  ][DEBUG]  Setting hyperparameter tf=0.41515151515151516
2019-02-28 18:58:02,459 [MainThread  ][INFO ]  Starting optimization for tf=0.41515151515151516
2019-02-28 18:58:02,459 [MainThread  ][DEBUG]  Optimization method: Nelder-Mead
2019-02-28 18:58:02,459 [MainThread  ][DEBUG]  Optimization options: None
2019-02-28 18:58:02,459 [MainThread  ][INFO ]  Initial parameter values: [6.76121493 0.20757576 4.62139988]
2019-02-28 18:59:47,019 [MainThread  ][INFO ]  Final fidelity: 0.779200468479481
2019-02-28 18:59:47,021 [MainThread  ][INFO ]  Final parameters: [ 4.65735059  0.2953868  -0.02278065]
2019-02-28 18:59:47,021 [MainThread  ][INFO ]  Fidelity: 0.779200468479481
2019-02-28 18:59:47,021 [MainThread  ][INFO ]  ---- Starting iteration 10/100
2019-02-28 18:59:47,021 [MainThread  ][DEBUG]  Setting hyperparameter tf=0.4545454545454545
2019-02-28 18:59:47,021 [MainThread  ][INFO ]  Starting optimization for tf=0.4545454545454545
2019-02-28 18:59:47,021 [MainThread  ][DEBUG]  Optimization method: Nelder-Mead
2019-02-28 18:59:47,021 [MainThread  ][DEBUG]  Optimization options: None
2019-02-28 18:59:47,022 [MainThread  ][INFO ]  Initial parameter values: [4.57137933 0.22727273 0.1976792 ]
2019-02-28 19:00:45,395 [MainThread  ][INFO ]  Final fidelity: 0.7883562079800013
2019-02-28 19:00:45,396 [MainThread  ][INFO ]  Final parameters: [5.68204313 0.25364687 0.15880643]
2019-02-28 19:00:45,396 [MainThread  ][INFO ]  Fidelity: 0.7883562079800013
2019-02-28 19:00:45,396 [MainThread  ][INFO ]  ---- Starting iteration 11/100
2019-02-28 19:00:45,396 [MainThread  ][DEBUG]  Setting hyperparameter tf=0.4939393939393939
2019-02-28 19:00:45,396 [MainThread  ][INFO ]  Starting optimization for tf=0.4939393939393939
2019-02-28 19:00:45,396 [MainThread  ][DEBUG]  Optimization method: Nelder-Mead
2019-02-28 19:00:45,396 [MainThread  ][DEBUG]  Optimization options: None
2019-02-28 19:00:45,397 [MainThread  ][INFO ]  Initial parameter values: [4.6638713  0.2469697  8.68048491]
2019-02-28 19:02:18,326 [MainThread  ][INFO ]  Final fidelity: 0.7835671019776098
2019-02-28 19:02:18,329 [MainThread  ][INFO ]  Final parameters: [4.65121408e+00 3.66795433e-01 1.66400812e-03]
2019-02-28 19:02:18,329 [MainThread  ][INFO ]  Fidelity: 0.7835671019776098
2019-02-28 19:02:18,329 [MainThread  ][INFO ]  ---- Starting iteration 12/100
2019-02-28 19:02:18,329 [MainThread  ][DEBUG]  Setting hyperparameter tf=0.5333333333333333
2019-02-28 19:02:18,329 [MainThread  ][INFO ]  Starting optimization for tf=0.5333333333333333
2019-02-28 19:02:18,329 [MainThread  ][DEBUG]  Optimization method: Nelder-Mead
2019-02-28 19:02:18,329 [MainThread  ][DEBUG]  Optimization options: None
2019-02-28 19:02:18,330 [MainThread  ][INFO ]  Initial parameter values: [1.83221265 0.26666667 1.16294217]
2019-02-28 19:04:41,614 [MainThread  ][INFO ]  Final fidelity: 0.7979813721182852
2019-02-28 19:04:41,616 [MainThread  ][INFO ]  Final parameters: [5.70651538 0.2900838  0.0519279 ]
2019-02-28 19:04:41,616 [MainThread  ][INFO ]  Fidelity: 0.7979813721182852
2019-02-28 19:04:41,617 [MainThread  ][INFO ]  ---- Starting iteration 13/100
2019-02-28 19:04:41,617 [MainThread  ][DEBUG]  Setting hyperparameter tf=0.5727272727272726
2019-02-28 19:04:41,617 [MainThread  ][INFO ]  Starting optimization for tf=0.5727272727272726
2019-02-28 19:04:41,617 [MainThread  ][DEBUG]  Optimization method: Nelder-Mead
2019-02-28 19:04:41,617 [MainThread  ][DEBUG]  Optimization options: None
2019-02-28 19:04:41,617 [MainThread  ][INFO ]  Initial parameter values: [5.08835757 0.28636364 6.34777037]
2019-02-28 19:05:54,655 [MainThread  ][INFO ]  Final fidelity: 0.8048632974974047
2019-02-28 19:05:54,657 [MainThread  ][INFO ]  Final parameters: [5.89762140e+00 3.12253146e-01 4.06163782e-03]
2019-02-28 19:05:54,657 [MainThread  ][INFO ]  Fidelity: 0.8048632974974047
2019-02-28 19:05:54,657 [MainThread  ][INFO ]  ---- Starting iteration 14/100
2019-02-28 19:05:54,657 [MainThread  ][DEBUG]  Setting hyperparameter tf=0.6121212121212121
2019-02-28 19:05:54,657 [MainThread  ][INFO ]  Starting optimization for tf=0.6121212121212121
2019-02-28 19:05:54,657 [MainThread  ][DEBUG]  Optimization method: Nelder-Mead
2019-02-28 19:05:54,657 [MainThread  ][DEBUG]  Optimization options: None
2019-02-28 19:05:54,657 [MainThread  ][INFO ]  Initial parameter values: [3.69574452 0.30606061 2.05446564]
2019-02-28 19:07:28,149 [MainThread  ][INFO ]  Final fidelity: 0.812319829676531
2019-02-28 19:07:28,151 [MainThread  ][INFO ]  Final parameters: [6.32859917 0.29934654 0.02307543]
2019-02-28 19:07:28,151 [MainThread  ][INFO ]  Fidelity: 0.812319829676531
2019-02-28 19:07:28,152 [MainThread  ][INFO ]  ---- Starting iteration 15/100
2019-02-28 19:07:28,152 [MainThread  ][DEBUG]  Setting hyperparameter tf=0.6515151515151515
2019-02-28 19:07:28,152 [MainThread  ][INFO ]  Starting optimization for tf=0.6515151515151515
2019-02-28 19:07:28,152 [MainThread  ][DEBUG]  Optimization method: Nelder-Mead
2019-02-28 19:07:28,152 [MainThread  ][DEBUG]  Optimization options: None
2019-02-28 19:07:28,152 [MainThread  ][INFO ]  Initial parameter values: [7.49403564 0.32575758 8.38717737]
2019-02-28 19:09:07,078 [MainThread  ][INFO ]  Final fidelity: 0.7981416992618907
2019-02-28 19:09:07,081 [MainThread  ][INFO ]  Final parameters: [4.27298956 0.523359   0.00803687]
2019-02-28 19:09:07,081 [MainThread  ][INFO ]  Fidelity: 0.7981416992618907
2019-02-28 19:09:07,082 [MainThread  ][INFO ]  ---- Starting iteration 16/100
2019-02-28 19:09:07,082 [MainThread  ][DEBUG]  Setting hyperparameter tf=0.6909090909090908
2019-02-28 19:09:07,082 [MainThread  ][INFO ]  Starting optimization for tf=0.6909090909090908
2019-02-28 19:09:07,082 [MainThread  ][DEBUG]  Optimization method: Nelder-Mead
2019-02-28 19:09:07,082 [MainThread  ][DEBUG]  Optimization options: None
2019-02-28 19:09:07,082 [MainThread  ][INFO ]  Initial parameter values: [2.39038386 0.34545455 9.35328519]
2019-02-28 19:11:12,731 [MainThread  ][INFO ]  Final fidelity: 0.839760778617022
2019-02-28 19:11:12,732 [MainThread  ][INFO ]  Final parameters: [7.99923897 0.24470313 0.00813244]
2019-02-28 19:11:12,732 [MainThread  ][INFO ]  Fidelity: 0.839760778617022
2019-02-28 19:11:12,732 [MainThread  ][INFO ]  ---- Starting iteration 17/100
2019-02-28 19:11:12,732 [MainThread  ][DEBUG]  Setting hyperparameter tf=0.7303030303030302
2019-02-28 19:11:12,732 [MainThread  ][INFO ]  Starting optimization for tf=0.7303030303030302
2019-02-28 19:11:12,732 [MainThread  ][DEBUG]  Optimization method: Nelder-Mead
2019-02-28 19:11:12,732 [MainThread  ][DEBUG]  Optimization options: None
2019-02-28 19:11:12,733 [MainThread  ][INFO ]  Initial parameter values: [7.03960661 0.36515152 4.48979448]
2019-02-28 19:12:47,433 [MainThread  ][INFO ]  Final fidelity: 0.8268331835784165
2019-02-28 19:12:47,435 [MainThread  ][INFO ]  Final parameters: [5.68716772 0.41915969 0.00880672]
2019-02-28 19:12:47,435 [MainThread  ][INFO ]  Fidelity: 0.8268331835784165
2019-02-28 19:12:47,435 [MainThread  ][INFO ]  ---- Starting iteration 18/100
2019-02-28 19:12:47,438 [MainThread  ][DEBUG]  Setting hyperparameter tf=0.7696969696969697
2019-02-28 19:12:47,438 [MainThread  ][INFO ]  Starting optimization for tf=0.7696969696969697
2019-02-28 19:12:47,438 [MainThread  ][DEBUG]  Optimization method: Nelder-Mead
2019-02-28 19:12:47,438 [MainThread  ][DEBUG]  Optimization options: None
2019-02-28 19:12:47,439 [MainThread  ][INFO ]  Initial parameter values: [3.53821035 0.38484848 3.87543981]
2019-02-28 19:14:04,631 [MainThread  ][INFO ]  Final fidelity: 0.8532751580111237
2019-02-28 19:14:04,633 [MainThread  ][INFO ]  Final parameters: [ 7.95243033  0.25941342 -0.03800386]
2019-02-28 19:14:04,633 [MainThread  ][INFO ]  Fidelity: 0.8532751580111237
2019-02-28 19:14:04,634 [MainThread  ][INFO ]  ---- Starting iteration 19/100
2019-02-28 19:14:04,634 [MainThread  ][DEBUG]  Setting hyperparameter tf=0.809090909090909
2019-02-28 19:14:04,634 [MainThread  ][INFO ]  Starting optimization for tf=0.809090909090909
2019-02-28 19:14:04,634 [MainThread  ][DEBUG]  Optimization method: Nelder-Mead
2019-02-28 19:14:04,634 [MainThread  ][DEBUG]  Optimization options: None
2019-02-28 19:14:04,634 [MainThread  ][INFO ]  Initial parameter values: [9.1288455  0.40454545 2.84652322]
2019-02-28 19:15:31,320 [MainThread  ][INFO ]  Final fidelity: 0.8472377523674073
2019-02-28 19:15:31,321 [MainThread  ][INFO ]  Final parameters: [6.15926177 0.42842118 0.00754584]
2019-02-28 19:15:31,321 [MainThread  ][INFO ]  Fidelity: 0.8472377523674073
2019-02-28 19:15:31,321 [MainThread  ][INFO ]  ---- Starting iteration 20/100
2019-02-28 19:15:31,322 [MainThread  ][DEBUG]  Setting hyperparameter tf=0.8484848484848484
2019-02-28 19:15:31,322 [MainThread  ][INFO ]  Starting optimization for tf=0.8484848484848484
2019-02-28 19:15:31,322 [MainThread  ][DEBUG]  Optimization method: Nelder-Mead
2019-02-28 19:15:31,322 [MainThread  ][DEBUG]  Optimization options: None
2019-02-28 19:15:31,322 [MainThread  ][INFO ]  Initial parameter values: [4.52039566 0.42424242 1.35606284]
2019-02-28 19:17:05,900 [MainThread  ][INFO ]  Final fidelity: 0.8607338849840269
2019-02-28 19:17:05,902 [MainThread  ][INFO ]  Final parameters: [6.46803798 0.41345143 0.00894474]
2019-02-28 19:17:05,902 [MainThread  ][INFO ]  Fidelity: 0.8607338849840269
2019-02-28 19:17:05,902 [MainThread  ][INFO ]  ---- Starting iteration 21/100
2019-02-28 19:17:05,903 [MainThread  ][DEBUG]  Setting hyperparameter tf=0.8878787878787878
2019-02-28 19:17:05,903 [MainThread  ][INFO ]  Starting optimization for tf=0.8878787878787878
2019-02-28 19:17:05,903 [MainThread  ][DEBUG]  Optimization method: Nelder-Mead
2019-02-28 19:17:05,903 [MainThread  ][DEBUG]  Optimization options: None
2019-02-28 19:17:05,903 [MainThread  ][INFO ]  Initial parameter values: [7.57052352 0.44393939 5.44484501]
2019-02-28 19:18:53,701 [MainThread  ][INFO ]  Final fidelity: 0.8419364615540219
2019-02-28 19:18:53,704 [MainThread  ][INFO ]  Final parameters: [4.93608608 0.62755833 0.03639428]
2019-02-28 19:18:53,704 [MainThread  ][INFO ]  Fidelity: 0.8419364615540219
2019-02-28 19:18:53,705 [MainThread  ][INFO ]  ---- Starting iteration 22/100
2019-02-28 19:18:53,705 [MainThread  ][DEBUG]  Setting hyperparameter tf=0.9272727272727271
2019-02-28 19:18:53,705 [MainThread  ][INFO ]  Starting optimization for tf=0.9272727272727271
2019-02-28 19:18:53,705 [MainThread  ][DEBUG]  Optimization method: Nelder-Mead
2019-02-28 19:18:53,705 [MainThread  ][DEBUG]  Optimization options: None
2019-02-28 19:18:53,705 [MainThread  ][INFO ]  Initial parameter values: [8.95827398 0.46363636 0.88554941]
2019-02-28 19:20:18,503 [MainThread  ][INFO ]  Final fidelity: 0.8735143669224323
2019-02-28 19:20:18,504 [MainThread  ][INFO ]  Final parameters: [6.25915925 0.48621165 0.01875708]
2019-02-28 19:20:18,504 [MainThread  ][INFO ]  Fidelity: 0.8735143669224323
2019-02-28 19:20:18,504 [MainThread  ][INFO ]  ---- Starting iteration 23/100
2019-02-28 19:20:18,505 [MainThread  ][DEBUG]  Setting hyperparameter tf=0.9666666666666666
2019-02-28 19:20:18,505 [MainThread  ][INFO ]  Starting optimization for tf=0.9666666666666666
2019-02-28 19:20:18,505 [MainThread  ][DEBUG]  Optimization method: Nelder-Mead
2019-02-28 19:20:18,505 [MainThread  ][DEBUG]  Optimization options: None
2019-02-28 19:20:18,505 [MainThread  ][INFO ]  Initial parameter values: [5.56074872 0.48333333 9.47898894]
2019-02-28 19:21:59,794 [MainThread  ][INFO ]  Final fidelity: 0.8986963587403713
2019-02-28 19:21:59,795 [MainThread  ][INFO ]  Final parameters: [7.26903032e+00 4.06668104e-01 3.88015652e-03]
2019-02-28 19:21:59,795 [MainThread  ][INFO ]  Fidelity: 0.8986963587403713
2019-02-28 19:21:59,796 [MainThread  ][INFO ]  ---- Starting iteration 24/100
2019-02-28 19:21:59,796 [MainThread  ][DEBUG]  Setting hyperparameter tf=1.006060606060606
2019-02-28 19:21:59,796 [MainThread  ][INFO ]  Starting optimization for tf=1.006060606060606
2019-02-28 19:21:59,796 [MainThread  ][DEBUG]  Optimization method: Nelder-Mead
2019-02-28 19:21:59,796 [MainThread  ][DEBUG]  Optimization options: None
2019-02-28 19:21:59,796 [MainThread  ][INFO ]  Initial parameter values: [4.27223408 0.5030303  2.53392614]
2019-02-28 19:23:21,541 [MainThread  ][INFO ]  Final fidelity: 0.8987984998339278
2019-02-28 19:23:21,542 [MainThread  ][INFO ]  Final parameters: [6.60527579 0.49695413 0.01930646]
2019-02-28 19:23:21,543 [MainThread  ][INFO ]  Fidelity: 0.8987984998339278
2019-02-28 19:23:21,543 [MainThread  ][INFO ]  ---- Starting iteration 25/100
2019-02-28 19:23:21,543 [MainThread  ][DEBUG]  Setting hyperparameter tf=1.0454545454545454
2019-02-28 19:23:21,543 [MainThread  ][INFO ]  Starting optimization for tf=1.0454545454545454
2019-02-28 19:23:21,543 [MainThread  ][DEBUG]  Optimization method: Nelder-Mead
2019-02-28 19:23:21,543 [MainThread  ][DEBUG]  Optimization options: None
2019-02-28 19:23:21,543 [MainThread  ][INFO ]  Initial parameter values: [6.38149467 0.52272727 1.32806047]
2019-02-28 19:24:36,743 [MainThread  ][INFO ]  Final fidelity: 0.9025400179296569
2019-02-28 19:24:36,756 [MainThread  ][INFO ]  Final parameters: [6.37167021 0.54376303 0.02037652]
2019-02-28 19:24:36,756 [MainThread  ][INFO ]  Fidelity: 0.9025400179296569
2019-02-28 19:24:36,756 [MainThread  ][INFO ]  ---- Starting iteration 26/100
2019-02-28 19:24:36,757 [MainThread  ][DEBUG]  Setting hyperparameter tf=1.0848484848484847
2019-02-28 19:24:36,757 [MainThread  ][INFO ]  Starting optimization for tf=1.0848484848484847
2019-02-28 19:24:36,757 [MainThread  ][DEBUG]  Optimization method: Nelder-Mead
2019-02-28 19:24:36,757 [MainThread  ][DEBUG]  Optimization options: None
2019-02-28 19:24:36,757 [MainThread  ][INFO ]  Initial parameter values: [9.87498424 0.54242424 6.58091436]
2019-02-28 19:26:48,224 [MainThread  ][INFO ]  Final fidelity: 0.8424486380278395
2019-02-28 19:26:48,224 [MainThread  ][INFO ]  Final parameters: [-4.03262224  0.98695932  0.660245  ]
2019-02-28 19:26:48,225 [MainThread  ][INFO ]  Fidelity: 0.8424486380278395
2019-02-28 19:26:48,225 [MainThread  ][INFO ]  ---- Starting iteration 27/100
2019-02-28 19:26:48,225 [MainThread  ][DEBUG]  Setting hyperparameter tf=1.1242424242424243
2019-02-28 19:26:48,225 [MainThread  ][INFO ]  Starting optimization for tf=1.1242424242424243
2019-02-28 19:26:48,225 [MainThread  ][DEBUG]  Optimization method: Nelder-Mead
2019-02-28 19:26:48,225 [MainThread  ][DEBUG]  Optimization options: None
2019-02-28 19:26:48,225 [MainThread  ][INFO ]  Initial parameter values: [3.23584248 0.56212121 1.59252476]
2019-02-28 19:28:30,743 [MainThread  ][INFO ]  Final fidelity: 0.9390314235242346
2019-02-28 19:28:30,750 [MainThread  ][INFO ]  Final parameters: [7.35161905 0.49220972 0.01775562]
2019-02-28 19:28:30,750 [MainThread  ][INFO ]  Fidelity: 0.9390314235242346
2019-02-28 19:28:30,750 [MainThread  ][INFO ]  ---- Starting iteration 28/100
2019-02-28 19:28:30,750 [MainThread  ][DEBUG]  Setting hyperparameter tf=1.1636363636363636
2019-02-28 19:28:30,750 [MainThread  ][INFO ]  Starting optimization for tf=1.1636363636363636
2019-02-28 19:28:30,750 [MainThread  ][DEBUG]  Optimization method: Nelder-Mead
2019-02-28 19:28:30,750 [MainThread  ][DEBUG]  Optimization options: None
2019-02-28 19:28:30,750 [MainThread  ][INFO ]  Initial parameter values: [0.38144706 0.58181818 8.93991854]
2019-02-28 19:31:08,775 [MainThread  ][INFO ]  Final fidelity: 0.8769202745845379
2019-02-28 19:31:08,782 [MainThread  ][INFO ]  Final parameters: [4.61968212 0.91287259 0.00777804]
2019-02-28 19:31:08,782 [MainThread  ][INFO ]  Fidelity: 0.8769202745845379
2019-02-28 19:31:08,782 [MainThread  ][INFO ]  ---- Starting iteration 29/100
2019-02-28 19:31:08,782 [MainThread  ][DEBUG]  Setting hyperparameter tf=1.2030303030303031
2019-02-28 19:31:08,783 [MainThread  ][INFO ]  Starting optimization for tf=1.2030303030303031
2019-02-28 19:31:08,783 [MainThread  ][DEBUG]  Optimization method: Nelder-Mead
2019-02-28 19:31:08,783 [MainThread  ][DEBUG]  Optimization options: None
2019-02-28 19:31:08,783 [MainThread  ][INFO ]  Initial parameter values: [9.28204646 0.60151515 6.30676196]
2019-02-28 19:32:47,444 [MainThread  ][INFO ]  Final fidelity: 0.8669051245823876
2019-02-28 19:32:47,445 [MainThread  ][INFO ]  Final parameters: [-4.24405514  1.04418819  0.44205703]
2019-02-28 19:32:47,445 [MainThread  ][INFO ]  Fidelity: 0.8669051245823876
2019-02-28 19:32:47,445 [MainThread  ][INFO ]  ---- Starting iteration 30/100
2019-02-28 19:32:47,445 [MainThread  ][DEBUG]  Setting hyperparameter tf=1.2424242424242424
2019-02-28 19:32:47,445 [MainThread  ][INFO ]  Starting optimization for tf=1.2424242424242424
2019-02-28 19:32:47,445 [MainThread  ][DEBUG]  Optimization method: Nelder-Mead
2019-02-28 19:32:47,445 [MainThread  ][DEBUG]  Optimization options: None
2019-02-28 19:32:47,445 [MainThread  ][INFO ]  Initial parameter values: [1.4738392  0.62121212 3.66637967]
2019-02-28 19:34:53,807 [MainThread  ][INFO ]  Final fidelity: 0.9827067079899047
2019-02-28 19:34:53,808 [MainThread  ][INFO ]  Final parameters: [15.54273527  0.17629589  0.7680346 ]
2019-02-28 19:34:53,808 [MainThread  ][INFO ]  Fidelity: 0.9827067079899047
2019-02-28 19:34:53,808 [MainThread  ][INFO ]  ---- Starting iteration 31/100
2019-02-28 19:34:53,808 [MainThread  ][DEBUG]  Setting hyperparameter tf=1.2818181818181817
2019-02-28 19:34:53,809 [MainThread  ][INFO ]  Starting optimization for tf=1.2818181818181817
2019-02-28 19:34:53,809 [MainThread  ][DEBUG]  Optimization method: Nelder-Mead
2019-02-28 19:34:53,809 [MainThread  ][DEBUG]  Optimization options: None
2019-02-28 19:34:53,809 [MainThread  ][INFO ]  Initial parameter values: [9.03793266 0.64090909 7.85094126]
2019-02-28 19:36:33,590 [MainThread  ][INFO ]  Final fidelity: 0.8722265236798392
2019-02-28 19:36:33,593 [MainThread  ][INFO ]  Final parameters: [4.11444397 1.15599358 0.01234296]
2019-02-28 19:36:33,593 [MainThread  ][INFO ]  Fidelity: 0.8722265236798392
2019-02-28 19:36:33,593 [MainThread  ][INFO ]  ---- Starting iteration 32/100
2019-02-28 19:36:33,593 [MainThread  ][DEBUG]  Setting hyperparameter tf=1.3212121212121213
2019-02-28 19:36:33,593 [MainThread  ][INFO ]  Starting optimization for tf=1.3212121212121213
2019-02-28 19:36:33,593 [MainThread  ][DEBUG]  Optimization method: Nelder-Mead
2019-02-28 19:36:33,593 [MainThread  ][DEBUG]  Optimization options: None
2019-02-28 19:36:33,594 [MainThread  ][INFO ]  Initial parameter values: [8.7781191  0.66060606 7.46280629]
2019-02-28 19:38:05,844 [MainThread  ][INFO ]  Final fidelity: 0.902864675412849
2019-02-28 19:38:05,847 [MainThread  ][INFO ]  Final parameters: [4.60166901 1.06262658 0.01301026]
2019-02-28 19:38:05,847 [MainThread  ][INFO ]  Fidelity: 0.902864675412849
2019-02-28 19:38:05,847 [MainThread  ][INFO ]  ---- Starting iteration 33/100
2019-02-28 19:38:05,847 [MainThread  ][DEBUG]  Setting hyperparameter tf=1.3606060606060606
2019-02-28 19:38:05,847 [MainThread  ][INFO ]  Starting optimization for tf=1.3606060606060606
2019-02-28 19:38:05,847 [MainThread  ][DEBUG]  Optimization method: Nelder-Mead
2019-02-28 19:38:05,847 [MainThread  ][DEBUG]  Optimization options: None
2019-02-28 19:38:05,848 [MainThread  ][INFO ]  Initial parameter values: [8.34849868 0.68030303 6.99564909]
2019-02-28 19:39:09,287 [MainThread  ][INFO ]  Final fidelity: 0.893867893075547
2019-02-28 19:39:09,287 [MainThread  ][INFO ]  Final parameters: [4.35268909 1.16974463 0.02297005]
2019-02-28 19:39:09,287 [MainThread  ][INFO ]  Fidelity: 0.893867893075547
2019-02-28 19:39:09,287 [MainThread  ][INFO ]  ---- Starting iteration 34/100
2019-02-28 19:39:09,288 [MainThread  ][DEBUG]  Setting hyperparameter tf=1.4
2019-02-28 19:39:09,288 [MainThread  ][INFO ]  Starting optimization for tf=1.4
2019-02-28 19:39:09,288 [MainThread  ][DEBUG]  Optimization method: Nelder-Mead
2019-02-28 19:39:09,288 [MainThread  ][DEBUG]  Optimization options: None
2019-02-28 19:39:09,288 [MainThread  ][INFO ]  Initial parameter values: [5.15114118 0.7        9.43580727]
2019-02-28 19:40:18,029 [MainThread  ][INFO ]  Final fidelity: 0.9828514884506288
2019-02-28 19:40:18,029 [MainThread  ][INFO ]  Final parameters: [ 6.76480769  0.7128919  -0.0213879 ]
2019-02-28 19:40:18,029 [MainThread  ][INFO ]  Fidelity: 0.9828514884506288
2019-02-28 19:40:18,030 [MainThread  ][INFO ]  ---- Starting iteration 35/100
2019-02-28 19:40:18,030 [MainThread  ][DEBUG]  Setting hyperparameter tf=1.4393939393939394
2019-02-28 19:40:18,030 [MainThread  ][INFO ]  Starting optimization for tf=1.4393939393939394
2019-02-28 19:40:18,030 [MainThread  ][DEBUG]  Optimization method: Nelder-Mead
2019-02-28 19:40:18,030 [MainThread  ][DEBUG]  Optimization options: None
2019-02-28 19:40:18,030 [MainThread  ][INFO ]  Initial parameter values: [5.1817175  0.71969697 4.32369987]
2019-02-28 19:41:15,258 [MainThread  ][INFO ]  Final fidelity: 0.9878974193822596
2019-02-28 19:41:15,259 [MainThread  ][INFO ]  Final parameters: [6.7637992  0.74556187 0.01396009]
2019-02-28 19:41:15,259 [MainThread  ][INFO ]  Fidelity: 0.9878974193822596
2019-02-28 19:41:15,259 [MainThread  ][INFO ]  ---- Starting iteration 36/100
2019-02-28 19:41:15,259 [MainThread  ][DEBUG]  Setting hyperparameter tf=1.4787878787878788
2019-02-28 19:41:15,260 [MainThread  ][INFO ]  Starting optimization for tf=1.4787878787878788
2019-02-28 19:41:15,260 [MainThread  ][DEBUG]  Optimization method: Nelder-Mead
2019-02-28 19:41:15,260 [MainThread  ][DEBUG]  Optimization options: None
2019-02-28 19:41:15,260 [MainThread  ][INFO ]  Initial parameter values: [1.02144731 0.73939394 9.80256408]
2019-02-28 19:42:53,694 [MainThread  ][INFO ]  Final fidelity: 0.9661883148468153
2019-02-28 19:42:53,695 [MainThread  ][INFO ]  Final parameters: [5.55268987 0.97717629 0.02426111]
2019-02-28 19:42:53,695 [MainThread  ][INFO ]  Fidelity: 0.9661883148468153
2019-02-28 19:42:53,695 [MainThread  ][INFO ]  ---- Starting iteration 37/100
2019-02-28 19:42:53,695 [MainThread  ][DEBUG]  Setting hyperparameter tf=1.518181818181818
2019-02-28 19:42:53,696 [MainThread  ][INFO ]  Starting optimization for tf=1.518181818181818
2019-02-28 19:42:53,696 [MainThread  ][DEBUG]  Optimization method: Nelder-Mead
2019-02-28 19:42:53,696 [MainThread  ][DEBUG]  Optimization options: None
2019-02-28 19:42:53,696 [MainThread  ][INFO ]  Initial parameter values: [0.80910059 0.75909091 3.04884938]
2019-02-28 19:43:51,744 [MainThread  ][INFO ]  Final fidelity: 0.8815822231571186
2019-02-28 19:43:51,746 [MainThread  ][INFO ]  Final parameters: [1.21681317e+00 1.08171707e-07 3.81561862e+00]
2019-02-28 19:43:51,746 [MainThread  ][INFO ]  Fidelity: 0.8815822231571186
2019-02-28 19:43:51,746 [MainThread  ][INFO ]  ---- Starting iteration 38/100
2019-02-28 19:43:51,746 [MainThread  ][DEBUG]  Setting hyperparameter tf=1.5575757575757576
2019-02-28 19:43:51,746 [MainThread  ][INFO ]  Starting optimization for tf=1.5575757575757576
2019-02-28 19:43:51,746 [MainThread  ][DEBUG]  Optimization method: Nelder-Mead
2019-02-28 19:43:51,746 [MainThread  ][DEBUG]  Optimization options: None
2019-02-28 19:43:51,747 [MainThread  ][INFO ]  Initial parameter values: [6.80446267 0.77878788 2.64355851]
2019-02-28 19:45:10,250 [MainThread  ][INFO ]  Final fidelity: 0.9958194132101192
2019-02-28 19:45:10,271 [MainThread  ][INFO ]  Final parameters: [6.89176865 0.80296591 0.15712894]
2019-02-28 19:45:10,271 [MainThread  ][INFO ]  Fidelity: 0.9958194132101192
2019-02-28 19:45:10,271 [MainThread  ][INFO ]  ---- Starting iteration 39/100
2019-02-28 19:45:10,271 [MainThread  ][DEBUG]  Setting hyperparameter tf=1.596969696969697
2019-02-28 19:45:10,271 [MainThread  ][INFO ]  Starting optimization for tf=1.596969696969697
2019-02-28 19:45:10,271 [MainThread  ][DEBUG]  Optimization method: Nelder-Mead
2019-02-28 19:45:10,272 [MainThread  ][DEBUG]  Optimization options: None
2019-02-28 19:45:10,272 [MainThread  ][INFO ]  Initial parameter values: [0.86623476 0.79848485 3.87939335]
2019-02-28 19:47:01,217 [MainThread  ][INFO ]  Final fidelity: 0.8902136281188007
2019-02-28 19:47:01,218 [MainThread  ][INFO ]  Final parameters: [2.61827636 0.0162076  3.85090546]
2019-02-28 19:47:01,218 [MainThread  ][INFO ]  Fidelity: 0.8902136281188007
2019-02-28 19:47:01,218 [MainThread  ][INFO ]  ---- Starting iteration 40/100
2019-02-28 19:47:01,218 [MainThread  ][DEBUG]  Setting hyperparameter tf=1.6363636363636362
2019-02-28 19:47:01,218 [MainThread  ][INFO ]  Starting optimization for tf=1.6363636363636362
2019-02-28 19:47:01,218 [MainThread  ][DEBUG]  Optimization method: Nelder-Mead
2019-02-28 19:47:01,218 [MainThread  ][DEBUG]  Optimization options: None
2019-02-28 19:47:01,219 [MainThread  ][INFO ]  Initial parameter values: [2.8646746  0.81818182 0.85998177]
2019-02-28 19:48:28,965 [MainThread  ][INFO ]  Final fidelity: 0.9661241391198271
2019-02-28 19:48:28,965 [MainThread  ][INFO ]  Final parameters: [4.9519487  1.25556926 0.01394964]
2019-02-28 19:48:28,966 [MainThread  ][INFO ]  Fidelity: 0.9661241391198271
2019-02-28 19:48:28,966 [MainThread  ][INFO ]  ---- Starting iteration 41/100
2019-02-28 19:48:28,966 [MainThread  ][DEBUG]  Setting hyperparameter tf=1.6757575757575758
2019-02-28 19:48:28,966 [MainThread  ][INFO ]  Starting optimization for tf=1.6757575757575758
2019-02-28 19:48:28,966 [MainThread  ][DEBUG]  Optimization method: Nelder-Mead
2019-02-28 19:48:28,966 [MainThread  ][DEBUG]  Optimization options: None
2019-02-28 19:48:28,966 [MainThread  ][INFO ]  Initial parameter values: [2.63021334 0.83787879 1.89289882]
2019-02-28 19:49:47,377 [MainThread  ][INFO ]  Final fidelity: 0.9944823561020462
2019-02-28 19:49:47,395 [MainThread  ][INFO ]  Final parameters: [6.52866534 0.86292155 1.78615593]
2019-02-28 19:49:47,395 [MainThread  ][INFO ]  Fidelity: 0.9944823561020462
2019-02-28 19:49:47,395 [MainThread  ][INFO ]  ---- Starting iteration 42/100
2019-02-28 19:49:47,395 [MainThread  ][DEBUG]  Setting hyperparameter tf=1.715151515151515
2019-02-28 19:49:47,395 [MainThread  ][INFO ]  Starting optimization for tf=1.715151515151515
2019-02-28 19:49:47,395 [MainThread  ][DEBUG]  Optimization method: Nelder-Mead
2019-02-28 19:49:47,395 [MainThread  ][DEBUG]  Optimization options: None
2019-02-28 19:49:47,396 [MainThread  ][INFO ]  Initial parameter values: [1.5361556  0.85757576 5.22718594]
2019-02-28 19:50:33,667 [MainThread  ][INFO ]  Final fidelity: 0.9048587700628389
2019-02-28 19:50:33,668 [MainThread  ][INFO ]  Final parameters: [3.59643884 0.01562417 3.90263905]
2019-02-28 19:50:33,668 [MainThread  ][INFO ]  Fidelity: 0.9048587700628389
2019-02-28 19:50:33,668 [MainThread  ][INFO ]  ---- Starting iteration 43/100
2019-02-28 19:50:33,668 [MainThread  ][DEBUG]  Setting hyperparameter tf=1.7545454545454544
2019-02-28 19:50:33,668 [MainThread  ][INFO ]  Starting optimization for tf=1.7545454545454544
2019-02-28 19:50:33,668 [MainThread  ][DEBUG]  Optimization method: Nelder-Mead
2019-02-28 19:50:33,668 [MainThread  ][DEBUG]  Optimization options: None
2019-02-28 19:50:33,669 [MainThread  ][INFO ]  Initial parameter values: [8.16368709 0.87727273 4.6906287 ]
2019-02-28 19:52:00,152 [MainThread  ][INFO ]  Final fidelity: 0.996132374535045
2019-02-28 19:52:00,175 [MainThread  ][INFO ]  Final parameters: [5.61319182e+00 1.18687521e+00 4.26915143e-03]
2019-02-28 19:52:00,175 [MainThread  ][INFO ]  Fidelity: 0.996132374535045
2019-02-28 19:52:00,175 [MainThread  ][INFO ]  ---- Starting iteration 44/100
2019-02-28 19:52:00,175 [MainThread  ][DEBUG]  Setting hyperparameter tf=1.793939393939394
2019-02-28 19:52:00,175 [MainThread  ][INFO ]  Starting optimization for tf=1.793939393939394
2019-02-28 19:52:00,175 [MainThread  ][DEBUG]  Optimization method: Nelder-Mead
2019-02-28 19:52:00,176 [MainThread  ][DEBUG]  Optimization options: None
2019-02-28 19:52:00,176 [MainThread  ][INFO ]  Initial parameter values: [9.96041955 0.8969697  0.76851464]
2019-02-28 19:53:10,753 [MainThread  ][INFO ]  Final fidelity: 0.9941213830041697
2019-02-28 19:53:10,755 [MainThread  ][INFO ]  Final parameters: [6.02737904 1.10600231 0.85455105]
2019-02-28 19:53:10,755 [MainThread  ][INFO ]  Fidelity: 0.9941213830041697
2019-02-28 19:53:10,755 [MainThread  ][INFO ]  ---- Starting iteration 45/100
2019-02-28 19:53:10,756 [MainThread  ][DEBUG]  Setting hyperparameter tf=1.8333333333333333
2019-02-28 19:53:10,756 [MainThread  ][INFO ]  Starting optimization for tf=1.8333333333333333
2019-02-28 19:53:10,756 [MainThread  ][DEBUG]  Optimization method: Nelder-Mead
2019-02-28 19:53:10,756 [MainThread  ][DEBUG]  Optimization options: None
2019-02-28 19:53:10,756 [MainThread  ][INFO ]  Initial parameter values: [7.65150364 0.91666667 9.34553053]
2019-02-28 19:54:53,333 [MainThread  ][INFO ]  Final fidelity: 0.9838234147651747
2019-02-28 19:54:53,336 [MainThread  ][INFO ]  Final parameters: [4.87779612 1.45838298 0.00952005]
2019-02-28 19:54:53,336 [MainThread  ][INFO ]  Fidelity: 0.9838234147651747
2019-02-28 19:54:53,336 [MainThread  ][INFO ]  ---- Starting iteration 46/100
2019-02-28 19:54:53,337 [MainThread  ][DEBUG]  Setting hyperparameter tf=1.8727272727272726
2019-02-28 19:54:53,337 [MainThread  ][INFO ]  Starting optimization for tf=1.8727272727272726
2019-02-28 19:54:53,337 [MainThread  ][DEBUG]  Optimization method: Nelder-Mead
2019-02-28 19:54:53,337 [MainThread  ][DEBUG]  Optimization options: None
2019-02-28 19:54:53,337 [MainThread  ][INFO ]  Initial parameter values: [0.75935806 0.93636364 2.53623335]
2019-02-28 19:56:00,863 [MainThread  ][INFO ]  Final fidelity: 0.9229203002175066
2019-02-28 19:56:00,864 [MainThread  ][INFO ]  Final parameters: [9.38419430e-01 7.63962096e-07 3.97098421e+00]
2019-02-28 19:56:00,864 [MainThread  ][INFO ]  Fidelity: 0.9229203002175066
2019-02-28 19:56:00,864 [MainThread  ][INFO ]  ---- Starting iteration 47/100
2019-02-28 19:56:00,864 [MainThread  ][DEBUG]  Setting hyperparameter tf=1.912121212121212
2019-02-28 19:56:00,864 [MainThread  ][INFO ]  Starting optimization for tf=1.912121212121212
2019-02-28 19:56:00,864 [MainThread  ][DEBUG]  Optimization method: Nelder-Mead
2019-02-28 19:56:00,864 [MainThread  ][DEBUG]  Optimization options: None
2019-02-28 19:56:00,865 [MainThread  ][INFO ]  Initial parameter values: [0.75051409 0.95606061 3.78929195]
2019-02-28 19:57:39,858 [MainThread  ][INFO ]  Final fidelity: 0.9266952474912775
2019-02-28 19:57:39,861 [MainThread  ][INFO ]  Final parameters: [2.42810251 0.01950982 3.98493803]
2019-02-28 19:57:39,861 [MainThread  ][INFO ]  Fidelity: 0.9266952474912775
2019-02-28 19:57:39,861 [MainThread  ][INFO ]  ---- Starting iteration 48/100
2019-02-28 19:57:39,861 [MainThread  ][DEBUG]  Setting hyperparameter tf=1.9515151515151514
2019-02-28 19:57:39,861 [MainThread  ][INFO ]  Starting optimization for tf=1.9515151515151514
2019-02-28 19:57:39,861 [MainThread  ][DEBUG]  Optimization method: Nelder-Mead
2019-02-28 19:57:39,861 [MainThread  ][DEBUG]  Optimization options: None
2019-02-28 19:57:39,862 [MainThread  ][INFO ]  Initial parameter values: [1.71577663 0.97575758 0.28193287]
2019-02-28 19:59:34,475 [MainThread  ][INFO ]  Final fidelity: 0.9924775229636461
2019-02-28 19:59:34,483 [MainThread  ][INFO ]  Final parameters: [ 5.6662883   1.14894212 -2.52999749]
2019-02-28 19:59:34,483 [MainThread  ][INFO ]  Fidelity: 0.9924775229636461
2019-02-28 19:59:34,484 [MainThread  ][INFO ]  ---- Starting iteration 49/100
2019-02-28 19:59:34,484 [MainThread  ][DEBUG]  Setting hyperparameter tf=1.9909090909090907
2019-02-28 19:59:34,484 [MainThread  ][INFO ]  Starting optimization for tf=1.9909090909090907
2019-02-28 19:59:34,484 [MainThread  ][DEBUG]  Optimization method: Nelder-Mead
2019-02-28 19:59:34,484 [MainThread  ][DEBUG]  Optimization options: None
2019-02-28 19:59:34,484 [MainThread  ][INFO ]  Initial parameter values: [5.65312308 0.99545455 3.55749425]
2019-02-28 20:00:16,190 [MainThread  ][INFO ]  Final fidelity: 0.9952460323449659
2019-02-28 20:00:16,193 [MainThread  ][INFO ]  Final parameters: [5.73983314 0.98841542 3.20935179]
2019-02-28 20:00:16,193 [MainThread  ][INFO ]  Fidelity: 0.9952460323449659
2019-02-28 20:00:16,193 [MainThread  ][INFO ]  ---- Starting iteration 50/100
2019-02-28 20:00:16,193 [MainThread  ][DEBUG]  Setting hyperparameter tf=2.0303030303030303
2019-02-28 20:00:16,193 [MainThread  ][INFO ]  Starting optimization for tf=2.0303030303030303
2019-02-28 20:00:16,194 [MainThread  ][DEBUG]  Optimization method: Nelder-Mead
2019-02-28 20:00:16,194 [MainThread  ][DEBUG]  Optimization options: None
2019-02-28 20:00:16,194 [MainThread  ][INFO ]  Initial parameter values: [7.08751839 1.01515152 1.331999  ]
2019-02-28 20:01:36,046 [MainThread  ][INFO ]  Final fidelity: 0.9973109865211139
2019-02-28 20:01:36,080 [MainThread  ][INFO ]  Final parameters: [5.23583791 1.41222111 2.19559503]
2019-02-28 20:01:36,081 [MainThread  ][INFO ]  Fidelity: 0.9973109865211139
2019-02-28 20:01:36,081 [MainThread  ][INFO ]  ---- Starting iteration 51/100
2019-02-28 20:01:36,081 [MainThread  ][DEBUG]  Setting hyperparameter tf=2.0696969696969694
2019-02-28 20:01:36,081 [MainThread  ][INFO ]  Starting optimization for tf=2.0696969696969694
2019-02-28 20:01:36,081 [MainThread  ][DEBUG]  Optimization method: Nelder-Mead
2019-02-28 20:01:36,081 [MainThread  ][DEBUG]  Optimization options: None
2019-02-28 20:01:36,081 [MainThread  ][INFO ]  Initial parameter values: [1.42891929 1.03484848 6.60589199]
2019-02-28 20:02:56,071 [MainThread  ][INFO ]  Final fidelity: 0.9443039093026616
2019-02-28 20:02:56,072 [MainThread  ][INFO ]  Final parameters: [3.08683985e+00 1.93502451e-05 4.04986001e+00]
2019-02-28 20:02:56,072 [MainThread  ][INFO ]  Fidelity: 0.9443039093026616
2019-02-28 20:02:56,072 [MainThread  ][INFO ]  ---- Starting iteration 52/100
2019-02-28 20:02:56,073 [MainThread  ][DEBUG]  Setting hyperparameter tf=2.109090909090909
2019-02-28 20:02:56,073 [MainThread  ][INFO ]  Starting optimization for tf=2.109090909090909
2019-02-28 20:02:56,073 [MainThread  ][DEBUG]  Optimization method: Nelder-Mead
2019-02-28 20:02:56,073 [MainThread  ][DEBUG]  Optimization options: None
2019-02-28 20:02:56,073 [MainThread  ][INFO ]  Initial parameter values: [3.38385299 1.05454545 5.27762821]
2019-02-28 20:03:56,913 [MainThread  ][INFO ]  Final fidelity: 0.9952385336552654
2019-02-28 20:03:56,924 [MainThread  ][INFO ]  Final parameters: [5.44253652 1.11111877 3.37574875]
2019-02-28 20:03:56,924 [MainThread  ][INFO ]  Fidelity: 0.9952385336552654
2019-02-28 20:03:56,924 [MainThread  ][INFO ]  ---- Starting iteration 53/100
2019-02-28 20:03:56,924 [MainThread  ][DEBUG]  Setting hyperparameter tf=2.1484848484848484
2019-02-28 20:03:56,924 [MainThread  ][INFO ]  Starting optimization for tf=2.1484848484848484
2019-02-28 20:03:56,924 [MainThread  ][DEBUG]  Optimization method: Nelder-Mead
2019-02-28 20:03:56,924 [MainThread  ][DEBUG]  Optimization options: None
2019-02-28 20:03:56,925 [MainThread  ][INFO ]  Initial parameter values: [6.09307317 1.07424242 1.30128196]
2019-02-28 20:05:12,670 [MainThread  ][INFO ]  Final fidelity: 0.9983916817124222
2019-02-28 20:05:12,685 [MainThread  ][INFO ]  Final parameters: [4.93340497 1.71542907 1.34272549]
2019-02-28 20:05:12,685 [MainThread  ][INFO ]  Fidelity: 0.9983916817124222
2019-02-28 20:05:12,685 [MainThread  ][INFO ]  ---- Starting iteration 54/100
2019-02-28 20:05:12,685 [MainThread  ][DEBUG]  Setting hyperparameter tf=2.187878787878788
2019-02-28 20:05:12,685 [MainThread  ][INFO ]  Starting optimization for tf=2.187878787878788
2019-02-28 20:05:12,685 [MainThread  ][DEBUG]  Optimization method: Nelder-Mead
2019-02-28 20:05:12,685 [MainThread  ][DEBUG]  Optimization options: None
2019-02-28 20:05:12,686 [MainThread  ][INFO ]  Initial parameter values: [4.64998223 1.09393939 6.33123663]
2019-02-28 20:06:01,263 [MainThread  ][INFO ]  Final fidelity: 0.9970959502786774
2019-02-28 20:06:01,274 [MainThread  ][INFO ]  Final parameters: [5.02205187 1.48118422 3.04730796]
2019-02-28 20:06:01,274 [MainThread  ][INFO ]  Fidelity: 0.9970959502786774
2019-02-28 20:06:01,274 [MainThread  ][INFO ]  ---- Starting iteration 55/100
2019-02-28 20:06:01,275 [MainThread  ][DEBUG]  Setting hyperparameter tf=2.227272727272727
2019-02-28 20:06:01,275 [MainThread  ][INFO ]  Starting optimization for tf=2.227272727272727
2019-02-28 20:06:01,275 [MainThread  ][DEBUG]  Optimization method: Nelder-Mead
2019-02-28 20:06:01,275 [MainThread  ][DEBUG]  Optimization options: None
2019-02-28 20:06:01,275 [MainThread  ][INFO ]  Initial parameter values: [6.84669995 1.11363636 5.43760932]
2019-02-28 20:07:15,865 [MainThread  ][INFO ]  Final fidelity: 0.995368394120751
2019-02-28 20:07:15,866 [MainThread  ][INFO ]  Final parameters: [5.10361243 1.35812521 3.37917514]
2019-02-28 20:07:15,866 [MainThread  ][INFO ]  Fidelity: 0.995368394120751
2019-02-28 20:07:15,866 [MainThread  ][INFO ]  ---- Starting iteration 56/100
2019-02-28 20:07:15,866 [MainThread  ][DEBUG]  Setting hyperparameter tf=2.2666666666666666
2019-02-28 20:07:15,866 [MainThread  ][INFO ]  Starting optimization for tf=2.2666666666666666
2019-02-28 20:07:15,866 [MainThread  ][DEBUG]  Optimization method: Nelder-Mead
2019-02-28 20:07:15,866 [MainThread  ][DEBUG]  Optimization options: None
2019-02-28 20:07:15,867 [MainThread  ][INFO ]  Initial parameter values: [9.81239356 1.13333333 4.24490353]
2019-02-28 20:09:01,453 [MainThread  ][INFO ]  Final fidelity: 0.9989750663165282
2019-02-28 20:09:01,453 [MainThread  ][INFO ]  Final parameters: [4.84666219 1.77776668 2.41039789]
2019-02-28 20:09:01,454 [MainThread  ][INFO ]  Fidelity: 0.9989750663165282
2019-02-28 20:09:01,454 [MainThread  ][INFO ]  ---- Starting iteration 57/100
2019-02-28 20:09:01,454 [MainThread  ][DEBUG]  Setting hyperparameter tf=2.306060606060606
2019-02-28 20:09:01,454 [MainThread  ][INFO ]  Starting optimization for tf=2.306060606060606
2019-02-28 20:09:01,454 [MainThread  ][DEBUG]  Optimization method: Nelder-Mead
2019-02-28 20:09:01,454 [MainThread  ][DEBUG]  Optimization options: None
2019-02-28 20:09:01,454 [MainThread  ][INFO ]  Initial parameter values: [3.40354615 1.1530303  6.80682257]
2019-02-28 20:10:22,148 [MainThread  ][INFO ]  Final fidelity: 0.9980109919858825
2019-02-28 20:10:22,149 [MainThread  ][INFO ]  Final parameters: [5.1527256  1.23412018 3.68940933]
2019-02-28 20:10:22,149 [MainThread  ][INFO ]  Fidelity: 0.9980109919858825
2019-02-28 20:10:22,149 [MainThread  ][INFO ]  ---- Starting iteration 58/100
2019-02-28 20:10:22,149 [MainThread  ][DEBUG]  Setting hyperparameter tf=2.3454545454545452
2019-02-28 20:10:22,149 [MainThread  ][INFO ]  Starting optimization for tf=2.3454545454545452
2019-02-28 20:10:22,149 [MainThread  ][DEBUG]  Optimization method: Nelder-Mead
2019-02-28 20:10:22,149 [MainThread  ][DEBUG]  Optimization options: None
2019-02-28 20:10:22,150 [MainThread  ][INFO ]  Initial parameter values: [2.09589339 1.17272727 3.34428512]
2019-02-28 20:11:23,900 [MainThread  ][INFO ]  Final fidelity: 0.9667947580066711
2019-02-28 20:11:23,903 [MainThread  ][INFO ]  Final parameters: [3.17976267 0.02401592 4.16651099]
2019-02-28 20:11:23,903 [MainThread  ][INFO ]  Fidelity: 0.9667947580066711
2019-02-28 20:11:23,904 [MainThread  ][INFO ]  ---- Starting iteration 59/100
2019-02-28 20:11:23,904 [MainThread  ][DEBUG]  Setting hyperparameter tf=2.3848484848484848
2019-02-28 20:11:23,904 [MainThread  ][INFO ]  Starting optimization for tf=2.3848484848484848
2019-02-28 20:11:23,904 [MainThread  ][DEBUG]  Optimization method: Nelder-Mead
2019-02-28 20:11:23,904 [MainThread  ][DEBUG]  Optimization options: None
2019-02-28 20:11:23,904 [MainThread  ][INFO ]  Initial parameter values: [0.60115807 1.19242424 5.22371603]
2019-02-28 20:12:20,407 [MainThread  ][INFO ]  Final fidelity: 0.9706173417241831
2019-02-28 20:12:20,424 [MainThread  ][INFO ]  Final parameters: [1.02233186e+00 1.87036959e-04 4.17827513e+00]
2019-02-28 20:12:20,424 [MainThread  ][INFO ]  Fidelity: 0.9706173417241831
2019-02-28 20:12:20,424 [MainThread  ][INFO ]  ---- Starting iteration 60/100
2019-02-28 20:12:20,424 [MainThread  ][DEBUG]  Setting hyperparameter tf=2.4242424242424243
2019-02-28 20:12:20,424 [MainThread  ][INFO ]  Starting optimization for tf=2.4242424242424243
2019-02-28 20:12:20,424 [MainThread  ][DEBUG]  Optimization method: Nelder-Mead
2019-02-28 20:12:20,424 [MainThread  ][DEBUG]  Optimization options: None
2019-02-28 20:12:20,425 [MainThread  ][INFO ]  Initial parameter values: [0.70806045 1.21212121 9.70635679]
2019-02-28 20:13:42,710 [MainThread  ][INFO ]  Final fidelity: 0.9724619830952556
2019-02-28 20:13:42,735 [MainThread  ][INFO ]  Final parameters: [3.51467337e-01 1.93818346e-05 4.19777981e+00]
2019-02-28 20:13:42,735 [MainThread  ][INFO ]  Fidelity: 0.9724619830952556
2019-02-28 20:13:42,735 [MainThread  ][INFO ]  ---- Starting iteration 61/100
2019-02-28 20:13:42,736 [MainThread  ][DEBUG]  Setting hyperparameter tf=2.4636363636363634
2019-02-28 20:13:42,736 [MainThread  ][INFO ]  Starting optimization for tf=2.4636363636363634
2019-02-28 20:13:42,736 [MainThread  ][DEBUG]  Optimization method: Nelder-Mead
2019-02-28 20:13:42,736 [MainThread  ][DEBUG]  Optimization options: None
2019-02-28 20:13:42,736 [MainThread  ][INFO ]  Initial parameter values: [5.53245373 1.23181818 7.21491146]
2019-02-28 20:14:43,390 [MainThread  ][INFO ]  Final fidelity: 0.9966570326299183
2019-02-28 20:14:43,395 [MainThread  ][INFO ]  Final parameters: [4.74618999 1.78822035 3.47177691]
2019-02-28 20:14:43,396 [MainThread  ][INFO ]  Fidelity: 0.9966570326299183
2019-02-28 20:14:43,396 [MainThread  ][INFO ]  ---- Starting iteration 62/100
2019-02-28 20:14:43,399 [MainThread  ][DEBUG]  Setting hyperparameter tf=2.503030303030303
2019-02-28 20:14:43,399 [MainThread  ][INFO ]  Starting optimization for tf=2.503030303030303
2019-02-28 20:14:43,399 [MainThread  ][DEBUG]  Optimization method: Nelder-Mead
2019-02-28 20:14:43,399 [MainThread  ][DEBUG]  Optimization options: None
2019-02-28 20:14:43,399 [MainThread  ][INFO ]  Initial parameter values: [6.82165955 1.25151515 2.57798958]
2019-02-28 20:15:35,635 [MainThread  ][INFO ]  Final fidelity: 0.9989678160930772
2019-02-28 20:15:35,655 [MainThread  ][INFO ]  Final parameters: [4.82994438 1.53962569 3.81188419]
2019-02-28 20:15:35,656 [MainThread  ][INFO ]  Fidelity: 0.9989678160930772
2019-02-28 20:15:35,656 [MainThread  ][INFO ]  ---- Starting iteration 63/100
2019-02-28 20:15:35,656 [MainThread  ][DEBUG]  Setting hyperparameter tf=2.5424242424242425
2019-02-28 20:15:35,656 [MainThread  ][INFO ]  Starting optimization for tf=2.5424242424242425
2019-02-28 20:15:35,656 [MainThread  ][DEBUG]  Optimization method: Nelder-Mead
2019-02-28 20:15:35,656 [MainThread  ][DEBUG]  Optimization options: None
2019-02-28 20:15:35,656 [MainThread  ][INFO ]  Initial parameter values: [7.27635003 1.27121212 4.92773035]
2019-02-28 20:16:35,624 [MainThread  ][INFO ]  Final fidelity: 0.9969990183260364
2019-02-28 20:16:35,639 [MainThread  ][INFO ]  Final parameters: [4.78264831 1.60595135 3.84681895]
2019-02-28 20:16:35,639 [MainThread  ][INFO ]  Fidelity: 0.9969990183260364
2019-02-28 20:16:35,639 [MainThread  ][INFO ]  ---- Starting iteration 64/100
2019-02-28 20:16:35,639 [MainThread  ][DEBUG]  Setting hyperparameter tf=2.5818181818181816
2019-02-28 20:16:35,639 [MainThread  ][INFO ]  Starting optimization for tf=2.5818181818181816
2019-02-28 20:16:35,639 [MainThread  ][DEBUG]  Optimization method: Nelder-Mead
2019-02-28 20:16:35,639 [MainThread  ][DEBUG]  Optimization options: None
2019-02-28 20:16:35,639 [MainThread  ][INFO ]  Initial parameter values: [6.68744477 1.29090909 4.61757638]
2019-02-28 20:17:33,106 [MainThread  ][INFO ]  Final fidelity: 0.997136294255097
2019-02-28 20:17:33,107 [MainThread  ][INFO ]  Final parameters: [4.7803112  1.5398978  3.94056703]
2019-02-28 20:17:33,107 [MainThread  ][INFO ]  Fidelity: 0.997136294255097
2019-02-28 20:17:33,107 [MainThread  ][INFO ]  ---- Starting iteration 65/100
2019-02-28 20:17:33,107 [MainThread  ][DEBUG]  Setting hyperparameter tf=2.621212121212121
2019-02-28 20:17:33,107 [MainThread  ][INFO ]  Starting optimization for tf=2.621212121212121
2019-02-28 20:17:33,107 [MainThread  ][DEBUG]  Optimization method: Nelder-Mead
2019-02-28 20:17:33,107 [MainThread  ][DEBUG]  Optimization options: None
2019-02-28 20:17:33,107 [MainThread  ][INFO ]  Initial parameter values: [2.31734716 1.31060606 1.41074647]
2019-02-28 20:18:54,491 [MainThread  ][INFO ]  Final fidelity: 0.9864900138796004
2019-02-28 20:18:54,534 [MainThread  ][INFO ]  Final parameters: [-4.75936188  1.418174    4.04126173]
2019-02-28 20:18:54,534 [MainThread  ][INFO ]  Fidelity: 0.9864900138796004
2019-02-28 20:18:54,534 [MainThread  ][INFO ]  ---- Starting iteration 66/100
2019-02-28 20:18:54,535 [MainThread  ][DEBUG]  Setting hyperparameter tf=2.6606060606060606
2019-02-28 20:18:54,535 [MainThread  ][INFO ]  Starting optimization for tf=2.6606060606060606
2019-02-28 20:18:54,535 [MainThread  ][DEBUG]  Optimization method: Nelder-Mead
2019-02-28 20:18:54,535 [MainThread  ][DEBUG]  Optimization options: None
2019-02-28 20:18:54,535 [MainThread  ][INFO ]  Initial parameter values: [0.43016671 1.33030303 6.99721541]
2019-02-28 20:19:56,245 [MainThread  ][INFO ]  Final fidelity: 0.9856494476772896
2019-02-28 20:19:56,246 [MainThread  ][INFO ]  Final parameters: [0.73459262 0.02913775 4.2738252 ]
2019-02-28 20:19:56,246 [MainThread  ][INFO ]  Fidelity: 0.9856494476772896
2019-02-28 20:19:56,246 [MainThread  ][INFO ]  ---- Starting iteration 67/100
2019-02-28 20:19:56,246 [MainThread  ][DEBUG]  Setting hyperparameter tf=2.6999999999999997
2019-02-28 20:19:56,246 [MainThread  ][INFO ]  Starting optimization for tf=2.6999999999999997
2019-02-28 20:19:56,246 [MainThread  ][DEBUG]  Optimization method: Nelder-Mead
2019-02-28 20:19:56,246 [MainThread  ][DEBUG]  Optimization options: None
2019-02-28 20:19:56,246 [MainThread  ][INFO ]  Initial parameter values: [5.35718525 1.35       4.75233521]
2019-02-28 20:20:49,671 [MainThread  ][INFO ]  Final fidelity: 0.9976643600705263
2019-02-28 20:20:49,672 [MainThread  ][INFO ]  Final parameters: [4.73084239 1.47893655 4.11407155]
2019-02-28 20:20:49,672 [MainThread  ][INFO ]  Fidelity: 0.9976643600705263
2019-02-28 20:20:49,672 [MainThread  ][INFO ]  ---- Starting iteration 68/100
2019-02-28 20:20:49,672 [MainThread  ][DEBUG]  Setting hyperparameter tf=2.7393939393939393
2019-02-28 20:20:49,672 [MainThread  ][INFO ]  Starting optimization for tf=2.7393939393939393
2019-02-28 20:20:49,673 [MainThread  ][DEBUG]  Optimization method: Nelder-Mead
2019-02-28 20:20:49,673 [MainThread  ][DEBUG]  Optimization options: None
2019-02-28 20:20:49,673 [MainThread  ][INFO ]  Initial parameter values: [9.2057874  1.36969697 0.96004304]
2019-02-28 20:21:56,414 [MainThread  ][INFO ]  Final fidelity: 0.9966112699357943
2019-02-28 20:21:56,420 [MainThread  ][INFO ]  Final parameters: [-4.59647583  2.52322879  1.19275724]
2019-02-28 20:21:56,420 [MainThread  ][INFO ]  Fidelity: 0.9966112699357943
2019-02-28 20:21:56,420 [MainThread  ][INFO ]  ---- Starting iteration 69/100
2019-02-28 20:21:56,420 [MainThread  ][DEBUG]  Setting hyperparameter tf=2.778787878787879
2019-02-28 20:21:56,421 [MainThread  ][INFO ]  Starting optimization for tf=2.778787878787879
2019-02-28 20:21:56,421 [MainThread  ][DEBUG]  Optimization method: Nelder-Mead
2019-02-28 20:21:56,421 [MainThread  ][DEBUG]  Optimization options: None
2019-02-28 20:21:56,421 [MainThread  ][INFO ]  Initial parameter values: [6.10795921 1.38939394 6.772293  ]
2019-02-28 20:23:16,626 [MainThread  ][INFO ]  Final fidelity: 0.9967697152908557
2019-02-28 20:23:16,628 [MainThread  ][INFO ]  Final parameters: [4.60430144 1.85251907 4.08371945]
2019-02-28 20:23:16,628 [MainThread  ][INFO ]  Fidelity: 0.9967697152908557
2019-02-28 20:23:16,628 [MainThread  ][INFO ]  ---- Starting iteration 70/100
2019-02-28 20:23:16,629 [MainThread  ][DEBUG]  Setting hyperparameter tf=2.818181818181818
2019-02-28 20:23:16,629 [MainThread  ][INFO ]  Starting optimization for tf=2.818181818181818
2019-02-28 20:23:16,629 [MainThread  ][DEBUG]  Optimization method: Nelder-Mead
2019-02-28 20:23:16,629 [MainThread  ][DEBUG]  Optimization options: None
2019-02-28 20:23:16,629 [MainThread  ][INFO ]  Initial parameter values: [1.75634946 1.40909091 4.6857919 ]
2019-02-28 20:24:14,479 [MainThread  ][INFO ]  Final fidelity: 0.9928175624181177
2019-02-28 20:24:14,480 [MainThread  ][INFO ]  Final parameters: [2.99048056 0.02426565 4.33414896]
2019-02-28 20:24:14,480 [MainThread  ][INFO ]  Fidelity: 0.9928175624181177
2019-02-28 20:24:14,481 [MainThread  ][INFO ]  ---- Starting iteration 71/100
2019-02-28 20:24:14,481 [MainThread  ][DEBUG]  Setting hyperparameter tf=2.8575757575757574
2019-02-28 20:24:14,481 [MainThread  ][INFO ]  Starting optimization for tf=2.8575757575757574
2019-02-28 20:24:14,481 [MainThread  ][DEBUG]  Optimization method: Nelder-Mead
2019-02-28 20:24:14,481 [MainThread  ][DEBUG]  Optimization options: None
2019-02-28 20:24:14,481 [MainThread  ][INFO ]  Initial parameter values: [3.44513859 1.42878788 1.76530346]
2019-02-28 20:26:33,628 [MainThread  ][INFO ]  Final fidelity: 0.9865085462332991
2019-02-28 20:26:33,629 [MainThread  ][INFO ]  Final parameters: [-4.60565865  1.4795714   4.24391487]
2019-02-28 20:26:33,629 [MainThread  ][INFO ]  Fidelity: 0.9865085462332991
2019-02-28 20:26:33,629 [MainThread  ][INFO ]  ---- Starting iteration 72/100
2019-02-28 20:26:33,629 [MainThread  ][DEBUG]  Setting hyperparameter tf=2.896969696969697
2019-02-28 20:26:33,629 [MainThread  ][INFO ]  Starting optimization for tf=2.896969696969697
2019-02-28 20:26:33,629 [MainThread  ][DEBUG]  Optimization method: Nelder-Mead
2019-02-28 20:26:33,630 [MainThread  ][DEBUG]  Optimization options: None
2019-02-28 20:26:33,630 [MainThread  ][INFO ]  Initial parameter values: [4.33968665 1.44848485 1.96066177]
2019-02-28 20:28:14,867 [MainThread  ][INFO ]  Final fidelity: 0.9850177653559642
2019-02-28 20:28:14,867 [MainThread  ][INFO ]  Final parameters: [-4.55134588  1.66700282  4.24809761]
2019-02-28 20:28:14,867 [MainThread  ][INFO ]  Fidelity: 0.9850177653559642
2019-02-28 20:28:14,867 [MainThread  ][INFO ]  ---- Starting iteration 73/100
2019-02-28 20:28:14,868 [MainThread  ][DEBUG]  Setting hyperparameter tf=2.936363636363636
2019-02-28 20:28:14,868 [MainThread  ][INFO ]  Starting optimization for tf=2.936363636363636
2019-02-28 20:28:14,868 [MainThread  ][DEBUG]  Optimization method: Nelder-Mead
2019-02-28 20:28:14,868 [MainThread  ][DEBUG]  Optimization options: None
2019-02-28 20:28:14,868 [MainThread  ][INFO ]  Initial parameter values: [3.58365448 1.46818182 5.52850452]
2019-02-28 20:29:20,378 [MainThread  ][INFO ]  Final fidelity: 0.998303516694933
2019-02-28 20:29:20,379 [MainThread  ][INFO ]  Final parameters: [4.59338904 1.54266388 4.29688028]
2019-02-28 20:29:20,379 [MainThread  ][INFO ]  Fidelity: 0.998303516694933
2019-02-28 20:29:20,379 [MainThread  ][INFO ]  ---- Starting iteration 74/100
2019-02-28 20:29:20,379 [MainThread  ][DEBUG]  Setting hyperparameter tf=2.9757575757575756
2019-02-28 20:29:20,379 [MainThread  ][INFO ]  Starting optimization for tf=2.9757575757575756
2019-02-28 20:29:20,379 [MainThread  ][DEBUG]  Optimization method: Nelder-Mead
2019-02-28 20:29:20,379 [MainThread  ][DEBUG]  Optimization options: None
2019-02-28 20:29:20,380 [MainThread  ][INFO ]  Initial parameter values: [5.56537725 1.48787879 9.75430705]
2019-02-28 20:31:01,958 [MainThread  ][INFO ]  Final fidelity: 0.9975602997555132
2019-02-28 20:31:01,992 [MainThread  ][INFO ]  Final parameters: [4.47319124 2.78403476 3.56276937]
2019-02-28 20:31:01,992 [MainThread  ][INFO ]  Fidelity: 0.9975602997555132
2019-02-28 20:31:01,992 [MainThread  ][INFO ]  ---- Starting iteration 75/100
2019-02-28 20:31:01,992 [MainThread  ][DEBUG]  Setting hyperparameter tf=3.015151515151515
2019-02-28 20:31:01,992 [MainThread  ][INFO ]  Starting optimization for tf=3.015151515151515
2019-02-28 20:31:01,992 [MainThread  ][DEBUG]  Optimization method: Nelder-Mead
2019-02-28 20:31:01,992 [MainThread  ][DEBUG]  Optimization options: None
2019-02-28 20:31:01,993 [MainThread  ][INFO ]  Initial parameter values: [4.94402505 1.50757576 6.46474948]
2019-02-28 20:32:08,974 [MainThread  ][INFO ]  Final fidelity: 0.9972813125769713
2019-02-28 20:32:08,974 [MainThread  ][INFO ]  Final parameters: [4.52490723 1.85085427 4.32151057]
2019-02-28 20:32:08,975 [MainThread  ][INFO ]  Fidelity: 0.9972813125769713
2019-02-28 20:32:08,975 [MainThread  ][INFO ]  ---- Starting iteration 76/100
2019-02-28 20:32:08,975 [MainThread  ][DEBUG]  Setting hyperparameter tf=3.0545454545454542
2019-02-28 20:32:08,975 [MainThread  ][INFO ]  Starting optimization for tf=3.0545454545454542
2019-02-28 20:32:08,975 [MainThread  ][DEBUG]  Optimization method: Nelder-Mead
2019-02-28 20:32:08,975 [MainThread  ][DEBUG]  Optimization options: None
2019-02-28 20:32:08,975 [MainThread  ][INFO ]  Initial parameter values: [3.32369589 1.52727273 9.18308489]
2019-02-28 20:33:20,921 [MainThread  ][INFO ]  Final fidelity: 0.9982407969330991
2019-02-28 20:33:20,925 [MainThread  ][INFO ]  Final parameters: [4.5849558  1.17164236 4.39035109]
2019-02-28 20:33:20,925 [MainThread  ][INFO ]  Fidelity: 0.9982407969330991
2019-02-28 20:33:20,925 [MainThread  ][INFO ]  ---- Starting iteration 77/100
2019-02-28 20:33:20,925 [MainThread  ][DEBUG]  Setting hyperparameter tf=3.0939393939393938
2019-02-28 20:33:20,926 [MainThread  ][INFO ]  Starting optimization for tf=3.0939393939393938
2019-02-28 20:33:20,926 [MainThread  ][DEBUG]  Optimization method: Nelder-Mead
2019-02-28 20:33:20,926 [MainThread  ][DEBUG]  Optimization options: None
2019-02-28 20:33:20,926 [MainThread  ][INFO ]  Initial parameter values: [2.81834141 1.5469697  1.67653664]
2019-02-28 20:34:35,273 [MainThread  ][INFO ]  Final fidelity: 0.996252173529313
2019-02-28 20:34:35,286 [MainThread  ][INFO ]  Final parameters: [-1.36350571  0.05571833  4.40666123]
2019-02-28 20:34:35,286 [MainThread  ][INFO ]  Fidelity: 0.996252173529313
2019-02-28 20:34:35,286 [MainThread  ][INFO ]  ---- Starting iteration 78/100
2019-02-28 20:34:35,287 [MainThread  ][DEBUG]  Setting hyperparameter tf=3.1333333333333333
2019-02-28 20:34:35,287 [MainThread  ][INFO ]  Starting optimization for tf=3.1333333333333333
2019-02-28 20:34:35,287 [MainThread  ][DEBUG]  Optimization method: Nelder-Mead
2019-02-28 20:34:35,287 [MainThread  ][DEBUG]  Optimization options: None
2019-02-28 20:34:35,287 [MainThread  ][INFO ]  Initial parameter values: [2.2009161  1.56666667 9.91427235]
2019-02-28 20:35:45,894 [MainThread  ][INFO ]  Final fidelity: 0.9975551944564286
2019-02-28 20:35:45,898 [MainThread  ][INFO ]  Final parameters: [4.52292333 0.98367125 4.42673535]
2019-02-28 20:35:45,898 [MainThread  ][INFO ]  Fidelity: 0.9975551944564286
2019-02-28 20:35:45,898 [MainThread  ][INFO ]  ---- Starting iteration 79/100
2019-02-28 20:35:45,898 [MainThread  ][DEBUG]  Setting hyperparameter tf=3.1727272727272724
2019-02-28 20:35:45,898 [MainThread  ][INFO ]  Starting optimization for tf=3.1727272727272724
2019-02-28 20:35:45,898 [MainThread  ][DEBUG]  Optimization method: Nelder-Mead
2019-02-28 20:35:45,898 [MainThread  ][DEBUG]  Optimization options: None
2019-02-28 20:35:45,898 [MainThread  ][INFO ]  Initial parameter values: [1.32356229 1.58636364 7.32892772]
2019-02-28 20:36:49,177 [MainThread  ][INFO ]  Final fidelity: 0.9992205275765028
2019-02-28 20:36:49,218 [MainThread  ][INFO ]  Final parameters: [3.13534062 0.03240175 4.43933486]
2019-02-28 20:36:49,218 [MainThread  ][INFO ]  Fidelity: 0.9992205275765028
2019-02-28 20:36:49,218 [MainThread  ][INFO ]  ---- Starting iteration 80/100
2019-02-28 20:36:49,218 [MainThread  ][DEBUG]  Setting hyperparameter tf=3.212121212121212
2019-02-28 20:36:49,218 [MainThread  ][INFO ]  Starting optimization for tf=3.212121212121212
2019-02-28 20:36:49,218 [MainThread  ][DEBUG]  Optimization method: Nelder-Mead
2019-02-28 20:36:49,218 [MainThread  ][DEBUG]  Optimization options: None
2019-02-28 20:36:49,219 [MainThread  ][INFO ]  Initial parameter values: [3.05305248 1.60606061 8.10616042]
2019-02-28 20:37:53,025 [MainThread  ][INFO ]  Final fidelity: 0.9971601965484455
2019-02-28 20:37:53,040 [MainThread  ][INFO ]  Final parameters: [4.44485676 1.82444696 4.45510475]
2019-02-28 20:37:53,040 [MainThread  ][INFO ]  Fidelity: 0.9971601965484455
2019-02-28 20:37:53,040 [MainThread  ][INFO ]  ---- Starting iteration 81/100
2019-02-28 20:37:53,041 [MainThread  ][DEBUG]  Setting hyperparameter tf=3.2515151515151515
2019-02-28 20:37:53,041 [MainThread  ][INFO ]  Starting optimization for tf=3.2515151515151515
2019-02-28 20:37:53,041 [MainThread  ][DEBUG]  Optimization method: Nelder-Mead
2019-02-28 20:37:53,041 [MainThread  ][DEBUG]  Optimization options: None
2019-02-28 20:37:53,041 [MainThread  ][INFO ]  Initial parameter values: [9.11256981 1.62575758 7.71818226]
2019-02-28 20:39:21,424 [MainThread  ][INFO ]  Final fidelity: 0.9919462708286584
2019-02-28 20:39:21,425 [MainThread  ][INFO ]  Final parameters: [-4.56282115  3.15657505  0.60382449]
2019-02-28 20:39:21,425 [MainThread  ][INFO ]  Fidelity: 0.9919462708286584
2019-02-28 20:39:21,425 [MainThread  ][INFO ]  ---- Starting iteration 82/100
2019-02-28 20:39:21,425 [MainThread  ][DEBUG]  Setting hyperparameter tf=3.2909090909090906
2019-02-28 20:39:21,425 [MainThread  ][INFO ]  Starting optimization for tf=3.2909090909090906
2019-02-28 20:39:21,425 [MainThread  ][DEBUG]  Optimization method: Nelder-Mead
2019-02-28 20:39:21,425 [MainThread  ][DEBUG]  Optimization options: None
2019-02-28 20:39:21,425 [MainThread  ][INFO ]  Initial parameter values: [1.40717992 1.64545455 0.40730472]
2019-02-28 20:40:36,799 [MainThread  ][INFO ]  Final fidelity: 0.765076429447302
2019-02-28 20:40:36,801 [MainThread  ][INFO ]  Final parameters: [-0.19518914  1.95348526  0.64821826]
2019-02-28 20:40:36,801 [MainThread  ][INFO ]  Fidelity: 0.765076429447302
2019-02-28 20:40:36,801 [MainThread  ][INFO ]  ---- Starting iteration 83/100
2019-02-28 20:40:36,801 [MainThread  ][DEBUG]  Setting hyperparameter tf=3.33030303030303
2019-02-28 20:40:36,801 [MainThread  ][INFO ]  Starting optimization for tf=3.33030303030303
2019-02-28 20:40:36,801 [MainThread  ][DEBUG]  Optimization method: Nelder-Mead
2019-02-28 20:40:36,801 [MainThread  ][DEBUG]  Optimization options: None
2019-02-28 20:40:36,801 [MainThread  ][INFO ]  Initial parameter values: [0.46528268 1.66515152 4.45539958]
2019-02-28 20:41:37,608 [MainThread  ][INFO ]  Final fidelity: 0.9989459645183968
2019-02-28 20:41:37,610 [MainThread  ][INFO ]  Final parameters: [0.70982846 0.15340489 4.44405897]
2019-02-28 20:41:37,611 [MainThread  ][INFO ]  Fidelity: 0.9989459645183968
2019-02-28 20:41:37,611 [MainThread  ][INFO ]  ---- Starting iteration 84/100
2019-02-28 20:41:37,611 [MainThread  ][DEBUG]  Setting hyperparameter tf=3.3696969696969696
2019-02-28 20:41:37,611 [MainThread  ][INFO ]  Starting optimization for tf=3.3696969696969696
2019-02-28 20:41:37,611 [MainThread  ][DEBUG]  Optimization method: Nelder-Mead
2019-02-28 20:41:37,611 [MainThread  ][DEBUG]  Optimization options: None
2019-02-28 20:41:37,611 [MainThread  ][INFO ]  Initial parameter values: [3.49348093 1.68484848 0.39334742]
2019-02-28 20:44:03,548 [MainThread  ][INFO ]  Final fidelity: 0.9815503889902851
2019-02-28 20:44:03,549 [MainThread  ][INFO ]  Final parameters: [-4.39922606  2.28444783  4.53977709]
2019-02-28 20:44:03,550 [MainThread  ][INFO ]  Fidelity: 0.9815503889902851
2019-02-28 20:44:03,550 [MainThread  ][INFO ]  ---- Starting iteration 85/100
2019-02-28 20:44:03,550 [MainThread  ][DEBUG]  Setting hyperparameter tf=3.4090909090909087
2019-02-28 20:44:03,550 [MainThread  ][INFO ]  Starting optimization for tf=3.4090909090909087
2019-02-28 20:44:03,550 [MainThread  ][DEBUG]  Optimization method: Nelder-Mead
2019-02-28 20:44:03,550 [MainThread  ][DEBUG]  Optimization options: None
2019-02-28 20:44:03,550 [MainThread  ][INFO ]  Initial parameter values: [5.54683003 1.70454545 9.07325704]
2019-02-28 20:45:17,474 [MainThread  ][INFO ]  Final fidelity: 0.9978865150278396
2019-02-28 20:45:17,476 [MainThread  ][INFO ]  Final parameters: [4.43091496 2.5623128  4.60614451]
2019-02-28 20:45:17,476 [MainThread  ][INFO ]  Fidelity: 0.9978865150278396
2019-02-28 20:45:17,476 [MainThread  ][INFO ]  ---- Starting iteration 86/100
2019-02-28 20:45:17,476 [MainThread  ][DEBUG]  Setting hyperparameter tf=3.4484848484848483
2019-02-28 20:45:17,476 [MainThread  ][INFO ]  Starting optimization for tf=3.4484848484848483
2019-02-28 20:45:17,479 [MainThread  ][DEBUG]  Optimization method: Nelder-Mead
2019-02-28 20:45:17,479 [MainThread  ][DEBUG]  Optimization options: None
2019-02-28 20:45:17,479 [MainThread  ][INFO ]  Initial parameter values: [0.84891959 1.72424242 4.51497571]
2019-02-28 20:46:22,393 [MainThread  ][INFO ]  Final fidelity: 0.9994142929952254
2019-02-28 20:46:22,396 [MainThread  ][INFO ]  Final parameters: [1.33971852 0.21513457 4.46352852]
2019-02-28 20:46:22,396 [MainThread  ][INFO ]  Fidelity: 0.9994142929952254
2019-02-28 20:46:22,398 [MainThread  ][INFO ]  ---- Starting iteration 87/100
2019-02-28 20:46:22,398 [MainThread  ][DEBUG]  Setting hyperparameter tf=3.487878787878788
2019-02-28 20:46:22,398 [MainThread  ][INFO ]  Starting optimization for tf=3.487878787878788
2019-02-28 20:46:22,399 [MainThread  ][DEBUG]  Optimization method: Nelder-Mead
2019-02-28 20:46:22,399 [MainThread  ][DEBUG]  Optimization options: None
2019-02-28 20:46:22,401 [MainThread  ][INFO ]  Initial parameter values: [7.50576878 1.74393939 0.15851287]
2019-02-28 20:49:09,741 [MainThread  ][INFO ]  Final fidelity: 0.998466639173596
2019-02-28 20:49:09,744 [MainThread  ][INFO ]  Final parameters: [4.29519535 1.45207248 4.54291643]
2019-02-28 20:49:09,745 [MainThread  ][INFO ]  Fidelity: 0.998466639173596
2019-02-28 20:49:09,745 [MainThread  ][INFO ]  ---- Starting iteration 88/100
2019-02-28 20:49:09,745 [MainThread  ][DEBUG]  Setting hyperparameter tf=3.527272727272727
2019-02-28 20:49:09,745 [MainThread  ][INFO ]  Starting optimization for tf=3.527272727272727
2019-02-28 20:49:09,745 [MainThread  ][DEBUG]  Optimization method: Nelder-Mead
2019-02-28 20:49:09,746 [MainThread  ][DEBUG]  Optimization options: None
2019-02-28 20:49:09,746 [MainThread  ][INFO ]  Initial parameter values: [2.94588436 1.76363636 6.39106371]
2019-02-28 20:50:26,651 [MainThread  ][INFO ]  Final fidelity: 0.9979553181030129
2019-02-28 20:50:26,652 [MainThread  ][INFO ]  Final parameters: [4.240877  1.328005  4.5474087]
2019-02-28 20:50:26,652 [MainThread  ][INFO ]  Fidelity: 0.9979553181030129
2019-02-28 20:50:26,652 [MainThread  ][INFO ]  ---- Starting iteration 89/100
2019-02-28 20:50:26,652 [MainThread  ][DEBUG]  Setting hyperparameter tf=3.5666666666666664
2019-02-28 20:50:26,653 [MainThread  ][INFO ]  Starting optimization for tf=3.5666666666666664
2019-02-28 20:50:26,653 [MainThread  ][DEBUG]  Optimization method: Nelder-Mead
2019-02-28 20:50:26,653 [MainThread  ][DEBUG]  Optimization options: None
2019-02-28 20:50:26,653 [MainThread  ][INFO ]  Initial parameter values: [1.00971234 1.78333333 2.81578345]
2019-02-28 20:52:13,327 [MainThread  ][INFO ]  Final fidelity: 0.9995607327987505
2019-02-28 20:52:13,341 [MainThread  ][INFO ]  Final parameters: [2.01468488 0.33901044 4.47836342]
2019-02-28 20:52:13,341 [MainThread  ][INFO ]  Fidelity: 0.9995607327987505
2019-02-28 20:52:13,342 [MainThread  ][INFO ]  ---- Starting iteration 90/100
2019-02-28 20:52:13,342 [MainThread  ][DEBUG]  Setting hyperparameter tf=3.606060606060606
2019-02-28 20:52:13,342 [MainThread  ][INFO ]  Starting optimization for tf=3.606060606060606
2019-02-28 20:52:13,342 [MainThread  ][DEBUG]  Optimization method: Nelder-Mead
2019-02-28 20:52:13,342 [MainThread  ][DEBUG]  Optimization options: None
2019-02-28 20:52:13,342 [MainThread  ][INFO ]  Initial parameter values: [0.2681095  1.8030303  1.73659202]
2019-02-28 20:53:05,462 [MainThread  ][INFO ]  Final fidelity: 0.9981606840561434
2019-02-28 20:53:05,505 [MainThread  ][INFO ]  Final parameters: [0.05975092 0.36520636 4.45837659]
2019-02-28 20:53:05,505 [MainThread  ][INFO ]  Fidelity: 0.9981606840561434
2019-02-28 20:53:05,505 [MainThread  ][INFO ]  ---- Starting iteration 91/100
2019-02-28 20:53:05,506 [MainThread  ][DEBUG]  Setting hyperparameter tf=3.645454545454545
2019-02-28 20:53:05,506 [MainThread  ][INFO ]  Starting optimization for tf=3.645454545454545
2019-02-28 20:53:05,506 [MainThread  ][DEBUG]  Optimization method: Nelder-Mead
2019-02-28 20:53:05,506 [MainThread  ][DEBUG]  Optimization options: None
2019-02-28 20:53:05,506 [MainThread  ][INFO ]  Initial parameter values: [1.6131674  1.82272727 5.80626725]
2019-02-28 20:54:16,027 [MainThread  ][INFO ]  Final fidelity: 0.9987623973095624
2019-02-28 20:54:16,030 [MainThread  ][INFO ]  Final parameters: [3.51210502 0.65017102 4.52026884]
2019-02-28 20:54:16,030 [MainThread  ][INFO ]  Fidelity: 0.9987623973095624
2019-02-28 20:54:16,030 [MainThread  ][INFO ]  ---- Starting iteration 92/100
2019-02-28 20:54:16,031 [MainThread  ][DEBUG]  Setting hyperparameter tf=3.6848484848484846
2019-02-28 20:54:16,031 [MainThread  ][INFO ]  Starting optimization for tf=3.6848484848484846
2019-02-28 20:54:16,031 [MainThread  ][DEBUG]  Optimization method: Nelder-Mead
2019-02-28 20:54:16,035 [MainThread  ][DEBUG]  Optimization options: None
2019-02-28 20:54:16,035 [MainThread  ][INFO ]  Initial parameter values: [4.10992928 1.84242424 2.74825234]
2019-02-28 20:55:53,019 [MainThread  ][INFO ]  Final fidelity: 0.9988006853756998
2019-02-28 20:55:53,022 [MainThread  ][INFO ]  Final parameters: [3.91297875 1.01625423 4.54954293]
2019-02-28 20:55:53,022 [MainThread  ][INFO ]  Fidelity: 0.9988006853756998
2019-02-28 20:55:53,022 [MainThread  ][INFO ]  ---- Starting iteration 93/100
2019-02-28 20:55:53,022 [MainThread  ][DEBUG]  Setting hyperparameter tf=3.724242424242424
2019-02-28 20:55:53,022 [MainThread  ][INFO ]  Starting optimization for tf=3.724242424242424
2019-02-28 20:55:53,022 [MainThread  ][DEBUG]  Optimization method: Nelder-Mead
2019-02-28 20:55:53,023 [MainThread  ][DEBUG]  Optimization options: None
2019-02-28 20:55:53,023 [MainThread  ][INFO ]  Initial parameter values: [4.71342418 1.86212121 9.23833809]
2019-02-28 20:57:16,440 [MainThread  ][INFO ]  Final fidelity: 0.998315537112761
2019-02-28 20:57:16,446 [MainThread  ][INFO ]  Final parameters: [4.37476319 2.37872508 4.70192203]
2019-02-28 20:57:16,446 [MainThread  ][INFO ]  Fidelity: 0.998315537112761
2019-02-28 20:57:16,446 [MainThread  ][INFO ]  ---- Starting iteration 94/100
2019-02-28 20:57:16,446 [MainThread  ][DEBUG]  Setting hyperparameter tf=3.7636363636363632
2019-02-28 20:57:16,446 [MainThread  ][INFO ]  Starting optimization for tf=3.7636363636363632
2019-02-28 20:57:16,447 [MainThread  ][DEBUG]  Optimization method: Nelder-Mead
2019-02-28 20:57:16,447 [MainThread  ][DEBUG]  Optimization options: None
2019-02-28 20:57:16,447 [MainThread  ][INFO ]  Initial parameter values: [3.31547523 1.88181818 9.19183698]
2019-02-28 20:58:38,467 [MainThread  ][INFO ]  Final fidelity: 0.9980080628925464
2019-02-28 20:58:38,474 [MainThread  ][INFO ]  Final parameters: [4.32830187 2.06769887 4.66467892]
2019-02-28 20:58:38,474 [MainThread  ][INFO ]  Fidelity: 0.9980080628925464
2019-02-28 20:58:38,475 [MainThread  ][INFO ]  ---- Starting iteration 95/100
2019-02-28 20:58:38,475 [MainThread  ][DEBUG]  Setting hyperparameter tf=3.8030303030303028
2019-02-28 20:58:38,475 [MainThread  ][INFO ]  Starting optimization for tf=3.8030303030303028
2019-02-28 20:58:38,475 [MainThread  ][DEBUG]  Optimization method: Nelder-Mead
2019-02-28 20:58:38,475 [MainThread  ][DEBUG]  Optimization options: None
2019-02-28 20:58:38,475 [MainThread  ][INFO ]  Initial parameter values: [9.53631016 1.90151515 0.04618881]
2019-02-28 21:01:12,463 [MainThread  ][INFO ]  Final fidelity: 0.9984870534168907
2019-02-28 21:01:12,464 [MainThread  ][INFO ]  Final parameters: [4.29402687 1.95183595 4.66254998]
2019-02-28 21:01:12,464 [MainThread  ][INFO ]  Fidelity: 0.9984870534168907
2019-02-28 21:01:12,464 [MainThread  ][INFO ]  ---- Starting iteration 96/100
2019-02-28 21:01:12,464 [MainThread  ][DEBUG]  Setting hyperparameter tf=3.8424242424242423
2019-02-28 21:01:12,464 [MainThread  ][INFO ]  Starting optimization for tf=3.8424242424242423
2019-02-28 21:01:12,464 [MainThread  ][DEBUG]  Optimization method: Nelder-Mead
2019-02-28 21:01:12,464 [MainThread  ][DEBUG]  Optimization options: None
2019-02-28 21:01:12,465 [MainThread  ][INFO ]  Initial parameter values: [3.44539951 1.92121212 4.14727349]
2019-02-28 21:02:10,858 [MainThread  ][INFO ]  Final fidelity: 0.9984647801854454
2019-02-28 21:02:10,858 [MainThread  ][INFO ]  Final parameters: [4.16158358 1.57736094 4.63213692]
2019-02-28 21:02:10,859 [MainThread  ][INFO ]  Fidelity: 0.9984647801854454
2019-02-28 21:02:10,859 [MainThread  ][INFO ]  ---- Starting iteration 97/100
2019-02-28 21:02:10,859 [MainThread  ][DEBUG]  Setting hyperparameter tf=3.8818181818181814
2019-02-28 21:02:10,859 [MainThread  ][INFO ]  Starting optimization for tf=3.8818181818181814
2019-02-28 21:02:10,859 [MainThread  ][DEBUG]  Optimization method: Nelder-Mead
2019-02-28 21:02:10,859 [MainThread  ][DEBUG]  Optimization options: None
2019-02-28 21:02:10,859 [MainThread  ][INFO ]  Initial parameter values: [4.07684675 1.94090909 7.36102658]
2019-02-28 21:03:39,391 [MainThread  ][INFO ]  Final fidelity: 0.9981719835970051
2019-02-28 21:03:39,392 [MainThread  ][INFO ]  Final parameters: [4.34847577 2.31522163 4.72639727]
2019-02-28 21:03:39,392 [MainThread  ][INFO ]  Fidelity: 0.9981719835970051
2019-02-28 21:03:39,392 [MainThread  ][INFO ]  ---- Starting iteration 98/100
2019-02-28 21:03:39,392 [MainThread  ][DEBUG]  Setting hyperparameter tf=3.921212121212121
2019-02-28 21:03:39,392 [MainThread  ][INFO ]  Starting optimization for tf=3.921212121212121
2019-02-28 21:03:39,392 [MainThread  ][DEBUG]  Optimization method: Nelder-Mead
2019-02-28 21:03:39,393 [MainThread  ][DEBUG]  Optimization options: None
2019-02-28 21:03:39,393 [MainThread  ][INFO ]  Initial parameter values: [7.2196393  1.96060606 1.8596324 ]
2019-02-28 21:05:20,689 [MainThread  ][INFO ]  Final fidelity: 0.9967806976402888
2019-02-28 21:05:20,690 [MainThread  ][INFO ]  Final parameters: [-3.10103035  0.92894441  4.53609514]
2019-02-28 21:05:20,690 [MainThread  ][INFO ]  Fidelity: 0.9967806976402888
2019-02-28 21:05:20,690 [MainThread  ][INFO ]  ---- Starting iteration 99/100
2019-02-28 21:05:20,690 [MainThread  ][DEBUG]  Setting hyperparameter tf=3.9606060606060605
2019-02-28 21:05:20,690 [MainThread  ][INFO ]  Starting optimization for tf=3.9606060606060605
2019-02-28 21:05:20,690 [MainThread  ][DEBUG]  Optimization method: Nelder-Mead
2019-02-28 21:05:20,690 [MainThread  ][DEBUG]  Optimization options: None
2019-02-28 21:05:20,690 [MainThread  ][INFO ]  Initial parameter values: [3.90131939 1.98030303 2.86011619]
2019-02-28 21:06:56,908 [MainThread  ][INFO ]  Final fidelity: 0.9991244537370759
2019-02-28 21:06:56,911 [MainThread  ][INFO ]  Final parameters: [3.28760733 0.96005871 4.56246527]
2019-02-28 21:06:56,911 [MainThread  ][INFO ]  Fidelity: 0.9991244537370759
2019-02-28 21:06:56,911 [MainThread  ][INFO ]  ---- Starting iteration 100/100
2019-02-28 21:06:56,911 [MainThread  ][DEBUG]  Setting hyperparameter tf=4.0
2019-02-28 21:06:56,912 [MainThread  ][INFO ]  Starting optimization for tf=4.0
2019-02-28 21:06:56,912 [MainThread  ][DEBUG]  Optimization method: Nelder-Mead
2019-02-28 21:06:56,912 [MainThread  ][DEBUG]  Optimization options: None
2019-02-28 21:06:56,912 [MainThread  ][INFO ]  Initial parameter values: [0.47933609 2.         5.55490999]
2019-02-28 21:07:57,240 [MainThread  ][INFO ]  Final fidelity: 0.9989599831494024
2019-02-28 21:07:57,243 [MainThread  ][INFO ]  Final parameters: [1.03166107 0.71006188 4.48390745]
2019-02-28 21:07:57,243 [MainThread  ][INFO ]  Fidelity: 0.9989599831494024
