2019-02-28 19:24:28,566 [MainThread  ][INFO ]  Output file name will be "lmg_doublebang_neldermead_100spins.csv"
2019-02-28 19:24:28,702 [MainThread  ][INFO ]  Using doublebang protocol ansatz.
2019-02-28 19:24:28,702 [MainThread  ][DEBUG]  Initializing ProtocolAnsatz instance "doublebang"
2019-02-28 19:24:28,702 [MainThread  ][INFO ]  Using parameters constraints: [[-2.0, 2.0], [None, None], [-2.0, 2.0]]
2019-02-28 19:24:28,702 [MainThread  ][INFO ]  Using total height constraint: None
2019-02-28 19:24:28,702 [MainThread  ][INFO ]  ---- Starting iteration 1/100
2019-02-28 19:24:28,703 [MainThread  ][DEBUG]  Setting hyperparameter tf=0.1
2019-02-28 19:24:28,703 [MainThread  ][INFO ]  Starting optimization for tf=0.1
2019-02-28 19:24:28,703 [MainThread  ][DEBUG]  Optimization method: Nelder-Mead
2019-02-28 19:24:28,703 [MainThread  ][DEBUG]  Optimization options: None
2019-02-28 19:24:28,703 [MainThread  ][INFO ]  Initial parameter values: [1.7249412  0.05       1.77419858]
2019-02-28 19:25:03,203 [MainThread  ][INFO ]  Final fidelity: 0.757207127940035
2019-02-28 19:25:03,205 [MainThread  ][INFO ]  Final parameters: [ 1.99818622  0.06037446 -1.99987289]
2019-02-28 19:25:03,205 [MainThread  ][INFO ]  Fidelity: 0.757207127940035
2019-02-28 19:25:03,205 [MainThread  ][INFO ]  ---- Starting iteration 2/100
2019-02-28 19:25:03,205 [MainThread  ][DEBUG]  Setting hyperparameter tf=0.1191919191919192
2019-02-28 19:25:03,205 [MainThread  ][INFO ]  Starting optimization for tf=0.1191919191919192
2019-02-28 19:25:03,205 [MainThread  ][DEBUG]  Optimization method: Nelder-Mead
2019-02-28 19:25:03,205 [MainThread  ][DEBUG]  Optimization options: None
2019-02-28 19:25:03,206 [MainThread  ][INFO ]  Initial parameter values: [1.43471214 0.05959596 1.03467788]
2019-02-28 19:25:32,935 [MainThread  ][INFO ]  Final fidelity: 0.7584940187196632
2019-02-28 19:25:32,936 [MainThread  ][INFO ]  Final parameters: [ 1.99968984  0.07147929 -1.99972427]
2019-02-28 19:25:32,936 [MainThread  ][INFO ]  Fidelity: 0.7584940187196632
2019-02-28 19:25:32,936 [MainThread  ][INFO ]  ---- Starting iteration 3/100
2019-02-28 19:25:32,936 [MainThread  ][DEBUG]  Setting hyperparameter tf=0.1383838383838384
2019-02-28 19:25:32,936 [MainThread  ][INFO ]  Starting optimization for tf=0.1383838383838384
2019-02-28 19:25:32,936 [MainThread  ][DEBUG]  Optimization method: Nelder-Mead
2019-02-28 19:25:32,936 [MainThread  ][DEBUG]  Optimization options: None
2019-02-28 19:25:32,937 [MainThread  ][INFO ]  Initial parameter values: [1.09060922 0.06919192 1.51946628]
2019-02-28 19:26:04,279 [MainThread  ][INFO ]  Final fidelity: 0.759997969194537
2019-02-28 19:26:04,281 [MainThread  ][INFO ]  Final parameters: [ 1.99981484  0.08333664 -1.99998943]
2019-02-28 19:26:04,281 [MainThread  ][INFO ]  Fidelity: 0.759997969194537
2019-02-28 19:26:04,281 [MainThread  ][INFO ]  ---- Starting iteration 4/100
2019-02-28 19:26:04,281 [MainThread  ][DEBUG]  Setting hyperparameter tf=0.1575757575757576
2019-02-28 19:26:04,282 [MainThread  ][INFO ]  Starting optimization for tf=0.1575757575757576
2019-02-28 19:26:04,282 [MainThread  ][DEBUG]  Optimization method: Nelder-Mead
2019-02-28 19:26:04,282 [MainThread  ][DEBUG]  Optimization options: None
2019-02-28 19:26:04,282 [MainThread  ][INFO ]  Initial parameter values: [1.36393341 0.07878788 0.52472303]
2019-02-28 19:26:42,532 [MainThread  ][INFO ]  Final fidelity: 0.7617245075886532
2019-02-28 19:26:42,534 [MainThread  ][INFO ]  Final parameters: [ 1.99999678  0.09506868 -1.99866133]
2019-02-28 19:26:42,534 [MainThread  ][INFO ]  Fidelity: 0.7617245075886532
2019-02-28 19:26:42,534 [MainThread  ][INFO ]  ---- Starting iteration 5/100
2019-02-28 19:26:42,534 [MainThread  ][DEBUG]  Setting hyperparameter tf=0.17676767676767677
2019-02-28 19:26:42,534 [MainThread  ][INFO ]  Starting optimization for tf=0.17676767676767677
2019-02-28 19:26:42,534 [MainThread  ][DEBUG]  Optimization method: Nelder-Mead
2019-02-28 19:26:42,534 [MainThread  ][DEBUG]  Optimization options: None
2019-02-28 19:26:42,534 [MainThread  ][INFO ]  Initial parameter values: [0.69725768 0.08838384 0.07694618]
2019-02-28 19:27:36,164 [MainThread  ][INFO ]  Final fidelity: 0.7624660900848059
2019-02-28 19:27:36,165 [MainThread  ][INFO ]  Final parameters: [ 1.61240643  0.11602976 -1.99978208]
2019-02-28 19:27:36,165 [MainThread  ][INFO ]  Fidelity: 0.7624660900848059
2019-02-28 19:27:36,165 [MainThread  ][INFO ]  ---- Starting iteration 6/100
2019-02-28 19:27:36,166 [MainThread  ][DEBUG]  Setting hyperparameter tf=0.19595959595959594
2019-02-28 19:27:36,166 [MainThread  ][INFO ]  Starting optimization for tf=0.19595959595959594
2019-02-28 19:27:36,166 [MainThread  ][DEBUG]  Optimization method: Nelder-Mead
2019-02-28 19:27:36,166 [MainThread  ][DEBUG]  Optimization options: None
2019-02-28 19:27:36,166 [MainThread  ][INFO ]  Initial parameter values: [1.22988109 0.0979798  1.96720539]
2019-02-28 19:28:02,077 [MainThread  ][INFO ]  Final fidelity: 0.7658355023670405
2019-02-28 19:28:02,078 [MainThread  ][INFO ]  Final parameters: [ 1.99998588  0.118437   -1.99946011]
2019-02-28 19:28:02,078 [MainThread  ][INFO ]  Fidelity: 0.7658355023670405
2019-02-28 19:28:02,078 [MainThread  ][INFO ]  ---- Starting iteration 7/100
2019-02-28 19:28:02,078 [MainThread  ][DEBUG]  Setting hyperparameter tf=0.21515151515151515
2019-02-28 19:28:02,078 [MainThread  ][INFO ]  Starting optimization for tf=0.21515151515151515
2019-02-28 19:28:02,078 [MainThread  ][DEBUG]  Optimization method: Nelder-Mead
2019-02-28 19:28:02,078 [MainThread  ][DEBUG]  Optimization options: None
2019-02-28 19:28:02,078 [MainThread  ][INFO ]  Initial parameter values: [0.68340596 0.10757576 0.91140459]
2019-02-28 19:28:36,255 [MainThread  ][INFO ]  Final fidelity: 0.7682157936991342
2019-02-28 19:28:36,256 [MainThread  ][INFO ]  Final parameters: [ 1.99997826  0.1306416  -1.99986338]
2019-02-28 19:28:36,256 [MainThread  ][INFO ]  Fidelity: 0.7682157936991342
2019-02-28 19:28:36,256 [MainThread  ][INFO ]  ---- Starting iteration 8/100
2019-02-28 19:28:36,256 [MainThread  ][DEBUG]  Setting hyperparameter tf=0.23434343434343433
2019-02-28 19:28:36,257 [MainThread  ][INFO ]  Starting optimization for tf=0.23434343434343433
2019-02-28 19:28:36,257 [MainThread  ][DEBUG]  Optimization method: Nelder-Mead
2019-02-28 19:28:36,257 [MainThread  ][DEBUG]  Optimization options: None
2019-02-28 19:28:36,257 [MainThread  ][INFO ]  Initial parameter values: [0.80856865 0.11717172 0.71091106]
2019-02-28 19:29:07,644 [MainThread  ][INFO ]  Final fidelity: 0.7708096585502837
2019-02-28 19:29:07,645 [MainThread  ][INFO ]  Final parameters: [ 1.99978314  0.14246693 -1.99989455]
2019-02-28 19:29:07,645 [MainThread  ][INFO ]  Fidelity: 0.7708096585502837
2019-02-28 19:29:07,645 [MainThread  ][INFO ]  ---- Starting iteration 9/100
2019-02-28 19:29:07,646 [MainThread  ][DEBUG]  Setting hyperparameter tf=0.2535353535353535
2019-02-28 19:29:07,646 [MainThread  ][INFO ]  Starting optimization for tf=0.2535353535353535
2019-02-28 19:29:07,646 [MainThread  ][DEBUG]  Optimization method: Nelder-Mead
2019-02-28 19:29:07,646 [MainThread  ][DEBUG]  Optimization options: None
2019-02-28 19:29:07,646 [MainThread  ][INFO ]  Initial parameter values: [0.96463864 0.12676768 1.26811769]
2019-02-28 19:29:37,284 [MainThread  ][INFO ]  Final fidelity: 0.7736042117431872
2019-02-28 19:29:37,285 [MainThread  ][INFO ]  Final parameters: [ 1.99999223  0.1537884  -1.99683479]
2019-02-28 19:29:37,285 [MainThread  ][INFO ]  Fidelity: 0.7736042117431872
2019-02-28 19:29:37,285 [MainThread  ][INFO ]  ---- Starting iteration 10/100
2019-02-28 19:29:37,285 [MainThread  ][DEBUG]  Setting hyperparameter tf=0.2727272727272727
2019-02-28 19:29:37,285 [MainThread  ][INFO ]  Starting optimization for tf=0.2727272727272727
2019-02-28 19:29:37,285 [MainThread  ][DEBUG]  Optimization method: Nelder-Mead
2019-02-28 19:29:37,286 [MainThread  ][DEBUG]  Optimization options: None
2019-02-28 19:29:37,286 [MainThread  ][INFO ]  Initial parameter values: [1.29050991 0.13636364 1.18974225]
2019-02-28 19:30:06,864 [MainThread  ][INFO ]  Final fidelity: 0.7766085669186258
2019-02-28 19:30:06,866 [MainThread  ][INFO ]  Final parameters: [ 1.99999631  0.16657183 -1.99490226]
2019-02-28 19:30:06,866 [MainThread  ][INFO ]  Fidelity: 0.7766085669186258
2019-02-28 19:30:06,866 [MainThread  ][INFO ]  ---- Starting iteration 11/100
2019-02-28 19:30:06,866 [MainThread  ][DEBUG]  Setting hyperparameter tf=0.2919191919191919
2019-02-28 19:30:06,866 [MainThread  ][INFO ]  Starting optimization for tf=0.2919191919191919
2019-02-28 19:30:06,866 [MainThread  ][DEBUG]  Optimization method: Nelder-Mead
2019-02-28 19:30:06,866 [MainThread  ][DEBUG]  Optimization options: None
2019-02-28 19:30:06,867 [MainThread  ][INFO ]  Initial parameter values: [1.22145156 0.1459596  0.27902414]
2019-02-28 19:30:49,546 [MainThread  ][INFO ]  Final fidelity: 0.779838764344809
2019-02-28 19:30:49,548 [MainThread  ][INFO ]  Final parameters: [ 1.99988771  0.17852531 -1.99989354]
2019-02-28 19:30:49,548 [MainThread  ][INFO ]  Fidelity: 0.779838764344809
2019-02-28 19:30:49,548 [MainThread  ][INFO ]  ---- Starting iteration 12/100
2019-02-28 19:30:49,548 [MainThread  ][DEBUG]  Setting hyperparameter tf=0.3111111111111111
2019-02-28 19:30:49,549 [MainThread  ][INFO ]  Starting optimization for tf=0.3111111111111111
2019-02-28 19:30:49,549 [MainThread  ][DEBUG]  Optimization method: Nelder-Mead
2019-02-28 19:30:49,549 [MainThread  ][DEBUG]  Optimization options: None
2019-02-28 19:30:49,549 [MainThread  ][INFO ]  Initial parameter values: [0.96726624 0.15555556 0.99657546]
2019-02-28 19:31:19,456 [MainThread  ][INFO ]  Final fidelity: 0.7832503969271715
2019-02-28 19:31:19,457 [MainThread  ][INFO ]  Final parameters: [ 1.99997275  0.19029248 -1.99987696]
2019-02-28 19:31:19,457 [MainThread  ][INFO ]  Fidelity: 0.7832503969271715
2019-02-28 19:31:19,458 [MainThread  ][INFO ]  ---- Starting iteration 13/100
2019-02-28 19:31:19,458 [MainThread  ][DEBUG]  Setting hyperparameter tf=0.3303030303030303
2019-02-28 19:31:19,458 [MainThread  ][INFO ]  Starting optimization for tf=0.3303030303030303
2019-02-28 19:31:19,458 [MainThread  ][DEBUG]  Optimization method: Nelder-Mead
2019-02-28 19:31:19,458 [MainThread  ][DEBUG]  Optimization options: None
2019-02-28 19:31:19,458 [MainThread  ][INFO ]  Initial parameter values: [0.4640001  0.16515152 0.29832128]
2019-02-28 19:31:45,234 [MainThread  ][INFO ]  Final fidelity: 0.7766131973954016
2019-02-28 19:31:45,234 [MainThread  ][INFO ]  Final parameters: [ 1.99997168  0.13713708 -0.36356321]
2019-02-28 19:31:45,234 [MainThread  ][INFO ]  Fidelity: 0.7766131973954016
2019-02-28 19:31:45,235 [MainThread  ][INFO ]  ---- Starting iteration 14/100
2019-02-28 19:31:45,235 [MainThread  ][DEBUG]  Setting hyperparameter tf=0.3494949494949495
2019-02-28 19:31:45,235 [MainThread  ][INFO ]  Starting optimization for tf=0.3494949494949495
2019-02-28 19:31:45,235 [MainThread  ][DEBUG]  Optimization method: Nelder-Mead
2019-02-28 19:31:45,235 [MainThread  ][DEBUG]  Optimization options: None
2019-02-28 19:31:45,235 [MainThread  ][INFO ]  Initial parameter values: [0.96923267 0.17474747 1.37194873]
2019-02-28 19:32:20,224 [MainThread  ][INFO ]  Final fidelity: 0.7906596209697091
2019-02-28 19:32:20,225 [MainThread  ][INFO ]  Final parameters: [ 1.99997391  0.21606363 -1.99622293]
2019-02-28 19:32:20,225 [MainThread  ][INFO ]  Fidelity: 0.7906596209697091
2019-02-28 19:32:20,225 [MainThread  ][INFO ]  ---- Starting iteration 15/100
2019-02-28 19:32:20,225 [MainThread  ][DEBUG]  Setting hyperparameter tf=0.3686868686868686
2019-02-28 19:32:20,226 [MainThread  ][INFO ]  Starting optimization for tf=0.3686868686868686
2019-02-28 19:32:20,226 [MainThread  ][DEBUG]  Optimization method: Nelder-Mead
2019-02-28 19:32:20,226 [MainThread  ][DEBUG]  Optimization options: None
2019-02-28 19:32:20,226 [MainThread  ][INFO ]  Initial parameter values: [0.25924953 0.18434343 1.71297368]
2019-02-28 19:33:19,274 [MainThread  ][INFO ]  Final fidelity: 0.7946668055287637
2019-02-28 19:33:19,274 [MainThread  ][INFO ]  Final parameters: [ 1.99995262  0.22846139 -1.99966834]
2019-02-28 19:33:19,274 [MainThread  ][INFO ]  Fidelity: 0.7946668055287637
2019-02-28 19:33:19,274 [MainThread  ][INFO ]  ---- Starting iteration 16/100
2019-02-28 19:33:19,275 [MainThread  ][DEBUG]  Setting hyperparameter tf=0.3878787878787878
2019-02-28 19:33:19,275 [MainThread  ][INFO ]  Starting optimization for tf=0.3878787878787878
2019-02-28 19:33:19,275 [MainThread  ][DEBUG]  Optimization method: Nelder-Mead
2019-02-28 19:33:19,275 [MainThread  ][DEBUG]  Optimization options: None
2019-02-28 19:33:19,275 [MainThread  ][INFO ]  Initial parameter values: [1.49618306 0.19393939 1.67776229]
2019-02-28 19:33:54,636 [MainThread  ][INFO ]  Final fidelity: 0.7988438169860054
2019-02-28 19:33:54,638 [MainThread  ][INFO ]  Final parameters: [ 1.99998322  0.24145955 -1.99999496]
2019-02-28 19:33:54,638 [MainThread  ][INFO ]  Fidelity: 0.7988438169860054
2019-02-28 19:33:54,638 [MainThread  ][INFO ]  ---- Starting iteration 17/100
2019-02-28 19:33:54,638 [MainThread  ][DEBUG]  Setting hyperparameter tf=0.407070707070707
2019-02-28 19:33:54,638 [MainThread  ][INFO ]  Starting optimization for tf=0.407070707070707
2019-02-28 19:33:54,638 [MainThread  ][DEBUG]  Optimization method: Nelder-Mead
2019-02-28 19:33:54,638 [MainThread  ][DEBUG]  Optimization options: None
2019-02-28 19:33:54,639 [MainThread  ][INFO ]  Initial parameter values: [0.1443412  0.20353535 0.34198554]
2019-02-28 19:34:19,564 [MainThread  ][INFO ]  Final fidelity: 0.7646345569635714
2019-02-28 19:34:19,564 [MainThread  ][INFO ]  Final parameters: [1.55143503e-01 8.38986866e-07 5.05317374e-01]
2019-02-28 19:34:19,565 [MainThread  ][INFO ]  Fidelity: 0.7646345569635714
2019-02-28 19:34:19,565 [MainThread  ][INFO ]  ---- Starting iteration 18/100
2019-02-28 19:34:19,565 [MainThread  ][DEBUG]  Setting hyperparameter tf=0.42626262626262623
2019-02-28 19:34:19,565 [MainThread  ][INFO ]  Starting optimization for tf=0.42626262626262623
2019-02-28 19:34:19,565 [MainThread  ][DEBUG]  Optimization method: Nelder-Mead
2019-02-28 19:34:19,565 [MainThread  ][DEBUG]  Optimization options: None
2019-02-28 19:34:19,565 [MainThread  ][INFO ]  Initial parameter values: [1.58042976 0.21313131 1.08898764]
2019-02-28 19:35:03,490 [MainThread  ][INFO ]  Final fidelity: 0.807712535187109
2019-02-28 19:35:03,492 [MainThread  ][INFO ]  Final parameters: [ 1.99970128  0.2673703  -1.9998852 ]
2019-02-28 19:35:03,492 [MainThread  ][INFO ]  Fidelity: 0.807712535187109
2019-02-28 19:35:03,492 [MainThread  ][INFO ]  ---- Starting iteration 19/100
2019-02-28 19:35:03,492 [MainThread  ][DEBUG]  Setting hyperparameter tf=0.44545454545454544
2019-02-28 19:35:03,492 [MainThread  ][INFO ]  Starting optimization for tf=0.44545454545454544
2019-02-28 19:35:03,492 [MainThread  ][DEBUG]  Optimization method: Nelder-Mead
2019-02-28 19:35:03,492 [MainThread  ][DEBUG]  Optimization options: None
2019-02-28 19:35:03,493 [MainThread  ][INFO ]  Initial parameter values: [0.71135419 0.22272727 1.64688935]
2019-02-28 19:35:43,893 [MainThread  ][INFO ]  Final fidelity: 0.8118926503754209
2019-02-28 19:35:43,894 [MainThread  ][INFO ]  Final parameters: [ 1.99994466  0.27681668 -1.92662813]
2019-02-28 19:35:43,894 [MainThread  ][INFO ]  Fidelity: 0.8118926503754209
2019-02-28 19:35:43,894 [MainThread  ][INFO ]  ---- Starting iteration 20/100
2019-02-28 19:35:43,894 [MainThread  ][DEBUG]  Setting hyperparameter tf=0.46464646464646464
2019-02-28 19:35:43,894 [MainThread  ][INFO ]  Starting optimization for tf=0.46464646464646464
2019-02-28 19:35:43,894 [MainThread  ][DEBUG]  Optimization method: Nelder-Mead
2019-02-28 19:35:43,895 [MainThread  ][DEBUG]  Optimization options: None
2019-02-28 19:35:43,895 [MainThread  ][INFO ]  Initial parameter values: [0.96805928 0.23232323 0.6800987 ]
2019-02-28 19:36:17,830 [MainThread  ][INFO ]  Final fidelity: 0.8172467391256394
2019-02-28 19:36:17,832 [MainThread  ][INFO ]  Final parameters: [ 1.99993006  0.29362479 -1.9999344 ]
2019-02-28 19:36:17,832 [MainThread  ][INFO ]  Fidelity: 0.8172467391256394
2019-02-28 19:36:17,833 [MainThread  ][INFO ]  ---- Starting iteration 21/100
2019-02-28 19:36:17,833 [MainThread  ][DEBUG]  Setting hyperparameter tf=0.48383838383838385
2019-02-28 19:36:17,833 [MainThread  ][INFO ]  Starting optimization for tf=0.48383838383838385
2019-02-28 19:36:17,833 [MainThread  ][DEBUG]  Optimization method: Nelder-Mead
2019-02-28 19:36:17,833 [MainThread  ][DEBUG]  Optimization options: None
2019-02-28 19:36:17,833 [MainThread  ][INFO ]  Initial parameter values: [0.51371785 0.24191919 0.22674911]
2019-02-28 19:37:18,938 [MainThread  ][INFO ]  Final fidelity: 0.8222361474147099
2019-02-28 19:37:18,941 [MainThread  ][INFO ]  Final parameters: [ 1.99999519  0.30682756 -1.99986554]
2019-02-28 19:37:18,941 [MainThread  ][INFO ]  Fidelity: 0.8222361474147099
2019-02-28 19:37:18,941 [MainThread  ][INFO ]  ---- Starting iteration 22/100
2019-02-28 19:37:18,941 [MainThread  ][DEBUG]  Setting hyperparameter tf=0.503030303030303
2019-02-28 19:37:18,941 [MainThread  ][INFO ]  Starting optimization for tf=0.503030303030303
2019-02-28 19:37:18,941 [MainThread  ][DEBUG]  Optimization method: Nelder-Mead
2019-02-28 19:37:18,941 [MainThread  ][DEBUG]  Optimization options: None
2019-02-28 19:37:18,942 [MainThread  ][INFO ]  Initial parameter values: [1.20391373 0.25151515 0.91144741]
2019-02-28 19:37:50,652 [MainThread  ][INFO ]  Final fidelity: 0.8273702570449167
2019-02-28 19:37:50,653 [MainThread  ][INFO ]  Final parameters: [ 1.99999144  0.32020822 -1.99997552]
2019-02-28 19:37:50,653 [MainThread  ][INFO ]  Fidelity: 0.8273702570449167
2019-02-28 19:37:50,653 [MainThread  ][INFO ]  ---- Starting iteration 23/100
2019-02-28 19:37:50,654 [MainThread  ][DEBUG]  Setting hyperparameter tf=0.5222222222222221
2019-02-28 19:37:50,654 [MainThread  ][INFO ]  Starting optimization for tf=0.5222222222222221
2019-02-28 19:37:50,654 [MainThread  ][DEBUG]  Optimization method: Nelder-Mead
2019-02-28 19:37:50,654 [MainThread  ][DEBUG]  Optimization options: None
2019-02-28 19:37:50,654 [MainThread  ][INFO ]  Initial parameter values: [1.73542697 0.26111111 0.71887865]
2019-02-28 19:38:32,450 [MainThread  ][INFO ]  Final fidelity: 0.8325117133349879
2019-02-28 19:38:32,452 [MainThread  ][INFO ]  Final parameters: [ 1.99562344  0.33549182 -1.99999026]
2019-02-28 19:38:32,452 [MainThread  ][INFO ]  Fidelity: 0.8325117133349879
2019-02-28 19:38:32,452 [MainThread  ][INFO ]  ---- Starting iteration 24/100
2019-02-28 19:38:32,452 [MainThread  ][DEBUG]  Setting hyperparameter tf=0.5414141414141413
2019-02-28 19:38:32,452 [MainThread  ][INFO ]  Starting optimization for tf=0.5414141414141413
2019-02-28 19:38:32,452 [MainThread  ][DEBUG]  Optimization method: Nelder-Mead
2019-02-28 19:38:32,453 [MainThread  ][DEBUG]  Optimization options: None
2019-02-28 19:38:32,453 [MainThread  ][INFO ]  Initial parameter values: [1.67565957 0.27070707 1.59783919]
2019-02-28 19:39:04,185 [MainThread  ][INFO ]  Final fidelity: 0.8380148074988424
2019-02-28 19:39:04,199 [MainThread  ][INFO ]  Final parameters: [ 1.99998016  0.34760651 -1.9999918 ]
2019-02-28 19:39:04,199 [MainThread  ][INFO ]  Fidelity: 0.8380148074988424
2019-02-28 19:39:04,199 [MainThread  ][INFO ]  ---- Starting iteration 25/100
2019-02-28 19:39:04,200 [MainThread  ][DEBUG]  Setting hyperparameter tf=0.5606060606060606
2019-02-28 19:39:04,200 [MainThread  ][INFO ]  Starting optimization for tf=0.5606060606060606
2019-02-28 19:39:04,200 [MainThread  ][DEBUG]  Optimization method: Nelder-Mead
2019-02-28 19:39:04,200 [MainThread  ][DEBUG]  Optimization options: None
2019-02-28 19:39:04,200 [MainThread  ][INFO ]  Initial parameter values: [0.86131544 0.28030303 1.40483228]
2019-02-28 19:39:40,497 [MainThread  ][INFO ]  Final fidelity: 0.8435052557259128
2019-02-28 19:39:40,499 [MainThread  ][INFO ]  Final parameters: [ 1.99999098  0.3621673  -1.99998391]
2019-02-28 19:39:40,499 [MainThread  ][INFO ]  Fidelity: 0.8435052557259128
2019-02-28 19:39:40,499 [MainThread  ][INFO ]  ---- Starting iteration 26/100
2019-02-28 19:39:40,499 [MainThread  ][DEBUG]  Setting hyperparameter tf=0.5797979797979798
2019-02-28 19:39:40,499 [MainThread  ][INFO ]  Starting optimization for tf=0.5797979797979798
2019-02-28 19:39:40,499 [MainThread  ][DEBUG]  Optimization method: Nelder-Mead
2019-02-28 19:39:40,499 [MainThread  ][DEBUG]  Optimization options: None
2019-02-28 19:39:40,500 [MainThread  ][INFO ]  Initial parameter values: [1.76689316 0.28989899 1.451652  ]
2019-02-28 19:40:12,707 [MainThread  ][INFO ]  Final fidelity: 0.8484792236881857
2019-02-28 19:40:12,709 [MainThread  ][INFO ]  Final parameters: [ 1.99999338  0.38472806 -1.99973937]
2019-02-28 19:40:12,709 [MainThread  ][INFO ]  Fidelity: 0.8484792236881857
2019-02-28 19:40:12,710 [MainThread  ][INFO ]  ---- Starting iteration 27/100
2019-02-28 19:40:12,710 [MainThread  ][DEBUG]  Setting hyperparameter tf=0.598989898989899
2019-02-28 19:40:12,710 [MainThread  ][INFO ]  Starting optimization for tf=0.598989898989899
2019-02-28 19:40:12,710 [MainThread  ][DEBUG]  Optimization method: Nelder-Mead
2019-02-28 19:40:12,710 [MainThread  ][DEBUG]  Optimization options: None
2019-02-28 19:40:12,710 [MainThread  ][INFO ]  Initial parameter values: [0.18809397 0.29949495 1.43961627]
2019-02-28 19:41:09,378 [MainThread  ][INFO ]  Final fidelity: 0.8545206278875219
2019-02-28 19:41:09,381 [MainThread  ][INFO ]  Final parameters: [ 1.99999261  0.38827116 -1.97433237]
2019-02-28 19:41:09,381 [MainThread  ][INFO ]  Fidelity: 0.8545206278875219
2019-02-28 19:41:09,381 [MainThread  ][INFO ]  ---- Starting iteration 28/100
2019-02-28 19:41:09,381 [MainThread  ][DEBUG]  Setting hyperparameter tf=0.6181818181818182
2019-02-28 19:41:09,381 [MainThread  ][INFO ]  Starting optimization for tf=0.6181818181818182
2019-02-28 19:41:09,382 [MainThread  ][DEBUG]  Optimization method: Nelder-Mead
2019-02-28 19:41:09,382 [MainThread  ][DEBUG]  Optimization options: None
2019-02-28 19:41:09,382 [MainThread  ][INFO ]  Initial parameter values: [0.38051107 0.30909091 1.12739469]
2019-02-28 19:42:01,489 [MainThread  ][INFO ]  Final fidelity: 0.860482536876227
2019-02-28 19:42:01,489 [MainThread  ][INFO ]  Final parameters: [ 1.99784282  0.40428124 -1.99998748]
2019-02-28 19:42:01,489 [MainThread  ][INFO ]  Fidelity: 0.860482536876227
2019-02-28 19:42:01,489 [MainThread  ][INFO ]  ---- Starting iteration 29/100
2019-02-28 19:42:01,490 [MainThread  ][DEBUG]  Setting hyperparameter tf=0.6373737373737373
2019-02-28 19:42:01,490 [MainThread  ][INFO ]  Starting optimization for tf=0.6373737373737373
2019-02-28 19:42:01,490 [MainThread  ][DEBUG]  Optimization method: Nelder-Mead
2019-02-28 19:42:01,490 [MainThread  ][DEBUG]  Optimization options: None
2019-02-28 19:42:01,490 [MainThread  ][INFO ]  Initial parameter values: [0.05844295 0.31868687 0.34362258]
2019-02-28 19:42:30,151 [MainThread  ][INFO ]  Final fidelity: 0.7789580657226147
2019-02-28 19:42:30,151 [MainThread  ][INFO ]  Final parameters: [9.22578991e-02 3.66947455e-07 4.47425273e-01]
2019-02-28 19:42:30,151 [MainThread  ][INFO ]  Fidelity: 0.7789580657226147
2019-02-28 19:42:30,151 [MainThread  ][INFO ]  ---- Starting iteration 30/100
2019-02-28 19:42:30,151 [MainThread  ][DEBUG]  Setting hyperparameter tf=0.6565656565656565
2019-02-28 19:42:30,151 [MainThread  ][INFO ]  Starting optimization for tf=0.6565656565656565
2019-02-28 19:42:30,152 [MainThread  ][DEBUG]  Optimization method: Nelder-Mead
2019-02-28 19:42:30,152 [MainThread  ][DEBUG]  Optimization options: None
2019-02-28 19:42:30,152 [MainThread  ][INFO ]  Initial parameter values: [0.05188286 0.32828283 0.92975306]
2019-02-28 19:43:04,067 [MainThread  ][INFO ]  Final fidelity: 0.7809740091781854
2019-02-28 19:43:04,068 [MainThread  ][INFO ]  Final parameters: [1.51186441e-01 8.77748197e-06 5.20170939e-01]
2019-02-28 19:43:04,068 [MainThread  ][INFO ]  Fidelity: 0.7809740091781854
2019-02-28 19:43:04,068 [MainThread  ][INFO ]  ---- Starting iteration 31/100
2019-02-28 19:43:04,068 [MainThread  ][DEBUG]  Setting hyperparameter tf=0.6757575757575757
2019-02-28 19:43:04,069 [MainThread  ][INFO ]  Starting optimization for tf=0.6757575757575757
2019-02-28 19:43:04,069 [MainThread  ][DEBUG]  Optimization method: Nelder-Mead
2019-02-28 19:43:04,069 [MainThread  ][DEBUG]  Optimization options: None
2019-02-28 19:43:04,069 [MainThread  ][INFO ]  Initial parameter values: [0.65731349 0.33787879 1.52838049]
2019-02-28 19:44:00,145 [MainThread  ][INFO ]  Final fidelity: 0.878062654018837
2019-02-28 19:44:00,146 [MainThread  ][INFO ]  Final parameters: [ 1.99997676  0.45182427 -1.99998476]
2019-02-28 19:44:00,146 [MainThread  ][INFO ]  Fidelity: 0.878062654018837
2019-02-28 19:44:00,146 [MainThread  ][INFO ]  ---- Starting iteration 32/100
2019-02-28 19:44:00,146 [MainThread  ][DEBUG]  Setting hyperparameter tf=0.6949494949494949
2019-02-28 19:44:00,146 [MainThread  ][INFO ]  Starting optimization for tf=0.6949494949494949
2019-02-28 19:44:00,146 [MainThread  ][DEBUG]  Optimization method: Nelder-Mead
2019-02-28 19:44:00,146 [MainThread  ][DEBUG]  Optimization options: None
2019-02-28 19:44:00,147 [MainThread  ][INFO ]  Initial parameter values: [0.73615274 0.34747475 1.38763576]
2019-02-28 19:44:42,399 [MainThread  ][INFO ]  Final fidelity: 0.8841200942467999
2019-02-28 19:44:42,401 [MainThread  ][INFO ]  Final parameters: [ 1.99993523  0.46305311 -1.99994138]
2019-02-28 19:44:42,401 [MainThread  ][INFO ]  Fidelity: 0.8841200942467999
2019-02-28 19:44:42,401 [MainThread  ][INFO ]  ---- Starting iteration 33/100
2019-02-28 19:44:42,401 [MainThread  ][DEBUG]  Setting hyperparameter tf=0.7141414141414141
2019-02-28 19:44:42,401 [MainThread  ][INFO ]  Starting optimization for tf=0.7141414141414141
2019-02-28 19:44:42,401 [MainThread  ][DEBUG]  Optimization method: Nelder-Mead
2019-02-28 19:44:42,401 [MainThread  ][DEBUG]  Optimization options: None
2019-02-28 19:44:42,401 [MainThread  ][INFO ]  Initial parameter values: [1.31407439 0.35707071 1.20820653]
2019-02-28 19:45:17,750 [MainThread  ][INFO ]  Final fidelity: 0.8900689244568214
2019-02-28 19:45:17,782 [MainThread  ][INFO ]  Final parameters: [ 1.99997134  0.47864931 -1.99980754]
2019-02-28 19:45:17,782 [MainThread  ][INFO ]  Fidelity: 0.8900689244568214
2019-02-28 19:45:17,782 [MainThread  ][INFO ]  ---- Starting iteration 34/100
2019-02-28 19:45:17,782 [MainThread  ][DEBUG]  Setting hyperparameter tf=0.7333333333333333
2019-02-28 19:45:17,782 [MainThread  ][INFO ]  Starting optimization for tf=0.7333333333333333
2019-02-28 19:45:17,782 [MainThread  ][DEBUG]  Optimization method: Nelder-Mead
2019-02-28 19:45:17,782 [MainThread  ][DEBUG]  Optimization options: None
2019-02-28 19:45:17,782 [MainThread  ][INFO ]  Initial parameter values: [0.35598513 0.36666667 1.12414512]
2019-02-28 19:46:07,527 [MainThread  ][INFO ]  Final fidelity: 0.8960143127556328
2019-02-28 19:46:07,527 [MainThread  ][INFO ]  Final parameters: [ 1.99999309  0.49322199 -1.99915657]
2019-02-28 19:46:07,527 [MainThread  ][INFO ]  Fidelity: 0.8960143127556328
2019-02-28 19:46:07,527 [MainThread  ][INFO ]  ---- Starting iteration 35/100
2019-02-28 19:46:07,527 [MainThread  ][DEBUG]  Setting hyperparameter tf=0.7525252525252525
2019-02-28 19:46:07,528 [MainThread  ][INFO ]  Starting optimization for tf=0.7525252525252525
2019-02-28 19:46:07,528 [MainThread  ][DEBUG]  Optimization method: Nelder-Mead
2019-02-28 19:46:07,528 [MainThread  ][DEBUG]  Optimization options: None
2019-02-28 19:46:07,528 [MainThread  ][INFO ]  Initial parameter values: [1.01105818 0.37626263 0.66718809]
2019-02-28 19:46:34,549 [MainThread  ][INFO ]  Final fidelity: 0.9018174169043146
2019-02-28 19:46:34,550 [MainThread  ][INFO ]  Final parameters: [ 1.99992149  0.51277623 -1.99999854]
2019-02-28 19:46:34,550 [MainThread  ][INFO ]  Fidelity: 0.9018174169043146
2019-02-28 19:46:34,550 [MainThread  ][INFO ]  ---- Starting iteration 36/100
2019-02-28 19:46:34,551 [MainThread  ][DEBUG]  Setting hyperparameter tf=0.7717171717171717
2019-02-28 19:46:34,551 [MainThread  ][INFO ]  Starting optimization for tf=0.7717171717171717
2019-02-28 19:46:34,551 [MainThread  ][DEBUG]  Optimization method: Nelder-Mead
2019-02-28 19:46:34,551 [MainThread  ][DEBUG]  Optimization options: None
2019-02-28 19:46:34,551 [MainThread  ][INFO ]  Initial parameter values: [0.74451601 0.38585859 0.09695895]
2019-02-28 19:47:03,252 [MainThread  ][INFO ]  Final fidelity: 0.8497759806791119
2019-02-28 19:47:03,253 [MainThread  ][INFO ]  Final parameters: [1.99998232 0.28210626 0.04003147]
2019-02-28 19:47:03,253 [MainThread  ][INFO ]  Fidelity: 0.8497759806791119
2019-02-28 19:47:03,254 [MainThread  ][INFO ]  ---- Starting iteration 37/100
2019-02-28 19:47:03,254 [MainThread  ][DEBUG]  Setting hyperparameter tf=0.7909090909090909
2019-02-28 19:47:03,254 [MainThread  ][INFO ]  Starting optimization for tf=0.7909090909090909
2019-02-28 19:47:03,254 [MainThread  ][DEBUG]  Optimization method: Nelder-Mead
2019-02-28 19:47:03,254 [MainThread  ][DEBUG]  Optimization options: None
2019-02-28 19:47:03,254 [MainThread  ][INFO ]  Initial parameter values: [0.99359556 0.39545455 1.24321939]
2019-02-28 19:47:32,652 [MainThread  ][INFO ]  Final fidelity: 0.9136889571166352
2019-02-28 19:47:32,653 [MainThread  ][INFO ]  Final parameters: [ 1.99993051  0.53960776 -1.99997193]
2019-02-28 19:47:32,653 [MainThread  ][INFO ]  Fidelity: 0.9136889571166352
2019-02-28 19:47:32,653 [MainThread  ][INFO ]  ---- Starting iteration 38/100
2019-02-28 19:47:32,653 [MainThread  ][DEBUG]  Setting hyperparameter tf=0.81010101010101
2019-02-28 19:47:32,654 [MainThread  ][INFO ]  Starting optimization for tf=0.81010101010101
2019-02-28 19:47:32,654 [MainThread  ][DEBUG]  Optimization method: Nelder-Mead
2019-02-28 19:47:32,654 [MainThread  ][DEBUG]  Optimization options: None
2019-02-28 19:47:32,654 [MainThread  ][INFO ]  Initial parameter values: [1.29287071 0.40505051 0.4091165 ]
2019-02-28 19:48:15,748 [MainThread  ][INFO ]  Final fidelity: 0.919471904085943
2019-02-28 19:48:15,750 [MainThread  ][INFO ]  Final parameters: [ 1.99998788  0.55645046 -1.99998506]
2019-02-28 19:48:15,751 [MainThread  ][INFO ]  Fidelity: 0.919471904085943
2019-02-28 19:48:15,751 [MainThread  ][INFO ]  ---- Starting iteration 39/100
2019-02-28 19:48:15,751 [MainThread  ][DEBUG]  Setting hyperparameter tf=0.8292929292929292
2019-02-28 19:48:15,751 [MainThread  ][INFO ]  Starting optimization for tf=0.8292929292929292
2019-02-28 19:48:15,751 [MainThread  ][DEBUG]  Optimization method: Nelder-Mead
2019-02-28 19:48:15,751 [MainThread  ][DEBUG]  Optimization options: None
2019-02-28 19:48:15,751 [MainThread  ][INFO ]  Initial parameter values: [1.48097887 0.41464646 1.65687529]
2019-02-28 19:48:55,584 [MainThread  ][INFO ]  Final fidelity: 0.9251644442382725
2019-02-28 19:48:55,586 [MainThread  ][INFO ]  Final parameters: [ 1.99999769  0.57168041 -1.99990244]
2019-02-28 19:48:55,586 [MainThread  ][INFO ]  Fidelity: 0.9251644442382725
2019-02-28 19:48:55,586 [MainThread  ][INFO ]  ---- Starting iteration 40/100
2019-02-28 19:48:55,586 [MainThread  ][DEBUG]  Setting hyperparameter tf=0.8484848484848484
2019-02-28 19:48:55,586 [MainThread  ][INFO ]  Starting optimization for tf=0.8484848484848484
2019-02-28 19:48:55,586 [MainThread  ][DEBUG]  Optimization method: Nelder-Mead
2019-02-28 19:48:55,586 [MainThread  ][DEBUG]  Optimization options: None
2019-02-28 19:48:55,587 [MainThread  ][INFO ]  Initial parameter values: [0.15434396 0.42424242 1.25347363]
2019-02-28 19:50:05,342 [MainThread  ][INFO ]  Final fidelity: 0.9307538452662378
2019-02-28 19:50:05,343 [MainThread  ][INFO ]  Final parameters: [ 1.99995951  0.58920032 -1.99997649]
2019-02-28 19:50:05,343 [MainThread  ][INFO ]  Fidelity: 0.9307538452662378
2019-02-28 19:50:05,343 [MainThread  ][INFO ]  ---- Starting iteration 41/100
2019-02-28 19:50:05,344 [MainThread  ][DEBUG]  Setting hyperparameter tf=0.8676767676767676
2019-02-28 19:50:05,344 [MainThread  ][INFO ]  Starting optimization for tf=0.8676767676767676
2019-02-28 19:50:05,344 [MainThread  ][DEBUG]  Optimization method: Nelder-Mead
2019-02-28 19:50:05,344 [MainThread  ][DEBUG]  Optimization options: None
2019-02-28 19:50:05,344 [MainThread  ][INFO ]  Initial parameter values: [1.27936353 0.43383838 1.19942616]
2019-02-28 19:50:38,921 [MainThread  ][INFO ]  Final fidelity: 0.9362371111833577
2019-02-28 19:50:38,921 [MainThread  ][INFO ]  Final parameters: [ 1.99996657  0.60527586 -1.99996286]
2019-02-28 19:50:38,921 [MainThread  ][INFO ]  Fidelity: 0.9362371111833577
2019-02-28 19:50:38,921 [MainThread  ][INFO ]  ---- Starting iteration 42/100
2019-02-28 19:50:38,922 [MainThread  ][DEBUG]  Setting hyperparameter tf=0.8868686868686868
2019-02-28 19:50:38,922 [MainThread  ][INFO ]  Starting optimization for tf=0.8868686868686868
2019-02-28 19:50:38,922 [MainThread  ][DEBUG]  Optimization method: Nelder-Mead
2019-02-28 19:50:38,922 [MainThread  ][DEBUG]  Optimization options: None
2019-02-28 19:50:38,922 [MainThread  ][INFO ]  Initial parameter values: [1.7160182  0.44343434 0.57218527]
2019-02-28 19:51:27,595 [MainThread  ][INFO ]  Final fidelity: 0.9404236220174413
2019-02-28 19:51:27,607 [MainThread  ][INFO ]  Final parameters: [ 1.9759726   0.62187909 -1.99999274]
2019-02-28 19:51:27,607 [MainThread  ][INFO ]  Fidelity: 0.9404236220174413
2019-02-28 19:51:27,607 [MainThread  ][INFO ]  ---- Starting iteration 43/100
2019-02-28 19:51:27,607 [MainThread  ][DEBUG]  Setting hyperparameter tf=0.906060606060606
2019-02-28 19:51:27,607 [MainThread  ][INFO ]  Starting optimization for tf=0.906060606060606
2019-02-28 19:51:27,607 [MainThread  ][DEBUG]  Optimization method: Nelder-Mead
2019-02-28 19:51:27,608 [MainThread  ][DEBUG]  Optimization options: None
2019-02-28 19:51:27,608 [MainThread  ][INFO ]  Initial parameter values: [1.26927391 0.4530303  0.73637626]
2019-02-28 19:52:13,109 [MainThread  ][INFO ]  Final fidelity: 0.946674960573255
2019-02-28 19:52:13,110 [MainThread  ][INFO ]  Final parameters: [ 1.99999278  0.63461687 -1.99760609]
2019-02-28 19:52:13,110 [MainThread  ][INFO ]  Fidelity: 0.946674960573255
2019-02-28 19:52:13,111 [MainThread  ][INFO ]  ---- Starting iteration 44/100
2019-02-28 19:52:13,111 [MainThread  ][DEBUG]  Setting hyperparameter tf=0.9252525252525252
2019-02-28 19:52:13,111 [MainThread  ][INFO ]  Starting optimization for tf=0.9252525252525252
2019-02-28 19:52:13,111 [MainThread  ][DEBUG]  Optimization method: Nelder-Mead
2019-02-28 19:52:13,111 [MainThread  ][DEBUG]  Optimization options: None
2019-02-28 19:52:13,111 [MainThread  ][INFO ]  Initial parameter values: [1.57751639 0.46262626 0.65264082]
2019-02-28 19:53:16,211 [MainThread  ][INFO ]  Final fidelity: 0.951825102095009
2019-02-28 19:53:16,213 [MainThread  ][INFO ]  Final parameters: [ 1.99998732  0.65432775 -1.99992317]
2019-02-28 19:53:16,213 [MainThread  ][INFO ]  Fidelity: 0.951825102095009
2019-02-28 19:53:16,213 [MainThread  ][INFO ]  ---- Starting iteration 45/100
2019-02-28 19:53:16,213 [MainThread  ][DEBUG]  Setting hyperparameter tf=0.9444444444444443
2019-02-28 19:53:16,213 [MainThread  ][INFO ]  Starting optimization for tf=0.9444444444444443
2019-02-28 19:53:16,213 [MainThread  ][DEBUG]  Optimization method: Nelder-Mead
2019-02-28 19:53:16,213 [MainThread  ][DEBUG]  Optimization options: None
2019-02-28 19:53:16,214 [MainThread  ][INFO ]  Initial parameter values: [0.41768506 0.47222222 1.01800352]
2019-02-28 19:54:04,930 [MainThread  ][INFO ]  Final fidelity: 0.9542921439620903
2019-02-28 19:54:04,934 [MainThread  ][INFO ]  Final parameters: [ 1.99999332  0.65347829 -1.80903043]
2019-02-28 19:54:04,934 [MainThread  ][INFO ]  Fidelity: 0.9542921439620903
2019-02-28 19:54:04,934 [MainThread  ][INFO ]  ---- Starting iteration 46/100
2019-02-28 19:54:04,934 [MainThread  ][DEBUG]  Setting hyperparameter tf=0.9636363636363635
2019-02-28 19:54:04,934 [MainThread  ][INFO ]  Starting optimization for tf=0.9636363636363635
2019-02-28 19:54:04,934 [MainThread  ][DEBUG]  Optimization method: Nelder-Mead
2019-02-28 19:54:04,935 [MainThread  ][DEBUG]  Optimization options: None
2019-02-28 19:54:04,935 [MainThread  ][INFO ]  Initial parameter values: [1.63582109 0.48181818 1.72041166]
2019-02-28 19:54:42,532 [MainThread  ][INFO ]  Final fidelity: 0.9600892136689252
2019-02-28 19:54:42,534 [MainThread  ][INFO ]  Final parameters: [ 1.99998845  0.68841846 -1.92775073]
2019-02-28 19:54:42,534 [MainThread  ][INFO ]  Fidelity: 0.9600892136689252
2019-02-28 19:54:42,534 [MainThread  ][INFO ]  ---- Starting iteration 47/100
2019-02-28 19:54:42,535 [MainThread  ][DEBUG]  Setting hyperparameter tf=0.9828282828282827
2019-02-28 19:54:42,535 [MainThread  ][INFO ]  Starting optimization for tf=0.9828282828282827
2019-02-28 19:54:42,535 [MainThread  ][DEBUG]  Optimization method: Nelder-Mead
2019-02-28 19:54:42,535 [MainThread  ][DEBUG]  Optimization options: None
2019-02-28 19:54:42,535 [MainThread  ][INFO ]  Initial parameter values: [1.49057148 0.49141414 0.72148087]
2019-02-28 19:55:25,022 [MainThread  ][INFO ]  Final fidelity: 0.9657911422899508
2019-02-28 19:55:25,022 [MainThread  ][INFO ]  Final parameters: [ 1.99999914  0.70539967 -1.99995216]
2019-02-28 19:55:25,022 [MainThread  ][INFO ]  Fidelity: 0.9657911422899508
2019-02-28 19:55:25,022 [MainThread  ][INFO ]  ---- Starting iteration 48/100
2019-02-28 19:55:25,023 [MainThread  ][DEBUG]  Setting hyperparameter tf=1.002020202020202
2019-02-28 19:55:25,023 [MainThread  ][INFO ]  Starting optimization for tf=1.002020202020202
2019-02-28 19:55:25,023 [MainThread  ][DEBUG]  Optimization method: Nelder-Mead
2019-02-28 19:55:25,023 [MainThread  ][DEBUG]  Optimization options: None
2019-02-28 19:55:25,023 [MainThread  ][INFO ]  Initial parameter values: [1.52758653 0.5010101  1.94179362]
2019-02-28 19:56:08,427 [MainThread  ][INFO ]  Final fidelity: 0.9700171350223582
2019-02-28 19:56:08,428 [MainThread  ][INFO ]  Final parameters: [ 1.99998959  0.72212711 -1.99980804]
2019-02-28 19:56:08,428 [MainThread  ][INFO ]  Fidelity: 0.9700171350223582
2019-02-28 19:56:08,428 [MainThread  ][INFO ]  ---- Starting iteration 49/100
2019-02-28 19:56:08,428 [MainThread  ][DEBUG]  Setting hyperparameter tf=1.0212121212121212
2019-02-28 19:56:08,428 [MainThread  ][INFO ]  Starting optimization for tf=1.0212121212121212
2019-02-28 19:56:08,428 [MainThread  ][DEBUG]  Optimization method: Nelder-Mead
2019-02-28 19:56:08,428 [MainThread  ][DEBUG]  Optimization options: None
2019-02-28 19:56:08,428 [MainThread  ][INFO ]  Initial parameter values: [0.54869491 0.51060606 1.66203101]
2019-02-28 19:56:48,597 [MainThread  ][INFO ]  Final fidelity: 0.9739901915151106
2019-02-28 19:56:48,598 [MainThread  ][INFO ]  Final parameters: [ 1.99999531  0.74037877 -1.99990249]
2019-02-28 19:56:48,598 [MainThread  ][INFO ]  Fidelity: 0.9739901915151106
2019-02-28 19:56:48,598 [MainThread  ][INFO ]  ---- Starting iteration 50/100
2019-02-28 19:56:48,599 [MainThread  ][DEBUG]  Setting hyperparameter tf=1.0404040404040404
2019-02-28 19:56:48,599 [MainThread  ][INFO ]  Starting optimization for tf=1.0404040404040404
2019-02-28 19:56:48,599 [MainThread  ][DEBUG]  Optimization method: Nelder-Mead
2019-02-28 19:56:48,599 [MainThread  ][DEBUG]  Optimization options: None
2019-02-28 19:56:48,599 [MainThread  ][INFO ]  Initial parameter values: [1.34614519 0.52020202 0.45762534]
2019-02-28 19:57:40,554 [MainThread  ][INFO ]  Final fidelity: 0.9220270978616875
2019-02-28 19:57:40,556 [MainThread  ][INFO ]  Final parameters: [ 1.99935757  0.46026937 -0.04042196]
2019-02-28 19:57:40,556 [MainThread  ][INFO ]  Fidelity: 0.9220270978616875
2019-02-28 19:57:40,556 [MainThread  ][INFO ]  ---- Starting iteration 51/100
2019-02-28 19:57:40,556 [MainThread  ][DEBUG]  Setting hyperparameter tf=1.0595959595959596
2019-02-28 19:57:40,556 [MainThread  ][INFO ]  Starting optimization for tf=1.0595959595959596
2019-02-28 19:57:40,557 [MainThread  ][DEBUG]  Optimization method: Nelder-Mead
2019-02-28 19:57:40,557 [MainThread  ][DEBUG]  Optimization options: None
2019-02-28 19:57:40,557 [MainThread  ][INFO ]  Initial parameter values: [1.27382266 0.52979798 1.95489913]
2019-02-28 19:58:24,819 [MainThread  ][INFO ]  Final fidelity: 0.9811459159011154
2019-02-28 19:58:24,820 [MainThread  ][INFO ]  Final parameters: [ 1.99999393  0.77586064 -1.9986403 ]
2019-02-28 19:58:24,820 [MainThread  ][INFO ]  Fidelity: 0.9811459159011154
2019-02-28 19:58:24,820 [MainThread  ][INFO ]  ---- Starting iteration 52/100
2019-02-28 19:58:24,820 [MainThread  ][DEBUG]  Setting hyperparameter tf=1.0787878787878789
2019-02-28 19:58:24,820 [MainThread  ][INFO ]  Starting optimization for tf=1.0787878787878789
2019-02-28 19:58:24,820 [MainThread  ][DEBUG]  Optimization method: Nelder-Mead
2019-02-28 19:58:24,820 [MainThread  ][DEBUG]  Optimization options: None
2019-02-28 19:58:24,821 [MainThread  ][INFO ]  Initial parameter values: [1.85849376 0.53939394 0.26088488]
2019-02-28 19:59:16,707 [MainThread  ][INFO ]  Final fidelity: 0.9843808840660816
2019-02-28 19:59:16,709 [MainThread  ][INFO ]  Final parameters: [ 1.99998422  0.79143752 -1.99990698]
2019-02-28 19:59:16,709 [MainThread  ][INFO ]  Fidelity: 0.9843808840660816
2019-02-28 19:59:16,709 [MainThread  ][INFO ]  ---- Starting iteration 53/100
2019-02-28 19:59:16,710 [MainThread  ][DEBUG]  Setting hyperparameter tf=1.097979797979798
2019-02-28 19:59:16,710 [MainThread  ][INFO ]  Starting optimization for tf=1.097979797979798
2019-02-28 19:59:16,710 [MainThread  ][DEBUG]  Optimization method: Nelder-Mead
2019-02-28 19:59:16,710 [MainThread  ][DEBUG]  Optimization options: None
2019-02-28 19:59:16,710 [MainThread  ][INFO ]  Initial parameter values: [0.46845851 0.5489899  1.56570441]
2019-02-28 19:59:42,838 [MainThread  ][INFO ]  Final fidelity: 0.9113613199609494
2019-02-28 19:59:42,838 [MainThread  ][INFO ]  Final parameters: [ 0.94774154  0.94184723 -1.99999173]
2019-02-28 19:59:42,838 [MainThread  ][INFO ]  Fidelity: 0.9113613199609494
2019-02-28 19:59:42,838 [MainThread  ][INFO ]  ---- Starting iteration 54/100
2019-02-28 19:59:42,839 [MainThread  ][DEBUG]  Setting hyperparameter tf=1.1171717171717173
2019-02-28 19:59:42,839 [MainThread  ][INFO ]  Starting optimization for tf=1.1171717171717173
2019-02-28 19:59:42,839 [MainThread  ][DEBUG]  Optimization method: Nelder-Mead
2019-02-28 19:59:42,839 [MainThread  ][DEBUG]  Optimization options: None
2019-02-28 19:59:42,839 [MainThread  ][INFO ]  Initial parameter values: [1.09236684 0.55858586 0.47014367]
2019-02-28 20:00:28,558 [MainThread  ][INFO ]  Final fidelity: 0.9888798113478664
2019-02-28 20:00:28,558 [MainThread  ][INFO ]  Final parameters: [ 1.9685932   0.83007417 -1.99994808]
2019-02-28 20:00:28,558 [MainThread  ][INFO ]  Fidelity: 0.9888798113478664
2019-02-28 20:00:28,559 [MainThread  ][INFO ]  ---- Starting iteration 55/100
2019-02-28 20:00:28,559 [MainThread  ][DEBUG]  Setting hyperparameter tf=1.1363636363636365
2019-02-28 20:00:28,559 [MainThread  ][INFO ]  Starting optimization for tf=1.1363636363636365
2019-02-28 20:00:28,559 [MainThread  ][DEBUG]  Optimization method: Nelder-Mead
2019-02-28 20:00:28,559 [MainThread  ][DEBUG]  Optimization options: None
2019-02-28 20:00:28,559 [MainThread  ][INFO ]  Initial parameter values: [1.36401219 0.56818182 0.58189801]
2019-02-28 20:01:12,146 [MainThread  ][INFO ]  Final fidelity: 0.9921575624522682
2019-02-28 20:01:12,149 [MainThread  ][INFO ]  Final parameters: [ 1.99972666  0.84498901 -1.99999266]
2019-02-28 20:01:12,149 [MainThread  ][INFO ]  Fidelity: 0.9921575624522682
2019-02-28 20:01:12,149 [MainThread  ][INFO ]  ---- Starting iteration 56/100
2019-02-28 20:01:12,149 [MainThread  ][DEBUG]  Setting hyperparameter tf=1.1555555555555557
2019-02-28 20:01:12,149 [MainThread  ][INFO ]  Starting optimization for tf=1.1555555555555557
2019-02-28 20:01:12,149 [MainThread  ][DEBUG]  Optimization method: Nelder-Mead
2019-02-28 20:01:12,149 [MainThread  ][DEBUG]  Optimization options: None
2019-02-28 20:01:12,150 [MainThread  ][INFO ]  Initial parameter values: [0.48691546 0.57777778 1.98279288]
2019-02-28 20:01:40,933 [MainThread  ][INFO ]  Final fidelity: 0.910305185374297
2019-02-28 20:01:40,935 [MainThread  ][INFO ]  Final parameters: [ 0.86274478  1.00605844 -1.99998026]
2019-02-28 20:01:40,935 [MainThread  ][INFO ]  Fidelity: 0.910305185374297
2019-02-28 20:01:40,935 [MainThread  ][INFO ]  ---- Starting iteration 57/100
2019-02-28 20:01:40,935 [MainThread  ][DEBUG]  Setting hyperparameter tf=1.1747474747474747
2019-02-28 20:01:40,935 [MainThread  ][INFO ]  Starting optimization for tf=1.1747474747474747
2019-02-28 20:01:40,935 [MainThread  ][DEBUG]  Optimization method: Nelder-Mead
2019-02-28 20:01:40,935 [MainThread  ][DEBUG]  Optimization options: None
2019-02-28 20:01:40,936 [MainThread  ][INFO ]  Initial parameter values: [1.06368826 0.58737374 0.06994336]
2019-02-28 20:02:30,243 [MainThread  ][INFO ]  Final fidelity: 0.995759260201593
2019-02-28 20:02:30,245 [MainThread  ][INFO ]  Final parameters: [ 1.99994256  0.88049443 -1.99994205]
2019-02-28 20:02:30,245 [MainThread  ][INFO ]  Fidelity: 0.995759260201593
2019-02-28 20:02:30,245 [MainThread  ][INFO ]  ---- Starting iteration 58/100
2019-02-28 20:02:30,245 [MainThread  ][DEBUG]  Setting hyperparameter tf=1.1939393939393939
2019-02-28 20:02:30,246 [MainThread  ][INFO ]  Starting optimization for tf=1.1939393939393939
2019-02-28 20:02:30,246 [MainThread  ][DEBUG]  Optimization method: Nelder-Mead
2019-02-28 20:02:30,246 [MainThread  ][DEBUG]  Optimization options: None
2019-02-28 20:02:30,246 [MainThread  ][INFO ]  Initial parameter values: [1.07186752 0.5969697  1.49036492]
2019-02-28 20:03:04,087 [MainThread  ][INFO ]  Final fidelity: 0.9970581402317591
2019-02-28 20:03:04,087 [MainThread  ][INFO ]  Final parameters: [ 1.99999056  0.89844913 -1.9996728 ]
2019-02-28 20:03:04,087 [MainThread  ][INFO ]  Fidelity: 0.9970581402317591
2019-02-28 20:03:04,087 [MainThread  ][INFO ]  ---- Starting iteration 59/100
2019-02-28 20:03:04,087 [MainThread  ][DEBUG]  Setting hyperparameter tf=1.213131313131313
2019-02-28 20:03:04,088 [MainThread  ][INFO ]  Starting optimization for tf=1.213131313131313
2019-02-28 20:03:04,088 [MainThread  ][DEBUG]  Optimization method: Nelder-Mead
2019-02-28 20:03:04,088 [MainThread  ][DEBUG]  Optimization options: None
2019-02-28 20:03:04,088 [MainThread  ][INFO ]  Initial parameter values: [0.66604071 0.60656566 0.68515912]
2019-02-28 20:04:05,664 [MainThread  ][INFO ]  Final fidelity: 0.9980137996483658
2019-02-28 20:04:05,664 [MainThread  ][INFO ]  Final parameters: [ 1.99998609  0.9167966  -1.99912376]
2019-02-28 20:04:05,664 [MainThread  ][INFO ]  Fidelity: 0.9980137996483658
2019-02-28 20:04:05,665 [MainThread  ][INFO ]  ---- Starting iteration 60/100
2019-02-28 20:04:05,665 [MainThread  ][DEBUG]  Setting hyperparameter tf=1.2323232323232323
2019-02-28 20:04:05,665 [MainThread  ][INFO ]  Starting optimization for tf=1.2323232323232323
2019-02-28 20:04:05,665 [MainThread  ][DEBUG]  Optimization method: Nelder-Mead
2019-02-28 20:04:05,665 [MainThread  ][DEBUG]  Optimization options: None
2019-02-28 20:04:05,665 [MainThread  ][INFO ]  Initial parameter values: [0.06509153 0.61616162 0.47385422]
2019-02-28 20:04:32,596 [MainThread  ][INFO ]  Final fidelity: 0.8413125969917608
2019-02-28 20:04:32,598 [MainThread  ][INFO ]  Final parameters: [1.11482104e-01 2.36475011e-04 5.64710793e-01]
2019-02-28 20:04:32,598 [MainThread  ][INFO ]  Fidelity: 0.8413125969917608
2019-02-28 20:04:32,598 [MainThread  ][INFO ]  ---- Starting iteration 61/100
2019-02-28 20:04:32,598 [MainThread  ][DEBUG]  Setting hyperparameter tf=1.2515151515151515
2019-02-28 20:04:32,598 [MainThread  ][INFO ]  Starting optimization for tf=1.2515151515151515
2019-02-28 20:04:32,598 [MainThread  ][DEBUG]  Optimization method: Nelder-Mead
2019-02-28 20:04:32,598 [MainThread  ][DEBUG]  Optimization options: None
2019-02-28 20:04:32,598 [MainThread  ][INFO ]  Initial parameter values: [0.08175213 0.62575758 1.91099945]
2019-02-28 20:05:16,528 [MainThread  ][INFO ]  Final fidelity: 0.8437189592261982
2019-02-28 20:05:16,529 [MainThread  ][INFO ]  Final parameters: [1.14517827e-01 1.10495328e-05 5.65719111e-01]
2019-02-28 20:05:16,529 [MainThread  ][INFO ]  Fidelity: 0.8437189592261982
2019-02-28 20:05:16,530 [MainThread  ][INFO ]  ---- Starting iteration 62/100
2019-02-28 20:05:16,530 [MainThread  ][DEBUG]  Setting hyperparameter tf=1.2707070707070707
2019-02-28 20:05:16,530 [MainThread  ][INFO ]  Starting optimization for tf=1.2707070707070707
2019-02-28 20:05:16,530 [MainThread  ][DEBUG]  Optimization method: Nelder-Mead
2019-02-28 20:05:16,530 [MainThread  ][DEBUG]  Optimization options: None
2019-02-28 20:05:16,530 [MainThread  ][INFO ]  Initial parameter values: [0.7742896  0.63535354 1.46387066]
2019-02-28 20:06:05,772 [MainThread  ][INFO ]  Final fidelity: 0.9988840398498602
2019-02-28 20:06:05,774 [MainThread  ][INFO ]  Final parameters: [ 1.98893976  0.95143395 -1.77214604]
2019-02-28 20:06:05,774 [MainThread  ][INFO ]  Fidelity: 0.9988840398498602
2019-02-28 20:06:05,774 [MainThread  ][INFO ]  ---- Starting iteration 63/100
2019-02-28 20:06:05,774 [MainThread  ][DEBUG]  Setting hyperparameter tf=1.2898989898989899
2019-02-28 20:06:05,774 [MainThread  ][INFO ]  Starting optimization for tf=1.2898989898989899
2019-02-28 20:06:05,774 [MainThread  ][DEBUG]  Optimization method: Nelder-Mead
2019-02-28 20:06:05,774 [MainThread  ][DEBUG]  Optimization options: None
2019-02-28 20:06:05,775 [MainThread  ][INFO ]  Initial parameter values: [0.57520629 0.64494949 1.14167995]
2019-02-28 20:06:32,828 [MainThread  ][INFO ]  Final fidelity: 0.973732582943148
2019-02-28 20:06:32,830 [MainThread  ][INFO ]  Final parameters: [ 1.239094    1.08226808 -1.99943962]
2019-02-28 20:06:32,830 [MainThread  ][INFO ]  Fidelity: 0.973732582943148
2019-02-28 20:06:32,830 [MainThread  ][INFO ]  ---- Starting iteration 64/100
2019-02-28 20:06:32,830 [MainThread  ][DEBUG]  Setting hyperparameter tf=1.309090909090909
2019-02-28 20:06:32,830 [MainThread  ][INFO ]  Starting optimization for tf=1.309090909090909
2019-02-28 20:06:32,830 [MainThread  ][DEBUG]  Optimization method: Nelder-Mead
2019-02-28 20:06:32,831 [MainThread  ][DEBUG]  Optimization options: None
2019-02-28 20:06:32,831 [MainThread  ][INFO ]  Initial parameter values: [0.11778859 0.65454545 1.58881455]
2019-02-28 20:07:57,740 [MainThread  ][INFO ]  Final fidelity: 0.9988919452302986
2019-02-28 20:07:57,742 [MainThread  ][INFO ]  Final parameters: [ 1.93679272  0.95468748 -1.42544045]
2019-02-28 20:07:57,743 [MainThread  ][INFO ]  Fidelity: 0.9988919452302986
2019-02-28 20:07:57,743 [MainThread  ][INFO ]  ---- Starting iteration 65/100
2019-02-28 20:07:57,743 [MainThread  ][DEBUG]  Setting hyperparameter tf=1.3282828282828283
2019-02-28 20:07:57,743 [MainThread  ][INFO ]  Starting optimization for tf=1.3282828282828283
2019-02-28 20:07:57,743 [MainThread  ][DEBUG]  Optimization method: Nelder-Mead
2019-02-28 20:07:57,743 [MainThread  ][DEBUG]  Optimization options: None
2019-02-28 20:07:57,743 [MainThread  ][INFO ]  Initial parameter values: [0.83874826 0.66414141 1.9917523 ]
2019-02-28 20:08:50,819 [MainThread  ][INFO ]  Final fidelity: 0.9988996641982754
2019-02-28 20:08:50,822 [MainThread  ][INFO ]  Final parameters: [ 1.85733907  0.99081823 -1.48467627]
2019-02-28 20:08:50,822 [MainThread  ][INFO ]  Fidelity: 0.9988996641982754
2019-02-28 20:08:50,822 [MainThread  ][INFO ]  ---- Starting iteration 66/100
2019-02-28 20:08:50,823 [MainThread  ][DEBUG]  Setting hyperparameter tf=1.3474747474747475
2019-02-28 20:08:50,823 [MainThread  ][INFO ]  Starting optimization for tf=1.3474747474747475
2019-02-28 20:08:50,823 [MainThread  ][DEBUG]  Optimization method: Nelder-Mead
2019-02-28 20:08:50,823 [MainThread  ][DEBUG]  Optimization options: None
2019-02-28 20:08:50,823 [MainThread  ][INFO ]  Initial parameter values: [0.38827931 0.67373737 0.84173406]
2019-02-28 20:09:42,311 [MainThread  ][INFO ]  Final fidelity: 0.998912609015237
2019-02-28 20:09:42,313 [MainThread  ][INFO ]  Final parameters: [ 1.73429905  1.07656255 -1.99303689]
2019-02-28 20:09:42,313 [MainThread  ][INFO ]  Fidelity: 0.998912609015237
2019-02-28 20:09:42,313 [MainThread  ][INFO ]  ---- Starting iteration 67/100
2019-02-28 20:09:42,313 [MainThread  ][DEBUG]  Setting hyperparameter tf=1.3666666666666667
2019-02-28 20:09:42,313 [MainThread  ][INFO ]  Starting optimization for tf=1.3666666666666667
2019-02-28 20:09:42,313 [MainThread  ][DEBUG]  Optimization method: Nelder-Mead
2019-02-28 20:09:42,313 [MainThread  ][DEBUG]  Optimization options: None
2019-02-28 20:09:42,313 [MainThread  ][INFO ]  Initial parameter values: [0.0256298  0.68333333 0.53321494]
2019-02-28 20:10:09,397 [MainThread  ][INFO ]  Final fidelity: 0.8582532101643209
2019-02-28 20:10:09,399 [MainThread  ][INFO ]  Final parameters: [4.21290130e-02 9.61517110e-06 5.77400522e-01]
2019-02-28 20:10:09,399 [MainThread  ][INFO ]  Fidelity: 0.8582532101643209
2019-02-28 20:10:09,400 [MainThread  ][INFO ]  ---- Starting iteration 68/100
2019-02-28 20:10:09,400 [MainThread  ][DEBUG]  Setting hyperparameter tf=1.385858585858586
2019-02-28 20:10:09,400 [MainThread  ][INFO ]  Starting optimization for tf=1.385858585858586
2019-02-28 20:10:09,400 [MainThread  ][DEBUG]  Optimization method: Nelder-Mead
2019-02-28 20:10:09,400 [MainThread  ][DEBUG]  Optimization options: None
2019-02-28 20:10:09,400 [MainThread  ][INFO ]  Initial parameter values: [1.3537222  0.69292929 1.92267902]
2019-02-28 20:10:49,958 [MainThread  ][INFO ]  Final fidelity: 0.9989035381339707
2019-02-28 20:10:49,961 [MainThread  ][INFO ]  Final parameters: [ 1.88295336  0.92947593 -0.79260675]
2019-02-28 20:10:49,961 [MainThread  ][INFO ]  Fidelity: 0.9989035381339707
2019-02-28 20:10:49,961 [MainThread  ][INFO ]  ---- Starting iteration 69/100
2019-02-28 20:10:49,961 [MainThread  ][DEBUG]  Setting hyperparameter tf=1.405050505050505
2019-02-28 20:10:49,961 [MainThread  ][INFO ]  Starting optimization for tf=1.405050505050505
2019-02-28 20:10:49,961 [MainThread  ][DEBUG]  Optimization method: Nelder-Mead
2019-02-28 20:10:49,961 [MainThread  ][DEBUG]  Optimization options: None
2019-02-28 20:10:49,961 [MainThread  ][INFO ]  Initial parameter values: [0.46901264 0.70252525 1.42190542]
2019-02-28 20:11:36,575 [MainThread  ][INFO ]  Final fidelity: 0.9989240265136783
2019-02-28 20:11:36,576 [MainThread  ][INFO ]  Final parameters: [ 1.62098092  1.1292451  -1.77623501]
2019-02-28 20:11:36,576 [MainThread  ][INFO ]  Fidelity: 0.9989240265136783
2019-02-28 20:11:36,576 [MainThread  ][INFO ]  ---- Starting iteration 70/100
2019-02-28 20:11:36,576 [MainThread  ][DEBUG]  Setting hyperparameter tf=1.4242424242424243
2019-02-28 20:11:36,576 [MainThread  ][INFO ]  Starting optimization for tf=1.4242424242424243
2019-02-28 20:11:36,576 [MainThread  ][DEBUG]  Optimization method: Nelder-Mead
2019-02-28 20:11:36,576 [MainThread  ][DEBUG]  Optimization options: None
2019-02-28 20:11:36,577 [MainThread  ][INFO ]  Initial parameter values: [0.39515999 0.71212121 0.42075844]
2019-02-28 20:12:14,253 [MainThread  ][INFO ]  Final fidelity: 0.9989048699301801
2019-02-28 20:12:14,256 [MainThread  ][INFO ]  Final parameters: [ 1.96817685  0.84743419 -0.40697971]
2019-02-28 20:12:14,256 [MainThread  ][INFO ]  Fidelity: 0.9989048699301801
2019-02-28 20:12:14,256 [MainThread  ][INFO ]  ---- Starting iteration 71/100
2019-02-28 20:12:14,256 [MainThread  ][DEBUG]  Setting hyperparameter tf=1.4434343434343435
2019-02-28 20:12:14,257 [MainThread  ][INFO ]  Starting optimization for tf=1.4434343434343435
2019-02-28 20:12:14,257 [MainThread  ][DEBUG]  Optimization method: Nelder-Mead
2019-02-28 20:12:14,257 [MainThread  ][DEBUG]  Optimization options: None
2019-02-28 20:12:14,257 [MainThread  ][INFO ]  Initial parameter values: [0.89557968 0.72171717 0.44269235]
2019-02-28 20:12:43,191 [MainThread  ][INFO ]  Final fidelity: 0.9989067501484636
2019-02-28 20:12:43,202 [MainThread  ][INFO ]  Final parameters: [ 1.97866329  0.8297094  -0.31181783]
2019-02-28 20:12:43,202 [MainThread  ][INFO ]  Fidelity: 0.9989067501484636
2019-02-28 20:12:43,202 [MainThread  ][INFO ]  ---- Starting iteration 72/100
2019-02-28 20:12:43,203 [MainThread  ][DEBUG]  Setting hyperparameter tf=1.4626262626262627
2019-02-28 20:12:43,203 [MainThread  ][INFO ]  Starting optimization for tf=1.4626262626262627
2019-02-28 20:12:43,203 [MainThread  ][DEBUG]  Optimization method: Nelder-Mead
2019-02-28 20:12:43,203 [MainThread  ][DEBUG]  Optimization options: None
2019-02-28 20:12:43,203 [MainThread  ][INFO ]  Initial parameter values: [1.15147313 0.73131313 0.88115065]
2019-02-28 20:13:13,569 [MainThread  ][INFO ]  Final fidelity: 0.998917861002018
2019-02-28 20:13:13,574 [MainThread  ][INFO ]  Final parameters: [ 1.77528592  0.94832947 -0.5033076 ]
2019-02-28 20:13:13,574 [MainThread  ][INFO ]  Fidelity: 0.998917861002018
2019-02-28 20:13:13,574 [MainThread  ][INFO ]  ---- Starting iteration 73/100
2019-02-28 20:13:13,574 [MainThread  ][DEBUG]  Setting hyperparameter tf=1.481818181818182
2019-02-28 20:13:13,574 [MainThread  ][INFO ]  Starting optimization for tf=1.481818181818182
2019-02-28 20:13:13,574 [MainThread  ][DEBUG]  Optimization method: Nelder-Mead
2019-02-28 20:13:13,574 [MainThread  ][DEBUG]  Optimization options: None
2019-02-28 20:13:13,575 [MainThread  ][INFO ]  Initial parameter values: [1.60794114 0.74090909 1.0451375 ]
2019-02-28 20:13:56,418 [MainThread  ][INFO ]  Final fidelity: 0.9989269528731762
2019-02-28 20:13:56,422 [MainThread  ][INFO ]  Final parameters: [ 1.65765274  1.02958657 -0.65230225]
2019-02-28 20:13:56,422 [MainThread  ][INFO ]  Fidelity: 0.9989269528731762
2019-02-28 20:13:56,422 [MainThread  ][INFO ]  ---- Starting iteration 74/100
2019-02-28 20:13:56,422 [MainThread  ][DEBUG]  Setting hyperparameter tf=1.501010101010101
2019-02-28 20:13:56,422 [MainThread  ][INFO ]  Starting optimization for tf=1.501010101010101
2019-02-28 20:13:56,422 [MainThread  ][DEBUG]  Optimization method: Nelder-Mead
2019-02-28 20:13:56,422 [MainThread  ][DEBUG]  Optimization options: None
2019-02-28 20:13:56,422 [MainThread  ][INFO ]  Initial parameter values: [1.1344384  0.75050505 1.16298576]
2019-02-28 20:14:30,890 [MainThread  ][INFO ]  Final fidelity: 0.9989280492282885
2019-02-28 20:14:30,893 [MainThread  ][INFO ]  Final parameters: [ 1.65579684  1.01691701 -0.53179201]
2019-02-28 20:14:30,893 [MainThread  ][INFO ]  Fidelity: 0.9989280492282885
2019-02-28 20:14:30,893 [MainThread  ][INFO ]  ---- Starting iteration 75/100
2019-02-28 20:14:30,893 [MainThread  ][DEBUG]  Setting hyperparameter tf=1.52020202020202
2019-02-28 20:14:30,893 [MainThread  ][INFO ]  Starting optimization for tf=1.52020202020202
2019-02-28 20:14:30,893 [MainThread  ][DEBUG]  Optimization method: Nelder-Mead
2019-02-28 20:14:30,893 [MainThread  ][DEBUG]  Optimization options: None
2019-02-28 20:14:30,893 [MainThread  ][INFO ]  Initial parameter values: [0.43294599 0.76010101 1.25019002]
2019-02-28 20:14:55,624 [MainThread  ][INFO ]  Final fidelity: 0.972866026685265
2019-02-28 20:14:55,626 [MainThread  ][INFO ]  Final parameters: [ 0.94980576  1.37261542 -1.99999034]
2019-02-28 20:14:55,626 [MainThread  ][INFO ]  Fidelity: 0.972866026685265
2019-02-28 20:14:55,626 [MainThread  ][INFO ]  ---- Starting iteration 76/100
2019-02-28 20:14:55,626 [MainThread  ][DEBUG]  Setting hyperparameter tf=1.5393939393939393
2019-02-28 20:14:55,626 [MainThread  ][INFO ]  Starting optimization for tf=1.5393939393939393
2019-02-28 20:14:55,626 [MainThread  ][DEBUG]  Optimization method: Nelder-Mead
2019-02-28 20:14:55,627 [MainThread  ][DEBUG]  Optimization options: None
2019-02-28 20:14:55,627 [MainThread  ][INFO ]  Initial parameter values: [0.21655803 0.76969697 1.15803686]
2019-02-28 20:15:33,510 [MainThread  ][INFO ]  Final fidelity: 0.8804073285699439
2019-02-28 20:15:33,516 [MainThread  ][INFO ]  Final parameters: [4.50961756e-01 2.05126413e-05 5.96784384e-01]
2019-02-28 20:15:33,516 [MainThread  ][INFO ]  Fidelity: 0.8804073285699439
2019-02-28 20:15:33,517 [MainThread  ][INFO ]  ---- Starting iteration 77/100
2019-02-28 20:15:33,517 [MainThread  ][DEBUG]  Setting hyperparameter tf=1.5585858585858585
2019-02-28 20:15:33,517 [MainThread  ][INFO ]  Starting optimization for tf=1.5585858585858585
2019-02-28 20:15:33,517 [MainThread  ][DEBUG]  Optimization method: Nelder-Mead
2019-02-28 20:15:33,517 [MainThread  ][DEBUG]  Optimization options: None
2019-02-28 20:15:33,517 [MainThread  ][INFO ]  Initial parameter values: [0.41110603 0.77929293 0.10543465]
2019-02-28 20:16:06,589 [MainThread  ][INFO ]  Final fidelity: 0.9989333892160335
2019-02-28 20:16:06,598 [MainThread  ][INFO ]  Final parameters: [ 1.64825085  0.97797418 -0.24493106]
2019-02-28 20:16:06,598 [MainThread  ][INFO ]  Fidelity: 0.9989333892160335
2019-02-28 20:16:06,598 [MainThread  ][INFO ]  ---- Starting iteration 78/100
2019-02-28 20:16:06,598 [MainThread  ][DEBUG]  Setting hyperparameter tf=1.5777777777777777
2019-02-28 20:16:06,598 [MainThread  ][INFO ]  Starting optimization for tf=1.5777777777777777
2019-02-28 20:16:06,598 [MainThread  ][DEBUG]  Optimization method: Nelder-Mead
2019-02-28 20:16:06,598 [MainThread  ][DEBUG]  Optimization options: None
2019-02-28 20:16:06,599 [MainThread  ][INFO ]  Initial parameter values: [0.10514884 0.78888889 0.72714487]
2019-02-28 20:16:40,052 [MainThread  ][INFO ]  Final fidelity: 0.8853130059600017
2019-02-28 20:16:40,054 [MainThread  ][INFO ]  Final parameters: [1.79946259e-01 9.53084207e-06 6.02705537e-01]
2019-02-28 20:16:40,055 [MainThread  ][INFO ]  Fidelity: 0.8853130059600017
2019-02-28 20:16:40,055 [MainThread  ][INFO ]  ---- Starting iteration 79/100
2019-02-28 20:16:40,055 [MainThread  ][DEBUG]  Setting hyperparameter tf=1.596969696969697
2019-02-28 20:16:40,055 [MainThread  ][INFO ]  Starting optimization for tf=1.596969696969697
2019-02-28 20:16:40,055 [MainThread  ][DEBUG]  Optimization method: Nelder-Mead
2019-02-28 20:16:40,055 [MainThread  ][DEBUG]  Optimization options: None
2019-02-28 20:16:40,055 [MainThread  ][INFO ]  Initial parameter values: [1.28284722 0.79848485 0.83460185]
2019-02-28 20:17:18,543 [MainThread  ][INFO ]  Final fidelity: 0.998957824871161
2019-02-28 20:17:18,543 [MainThread  ][INFO ]  Final parameters: [ 1.38982741  1.23581256 -0.80943326]
2019-02-28 20:17:18,544 [MainThread  ][INFO ]  Fidelity: 0.998957824871161
2019-02-28 20:17:18,544 [MainThread  ][INFO ]  ---- Starting iteration 80/100
2019-02-28 20:17:18,544 [MainThread  ][DEBUG]  Setting hyperparameter tf=1.6161616161616161
2019-02-28 20:17:18,544 [MainThread  ][INFO ]  Starting optimization for tf=1.6161616161616161
2019-02-28 20:17:18,544 [MainThread  ][DEBUG]  Optimization method: Nelder-Mead
2019-02-28 20:17:18,544 [MainThread  ][DEBUG]  Optimization options: None
2019-02-28 20:17:18,544 [MainThread  ][INFO ]  Initial parameter values: [1.88933721 0.80808081 1.37561739]
2019-02-28 20:17:49,028 [MainThread  ][INFO ]  Final fidelity: 0.9989620773203852
2019-02-28 20:17:49,036 [MainThread  ][INFO ]  Final parameters: [ 1.36280367  1.25497657 -0.77529086]
2019-02-28 20:17:49,037 [MainThread  ][INFO ]  Fidelity: 0.9989620773203852
2019-02-28 20:17:49,037 [MainThread  ][INFO ]  ---- Starting iteration 81/100
2019-02-28 20:17:49,037 [MainThread  ][DEBUG]  Setting hyperparameter tf=1.6353535353535353
2019-02-28 20:17:49,037 [MainThread  ][INFO ]  Starting optimization for tf=1.6353535353535353
2019-02-28 20:17:49,037 [MainThread  ][DEBUG]  Optimization method: Nelder-Mead
2019-02-28 20:17:49,037 [MainThread  ][DEBUG]  Optimization options: None
2019-02-28 20:17:49,037 [MainThread  ][INFO ]  Initial parameter values: [0.37925485 0.81767677 0.98768379]
2019-02-28 20:18:25,302 [MainThread  ][INFO ]  Final fidelity: 0.9798058996362853
2019-02-28 20:18:25,303 [MainThread  ][INFO ]  Final parameters: [ 0.92046155  1.49919048 -1.99999224]
2019-02-28 20:18:25,303 [MainThread  ][INFO ]  Fidelity: 0.9798058996362853
2019-02-28 20:18:25,303 [MainThread  ][INFO ]  ---- Starting iteration 82/100
2019-02-28 20:18:25,303 [MainThread  ][DEBUG]  Setting hyperparameter tf=1.6545454545454545
2019-02-28 20:18:25,303 [MainThread  ][INFO ]  Starting optimization for tf=1.6545454545454545
2019-02-28 20:18:25,303 [MainThread  ][DEBUG]  Optimization method: Nelder-Mead
2019-02-28 20:18:25,303 [MainThread  ][DEBUG]  Optimization options: None
2019-02-28 20:18:25,304 [MainThread  ][INFO ]  Initial parameter values: [1.28664367 0.82727273 1.19552938]
2019-02-28 20:19:03,019 [MainThread  ][INFO ]  Final fidelity: 0.9989627888815261
2019-02-28 20:19:03,020 [MainThread  ][INFO ]  Final parameters: [ 1.38825593  1.18654394 -0.37285909]
2019-02-28 20:19:03,020 [MainThread  ][INFO ]  Fidelity: 0.9989627888815261
2019-02-28 20:19:03,020 [MainThread  ][INFO ]  ---- Starting iteration 83/100
2019-02-28 20:19:03,020 [MainThread  ][DEBUG]  Setting hyperparameter tf=1.6737373737373737
2019-02-28 20:19:03,020 [MainThread  ][INFO ]  Starting optimization for tf=1.6737373737373737
2019-02-28 20:19:03,020 [MainThread  ][DEBUG]  Optimization method: Nelder-Mead
2019-02-28 20:19:03,020 [MainThread  ][DEBUG]  Optimization options: None
2019-02-28 20:19:03,020 [MainThread  ][INFO ]  Initial parameter values: [0.9783251  0.83686869 0.0323868 ]
2019-02-28 20:19:34,024 [MainThread  ][INFO ]  Final fidelity: 0.9989506449383695
2019-02-28 20:19:34,026 [MainThread  ][INFO ]  Final parameters: [1.55624675 0.97503342 0.02921547]
2019-02-28 20:19:34,027 [MainThread  ][INFO ]  Fidelity: 0.9989506449383695
2019-02-28 20:19:34,027 [MainThread  ][INFO ]  ---- Starting iteration 84/100
2019-02-28 20:19:34,027 [MainThread  ][DEBUG]  Setting hyperparameter tf=1.692929292929293
2019-02-28 20:19:34,027 [MainThread  ][INFO ]  Starting optimization for tf=1.692929292929293
2019-02-28 20:19:34,027 [MainThread  ][DEBUG]  Optimization method: Nelder-Mead
2019-02-28 20:19:34,027 [MainThread  ][DEBUG]  Optimization options: None
2019-02-28 20:19:34,027 [MainThread  ][INFO ]  Initial parameter values: [0.85111939 0.84646465 0.85416992]
2019-02-28 20:20:02,930 [MainThread  ][INFO ]  Final fidelity: 0.9989823033140441
2019-02-28 20:20:02,931 [MainThread  ][INFO ]  Final parameters: [ 1.25652948  1.36801725 -0.81403894]
2019-02-28 20:20:02,931 [MainThread  ][INFO ]  Fidelity: 0.9989823033140441
2019-02-28 20:20:02,931 [MainThread  ][INFO ]  ---- Starting iteration 85/100
2019-02-28 20:20:02,956 [MainThread  ][DEBUG]  Setting hyperparameter tf=1.7121212121212122
2019-02-28 20:20:02,956 [MainThread  ][INFO ]  Starting optimization for tf=1.7121212121212122
2019-02-28 20:20:02,956 [MainThread  ][DEBUG]  Optimization method: Nelder-Mead
2019-02-28 20:20:02,956 [MainThread  ][DEBUG]  Optimization options: None
2019-02-28 20:20:02,956 [MainThread  ][INFO ]  Initial parameter values: [0.26839793 0.85606061 1.52497671]
2019-02-28 20:20:50,908 [MainThread  ][INFO ]  Final fidelity: 0.9989747133325023
2019-02-28 20:20:50,909 [MainThread  ][INFO ]  Final parameters: [ 1.29675237  1.2761611  -0.38324786]
2019-02-28 20:20:50,909 [MainThread  ][INFO ]  Fidelity: 0.9989747133325023
2019-02-28 20:20:50,909 [MainThread  ][INFO ]  ---- Starting iteration 86/100
2019-02-28 20:20:50,909 [MainThread  ][DEBUG]  Setting hyperparameter tf=1.7313131313131314
2019-02-28 20:20:50,909 [MainThread  ][INFO ]  Starting optimization for tf=1.7313131313131314
2019-02-28 20:20:50,909 [MainThread  ][DEBUG]  Optimization method: Nelder-Mead
2019-02-28 20:20:50,909 [MainThread  ][DEBUG]  Optimization options: None
2019-02-28 20:20:50,909 [MainThread  ][INFO ]  Initial parameter values: [0.53364555 0.86565657 1.60504837]
2019-02-28 20:21:38,883 [MainThread  ][INFO ]  Final fidelity: 0.9990040547522357
2019-02-28 20:21:38,885 [MainThread  ][INFO ]  Final parameters: [ 1.16394913  1.5319971  -1.70080211]
2019-02-28 20:21:38,885 [MainThread  ][INFO ]  Fidelity: 0.9990040547522357
2019-02-28 20:21:38,885 [MainThread  ][INFO ]  ---- Starting iteration 87/100
2019-02-28 20:21:38,885 [MainThread  ][DEBUG]  Setting hyperparameter tf=1.7505050505050506
2019-02-28 20:21:38,885 [MainThread  ][INFO ]  Starting optimization for tf=1.7505050505050506
2019-02-28 20:21:38,885 [MainThread  ][DEBUG]  Optimization method: Nelder-Mead
2019-02-28 20:21:38,885 [MainThread  ][DEBUG]  Optimization options: None
2019-02-28 20:21:38,885 [MainThread  ][INFO ]  Initial parameter values: [0.88111288 0.87525253 1.31724981]
2019-02-28 20:22:13,325 [MainThread  ][INFO ]  Final fidelity: 0.9989949755381939
2019-02-28 20:22:13,327 [MainThread  ][INFO ]  Final parameters: [ 1.20050293  1.42871102 -0.73093348]
2019-02-28 20:22:13,327 [MainThread  ][INFO ]  Fidelity: 0.9989949755381939
2019-02-28 20:22:13,327 [MainThread  ][INFO ]  ---- Starting iteration 88/100
2019-02-28 20:22:13,327 [MainThread  ][DEBUG]  Setting hyperparameter tf=1.7696969696969698
2019-02-28 20:22:13,327 [MainThread  ][INFO ]  Starting optimization for tf=1.7696969696969698
2019-02-28 20:22:13,327 [MainThread  ][DEBUG]  Optimization method: Nelder-Mead
2019-02-28 20:22:13,327 [MainThread  ][DEBUG]  Optimization options: None
2019-02-28 20:22:13,327 [MainThread  ][INFO ]  Initial parameter values: [0.14762212 0.88484848 1.31232882]
2019-02-28 20:22:46,861 [MainThread  ][INFO ]  Final fidelity: 0.909270053812871
2019-02-28 20:22:46,862 [MainThread  ][INFO ]  Final parameters: [3.18977715e-01 8.57965898e-06 6.26648962e-01]
2019-02-28 20:22:46,862 [MainThread  ][INFO ]  Fidelity: 0.909270053812871
2019-02-28 20:22:46,862 [MainThread  ][INFO ]  ---- Starting iteration 89/100
2019-02-28 20:22:46,862 [MainThread  ][DEBUG]  Setting hyperparameter tf=1.7888888888888888
2019-02-28 20:22:46,862 [MainThread  ][INFO ]  Starting optimization for tf=1.7888888888888888
2019-02-28 20:22:46,862 [MainThread  ][DEBUG]  Optimization method: Nelder-Mead
2019-02-28 20:22:46,862 [MainThread  ][DEBUG]  Optimization options: None
2019-02-28 20:22:46,863 [MainThread  ][INFO ]  Initial parameter values: [0.31875994 0.89444444 0.76207973]
2019-02-28 20:23:21,923 [MainThread  ][INFO ]  Final fidelity: 0.9989718666908957
2019-02-28 20:23:21,926 [MainThread  ][INFO ]  Final parameters: [1.4980653  0.94873666 0.23243184]
2019-02-28 20:23:21,926 [MainThread  ][INFO ]  Fidelity: 0.9989718666908957
2019-02-28 20:23:21,926 [MainThread  ][INFO ]  ---- Starting iteration 90/100
2019-02-28 20:23:21,926 [MainThread  ][DEBUG]  Setting hyperparameter tf=1.808080808080808
2019-02-28 20:23:21,926 [MainThread  ][INFO ]  Starting optimization for tf=1.808080808080808
2019-02-28 20:23:21,926 [MainThread  ][DEBUG]  Optimization method: Nelder-Mead
2019-02-28 20:23:21,926 [MainThread  ][DEBUG]  Optimization options: None
2019-02-28 20:23:21,926 [MainThread  ][INFO ]  Initial parameter values: [0.35579273 0.9040404  0.05795742]
2019-02-28 20:23:54,476 [MainThread  ][INFO ]  Final fidelity: 0.9989853735406697
2019-02-28 20:23:54,476 [MainThread  ][INFO ]  Final parameters: [ 1.27376025  1.23194261 -0.01176744]
2019-02-28 20:23:54,477 [MainThread  ][INFO ]  Fidelity: 0.9989853735406697
2019-02-28 20:23:54,477 [MainThread  ][INFO ]  ---- Starting iteration 91/100
2019-02-28 20:23:54,477 [MainThread  ][DEBUG]  Setting hyperparameter tf=1.8272727272727272
2019-02-28 20:23:54,477 [MainThread  ][INFO ]  Starting optimization for tf=1.8272727272727272
2019-02-28 20:23:54,477 [MainThread  ][DEBUG]  Optimization method: Nelder-Mead
2019-02-28 20:23:54,477 [MainThread  ][DEBUG]  Optimization options: None
2019-02-28 20:23:54,477 [MainThread  ][INFO ]  Initial parameter values: [0.82189377 0.91363636 0.204956  ]
2019-02-28 20:24:30,539 [MainThread  ][INFO ]  Final fidelity: 0.9989895500028352
2019-02-28 20:24:30,541 [MainThread  ][INFO ]  Final parameters: [1.25458551 1.24704738 0.01067772]
2019-02-28 20:24:30,541 [MainThread  ][INFO ]  Fidelity: 0.9989895500028352
2019-02-28 20:24:30,541 [MainThread  ][INFO ]  ---- Starting iteration 92/100
2019-02-28 20:24:30,542 [MainThread  ][DEBUG]  Setting hyperparameter tf=1.8464646464646464
2019-02-28 20:24:30,542 [MainThread  ][INFO ]  Starting optimization for tf=1.8464646464646464
2019-02-28 20:24:30,542 [MainThread  ][DEBUG]  Optimization method: Nelder-Mead
2019-02-28 20:24:30,542 [MainThread  ][DEBUG]  Optimization options: None
2019-02-28 20:24:30,542 [MainThread  ][INFO ]  Initial parameter values: [0.47195107 0.92323232 1.74303827]
2019-02-28 20:25:24,930 [MainThread  ][INFO ]  Final fidelity: 0.9990154679997122
2019-02-28 20:25:24,934 [MainThread  ][INFO ]  Final parameters: [ 1.13429758  1.4924852  -0.45399263]
2019-02-28 20:25:24,934 [MainThread  ][INFO ]  Fidelity: 0.9990154679997122
2019-02-28 20:25:24,934 [MainThread  ][INFO ]  ---- Starting iteration 93/100
2019-02-28 20:25:24,934 [MainThread  ][DEBUG]  Setting hyperparameter tf=1.8656565656565656
2019-02-28 20:25:24,935 [MainThread  ][INFO ]  Starting optimization for tf=1.8656565656565656
2019-02-28 20:25:24,935 [MainThread  ][DEBUG]  Optimization method: Nelder-Mead
2019-02-28 20:25:24,935 [MainThread  ][DEBUG]  Optimization options: None
2019-02-28 20:25:24,935 [MainThread  ][INFO ]  Initial parameter values: [0.93202994 0.93282828 1.45310777]
2019-02-28 20:26:02,889 [MainThread  ][INFO ]  Final fidelity: 0.9990098944126329
2019-02-28 20:26:02,891 [MainThread  ][INFO ]  Final parameters: [ 1.15115647  1.43375756 -0.21241903]
2019-02-28 20:26:02,891 [MainThread  ][INFO ]  Fidelity: 0.9990098944126329
2019-02-28 20:26:02,891 [MainThread  ][INFO ]  ---- Starting iteration 94/100
2019-02-28 20:26:02,891 [MainThread  ][DEBUG]  Setting hyperparameter tf=1.8848484848484848
2019-02-28 20:26:02,891 [MainThread  ][INFO ]  Starting optimization for tf=1.8848484848484848
2019-02-28 20:26:02,891 [MainThread  ][DEBUG]  Optimization method: Nelder-Mead
2019-02-28 20:26:02,891 [MainThread  ][DEBUG]  Optimization options: None
2019-02-28 20:26:02,892 [MainThread  ][INFO ]  Initial parameter values: [0.81485438 0.94242424 0.7249074 ]
2019-02-28 20:26:34,798 [MainThread  ][INFO ]  Final fidelity: 0.998999652120665
2019-02-28 20:26:34,801 [MainThread  ][INFO ]  Final parameters: [1.22649528 1.25128603 0.1189511 ]
2019-02-28 20:26:34,801 [MainThread  ][INFO ]  Fidelity: 0.998999652120665
2019-02-28 20:26:34,801 [MainThread  ][INFO ]  ---- Starting iteration 95/100
2019-02-28 20:26:34,801 [MainThread  ][DEBUG]  Setting hyperparameter tf=1.904040404040404
2019-02-28 20:26:34,801 [MainThread  ][INFO ]  Starting optimization for tf=1.904040404040404
2019-02-28 20:26:34,801 [MainThread  ][DEBUG]  Optimization method: Nelder-Mead
2019-02-28 20:26:34,801 [MainThread  ][DEBUG]  Optimization options: None
2019-02-28 20:26:34,801 [MainThread  ][INFO ]  Initial parameter values: [0.07044532 0.9520202  1.09897891]
2019-02-28 20:27:06,417 [MainThread  ][INFO ]  Final fidelity: 0.9250639771625019
2019-02-28 20:27:06,418 [MainThread  ][INFO ]  Final parameters: [1.47109801e-01 8.54614649e-06 6.42583778e-01]
2019-02-28 20:27:06,418 [MainThread  ][INFO ]  Fidelity: 0.9250639771625019
2019-02-28 20:27:06,418 [MainThread  ][INFO ]  ---- Starting iteration 96/100
2019-02-28 20:27:06,418 [MainThread  ][DEBUG]  Setting hyperparameter tf=1.9232323232323232
2019-02-28 20:27:06,418 [MainThread  ][INFO ]  Starting optimization for tf=1.9232323232323232
2019-02-28 20:27:06,418 [MainThread  ][DEBUG]  Optimization method: Nelder-Mead
2019-02-28 20:27:06,418 [MainThread  ][DEBUG]  Optimization options: None
2019-02-28 20:27:06,418 [MainThread  ][INFO ]  Initial parameter values: [1.6401381  0.96161616 1.52882062]
2019-02-28 20:27:59,545 [MainThread  ][INFO ]  Final fidelity: 0.9990364099838274
2019-02-28 20:27:59,545 [MainThread  ][INFO ]  Final parameters: [ 1.06154644  1.63082163 -0.58297488]
2019-02-28 20:27:59,546 [MainThread  ][INFO ]  Fidelity: 0.9990364099838274
2019-02-28 20:27:59,546 [MainThread  ][INFO ]  ---- Starting iteration 97/100
2019-02-28 20:27:59,546 [MainThread  ][DEBUG]  Setting hyperparameter tf=1.9424242424242424
2019-02-28 20:27:59,546 [MainThread  ][INFO ]  Starting optimization for tf=1.9424242424242424
2019-02-28 20:27:59,546 [MainThread  ][DEBUG]  Optimization method: Nelder-Mead
2019-02-28 20:27:59,546 [MainThread  ][DEBUG]  Optimization options: None
2019-02-28 20:27:59,546 [MainThread  ][INFO ]  Initial parameter values: [1.65204536 0.97121212 1.5866647 ]
2019-02-28 20:28:32,776 [MainThread  ][INFO ]  Final fidelity: 0.9990570294004156
2019-02-28 20:28:32,776 [MainThread  ][INFO ]  Final parameters: [ 1.01843443  1.77165486 -1.49153662]
2019-02-28 20:28:32,777 [MainThread  ][INFO ]  Fidelity: 0.9990570294004156
2019-02-28 20:28:32,777 [MainThread  ][INFO ]  ---- Starting iteration 98/100
2019-02-28 20:28:32,777 [MainThread  ][DEBUG]  Setting hyperparameter tf=1.9616161616161616
2019-02-28 20:28:32,777 [MainThread  ][INFO ]  Starting optimization for tf=1.9616161616161616
2019-02-28 20:28:32,777 [MainThread  ][DEBUG]  Optimization method: Nelder-Mead
2019-02-28 20:28:32,777 [MainThread  ][DEBUG]  Optimization options: None
2019-02-28 20:28:32,777 [MainThread  ][INFO ]  Initial parameter values: [0.43876662 0.98080808 1.41326137]
2019-02-28 20:29:09,975 [MainThread  ][INFO ]  Final fidelity: 0.999053073487383
2019-02-28 20:29:09,977 [MainThread  ][INFO ]  Final parameters: [ 1.02781839  1.71766269 -0.78326132]
2019-02-28 20:29:09,977 [MainThread  ][INFO ]  Fidelity: 0.999053073487383
2019-02-28 20:29:09,977 [MainThread  ][INFO ]  ---- Starting iteration 99/100
2019-02-28 20:29:09,978 [MainThread  ][DEBUG]  Setting hyperparameter tf=1.9808080808080808
2019-02-28 20:29:09,978 [MainThread  ][INFO ]  Starting optimization for tf=1.9808080808080808
2019-02-28 20:29:09,978 [MainThread  ][DEBUG]  Optimization method: Nelder-Mead
2019-02-28 20:29:09,978 [MainThread  ][DEBUG]  Optimization options: None
2019-02-28 20:29:09,978 [MainThread  ][INFO ]  Initial parameter values: [1.19015516 0.99040404 0.57574683]
2019-02-28 20:29:32,325 [MainThread  ][INFO ]  Final fidelity: 0.9990128158878966
2019-02-28 20:29:32,325 [MainThread  ][INFO ]  Final parameters: [1.35127771 0.97357566 0.41609195]
2019-02-28 20:29:32,325 [MainThread  ][INFO ]  Fidelity: 0.9990128158878966
2019-02-28 20:29:32,325 [MainThread  ][INFO ]  ---- Starting iteration 100/100
2019-02-28 20:29:32,326 [MainThread  ][DEBUG]  Setting hyperparameter tf=2.0
2019-02-28 20:29:32,326 [MainThread  ][INFO ]  Starting optimization for tf=2.0
2019-02-28 20:29:32,326 [MainThread  ][DEBUG]  Optimization method: Nelder-Mead
2019-02-28 20:29:32,326 [MainThread  ][DEBUG]  Optimization options: None
2019-02-28 20:29:32,326 [MainThread  ][INFO ]  Initial parameter values: [0.32859094 1.         0.34730611]
2019-02-28 20:29:55,007 [MainThread  ][INFO ]  Final fidelity: 0.9356493451503692
2019-02-28 20:29:55,008 [MainThread  ][INFO ]  Final parameters: [4.42063584e-01 5.48793085e-07 6.54922167e-01]
2019-02-28 20:29:55,008 [MainThread  ][INFO ]  Fidelity: 0.9356493451503692
