2019-02-28 19:24:28,567 [MainThread  ][INFO ]  Output file name will be "lmg_doublebang_neldermead_150spins.csv"
2019-02-28 19:24:28,748 [MainThread  ][INFO ]  Using doublebang protocol ansatz.
2019-02-28 19:24:28,748 [MainThread  ][DEBUG]  Initializing ProtocolAnsatz instance "doublebang"
2019-02-28 19:24:28,748 [MainThread  ][INFO ]  Using parameters constraints: [[-2.0, 2.0], [None, None], [-2.0, 2.0]]
2019-02-28 19:24:28,748 [MainThread  ][INFO ]  Using total height constraint: None
2019-02-28 19:24:28,748 [MainThread  ][INFO ]  ---- Starting iteration 1/100
2019-02-28 19:24:28,749 [MainThread  ][DEBUG]  Setting hyperparameter tf=0.1
2019-02-28 19:24:28,749 [MainThread  ][INFO ]  Starting optimization for tf=0.1
2019-02-28 19:24:28,749 [MainThread  ][DEBUG]  Optimization method: Nelder-Mead
2019-02-28 19:24:28,749 [MainThread  ][DEBUG]  Optimization options: None
2019-02-28 19:24:28,749 [MainThread  ][INFO ]  Initial parameter values: [0.91257089 0.05       1.5267478 ]
2019-02-28 19:25:11,402 [MainThread  ][INFO ]  Final fidelity: 0.7244849690854249
2019-02-28 19:25:11,403 [MainThread  ][INFO ]  Final parameters: [ 1.99987501  0.06017171 -1.99959881]
2019-02-28 19:25:11,403 [MainThread  ][INFO ]  Fidelity: 0.7244849690854249
2019-02-28 19:25:11,403 [MainThread  ][INFO ]  ---- Starting iteration 2/100
2019-02-28 19:25:11,403 [MainThread  ][DEBUG]  Setting hyperparameter tf=0.1191919191919192
2019-02-28 19:25:11,404 [MainThread  ][INFO ]  Starting optimization for tf=0.1191919191919192
2019-02-28 19:25:11,404 [MainThread  ][DEBUG]  Optimization method: Nelder-Mead
2019-02-28 19:25:11,404 [MainThread  ][DEBUG]  Optimization options: None
2019-02-28 19:25:11,404 [MainThread  ][INFO ]  Initial parameter values: [1.31695327 0.05959596 0.29162315]
2019-02-28 19:25:59,707 [MainThread  ][INFO ]  Final fidelity: 0.725780305785777
2019-02-28 19:25:59,710 [MainThread  ][INFO ]  Final parameters: [ 1.99987229  0.07201631 -1.99801286]
2019-02-28 19:25:59,710 [MainThread  ][INFO ]  Fidelity: 0.725780305785777
2019-02-28 19:25:59,710 [MainThread  ][INFO ]  ---- Starting iteration 3/100
2019-02-28 19:25:59,710 [MainThread  ][DEBUG]  Setting hyperparameter tf=0.1383838383838384
2019-02-28 19:25:59,710 [MainThread  ][INFO ]  Starting optimization for tf=0.1383838383838384
2019-02-28 19:25:59,710 [MainThread  ][DEBUG]  Optimization method: Nelder-Mead
2019-02-28 19:25:59,710 [MainThread  ][DEBUG]  Optimization options: None
2019-02-28 19:25:59,711 [MainThread  ][INFO ]  Initial parameter values: [0.50437462 0.06919192 1.63710382]
2019-02-28 19:26:48,370 [MainThread  ][INFO ]  Final fidelity: 0.7272323735924318
2019-02-28 19:26:48,372 [MainThread  ][INFO ]  Final parameters: [ 1.99994323  0.0829248  -1.91441043]
2019-02-28 19:26:48,372 [MainThread  ][INFO ]  Fidelity: 0.7272323735924318
2019-02-28 19:26:48,372 [MainThread  ][INFO ]  ---- Starting iteration 4/100
2019-02-28 19:26:48,372 [MainThread  ][DEBUG]  Setting hyperparameter tf=0.1575757575757576
2019-02-28 19:26:48,372 [MainThread  ][INFO ]  Starting optimization for tf=0.1575757575757576
2019-02-28 19:26:48,372 [MainThread  ][DEBUG]  Optimization method: Nelder-Mead
2019-02-28 19:26:48,372 [MainThread  ][DEBUG]  Optimization options: None
2019-02-28 19:26:48,372 [MainThread  ][INFO ]  Initial parameter values: [1.03282978 0.07878788 0.22392379]
2019-02-28 19:28:38,568 [MainThread  ][INFO ]  Final fidelity: 0.7290003151068069
2019-02-28 19:28:38,571 [MainThread  ][INFO ]  Final parameters: [ 1.98277762  0.09434417 -1.99996535]
2019-02-28 19:28:38,571 [MainThread  ][INFO ]  Fidelity: 0.7290003151068069
2019-02-28 19:28:38,571 [MainThread  ][INFO ]  ---- Starting iteration 5/100
2019-02-28 19:28:38,571 [MainThread  ][DEBUG]  Setting hyperparameter tf=0.17676767676767677
2019-02-28 19:28:38,571 [MainThread  ][INFO ]  Starting optimization for tf=0.17676767676767677
2019-02-28 19:28:38,571 [MainThread  ][DEBUG]  Optimization method: Nelder-Mead
2019-02-28 19:28:38,571 [MainThread  ][DEBUG]  Optimization options: None
2019-02-28 19:28:38,572 [MainThread  ][INFO ]  Initial parameter values: [1.02473222 0.08838384 0.21265144]
2019-02-28 19:29:34,765 [MainThread  ][INFO ]  Final fidelity: 0.7305820653685133
2019-02-28 19:29:34,766 [MainThread  ][INFO ]  Final parameters: [ 1.915084    0.11467807 -1.99971067]
2019-02-28 19:29:34,766 [MainThread  ][INFO ]  Fidelity: 0.7305820653685133
2019-02-28 19:29:34,766 [MainThread  ][INFO ]  ---- Starting iteration 6/100
2019-02-28 19:29:34,766 [MainThread  ][DEBUG]  Setting hyperparameter tf=0.19595959595959594
2019-02-28 19:29:34,766 [MainThread  ][INFO ]  Starting optimization for tf=0.19595959595959594
2019-02-28 19:29:34,766 [MainThread  ][DEBUG]  Optimization method: Nelder-Mead
2019-02-28 19:29:34,766 [MainThread  ][DEBUG]  Optimization options: None
2019-02-28 19:29:34,767 [MainThread  ][INFO ]  Initial parameter values: [1.49046929 0.0979798  0.12481532]
2019-02-28 19:30:00,169 [MainThread  ][INFO ]  Final fidelity: 0.7276586466021914
2019-02-28 19:30:00,172 [MainThread  ][INFO ]  Final parameters: [1.99999396 0.06240502 0.07486926]
2019-02-28 19:30:00,172 [MainThread  ][INFO ]  Fidelity: 0.7276586466021914
2019-02-28 19:30:00,172 [MainThread  ][INFO ]  ---- Starting iteration 7/100
2019-02-28 19:30:00,172 [MainThread  ][DEBUG]  Setting hyperparameter tf=0.21515151515151515
2019-02-28 19:30:00,172 [MainThread  ][INFO ]  Starting optimization for tf=0.21515151515151515
2019-02-28 19:30:00,172 [MainThread  ][DEBUG]  Optimization method: Nelder-Mead
2019-02-28 19:30:00,172 [MainThread  ][DEBUG]  Optimization options: None
2019-02-28 19:30:00,172 [MainThread  ][INFO ]  Initial parameter values: [1.07736665 0.10757576 1.42487752]
2019-02-28 19:30:38,803 [MainThread  ][INFO ]  Final fidelity: 0.7356147782787217
2019-02-28 19:30:38,805 [MainThread  ][INFO ]  Final parameters: [ 1.9999628   0.13046098 -1.99999904]
2019-02-28 19:30:38,805 [MainThread  ][INFO ]  Fidelity: 0.7356147782787217
2019-02-28 19:30:38,805 [MainThread  ][INFO ]  ---- Starting iteration 8/100
2019-02-28 19:30:38,805 [MainThread  ][DEBUG]  Setting hyperparameter tf=0.23434343434343433
2019-02-28 19:30:38,805 [MainThread  ][INFO ]  Starting optimization for tf=0.23434343434343433
2019-02-28 19:30:38,805 [MainThread  ][DEBUG]  Optimization method: Nelder-Mead
2019-02-28 19:30:38,805 [MainThread  ][DEBUG]  Optimization options: None
2019-02-28 19:30:38,806 [MainThread  ][INFO ]  Initial parameter values: [1.48431319 0.11717172 1.75618728]
2019-02-28 19:31:15,534 [MainThread  ][INFO ]  Final fidelity: 0.738243381598229
2019-02-28 19:31:15,534 [MainThread  ][INFO ]  Final parameters: [ 1.99991184  0.14221214 -1.99998702]
2019-02-28 19:31:15,534 [MainThread  ][INFO ]  Fidelity: 0.738243381598229
2019-02-28 19:31:15,534 [MainThread  ][INFO ]  ---- Starting iteration 9/100
2019-02-28 19:31:15,535 [MainThread  ][DEBUG]  Setting hyperparameter tf=0.2535353535353535
2019-02-28 19:31:15,535 [MainThread  ][INFO ]  Starting optimization for tf=0.2535353535353535
2019-02-28 19:31:15,535 [MainThread  ][DEBUG]  Optimization method: Nelder-Mead
2019-02-28 19:31:15,535 [MainThread  ][DEBUG]  Optimization options: None
2019-02-28 19:31:15,535 [MainThread  ][INFO ]  Initial parameter values: [0.60077447 0.12676768 1.41810195]
2019-02-28 19:32:01,795 [MainThread  ][INFO ]  Final fidelity: 0.7410858589763406
2019-02-28 19:32:01,796 [MainThread  ][INFO ]  Final parameters: [ 1.99988889  0.15469385 -1.99965993]
2019-02-28 19:32:01,796 [MainThread  ][INFO ]  Fidelity: 0.7410858589763406
2019-02-28 19:32:01,796 [MainThread  ][INFO ]  ---- Starting iteration 10/100
2019-02-28 19:32:01,796 [MainThread  ][DEBUG]  Setting hyperparameter tf=0.2727272727272727
2019-02-28 19:32:01,796 [MainThread  ][INFO ]  Starting optimization for tf=0.2727272727272727
2019-02-28 19:32:01,796 [MainThread  ][DEBUG]  Optimization method: Nelder-Mead
2019-02-28 19:32:01,797 [MainThread  ][DEBUG]  Optimization options: None
2019-02-28 19:32:01,797 [MainThread  ][INFO ]  Initial parameter values: [0.41062602 0.13636364 1.57419752]
2019-02-28 19:33:10,079 [MainThread  ][INFO ]  Final fidelity: 0.7441426364290751
2019-02-28 19:33:10,081 [MainThread  ][INFO ]  Final parameters: [ 1.99986326  0.16656667 -1.99999032]
2019-02-28 19:33:10,081 [MainThread  ][INFO ]  Fidelity: 0.7441426364290751
2019-02-28 19:33:10,081 [MainThread  ][INFO ]  ---- Starting iteration 11/100
2019-02-28 19:33:10,081 [MainThread  ][DEBUG]  Setting hyperparameter tf=0.2919191919191919
2019-02-28 19:33:10,081 [MainThread  ][INFO ]  Starting optimization for tf=0.2919191919191919
2019-02-28 19:33:10,081 [MainThread  ][DEBUG]  Optimization method: Nelder-Mead
2019-02-28 19:33:10,081 [MainThread  ][DEBUG]  Optimization options: None
2019-02-28 19:33:10,082 [MainThread  ][INFO ]  Initial parameter values: [1.87951791 0.1459596  0.88045916]
2019-02-28 19:34:00,818 [MainThread  ][INFO ]  Final fidelity: 0.7474140687204075
2019-02-28 19:34:00,820 [MainThread  ][INFO ]  Final parameters: [ 1.99993761  0.17829624 -1.99981023]
2019-02-28 19:34:00,820 [MainThread  ][INFO ]  Fidelity: 0.7474140687204075
2019-02-28 19:34:00,820 [MainThread  ][INFO ]  ---- Starting iteration 12/100
2019-02-28 19:34:00,820 [MainThread  ][DEBUG]  Setting hyperparameter tf=0.3111111111111111
2019-02-28 19:34:00,820 [MainThread  ][INFO ]  Starting optimization for tf=0.3111111111111111
2019-02-28 19:34:00,820 [MainThread  ][DEBUG]  Optimization method: Nelder-Mead
2019-02-28 19:34:00,820 [MainThread  ][DEBUG]  Optimization options: None
2019-02-28 19:34:00,821 [MainThread  ][INFO ]  Initial parameter values: [0.71498839 0.15555556 0.67749277]
2019-02-28 19:34:35,504 [MainThread  ][INFO ]  Final fidelity: 0.750893686057769
2019-02-28 19:34:35,506 [MainThread  ][INFO ]  Final parameters: [ 1.99999938  0.19101059 -1.99988548]
2019-02-28 19:34:35,506 [MainThread  ][INFO ]  Fidelity: 0.750893686057769
2019-02-28 19:34:35,506 [MainThread  ][INFO ]  ---- Starting iteration 13/100
2019-02-28 19:34:35,507 [MainThread  ][DEBUG]  Setting hyperparameter tf=0.3303030303030303
2019-02-28 19:34:35,507 [MainThread  ][INFO ]  Starting optimization for tf=0.3303030303030303
2019-02-28 19:34:35,507 [MainThread  ][DEBUG]  Optimization method: Nelder-Mead
2019-02-28 19:34:35,507 [MainThread  ][DEBUG]  Optimization options: None
2019-02-28 19:34:35,507 [MainThread  ][INFO ]  Initial parameter values: [1.26170225 0.16515152 1.52512596]
2019-02-28 19:35:41,414 [MainThread  ][INFO ]  Final fidelity: 0.7545720078283584
2019-02-28 19:35:41,416 [MainThread  ][INFO ]  Final parameters: [ 1.99968409  0.20296979 -1.99995548]
2019-02-28 19:35:41,417 [MainThread  ][INFO ]  Fidelity: 0.7545720078283584
2019-02-28 19:35:41,417 [MainThread  ][INFO ]  ---- Starting iteration 14/100
2019-02-28 19:35:41,417 [MainThread  ][DEBUG]  Setting hyperparameter tf=0.3494949494949495
2019-02-28 19:35:41,417 [MainThread  ][INFO ]  Starting optimization for tf=0.3494949494949495
2019-02-28 19:35:41,417 [MainThread  ][DEBUG]  Optimization method: Nelder-Mead
2019-02-28 19:35:41,417 [MainThread  ][DEBUG]  Optimization options: None
2019-02-28 19:35:41,417 [MainThread  ][INFO ]  Initial parameter values: [1.21102747 0.17474747 1.97095172]
2019-02-28 19:36:23,546 [MainThread  ][INFO ]  Final fidelity: 0.7584621134619149
2019-02-28 19:36:23,546 [MainThread  ][INFO ]  Final parameters: [ 1.99977301  0.21633147 -1.9998817 ]
2019-02-28 19:36:23,547 [MainThread  ][INFO ]  Fidelity: 0.7584621134619149
2019-02-28 19:36:23,547 [MainThread  ][INFO ]  ---- Starting iteration 15/100
2019-02-28 19:36:23,547 [MainThread  ][DEBUG]  Setting hyperparameter tf=0.3686868686868686
2019-02-28 19:36:23,547 [MainThread  ][INFO ]  Starting optimization for tf=0.3686868686868686
2019-02-28 19:36:23,547 [MainThread  ][DEBUG]  Optimization method: Nelder-Mead
2019-02-28 19:36:23,547 [MainThread  ][DEBUG]  Optimization options: None
2019-02-28 19:36:23,547 [MainThread  ][INFO ]  Initial parameter values: [1.50694577 0.18434343 0.15125065]
2019-02-28 19:37:38,410 [MainThread  ][INFO ]  Final fidelity: 0.7625307017654495
2019-02-28 19:37:38,411 [MainThread  ][INFO ]  Final parameters: [ 1.99960485  0.22732274 -1.99985192]
2019-02-28 19:37:38,411 [MainThread  ][INFO ]  Fidelity: 0.7625307017654495
2019-02-28 19:37:38,411 [MainThread  ][INFO ]  ---- Starting iteration 16/100
2019-02-28 19:37:38,411 [MainThread  ][DEBUG]  Setting hyperparameter tf=0.3878787878787878
2019-02-28 19:37:38,411 [MainThread  ][INFO ]  Starting optimization for tf=0.3878787878787878
2019-02-28 19:37:38,412 [MainThread  ][DEBUG]  Optimization method: Nelder-Mead
2019-02-28 19:37:38,412 [MainThread  ][DEBUG]  Optimization options: None
2019-02-28 19:37:38,412 [MainThread  ][INFO ]  Initial parameter values: [1.2214553  0.19393939 1.04329097]
2019-02-28 19:38:19,227 [MainThread  ][INFO ]  Final fidelity: 0.7668149412196046
2019-02-28 19:38:19,229 [MainThread  ][INFO ]  Final parameters: [ 1.999995    0.24110097 -1.99851426]
2019-02-28 19:38:19,229 [MainThread  ][INFO ]  Fidelity: 0.7668149412196046
2019-02-28 19:38:19,229 [MainThread  ][INFO ]  ---- Starting iteration 17/100
2019-02-28 19:38:19,229 [MainThread  ][DEBUG]  Setting hyperparameter tf=0.407070707070707
2019-02-28 19:38:19,229 [MainThread  ][INFO ]  Starting optimization for tf=0.407070707070707
2019-02-28 19:38:19,229 [MainThread  ][DEBUG]  Optimization method: Nelder-Mead
2019-02-28 19:38:19,229 [MainThread  ][DEBUG]  Optimization options: None
2019-02-28 19:38:19,230 [MainThread  ][INFO ]  Initial parameter values: [1.90726518 0.20353535 1.12550625]
2019-02-28 19:39:20,833 [MainThread  ][INFO ]  Final fidelity: 0.771289805435272
2019-02-28 19:39:20,834 [MainThread  ][INFO ]  Final parameters: [ 1.9999673   0.25444517 -1.99993636]
2019-02-28 19:39:20,834 [MainThread  ][INFO ]  Fidelity: 0.771289805435272
2019-02-28 19:39:20,834 [MainThread  ][INFO ]  ---- Starting iteration 18/100
2019-02-28 19:39:20,834 [MainThread  ][DEBUG]  Setting hyperparameter tf=0.42626262626262623
2019-02-28 19:39:20,834 [MainThread  ][INFO ]  Starting optimization for tf=0.42626262626262623
2019-02-28 19:39:20,834 [MainThread  ][DEBUG]  Optimization method: Nelder-Mead
2019-02-28 19:39:20,835 [MainThread  ][DEBUG]  Optimization options: None
2019-02-28 19:39:20,835 [MainThread  ][INFO ]  Initial parameter values: [0.62378378 0.21313131 0.71734473]
2019-02-28 19:40:04,783 [MainThread  ][INFO ]  Final fidelity: 0.7759252820766945
2019-02-28 19:40:04,785 [MainThread  ][INFO ]  Final parameters: [ 1.99995578  0.26590969 -1.99966509]
2019-02-28 19:40:04,785 [MainThread  ][INFO ]  Fidelity: 0.7759252820766945
2019-02-28 19:40:04,785 [MainThread  ][INFO ]  ---- Starting iteration 19/100
2019-02-28 19:40:04,785 [MainThread  ][DEBUG]  Setting hyperparameter tf=0.44545454545454544
2019-02-28 19:40:04,785 [MainThread  ][INFO ]  Starting optimization for tf=0.44545454545454544
2019-02-28 19:40:04,786 [MainThread  ][DEBUG]  Optimization method: Nelder-Mead
2019-02-28 19:40:04,786 [MainThread  ][DEBUG]  Optimization options: None
2019-02-28 19:40:04,786 [MainThread  ][INFO ]  Initial parameter values: [1.71026104 0.22272727 0.67052322]
2019-02-28 19:40:59,013 [MainThread  ][INFO ]  Final fidelity: 0.7807626297321147
2019-02-28 19:40:59,014 [MainThread  ][INFO ]  Final parameters: [ 1.9999951   0.28021735 -1.99964821]
2019-02-28 19:40:59,014 [MainThread  ][INFO ]  Fidelity: 0.7807626297321147
2019-02-28 19:40:59,014 [MainThread  ][INFO ]  ---- Starting iteration 20/100
2019-02-28 19:40:59,014 [MainThread  ][DEBUG]  Setting hyperparameter tf=0.46464646464646464
2019-02-28 19:40:59,014 [MainThread  ][INFO ]  Starting optimization for tf=0.46464646464646464
2019-02-28 19:40:59,014 [MainThread  ][DEBUG]  Optimization method: Nelder-Mead
2019-02-28 19:40:59,014 [MainThread  ][DEBUG]  Optimization options: None
2019-02-28 19:40:59,014 [MainThread  ][INFO ]  Initial parameter values: [1.40723065 0.23232323 1.25988657]
2019-02-28 19:41:38,603 [MainThread  ][INFO ]  Final fidelity: 0.7857553167775444
2019-02-28 19:41:38,605 [MainThread  ][INFO ]  Final parameters: [ 1.99998384  0.29390987 -1.99928391]
2019-02-28 19:41:38,605 [MainThread  ][INFO ]  Fidelity: 0.7857553167775444
2019-02-28 19:41:38,605 [MainThread  ][INFO ]  ---- Starting iteration 21/100
2019-02-28 19:41:38,605 [MainThread  ][DEBUG]  Setting hyperparameter tf=0.48383838383838385
2019-02-28 19:41:38,605 [MainThread  ][INFO ]  Starting optimization for tf=0.48383838383838385
2019-02-28 19:41:38,606 [MainThread  ][DEBUG]  Optimization method: Nelder-Mead
2019-02-28 19:41:38,606 [MainThread  ][DEBUG]  Optimization options: None
2019-02-28 19:41:38,606 [MainThread  ][INFO ]  Initial parameter values: [1.02923386 0.24191919 0.40465194]
2019-02-28 19:42:23,761 [MainThread  ][INFO ]  Final fidelity: 0.7875941427513168
2019-02-28 19:42:23,763 [MainThread  ][INFO ]  Final parameters: [ 1.85007536  0.31499656 -1.99997947]
2019-02-28 19:42:23,763 [MainThread  ][INFO ]  Fidelity: 0.7875941427513168
2019-02-28 19:42:23,764 [MainThread  ][INFO ]  ---- Starting iteration 22/100
2019-02-28 19:42:23,764 [MainThread  ][DEBUG]  Setting hyperparameter tf=0.503030303030303
2019-02-28 19:42:23,764 [MainThread  ][INFO ]  Starting optimization for tf=0.503030303030303
2019-02-28 19:42:23,764 [MainThread  ][DEBUG]  Optimization method: Nelder-Mead
2019-02-28 19:42:23,764 [MainThread  ][DEBUG]  Optimization options: None
2019-02-28 19:42:23,764 [MainThread  ][INFO ]  Initial parameter values: [0.16303549 0.25151515 0.45803061]
2019-02-28 19:42:56,327 [MainThread  ][INFO ]  Final fidelity: 0.7374993353995278
2019-02-28 19:42:56,329 [MainThread  ][INFO ]  Final parameters: [3.05704294e-01 7.15092153e-06 5.08111770e-01]
2019-02-28 19:42:56,329 [MainThread  ][INFO ]  Fidelity: 0.7374993353995278
2019-02-28 19:42:56,329 [MainThread  ][INFO ]  ---- Starting iteration 23/100
2019-02-28 19:42:56,329 [MainThread  ][DEBUG]  Setting hyperparameter tf=0.5222222222222221
2019-02-28 19:42:56,330 [MainThread  ][INFO ]  Starting optimization for tf=0.5222222222222221
2019-02-28 19:42:56,330 [MainThread  ][DEBUG]  Optimization method: Nelder-Mead
2019-02-28 19:42:56,330 [MainThread  ][DEBUG]  Optimization options: None
2019-02-28 19:42:56,330 [MainThread  ][INFO ]  Initial parameter values: [1.89634138 0.26111111 1.89319133]
2019-02-28 19:43:51,024 [MainThread  ][INFO ]  Final fidelity: 0.8016919083812825
2019-02-28 19:43:51,025 [MainThread  ][INFO ]  Final parameters: [ 1.99999604  0.33223901 -1.9999377 ]
2019-02-28 19:43:51,025 [MainThread  ][INFO ]  Fidelity: 0.8016919083812825
2019-02-28 19:43:51,025 [MainThread  ][INFO ]  ---- Starting iteration 24/100
2019-02-28 19:43:51,026 [MainThread  ][DEBUG]  Setting hyperparameter tf=0.5414141414141413
2019-02-28 19:43:51,026 [MainThread  ][INFO ]  Starting optimization for tf=0.5414141414141413
2019-02-28 19:43:51,026 [MainThread  ][DEBUG]  Optimization method: Nelder-Mead
2019-02-28 19:43:51,026 [MainThread  ][DEBUG]  Optimization options: None
2019-02-28 19:43:51,026 [MainThread  ][INFO ]  Initial parameter values: [0.60510742 0.27070707 1.68183604]
2019-02-28 19:44:48,884 [MainThread  ][INFO ]  Final fidelity: 0.8059924607251144
2019-02-28 19:44:48,888 [MainThread  ][INFO ]  Final parameters: [ 1.99997192  0.34488917 -1.87089112]
2019-02-28 19:44:48,888 [MainThread  ][INFO ]  Fidelity: 0.8059924607251144
2019-02-28 19:44:48,888 [MainThread  ][INFO ]  ---- Starting iteration 25/100
2019-02-28 19:44:48,888 [MainThread  ][DEBUG]  Setting hyperparameter tf=0.5606060606060606
2019-02-28 19:44:48,888 [MainThread  ][INFO ]  Starting optimization for tf=0.5606060606060606
2019-02-28 19:44:48,888 [MainThread  ][DEBUG]  Optimization method: Nelder-Mead
2019-02-28 19:44:48,888 [MainThread  ][DEBUG]  Optimization options: None
2019-02-28 19:44:48,888 [MainThread  ][INFO ]  Initial parameter values: [1.08036632 0.28030303 1.49975242]
2019-02-28 19:45:31,505 [MainThread  ][INFO ]  Final fidelity: 0.8129643243813403
2019-02-28 19:45:31,507 [MainThread  ][INFO ]  Final parameters: [ 1.99998603  0.35796715 -1.99965392]
2019-02-28 19:45:31,507 [MainThread  ][INFO ]  Fidelity: 0.8129643243813403
2019-02-28 19:45:31,507 [MainThread  ][INFO ]  ---- Starting iteration 26/100
2019-02-28 19:45:31,507 [MainThread  ][DEBUG]  Setting hyperparameter tf=0.5797979797979798
2019-02-28 19:45:31,507 [MainThread  ][INFO ]  Starting optimization for tf=0.5797979797979798
2019-02-28 19:45:31,507 [MainThread  ][DEBUG]  Optimization method: Nelder-Mead
2019-02-28 19:45:31,507 [MainThread  ][DEBUG]  Optimization options: None
2019-02-28 19:45:31,508 [MainThread  ][INFO ]  Initial parameter values: [0.60952455 0.28989899 1.1883037 ]
2019-02-28 19:46:17,993 [MainThread  ][INFO ]  Final fidelity: 0.8169024496689109
2019-02-28 19:46:18,001 [MainThread  ][INFO ]  Final parameters: [ 1.99999513  0.36100128 -1.84382317]
2019-02-28 19:46:18,001 [MainThread  ][INFO ]  Fidelity: 0.8169024496689109
2019-02-28 19:46:18,001 [MainThread  ][INFO ]  ---- Starting iteration 27/100
2019-02-28 19:46:18,001 [MainThread  ][DEBUG]  Setting hyperparameter tf=0.598989898989899
2019-02-28 19:46:18,001 [MainThread  ][INFO ]  Starting optimization for tf=0.598989898989899
2019-02-28 19:46:18,001 [MainThread  ][DEBUG]  Optimization method: Nelder-Mead
2019-02-28 19:46:18,001 [MainThread  ][DEBUG]  Optimization options: None
2019-02-28 19:46:18,002 [MainThread  ][INFO ]  Initial parameter values: [1.35596902 0.29949495 0.38415786]
2019-02-28 19:47:04,152 [MainThread  ][INFO ]  Final fidelity: 0.8249174022735649
2019-02-28 19:47:04,155 [MainThread  ][INFO ]  Final parameters: [ 1.99998922  0.38993416 -1.99985531]
2019-02-28 19:47:04,155 [MainThread  ][INFO ]  Fidelity: 0.8249174022735649
2019-02-28 19:47:04,155 [MainThread  ][INFO ]  ---- Starting iteration 28/100
2019-02-28 19:47:04,155 [MainThread  ][DEBUG]  Setting hyperparameter tf=0.6181818181818182
2019-02-28 19:47:04,156 [MainThread  ][INFO ]  Starting optimization for tf=0.6181818181818182
2019-02-28 19:47:04,156 [MainThread  ][DEBUG]  Optimization method: Nelder-Mead
2019-02-28 19:47:04,156 [MainThread  ][DEBUG]  Optimization options: None
2019-02-28 19:47:04,156 [MainThread  ][INFO ]  Initial parameter values: [1.62512619 0.30909091 0.91703541]
2019-02-28 19:47:58,284 [MainThread  ][INFO ]  Final fidelity: 0.8309625214053303
2019-02-28 19:47:58,285 [MainThread  ][INFO ]  Final parameters: [ 1.99994181  0.40630964 -1.99912282]
2019-02-28 19:47:58,285 [MainThread  ][INFO ]  Fidelity: 0.8309625214053303
2019-02-28 19:47:58,286 [MainThread  ][INFO ]  ---- Starting iteration 29/100
2019-02-28 19:47:58,286 [MainThread  ][DEBUG]  Setting hyperparameter tf=0.6373737373737373
2019-02-28 19:47:58,286 [MainThread  ][INFO ]  Starting optimization for tf=0.6373737373737373
2019-02-28 19:47:58,286 [MainThread  ][DEBUG]  Optimization method: Nelder-Mead
2019-02-28 19:47:58,286 [MainThread  ][DEBUG]  Optimization options: None
2019-02-28 19:47:58,286 [MainThread  ][INFO ]  Initial parameter values: [1.077259   0.31868687 0.7374946 ]
2019-02-28 19:48:37,011 [MainThread  ][INFO ]  Final fidelity: 0.822493408378455
2019-02-28 19:48:37,012 [MainThread  ][INFO ]  Final parameters: [ 1.99997474  0.36916453 -1.08324501]
2019-02-28 19:48:37,012 [MainThread  ][INFO ]  Fidelity: 0.822493408378455
2019-02-28 19:48:37,013 [MainThread  ][INFO ]  ---- Starting iteration 30/100
2019-02-28 19:48:37,013 [MainThread  ][DEBUG]  Setting hyperparameter tf=0.6565656565656565
2019-02-28 19:48:37,013 [MainThread  ][INFO ]  Starting optimization for tf=0.6565656565656565
2019-02-28 19:48:37,013 [MainThread  ][DEBUG]  Optimization method: Nelder-Mead
2019-02-28 19:48:37,013 [MainThread  ][DEBUG]  Optimization options: None
2019-02-28 19:48:37,013 [MainThread  ][INFO ]  Initial parameter values: [1.44201129 0.32828283 1.28349522]
2019-02-28 19:49:11,960 [MainThread  ][INFO ]  Final fidelity: 0.8434196716809126
2019-02-28 19:49:11,961 [MainThread  ][INFO ]  Final parameters: [ 1.99992851  0.43352153 -1.99947146]
2019-02-28 19:49:11,961 [MainThread  ][INFO ]  Fidelity: 0.8434196716809126
2019-02-28 19:49:11,961 [MainThread  ][INFO ]  ---- Starting iteration 31/100
2019-02-28 19:49:11,961 [MainThread  ][DEBUG]  Setting hyperparameter tf=0.6757575757575757
2019-02-28 19:49:11,961 [MainThread  ][INFO ]  Starting optimization for tf=0.6757575757575757
2019-02-28 19:49:11,961 [MainThread  ][DEBUG]  Optimization method: Nelder-Mead
2019-02-28 19:49:11,961 [MainThread  ][DEBUG]  Optimization options: None
2019-02-28 19:49:11,961 [MainThread  ][INFO ]  Initial parameter values: [0.14990961 0.33787879 0.56995541]
2019-02-28 19:49:42,622 [MainThread  ][INFO ]  Final fidelity: 0.7501480829398715
2019-02-28 19:49:42,623 [MainThread  ][INFO ]  Final parameters: [2.72301535e-01 6.54235177e-06 5.17424772e-01]
2019-02-28 19:49:42,623 [MainThread  ][INFO ]  Fidelity: 0.7501480829398715
2019-02-28 19:49:42,623 [MainThread  ][INFO ]  ---- Starting iteration 32/100
2019-02-28 19:49:42,623 [MainThread  ][DEBUG]  Setting hyperparameter tf=0.6949494949494949
2019-02-28 19:49:42,623 [MainThread  ][INFO ]  Starting optimization for tf=0.6949494949494949
2019-02-28 19:49:42,623 [MainThread  ][DEBUG]  Optimization method: Nelder-Mead
2019-02-28 19:49:42,623 [MainThread  ][DEBUG]  Optimization options: None
2019-02-28 19:49:42,624 [MainThread  ][INFO ]  Initial parameter values: [1.42044149 0.34747475 0.3437246 ]
2019-02-28 19:50:29,117 [MainThread  ][INFO ]  Final fidelity: 0.8560933754457436
2019-02-28 19:50:29,119 [MainThread  ][INFO ]  Final parameters: [ 1.99997519  0.46209381 -1.99996798]
2019-02-28 19:50:29,119 [MainThread  ][INFO ]  Fidelity: 0.8560933754457436
2019-02-28 19:50:29,119 [MainThread  ][INFO ]  ---- Starting iteration 33/100
2019-02-28 19:50:29,119 [MainThread  ][DEBUG]  Setting hyperparameter tf=0.7141414141414141
2019-02-28 19:50:29,119 [MainThread  ][INFO ]  Starting optimization for tf=0.7141414141414141
2019-02-28 19:50:29,120 [MainThread  ][DEBUG]  Optimization method: Nelder-Mead
2019-02-28 19:50:29,120 [MainThread  ][DEBUG]  Optimization options: None
2019-02-28 19:50:29,120 [MainThread  ][INFO ]  Initial parameter values: [1.52401846 0.35707071 1.89721908]
2019-02-28 19:51:09,397 [MainThread  ][INFO ]  Final fidelity: 0.8625337481495272
2019-02-28 19:51:09,399 [MainThread  ][INFO ]  Final parameters: [ 1.99997262  0.47845811 -1.99998248]
2019-02-28 19:51:09,399 [MainThread  ][INFO ]  Fidelity: 0.8625337481495272
2019-02-28 19:51:09,400 [MainThread  ][INFO ]  ---- Starting iteration 34/100
2019-02-28 19:51:09,400 [MainThread  ][DEBUG]  Setting hyperparameter tf=0.7333333333333333
2019-02-28 19:51:09,400 [MainThread  ][INFO ]  Starting optimization for tf=0.7333333333333333
2019-02-28 19:51:09,400 [MainThread  ][DEBUG]  Optimization method: Nelder-Mead
2019-02-28 19:51:09,400 [MainThread  ][DEBUG]  Optimization options: None
2019-02-28 19:51:09,400 [MainThread  ][INFO ]  Initial parameter values: [0.97540228 0.36666667 1.76398026]
2019-02-28 19:51:55,201 [MainThread  ][INFO ]  Final fidelity: 0.8687166305387722
2019-02-28 19:51:55,201 [MainThread  ][INFO ]  Final parameters: [ 1.99984744  0.49299282 -1.98136815]
2019-02-28 19:51:55,202 [MainThread  ][INFO ]  Fidelity: 0.8687166305387722
2019-02-28 19:51:55,202 [MainThread  ][INFO ]  ---- Starting iteration 35/100
2019-02-28 19:51:55,202 [MainThread  ][DEBUG]  Setting hyperparameter tf=0.7525252525252525
2019-02-28 19:51:55,202 [MainThread  ][INFO ]  Starting optimization for tf=0.7525252525252525
2019-02-28 19:51:55,202 [MainThread  ][DEBUG]  Optimization method: Nelder-Mead
2019-02-28 19:51:55,202 [MainThread  ][DEBUG]  Optimization options: None
2019-02-28 19:51:55,202 [MainThread  ][INFO ]  Initial parameter values: [1.21115299 0.37626263 1.35064324]
2019-02-28 19:52:56,155 [MainThread  ][INFO ]  Final fidelity: 0.8754267492447967
2019-02-28 19:52:56,157 [MainThread  ][INFO ]  Final parameters: [ 1.99998908  0.50945523 -1.99999133]
2019-02-28 19:52:56,157 [MainThread  ][INFO ]  Fidelity: 0.8754267492447967
2019-02-28 19:52:56,157 [MainThread  ][INFO ]  ---- Starting iteration 36/100
2019-02-28 19:52:56,157 [MainThread  ][DEBUG]  Setting hyperparameter tf=0.7717171717171717
2019-02-28 19:52:56,157 [MainThread  ][INFO ]  Starting optimization for tf=0.7717171717171717
2019-02-28 19:52:56,157 [MainThread  ][DEBUG]  Optimization method: Nelder-Mead
2019-02-28 19:52:56,157 [MainThread  ][DEBUG]  Optimization options: None
2019-02-28 19:52:56,158 [MainThread  ][INFO ]  Initial parameter values: [0.35407093 0.38585859 1.80713382]
2019-02-28 19:54:16,590 [MainThread  ][INFO ]  Final fidelity: 0.8818539358126268
2019-02-28 19:54:16,592 [MainThread  ][INFO ]  Final parameters: [ 1.9999916   0.52491607 -1.99843461]
2019-02-28 19:54:16,592 [MainThread  ][INFO ]  Fidelity: 0.8818539358126268
2019-02-28 19:54:16,592 [MainThread  ][INFO ]  ---- Starting iteration 37/100
2019-02-28 19:54:16,592 [MainThread  ][DEBUG]  Setting hyperparameter tf=0.7909090909090909
2019-02-28 19:54:16,592 [MainThread  ][INFO ]  Starting optimization for tf=0.7909090909090909
2019-02-28 19:54:16,592 [MainThread  ][DEBUG]  Optimization method: Nelder-Mead
2019-02-28 19:54:16,592 [MainThread  ][DEBUG]  Optimization options: None
2019-02-28 19:54:16,593 [MainThread  ][INFO ]  Initial parameter values: [1.22884127 0.39545455 0.35130208]
2019-02-28 19:55:15,929 [MainThread  ][INFO ]  Final fidelity: 0.8883054819331336
2019-02-28 19:55:15,930 [MainThread  ][INFO ]  Final parameters: [ 1.99999143  0.54098954 -1.99998219]
2019-02-28 19:55:15,930 [MainThread  ][INFO ]  Fidelity: 0.8883054819331336
2019-02-28 19:55:15,930 [MainThread  ][INFO ]  ---- Starting iteration 38/100
2019-02-28 19:55:15,931 [MainThread  ][DEBUG]  Setting hyperparameter tf=0.81010101010101
2019-02-28 19:55:15,931 [MainThread  ][INFO ]  Starting optimization for tf=0.81010101010101
2019-02-28 19:55:15,931 [MainThread  ][DEBUG]  Optimization method: Nelder-Mead
2019-02-28 19:55:15,931 [MainThread  ][DEBUG]  Optimization options: None
2019-02-28 19:55:15,931 [MainThread  ][INFO ]  Initial parameter values: [0.22601468 0.40505051 1.27888357]
2019-02-28 19:56:12,529 [MainThread  ][INFO ]  Final fidelity: 0.8939451088176614
2019-02-28 19:56:12,532 [MainThread  ][INFO ]  Final parameters: [ 1.99987008  0.54845181 -1.99940128]
2019-02-28 19:56:12,532 [MainThread  ][INFO ]  Fidelity: 0.8939451088176614
2019-02-28 19:56:12,532 [MainThread  ][INFO ]  ---- Starting iteration 39/100
2019-02-28 19:56:12,532 [MainThread  ][DEBUG]  Setting hyperparameter tf=0.8292929292929292
2019-02-28 19:56:12,533 [MainThread  ][INFO ]  Starting optimization for tf=0.8292929292929292
2019-02-28 19:56:12,533 [MainThread  ][DEBUG]  Optimization method: Nelder-Mead
2019-02-28 19:56:12,533 [MainThread  ][DEBUG]  Optimization options: None
2019-02-28 19:56:12,533 [MainThread  ][INFO ]  Initial parameter values: [1.32820051 0.41464646 1.8408876 ]
2019-02-28 19:57:25,191 [MainThread  ][INFO ]  Final fidelity: 0.9006371952426738
2019-02-28 19:57:25,192 [MainThread  ][INFO ]  Final parameters: [ 1.99998875  0.57024348 -1.97104066]
2019-02-28 19:57:25,192 [MainThread  ][INFO ]  Fidelity: 0.9006371952426738
2019-02-28 19:57:25,193 [MainThread  ][INFO ]  ---- Starting iteration 40/100
2019-02-28 19:57:25,193 [MainThread  ][DEBUG]  Setting hyperparameter tf=0.8484848484848484
2019-02-28 19:57:25,193 [MainThread  ][INFO ]  Starting optimization for tf=0.8484848484848484
2019-02-28 19:57:25,193 [MainThread  ][DEBUG]  Optimization method: Nelder-Mead
2019-02-28 19:57:25,193 [MainThread  ][DEBUG]  Optimization options: None
2019-02-28 19:57:25,193 [MainThread  ][INFO ]  Initial parameter values: [1.849864   0.42424242 0.81771301]
2019-02-28 19:58:13,250 [MainThread  ][INFO ]  Final fidelity: 0.8808927521791939
2019-02-28 19:58:13,251 [MainThread  ][INFO ]  Final parameters: [ 1.99999767  0.47830102 -0.79695038]
2019-02-28 19:58:13,252 [MainThread  ][INFO ]  Fidelity: 0.8808927521791939
2019-02-28 19:58:13,252 [MainThread  ][INFO ]  ---- Starting iteration 41/100
2019-02-28 19:58:13,252 [MainThread  ][DEBUG]  Setting hyperparameter tf=0.8676767676767676
2019-02-28 19:58:13,252 [MainThread  ][INFO ]  Starting optimization for tf=0.8676767676767676
2019-02-28 19:58:13,252 [MainThread  ][DEBUG]  Optimization method: Nelder-Mead
2019-02-28 19:58:13,252 [MainThread  ][DEBUG]  Optimization options: None
2019-02-28 19:58:13,252 [MainThread  ][INFO ]  Initial parameter values: [0.65515739 0.43383838 1.70124623]
2019-02-28 19:59:41,188 [MainThread  ][INFO ]  Final fidelity: 0.9134681870406581
2019-02-28 19:59:41,188 [MainThread  ][INFO ]  Final parameters: [ 1.99997436  0.60318286 -1.99990359]
2019-02-28 19:59:41,188 [MainThread  ][INFO ]  Fidelity: 0.9134681870406581
2019-02-28 19:59:41,188 [MainThread  ][INFO ]  ---- Starting iteration 42/100
2019-02-28 19:59:41,188 [MainThread  ][DEBUG]  Setting hyperparameter tf=0.8868686868686868
2019-02-28 19:59:41,188 [MainThread  ][INFO ]  Starting optimization for tf=0.8868686868686868
2019-02-28 19:59:41,188 [MainThread  ][DEBUG]  Optimization method: Nelder-Mead
2019-02-28 19:59:41,189 [MainThread  ][DEBUG]  Optimization options: None
2019-02-28 19:59:41,189 [MainThread  ][INFO ]  Initial parameter values: [1.38677927 0.44343434 0.86807629]
2019-02-28 20:00:37,230 [MainThread  ][INFO ]  Final fidelity: 0.9196308837040865
2019-02-28 20:00:37,233 [MainThread  ][INFO ]  Final parameters: [ 1.99999726  0.62122298 -1.99998965]
2019-02-28 20:00:37,233 [MainThread  ][INFO ]  Fidelity: 0.9196308837040865
2019-02-28 20:00:37,233 [MainThread  ][INFO ]  ---- Starting iteration 43/100
2019-02-28 20:00:37,233 [MainThread  ][DEBUG]  Setting hyperparameter tf=0.906060606060606
2019-02-28 20:00:37,233 [MainThread  ][INFO ]  Starting optimization for tf=0.906060606060606
2019-02-28 20:00:37,233 [MainThread  ][DEBUG]  Optimization method: Nelder-Mead
2019-02-28 20:00:37,233 [MainThread  ][DEBUG]  Optimization options: None
2019-02-28 20:00:37,234 [MainThread  ][INFO ]  Initial parameter values: [0.29185034 0.4530303  0.69950559]
2019-02-28 20:01:42,279 [MainThread  ][INFO ]  Final fidelity: 0.9255957356323927
2019-02-28 20:01:42,279 [MainThread  ][INFO ]  Final parameters: [ 1.99999154  0.63997315 -1.99996861]
2019-02-28 20:01:42,279 [MainThread  ][INFO ]  Fidelity: 0.9255957356323927
2019-02-28 20:01:42,279 [MainThread  ][INFO ]  ---- Starting iteration 44/100
2019-02-28 20:01:42,279 [MainThread  ][DEBUG]  Setting hyperparameter tf=0.9252525252525252
2019-02-28 20:01:42,279 [MainThread  ][INFO ]  Starting optimization for tf=0.9252525252525252
2019-02-28 20:01:42,279 [MainThread  ][DEBUG]  Optimization method: Nelder-Mead
2019-02-28 20:01:42,279 [MainThread  ][DEBUG]  Optimization options: None
2019-02-28 20:01:42,280 [MainThread  ][INFO ]  Initial parameter values: [0.5634163  0.46262626 1.38211397]
2019-02-28 20:02:29,893 [MainThread  ][INFO ]  Final fidelity: 0.9302307633590554
2019-02-28 20:02:29,894 [MainThread  ][INFO ]  Final parameters: [ 1.9999955   0.65246282 -1.91966906]
2019-02-28 20:02:29,894 [MainThread  ][INFO ]  Fidelity: 0.9302307633590554
2019-02-28 20:02:29,894 [MainThread  ][INFO ]  ---- Starting iteration 45/100
2019-02-28 20:02:29,895 [MainThread  ][DEBUG]  Setting hyperparameter tf=0.9444444444444443
2019-02-28 20:02:29,895 [MainThread  ][INFO ]  Starting optimization for tf=0.9444444444444443
2019-02-28 20:02:29,895 [MainThread  ][DEBUG]  Optimization method: Nelder-Mead
2019-02-28 20:02:29,895 [MainThread  ][DEBUG]  Optimization options: None
2019-02-28 20:02:29,895 [MainThread  ][INFO ]  Initial parameter values: [0.63056897 0.47222222 1.71790429]
2019-02-28 20:04:16,580 [MainThread  ][INFO ]  Final fidelity: 0.9371112503086528
2019-02-28 20:04:16,583 [MainThread  ][INFO ]  Final parameters: [ 1.99860059  0.67280691 -1.99998176]
2019-02-28 20:04:16,584 [MainThread  ][INFO ]  Fidelity: 0.9371112503086528
2019-02-28 20:04:16,584 [MainThread  ][INFO ]  ---- Starting iteration 46/100
2019-02-28 20:04:16,584 [MainThread  ][DEBUG]  Setting hyperparameter tf=0.9636363636363635
2019-02-28 20:04:16,584 [MainThread  ][INFO ]  Starting optimization for tf=0.9636363636363635
2019-02-28 20:04:16,584 [MainThread  ][DEBUG]  Optimization method: Nelder-Mead
2019-02-28 20:04:16,584 [MainThread  ][DEBUG]  Optimization options: None
2019-02-28 20:04:16,584 [MainThread  ][INFO ]  Initial parameter values: [1.16483413 0.48181818 0.51834985]
2019-02-28 20:05:26,736 [MainThread  ][INFO ]  Final fidelity: 0.9427354601628996
2019-02-28 20:05:26,737 [MainThread  ][INFO ]  Final parameters: [ 1.99999701  0.68854598 -1.9999888 ]
2019-02-28 20:05:26,737 [MainThread  ][INFO ]  Fidelity: 0.9427354601628996
2019-02-28 20:05:26,737 [MainThread  ][INFO ]  ---- Starting iteration 47/100
2019-02-28 20:05:26,737 [MainThread  ][DEBUG]  Setting hyperparameter tf=0.9828282828282827
2019-02-28 20:05:26,737 [MainThread  ][INFO ]  Starting optimization for tf=0.9828282828282827
2019-02-28 20:05:26,737 [MainThread  ][DEBUG]  Optimization method: Nelder-Mead
2019-02-28 20:05:26,737 [MainThread  ][DEBUG]  Optimization options: None
2019-02-28 20:05:26,737 [MainThread  ][INFO ]  Initial parameter values: [0.58434666 0.49141414 1.16301278]
2019-02-28 20:06:52,143 [MainThread  ][INFO ]  Final fidelity: 0.9478880736793739
2019-02-28 20:06:52,144 [MainThread  ][INFO ]  Final parameters: [ 1.9999987   0.70231217 -1.99990834]
2019-02-28 20:06:52,144 [MainThread  ][INFO ]  Fidelity: 0.9478880736793739
2019-02-28 20:06:52,144 [MainThread  ][INFO ]  ---- Starting iteration 48/100
2019-02-28 20:06:52,144 [MainThread  ][DEBUG]  Setting hyperparameter tf=1.002020202020202
2019-02-28 20:06:52,144 [MainThread  ][INFO ]  Starting optimization for tf=1.002020202020202
2019-02-28 20:06:52,144 [MainThread  ][DEBUG]  Optimization method: Nelder-Mead
2019-02-28 20:06:52,144 [MainThread  ][DEBUG]  Optimization options: None
2019-02-28 20:06:52,144 [MainThread  ][INFO ]  Initial parameter values: [0.00848607 0.5010101  1.81974714]
2019-02-28 20:07:38,957 [MainThread  ][INFO ]  Final fidelity: 0.7826064469872768
2019-02-28 20:07:38,963 [MainThread  ][INFO ]  Final parameters: [2.09520441e-02 1.08548260e-05 5.42203334e-01]
2019-02-28 20:07:38,963 [MainThread  ][INFO ]  Fidelity: 0.7826064469872768
2019-02-28 20:07:38,963 [MainThread  ][INFO ]  ---- Starting iteration 49/100
2019-02-28 20:07:38,963 [MainThread  ][DEBUG]  Setting hyperparameter tf=1.0212121212121212
2019-02-28 20:07:38,963 [MainThread  ][INFO ]  Starting optimization for tf=1.0212121212121212
2019-02-28 20:07:38,963 [MainThread  ][DEBUG]  Optimization method: Nelder-Mead
2019-02-28 20:07:38,963 [MainThread  ][DEBUG]  Optimization options: None
2019-02-28 20:07:38,963 [MainThread  ][INFO ]  Initial parameter values: [0.86826605 0.51060606 1.67846121]
2019-02-28 20:09:01,004 [MainThread  ][INFO ]  Final fidelity: 0.9582301133174526
2019-02-28 20:09:01,006 [MainThread  ][INFO ]  Final parameters: [ 1.99996337  0.74133408 -1.99995494]
2019-02-28 20:09:01,006 [MainThread  ][INFO ]  Fidelity: 0.9582301133174526
2019-02-28 20:09:01,007 [MainThread  ][INFO ]  ---- Starting iteration 50/100
2019-02-28 20:09:01,007 [MainThread  ][DEBUG]  Setting hyperparameter tf=1.0404040404040404
2019-02-28 20:09:01,007 [MainThread  ][INFO ]  Starting optimization for tf=1.0404040404040404
2019-02-28 20:09:01,007 [MainThread  ][DEBUG]  Optimization method: Nelder-Mead
2019-02-28 20:09:01,007 [MainThread  ][DEBUG]  Optimization options: None
2019-02-28 20:09:01,007 [MainThread  ][INFO ]  Initial parameter values: [1.83904146 0.52020202 0.60442806]
2019-02-28 20:09:58,418 [MainThread  ][INFO ]  Final fidelity: 0.9629615783981259
2019-02-28 20:09:58,418 [MainThread  ][INFO ]  Final parameters: [ 1.99998082  0.75880439 -1.99915963]
2019-02-28 20:09:58,419 [MainThread  ][INFO ]  Fidelity: 0.9629615783981259
2019-02-28 20:09:58,419 [MainThread  ][INFO ]  ---- Starting iteration 51/100
2019-02-28 20:09:58,419 [MainThread  ][DEBUG]  Setting hyperparameter tf=1.0595959595959596
2019-02-28 20:09:58,419 [MainThread  ][INFO ]  Starting optimization for tf=1.0595959595959596
2019-02-28 20:09:58,419 [MainThread  ][DEBUG]  Optimization method: Nelder-Mead
2019-02-28 20:09:58,419 [MainThread  ][DEBUG]  Optimization options: None
2019-02-28 20:09:58,419 [MainThread  ][INFO ]  Initial parameter values: [1.60541625 0.52979798 1.40650718]
2019-02-28 20:11:07,012 [MainThread  ][INFO ]  Final fidelity: 0.9673614500570841
2019-02-28 20:11:07,013 [MainThread  ][INFO ]  Final parameters: [ 1.99999957  0.77586502 -1.99064115]
2019-02-28 20:11:07,013 [MainThread  ][INFO ]  Fidelity: 0.9673614500570841
2019-02-28 20:11:07,013 [MainThread  ][INFO ]  ---- Starting iteration 52/100
2019-02-28 20:11:07,013 [MainThread  ][DEBUG]  Setting hyperparameter tf=1.0787878787878789
2019-02-28 20:11:07,013 [MainThread  ][INFO ]  Starting optimization for tf=1.0787878787878789
2019-02-28 20:11:07,013 [MainThread  ][DEBUG]  Optimization method: Nelder-Mead
2019-02-28 20:11:07,013 [MainThread  ][DEBUG]  Optimization options: None
2019-02-28 20:11:07,014 [MainThread  ][INFO ]  Initial parameter values: [1.53404918 0.53939394 1.71538727]
2019-02-28 20:11:49,498 [MainThread  ][INFO ]  Final fidelity: 0.9717235313381094
2019-02-28 20:11:49,503 [MainThread  ][INFO ]  Final parameters: [ 1.99999786  0.79318593 -1.99985501]
2019-02-28 20:11:49,503 [MainThread  ][INFO ]  Fidelity: 0.9717235313381094
2019-02-28 20:11:49,503 [MainThread  ][INFO ]  ---- Starting iteration 53/100
2019-02-28 20:11:49,503 [MainThread  ][DEBUG]  Setting hyperparameter tf=1.097979797979798
2019-02-28 20:11:49,504 [MainThread  ][INFO ]  Starting optimization for tf=1.097979797979798
2019-02-28 20:11:49,504 [MainThread  ][DEBUG]  Optimization method: Nelder-Mead
2019-02-28 20:11:49,504 [MainThread  ][DEBUG]  Optimization options: None
2019-02-28 20:11:49,504 [MainThread  ][INFO ]  Initial parameter values: [0.08719229 0.5489899  0.04012197]
2019-02-28 20:12:34,902 [MainThread  ][INFO ]  Final fidelity: 0.9290272960907501
2019-02-28 20:12:34,905 [MainThread  ][INFO ]  Final parameters: [ 1.99997975  0.53378749 -0.22392423]
2019-02-28 20:12:34,905 [MainThread  ][INFO ]  Fidelity: 0.9290272960907501
2019-02-28 20:12:34,905 [MainThread  ][INFO ]  ---- Starting iteration 54/100
2019-02-28 20:12:34,905 [MainThread  ][DEBUG]  Setting hyperparameter tf=1.1171717171717173
2019-02-28 20:12:34,905 [MainThread  ][INFO ]  Starting optimization for tf=1.1171717171717173
2019-02-28 20:12:34,905 [MainThread  ][DEBUG]  Optimization method: Nelder-Mead
2019-02-28 20:12:34,905 [MainThread  ][DEBUG]  Optimization options: None
2019-02-28 20:12:34,905 [MainThread  ][INFO ]  Initial parameter values: [0.75433508 0.55858586 1.7273152 ]
2019-02-28 20:13:31,463 [MainThread  ][INFO ]  Final fidelity: 0.9793926476837747
2019-02-28 20:13:31,464 [MainThread  ][INFO ]  Final parameters: [ 1.9999969   0.82930356 -1.99995885]
2019-02-28 20:13:31,464 [MainThread  ][INFO ]  Fidelity: 0.9793926476837747
2019-02-28 20:13:31,464 [MainThread  ][INFO ]  ---- Starting iteration 55/100
2019-02-28 20:13:31,464 [MainThread  ][DEBUG]  Setting hyperparameter tf=1.1363636363636365
2019-02-28 20:13:31,464 [MainThread  ][INFO ]  Starting optimization for tf=1.1363636363636365
2019-02-28 20:13:31,464 [MainThread  ][DEBUG]  Optimization method: Nelder-Mead
2019-02-28 20:13:31,464 [MainThread  ][DEBUG]  Optimization options: None
2019-02-28 20:13:31,464 [MainThread  ][INFO ]  Initial parameter values: [0.05539633 0.56818182 0.80477928]
2019-02-28 20:14:18,369 [MainThread  ][INFO ]  Final fidelity: 0.7986489055678089
2019-02-28 20:14:18,369 [MainThread  ][INFO ]  Final parameters: [1.05124659e-01 5.43162156e-05 5.55324615e-01]
2019-02-28 20:14:18,369 [MainThread  ][INFO ]  Fidelity: 0.7986489055678089
2019-02-28 20:14:18,370 [MainThread  ][INFO ]  ---- Starting iteration 56/100
2019-02-28 20:14:18,370 [MainThread  ][DEBUG]  Setting hyperparameter tf=1.1555555555555557
2019-02-28 20:14:18,370 [MainThread  ][INFO ]  Starting optimization for tf=1.1555555555555557
2019-02-28 20:14:18,370 [MainThread  ][DEBUG]  Optimization method: Nelder-Mead
2019-02-28 20:14:18,370 [MainThread  ][DEBUG]  Optimization options: None
2019-02-28 20:14:18,370 [MainThread  ][INFO ]  Initial parameter values: [0.76611884 0.57777778 0.93501284]
2019-02-28 20:15:13,234 [MainThread  ][INFO ]  Final fidelity: 0.9843576946274448
2019-02-28 20:15:13,236 [MainThread  ][INFO ]  Final parameters: [ 1.99991671  0.84837073 -1.80987631]
2019-02-28 20:15:13,236 [MainThread  ][INFO ]  Fidelity: 0.9843576946274448
2019-02-28 20:15:13,236 [MainThread  ][INFO ]  ---- Starting iteration 57/100
2019-02-28 20:15:13,236 [MainThread  ][DEBUG]  Setting hyperparameter tf=1.1747474747474747
2019-02-28 20:15:13,236 [MainThread  ][INFO ]  Starting optimization for tf=1.1747474747474747
2019-02-28 20:15:13,236 [MainThread  ][DEBUG]  Optimization method: Nelder-Mead
2019-02-28 20:15:13,236 [MainThread  ][DEBUG]  Optimization options: None
2019-02-28 20:15:13,237 [MainThread  ][INFO ]  Initial parameter values: [1.32178428 0.58737374 1.29388932]
2019-02-28 20:15:59,211 [MainThread  ][INFO ]  Final fidelity: 0.9883249965788318
2019-02-28 20:15:59,213 [MainThread  ][INFO ]  Final parameters: [ 1.98969009  0.88372191 -1.99936479]
2019-02-28 20:15:59,213 [MainThread  ][INFO ]  Fidelity: 0.9883249965788318
2019-02-28 20:15:59,213 [MainThread  ][INFO ]  ---- Starting iteration 58/100
2019-02-28 20:15:59,213 [MainThread  ][DEBUG]  Setting hyperparameter tf=1.1939393939393939
2019-02-28 20:15:59,213 [MainThread  ][INFO ]  Starting optimization for tf=1.1939393939393939
2019-02-28 20:15:59,213 [MainThread  ][DEBUG]  Optimization method: Nelder-Mead
2019-02-28 20:15:59,213 [MainThread  ][DEBUG]  Optimization options: None
2019-02-28 20:15:59,214 [MainThread  ][INFO ]  Initial parameter values: [1.22094152 0.5969697  1.74262516]
2019-02-28 20:16:47,652 [MainThread  ][INFO ]  Final fidelity: 0.9909905770329855
2019-02-28 20:16:47,653 [MainThread  ][INFO ]  Final parameters: [ 1.99998563  0.89965048 -1.97507456]
2019-02-28 20:16:47,653 [MainThread  ][INFO ]  Fidelity: 0.9909905770329855
2019-02-28 20:16:47,653 [MainThread  ][INFO ]  ---- Starting iteration 59/100
2019-02-28 20:16:47,653 [MainThread  ][DEBUG]  Setting hyperparameter tf=1.213131313131313
2019-02-28 20:16:47,653 [MainThread  ][INFO ]  Starting optimization for tf=1.213131313131313
2019-02-28 20:16:47,653 [MainThread  ][DEBUG]  Optimization method: Nelder-Mead
2019-02-28 20:16:47,653 [MainThread  ][DEBUG]  Optimization options: None
2019-02-28 20:16:47,654 [MainThread  ][INFO ]  Initial parameter values: [1.33990815 0.60656566 1.75988195]
2019-02-28 20:18:00,979 [MainThread  ][INFO ]  Final fidelity: 0.9931560248483211
2019-02-28 20:18:00,981 [MainThread  ][INFO ]  Final parameters: [ 1.99999284  0.91624142 -1.97022322]
2019-02-28 20:18:00,981 [MainThread  ][INFO ]  Fidelity: 0.9931560248483211
2019-02-28 20:18:00,981 [MainThread  ][INFO ]  ---- Starting iteration 60/100
2019-02-28 20:18:00,981 [MainThread  ][DEBUG]  Setting hyperparameter tf=1.2323232323232323
2019-02-28 20:18:00,981 [MainThread  ][INFO ]  Starting optimization for tf=1.2323232323232323
2019-02-28 20:18:00,981 [MainThread  ][DEBUG]  Optimization method: Nelder-Mead
2019-02-28 20:18:00,981 [MainThread  ][DEBUG]  Optimization options: None
2019-02-28 20:18:00,982 [MainThread  ][INFO ]  Initial parameter values: [0.24228929 0.61616162 1.92623225]
2019-02-28 20:19:29,817 [MainThread  ][INFO ]  Final fidelity: 0.9951021207488367
2019-02-28 20:19:29,819 [MainThread  ][INFO ]  Final parameters: [ 1.99998551  0.93699743 -1.99994096]
2019-02-28 20:19:29,819 [MainThread  ][INFO ]  Fidelity: 0.9951021207488367
2019-02-28 20:19:29,819 [MainThread  ][INFO ]  ---- Starting iteration 61/100
2019-02-28 20:19:29,819 [MainThread  ][DEBUG]  Setting hyperparameter tf=1.2515151515151515
2019-02-28 20:19:29,819 [MainThread  ][INFO ]  Starting optimization for tf=1.2515151515151515
2019-02-28 20:19:29,820 [MainThread  ][DEBUG]  Optimization method: Nelder-Mead
2019-02-28 20:19:29,820 [MainThread  ][DEBUG]  Optimization options: None
2019-02-28 20:19:29,820 [MainThread  ][INFO ]  Initial parameter values: [0.9743454  0.62575758 0.66329807]
2019-02-28 20:20:06,806 [MainThread  ][INFO ]  Final fidelity: 0.9965517976647847
2019-02-28 20:20:06,812 [MainThread  ][INFO ]  Final parameters: [ 1.99998595  0.95506457 -1.99976917]
2019-02-28 20:20:06,812 [MainThread  ][INFO ]  Fidelity: 0.9965517976647847
2019-02-28 20:20:06,812 [MainThread  ][INFO ]  ---- Starting iteration 62/100
2019-02-28 20:20:06,812 [MainThread  ][DEBUG]  Setting hyperparameter tf=1.2707070707070707
2019-02-28 20:20:06,812 [MainThread  ][INFO ]  Starting optimization for tf=1.2707070707070707
2019-02-28 20:20:06,812 [MainThread  ][DEBUG]  Optimization method: Nelder-Mead
2019-02-28 20:20:06,812 [MainThread  ][DEBUG]  Optimization options: None
2019-02-28 20:20:06,812 [MainThread  ][INFO ]  Initial parameter values: [0.16830357 0.63535354 1.77798815]
2019-02-28 20:21:00,591 [MainThread  ][INFO ]  Final fidelity: 0.9971518145684929
2019-02-28 20:21:00,592 [MainThread  ][INFO ]  Final parameters: [ 1.99999973  0.95621845 -1.8215349 ]
2019-02-28 20:21:00,592 [MainThread  ][INFO ]  Fidelity: 0.9971518145684929
2019-02-28 20:21:00,592 [MainThread  ][INFO ]  ---- Starting iteration 63/100
2019-02-28 20:21:00,592 [MainThread  ][DEBUG]  Setting hyperparameter tf=1.2898989898989899
2019-02-28 20:21:00,592 [MainThread  ][INFO ]  Starting optimization for tf=1.2898989898989899
2019-02-28 20:21:00,592 [MainThread  ][DEBUG]  Optimization method: Nelder-Mead
2019-02-28 20:21:00,593 [MainThread  ][DEBUG]  Optimization options: None
2019-02-28 20:21:00,593 [MainThread  ][INFO ]  Initial parameter values: [1.20681506 0.64494949 1.95738963]
2019-02-28 20:21:52,313 [MainThread  ][INFO ]  Final fidelity: 0.998383507595461
2019-02-28 20:21:52,315 [MainThread  ][INFO ]  Final parameters: [ 1.99999807  0.99193216 -1.99994088]
2019-02-28 20:21:52,315 [MainThread  ][INFO ]  Fidelity: 0.998383507595461
2019-02-28 20:21:52,315 [MainThread  ][INFO ]  ---- Starting iteration 64/100
2019-02-28 20:21:52,315 [MainThread  ][DEBUG]  Setting hyperparameter tf=1.309090909090909
2019-02-28 20:21:52,316 [MainThread  ][INFO ]  Starting optimization for tf=1.309090909090909
2019-02-28 20:21:52,316 [MainThread  ][DEBUG]  Optimization method: Nelder-Mead
2019-02-28 20:21:52,316 [MainThread  ][DEBUG]  Optimization options: None
2019-02-28 20:21:52,316 [MainThread  ][INFO ]  Initial parameter values: [0.07094097 0.65454545 0.91412956]
2019-02-28 20:22:32,937 [MainThread  ][INFO ]  Final fidelity: 0.8209114966672557
2019-02-28 20:22:32,938 [MainThread  ][INFO ]  Final parameters: [2.15027390e-01 1.82396996e-05 5.70256404e-01]
2019-02-28 20:22:32,938 [MainThread  ][INFO ]  Fidelity: 0.8209114966672557
2019-02-28 20:22:32,938 [MainThread  ][INFO ]  ---- Starting iteration 65/100
2019-02-28 20:22:32,938 [MainThread  ][DEBUG]  Setting hyperparameter tf=1.3282828282828283
2019-02-28 20:22:32,938 [MainThread  ][INFO ]  Starting optimization for tf=1.3282828282828283
2019-02-28 20:22:32,938 [MainThread  ][DEBUG]  Optimization method: Nelder-Mead
2019-02-28 20:22:32,938 [MainThread  ][DEBUG]  Optimization options: None
2019-02-28 20:22:32,938 [MainThread  ][INFO ]  Initial parameter values: [1.3502833  0.66414141 0.15262761]
2019-02-28 20:23:01,591 [MainThread  ][INFO ]  Final fidelity: 0.9603866938974175
2019-02-28 20:23:01,595 [MainThread  ][INFO ]  Final parameters: [1.99998287 0.56197897 0.10674914]
2019-02-28 20:23:01,595 [MainThread  ][INFO ]  Fidelity: 0.9603866938974175
2019-02-28 20:23:01,595 [MainThread  ][INFO ]  ---- Starting iteration 66/100
2019-02-28 20:23:01,596 [MainThread  ][DEBUG]  Setting hyperparameter tf=1.3474747474747475
2019-02-28 20:23:01,596 [MainThread  ][INFO ]  Starting optimization for tf=1.3474747474747475
2019-02-28 20:23:01,596 [MainThread  ][DEBUG]  Optimization method: Nelder-Mead
2019-02-28 20:23:01,596 [MainThread  ][DEBUG]  Optimization options: None
2019-02-28 20:23:01,596 [MainThread  ][INFO ]  Initial parameter values: [0.33809292 0.67373737 0.880633  ]
2019-02-28 20:24:09,519 [MainThread  ][INFO ]  Final fidelity: 0.9988129982078493
2019-02-28 20:24:09,525 [MainThread  ][INFO ]  Final parameters: [ 1.98293186  1.00796572 -1.59480937]
2019-02-28 20:24:09,525 [MainThread  ][INFO ]  Fidelity: 0.9988129982078493
2019-02-28 20:24:09,525 [MainThread  ][INFO ]  ---- Starting iteration 67/100
2019-02-28 20:24:09,525 [MainThread  ][DEBUG]  Setting hyperparameter tf=1.3666666666666667
2019-02-28 20:24:09,525 [MainThread  ][INFO ]  Starting optimization for tf=1.3666666666666667
2019-02-28 20:24:09,525 [MainThread  ][DEBUG]  Optimization method: Nelder-Mead
2019-02-28 20:24:09,525 [MainThread  ][DEBUG]  Optimization options: None
2019-02-28 20:24:09,526 [MainThread  ][INFO ]  Initial parameter values: [0.65343598 0.68333333 0.54076839]
2019-02-28 20:24:44,691 [MainThread  ][INFO ]  Final fidelity: 0.998812840103385
2019-02-28 20:24:44,691 [MainThread  ][INFO ]  Final parameters: [ 1.99132685  0.98416903 -1.27781115]
2019-02-28 20:24:44,691 [MainThread  ][INFO ]  Fidelity: 0.998812840103385
2019-02-28 20:24:44,691 [MainThread  ][INFO ]  ---- Starting iteration 68/100
2019-02-28 20:24:44,692 [MainThread  ][DEBUG]  Setting hyperparameter tf=1.385858585858586
2019-02-28 20:24:44,692 [MainThread  ][INFO ]  Starting optimization for tf=1.385858585858586
2019-02-28 20:24:44,692 [MainThread  ][DEBUG]  Optimization method: Nelder-Mead
2019-02-28 20:24:44,692 [MainThread  ][DEBUG]  Optimization options: None
2019-02-28 20:24:44,692 [MainThread  ][INFO ]  Initial parameter values: [0.30684784 0.69292929 0.29080299]
2019-02-28 20:25:51,474 [MainThread  ][INFO ]  Final fidelity: 0.9988147046644591
2019-02-28 20:25:51,475 [MainThread  ][INFO ]  Final parameters: [ 1.9991888   0.96602773 -1.05702635]
2019-02-28 20:25:51,475 [MainThread  ][INFO ]  Fidelity: 0.9988147046644591
2019-02-28 20:25:51,475 [MainThread  ][INFO ]  ---- Starting iteration 69/100
2019-02-28 20:25:51,475 [MainThread  ][DEBUG]  Setting hyperparameter tf=1.405050505050505
2019-02-28 20:25:51,475 [MainThread  ][INFO ]  Starting optimization for tf=1.405050505050505
2019-02-28 20:25:51,475 [MainThread  ][DEBUG]  Optimization method: Nelder-Mead
2019-02-28 20:25:51,475 [MainThread  ][DEBUG]  Optimization options: None
2019-02-28 20:25:51,476 [MainThread  ][INFO ]  Initial parameter values: [0.24665151 0.70252525 0.37753289]
2019-02-28 20:26:34,474 [MainThread  ][INFO ]  Final fidelity: 0.8339735953577825
2019-02-28 20:26:34,477 [MainThread  ][INFO ]  Final parameters: [0.60874207 0.08024942 0.59500671]
2019-02-28 20:26:34,477 [MainThread  ][INFO ]  Fidelity: 0.8339735953577825
2019-02-28 20:26:34,477 [MainThread  ][INFO ]  ---- Starting iteration 70/100
2019-02-28 20:26:34,477 [MainThread  ][DEBUG]  Setting hyperparameter tf=1.4242424242424243
2019-02-28 20:26:34,477 [MainThread  ][INFO ]  Starting optimization for tf=1.4242424242424243
2019-02-28 20:26:34,477 [MainThread  ][DEBUG]  Optimization method: Nelder-Mead
2019-02-28 20:26:34,477 [MainThread  ][DEBUG]  Optimization options: None
2019-02-28 20:26:34,478 [MainThread  ][INFO ]  Initial parameter values: [1.8720604  0.71212121 0.01573104]
2019-02-28 20:26:55,403 [MainThread  ][INFO ]  Final fidelity: 0.9851808355327202
2019-02-28 20:26:55,407 [MainThread  ][INFO ]  Final parameters: [1.99999363 0.67392837 0.01566737]
2019-02-28 20:26:55,407 [MainThread  ][INFO ]  Fidelity: 0.9851808355327202
2019-02-28 20:26:55,407 [MainThread  ][INFO ]  ---- Starting iteration 71/100
2019-02-28 20:26:55,407 [MainThread  ][DEBUG]  Setting hyperparameter tf=1.4434343434343435
2019-02-28 20:26:55,407 [MainThread  ][INFO ]  Starting optimization for tf=1.4434343434343435
2019-02-28 20:26:55,408 [MainThread  ][DEBUG]  Optimization method: Nelder-Mead
2019-02-28 20:26:55,408 [MainThread  ][DEBUG]  Optimization options: None
2019-02-28 20:26:55,408 [MainThread  ][INFO ]  Initial parameter values: [1.95639295 0.72171717 1.74324959]
2019-02-28 20:28:11,681 [MainThread  ][INFO ]  Final fidelity: 0.998821367891023
2019-02-28 20:28:11,683 [MainThread  ][INFO ]  Final parameters: [ 1.96167028  0.94979691 -0.68800759]
2019-02-28 20:28:11,683 [MainThread  ][INFO ]  Fidelity: 0.998821367891023
2019-02-28 20:28:11,684 [MainThread  ][INFO ]  ---- Starting iteration 72/100
2019-02-28 20:28:11,684 [MainThread  ][DEBUG]  Setting hyperparameter tf=1.4626262626262627
2019-02-28 20:28:11,684 [MainThread  ][INFO ]  Starting optimization for tf=1.4626262626262627
2019-02-28 20:28:11,684 [MainThread  ][DEBUG]  Optimization method: Nelder-Mead
2019-02-28 20:28:11,684 [MainThread  ][DEBUG]  Optimization options: None
2019-02-28 20:28:11,684 [MainThread  ][INFO ]  Initial parameter values: [1.88564154 0.73131313 0.25840048]
2019-02-28 20:29:00,831 [MainThread  ][INFO ]  Final fidelity: 0.9988253603576603
2019-02-28 20:29:00,840 [MainThread  ][INFO ]  Final parameters: [ 1.86887078  0.99635162 -0.74416046]
2019-02-28 20:29:00,840 [MainThread  ][INFO ]  Fidelity: 0.9988253603576603
2019-02-28 20:29:00,840 [MainThread  ][INFO ]  ---- Starting iteration 73/100
2019-02-28 20:29:00,840 [MainThread  ][DEBUG]  Setting hyperparameter tf=1.481818181818182
2019-02-28 20:29:00,840 [MainThread  ][INFO ]  Starting optimization for tf=1.481818181818182
2019-02-28 20:29:00,840 [MainThread  ][DEBUG]  Optimization method: Nelder-Mead
2019-02-28 20:29:00,840 [MainThread  ][DEBUG]  Optimization options: None
2019-02-28 20:29:00,841 [MainThread  ][INFO ]  Initial parameter values: [0.80417718 0.74090909 0.63767619]
2019-02-28 20:29:40,588 [MainThread  ][INFO ]  Final fidelity: 0.9988286832984652
2019-02-28 20:29:40,589 [MainThread  ][INFO ]  Final parameters: [ 1.862648    0.98652829 -0.62410982]
2019-02-28 20:29:40,589 [MainThread  ][INFO ]  Fidelity: 0.9988286832984652
2019-02-28 20:29:40,589 [MainThread  ][INFO ]  ---- Starting iteration 74/100
2019-02-28 20:29:40,590 [MainThread  ][DEBUG]  Setting hyperparameter tf=1.501010101010101
2019-02-28 20:29:40,590 [MainThread  ][INFO ]  Starting optimization for tf=1.501010101010101
2019-02-28 20:29:40,590 [MainThread  ][DEBUG]  Optimization method: Nelder-Mead
2019-02-28 20:29:40,590 [MainThread  ][DEBUG]  Optimization options: None
2019-02-28 20:29:40,590 [MainThread  ][INFO ]  Initial parameter values: [1.28217137 0.75050505 1.53092509]
2019-02-28 20:30:32,094 [MainThread  ][INFO ]  Final fidelity: 0.9988335997315473
2019-02-28 20:30:32,100 [MainThread  ][INFO ]  Final parameters: [ 1.82971199  0.99729933 -0.57366568]
2019-02-28 20:30:32,100 [MainThread  ][INFO ]  Fidelity: 0.9988335997315473
2019-02-28 20:30:32,100 [MainThread  ][INFO ]  ---- Starting iteration 75/100
2019-02-28 20:30:32,100 [MainThread  ][DEBUG]  Setting hyperparameter tf=1.52020202020202
2019-02-28 20:30:32,100 [MainThread  ][INFO ]  Starting optimization for tf=1.52020202020202
2019-02-28 20:30:32,100 [MainThread  ][DEBUG]  Optimization method: Nelder-Mead
2019-02-28 20:30:32,100 [MainThread  ][DEBUG]  Optimization options: None
2019-02-28 20:30:32,101 [MainThread  ][INFO ]  Initial parameter values: [0.46549488 0.76010101 0.14135973]
2019-02-28 20:31:21,313 [MainThread  ][INFO ]  Final fidelity: 0.9988351937241031
2019-02-28 20:31:21,315 [MainThread  ][INFO ]  Final parameters: [ 1.79511816  1.01106405 -0.53460874]
2019-02-28 20:31:21,315 [MainThread  ][INFO ]  Fidelity: 0.9988351937241031
2019-02-28 20:31:21,315 [MainThread  ][INFO ]  ---- Starting iteration 76/100
2019-02-28 20:31:21,315 [MainThread  ][DEBUG]  Setting hyperparameter tf=1.5393939393939393
2019-02-28 20:31:21,315 [MainThread  ][INFO ]  Starting optimization for tf=1.5393939393939393
2019-02-28 20:31:21,315 [MainThread  ][DEBUG]  Optimization method: Nelder-Mead
2019-02-28 20:31:21,315 [MainThread  ][DEBUG]  Optimization options: None
2019-02-28 20:31:21,316 [MainThread  ][INFO ]  Initial parameter values: [1.37480441 0.76969697 1.07126769]
2019-02-28 20:32:07,903 [MainThread  ][INFO ]  Final fidelity: 0.998839745332526
2019-02-28 20:32:07,941 [MainThread  ][INFO ]  Final parameters: [ 1.76092358  1.02119957 -0.48301044]
2019-02-28 20:32:07,941 [MainThread  ][INFO ]  Fidelity: 0.998839745332526
2019-02-28 20:32:07,941 [MainThread  ][INFO ]  ---- Starting iteration 77/100
2019-02-28 20:32:07,941 [MainThread  ][DEBUG]  Setting hyperparameter tf=1.5585858585858585
2019-02-28 20:32:07,941 [MainThread  ][INFO ]  Starting optimization for tf=1.5585858585858585
2019-02-28 20:32:07,941 [MainThread  ][DEBUG]  Optimization method: Nelder-Mead
2019-02-28 20:32:07,941 [MainThread  ][DEBUG]  Optimization options: None
2019-02-28 20:32:07,942 [MainThread  ][INFO ]  Initial parameter values: [1.22639021 0.77929293 0.08367673]
2019-02-28 20:32:41,172 [MainThread  ][INFO ]  Final fidelity: 0.9964583203757421
2019-02-28 20:32:41,237 [MainThread  ][INFO ]  Final parameters: [1.99997498 0.73827539 0.08277071]
2019-02-28 20:32:41,238 [MainThread  ][INFO ]  Fidelity: 0.9964583203757421
2019-02-28 20:32:41,238 [MainThread  ][INFO ]  ---- Starting iteration 78/100
2019-02-28 20:32:41,238 [MainThread  ][DEBUG]  Setting hyperparameter tf=1.5777777777777777
2019-02-28 20:32:41,238 [MainThread  ][INFO ]  Starting optimization for tf=1.5777777777777777
2019-02-28 20:32:41,238 [MainThread  ][DEBUG]  Optimization method: Nelder-Mead
2019-02-28 20:32:41,238 [MainThread  ][DEBUG]  Optimization options: None
2019-02-28 20:32:41,238 [MainThread  ][INFO ]  Initial parameter values: [1.75342246 0.78888889 0.28971509]
2019-02-28 20:33:20,445 [MainThread  ][INFO ]  Final fidelity: 0.9988341815094144
2019-02-28 20:33:20,449 [MainThread  ][INFO ]  Final parameters: [ 1.9630023   0.85331727 -0.07578603]
2019-02-28 20:33:20,449 [MainThread  ][INFO ]  Fidelity: 0.9988341815094144
2019-02-28 20:33:20,449 [MainThread  ][INFO ]  ---- Starting iteration 79/100
2019-02-28 20:33:20,449 [MainThread  ][DEBUG]  Setting hyperparameter tf=1.596969696969697
2019-02-28 20:33:20,449 [MainThread  ][INFO ]  Starting optimization for tf=1.596969696969697
2019-02-28 20:33:20,449 [MainThread  ][DEBUG]  Optimization method: Nelder-Mead
2019-02-28 20:33:20,449 [MainThread  ][DEBUG]  Optimization options: None
2019-02-28 20:33:20,449 [MainThread  ][INFO ]  Initial parameter values: [1.8778724  0.79848485 1.77096307]
2019-02-28 20:34:09,206 [MainThread  ][INFO ]  Final fidelity: 0.9988658062267248
2019-02-28 20:34:09,215 [MainThread  ][INFO ]  Final parameters: [ 1.45877251  1.30388911 -1.35274201]
2019-02-28 20:34:09,216 [MainThread  ][INFO ]  Fidelity: 0.9988658062267248
2019-02-28 20:34:09,216 [MainThread  ][INFO ]  ---- Starting iteration 80/100
2019-02-28 20:34:09,216 [MainThread  ][DEBUG]  Setting hyperparameter tf=1.6161616161616161
2019-02-28 20:34:09,216 [MainThread  ][INFO ]  Starting optimization for tf=1.6161616161616161
2019-02-28 20:34:09,216 [MainThread  ][DEBUG]  Optimization method: Nelder-Mead
2019-02-28 20:34:09,216 [MainThread  ][DEBUG]  Optimization options: None
2019-02-28 20:34:09,216 [MainThread  ][INFO ]  Initial parameter values: [1.35423089 0.80808081 1.25203429]
2019-02-28 20:34:53,150 [MainThread  ][INFO ]  Final fidelity: 0.9988697774603497
2019-02-28 20:34:53,152 [MainThread  ][INFO ]  Final parameters: [ 1.43398621  1.32253504 -1.30739592]
2019-02-28 20:34:53,152 [MainThread  ][INFO ]  Fidelity: 0.9988697774603497
2019-02-28 20:34:53,152 [MainThread  ][INFO ]  ---- Starting iteration 81/100
2019-02-28 20:34:53,153 [MainThread  ][DEBUG]  Setting hyperparameter tf=1.6353535353535353
2019-02-28 20:34:53,153 [MainThread  ][INFO ]  Starting optimization for tf=1.6353535353535353
2019-02-28 20:34:53,153 [MainThread  ][DEBUG]  Optimization method: Nelder-Mead
2019-02-28 20:34:53,153 [MainThread  ][DEBUG]  Optimization options: None
2019-02-28 20:34:53,153 [MainThread  ][INFO ]  Initial parameter values: [0.09490709 0.81767677 0.72124427]
2019-02-28 20:35:24,444 [MainThread  ][INFO ]  Final fidelity: 0.8653729552993884
2019-02-28 20:35:24,448 [MainThread  ][INFO ]  Final parameters: [1.71487042e-01 1.66444122e-06 6.08745859e-01]
2019-02-28 20:35:24,448 [MainThread  ][INFO ]  Fidelity: 0.8653729552993884
2019-02-28 20:35:24,448 [MainThread  ][INFO ]  ---- Starting iteration 82/100
2019-02-28 20:35:24,448 [MainThread  ][DEBUG]  Setting hyperparameter tf=1.6545454545454545
2019-02-28 20:35:24,448 [MainThread  ][INFO ]  Starting optimization for tf=1.6545454545454545
2019-02-28 20:35:24,448 [MainThread  ][DEBUG]  Optimization method: Nelder-Mead
2019-02-28 20:35:24,448 [MainThread  ][DEBUG]  Optimization options: None
2019-02-28 20:35:24,448 [MainThread  ][INFO ]  Initial parameter values: [0.07838804 0.82727273 1.0618714 ]
2019-02-28 20:35:50,469 [MainThread  ][INFO ]  Final fidelity: 0.8679931967617996
2019-02-28 20:35:50,471 [MainThread  ][INFO ]  Final parameters: [1.52673546e-01 1.10351226e-05 6.13129553e-01]
2019-02-28 20:35:50,471 [MainThread  ][INFO ]  Fidelity: 0.8679931967617996
2019-02-28 20:35:50,471 [MainThread  ][INFO ]  ---- Starting iteration 83/100
2019-02-28 20:35:50,471 [MainThread  ][DEBUG]  Setting hyperparameter tf=1.6737373737373737
2019-02-28 20:35:50,472 [MainThread  ][INFO ]  Starting optimization for tf=1.6737373737373737
2019-02-28 20:35:50,472 [MainThread  ][DEBUG]  Optimization method: Nelder-Mead
2019-02-28 20:35:50,472 [MainThread  ][DEBUG]  Optimization options: None
2019-02-28 20:35:50,472 [MainThread  ][INFO ]  Initial parameter values: [0.53893014 0.83686869 0.20459328]
2019-02-28 20:36:33,753 [MainThread  ][INFO ]  Final fidelity: 0.9988501224643224
2019-02-28 20:36:33,754 [MainThread  ][INFO ]  Final parameters: [1.87206415 0.84962467 0.10308087]
2019-02-28 20:36:33,754 [MainThread  ][INFO ]  Fidelity: 0.9988501224643224
2019-02-28 20:36:33,754 [MainThread  ][INFO ]  ---- Starting iteration 84/100
2019-02-28 20:36:33,754 [MainThread  ][DEBUG]  Setting hyperparameter tf=1.692929292929293
2019-02-28 20:36:33,754 [MainThread  ][INFO ]  Starting optimization for tf=1.692929292929293
2019-02-28 20:36:33,754 [MainThread  ][DEBUG]  Optimization method: Nelder-Mead
2019-02-28 20:36:33,754 [MainThread  ][DEBUG]  Optimization options: None
2019-02-28 20:36:33,754 [MainThread  ][INFO ]  Initial parameter values: [1.19877074 0.84646465 1.49392039]
2019-02-28 20:37:27,414 [MainThread  ][INFO ]  Final fidelity: 0.9988867841032492
2019-02-28 20:37:27,417 [MainThread  ][INFO ]  Final parameters: [ 1.33347279  1.41638636 -1.26995448]
2019-02-28 20:37:27,417 [MainThread  ][INFO ]  Fidelity: 0.9988867841032492
2019-02-28 20:37:27,417 [MainThread  ][INFO ]  ---- Starting iteration 85/100
2019-02-28 20:37:27,418 [MainThread  ][DEBUG]  Setting hyperparameter tf=1.7121212121212122
2019-02-28 20:37:27,418 [MainThread  ][INFO ]  Starting optimization for tf=1.7121212121212122
2019-02-28 20:37:27,418 [MainThread  ][DEBUG]  Optimization method: Nelder-Mead
2019-02-28 20:37:27,418 [MainThread  ][DEBUG]  Optimization options: None
2019-02-28 20:37:27,418 [MainThread  ][INFO ]  Initial parameter values: [1.36814608 0.85606061 1.24902427]
2019-02-28 20:38:11,475 [MainThread  ][INFO ]  Final fidelity: 0.9988753345438227
2019-02-28 20:38:11,477 [MainThread  ][INFO ]  Final parameters: [ 1.39931667  1.28551301 -0.51531225]
2019-02-28 20:38:11,477 [MainThread  ][INFO ]  Fidelity: 0.9988753345438227
2019-02-28 20:38:11,477 [MainThread  ][INFO ]  ---- Starting iteration 86/100
2019-02-28 20:38:11,477 [MainThread  ][DEBUG]  Setting hyperparameter tf=1.7313131313131314
2019-02-28 20:38:11,477 [MainThread  ][INFO ]  Starting optimization for tf=1.7313131313131314
2019-02-28 20:38:11,477 [MainThread  ][DEBUG]  Optimization method: Nelder-Mead
2019-02-28 20:38:11,477 [MainThread  ][DEBUG]  Optimization options: None
2019-02-28 20:38:11,478 [MainThread  ][INFO ]  Initial parameter values: [1.03874178 0.86565657 0.2830516 ]
2019-02-28 20:38:49,318 [MainThread  ][INFO ]  Final fidelity: 0.9988583968112783
2019-02-28 20:38:49,322 [MainThread  ][INFO ]  Final parameters: [1.82589392 0.84320794 0.19138882]
2019-02-28 20:38:49,322 [MainThread  ][INFO ]  Fidelity: 0.9988583968112783
2019-02-28 20:38:49,322 [MainThread  ][INFO ]  ---- Starting iteration 87/100
2019-02-28 20:38:49,322 [MainThread  ][DEBUG]  Setting hyperparameter tf=1.7505050505050506
2019-02-28 20:38:49,322 [MainThread  ][INFO ]  Starting optimization for tf=1.7505050505050506
2019-02-28 20:38:49,322 [MainThread  ][DEBUG]  Optimization method: Nelder-Mead
2019-02-28 20:38:49,322 [MainThread  ][DEBUG]  Optimization options: None
2019-02-28 20:38:49,322 [MainThread  ][INFO ]  Initial parameter values: [0.29797571 0.87525253 1.59615244]
2019-02-28 20:39:44,307 [MainThread  ][INFO ]  Final fidelity: 0.9988839565031112
2019-02-28 20:39:44,309 [MainThread  ][INFO ]  Final parameters: [ 1.36501071  1.30862005 -0.42419634]
2019-02-28 20:39:44,310 [MainThread  ][INFO ]  Fidelity: 0.9988839565031112
2019-02-28 20:39:44,310 [MainThread  ][INFO ]  ---- Starting iteration 88/100
2019-02-28 20:39:44,310 [MainThread  ][DEBUG]  Setting hyperparameter tf=1.7696969696969698
2019-02-28 20:39:44,310 [MainThread  ][INFO ]  Starting optimization for tf=1.7696969696969698
2019-02-28 20:39:44,310 [MainThread  ][DEBUG]  Optimization method: Nelder-Mead
2019-02-28 20:39:44,310 [MainThread  ][DEBUG]  Optimization options: None
2019-02-28 20:39:44,310 [MainThread  ][INFO ]  Initial parameter values: [1.06214254 0.88484848 1.32060959]
2019-02-28 20:40:28,806 [MainThread  ][INFO ]  Final fidelity: 0.9988886602838137
2019-02-28 20:40:28,811 [MainThread  ][INFO ]  Final parameters: [ 1.33504039  1.34139584 -0.43711895]
2019-02-28 20:40:28,811 [MainThread  ][INFO ]  Fidelity: 0.9988886602838137
2019-02-28 20:40:28,811 [MainThread  ][INFO ]  ---- Starting iteration 89/100
2019-02-28 20:40:28,812 [MainThread  ][DEBUG]  Setting hyperparameter tf=1.7888888888888888
2019-02-28 20:40:28,812 [MainThread  ][INFO ]  Starting optimization for tf=1.7888888888888888
2019-02-28 20:40:28,812 [MainThread  ][DEBUG]  Optimization method: Nelder-Mead
2019-02-28 20:40:28,812 [MainThread  ][DEBUG]  Optimization options: None
2019-02-28 20:40:28,812 [MainThread  ][INFO ]  Initial parameter values: [0.04941273 0.89444444 1.33577423]
2019-02-28 20:41:05,566 [MainThread  ][INFO ]  Final fidelity: 0.8860849815963979
2019-02-28 20:41:05,568 [MainThread  ][INFO ]  Final parameters: [9.57089029e-02 5.89510321e-05 6.28034405e-01]
2019-02-28 20:41:05,568 [MainThread  ][INFO ]  Fidelity: 0.8860849815963979
2019-02-28 20:41:05,568 [MainThread  ][INFO ]  ---- Starting iteration 90/100
2019-02-28 20:41:05,569 [MainThread  ][DEBUG]  Setting hyperparameter tf=1.808080808080808
2019-02-28 20:41:05,569 [MainThread  ][INFO ]  Starting optimization for tf=1.808080808080808
2019-02-28 20:41:05,569 [MainThread  ][DEBUG]  Optimization method: Nelder-Mead
2019-02-28 20:41:05,569 [MainThread  ][DEBUG]  Optimization options: None
2019-02-28 20:41:05,569 [MainThread  ][INFO ]  Initial parameter values: [0.74637291 0.9040404  1.55070976]
2019-02-28 20:41:54,812 [MainThread  ][INFO ]  Final fidelity: 0.9989144570682191
2019-02-28 20:41:54,814 [MainThread  ][INFO ]  Final parameters: [ 1.19923268  1.59013109 -1.52933087]
2019-02-28 20:41:54,814 [MainThread  ][INFO ]  Fidelity: 0.9989144570682191
2019-02-28 20:41:54,814 [MainThread  ][INFO ]  ---- Starting iteration 91/100
2019-02-28 20:41:54,815 [MainThread  ][DEBUG]  Setting hyperparameter tf=1.8272727272727272
2019-02-28 20:41:54,815 [MainThread  ][INFO ]  Starting optimization for tf=1.8272727272727272
2019-02-28 20:41:54,815 [MainThread  ][DEBUG]  Optimization method: Nelder-Mead
2019-02-28 20:41:54,815 [MainThread  ][DEBUG]  Optimization options: None
2019-02-28 20:41:54,815 [MainThread  ][INFO ]  Initial parameter values: [0.24551981 0.91363636 1.9595464 ]
2019-02-28 20:42:38,621 [MainThread  ][INFO ]  Final fidelity: 0.8920516753223741
2019-02-28 20:42:38,623 [MainThread  ][INFO ]  Final parameters: [0.66679345 0.12052339 0.61989937]
2019-02-28 20:42:38,623 [MainThread  ][INFO ]  Fidelity: 0.8920516753223741
2019-02-28 20:42:38,623 [MainThread  ][INFO ]  ---- Starting iteration 92/100
2019-02-28 20:42:38,623 [MainThread  ][DEBUG]  Setting hyperparameter tf=1.8464646464646464
2019-02-28 20:42:38,623 [MainThread  ][INFO ]  Starting optimization for tf=1.8464646464646464
2019-02-28 20:42:38,624 [MainThread  ][DEBUG]  Optimization method: Nelder-Mead
2019-02-28 20:42:38,624 [MainThread  ][DEBUG]  Optimization options: None
2019-02-28 20:42:38,624 [MainThread  ][INFO ]  Initial parameter values: [0.03272316 0.92323232 0.13873481]
2019-02-28 20:43:25,512 [MainThread  ][INFO ]  Final fidelity: 0.8936638039902293
2019-02-28 20:43:25,515 [MainThread  ][INFO ]  Final parameters: [1.08051903e-02 1.49184508e-05 6.39566071e-01]
2019-02-28 20:43:25,515 [MainThread  ][INFO ]  Fidelity: 0.8936638039902293
2019-02-28 20:43:25,515 [MainThread  ][INFO ]  ---- Starting iteration 93/100
2019-02-28 20:43:25,515 [MainThread  ][DEBUG]  Setting hyperparameter tf=1.8656565656565656
2019-02-28 20:43:25,515 [MainThread  ][INFO ]  Starting optimization for tf=1.8656565656565656
2019-02-28 20:43:25,515 [MainThread  ][DEBUG]  Optimization method: Nelder-Mead
2019-02-28 20:43:25,516 [MainThread  ][DEBUG]  Optimization options: None
2019-02-28 20:43:25,516 [MainThread  ][INFO ]  Initial parameter values: [0.06908084 0.93282828 0.02835469]
2019-02-28 20:44:17,420 [MainThread  ][INFO ]  Final fidelity: 0.9988837011282335
2019-02-28 20:44:17,420 [MainThread  ][INFO ]  Final parameters: [1.45675583 1.08427631 0.18905008]
2019-02-28 20:44:17,420 [MainThread  ][INFO ]  Fidelity: 0.9988837011282335
2019-02-28 20:44:17,420 [MainThread  ][INFO ]  ---- Starting iteration 94/100
2019-02-28 20:44:17,420 [MainThread  ][DEBUG]  Setting hyperparameter tf=1.8848484848484848
2019-02-28 20:44:17,420 [MainThread  ][INFO ]  Starting optimization for tf=1.8848484848484848
2019-02-28 20:44:17,420 [MainThread  ][DEBUG]  Optimization method: Nelder-Mead
2019-02-28 20:44:17,420 [MainThread  ][DEBUG]  Optimization options: None
2019-02-28 20:44:17,421 [MainThread  ][INFO ]  Initial parameter values: [0.81230998 0.94242424 1.98217973]
2019-02-28 20:44:58,016 [MainThread  ][INFO ]  Final fidelity: 0.9989224954075339
2019-02-28 20:44:58,019 [MainThread  ][INFO ]  Final parameters: [ 1.16306463  1.60912573 -0.90259482]
2019-02-28 20:44:58,019 [MainThread  ][INFO ]  Fidelity: 0.9989224954075339
2019-02-28 20:44:58,019 [MainThread  ][INFO ]  ---- Starting iteration 95/100
2019-02-28 20:44:58,020 [MainThread  ][DEBUG]  Setting hyperparameter tf=1.904040404040404
2019-02-28 20:44:58,020 [MainThread  ][INFO ]  Starting optimization for tf=1.904040404040404
2019-02-28 20:44:58,020 [MainThread  ][DEBUG]  Optimization method: Nelder-Mead
2019-02-28 20:44:58,020 [MainThread  ][DEBUG]  Optimization options: None
2019-02-28 20:44:58,020 [MainThread  ][INFO ]  Initial parameter values: [1.07264648 0.9520202  0.71826837]
2019-02-28 20:45:32,314 [MainThread  ][INFO ]  Final fidelity: 0.9988955818852158
2019-02-28 20:45:32,318 [MainThread  ][INFO ]  Final parameters: [1.33220704 1.22972268 0.11704032]
2019-02-28 20:45:32,318 [MainThread  ][INFO ]  Fidelity: 0.9988955818852158
2019-02-28 20:45:32,318 [MainThread  ][INFO ]  ---- Starting iteration 96/100
2019-02-28 20:45:32,318 [MainThread  ][DEBUG]  Setting hyperparameter tf=1.9232323232323232
2019-02-28 20:45:32,318 [MainThread  ][INFO ]  Starting optimization for tf=1.9232323232323232
2019-02-28 20:45:32,318 [MainThread  ][DEBUG]  Optimization method: Nelder-Mead
2019-02-28 20:45:32,318 [MainThread  ][DEBUG]  Optimization options: None
2019-02-28 20:45:32,318 [MainThread  ][INFO ]  Initial parameter values: [1.77997477 0.96161616 0.69305852]
2019-02-28 20:46:07,208 [MainThread  ][INFO ]  Final fidelity: 0.9988935377424135
2019-02-28 20:46:07,209 [MainThread  ][INFO ]  Final parameters: [1.88956566 0.69387111 0.44994357]
2019-02-28 20:46:07,209 [MainThread  ][INFO ]  Fidelity: 0.9988935377424135
2019-02-28 20:46:07,209 [MainThread  ][INFO ]  ---- Starting iteration 97/100
2019-02-28 20:46:07,210 [MainThread  ][DEBUG]  Setting hyperparameter tf=1.9424242424242424
2019-02-28 20:46:07,210 [MainThread  ][INFO ]  Starting optimization for tf=1.9424242424242424
2019-02-28 20:46:07,210 [MainThread  ][DEBUG]  Optimization method: Nelder-Mead
2019-02-28 20:46:07,210 [MainThread  ][DEBUG]  Optimization options: None
2019-02-28 20:46:07,210 [MainThread  ][INFO ]  Initial parameter values: [0.74933837 0.97121212 0.91542091]
2019-02-28 20:46:39,550 [MainThread  ][INFO ]  Final fidelity: 0.9989239737121873
2019-02-28 20:46:39,555 [MainThread  ][INFO ]  Final parameters: [ 1.1521322   1.58507393 -0.44036013]
2019-02-28 20:46:39,555 [MainThread  ][INFO ]  Fidelity: 0.9989239737121873
2019-02-28 20:46:39,555 [MainThread  ][INFO ]  ---- Starting iteration 98/100
2019-02-28 20:46:39,555 [MainThread  ][DEBUG]  Setting hyperparameter tf=1.9616161616161616
2019-02-28 20:46:39,555 [MainThread  ][INFO ]  Starting optimization for tf=1.9616161616161616
2019-02-28 20:46:39,555 [MainThread  ][DEBUG]  Optimization method: Nelder-Mead
2019-02-28 20:46:39,555 [MainThread  ][DEBUG]  Optimization options: None
2019-02-28 20:46:39,556 [MainThread  ][INFO ]  Initial parameter values: [1.1561875  0.98080808 1.38746146]
2019-02-28 20:47:22,918 [MainThread  ][INFO ]  Final fidelity: 0.998927023066028
2019-02-28 20:47:22,921 [MainThread  ][INFO ]  Final parameters: [ 1.13787827  1.60264131 -0.40652904]
2019-02-28 20:47:22,921 [MainThread  ][INFO ]  Fidelity: 0.998927023066028
2019-02-28 20:47:22,921 [MainThread  ][INFO ]  ---- Starting iteration 99/100
2019-02-28 20:47:22,921 [MainThread  ][DEBUG]  Setting hyperparameter tf=1.9808080808080808
2019-02-28 20:47:22,922 [MainThread  ][INFO ]  Starting optimization for tf=1.9808080808080808
2019-02-28 20:47:22,922 [MainThread  ][DEBUG]  Optimization method: Nelder-Mead
2019-02-28 20:47:22,922 [MainThread  ][DEBUG]  Optimization options: None
2019-02-28 20:47:22,922 [MainThread  ][INFO ]  Initial parameter values: [1.45635687 0.99040404 1.01105771]
2019-02-28 20:48:02,913 [MainThread  ][INFO ]  Final fidelity: 0.9989133908505162
2019-02-28 20:48:02,918 [MainThread  ][INFO ]  Final parameters: [1.22442345 1.36737574 0.10596856]
2019-02-28 20:48:02,918 [MainThread  ][INFO ]  Fidelity: 0.9989133908505162
2019-02-28 20:48:02,918 [MainThread  ][INFO ]  ---- Starting iteration 100/100
2019-02-28 20:48:02,918 [MainThread  ][DEBUG]  Setting hyperparameter tf=2.0
2019-02-28 20:48:02,919 [MainThread  ][INFO ]  Starting optimization for tf=2.0
2019-02-28 20:48:02,919 [MainThread  ][DEBUG]  Optimization method: Nelder-Mead
2019-02-28 20:48:02,919 [MainThread  ][DEBUG]  Optimization options: None
2019-02-28 20:48:02,919 [MainThread  ][INFO ]  Initial parameter values: [1.6669468  1.         1.66149391]
2019-02-28 20:48:55,281 [MainThread  ][INFO ]  Final fidelity: 0.998947633824076
2019-02-28 20:48:55,288 [MainThread  ][INFO ]  Final parameters: [ 1.08323437  1.74559418 -0.8306844 ]
2019-02-28 20:48:55,288 [MainThread  ][INFO ]  Fidelity: 0.998947633824076
