2019-02-28 19:24:28,590 [MainThread  ][INFO ]  Output file name will be "lmg_doublebang_powell_100spins.csv"
2019-02-28 19:24:28,689 [MainThread  ][INFO ]  Using doublebang protocol ansatz.
2019-02-28 19:24:28,689 [MainThread  ][DEBUG]  Initializing ProtocolAnsatz instance "doublebang"
2019-02-28 19:24:28,689 [MainThread  ][INFO ]  Using parameters constraints: [[-2.0, 2.0], [None, None], [-2.0, 2.0]]
2019-02-28 19:24:28,689 [MainThread  ][INFO ]  Using total height constraint: None
2019-02-28 19:24:28,689 [MainThread  ][INFO ]  ---- Starting iteration 1/100
2019-02-28 19:24:28,695 [MainThread  ][DEBUG]  Setting hyperparameter tf=0.1
2019-02-28 19:24:28,695 [MainThread  ][INFO ]  Starting optimization for tf=0.1
2019-02-28 19:24:28,695 [MainThread  ][DEBUG]  Optimization method: Powell
2019-02-28 19:24:28,695 [MainThread  ][DEBUG]  Optimization options: None
2019-02-28 19:24:28,695 [MainThread  ][INFO ]  Initial parameter values: [1.98591726 0.05       0.9919336 ]
2019-02-28 19:25:17,865 [MainThread  ][INFO ]  Final fidelity: 0.757208856264375
2019-02-28 19:25:17,867 [MainThread  ][INFO ]  Final parameters: [ 1.99997923  0.06020344 -1.99994662]
2019-02-28 19:25:17,867 [MainThread  ][INFO ]  Fidelity: 0.757208856264375
2019-02-28 19:25:17,867 [MainThread  ][INFO ]  ---- Starting iteration 2/100
2019-02-28 19:25:17,867 [MainThread  ][DEBUG]  Setting hyperparameter tf=0.1191919191919192
2019-02-28 19:25:17,867 [MainThread  ][INFO ]  Starting optimization for tf=0.1191919191919192
2019-02-28 19:25:17,867 [MainThread  ][DEBUG]  Optimization method: Powell
2019-02-28 19:25:17,867 [MainThread  ][DEBUG]  Optimization options: None
2019-02-28 19:25:17,867 [MainThread  ][INFO ]  Initial parameter values: [0.31261296 0.05959596 1.02970557]
2019-02-28 19:26:14,678 [MainThread  ][INFO ]  Final fidelity: 0.758494369213204
2019-02-28 19:26:14,679 [MainThread  ][INFO ]  Final parameters: [ 1.99990776  0.07170849 -1.99999993]
2019-02-28 19:26:14,679 [MainThread  ][INFO ]  Fidelity: 0.758494369213204
2019-02-28 19:26:14,679 [MainThread  ][INFO ]  ---- Starting iteration 3/100
2019-02-28 19:26:14,679 [MainThread  ][DEBUG]  Setting hyperparameter tf=0.1383838383838384
2019-02-28 19:26:14,679 [MainThread  ][INFO ]  Starting optimization for tf=0.1383838383838384
2019-02-28 19:26:14,679 [MainThread  ][DEBUG]  Optimization method: Powell
2019-02-28 19:26:14,679 [MainThread  ][DEBUG]  Optimization options: None
2019-02-28 19:26:14,680 [MainThread  ][INFO ]  Initial parameter values: [1.80748401 0.06919192 1.0601495 ]
2019-02-28 19:27:09,814 [MainThread  ][INFO ]  Final fidelity: 0.7599981677367585
2019-02-28 19:27:09,824 [MainThread  ][INFO ]  Final parameters: [ 1.99997536  0.08328643 -1.99999443]
2019-02-28 19:27:09,825 [MainThread  ][INFO ]  Fidelity: 0.7599981677367585
2019-02-28 19:27:09,825 [MainThread  ][INFO ]  ---- Starting iteration 4/100
2019-02-28 19:27:09,825 [MainThread  ][DEBUG]  Setting hyperparameter tf=0.1575757575757576
2019-02-28 19:27:09,825 [MainThread  ][INFO ]  Starting optimization for tf=0.1575757575757576
2019-02-28 19:27:09,825 [MainThread  ][DEBUG]  Optimization method: Powell
2019-02-28 19:27:09,825 [MainThread  ][DEBUG]  Optimization options: None
2019-02-28 19:27:09,825 [MainThread  ][INFO ]  Initial parameter values: [0.90249947 0.07878788 0.0704471 ]
2019-02-28 19:28:09,070 [MainThread  ][INFO ]  Final fidelity: 0.7617258120006823
2019-02-28 19:28:09,107 [MainThread  ][INFO ]  Final parameters: [ 1.99999696  0.0951553  -1.99996368]
2019-02-28 19:28:09,107 [MainThread  ][INFO ]  Fidelity: 0.7617258120006823
2019-02-28 19:28:09,107 [MainThread  ][INFO ]  ---- Starting iteration 5/100
2019-02-28 19:28:09,107 [MainThread  ][DEBUG]  Setting hyperparameter tf=0.17676767676767677
2019-02-28 19:28:09,107 [MainThread  ][INFO ]  Starting optimization for tf=0.17676767676767677
2019-02-28 19:28:09,107 [MainThread  ][DEBUG]  Optimization method: Powell
2019-02-28 19:28:09,107 [MainThread  ][DEBUG]  Optimization options: None
2019-02-28 19:28:09,107 [MainThread  ][INFO ]  Initial parameter values: [1.8228037  0.08838384 0.56490652]
2019-02-28 19:29:36,714 [MainThread  ][INFO ]  Final fidelity: 0.7636743211022513
2019-02-28 19:29:36,714 [MainThread  ][INFO ]  Final parameters: [ 1.99999993  0.10694621 -1.99994311]
2019-02-28 19:29:36,715 [MainThread  ][INFO ]  Fidelity: 0.7636743211022513
2019-02-28 19:29:36,715 [MainThread  ][INFO ]  ---- Starting iteration 6/100
2019-02-28 19:29:36,715 [MainThread  ][DEBUG]  Setting hyperparameter tf=0.19595959595959594
2019-02-28 19:29:36,715 [MainThread  ][INFO ]  Starting optimization for tf=0.19595959595959594
2019-02-28 19:29:36,715 [MainThread  ][DEBUG]  Optimization method: Powell
2019-02-28 19:29:36,715 [MainThread  ][DEBUG]  Optimization options: None
2019-02-28 19:29:36,715 [MainThread  ][INFO ]  Initial parameter values: [0.53916978 0.0979798  0.13474873]
2019-02-28 19:30:59,194 [MainThread  ][INFO ]  Final fidelity: 0.7658368223299268
2019-02-28 19:30:59,196 [MainThread  ][INFO ]  Final parameters: [ 1.99999998  0.11864262 -1.99999991]
2019-02-28 19:30:59,196 [MainThread  ][INFO ]  Fidelity: 0.7658368223299268
2019-02-28 19:30:59,196 [MainThread  ][INFO ]  ---- Starting iteration 7/100
2019-02-28 19:30:59,196 [MainThread  ][DEBUG]  Setting hyperparameter tf=0.21515151515151515
2019-02-28 19:30:59,196 [MainThread  ][INFO ]  Starting optimization for tf=0.21515151515151515
2019-02-28 19:30:59,196 [MainThread  ][DEBUG]  Optimization method: Powell
2019-02-28 19:30:59,196 [MainThread  ][DEBUG]  Optimization options: None
2019-02-28 19:30:59,197 [MainThread  ][INFO ]  Initial parameter values: [1.82809335 0.10757576 1.76259809]
2019-02-28 19:32:20,390 [MainThread  ][INFO ]  Final fidelity: 0.7682159353494593
2019-02-28 19:32:20,403 [MainThread  ][INFO ]  Final parameters: [ 1.99990167  0.13066593 -2.        ]
2019-02-28 19:32:20,403 [MainThread  ][INFO ]  Fidelity: 0.7682159353494593
2019-02-28 19:32:20,403 [MainThread  ][INFO ]  ---- Starting iteration 8/100
2019-02-28 19:32:20,403 [MainThread  ][DEBUG]  Setting hyperparameter tf=0.23434343434343433
2019-02-28 19:32:20,403 [MainThread  ][INFO ]  Starting optimization for tf=0.23434343434343433
2019-02-28 19:32:20,404 [MainThread  ][DEBUG]  Optimization method: Powell
2019-02-28 19:32:20,404 [MainThread  ][DEBUG]  Optimization options: None
2019-02-28 19:32:20,404 [MainThread  ][INFO ]  Initial parameter values: [0.03754442 0.11717172 0.79679429]
2019-02-28 19:33:22,434 [MainThread  ][INFO ]  Final fidelity: 0.7708109865540296
2019-02-28 19:33:22,435 [MainThread  ][INFO ]  Final parameters: [ 1.99999936  0.14249769 -1.99999523]
2019-02-28 19:33:22,435 [MainThread  ][INFO ]  Fidelity: 0.7708109865540296
2019-02-28 19:33:22,435 [MainThread  ][INFO ]  ---- Starting iteration 9/100
2019-02-28 19:33:22,435 [MainThread  ][DEBUG]  Setting hyperparameter tf=0.2535353535353535
2019-02-28 19:33:22,435 [MainThread  ][INFO ]  Starting optimization for tf=0.2535353535353535
2019-02-28 19:33:22,435 [MainThread  ][DEBUG]  Optimization method: Powell
2019-02-28 19:33:22,435 [MainThread  ][DEBUG]  Optimization options: None
2019-02-28 19:33:22,435 [MainThread  ][INFO ]  Initial parameter values: [0.90241616 0.12676768 0.2364788 ]
2019-02-28 19:34:40,297 [MainThread  ][INFO ]  Final fidelity: 0.7736132364200085
2019-02-28 19:34:40,298 [MainThread  ][INFO ]  Final parameters: [ 1.99999998  0.15455023 -1.9999995 ]
2019-02-28 19:34:40,298 [MainThread  ][INFO ]  Fidelity: 0.7736132364200085
2019-02-28 19:34:40,298 [MainThread  ][INFO ]  ---- Starting iteration 10/100
2019-02-28 19:34:40,298 [MainThread  ][DEBUG]  Setting hyperparameter tf=0.2727272727272727
2019-02-28 19:34:40,298 [MainThread  ][INFO ]  Starting optimization for tf=0.2727272727272727
2019-02-28 19:34:40,298 [MainThread  ][DEBUG]  Optimization method: Powell
2019-02-28 19:34:40,298 [MainThread  ][DEBUG]  Optimization options: None
2019-02-28 19:34:40,299 [MainThread  ][INFO ]  Initial parameter values: [0.96519478 0.13636364 0.97218123]
2019-02-28 19:35:34,195 [MainThread  ][INFO ]  Final fidelity: 0.7766231424493424
2019-02-28 19:35:34,208 [MainThread  ][INFO ]  Final parameters: [ 1.99999854  0.166773   -1.99999269]
2019-02-28 19:35:34,209 [MainThread  ][INFO ]  Fidelity: 0.7766231424493424
2019-02-28 19:35:34,209 [MainThread  ][INFO ]  ---- Starting iteration 11/100
2019-02-28 19:35:34,209 [MainThread  ][DEBUG]  Setting hyperparameter tf=0.2919191919191919
2019-02-28 19:35:34,209 [MainThread  ][INFO ]  Starting optimization for tf=0.2919191919191919
2019-02-28 19:35:34,209 [MainThread  ][DEBUG]  Optimization method: Powell
2019-02-28 19:35:34,209 [MainThread  ][DEBUG]  Optimization options: None
2019-02-28 19:35:34,209 [MainThread  ][INFO ]  Initial parameter values: [0.26249041 0.1459596  0.46082893]
2019-02-28 19:37:06,308 [MainThread  ][INFO ]  Final fidelity: 0.7798401329243532
2019-02-28 19:37:06,309 [MainThread  ][INFO ]  Final parameters: [ 2.          0.17860133 -1.9999999 ]
2019-02-28 19:37:06,309 [MainThread  ][INFO ]  Fidelity: 0.7798401329243532
2019-02-28 19:37:06,309 [MainThread  ][INFO ]  ---- Starting iteration 12/100
2019-02-28 19:37:06,309 [MainThread  ][DEBUG]  Setting hyperparameter tf=0.3111111111111111
2019-02-28 19:37:06,309 [MainThread  ][INFO ]  Starting optimization for tf=0.3111111111111111
2019-02-28 19:37:06,310 [MainThread  ][DEBUG]  Optimization method: Powell
2019-02-28 19:37:06,310 [MainThread  ][DEBUG]  Optimization options: None
2019-02-28 19:37:06,310 [MainThread  ][INFO ]  Initial parameter values: [0.6558055  0.15555556 0.82672981]
2019-02-28 19:38:10,454 [MainThread  ][INFO ]  Final fidelity: 0.7803188222572565
2019-02-28 19:38:10,454 [MainThread  ][INFO ]  Final parameters: [ 1.68832431  0.20331603 -2.        ]
2019-02-28 19:38:10,454 [MainThread  ][INFO ]  Fidelity: 0.7803188222572565
2019-02-28 19:38:10,454 [MainThread  ][INFO ]  ---- Starting iteration 13/100
2019-02-28 19:38:10,454 [MainThread  ][DEBUG]  Setting hyperparameter tf=0.3303030303030303
2019-02-28 19:38:10,454 [MainThread  ][INFO ]  Starting optimization for tf=0.3303030303030303
2019-02-28 19:38:10,454 [MainThread  ][DEBUG]  Optimization method: Powell
2019-02-28 19:38:10,455 [MainThread  ][DEBUG]  Optimization options: None
2019-02-28 19:38:10,455 [MainThread  ][INFO ]  Initial parameter values: [1.60127343 0.16515152 0.85746518]
2019-02-28 19:39:22,896 [MainThread  ][INFO ]  Final fidelity: 0.7868692563256152
2019-02-28 19:39:22,898 [MainThread  ][INFO ]  Final parameters: [ 1.99999469  0.20359485 -2.        ]
2019-02-28 19:39:22,898 [MainThread  ][INFO ]  Fidelity: 0.7868692563256152
2019-02-28 19:39:22,898 [MainThread  ][INFO ]  ---- Starting iteration 14/100
2019-02-28 19:39:22,898 [MainThread  ][DEBUG]  Setting hyperparameter tf=0.3494949494949495
2019-02-28 19:39:22,898 [MainThread  ][INFO ]  Starting optimization for tf=0.3494949494949495
2019-02-28 19:39:22,898 [MainThread  ][DEBUG]  Optimization method: Powell
2019-02-28 19:39:22,898 [MainThread  ][DEBUG]  Optimization options: None
2019-02-28 19:39:22,898 [MainThread  ][INFO ]  Initial parameter values: [1.69980372 0.17474747 0.55015135]
2019-02-28 19:41:01,406 [MainThread  ][INFO ]  Final fidelity: 0.7906770149098518
2019-02-28 19:41:01,408 [MainThread  ][INFO ]  Final parameters: [ 1.99999997  0.21587654 -1.99999995]
2019-02-28 19:41:01,408 [MainThread  ][INFO ]  Fidelity: 0.7906770149098518
2019-02-28 19:41:01,408 [MainThread  ][INFO ]  ---- Starting iteration 15/100
2019-02-28 19:41:01,408 [MainThread  ][DEBUG]  Setting hyperparameter tf=0.3686868686868686
2019-02-28 19:41:01,409 [MainThread  ][INFO ]  Starting optimization for tf=0.3686868686868686
2019-02-28 19:41:01,409 [MainThread  ][DEBUG]  Optimization method: Powell
2019-02-28 19:41:01,409 [MainThread  ][DEBUG]  Optimization options: None
2019-02-28 19:41:01,409 [MainThread  ][INFO ]  Initial parameter values: [1.44271116 0.18434343 0.10098763]
2019-02-28 19:42:41,749 [MainThread  ][INFO ]  Final fidelity: 0.794668641081534
2019-02-28 19:42:41,751 [MainThread  ][INFO ]  Final parameters: [ 2.          0.22829375 -1.99999998]
2019-02-28 19:42:41,751 [MainThread  ][INFO ]  Fidelity: 0.794668641081534
2019-02-28 19:42:41,751 [MainThread  ][INFO ]  ---- Starting iteration 16/100
2019-02-28 19:42:41,751 [MainThread  ][DEBUG]  Setting hyperparameter tf=0.3878787878787878
2019-02-28 19:42:41,751 [MainThread  ][INFO ]  Starting optimization for tf=0.3878787878787878
2019-02-28 19:42:41,752 [MainThread  ][DEBUG]  Optimization method: Powell
2019-02-28 19:42:41,752 [MainThread  ][DEBUG]  Optimization options: None
2019-02-28 19:42:41,752 [MainThread  ][INFO ]  Initial parameter values: [0.52993376 0.19393939 0.53832504]
2019-02-28 19:44:23,549 [MainThread  ][INFO ]  Final fidelity: 0.798844139902048
2019-02-28 19:44:23,550 [MainThread  ][INFO ]  Final parameters: [ 2.          0.24124829 -1.99999998]
2019-02-28 19:44:23,550 [MainThread  ][INFO ]  Fidelity: 0.798844139902048
2019-02-28 19:44:23,550 [MainThread  ][INFO ]  ---- Starting iteration 17/100
2019-02-28 19:44:23,550 [MainThread  ][DEBUG]  Setting hyperparameter tf=0.407070707070707
2019-02-28 19:44:23,551 [MainThread  ][INFO ]  Starting optimization for tf=0.407070707070707
2019-02-28 19:44:23,551 [MainThread  ][DEBUG]  Optimization method: Powell
2019-02-28 19:44:23,551 [MainThread  ][DEBUG]  Optimization options: None
2019-02-28 19:44:23,551 [MainThread  ][INFO ]  Initial parameter values: [0.94875912 0.20353535 1.58967417]
2019-02-28 19:45:47,304 [MainThread  ][INFO ]  Final fidelity: 0.8031982544572331
2019-02-28 19:45:47,306 [MainThread  ][INFO ]  Final parameters: [ 1.99999291  0.25401642 -1.99999996]
2019-02-28 19:45:47,306 [MainThread  ][INFO ]  Fidelity: 0.8031982544572331
2019-02-28 19:45:47,306 [MainThread  ][INFO ]  ---- Starting iteration 18/100
2019-02-28 19:45:47,306 [MainThread  ][DEBUG]  Setting hyperparameter tf=0.42626262626262623
2019-02-28 19:45:47,307 [MainThread  ][INFO ]  Starting optimization for tf=0.42626262626262623
2019-02-28 19:45:47,307 [MainThread  ][DEBUG]  Optimization method: Powell
2019-02-28 19:45:47,307 [MainThread  ][DEBUG]  Optimization options: None
2019-02-28 19:45:47,307 [MainThread  ][INFO ]  Initial parameter values: [1.55873634 0.21313131 1.4204779 ]
2019-02-28 19:47:06,571 [MainThread  ][INFO ]  Final fidelity: 0.8077195433213739
2019-02-28 19:47:06,573 [MainThread  ][INFO ]  Final parameters: [ 1.999998    0.26673698 -1.99999991]
2019-02-28 19:47:06,573 [MainThread  ][INFO ]  Fidelity: 0.8077195433213739
2019-02-28 19:47:06,573 [MainThread  ][INFO ]  ---- Starting iteration 19/100
2019-02-28 19:47:06,573 [MainThread  ][DEBUG]  Setting hyperparameter tf=0.44545454545454544
2019-02-28 19:47:06,573 [MainThread  ][INFO ]  Starting optimization for tf=0.44545454545454544
2019-02-28 19:47:06,573 [MainThread  ][DEBUG]  Optimization method: Powell
2019-02-28 19:47:06,573 [MainThread  ][DEBUG]  Optimization options: None
2019-02-28 19:47:06,574 [MainThread  ][INFO ]  Initial parameter values: [1.18516581 0.22272727 1.96875579]
2019-02-28 19:48:37,178 [MainThread  ][INFO ]  Final fidelity: 0.8124059329073595
2019-02-28 19:48:37,180 [MainThread  ][INFO ]  Final parameters: [ 1.99999999  0.28034403 -1.99999996]
2019-02-28 19:48:37,180 [MainThread  ][INFO ]  Fidelity: 0.8124059329073595
2019-02-28 19:48:37,180 [MainThread  ][INFO ]  ---- Starting iteration 20/100
2019-02-28 19:48:37,180 [MainThread  ][DEBUG]  Setting hyperparameter tf=0.46464646464646464
2019-02-28 19:48:37,180 [MainThread  ][INFO ]  Starting optimization for tf=0.46464646464646464
2019-02-28 19:48:37,180 [MainThread  ][DEBUG]  Optimization method: Powell
2019-02-28 19:48:37,180 [MainThread  ][DEBUG]  Optimization options: None
2019-02-28 19:48:37,180 [MainThread  ][INFO ]  Initial parameter values: [0.43334957 0.23232323 1.93815086]
2019-02-28 19:50:26,774 [MainThread  ][INFO ]  Final fidelity: 0.8172491052102431
2019-02-28 19:50:26,775 [MainThread  ][INFO ]  Final parameters: [ 1.99999991  0.29306336 -1.99999995]
2019-02-28 19:50:26,775 [MainThread  ][INFO ]  Fidelity: 0.8172491052102431
2019-02-28 19:50:26,775 [MainThread  ][INFO ]  ---- Starting iteration 21/100
2019-02-28 19:50:26,775 [MainThread  ][DEBUG]  Setting hyperparameter tf=0.48383838383838385
2019-02-28 19:50:26,775 [MainThread  ][INFO ]  Starting optimization for tf=0.48383838383838385
2019-02-28 19:50:26,775 [MainThread  ][DEBUG]  Optimization method: Powell
2019-02-28 19:50:26,775 [MainThread  ][DEBUG]  Optimization options: None
2019-02-28 19:50:26,776 [MainThread  ][INFO ]  Initial parameter values: [0.55400982 0.24191919 1.33877416]
2019-02-28 19:51:14,780 [MainThread  ][INFO ]  Final fidelity: 0.817588530333402
2019-02-28 19:51:14,781 [MainThread  ][INFO ]  Final parameters: [ 1.98428598  0.33316946 -1.99999969]
2019-02-28 19:51:14,781 [MainThread  ][INFO ]  Fidelity: 0.817588530333402
2019-02-28 19:51:14,781 [MainThread  ][INFO ]  ---- Starting iteration 22/100
2019-02-28 19:51:14,782 [MainThread  ][DEBUG]  Setting hyperparameter tf=0.503030303030303
2019-02-28 19:51:14,782 [MainThread  ][INFO ]  Starting optimization for tf=0.503030303030303
2019-02-28 19:51:14,782 [MainThread  ][DEBUG]  Optimization method: Powell
2019-02-28 19:51:14,782 [MainThread  ][DEBUG]  Optimization options: None
2019-02-28 19:51:14,782 [MainThread  ][INFO ]  Initial parameter values: [0.98726444 0.25151515 1.0019029 ]
2019-02-28 19:52:23,337 [MainThread  ][INFO ]  Final fidelity: 0.7989226970538377
2019-02-28 19:52:23,337 [MainThread  ][INFO ]  Final parameters: [ 1.18151985  0.4154337  -2.        ]
2019-02-28 19:52:23,338 [MainThread  ][INFO ]  Fidelity: 0.7989226970538377
2019-02-28 19:52:23,338 [MainThread  ][INFO ]  ---- Starting iteration 23/100
2019-02-28 19:52:23,338 [MainThread  ][DEBUG]  Setting hyperparameter tf=0.5222222222222221
2019-02-28 19:52:23,338 [MainThread  ][INFO ]  Starting optimization for tf=0.5222222222222221
2019-02-28 19:52:23,338 [MainThread  ][DEBUG]  Optimization method: Powell
2019-02-28 19:52:23,338 [MainThread  ][DEBUG]  Optimization options: None
2019-02-28 19:52:23,338 [MainThread  ][INFO ]  Initial parameter values: [1.63568979 0.26111111 1.84252754]
2019-02-28 19:53:38,037 [MainThread  ][INFO ]  Final fidelity: 0.8326299863248894
2019-02-28 19:53:38,038 [MainThread  ][INFO ]  Final parameters: [ 1.99999996  0.33387845 -1.99999994]
2019-02-28 19:53:38,038 [MainThread  ][INFO ]  Fidelity: 0.8326299863248894
2019-02-28 19:53:38,038 [MainThread  ][INFO ]  ---- Starting iteration 24/100
2019-02-28 19:53:38,038 [MainThread  ][DEBUG]  Setting hyperparameter tf=0.5414141414141413
2019-02-28 19:53:38,038 [MainThread  ][INFO ]  Starting optimization for tf=0.5414141414141413
2019-02-28 19:53:38,038 [MainThread  ][DEBUG]  Optimization method: Powell
2019-02-28 19:53:38,038 [MainThread  ][DEBUG]  Optimization options: None
2019-02-28 19:53:38,039 [MainThread  ][INFO ]  Initial parameter values: [1.36897443 0.27070707 1.06797391]
2019-02-28 19:55:18,443 [MainThread  ][INFO ]  Final fidelity: 0.8380154967120708
2019-02-28 19:55:18,445 [MainThread  ][INFO ]  Final parameters: [ 1.99999992  0.34754196 -1.99999993]
2019-02-28 19:55:18,445 [MainThread  ][INFO ]  Fidelity: 0.8380154967120708
2019-02-28 19:55:18,445 [MainThread  ][INFO ]  ---- Starting iteration 25/100
2019-02-28 19:55:18,445 [MainThread  ][DEBUG]  Setting hyperparameter tf=0.5606060606060606
2019-02-28 19:55:18,445 [MainThread  ][INFO ]  Starting optimization for tf=0.5606060606060606
2019-02-28 19:55:18,445 [MainThread  ][DEBUG]  Optimization method: Powell
2019-02-28 19:55:18,445 [MainThread  ][DEBUG]  Optimization options: None
2019-02-28 19:55:18,446 [MainThread  ][INFO ]  Initial parameter values: [0.87752801 0.28030303 1.27374074]
2019-02-28 19:56:48,492 [MainThread  ][INFO ]  Final fidelity: 0.8435109885229782
2019-02-28 19:56:48,494 [MainThread  ][INFO ]  Final parameters: [ 1.99999996  0.36148725 -1.99999999]
2019-02-28 19:56:48,494 [MainThread  ][INFO ]  Fidelity: 0.8435109885229782
2019-02-28 19:56:48,494 [MainThread  ][INFO ]  ---- Starting iteration 26/100
2019-02-28 19:56:48,494 [MainThread  ][DEBUG]  Setting hyperparameter tf=0.5797979797979798
2019-02-28 19:56:48,494 [MainThread  ][INFO ]  Starting optimization for tf=0.5797979797979798
2019-02-28 19:56:48,494 [MainThread  ][DEBUG]  Optimization method: Powell
2019-02-28 19:56:48,494 [MainThread  ][DEBUG]  Optimization options: None
2019-02-28 19:56:48,494 [MainThread  ][INFO ]  Initial parameter values: [1.04501321 0.28989899 0.76756199]
2019-02-28 19:58:06,524 [MainThread  ][INFO ]  Final fidelity: 0.8491043422741086
2019-02-28 19:58:06,525 [MainThread  ][INFO ]  Final parameters: [ 1.99999863  0.37550193 -1.99999987]
2019-02-28 19:58:06,525 [MainThread  ][INFO ]  Fidelity: 0.8491043422741086
2019-02-28 19:58:06,525 [MainThread  ][INFO ]  ---- Starting iteration 27/100
2019-02-28 19:58:06,525 [MainThread  ][DEBUG]  Setting hyperparameter tf=0.598989898989899
2019-02-28 19:58:06,525 [MainThread  ][INFO ]  Starting optimization for tf=0.598989898989899
2019-02-28 19:58:06,525 [MainThread  ][DEBUG]  Optimization method: Powell
2019-02-28 19:58:06,525 [MainThread  ][DEBUG]  Optimization options: None
2019-02-28 19:58:06,526 [MainThread  ][INFO ]  Initial parameter values: [0.70739852 0.29949495 1.47497188]
2019-02-28 19:59:48,785 [MainThread  ][INFO ]  Final fidelity: 0.8547869575098973
2019-02-28 19:59:48,785 [MainThread  ][INFO ]  Final parameters: [ 1.99999986  0.38917006 -1.99999994]
2019-02-28 19:59:48,785 [MainThread  ][INFO ]  Fidelity: 0.8547869575098973
2019-02-28 19:59:48,785 [MainThread  ][INFO ]  ---- Starting iteration 28/100
2019-02-28 19:59:48,785 [MainThread  ][DEBUG]  Setting hyperparameter tf=0.6181818181818182
2019-02-28 19:59:48,786 [MainThread  ][INFO ]  Starting optimization for tf=0.6181818181818182
2019-02-28 19:59:48,786 [MainThread  ][DEBUG]  Optimization method: Powell
2019-02-28 19:59:48,786 [MainThread  ][DEBUG]  Optimization options: None
2019-02-28 19:59:48,786 [MainThread  ][INFO ]  Initial parameter values: [1.72028557 0.30909091 1.61928362]
2019-02-28 20:01:38,732 [MainThread  ][INFO ]  Final fidelity: 0.860552229522189
2019-02-28 20:01:38,734 [MainThread  ][INFO ]  Final parameters: [ 1.99999997  0.40405553 -1.99999997]
2019-02-28 20:01:38,734 [MainThread  ][INFO ]  Fidelity: 0.860552229522189
2019-02-28 20:01:38,735 [MainThread  ][INFO ]  ---- Starting iteration 29/100
2019-02-28 20:01:38,735 [MainThread  ][DEBUG]  Setting hyperparameter tf=0.6373737373737373
2019-02-28 20:01:38,735 [MainThread  ][INFO ]  Starting optimization for tf=0.6373737373737373
2019-02-28 20:01:38,735 [MainThread  ][DEBUG]  Optimization method: Powell
2019-02-28 20:01:38,735 [MainThread  ][DEBUG]  Optimization options: None
2019-02-28 20:01:38,735 [MainThread  ][INFO ]  Initial parameter values: [0.54184943 0.31868687 1.45999321]
2019-02-28 20:02:35,637 [MainThread  ][INFO ]  Final fidelity: 0.8481532171219347
2019-02-28 20:02:35,657 [MainThread  ][INFO ]  Final parameters: [ 1.51266246  0.4560255  -1.99999997]
2019-02-28 20:02:35,657 [MainThread  ][INFO ]  Fidelity: 0.8481532171219347
2019-02-28 20:02:35,657 [MainThread  ][INFO ]  ---- Starting iteration 30/100
2019-02-28 20:02:35,657 [MainThread  ][DEBUG]  Setting hyperparameter tf=0.6565656565656565
2019-02-28 20:02:35,658 [MainThread  ][INFO ]  Starting optimization for tf=0.6565656565656565
2019-02-28 20:02:35,658 [MainThread  ][DEBUG]  Optimization method: Powell
2019-02-28 20:02:35,658 [MainThread  ][DEBUG]  Optimization options: None
2019-02-28 20:02:35,658 [MainThread  ][INFO ]  Initial parameter values: [1.35625748 0.32828283 0.29743695]
2019-02-28 20:04:06,465 [MainThread  ][INFO ]  Final fidelity: 0.871548880281353
2019-02-28 20:04:06,466 [MainThread  ][INFO ]  Final parameters: [ 1.99999965  0.44268369 -1.99999983]
2019-02-28 20:04:06,466 [MainThread  ][INFO ]  Fidelity: 0.871548880281353
2019-02-28 20:04:06,466 [MainThread  ][INFO ]  ---- Starting iteration 31/100
2019-02-28 20:04:06,466 [MainThread  ][DEBUG]  Setting hyperparameter tf=0.6757575757575757
2019-02-28 20:04:06,466 [MainThread  ][INFO ]  Starting optimization for tf=0.6757575757575757
2019-02-28 20:04:06,466 [MainThread  ][DEBUG]  Optimization method: Powell
2019-02-28 20:04:06,466 [MainThread  ][DEBUG]  Optimization options: None
2019-02-28 20:04:06,466 [MainThread  ][INFO ]  Initial parameter values: [1.25989236 0.33787879 1.18398959]
2019-02-28 20:05:32,793 [MainThread  ][INFO ]  Final fidelity: 0.8781598425661384
2019-02-28 20:05:32,794 [MainThread  ][INFO ]  Final parameters: [ 1.99999988  0.44785106 -1.99846667]
2019-02-28 20:05:32,794 [MainThread  ][INFO ]  Fidelity: 0.8781598425661384
2019-02-28 20:05:32,794 [MainThread  ][INFO ]  ---- Starting iteration 32/100
2019-02-28 20:05:32,794 [MainThread  ][DEBUG]  Setting hyperparameter tf=0.6949494949494949
2019-02-28 20:05:32,794 [MainThread  ][INFO ]  Starting optimization for tf=0.6949494949494949
2019-02-28 20:05:32,795 [MainThread  ][DEBUG]  Optimization method: Powell
2019-02-28 20:05:32,795 [MainThread  ][DEBUG]  Optimization options: None
2019-02-28 20:05:32,795 [MainThread  ][INFO ]  Initial parameter values: [0.10201274 0.34747475 0.9638545 ]
2019-02-28 20:07:05,900 [MainThread  ][INFO ]  Final fidelity: 0.8841234988355234
2019-02-28 20:07:05,901 [MainThread  ][INFO ]  Final parameters: [ 1.99999988  0.46311355 -1.99999994]
2019-02-28 20:07:05,901 [MainThread  ][INFO ]  Fidelity: 0.8841234988355234
2019-02-28 20:07:05,901 [MainThread  ][INFO ]  ---- Starting iteration 33/100
2019-02-28 20:07:05,901 [MainThread  ][DEBUG]  Setting hyperparameter tf=0.7141414141414141
2019-02-28 20:07:05,901 [MainThread  ][INFO ]  Starting optimization for tf=0.7141414141414141
2019-02-28 20:07:05,902 [MainThread  ][DEBUG]  Optimization method: Powell
2019-02-28 20:07:05,902 [MainThread  ][DEBUG]  Optimization options: None
2019-02-28 20:07:05,902 [MainThread  ][INFO ]  Initial parameter values: [0.5587404  0.35707071 1.49667165]
2019-02-28 20:08:41,915 [MainThread  ][INFO ]  Final fidelity: 0.8877374412754869
2019-02-28 20:08:41,915 [MainThread  ][INFO ]  Final parameters: [ 1.999999    0.49442991 -1.99953542]
2019-02-28 20:08:41,916 [MainThread  ][INFO ]  Fidelity: 0.8877374412754869
2019-02-28 20:08:41,916 [MainThread  ][INFO ]  ---- Starting iteration 34/100
2019-02-28 20:08:41,916 [MainThread  ][DEBUG]  Setting hyperparameter tf=0.7333333333333333
2019-02-28 20:08:41,916 [MainThread  ][INFO ]  Starting optimization for tf=0.7333333333333333
2019-02-28 20:08:41,916 [MainThread  ][DEBUG]  Optimization method: Powell
2019-02-28 20:08:41,916 [MainThread  ][DEBUG]  Optimization options: None
2019-02-28 20:08:41,916 [MainThread  ][INFO ]  Initial parameter values: [0.82469493 0.36666667 1.12968379]
2019-02-28 20:10:06,099 [MainThread  ][INFO ]  Final fidelity: 0.8960254676689188
2019-02-28 20:10:06,101 [MainThread  ][INFO ]  Final parameters: [ 1.99999997  0.49334004 -1.99999999]
2019-02-28 20:10:06,101 [MainThread  ][INFO ]  Fidelity: 0.8960254676689188
2019-02-28 20:10:06,101 [MainThread  ][INFO ]  ---- Starting iteration 35/100
2019-02-28 20:10:06,101 [MainThread  ][DEBUG]  Setting hyperparameter tf=0.7525252525252525
2019-02-28 20:10:06,101 [MainThread  ][INFO ]  Starting optimization for tf=0.7525252525252525
2019-02-28 20:10:06,101 [MainThread  ][DEBUG]  Optimization method: Powell
2019-02-28 20:10:06,101 [MainThread  ][DEBUG]  Optimization options: None
2019-02-28 20:10:06,102 [MainThread  ][INFO ]  Initial parameter values: [0.59032214 0.37626263 0.37615005]
2019-02-28 20:12:19,253 [MainThread  ][INFO ]  Final fidelity: 0.9018443684721145
2019-02-28 20:12:19,254 [MainThread  ][INFO ]  Final parameters: [ 1.99999994  0.51234754 -1.99975889]
2019-02-28 20:12:19,254 [MainThread  ][INFO ]  Fidelity: 0.9018443684721145
2019-02-28 20:12:19,254 [MainThread  ][INFO ]  ---- Starting iteration 36/100
2019-02-28 20:12:19,254 [MainThread  ][DEBUG]  Setting hyperparameter tf=0.7717171717171717
2019-02-28 20:12:19,254 [MainThread  ][INFO ]  Starting optimization for tf=0.7717171717171717
2019-02-28 20:12:19,254 [MainThread  ][DEBUG]  Optimization method: Powell
2019-02-28 20:12:19,254 [MainThread  ][DEBUG]  Optimization options: None
2019-02-28 20:12:19,254 [MainThread  ][INFO ]  Initial parameter values: [1.83217967 0.38585859 1.94099771]
2019-02-28 20:14:06,703 [MainThread  ][INFO ]  Final fidelity: 0.9078438369899557
2019-02-28 20:14:06,705 [MainThread  ][INFO ]  Final parameters: [ 2.          0.52385757 -1.99999978]
2019-02-28 20:14:06,705 [MainThread  ][INFO ]  Fidelity: 0.9078438369899557
2019-02-28 20:14:06,705 [MainThread  ][INFO ]  ---- Starting iteration 37/100
2019-02-28 20:14:06,705 [MainThread  ][DEBUG]  Setting hyperparameter tf=0.7909090909090909
2019-02-28 20:14:06,705 [MainThread  ][INFO ]  Starting optimization for tf=0.7909090909090909
2019-02-28 20:14:06,705 [MainThread  ][DEBUG]  Optimization method: Powell
2019-02-28 20:14:06,705 [MainThread  ][DEBUG]  Optimization options: None
2019-02-28 20:14:06,706 [MainThread  ][INFO ]  Initial parameter values: [0.18257865 0.39545455 1.72519413]
2019-02-28 20:15:46,359 [MainThread  ][INFO ]  Final fidelity: 0.9136972309437887
2019-02-28 20:15:46,360 [MainThread  ][INFO ]  Final parameters: [ 1.99999911  0.54024658 -1.99999988]
2019-02-28 20:15:46,360 [MainThread  ][INFO ]  Fidelity: 0.9136972309437887
2019-02-28 20:15:46,361 [MainThread  ][INFO ]  ---- Starting iteration 38/100
2019-02-28 20:15:46,361 [MainThread  ][DEBUG]  Setting hyperparameter tf=0.81010101010101
2019-02-28 20:15:46,361 [MainThread  ][INFO ]  Starting optimization for tf=0.81010101010101
2019-02-28 20:15:46,361 [MainThread  ][DEBUG]  Optimization method: Powell
2019-02-28 20:15:46,361 [MainThread  ][DEBUG]  Optimization options: None
2019-02-28 20:15:46,361 [MainThread  ][INFO ]  Initial parameter values: [1.00510941 0.40505051 0.16400876]
2019-02-28 20:17:23,034 [MainThread  ][INFO ]  Final fidelity: 0.9192820376745617
2019-02-28 20:17:23,034 [MainThread  ][INFO ]  Final parameters: [ 1.99999996  0.5604643  -1.99999987]
2019-02-28 20:17:23,035 [MainThread  ][INFO ]  Fidelity: 0.9192820376745617
2019-02-28 20:17:23,035 [MainThread  ][INFO ]  ---- Starting iteration 39/100
2019-02-28 20:17:23,035 [MainThread  ][DEBUG]  Setting hyperparameter tf=0.8292929292929292
2019-02-28 20:17:23,035 [MainThread  ][INFO ]  Starting optimization for tf=0.8292929292929292
2019-02-28 20:17:23,035 [MainThread  ][DEBUG]  Optimization method: Powell
2019-02-28 20:17:23,035 [MainThread  ][DEBUG]  Optimization options: None
2019-02-28 20:17:23,035 [MainThread  ][INFO ]  Initial parameter values: [1.08094345 0.41464646 1.59950598]
2019-02-28 20:19:02,160 [MainThread  ][INFO ]  Final fidelity: 0.9251669720013038
2019-02-28 20:19:02,161 [MainThread  ][INFO ]  Final parameters: [ 1.99999981  0.57198513 -1.99995751]
2019-02-28 20:19:02,162 [MainThread  ][INFO ]  Fidelity: 0.9251669720013038
2019-02-28 20:19:02,162 [MainThread  ][INFO ]  ---- Starting iteration 40/100
2019-02-28 20:19:02,162 [MainThread  ][DEBUG]  Setting hyperparameter tf=0.8484848484848484
2019-02-28 20:19:02,162 [MainThread  ][INFO ]  Starting optimization for tf=0.8484848484848484
2019-02-28 20:19:02,162 [MainThread  ][DEBUG]  Optimization method: Powell
2019-02-28 20:19:02,162 [MainThread  ][DEBUG]  Optimization options: None
2019-02-28 20:19:02,162 [MainThread  ][INFO ]  Initial parameter values: [0.18548111 0.42424242 0.6550596 ]
2019-02-28 20:20:50,964 [MainThread  ][INFO ]  Final fidelity: 0.9307143800988127
2019-02-28 20:20:50,965 [MainThread  ][INFO ]  Final parameters: [ 1.99999993  0.59046459 -1.99999992]
2019-02-28 20:20:50,965 [MainThread  ][INFO ]  Fidelity: 0.9307143800988127
2019-02-28 20:20:50,965 [MainThread  ][INFO ]  ---- Starting iteration 41/100
2019-02-28 20:20:50,966 [MainThread  ][DEBUG]  Setting hyperparameter tf=0.8676767676767676
2019-02-28 20:20:50,966 [MainThread  ][INFO ]  Starting optimization for tf=0.8676767676767676
2019-02-28 20:20:50,966 [MainThread  ][DEBUG]  Optimization method: Powell
2019-02-28 20:20:50,966 [MainThread  ][DEBUG]  Optimization options: None
2019-02-28 20:20:50,966 [MainThread  ][INFO ]  Initial parameter values: [0.73707335 0.43383838 1.06955705]
2019-02-28 20:22:19,727 [MainThread  ][INFO ]  Final fidelity: 0.9362441829838013
2019-02-28 20:22:19,729 [MainThread  ][INFO ]  Final parameters: [ 1.99999977  0.60463344 -1.99999974]
2019-02-28 20:22:19,729 [MainThread  ][INFO ]  Fidelity: 0.9362441829838013
2019-02-28 20:22:19,729 [MainThread  ][INFO ]  ---- Starting iteration 42/100
2019-02-28 20:22:19,729 [MainThread  ][DEBUG]  Setting hyperparameter tf=0.8868686868686868
2019-02-28 20:22:19,729 [MainThread  ][INFO ]  Starting optimization for tf=0.8868686868686868
2019-02-28 20:22:19,729 [MainThread  ][DEBUG]  Optimization method: Powell
2019-02-28 20:22:19,729 [MainThread  ][DEBUG]  Optimization options: None
2019-02-28 20:22:19,730 [MainThread  ][INFO ]  Initial parameter values: [1.35193008 0.44343434 0.50503998]
2019-02-28 20:25:44,995 [MainThread  ][INFO ]  Final fidelity: 0.9410960849277697
2019-02-28 20:25:44,997 [MainThread  ][INFO ]  Final parameters: [ 2.          0.61436854 -1.9999922 ]
2019-02-28 20:25:44,997 [MainThread  ][INFO ]  Fidelity: 0.9410960849277697
2019-02-28 20:25:44,997 [MainThread  ][INFO ]  ---- Starting iteration 43/100
2019-02-28 20:25:44,997 [MainThread  ][DEBUG]  Setting hyperparameter tf=0.906060606060606
2019-02-28 20:25:44,997 [MainThread  ][INFO ]  Starting optimization for tf=0.906060606060606
2019-02-28 20:25:44,997 [MainThread  ][DEBUG]  Optimization method: Powell
2019-02-28 20:25:44,998 [MainThread  ][DEBUG]  Optimization options: None
2019-02-28 20:25:44,998 [MainThread  ][INFO ]  Initial parameter values: [0.60973281 0.4530303  0.46112119]
2019-02-28 20:27:38,610 [MainThread  ][INFO ]  Final fidelity: 0.9467335894675182
2019-02-28 20:27:38,614 [MainThread  ][INFO ]  Final parameters: [ 1.99999998  0.63974009 -2.        ]
2019-02-28 20:27:38,614 [MainThread  ][INFO ]  Fidelity: 0.9467335894675182
2019-02-28 20:27:38,614 [MainThread  ][INFO ]  ---- Starting iteration 44/100
2019-02-28 20:27:38,615 [MainThread  ][DEBUG]  Setting hyperparameter tf=0.9252525252525252
2019-02-28 20:27:38,615 [MainThread  ][INFO ]  Starting optimization for tf=0.9252525252525252
2019-02-28 20:27:38,615 [MainThread  ][DEBUG]  Optimization method: Powell
2019-02-28 20:27:38,615 [MainThread  ][DEBUG]  Optimization options: None
2019-02-28 20:27:38,615 [MainThread  ][INFO ]  Initial parameter values: [1.24744664 0.46262626 0.78144878]
2019-02-28 20:29:37,588 [MainThread  ][INFO ]  Final fidelity: 0.9518261723419837
2019-02-28 20:29:37,589 [MainThread  ][INFO ]  Final parameters: [ 1.9999999   0.65401765 -1.99999972]
2019-02-28 20:29:37,589 [MainThread  ][INFO ]  Fidelity: 0.9518261723419837
2019-02-28 20:29:37,589 [MainThread  ][INFO ]  ---- Starting iteration 45/100
2019-02-28 20:29:37,589 [MainThread  ][DEBUG]  Setting hyperparameter tf=0.9444444444444443
2019-02-28 20:29:37,589 [MainThread  ][INFO ]  Starting optimization for tf=0.9444444444444443
2019-02-28 20:29:37,589 [MainThread  ][DEBUG]  Optimization method: Powell
2019-02-28 20:29:37,589 [MainThread  ][DEBUG]  Optimization options: None
2019-02-28 20:29:37,590 [MainThread  ][INFO ]  Initial parameter values: [1.40742989 0.47222222 1.11091049]
2019-02-28 20:31:24,196 [MainThread  ][INFO ]  Final fidelity: 0.9566834250535361
2019-02-28 20:31:24,197 [MainThread  ][INFO ]  Final parameters: [ 1.99999997  0.67117435 -1.99999952]
2019-02-28 20:31:24,197 [MainThread  ][INFO ]  Fidelity: 0.9566834250535361
2019-02-28 20:31:24,197 [MainThread  ][INFO ]  ---- Starting iteration 46/100
2019-02-28 20:31:24,198 [MainThread  ][DEBUG]  Setting hyperparameter tf=0.9636363636363635
2019-02-28 20:31:24,198 [MainThread  ][INFO ]  Starting optimization for tf=0.9636363636363635
2019-02-28 20:31:24,198 [MainThread  ][DEBUG]  Optimization method: Powell
2019-02-28 20:31:24,198 [MainThread  ][DEBUG]  Optimization options: None
2019-02-28 20:31:24,198 [MainThread  ][INFO ]  Initial parameter values: [0.57671596 0.48181818 0.73446745]
2019-02-28 20:33:27,267 [MainThread  ][INFO ]  Final fidelity: 0.9612964495056305
2019-02-28 20:33:27,280 [MainThread  ][INFO ]  Final parameters: [ 1.99999996  0.68986731 -1.99979166]
2019-02-28 20:33:27,280 [MainThread  ][INFO ]  Fidelity: 0.9612964495056305
2019-02-28 20:33:27,281 [MainThread  ][INFO ]  ---- Starting iteration 47/100
2019-02-28 20:33:27,281 [MainThread  ][DEBUG]  Setting hyperparameter tf=0.9828282828282827
2019-02-28 20:33:27,281 [MainThread  ][INFO ]  Starting optimization for tf=0.9828282828282827
2019-02-28 20:33:27,281 [MainThread  ][DEBUG]  Optimization method: Powell
2019-02-28 20:33:27,281 [MainThread  ][DEBUG]  Optimization options: None
2019-02-28 20:33:27,281 [MainThread  ][INFO ]  Initial parameter values: [1.13213391 0.49141414 0.28588926]
2019-02-28 20:36:14,845 [MainThread  ][INFO ]  Final fidelity: 0.9657780994119233
2019-02-28 20:36:14,846 [MainThread  ][INFO ]  Final parameters: [ 1.99999991  0.70438737 -1.99999992]
2019-02-28 20:36:14,847 [MainThread  ][INFO ]  Fidelity: 0.9657780994119233
2019-02-28 20:36:14,847 [MainThread  ][INFO ]  ---- Starting iteration 48/100
2019-02-28 20:36:14,847 [MainThread  ][DEBUG]  Setting hyperparameter tf=1.002020202020202
2019-02-28 20:36:14,847 [MainThread  ][INFO ]  Starting optimization for tf=1.002020202020202
2019-02-28 20:36:14,847 [MainThread  ][DEBUG]  Optimization method: Powell
2019-02-28 20:36:14,847 [MainThread  ][DEBUG]  Optimization options: None
2019-02-28 20:36:14,847 [MainThread  ][INFO ]  Initial parameter values: [1.68218921 0.5010101  1.10365786]
2019-02-28 20:38:02,418 [MainThread  ][INFO ]  Final fidelity: 0.9700197926638237
2019-02-28 20:38:02,420 [MainThread  ][INFO ]  Final parameters: [ 1.99999998  0.72222463 -1.99999999]
2019-02-28 20:38:02,420 [MainThread  ][INFO ]  Fidelity: 0.9700197926638237
2019-02-28 20:38:02,420 [MainThread  ][INFO ]  ---- Starting iteration 49/100
2019-02-28 20:38:02,420 [MainThread  ][DEBUG]  Setting hyperparameter tf=1.0212121212121212
2019-02-28 20:38:02,420 [MainThread  ][INFO ]  Starting optimization for tf=1.0212121212121212
2019-02-28 20:38:02,420 [MainThread  ][DEBUG]  Optimization method: Powell
2019-02-28 20:38:02,420 [MainThread  ][DEBUG]  Optimization options: None
2019-02-28 20:38:02,421 [MainThread  ][INFO ]  Initial parameter values: [1.13183061 0.51060606 1.42415956]
2019-02-28 20:39:49,912 [MainThread  ][INFO ]  Final fidelity: 0.9740040444402472
2019-02-28 20:39:49,918 [MainThread  ][INFO ]  Final parameters: [ 1.99999998  0.73947041 -1.99999905]
2019-02-28 20:39:49,919 [MainThread  ][INFO ]  Fidelity: 0.9740040444402472
2019-02-28 20:39:49,919 [MainThread  ][INFO ]  ---- Starting iteration 50/100
2019-02-28 20:39:49,919 [MainThread  ][DEBUG]  Setting hyperparameter tf=1.0404040404040404
2019-02-28 20:39:49,919 [MainThread  ][INFO ]  Starting optimization for tf=1.0404040404040404
2019-02-28 20:39:49,919 [MainThread  ][DEBUG]  Optimization method: Powell
2019-02-28 20:39:49,919 [MainThread  ][DEBUG]  Optimization options: None
2019-02-28 20:39:49,919 [MainThread  ][INFO ]  Initial parameter values: [1.59856266 0.52020202 0.12311341]
2019-02-28 20:41:49,945 [MainThread  ][INFO ]  Final fidelity: 0.9767129817106669
2019-02-28 20:41:49,947 [MainThread  ][INFO ]  Final parameters: [ 2.          0.75206344 -1.9036994 ]
2019-02-28 20:41:49,947 [MainThread  ][INFO ]  Fidelity: 0.9767129817106669
2019-02-28 20:41:49,947 [MainThread  ][INFO ]  ---- Starting iteration 51/100
2019-02-28 20:41:49,947 [MainThread  ][DEBUG]  Setting hyperparameter tf=1.0595959595959596
2019-02-28 20:41:49,947 [MainThread  ][INFO ]  Starting optimization for tf=1.0595959595959596
2019-02-28 20:41:49,947 [MainThread  ][DEBUG]  Optimization method: Powell
2019-02-28 20:41:49,947 [MainThread  ][DEBUG]  Optimization options: None
2019-02-28 20:41:49,947 [MainThread  ][INFO ]  Initial parameter values: [0.86682634 0.52979798 0.4763407 ]
2019-02-28 20:43:14,761 [MainThread  ][INFO ]  Final fidelity: 0.9526981580459766
2019-02-28 20:43:14,763 [MainThread  ][INFO ]  Final parameters: [ 2.          0.55535589 -0.53188468]
2019-02-28 20:43:14,763 [MainThread  ][INFO ]  Fidelity: 0.9526981580459766
2019-02-28 20:43:14,763 [MainThread  ][INFO ]  ---- Starting iteration 52/100
2019-02-28 20:43:14,763 [MainThread  ][DEBUG]  Setting hyperparameter tf=1.0787878787878789
2019-02-28 20:43:14,763 [MainThread  ][INFO ]  Starting optimization for tf=1.0787878787878789
2019-02-28 20:43:14,763 [MainThread  ][DEBUG]  Optimization method: Powell
2019-02-28 20:43:14,763 [MainThread  ][DEBUG]  Optimization options: None
2019-02-28 20:43:14,764 [MainThread  ][INFO ]  Initial parameter values: [1.88867975 0.53939394 1.70087443]
2019-02-28 20:45:32,769 [MainThread  ][INFO ]  Final fidelity: 0.9843870602421598
2019-02-28 20:45:32,770 [MainThread  ][INFO ]  Final parameters: [ 1.99999996  0.79186727 -1.99999993]
2019-02-28 20:45:32,770 [MainThread  ][INFO ]  Fidelity: 0.9843870602421598
2019-02-28 20:45:32,770 [MainThread  ][INFO ]  ---- Starting iteration 53/100
2019-02-28 20:45:32,770 [MainThread  ][DEBUG]  Setting hyperparameter tf=1.097979797979798
2019-02-28 20:45:32,770 [MainThread  ][INFO ]  Starting optimization for tf=1.097979797979798
2019-02-28 20:45:32,770 [MainThread  ][DEBUG]  Optimization method: Powell
2019-02-28 20:45:32,771 [MainThread  ][DEBUG]  Optimization options: None
2019-02-28 20:45:32,771 [MainThread  ][INFO ]  Initial parameter values: [0.1214766  0.5489899  1.57008269]
2019-02-28 20:48:03,068 [MainThread  ][INFO ]  Final fidelity: 0.987283385164988
2019-02-28 20:48:03,069 [MainThread  ][INFO ]  Final parameters: [ 1.99999999  0.80947062 -1.99999977]
2019-02-28 20:48:03,069 [MainThread  ][INFO ]  Fidelity: 0.987283385164988
2019-02-28 20:48:03,069 [MainThread  ][INFO ]  ---- Starting iteration 54/100
2019-02-28 20:48:03,069 [MainThread  ][DEBUG]  Setting hyperparameter tf=1.1171717171717173
2019-02-28 20:48:03,069 [MainThread  ][INFO ]  Starting optimization for tf=1.1171717171717173
2019-02-28 20:48:03,069 [MainThread  ][DEBUG]  Optimization method: Powell
2019-02-28 20:48:03,069 [MainThread  ][DEBUG]  Optimization options: None
2019-02-28 20:48:03,069 [MainThread  ][INFO ]  Initial parameter values: [0.58184042 0.55858586 0.4364882 ]
2019-02-28 20:49:59,160 [MainThread  ][INFO ]  Final fidelity: 0.9709227931145133
2019-02-28 20:49:59,170 [MainThread  ][INFO ]  Final parameters: [ 2.          0.6385898  -0.67419945]
2019-02-28 20:49:59,170 [MainThread  ][INFO ]  Fidelity: 0.9709227931145133
2019-02-28 20:49:59,171 [MainThread  ][INFO ]  ---- Starting iteration 55/100
2019-02-28 20:49:59,171 [MainThread  ][DEBUG]  Setting hyperparameter tf=1.1363636363636365
2019-02-28 20:49:59,171 [MainThread  ][INFO ]  Starting optimization for tf=1.1363636363636365
2019-02-28 20:49:59,171 [MainThread  ][DEBUG]  Optimization method: Powell
2019-02-28 20:49:59,171 [MainThread  ][DEBUG]  Optimization options: None
2019-02-28 20:49:59,171 [MainThread  ][INFO ]  Initial parameter values: [1.83629708 0.56818182 0.84390674]
2019-02-28 20:51:57,167 [MainThread  ][INFO ]  Final fidelity: 0.9921448266720971
2019-02-28 20:51:57,169 [MainThread  ][INFO ]  Final parameters: [ 1.99999999  0.84604789 -1.99999978]
2019-02-28 20:51:57,169 [MainThread  ][INFO ]  Fidelity: 0.9921448266720971
2019-02-28 20:51:57,169 [MainThread  ][INFO ]  ---- Starting iteration 56/100
2019-02-28 20:51:57,169 [MainThread  ][DEBUG]  Setting hyperparameter tf=1.1555555555555557
2019-02-28 20:51:57,169 [MainThread  ][INFO ]  Starting optimization for tf=1.1555555555555557
2019-02-28 20:51:57,170 [MainThread  ][DEBUG]  Optimization method: Powell
2019-02-28 20:51:57,170 [MainThread  ][DEBUG]  Optimization options: None
2019-02-28 20:51:57,170 [MainThread  ][INFO ]  Initial parameter values: [0.96899464 0.57777778 1.39038697]
2019-02-28 20:53:26,224 [MainThread  ][INFO ]  Final fidelity: 0.9941288804553323
2019-02-28 20:53:26,225 [MainThread  ][INFO ]  Final parameters: [ 1.9999998   0.86279413 -1.9999994 ]
2019-02-28 20:53:26,225 [MainThread  ][INFO ]  Fidelity: 0.9941288804553323
2019-02-28 20:53:26,225 [MainThread  ][INFO ]  ---- Starting iteration 57/100
2019-02-28 20:53:26,225 [MainThread  ][DEBUG]  Setting hyperparameter tf=1.1747474747474747
2019-02-28 20:53:26,225 [MainThread  ][INFO ]  Starting optimization for tf=1.1747474747474747
2019-02-28 20:53:26,225 [MainThread  ][DEBUG]  Optimization method: Powell
2019-02-28 20:53:26,226 [MainThread  ][DEBUG]  Optimization options: None
2019-02-28 20:53:26,226 [MainThread  ][INFO ]  Initial parameter values: [0.06084058 0.58737374 0.81568267]
2019-02-28 20:54:59,843 [MainThread  ][INFO ]  Final fidelity: 0.9957632201100423
2019-02-28 20:54:59,844 [MainThread  ][INFO ]  Final parameters: [ 1.99999915  0.88087335 -1.99999409]
2019-02-28 20:54:59,844 [MainThread  ][INFO ]  Fidelity: 0.9957632201100423
2019-02-28 20:54:59,844 [MainThread  ][INFO ]  ---- Starting iteration 58/100
2019-02-28 20:54:59,844 [MainThread  ][DEBUG]  Setting hyperparameter tf=1.1939393939393939
2019-02-28 20:54:59,845 [MainThread  ][INFO ]  Starting optimization for tf=1.1939393939393939
2019-02-28 20:54:59,845 [MainThread  ][DEBUG]  Optimization method: Powell
2019-02-28 20:54:59,845 [MainThread  ][DEBUG]  Optimization options: None
2019-02-28 20:54:59,845 [MainThread  ][INFO ]  Initial parameter values: [0.73890407 0.5969697  0.27727353]
2019-02-28 20:56:48,155 [MainThread  ][INFO ]  Final fidelity: 0.9732038299336548
2019-02-28 20:56:48,165 [MainThread  ][INFO ]  Final parameters: [ 1.99999997  0.60281169 -0.31343592]
2019-02-28 20:56:48,166 [MainThread  ][INFO ]  Fidelity: 0.9732038299336548
2019-02-28 20:56:48,166 [MainThread  ][INFO ]  ---- Starting iteration 59/100
2019-02-28 20:56:48,166 [MainThread  ][DEBUG]  Setting hyperparameter tf=1.213131313131313
2019-02-28 20:56:48,166 [MainThread  ][INFO ]  Starting optimization for tf=1.213131313131313
2019-02-28 20:56:48,166 [MainThread  ][DEBUG]  Optimization method: Powell
2019-02-28 20:56:48,166 [MainThread  ][DEBUG]  Optimization options: None
2019-02-28 20:56:48,166 [MainThread  ][INFO ]  Initial parameter values: [0.84719393 0.60656566 0.94251162]
2019-02-28 20:58:27,390 [MainThread  ][INFO ]  Final fidelity: 0.9976917319263683
2019-02-28 20:58:27,391 [MainThread  ][INFO ]  Final parameters: [ 2.          0.90356397 -1.86101954]
2019-02-28 20:58:27,391 [MainThread  ][INFO ]  Fidelity: 0.9976917319263683
2019-02-28 20:58:27,391 [MainThread  ][INFO ]  ---- Starting iteration 60/100
2019-02-28 20:58:27,392 [MainThread  ][DEBUG]  Setting hyperparameter tf=1.2323232323232323
2019-02-28 20:58:27,392 [MainThread  ][INFO ]  Starting optimization for tf=1.2323232323232323
2019-02-28 20:58:27,392 [MainThread  ][DEBUG]  Optimization method: Powell
2019-02-28 20:58:27,392 [MainThread  ][DEBUG]  Optimization options: None
2019-02-28 20:58:27,392 [MainThread  ][INFO ]  Initial parameter values: [0.22806455 0.61616162 1.49756236]
2019-02-28 21:00:21,040 [MainThread  ][INFO ]  Final fidelity: 0.9986188863999742
2019-02-28 21:00:21,041 [MainThread  ][INFO ]  Final parameters: [ 1.99999945  0.93544312 -1.99999564]
2019-02-28 21:00:21,041 [MainThread  ][INFO ]  Fidelity: 0.9986188863999742
2019-02-28 21:00:21,041 [MainThread  ][INFO ]  ---- Starting iteration 61/100
2019-02-28 21:00:21,041 [MainThread  ][DEBUG]  Setting hyperparameter tf=1.2515151515151515
2019-02-28 21:00:21,041 [MainThread  ][INFO ]  Starting optimization for tf=1.2515151515151515
2019-02-28 21:00:21,041 [MainThread  ][DEBUG]  Optimization method: Powell
2019-02-28 21:00:21,041 [MainThread  ][DEBUG]  Optimization options: None
2019-02-28 21:00:21,042 [MainThread  ][INFO ]  Initial parameter values: [1.9444734  0.62575758 1.97170028]
2019-02-28 21:02:26,201 [MainThread  ][INFO ]  Final fidelity: 0.9988739556760052
2019-02-28 21:02:26,203 [MainThread  ][INFO ]  Final parameters: [ 1.99999549  0.95335162 -1.99990046]
2019-02-28 21:02:26,203 [MainThread  ][INFO ]  Fidelity: 0.9988739556760052
2019-02-28 21:02:26,203 [MainThread  ][INFO ]  ---- Starting iteration 62/100
2019-02-28 21:02:26,203 [MainThread  ][DEBUG]  Setting hyperparameter tf=1.2707070707070707
2019-02-28 21:02:26,203 [MainThread  ][INFO ]  Starting optimization for tf=1.2707070707070707
2019-02-28 21:02:26,203 [MainThread  ][DEBUG]  Optimization method: Powell
2019-02-28 21:02:26,203 [MainThread  ][DEBUG]  Optimization options: None
2019-02-28 21:02:26,204 [MainThread  ][INFO ]  Initial parameter values: [0.18978633 0.63535354 1.36493212]
2019-02-28 21:03:35,695 [MainThread  ][INFO ]  Final fidelity: 0.9988836811102378
2019-02-28 21:03:35,696 [MainThread  ][INFO ]  Final parameters: [ 1.99152188  0.95034657 -1.76519325]
2019-02-28 21:03:35,696 [MainThread  ][INFO ]  Fidelity: 0.9988836811102378
2019-02-28 21:03:35,697 [MainThread  ][INFO ]  ---- Starting iteration 63/100
2019-02-28 21:03:35,697 [MainThread  ][DEBUG]  Setting hyperparameter tf=1.2898989898989899
2019-02-28 21:03:35,697 [MainThread  ][INFO ]  Starting optimization for tf=1.2898989898989899
2019-02-28 21:03:35,697 [MainThread  ][DEBUG]  Optimization method: Powell
2019-02-28 21:03:35,697 [MainThread  ][DEBUG]  Optimization options: None
2019-02-28 21:03:35,697 [MainThread  ][INFO ]  Initial parameter values: [0.10839985 0.64494949 0.49104726]
2019-02-28 21:06:10,305 [MainThread  ][INFO ]  Final fidelity: 0.9988848740054492
2019-02-28 21:06:10,307 [MainThread  ][INFO ]  Final parameters: [ 1.91544532  0.9753844  -1.7417253 ]
2019-02-28 21:06:10,307 [MainThread  ][INFO ]  Fidelity: 0.9988848740054492
2019-02-28 21:06:10,307 [MainThread  ][INFO ]  ---- Starting iteration 64/100
2019-02-28 21:06:10,307 [MainThread  ][DEBUG]  Setting hyperparameter tf=1.309090909090909
2019-02-28 21:06:10,307 [MainThread  ][INFO ]  Starting optimization for tf=1.309090909090909
2019-02-28 21:06:10,307 [MainThread  ][DEBUG]  Optimization method: Powell
2019-02-28 21:06:10,307 [MainThread  ][DEBUG]  Optimization options: None
2019-02-28 21:06:10,307 [MainThread  ][INFO ]  Initial parameter values: [1.3797533  0.65454545 1.89285709]
2019-02-28 21:07:26,879 [MainThread  ][INFO ]  Final fidelity: 0.9181311915280463
2019-02-28 21:07:26,880 [MainThread  ][INFO ]  Final parameters: [ 0.86033933  1.21785179 -1.99999998]
2019-02-28 21:07:26,880 [MainThread  ][INFO ]  Fidelity: 0.9181311915280463
2019-02-28 21:07:26,880 [MainThread  ][INFO ]  ---- Starting iteration 65/100
2019-02-28 21:07:26,880 [MainThread  ][DEBUG]  Setting hyperparameter tf=1.3282828282828283
2019-02-28 21:07:26,880 [MainThread  ][INFO ]  Starting optimization for tf=1.3282828282828283
2019-02-28 21:07:26,880 [MainThread  ][DEBUG]  Optimization method: Powell
2019-02-28 21:07:26,880 [MainThread  ][DEBUG]  Optimization options: None
2019-02-28 21:07:26,881 [MainThread  ][INFO ]  Initial parameter values: [0.44179226 0.66414141 1.46431819]
2019-02-28 21:09:07,555 [MainThread  ][INFO ]  Final fidelity: 0.9989058895042938
2019-02-28 21:09:07,555 [MainThread  ][INFO ]  Final parameters: [ 1.79399137  1.0410671  -1.8860788 ]
2019-02-28 21:09:07,555 [MainThread  ][INFO ]  Fidelity: 0.9989058895042938
2019-02-28 21:09:07,555 [MainThread  ][INFO ]  ---- Starting iteration 66/100
2019-02-28 21:09:07,556 [MainThread  ][DEBUG]  Setting hyperparameter tf=1.3474747474747475
2019-02-28 21:09:07,556 [MainThread  ][INFO ]  Starting optimization for tf=1.3474747474747475
2019-02-28 21:09:07,556 [MainThread  ][DEBUG]  Optimization method: Powell
2019-02-28 21:09:07,556 [MainThread  ][DEBUG]  Optimization options: None
2019-02-28 21:09:07,556 [MainThread  ][INFO ]  Initial parameter values: [0.33076136 0.67373737 1.07099889]
2019-02-28 21:10:06,609 [MainThread  ][INFO ]  Final fidelity: 0.9989116996494399
2019-02-28 21:10:06,610 [MainThread  ][INFO ]  Final parameters: [ 1.74828091  1.06218002 -1.84885722]
2019-02-28 21:10:06,610 [MainThread  ][INFO ]  Fidelity: 0.9989116996494399
2019-02-28 21:10:06,610 [MainThread  ][INFO ]  ---- Starting iteration 67/100
2019-02-28 21:10:06,610 [MainThread  ][DEBUG]  Setting hyperparameter tf=1.3666666666666667
2019-02-28 21:10:06,610 [MainThread  ][INFO ]  Starting optimization for tf=1.3666666666666667
2019-02-28 21:10:06,610 [MainThread  ][DEBUG]  Optimization method: Powell
2019-02-28 21:10:06,610 [MainThread  ][DEBUG]  Optimization options: None
2019-02-28 21:10:06,610 [MainThread  ][INFO ]  Initial parameter values: [0.90936534 0.68333333 0.56106788]
2019-02-28 21:11:58,419 [MainThread  ][INFO ]  Final fidelity: 0.9988962322924179
2019-02-28 21:11:58,421 [MainThread  ][INFO ]  Final parameters: [ 1.96939867  0.88601584 -0.73894477]
2019-02-28 21:11:58,421 [MainThread  ][INFO ]  Fidelity: 0.9988962322924179
2019-02-28 21:11:58,421 [MainThread  ][INFO ]  ---- Starting iteration 68/100
2019-02-28 21:11:58,421 [MainThread  ][DEBUG]  Setting hyperparameter tf=1.385858585858586
2019-02-28 21:11:58,421 [MainThread  ][INFO ]  Starting optimization for tf=1.385858585858586
2019-02-28 21:11:58,421 [MainThread  ][DEBUG]  Optimization method: Powell
2019-02-28 21:11:58,421 [MainThread  ][DEBUG]  Optimization options: None
2019-02-28 21:11:58,421 [MainThread  ][INFO ]  Initial parameter values: [0.40370893 0.69292929 0.03092427]
2019-02-28 21:13:17,762 [MainThread  ][INFO ]  Final fidelity: 0.9988979031590755
2019-02-28 21:13:17,765 [MainThread  ][INFO ]  Final parameters: [ 1.99629408  0.86023784 -0.58262711]
2019-02-28 21:13:17,765 [MainThread  ][INFO ]  Fidelity: 0.9988979031590755
2019-02-28 21:13:17,765 [MainThread  ][INFO ]  ---- Starting iteration 69/100
2019-02-28 21:13:17,765 [MainThread  ][DEBUG]  Setting hyperparameter tf=1.405050505050505
2019-02-28 21:13:17,765 [MainThread  ][INFO ]  Starting optimization for tf=1.405050505050505
2019-02-28 21:13:17,765 [MainThread  ][DEBUG]  Optimization method: Powell
2019-02-28 21:13:17,765 [MainThread  ][DEBUG]  Optimization options: None
2019-02-28 21:13:17,765 [MainThread  ][INFO ]  Initial parameter values: [0.96874019 0.70252525 0.82512754]
2019-02-28 21:14:28,505 [MainThread  ][INFO ]  Final fidelity: 0.9989247402777801
2019-02-28 21:14:28,506 [MainThread  ][INFO ]  Final parameters: [ 1.60343194  1.14275308 -1.90187179]
2019-02-28 21:14:28,506 [MainThread  ][INFO ]  Fidelity: 0.9989247402777801
2019-02-28 21:14:28,506 [MainThread  ][INFO ]  ---- Starting iteration 70/100
2019-02-28 21:14:28,506 [MainThread  ][DEBUG]  Setting hyperparameter tf=1.4242424242424243
2019-02-28 21:14:28,506 [MainThread  ][INFO ]  Starting optimization for tf=1.4242424242424243
2019-02-28 21:14:28,506 [MainThread  ][DEBUG]  Optimization method: Powell
2019-02-28 21:14:28,506 [MainThread  ][DEBUG]  Optimization options: None
2019-02-28 21:14:28,507 [MainThread  ][INFO ]  Initial parameter values: [0.87069183 0.71212121 0.26346938]
2019-02-28 21:16:03,991 [MainThread  ][INFO ]  Final fidelity: 0.9989040731472719
2019-02-28 21:16:03,992 [MainThread  ][INFO ]  Final parameters: [ 1.98269435  0.83948382 -0.39011389]
2019-02-28 21:16:03,993 [MainThread  ][INFO ]  Fidelity: 0.9989040731472719
2019-02-28 21:16:03,993 [MainThread  ][INFO ]  ---- Starting iteration 71/100
2019-02-28 21:16:03,993 [MainThread  ][DEBUG]  Setting hyperparameter tf=1.4434343434343435
2019-02-28 21:16:03,993 [MainThread  ][INFO ]  Starting optimization for tf=1.4434343434343435
2019-02-28 21:16:03,993 [MainThread  ][DEBUG]  Optimization method: Powell
2019-02-28 21:16:03,993 [MainThread  ][DEBUG]  Optimization options: None
2019-02-28 21:16:03,993 [MainThread  ][INFO ]  Initial parameter values: [0.86168595 0.72171717 1.78655142]
2019-02-28 21:17:27,275 [MainThread  ][INFO ]  Final fidelity: 0.9989340843396178
2019-02-28 21:17:27,276 [MainThread  ][INFO ]  Final parameters: [ 1.55148525  1.16954691 -1.69023172]
2019-02-28 21:17:27,276 [MainThread  ][INFO ]  Fidelity: 0.9989340843396178
2019-02-28 21:17:27,276 [MainThread  ][INFO ]  ---- Starting iteration 72/100
2019-02-28 21:17:27,277 [MainThread  ][DEBUG]  Setting hyperparameter tf=1.4626262626262627
2019-02-28 21:17:27,277 [MainThread  ][INFO ]  Starting optimization for tf=1.4626262626262627
2019-02-28 21:17:27,277 [MainThread  ][DEBUG]  Optimization method: Powell
2019-02-28 21:17:27,277 [MainThread  ][DEBUG]  Optimization options: None
2019-02-28 21:17:27,277 [MainThread  ][INFO ]  Initial parameter values: [1.92536961 0.73131313 1.87415677]
2019-02-28 21:18:44,085 [MainThread  ][INFO ]  Final fidelity: 0.9989075859386544
2019-02-28 21:18:44,086 [MainThread  ][INFO ]  Final parameters: [ 1.99987029  0.80085369 -0.20634805]
2019-02-28 21:18:44,087 [MainThread  ][INFO ]  Fidelity: 0.9989075859386544
2019-02-28 21:18:44,087 [MainThread  ][INFO ]  ---- Starting iteration 73/100
2019-02-28 21:18:44,087 [MainThread  ][DEBUG]  Setting hyperparameter tf=1.481818181818182
2019-02-28 21:18:44,087 [MainThread  ][INFO ]  Starting optimization for tf=1.481818181818182
2019-02-28 21:18:44,087 [MainThread  ][DEBUG]  Optimization method: Powell
2019-02-28 21:18:44,087 [MainThread  ][DEBUG]  Optimization options: None
2019-02-28 21:18:44,087 [MainThread  ][INFO ]  Initial parameter values: [0.0246984  0.74090909 1.83082055]
2019-02-28 21:19:22,770 [MainThread  ][INFO ]  Final fidelity: 0.9938873145065765
2019-02-28 21:19:22,771 [MainThread  ][INFO ]  Final parameters: [ 1.24074548  1.28271659 -1.99999997]
2019-02-28 21:19:22,771 [MainThread  ][INFO ]  Fidelity: 0.9938873145065765
2019-02-28 21:19:22,771 [MainThread  ][INFO ]  ---- Starting iteration 74/100
2019-02-28 21:19:22,771 [MainThread  ][DEBUG]  Setting hyperparameter tf=1.501010101010101
2019-02-28 21:19:22,771 [MainThread  ][INFO ]  Starting optimization for tf=1.501010101010101
2019-02-28 21:19:22,771 [MainThread  ][DEBUG]  Optimization method: Powell
2019-02-28 21:19:22,771 [MainThread  ][DEBUG]  Optimization options: None
2019-02-28 21:19:22,772 [MainThread  ][INFO ]  Initial parameter values: [1.32293998 0.75050505 0.48154512]
2019-02-28 21:20:57,868 [MainThread  ][INFO ]  Final fidelity: 0.9989134104351666
2019-02-28 21:20:57,869 [MainThread  ][INFO ]  Final parameters: [ 1.98341963  0.78666414 -0.09634546]
2019-02-28 21:20:57,869 [MainThread  ][INFO ]  Fidelity: 0.9989134104351666
2019-02-28 21:20:57,869 [MainThread  ][INFO ]  ---- Starting iteration 75/100
2019-02-28 21:20:57,870 [MainThread  ][DEBUG]  Setting hyperparameter tf=1.52020202020202
2019-02-28 21:20:57,870 [MainThread  ][INFO ]  Starting optimization for tf=1.52020202020202
2019-02-28 21:20:57,870 [MainThread  ][DEBUG]  Optimization method: Powell
2019-02-28 21:20:57,870 [MainThread  ][DEBUG]  Optimization options: None
2019-02-28 21:20:57,870 [MainThread  ][INFO ]  Initial parameter values: [1.67576043 0.76010101 1.44225051]
2019-02-28 21:22:17,080 [MainThread  ][INFO ]  Final fidelity: 0.9989546684763978
2019-02-28 21:22:17,081 [MainThread  ][INFO ]  Final parameters: [ 1.39823063  1.29432916 -1.97695176]
2019-02-28 21:22:17,081 [MainThread  ][INFO ]  Fidelity: 0.9989546684763978
2019-02-28 21:22:17,081 [MainThread  ][INFO ]  ---- Starting iteration 76/100
2019-02-28 21:22:17,081 [MainThread  ][DEBUG]  Setting hyperparameter tf=1.5393939393939393
2019-02-28 21:22:17,081 [MainThread  ][INFO ]  Starting optimization for tf=1.5393939393939393
2019-02-28 21:22:17,081 [MainThread  ][DEBUG]  Optimization method: Powell
2019-02-28 21:22:17,081 [MainThread  ][DEBUG]  Optimization options: None
2019-02-28 21:22:17,082 [MainThread  ][INFO ]  Initial parameter values: [0.52015805 0.76969697 0.27143958]
2019-02-28 21:23:47,503 [MainThread  ][INFO ]  Final fidelity: 0.9989193806773425
2019-02-28 21:23:47,504 [MainThread  ][INFO ]  Final parameters: [1.98410706 0.76336573 0.0074321 ]
2019-02-28 21:23:47,504 [MainThread  ][INFO ]  Fidelity: 0.9989193806773425
2019-02-28 21:23:47,504 [MainThread  ][INFO ]  ---- Starting iteration 77/100
2019-02-28 21:23:47,504 [MainThread  ][DEBUG]  Setting hyperparameter tf=1.5585858585858585
2019-02-28 21:23:47,504 [MainThread  ][INFO ]  Starting optimization for tf=1.5585858585858585
2019-02-28 21:23:47,504 [MainThread  ][DEBUG]  Optimization method: Powell
2019-02-28 21:23:47,504 [MainThread  ][DEBUG]  Optimization options: None
2019-02-28 21:23:47,504 [MainThread  ][INFO ]  Initial parameter values: [0.15026866 0.77929293 0.80477068]
2019-02-28 21:24:37,311 [MainThread  ][INFO ]  Final fidelity: 0.9989645857221888
2019-02-28 21:24:37,317 [MainThread  ][INFO ]  Final parameters: [ 1.34581662  1.33678752 -1.90946511]
2019-02-28 21:24:37,317 [MainThread  ][INFO ]  Fidelity: 0.9989645857221888
2019-02-28 21:24:37,317 [MainThread  ][INFO ]  ---- Starting iteration 78/100
2019-02-28 21:24:37,317 [MainThread  ][DEBUG]  Setting hyperparameter tf=1.5777777777777777
2019-02-28 21:24:37,317 [MainThread  ][INFO ]  Starting optimization for tf=1.5777777777777777
2019-02-28 21:24:37,317 [MainThread  ][DEBUG]  Optimization method: Powell
2019-02-28 21:24:37,317 [MainThread  ][DEBUG]  Optimization options: None
2019-02-28 21:24:37,317 [MainThread  ][INFO ]  Initial parameter values: [0.83868586 0.78888889 1.3472516 ]
2019-02-28 21:25:34,660 [MainThread  ][INFO ]  Final fidelity: 0.9989696582348893
2019-02-28 21:25:34,661 [MainThread  ][INFO ]  Final parameters: [ 1.32185998  1.36012853 -1.90838982]
2019-02-28 21:25:34,661 [MainThread  ][INFO ]  Fidelity: 0.9989696582348893
2019-02-28 21:25:34,661 [MainThread  ][INFO ]  ---- Starting iteration 79/100
2019-02-28 21:25:34,661 [MainThread  ][DEBUG]  Setting hyperparameter tf=1.596969696969697
2019-02-28 21:25:34,661 [MainThread  ][INFO ]  Starting optimization for tf=1.596969696969697
2019-02-28 21:25:34,661 [MainThread  ][DEBUG]  Optimization method: Powell
2019-02-28 21:25:34,661 [MainThread  ][DEBUG]  Optimization options: None
2019-02-28 21:25:34,662 [MainThread  ][INFO ]  Initial parameter values: [1.41892685 0.79848485 0.74611351]
2019-02-28 21:26:43,697 [MainThread  ][INFO ]  Final fidelity: 0.9989303478448066
2019-02-28 21:26:43,698 [MainThread  ][INFO ]  Final parameters: [1.98895633 0.72658192 0.13638258]
2019-02-28 21:26:43,698 [MainThread  ][INFO ]  Fidelity: 0.9989303478448066
2019-02-28 21:26:43,698 [MainThread  ][INFO ]  ---- Starting iteration 80/100
2019-02-28 21:26:43,699 [MainThread  ][DEBUG]  Setting hyperparameter tf=1.6161616161616161
2019-02-28 21:26:43,699 [MainThread  ][INFO ]  Starting optimization for tf=1.6161616161616161
2019-02-28 21:26:43,699 [MainThread  ][DEBUG]  Optimization method: Powell
2019-02-28 21:26:43,699 [MainThread  ][DEBUG]  Optimization options: None
2019-02-28 21:26:43,699 [MainThread  ][INFO ]  Initial parameter values: [0.02169924 0.80808081 0.91569999]
2019-02-28 21:27:50,179 [MainThread  ][INFO ]  Final fidelity: 0.9989801992905172
2019-02-28 21:27:50,180 [MainThread  ][INFO ]  Final parameters: [ 1.27105727  1.41269627 -1.97485212]
2019-02-28 21:27:50,181 [MainThread  ][INFO ]  Fidelity: 0.9989801992905172
2019-02-28 21:27:50,181 [MainThread  ][INFO ]  ---- Starting iteration 81/100
2019-02-28 21:27:50,181 [MainThread  ][DEBUG]  Setting hyperparameter tf=1.6353535353535353
2019-02-28 21:27:50,181 [MainThread  ][INFO ]  Starting optimization for tf=1.6353535353535353
2019-02-28 21:27:50,181 [MainThread  ][DEBUG]  Optimization method: Powell
2019-02-28 21:27:50,181 [MainThread  ][DEBUG]  Optimization options: None
2019-02-28 21:27:50,181 [MainThread  ][INFO ]  Initial parameter values: [1.87270615 0.81767677 1.40341659]
2019-02-28 21:28:29,872 [MainThread  ][INFO ]  Final fidelity: 0.9989840863524415
2019-02-28 21:28:29,873 [MainThread  ][INFO ]  Final parameters: [ 1.24998247  1.4348911  -1.96031277]
2019-02-28 21:28:29,873 [MainThread  ][INFO ]  Fidelity: 0.9989840863524415
2019-02-28 21:28:29,873 [MainThread  ][INFO ]  ---- Starting iteration 82/100
2019-02-28 21:28:29,873 [MainThread  ][DEBUG]  Setting hyperparameter tf=1.6545454545454545
2019-02-28 21:28:29,873 [MainThread  ][INFO ]  Starting optimization for tf=1.6545454545454545
2019-02-28 21:28:29,873 [MainThread  ][DEBUG]  Optimization method: Powell
2019-02-28 21:28:29,873 [MainThread  ][DEBUG]  Optimization options: None
2019-02-28 21:28:29,874 [MainThread  ][INFO ]  Initial parameter values: [1.23828379 0.82727273 1.18339489]
2019-02-28 21:29:15,150 [MainThread  ][INFO ]  Final fidelity: 0.9989864232241982
2019-02-28 21:29:15,151 [MainThread  ][INFO ]  Final parameters: [ 1.2388441   1.44005367 -1.7303353 ]
2019-02-28 21:29:15,151 [MainThread  ][INFO ]  Fidelity: 0.9989864232241982
2019-02-28 21:29:15,151 [MainThread  ][INFO ]  ---- Starting iteration 83/100
2019-02-28 21:29:15,151 [MainThread  ][DEBUG]  Setting hyperparameter tf=1.6737373737373737
2019-02-28 21:29:15,151 [MainThread  ][INFO ]  Starting optimization for tf=1.6737373737373737
2019-02-28 21:29:15,151 [MainThread  ][DEBUG]  Optimization method: Powell
2019-02-28 21:29:15,151 [MainThread  ][DEBUG]  Optimization options: None
2019-02-28 21:29:15,151 [MainThread  ][INFO ]  Initial parameter values: [0.9469547  0.83686869 1.01438181]
2019-02-28 21:30:10,875 [MainThread  ][INFO ]  Final fidelity: 0.9989943216458944
2019-02-28 21:30:10,876 [MainThread  ][INFO ]  Final parameters: [ 1.211508    1.48007559 -1.94231577]
2019-02-28 21:30:10,876 [MainThread  ][INFO ]  Fidelity: 0.9989943216458944
2019-02-28 21:30:10,876 [MainThread  ][INFO ]  ---- Starting iteration 84/100
2019-02-28 21:30:10,876 [MainThread  ][DEBUG]  Setting hyperparameter tf=1.692929292929293
2019-02-28 21:30:10,876 [MainThread  ][INFO ]  Starting optimization for tf=1.692929292929293
2019-02-28 21:30:10,876 [MainThread  ][DEBUG]  Optimization method: Powell
2019-02-28 21:30:10,876 [MainThread  ][DEBUG]  Optimization options: None
2019-02-28 21:30:10,876 [MainThread  ][INFO ]  Initial parameter values: [0.15453301 0.84646465 0.38344078]
2019-02-28 21:30:46,841 [MainThread  ][INFO ]  Final fidelity: 0.998950066546612
2019-02-28 21:30:46,842 [MainThread  ][INFO ]  Final parameters: [1.94668433 0.69190559 0.28069739]
2019-02-28 21:30:46,842 [MainThread  ][INFO ]  Fidelity: 0.998950066546612
2019-02-28 21:30:46,842 [MainThread  ][INFO ]  ---- Starting iteration 85/100
2019-02-28 21:30:46,842 [MainThread  ][DEBUG]  Setting hyperparameter tf=1.7121212121212122
2019-02-28 21:30:46,842 [MainThread  ][INFO ]  Starting optimization for tf=1.7121212121212122
2019-02-28 21:30:46,842 [MainThread  ][DEBUG]  Optimization method: Powell
2019-02-28 21:30:46,842 [MainThread  ][DEBUG]  Optimization options: None
2019-02-28 21:30:46,842 [MainThread  ][INFO ]  Initial parameter values: [1.21322811 0.85606061 0.2951912 ]
2019-02-28 21:31:26,983 [MainThread  ][INFO ]  Final fidelity: 0.9989525448631699
2019-02-28 21:31:26,984 [MainThread  ][INFO ]  Final parameters: [1.73626173 0.80285286 0.23525385]
2019-02-28 21:31:26,984 [MainThread  ][INFO ]  Fidelity: 0.9989525448631699
2019-02-28 21:31:26,984 [MainThread  ][INFO ]  ---- Starting iteration 86/100
2019-02-28 21:31:26,985 [MainThread  ][DEBUG]  Setting hyperparameter tf=1.7313131313131314
2019-02-28 21:31:26,985 [MainThread  ][INFO ]  Starting optimization for tf=1.7313131313131314
2019-02-28 21:31:26,985 [MainThread  ][DEBUG]  Optimization method: Powell
2019-02-28 21:31:26,985 [MainThread  ][DEBUG]  Optimization options: None
2019-02-28 21:31:26,985 [MainThread  ][INFO ]  Initial parameter values: [1.5190323  0.86565657 1.7068129 ]
2019-02-28 21:33:18,019 [MainThread  ][INFO ]  Final fidelity: 0.9989937849810265
2019-02-28 21:33:18,020 [MainThread  ][INFO ]  Final parameters: [ 1.20097787  1.44110035 -0.92602975]
2019-02-28 21:33:18,020 [MainThread  ][INFO ]  Fidelity: 0.9989937849810265
2019-02-28 21:33:18,020 [MainThread  ][INFO ]  ---- Starting iteration 87/100
2019-02-28 21:33:18,020 [MainThread  ][DEBUG]  Setting hyperparameter tf=1.7505050505050506
2019-02-28 21:33:18,020 [MainThread  ][INFO ]  Starting optimization for tf=1.7505050505050506
2019-02-28 21:33:18,020 [MainThread  ][DEBUG]  Optimization method: Powell
2019-02-28 21:33:18,020 [MainThread  ][DEBUG]  Optimization options: None
2019-02-28 21:33:18,020 [MainThread  ][INFO ]  Initial parameter values: [0.52114779 0.87525253 0.25990331]
2019-02-28 21:33:35,593 [MainThread  ][INFO ]  Final fidelity: 0.9989618502653361
2019-02-28 21:33:35,598 [MainThread  ][INFO ]  Final parameters: [1.6314599  0.85542021 0.24739815]
2019-02-28 21:33:35,598 [MainThread  ][INFO ]  Fidelity: 0.9989618502653361
2019-02-28 21:33:35,599 [MainThread  ][INFO ]  ---- Starting iteration 88/100
2019-02-28 21:33:35,599 [MainThread  ][DEBUG]  Setting hyperparameter tf=1.7696969696969698
2019-02-28 21:33:35,599 [MainThread  ][INFO ]  Starting optimization for tf=1.7696969696969698
2019-02-28 21:33:35,599 [MainThread  ][DEBUG]  Optimization method: Powell
2019-02-28 21:33:35,599 [MainThread  ][DEBUG]  Optimization options: None
2019-02-28 21:33:35,599 [MainThread  ][INFO ]  Initial parameter values: [0.59910389 0.88484848 0.27544509]
2019-02-28 21:33:59,058 [MainThread  ][INFO ]  Final fidelity: 0.9989668487702582
2019-02-28 21:33:59,065 [MainThread  ][INFO ]  Final parameters: [1.59966627 0.86689268 0.26363694]
2019-02-28 21:33:59,065 [MainThread  ][INFO ]  Fidelity: 0.9989668487702582
2019-02-28 21:33:59,065 [MainThread  ][INFO ]  ---- Starting iteration 89/100
2019-02-28 21:33:59,065 [MainThread  ][DEBUG]  Setting hyperparameter tf=1.7888888888888888
2019-02-28 21:33:59,065 [MainThread  ][INFO ]  Starting optimization for tf=1.7888888888888888
2019-02-28 21:33:59,066 [MainThread  ][DEBUG]  Optimization method: Powell
2019-02-28 21:33:59,066 [MainThread  ][DEBUG]  Optimization options: None
2019-02-28 21:33:59,066 [MainThread  ][INFO ]  Initial parameter values: [0.54736736 0.89444444 1.64792729]
2019-02-28 21:34:34,999 [MainThread  ][INFO ]  Final fidelity: 0.9989934771689515
2019-02-28 21:34:35,000 [MainThread  ][INFO ]  Final parameters: [ 1.22117315  1.34742165 -0.27679521]
2019-02-28 21:34:35,000 [MainThread  ][INFO ]  Fidelity: 0.9989934771689515
2019-02-28 21:34:35,000 [MainThread  ][INFO ]  ---- Starting iteration 90/100
2019-02-28 21:34:35,000 [MainThread  ][DEBUG]  Setting hyperparameter tf=1.808080808080808
2019-02-28 21:34:35,000 [MainThread  ][INFO ]  Starting optimization for tf=1.808080808080808
2019-02-28 21:34:35,000 [MainThread  ][DEBUG]  Optimization method: Powell
2019-02-28 21:34:35,001 [MainThread  ][DEBUG]  Optimization options: None
2019-02-28 21:34:35,001 [MainThread  ][INFO ]  Initial parameter values: [0.98564669 0.9040404  0.10295882]
2019-02-28 21:35:39,526 [MainThread  ][INFO ]  Final fidelity: 0.9989785423824388
2019-02-28 21:35:39,527 [MainThread  ][INFO ]  Final parameters: [1.40511334 1.03822035 0.19160689]
2019-02-28 21:35:39,527 [MainThread  ][INFO ]  Fidelity: 0.9989785423824388
2019-02-28 21:35:39,527 [MainThread  ][INFO ]  ---- Starting iteration 91/100
2019-02-28 21:35:39,527 [MainThread  ][DEBUG]  Setting hyperparameter tf=1.8272727272727272
2019-02-28 21:35:39,527 [MainThread  ][INFO ]  Starting optimization for tf=1.8272727272727272
2019-02-28 21:35:39,527 [MainThread  ][DEBUG]  Optimization method: Powell
2019-02-28 21:35:39,527 [MainThread  ][DEBUG]  Optimization options: None
2019-02-28 21:35:39,528 [MainThread  ][INFO ]  Initial parameter values: [1.21360211 0.91363636 0.10240514]
2019-02-28 21:36:16,565 [MainThread  ][INFO ]  Final fidelity: 0.9989820030568045
2019-02-28 21:36:16,566 [MainThread  ][INFO ]  Final parameters: [1.37307135 1.06434089 0.19844914]
2019-02-28 21:36:16,566 [MainThread  ][INFO ]  Fidelity: 0.9989820030568045
2019-02-28 21:36:16,566 [MainThread  ][INFO ]  ---- Starting iteration 92/100
2019-02-28 21:36:16,566 [MainThread  ][DEBUG]  Setting hyperparameter tf=1.8464646464646464
2019-02-28 21:36:16,566 [MainThread  ][INFO ]  Starting optimization for tf=1.8464646464646464
2019-02-28 21:36:16,566 [MainThread  ][DEBUG]  Optimization method: Powell
2019-02-28 21:36:16,566 [MainThread  ][DEBUG]  Optimization options: None
2019-02-28 21:36:16,567 [MainThread  ][INFO ]  Initial parameter values: [1.40252574 0.92323232 0.16025953]
2019-02-28 21:37:03,176 [MainThread  ][INFO ]  Final fidelity: 0.9989845076334691
2019-02-28 21:37:03,177 [MainThread  ][INFO ]  Final parameters: [1.36540384 1.05607865 0.23232253]
2019-02-28 21:37:03,177 [MainThread  ][INFO ]  Fidelity: 0.9989845076334691
2019-02-28 21:37:03,177 [MainThread  ][INFO ]  ---- Starting iteration 93/100
2019-02-28 21:37:03,177 [MainThread  ][DEBUG]  Setting hyperparameter tf=1.8656565656565656
2019-02-28 21:37:03,177 [MainThread  ][INFO ]  Starting optimization for tf=1.8656565656565656
2019-02-28 21:37:03,178 [MainThread  ][DEBUG]  Optimization method: Powell
2019-02-28 21:37:03,178 [MainThread  ][DEBUG]  Optimization options: None
2019-02-28 21:37:03,178 [MainThread  ][INFO ]  Initial parameter values: [1.88086917 0.93282828 1.56585562]
2019-02-28 21:38:10,498 [MainThread  ][INFO ]  Final fidelity: 0.9990407370989877
2019-02-28 21:38:10,498 [MainThread  ][INFO ]  Final parameters: [ 1.05527283  1.71225061 -1.98289065]
2019-02-28 21:38:10,498 [MainThread  ][INFO ]  Fidelity: 0.9990407370989877
2019-02-28 21:38:10,499 [MainThread  ][INFO ]  ---- Starting iteration 94/100
2019-02-28 21:38:10,499 [MainThread  ][DEBUG]  Setting hyperparameter tf=1.8848484848484848
2019-02-28 21:38:10,499 [MainThread  ][INFO ]  Starting optimization for tf=1.8848484848484848
2019-02-28 21:38:10,499 [MainThread  ][DEBUG]  Optimization method: Powell
2019-02-28 21:38:10,499 [MainThread  ][DEBUG]  Optimization options: None
2019-02-28 21:38:10,499 [MainThread  ][INFO ]  Initial parameter values: [0.29928875 0.94242424 0.34725809]
2019-02-28 21:38:49,789 [MainThread  ][INFO ]  Final fidelity: 0.9989905798399145
2019-02-28 21:38:49,789 [MainThread  ][INFO ]  Final parameters: [1.43686299 0.94196991 0.34485308]
2019-02-28 21:38:49,789 [MainThread  ][INFO ]  Fidelity: 0.9989905798399145
2019-02-28 21:38:49,790 [MainThread  ][INFO ]  ---- Starting iteration 95/100
2019-02-28 21:38:49,790 [MainThread  ][DEBUG]  Setting hyperparameter tf=1.904040404040404
2019-02-28 21:38:49,790 [MainThread  ][INFO ]  Starting optimization for tf=1.904040404040404
2019-02-28 21:38:49,790 [MainThread  ][DEBUG]  Optimization method: Powell
2019-02-28 21:38:49,790 [MainThread  ][DEBUG]  Optimization options: None
2019-02-28 21:38:49,790 [MainThread  ][INFO ]  Initial parameter values: [0.54666638 0.9520202  0.56630561]
2019-02-28 21:39:53,183 [MainThread  ][INFO ]  Final fidelity: 0.9989995832496387
2019-02-28 21:39:53,184 [MainThread  ][INFO ]  Final parameters: [1.77845367 0.66265584 0.46925764]
2019-02-28 21:39:53,184 [MainThread  ][INFO ]  Fidelity: 0.9989995832496387
2019-02-28 21:39:53,184 [MainThread  ][INFO ]  ---- Starting iteration 96/100
2019-02-28 21:39:53,184 [MainThread  ][DEBUG]  Setting hyperparameter tf=1.9232323232323232
2019-02-28 21:39:53,184 [MainThread  ][INFO ]  Starting optimization for tf=1.9232323232323232
2019-02-28 21:39:53,184 [MainThread  ][DEBUG]  Optimization method: Powell
2019-02-28 21:39:53,184 [MainThread  ][DEBUG]  Optimization options: None
2019-02-28 21:39:53,185 [MainThread  ][INFO ]  Initial parameter values: [0.61420934 0.96161616 1.36624246]
2019-02-28 21:40:47,693 [MainThread  ][INFO ]  Final fidelity: 0.9990479243436435
2019-02-28 21:40:47,694 [MainThread  ][INFO ]  Final parameters: [ 1.03609156  1.71842186 -1.15811253]
2019-02-28 21:40:47,694 [MainThread  ][INFO ]  Fidelity: 0.9990479243436435
2019-02-28 21:40:47,694 [MainThread  ][INFO ]  ---- Starting iteration 97/100
2019-02-28 21:40:47,694 [MainThread  ][DEBUG]  Setting hyperparameter tf=1.9424242424242424
2019-02-28 21:40:47,694 [MainThread  ][INFO ]  Starting optimization for tf=1.9424242424242424
2019-02-28 21:40:47,694 [MainThread  ][DEBUG]  Optimization method: Powell
2019-02-28 21:40:47,695 [MainThread  ][DEBUG]  Optimization options: None
2019-02-28 21:40:47,695 [MainThread  ][INFO ]  Initial parameter values: [1.95628944 0.97121212 1.9055797 ]
2019-02-28 21:41:57,763 [MainThread  ][INFO ]  Final fidelity: 0.9990607183912581
2019-02-28 21:41:57,763 [MainThread  ][INFO ]  Final parameters: [ 1.01116955  1.80277013 -1.9941001 ]
2019-02-28 21:41:57,763 [MainThread  ][INFO ]  Fidelity: 0.9990607183912581
2019-02-28 21:41:57,764 [MainThread  ][INFO ]  ---- Starting iteration 98/100
2019-02-28 21:41:57,764 [MainThread  ][DEBUG]  Setting hyperparameter tf=1.9616161616161616
2019-02-28 21:41:57,764 [MainThread  ][INFO ]  Starting optimization for tf=1.9616161616161616
2019-02-28 21:41:57,764 [MainThread  ][DEBUG]  Optimization method: Powell
2019-02-28 21:41:57,764 [MainThread  ][DEBUG]  Optimization options: None
2019-02-28 21:41:57,764 [MainThread  ][INFO ]  Initial parameter values: [0.49578333 0.98080808 1.92035494]
2019-02-28 21:42:37,685 [MainThread  ][INFO ]  Final fidelity: 0.9990671160751728
2019-02-28 21:42:37,686 [MainThread  ][INFO ]  Final parameters: [ 1.00055502  1.82442236 -1.97508418]
2019-02-28 21:42:37,686 [MainThread  ][INFO ]  Fidelity: 0.9990671160751728
2019-02-28 21:42:37,686 [MainThread  ][INFO ]  ---- Starting iteration 99/100
2019-02-28 21:42:37,686 [MainThread  ][DEBUG]  Setting hyperparameter tf=1.9808080808080808
2019-02-28 21:42:37,686 [MainThread  ][INFO ]  Starting optimization for tf=1.9808080808080808
2019-02-28 21:42:37,686 [MainThread  ][DEBUG]  Optimization method: Powell
2019-02-28 21:42:37,686 [MainThread  ][DEBUG]  Optimization options: None
2019-02-28 21:42:37,687 [MainThread  ][INFO ]  Initial parameter values: [1.20040518 0.99040404 0.25853364]
2019-02-28 21:43:34,569 [MainThread  ][INFO ]  Final fidelity: 0.9990125633470347
2019-02-28 21:43:34,570 [MainThread  ][INFO ]  Final parameters: [1.23485872 1.15059187 0.33200602]
2019-02-28 21:43:34,570 [MainThread  ][INFO ]  Fidelity: 0.9990125633470347
2019-02-28 21:43:34,570 [MainThread  ][INFO ]  ---- Starting iteration 100/100
2019-02-28 21:43:34,570 [MainThread  ][DEBUG]  Setting hyperparameter tf=2.0
2019-02-28 21:43:34,570 [MainThread  ][INFO ]  Starting optimization for tf=2.0
2019-02-28 21:43:34,570 [MainThread  ][DEBUG]  Optimization method: Powell
2019-02-28 21:43:34,570 [MainThread  ][DEBUG]  Optimization options: None
2019-02-28 21:43:34,570 [MainThread  ][INFO ]  Initial parameter values: [0.00860878 1.         0.48765702]
2019-02-28 21:45:08,791 [MainThread  ][INFO ]  Final fidelity: 0.9990180076533364
2019-02-28 21:45:08,793 [MainThread  ][INFO ]  Final parameters: [1.38717089 0.91413207 0.4525912 ]
2019-02-28 21:45:08,793 [MainThread  ][INFO ]  Fidelity: 0.9990180076533364
