2019-02-28 19:24:28,570 [MainThread  ][INFO ]  Output file name will be "lmg_doublebang_powell_150spins.csv"
2019-02-28 19:24:28,713 [MainThread  ][INFO ]  Using doublebang protocol ansatz.
2019-02-28 19:24:28,713 [MainThread  ][DEBUG]  Initializing ProtocolAnsatz instance "doublebang"
2019-02-28 19:24:28,713 [MainThread  ][INFO ]  Using parameters constraints: [[-2.0, 2.0], [None, None], [-2.0, 2.0]]
2019-02-28 19:24:28,713 [MainThread  ][INFO ]  Using total height constraint: None
2019-02-28 19:24:28,713 [MainThread  ][INFO ]  ---- Starting iteration 1/100
2019-02-28 19:24:28,714 [MainThread  ][DEBUG]  Setting hyperparameter tf=0.1
2019-02-28 19:24:28,714 [MainThread  ][INFO ]  Starting optimization for tf=0.1
2019-02-28 19:24:28,714 [MainThread  ][DEBUG]  Optimization method: Powell
2019-02-28 19:24:28,714 [MainThread  ][DEBUG]  Optimization options: None
2019-02-28 19:24:28,714 [MainThread  ][INFO ]  Initial parameter values: [1.33413452 0.05       1.91179847]
2019-02-28 19:25:47,999 [MainThread  ][INFO ]  Final fidelity: 0.7244852350819485
2019-02-28 19:25:48,001 [MainThread  ][INFO ]  Final parameters: [ 1.99994038  0.06018884 -1.99998261]
2019-02-28 19:25:48,001 [MainThread  ][INFO ]  Fidelity: 0.7244852350819485
2019-02-28 19:25:48,001 [MainThread  ][INFO ]  ---- Starting iteration 2/100
2019-02-28 19:25:48,001 [MainThread  ][DEBUG]  Setting hyperparameter tf=0.1191919191919192
2019-02-28 19:25:48,001 [MainThread  ][INFO ]  Starting optimization for tf=0.1191919191919192
2019-02-28 19:25:48,001 [MainThread  ][DEBUG]  Optimization method: Powell
2019-02-28 19:25:48,001 [MainThread  ][DEBUG]  Optimization options: None
2019-02-28 19:25:48,002 [MainThread  ][INFO ]  Initial parameter values: [1.03254168 0.05959596 1.45398552]
2019-02-28 19:27:08,626 [MainThread  ][INFO ]  Final fidelity: 0.7257830316246457
2019-02-28 19:27:08,627 [MainThread  ][INFO ]  Final parameters: [ 1.99999999  0.07149286 -1.99972139]
2019-02-28 19:27:08,644 [MainThread  ][INFO ]  Fidelity: 0.7257830316246457
2019-02-28 19:27:08,644 [MainThread  ][INFO ]  ---- Starting iteration 3/100
2019-02-28 19:27:08,644 [MainThread  ][DEBUG]  Setting hyperparameter tf=0.1383838383838384
2019-02-28 19:27:08,644 [MainThread  ][INFO ]  Starting optimization for tf=0.1383838383838384
2019-02-28 19:27:08,644 [MainThread  ][DEBUG]  Optimization method: Powell
2019-02-28 19:27:08,645 [MainThread  ][DEBUG]  Optimization options: None
2019-02-28 19:27:08,645 [MainThread  ][INFO ]  Initial parameter values: [1.95472492 0.06919192 1.84353401]
2019-02-28 19:28:36,497 [MainThread  ][INFO ]  Final fidelity: 0.7273015778290491
2019-02-28 19:28:36,498 [MainThread  ][INFO ]  Final parameters: [ 1.99999907  0.08325081 -1.99989374]
2019-02-28 19:28:36,498 [MainThread  ][INFO ]  Fidelity: 0.7273015778290491
2019-02-28 19:28:36,498 [MainThread  ][INFO ]  ---- Starting iteration 4/100
2019-02-28 19:28:36,498 [MainThread  ][DEBUG]  Setting hyperparameter tf=0.1575757575757576
2019-02-28 19:28:36,498 [MainThread  ][INFO ]  Starting optimization for tf=0.1575757575757576
2019-02-28 19:28:36,498 [MainThread  ][DEBUG]  Optimization method: Powell
2019-02-28 19:28:36,498 [MainThread  ][DEBUG]  Optimization options: None
2019-02-28 19:28:36,499 [MainThread  ][INFO ]  Initial parameter values: [0.78567557 0.07878788 0.78241886]
2019-02-28 19:30:08,576 [MainThread  ][INFO ]  Final fidelity: 0.7290472522219599
2019-02-28 19:30:08,579 [MainThread  ][INFO ]  Final parameters: [ 1.99999923  0.09511764 -1.99999982]
2019-02-28 19:30:08,579 [MainThread  ][INFO ]  Fidelity: 0.7290472522219599
2019-02-28 19:30:08,579 [MainThread  ][INFO ]  ---- Starting iteration 5/100
2019-02-28 19:30:08,579 [MainThread  ][DEBUG]  Setting hyperparameter tf=0.17676767676767677
2019-02-28 19:30:08,579 [MainThread  ][INFO ]  Starting optimization for tf=0.17676767676767677
2019-02-28 19:30:08,579 [MainThread  ][DEBUG]  Optimization method: Powell
2019-02-28 19:30:08,579 [MainThread  ][DEBUG]  Optimization options: None
2019-02-28 19:30:08,579 [MainThread  ][INFO ]  Initial parameter values: [1.0101493  0.08838384 0.90875056]
2019-02-28 19:31:28,933 [MainThread  ][INFO ]  Final fidelity: 0.7310158263130421
2019-02-28 19:31:28,935 [MainThread  ][INFO ]  Final parameters: [ 1.99940087  0.10689583 -1.99999989]
2019-02-28 19:31:28,935 [MainThread  ][INFO ]  Fidelity: 0.7310158263130421
2019-02-28 19:31:28,935 [MainThread  ][INFO ]  ---- Starting iteration 6/100
2019-02-28 19:31:28,935 [MainThread  ][DEBUG]  Setting hyperparameter tf=0.19595959595959594
2019-02-28 19:31:28,935 [MainThread  ][INFO ]  Starting optimization for tf=0.19595959595959594
2019-02-28 19:31:28,935 [MainThread  ][DEBUG]  Optimization method: Powell
2019-02-28 19:31:28,935 [MainThread  ][DEBUG]  Optimization options: None
2019-02-28 19:31:28,936 [MainThread  ][INFO ]  Initial parameter values: [0.39210704 0.0979798  0.01279606]
2019-02-28 19:33:02,734 [MainThread  ][INFO ]  Final fidelity: 0.7332057712963714
2019-02-28 19:33:02,736 [MainThread  ][INFO ]  Final parameters: [ 1.99999997  0.1187351  -1.9999999 ]
2019-02-28 19:33:02,736 [MainThread  ][INFO ]  Fidelity: 0.7332057712963714
2019-02-28 19:33:02,736 [MainThread  ][INFO ]  ---- Starting iteration 7/100
2019-02-28 19:33:02,736 [MainThread  ][DEBUG]  Setting hyperparameter tf=0.21515151515151515
2019-02-28 19:33:02,736 [MainThread  ][INFO ]  Starting optimization for tf=0.21515151515151515
2019-02-28 19:33:02,736 [MainThread  ][DEBUG]  Optimization method: Powell
2019-02-28 19:33:02,736 [MainThread  ][DEBUG]  Optimization options: None
2019-02-28 19:33:02,737 [MainThread  ][INFO ]  Initial parameter values: [1.42433863 0.10757576 1.62138463]
2019-02-28 19:34:32,413 [MainThread  ][INFO ]  Final fidelity: 0.7356149596114874
2019-02-28 19:34:32,415 [MainThread  ][INFO ]  Final parameters: [ 1.99999998  0.13046163 -1.99999373]
2019-02-28 19:34:32,415 [MainThread  ][INFO ]  Fidelity: 0.7356149596114874
2019-02-28 19:34:32,415 [MainThread  ][INFO ]  ---- Starting iteration 8/100
2019-02-28 19:34:32,415 [MainThread  ][DEBUG]  Setting hyperparameter tf=0.23434343434343433
2019-02-28 19:34:32,415 [MainThread  ][INFO ]  Starting optimization for tf=0.23434343434343433
2019-02-28 19:34:32,416 [MainThread  ][DEBUG]  Optimization method: Powell
2019-02-28 19:34:32,416 [MainThread  ][DEBUG]  Optimization options: None
2019-02-28 19:34:32,416 [MainThread  ][INFO ]  Initial parameter values: [1.89952193 0.11717172 1.28285341]
2019-02-28 19:35:50,795 [MainThread  ][INFO ]  Final fidelity: 0.7382455333130273
2019-02-28 19:35:50,798 [MainThread  ][INFO ]  Final parameters: [ 1.9999815   0.14248936 -1.99999999]
2019-02-28 19:35:50,798 [MainThread  ][INFO ]  Fidelity: 0.7382455333130273
2019-02-28 19:35:50,798 [MainThread  ][INFO ]  ---- Starting iteration 9/100
2019-02-28 19:35:50,798 [MainThread  ][DEBUG]  Setting hyperparameter tf=0.2535353535353535
2019-02-28 19:35:50,798 [MainThread  ][INFO ]  Starting optimization for tf=0.2535353535353535
2019-02-28 19:35:50,798 [MainThread  ][DEBUG]  Optimization method: Powell
2019-02-28 19:35:50,798 [MainThread  ][DEBUG]  Optimization options: None
2019-02-28 19:35:50,799 [MainThread  ][INFO ]  Initial parameter values: [1.83768461 0.12676768 0.08923328]
2019-02-28 19:37:30,568 [MainThread  ][INFO ]  Final fidelity: 0.7410873348361344
2019-02-28 19:37:30,569 [MainThread  ][INFO ]  Final parameters: [ 1.99999991  0.15441305 -1.99999982]
2019-02-28 19:37:30,569 [MainThread  ][INFO ]  Fidelity: 0.7410873348361344
2019-02-28 19:37:30,569 [MainThread  ][INFO ]  ---- Starting iteration 10/100
2019-02-28 19:37:30,570 [MainThread  ][DEBUG]  Setting hyperparameter tf=0.2727272727272727
2019-02-28 19:37:30,570 [MainThread  ][INFO ]  Starting optimization for tf=0.2727272727272727
2019-02-28 19:37:30,570 [MainThread  ][DEBUG]  Optimization method: Powell
2019-02-28 19:37:30,570 [MainThread  ][DEBUG]  Optimization options: None
2019-02-28 19:37:30,570 [MainThread  ][INFO ]  Initial parameter values: [1.45003211 0.13636364 1.7206636 ]
2019-02-28 19:39:29,937 [MainThread  ][INFO ]  Final fidelity: 0.7441450016117654
2019-02-28 19:39:29,944 [MainThread  ][INFO ]  Final parameters: [ 1.9999999   0.16637772 -1.99999999]
2019-02-28 19:39:29,944 [MainThread  ][INFO ]  Fidelity: 0.7441450016117654
2019-02-28 19:39:29,945 [MainThread  ][INFO ]  ---- Starting iteration 11/100
2019-02-28 19:39:29,945 [MainThread  ][DEBUG]  Setting hyperparameter tf=0.2919191919191919
2019-02-28 19:39:29,945 [MainThread  ][INFO ]  Starting optimization for tf=0.2919191919191919
2019-02-28 19:39:29,945 [MainThread  ][DEBUG]  Optimization method: Powell
2019-02-28 19:39:29,945 [MainThread  ][DEBUG]  Optimization options: None
2019-02-28 19:39:29,945 [MainThread  ][INFO ]  Initial parameter values: [0.45713817 0.1459596  0.35791426]
2019-02-28 19:41:26,044 [MainThread  ][INFO ]  Final fidelity: 0.7474173989344605
2019-02-28 19:41:26,045 [MainThread  ][INFO ]  Final parameters: [ 1.99999999  0.17891802 -1.99999994]
2019-02-28 19:41:26,045 [MainThread  ][INFO ]  Fidelity: 0.7474173989344605
2019-02-28 19:41:26,045 [MainThread  ][INFO ]  ---- Starting iteration 12/100
2019-02-28 19:41:26,045 [MainThread  ][DEBUG]  Setting hyperparameter tf=0.3111111111111111
2019-02-28 19:41:26,045 [MainThread  ][INFO ]  Starting optimization for tf=0.3111111111111111
2019-02-28 19:41:26,045 [MainThread  ][DEBUG]  Optimization method: Powell
2019-02-28 19:41:26,046 [MainThread  ][DEBUG]  Optimization options: None
2019-02-28 19:41:26,046 [MainThread  ][INFO ]  Initial parameter values: [0.7749943  0.15555556 1.59062319]
2019-02-28 19:43:18,317 [MainThread  ][INFO ]  Final fidelity: 0.7508942832576572
2019-02-28 19:43:18,318 [MainThread  ][INFO ]  Final parameters: [ 1.99999978  0.19123154 -1.99999991]
2019-02-28 19:43:18,318 [MainThread  ][INFO ]  Fidelity: 0.7508942832576572
2019-02-28 19:43:18,318 [MainThread  ][INFO ]  ---- Starting iteration 13/100
2019-02-28 19:43:18,319 [MainThread  ][DEBUG]  Setting hyperparameter tf=0.3303030303030303
2019-02-28 19:43:18,319 [MainThread  ][INFO ]  Starting optimization for tf=0.3303030303030303
2019-02-28 19:43:18,319 [MainThread  ][DEBUG]  Optimization method: Powell
2019-02-28 19:43:18,319 [MainThread  ][DEBUG]  Optimization options: None
2019-02-28 19:43:18,319 [MainThread  ][INFO ]  Initial parameter values: [1.74964656 0.16515152 0.54894142]
2019-02-28 19:45:09,479 [MainThread  ][INFO ]  Final fidelity: 0.7545753820273335
2019-02-28 19:45:09,479 [MainThread  ][INFO ]  Final parameters: [ 2.          0.20294805 -1.99999728]
2019-02-28 19:45:09,479 [MainThread  ][INFO ]  Fidelity: 0.7545753820273335
2019-02-28 19:45:09,480 [MainThread  ][INFO ]  ---- Starting iteration 14/100
2019-02-28 19:45:09,480 [MainThread  ][DEBUG]  Setting hyperparameter tf=0.3494949494949495
2019-02-28 19:45:09,480 [MainThread  ][INFO ]  Starting optimization for tf=0.3494949494949495
2019-02-28 19:45:09,480 [MainThread  ][DEBUG]  Optimization method: Powell
2019-02-28 19:45:09,480 [MainThread  ][DEBUG]  Optimization options: None
2019-02-28 19:45:09,480 [MainThread  ][INFO ]  Initial parameter values: [1.12415906 0.17474747 0.45193127]
2019-02-28 19:47:04,206 [MainThread  ][INFO ]  Final fidelity: 0.7584653754433651
2019-02-28 19:47:04,208 [MainThread  ][INFO ]  Final parameters: [ 1.99999999  0.21592385 -1.99999986]
2019-02-28 19:47:04,208 [MainThread  ][INFO ]  Fidelity: 0.7584653754433651
2019-02-28 19:47:04,208 [MainThread  ][INFO ]  ---- Starting iteration 15/100
2019-02-28 19:47:04,208 [MainThread  ][DEBUG]  Setting hyperparameter tf=0.3686868686868686
2019-02-28 19:47:04,208 [MainThread  ][INFO ]  Starting optimization for tf=0.3686868686868686
2019-02-28 19:47:04,208 [MainThread  ][DEBUG]  Optimization method: Powell
2019-02-28 19:47:04,208 [MainThread  ][DEBUG]  Optimization options: None
2019-02-28 19:47:04,209 [MainThread  ][INFO ]  Initial parameter values: [1.27320653 0.18434343 1.76574343]
2019-02-28 19:48:37,345 [MainThread  ][INFO ]  Final fidelity: 0.7625446333011466
2019-02-28 19:48:37,348 [MainThread  ][INFO ]  Final parameters: [ 1.99999968  0.22818306 -2.        ]
2019-02-28 19:48:37,348 [MainThread  ][INFO ]  Fidelity: 0.7625446333011466
2019-02-28 19:48:37,348 [MainThread  ][INFO ]  ---- Starting iteration 16/100
2019-02-28 19:48:37,348 [MainThread  ][DEBUG]  Setting hyperparameter tf=0.3878787878787878
2019-02-28 19:48:37,348 [MainThread  ][INFO ]  Starting optimization for tf=0.3878787878787878
2019-02-28 19:48:37,348 [MainThread  ][DEBUG]  Optimization method: Powell
2019-02-28 19:48:37,348 [MainThread  ][DEBUG]  Optimization options: None
2019-02-28 19:48:37,348 [MainThread  ][INFO ]  Initial parameter values: [1.6088455  0.19393939 0.05407067]
2019-02-28 19:50:07,450 [MainThread  ][INFO ]  Final fidelity: 0.7668228560955127
2019-02-28 19:50:07,451 [MainThread  ][INFO ]  Final parameters: [ 1.99999989  0.24167251 -1.9999989 ]
2019-02-28 19:50:07,451 [MainThread  ][INFO ]  Fidelity: 0.7668228560955127
2019-02-28 19:50:07,451 [MainThread  ][INFO ]  ---- Starting iteration 17/100
2019-02-28 19:50:07,451 [MainThread  ][DEBUG]  Setting hyperparameter tf=0.407070707070707
2019-02-28 19:50:07,452 [MainThread  ][INFO ]  Starting optimization for tf=0.407070707070707
2019-02-28 19:50:07,452 [MainThread  ][DEBUG]  Optimization method: Powell
2019-02-28 19:50:07,452 [MainThread  ][DEBUG]  Optimization options: None
2019-02-28 19:50:07,452 [MainThread  ][INFO ]  Initial parameter values: [1.37548144 0.20353535 1.54284476]
2019-02-28 19:51:37,358 [MainThread  ][INFO ]  Final fidelity: 0.7712907479001906
2019-02-28 19:51:37,359 [MainThread  ][INFO ]  Final parameters: [ 1.99999988  0.25439305 -1.99999583]
2019-02-28 19:51:37,360 [MainThread  ][INFO ]  Fidelity: 0.7712907479001906
2019-02-28 19:51:37,360 [MainThread  ][INFO ]  ---- Starting iteration 18/100
2019-02-28 19:51:37,360 [MainThread  ][DEBUG]  Setting hyperparameter tf=0.42626262626262623
2019-02-28 19:51:37,360 [MainThread  ][INFO ]  Starting optimization for tf=0.42626262626262623
2019-02-28 19:51:37,360 [MainThread  ][DEBUG]  Optimization method: Powell
2019-02-28 19:51:37,360 [MainThread  ][DEBUG]  Optimization options: None
2019-02-28 19:51:37,360 [MainThread  ][INFO ]  Initial parameter values: [0.3907822  0.21313131 1.91127143]
2019-02-28 19:53:31,542 [MainThread  ][INFO ]  Final fidelity: 0.7759361767105079
2019-02-28 19:53:31,544 [MainThread  ][INFO ]  Final parameters: [ 1.99999999  0.26700968 -1.9999237 ]
2019-02-28 19:53:31,544 [MainThread  ][INFO ]  Fidelity: 0.7759361767105079
2019-02-28 19:53:31,544 [MainThread  ][INFO ]  ---- Starting iteration 19/100
2019-02-28 19:53:31,545 [MainThread  ][DEBUG]  Setting hyperparameter tf=0.44545454545454544
2019-02-28 19:53:31,545 [MainThread  ][INFO ]  Starting optimization for tf=0.44545454545454544
2019-02-28 19:53:31,545 [MainThread  ][DEBUG]  Optimization method: Powell
2019-02-28 19:53:31,545 [MainThread  ][DEBUG]  Optimization options: None
2019-02-28 19:53:31,545 [MainThread  ][INFO ]  Initial parameter values: [0.22050013 0.22272727 0.98385426]
2019-02-28 19:54:57,482 [MainThread  ][INFO ]  Final fidelity: 0.7807649832630812
2019-02-28 19:54:57,483 [MainThread  ][INFO ]  Final parameters: [ 1.99999941  0.28021429 -1.9999998 ]
2019-02-28 19:54:57,483 [MainThread  ][INFO ]  Fidelity: 0.7807649832630812
2019-02-28 19:54:57,483 [MainThread  ][INFO ]  ---- Starting iteration 20/100
2019-02-28 19:54:57,484 [MainThread  ][DEBUG]  Setting hyperparameter tf=0.46464646464646464
2019-02-28 19:54:57,484 [MainThread  ][INFO ]  Starting optimization for tf=0.46464646464646464
2019-02-28 19:54:57,484 [MainThread  ][DEBUG]  Optimization method: Powell
2019-02-28 19:54:57,484 [MainThread  ][DEBUG]  Optimization options: None
2019-02-28 19:54:57,484 [MainThread  ][INFO ]  Initial parameter values: [0.79285954 0.23232323 1.84396759]
2019-02-28 19:57:16,365 [MainThread  ][INFO ]  Final fidelity: 0.7857622037780958
2019-02-28 19:57:16,366 [MainThread  ][INFO ]  Final parameters: [ 2.          0.29348235 -1.99999999]
2019-02-28 19:57:16,366 [MainThread  ][INFO ]  Fidelity: 0.7857622037780958
2019-02-28 19:57:16,366 [MainThread  ][INFO ]  ---- Starting iteration 21/100
2019-02-28 19:57:16,366 [MainThread  ][DEBUG]  Setting hyperparameter tf=0.48383838383838385
2019-02-28 19:57:16,366 [MainThread  ][INFO ]  Starting optimization for tf=0.48383838383838385
2019-02-28 19:57:16,366 [MainThread  ][DEBUG]  Optimization method: Powell
2019-02-28 19:57:16,366 [MainThread  ][DEBUG]  Optimization options: None
2019-02-28 19:57:16,367 [MainThread  ][INFO ]  Initial parameter values: [1.65242445 0.24191919 1.40283718]
2019-02-28 19:58:34,505 [MainThread  ][INFO ]  Final fidelity: 0.7909230537528235
2019-02-28 19:58:34,512 [MainThread  ][INFO ]  Final parameters: [ 1.99999999  0.30678518 -1.99984065]
2019-02-28 19:58:34,512 [MainThread  ][INFO ]  Fidelity: 0.7909230537528235
2019-02-28 19:58:34,513 [MainThread  ][INFO ]  ---- Starting iteration 22/100
2019-02-28 19:58:34,513 [MainThread  ][DEBUG]  Setting hyperparameter tf=0.503030303030303
2019-02-28 19:58:34,513 [MainThread  ][INFO ]  Starting optimization for tf=0.503030303030303
2019-02-28 19:58:34,513 [MainThread  ][DEBUG]  Optimization method: Powell
2019-02-28 19:58:34,513 [MainThread  ][DEBUG]  Optimization options: None
2019-02-28 19:58:34,513 [MainThread  ][INFO ]  Initial parameter values: [0.03579402 0.25151515 0.57032959]
2019-02-28 20:00:24,616 [MainThread  ][INFO ]  Final fidelity: 0.7962169436721291
2019-02-28 20:00:24,618 [MainThread  ][INFO ]  Final parameters: [ 1.99999999  0.31824041 -1.99999991]
2019-02-28 20:00:24,618 [MainThread  ][INFO ]  Fidelity: 0.7962169436721291
2019-02-28 20:00:24,618 [MainThread  ][INFO ]  ---- Starting iteration 23/100
2019-02-28 20:00:24,618 [MainThread  ][DEBUG]  Setting hyperparameter tf=0.5222222222222221
2019-02-28 20:00:24,618 [MainThread  ][INFO ]  Starting optimization for tf=0.5222222222222221
2019-02-28 20:00:24,618 [MainThread  ][DEBUG]  Optimization method: Powell
2019-02-28 20:00:24,618 [MainThread  ][DEBUG]  Optimization options: None
2019-02-28 20:00:24,619 [MainThread  ][INFO ]  Initial parameter values: [0.88234837 0.26111111 1.91665731]
2019-02-28 20:02:37,132 [MainThread  ][INFO ]  Final fidelity: 0.8017150005817989
2019-02-28 20:02:37,135 [MainThread  ][INFO ]  Final parameters: [ 1.99999997  0.33393659 -1.99999991]
2019-02-28 20:02:37,135 [MainThread  ][INFO ]  Fidelity: 0.8017150005817989
2019-02-28 20:02:37,135 [MainThread  ][INFO ]  ---- Starting iteration 24/100
2019-02-28 20:02:37,135 [MainThread  ][DEBUG]  Setting hyperparameter tf=0.5414141414141413
2019-02-28 20:02:37,135 [MainThread  ][INFO ]  Starting optimization for tf=0.5414141414141413
2019-02-28 20:02:37,135 [MainThread  ][DEBUG]  Optimization method: Powell
2019-02-28 20:02:37,135 [MainThread  ][DEBUG]  Optimization options: None
2019-02-28 20:02:37,135 [MainThread  ][INFO ]  Initial parameter values: [0.16044034 0.27070707 0.40058228]
2019-02-28 20:04:25,086 [MainThread  ][INFO ]  Final fidelity: 0.8064519472317812
2019-02-28 20:04:25,089 [MainThread  ][INFO ]  Final parameters: [ 1.99999995  0.33667445 -1.99994029]
2019-02-28 20:04:25,089 [MainThread  ][INFO ]  Fidelity: 0.8064519472317812
2019-02-28 20:04:25,089 [MainThread  ][INFO ]  ---- Starting iteration 25/100
2019-02-28 20:04:25,089 [MainThread  ][DEBUG]  Setting hyperparameter tf=0.5606060606060606
2019-02-28 20:04:25,090 [MainThread  ][INFO ]  Starting optimization for tf=0.5606060606060606
2019-02-28 20:04:25,090 [MainThread  ][DEBUG]  Optimization method: Powell
2019-02-28 20:04:25,090 [MainThread  ][DEBUG]  Optimization options: None
2019-02-28 20:04:25,090 [MainThread  ][INFO ]  Initial parameter values: [1.49687747 0.28030303 0.56710353]
2019-02-28 20:06:54,554 [MainThread  ][INFO ]  Final fidelity: 0.8130700991651921
2019-02-28 20:06:54,555 [MainThread  ][INFO ]  Final parameters: [ 1.99999998  0.36144613 -1.99991641]
2019-02-28 20:06:54,555 [MainThread  ][INFO ]  Fidelity: 0.8130700991651921
2019-02-28 20:06:54,555 [MainThread  ][INFO ]  ---- Starting iteration 26/100
2019-02-28 20:06:54,555 [MainThread  ][DEBUG]  Setting hyperparameter tf=0.5797979797979798
2019-02-28 20:06:54,555 [MainThread  ][INFO ]  Starting optimization for tf=0.5797979797979798
2019-02-28 20:06:54,555 [MainThread  ][DEBUG]  Optimization method: Powell
2019-02-28 20:06:54,555 [MainThread  ][DEBUG]  Optimization options: None
2019-02-28 20:06:54,556 [MainThread  ][INFO ]  Initial parameter values: [0.93897686 0.28989899 0.23103148]
2019-02-28 20:08:46,067 [MainThread  ][INFO ]  Final fidelity: 0.8182211703521646
2019-02-28 20:08:46,076 [MainThread  ][INFO ]  Final parameters: [ 1.9999999   0.36610162 -1.99999456]
2019-02-28 20:08:46,077 [MainThread  ][INFO ]  Fidelity: 0.8182211703521646
2019-02-28 20:08:46,077 [MainThread  ][INFO ]  ---- Starting iteration 27/100
2019-02-28 20:08:46,077 [MainThread  ][DEBUG]  Setting hyperparameter tf=0.598989898989899
2019-02-28 20:08:46,077 [MainThread  ][INFO ]  Starting optimization for tf=0.598989898989899
2019-02-28 20:08:46,077 [MainThread  ][DEBUG]  Optimization method: Powell
2019-02-28 20:08:46,077 [MainThread  ][DEBUG]  Optimization options: None
2019-02-28 20:08:46,077 [MainThread  ][INFO ]  Initial parameter values: [0.03839551 0.29949495 0.35144214]
2019-02-28 20:10:27,018 [MainThread  ][INFO ]  Final fidelity: 0.8244907332880677
2019-02-28 20:10:27,019 [MainThread  ][INFO ]  Final parameters: [ 2.          0.38258092 -1.99999991]
2019-02-28 20:10:27,020 [MainThread  ][INFO ]  Fidelity: 0.8244907332880677
2019-02-28 20:10:27,020 [MainThread  ][INFO ]  ---- Starting iteration 28/100
2019-02-28 20:10:27,020 [MainThread  ][DEBUG]  Setting hyperparameter tf=0.6181818181818182
2019-02-28 20:10:27,020 [MainThread  ][INFO ]  Starting optimization for tf=0.6181818181818182
2019-02-28 20:10:27,020 [MainThread  ][DEBUG]  Optimization method: Powell
2019-02-28 20:10:27,020 [MainThread  ][DEBUG]  Optimization options: None
2019-02-28 20:10:27,020 [MainThread  ][INFO ]  Initial parameter values: [0.93445966 0.30909091 1.76232326]
2019-02-28 20:12:25,759 [MainThread  ][INFO ]  Final fidelity: 0.8310046639466055
2019-02-28 20:12:25,763 [MainThread  ][INFO ]  Final parameters: [ 1.99999996  0.40414224 -2.        ]
2019-02-28 20:12:25,763 [MainThread  ][INFO ]  Fidelity: 0.8310046639466055
2019-02-28 20:12:25,763 [MainThread  ][INFO ]  ---- Starting iteration 29/100
2019-02-28 20:12:25,763 [MainThread  ][DEBUG]  Setting hyperparameter tf=0.6373737373737373
2019-02-28 20:12:25,763 [MainThread  ][INFO ]  Starting optimization for tf=0.6373737373737373
2019-02-28 20:12:25,763 [MainThread  ][DEBUG]  Optimization method: Powell
2019-02-28 20:12:25,763 [MainThread  ][DEBUG]  Optimization options: None
2019-02-28 20:12:25,763 [MainThread  ][INFO ]  Initial parameter values: [1.90578454 0.31868687 1.27719187]
2019-02-28 20:14:28,576 [MainThread  ][INFO ]  Final fidelity: 0.837174423397088
2019-02-28 20:14:28,577 [MainThread  ][INFO ]  Final parameters: [ 1.99999998  0.4187553  -1.99999983]
2019-02-28 20:14:28,577 [MainThread  ][INFO ]  Fidelity: 0.837174423397088
2019-02-28 20:14:28,577 [MainThread  ][INFO ]  ---- Starting iteration 30/100
2019-02-28 20:14:28,577 [MainThread  ][DEBUG]  Setting hyperparameter tf=0.6565656565656565
2019-02-28 20:14:28,577 [MainThread  ][INFO ]  Starting optimization for tf=0.6565656565656565
2019-02-28 20:14:28,577 [MainThread  ][DEBUG]  Optimization method: Powell
2019-02-28 20:14:28,578 [MainThread  ][DEBUG]  Optimization options: None
2019-02-28 20:14:28,578 [MainThread  ][INFO ]  Initial parameter values: [0.28294727 0.32828283 1.68998034]
2019-02-28 20:16:47,616 [MainThread  ][INFO ]  Final fidelity: 0.8434300630923346
2019-02-28 20:16:47,619 [MainThread  ][INFO ]  Final parameters: [ 1.99999997  0.43374583 -1.99999992]
2019-02-28 20:16:47,619 [MainThread  ][INFO ]  Fidelity: 0.8434300630923346
2019-02-28 20:16:47,619 [MainThread  ][INFO ]  ---- Starting iteration 31/100
2019-02-28 20:16:47,619 [MainThread  ][DEBUG]  Setting hyperparameter tf=0.6757575757575757
2019-02-28 20:16:47,619 [MainThread  ][INFO ]  Starting optimization for tf=0.6757575757575757
2019-02-28 20:16:47,619 [MainThread  ][DEBUG]  Optimization method: Powell
2019-02-28 20:16:47,619 [MainThread  ][DEBUG]  Optimization options: None
2019-02-28 20:16:47,620 [MainThread  ][INFO ]  Initial parameter values: [0.84546057 0.33787879 1.81853652]
2019-02-28 20:18:57,480 [MainThread  ][INFO ]  Final fidelity: 0.849747963310413
2019-02-28 20:18:57,482 [MainThread  ][INFO ]  Final parameters: [ 1.99999698  0.4483043  -2.        ]
2019-02-28 20:18:57,483 [MainThread  ][INFO ]  Fidelity: 0.849747963310413
2019-02-28 20:18:57,483 [MainThread  ][INFO ]  ---- Starting iteration 32/100
2019-02-28 20:18:57,483 [MainThread  ][DEBUG]  Setting hyperparameter tf=0.6949494949494949
2019-02-28 20:18:57,483 [MainThread  ][INFO ]  Starting optimization for tf=0.6949494949494949
2019-02-28 20:18:57,483 [MainThread  ][DEBUG]  Optimization method: Powell
2019-02-28 20:18:57,483 [MainThread  ][DEBUG]  Optimization options: None
2019-02-28 20:18:57,483 [MainThread  ][INFO ]  Initial parameter values: [0.40686667 0.34747475 0.75441799]
2019-02-28 20:20:49,478 [MainThread  ][INFO ]  Final fidelity: 0.8558040344467838
2019-02-28 20:20:49,479 [MainThread  ][INFO ]  Final parameters: [ 1.99999996  0.46946825 -1.99999987]
2019-02-28 20:20:49,479 [MainThread  ][INFO ]  Fidelity: 0.8558040344467838
2019-02-28 20:20:49,479 [MainThread  ][INFO ]  ---- Starting iteration 33/100
2019-02-28 20:20:49,479 [MainThread  ][DEBUG]  Setting hyperparameter tf=0.7141414141414141
2019-02-28 20:20:49,479 [MainThread  ][INFO ]  Starting optimization for tf=0.7141414141414141
2019-02-28 20:20:49,479 [MainThread  ][DEBUG]  Optimization method: Powell
2019-02-28 20:20:49,480 [MainThread  ][DEBUG]  Optimization options: None
2019-02-28 20:20:49,480 [MainThread  ][INFO ]  Initial parameter values: [0.67368505 0.35707071 0.99128633]
2019-02-28 20:22:53,058 [MainThread  ][INFO ]  Final fidelity: 0.862535149194009
2019-02-28 20:22:53,059 [MainThread  ][INFO ]  Final parameters: [ 1.99999978  0.47848136 -1.99999997]
2019-02-28 20:22:53,059 [MainThread  ][INFO ]  Fidelity: 0.862535149194009
2019-02-28 20:22:53,059 [MainThread  ][INFO ]  ---- Starting iteration 34/100
2019-02-28 20:22:53,059 [MainThread  ][DEBUG]  Setting hyperparameter tf=0.7333333333333333
2019-02-28 20:22:53,060 [MainThread  ][INFO ]  Starting optimization for tf=0.7333333333333333
2019-02-28 20:22:53,060 [MainThread  ][DEBUG]  Optimization method: Powell
2019-02-28 20:22:53,060 [MainThread  ][DEBUG]  Optimization options: None
2019-02-28 20:22:53,060 [MainThread  ][INFO ]  Initial parameter values: [0.66320511 0.36666667 0.37213331]
2019-02-28 20:24:33,524 [MainThread  ][INFO ]  Final fidelity: 0.8688576798203775
2019-02-28 20:24:33,525 [MainThread  ][INFO ]  Final parameters: [ 2.          0.490603   -1.99999994]
2019-02-28 20:24:33,525 [MainThread  ][INFO ]  Fidelity: 0.8688576798203775
2019-02-28 20:24:33,525 [MainThread  ][INFO ]  ---- Starting iteration 35/100
2019-02-28 20:24:33,525 [MainThread  ][DEBUG]  Setting hyperparameter tf=0.7525252525252525
2019-02-28 20:24:33,525 [MainThread  ][INFO ]  Starting optimization for tf=0.7525252525252525
2019-02-28 20:24:33,525 [MainThread  ][DEBUG]  Optimization method: Powell
2019-02-28 20:24:33,525 [MainThread  ][DEBUG]  Optimization options: None
2019-02-28 20:24:33,525 [MainThread  ][INFO ]  Initial parameter values: [0.35711709 0.37626263 1.89561685]
2019-02-28 20:26:47,910 [MainThread  ][INFO ]  Final fidelity: 0.8754276763086035
2019-02-28 20:26:47,912 [MainThread  ][INFO ]  Final parameters: [ 1.99999997  0.50950379 -1.99999986]
2019-02-28 20:26:47,912 [MainThread  ][INFO ]  Fidelity: 0.8754276763086035
2019-02-28 20:26:47,912 [MainThread  ][INFO ]  ---- Starting iteration 36/100
2019-02-28 20:26:47,912 [MainThread  ][DEBUG]  Setting hyperparameter tf=0.7717171717171717
2019-02-28 20:26:47,912 [MainThread  ][INFO ]  Starting optimization for tf=0.7717171717171717
2019-02-28 20:26:47,912 [MainThread  ][DEBUG]  Optimization method: Powell
2019-02-28 20:26:47,912 [MainThread  ][DEBUG]  Optimization options: None
2019-02-28 20:26:47,912 [MainThread  ][INFO ]  Initial parameter values: [1.81653057 0.38585859 0.41986817]
2019-02-28 20:28:47,401 [MainThread  ][INFO ]  Final fidelity: 0.8818669757699885
2019-02-28 20:28:47,403 [MainThread  ][INFO ]  Final parameters: [ 1.99999995  0.52421064 -1.99999997]
2019-02-28 20:28:47,403 [MainThread  ][INFO ]  Fidelity: 0.8818669757699885
2019-02-28 20:28:47,403 [MainThread  ][INFO ]  ---- Starting iteration 37/100
2019-02-28 20:28:47,403 [MainThread  ][DEBUG]  Setting hyperparameter tf=0.7909090909090909
2019-02-28 20:28:47,403 [MainThread  ][INFO ]  Starting optimization for tf=0.7909090909090909
2019-02-28 20:28:47,403 [MainThread  ][DEBUG]  Optimization method: Powell
2019-02-28 20:28:47,403 [MainThread  ][DEBUG]  Optimization options: None
2019-02-28 20:28:47,404 [MainThread  ][INFO ]  Initial parameter values: [0.24316543 0.39545455 0.32578688]
2019-02-28 20:31:30,304 [MainThread  ][INFO ]  Final fidelity: 0.8882795944483214
2019-02-28 20:31:30,316 [MainThread  ][INFO ]  Final parameters: [ 2.          0.53932184 -1.99991144]
2019-02-28 20:31:30,317 [MainThread  ][INFO ]  Fidelity: 0.8882795944483214
2019-02-28 20:31:30,317 [MainThread  ][INFO ]  ---- Starting iteration 38/100
2019-02-28 20:31:30,317 [MainThread  ][DEBUG]  Setting hyperparameter tf=0.81010101010101
2019-02-28 20:31:30,317 [MainThread  ][INFO ]  Starting optimization for tf=0.81010101010101
2019-02-28 20:31:30,317 [MainThread  ][DEBUG]  Optimization method: Powell
2019-02-28 20:31:30,317 [MainThread  ][DEBUG]  Optimization options: None
2019-02-28 20:31:30,317 [MainThread  ][INFO ]  Initial parameter values: [1.58362252 0.40505051 1.93829297]
2019-02-28 20:33:01,685 [MainThread  ][INFO ]  Final fidelity: 0.8947032151187917
2019-02-28 20:33:01,686 [MainThread  ][INFO ]  Final parameters: [ 1.99999987  0.55679151 -1.99999255]
2019-02-28 20:33:01,686 [MainThread  ][INFO ]  Fidelity: 0.8947032151187917
2019-02-28 20:33:01,686 [MainThread  ][INFO ]  ---- Starting iteration 39/100
2019-02-28 20:33:01,686 [MainThread  ][DEBUG]  Setting hyperparameter tf=0.8292929292929292
2019-02-28 20:33:01,686 [MainThread  ][INFO ]  Starting optimization for tf=0.8292929292929292
2019-02-28 20:33:01,686 [MainThread  ][DEBUG]  Optimization method: Powell
2019-02-28 20:33:01,686 [MainThread  ][DEBUG]  Optimization options: None
2019-02-28 20:33:01,686 [MainThread  ][INFO ]  Initial parameter values: [0.93949802 0.41464646 1.87017892]
2019-02-28 20:34:33,133 [MainThread  ][INFO ]  Final fidelity: 0.9010441923504041
2019-02-28 20:34:33,134 [MainThread  ][INFO ]  Final parameters: [ 1.99999996  0.57216879 -1.99999937]
2019-02-28 20:34:33,134 [MainThread  ][INFO ]  Fidelity: 0.9010441923504041
2019-02-28 20:34:33,134 [MainThread  ][INFO ]  ---- Starting iteration 40/100
2019-02-28 20:34:33,134 [MainThread  ][DEBUG]  Setting hyperparameter tf=0.8484848484848484
2019-02-28 20:34:33,134 [MainThread  ][INFO ]  Starting optimization for tf=0.8484848484848484
2019-02-28 20:34:33,134 [MainThread  ][DEBUG]  Optimization method: Powell
2019-02-28 20:34:33,134 [MainThread  ][DEBUG]  Optimization options: None
2019-02-28 20:34:33,135 [MainThread  ][INFO ]  Initial parameter values: [0.82973694 0.42424242 1.86625826]
2019-02-28 20:36:18,826 [MainThread  ][INFO ]  Final fidelity: 0.9073333491768312
2019-02-28 20:36:18,827 [MainThread  ][INFO ]  Final parameters: [ 1.99999996  0.58897605 -2.        ]
2019-02-28 20:36:18,827 [MainThread  ][INFO ]  Fidelity: 0.9073333491768312
2019-02-28 20:36:18,827 [MainThread  ][INFO ]  ---- Starting iteration 41/100
2019-02-28 20:36:18,827 [MainThread  ][DEBUG]  Setting hyperparameter tf=0.8676767676767676
2019-02-28 20:36:18,827 [MainThread  ][INFO ]  Starting optimization for tf=0.8676767676767676
2019-02-28 20:36:18,827 [MainThread  ][DEBUG]  Optimization method: Powell
2019-02-28 20:36:18,828 [MainThread  ][DEBUG]  Optimization options: None
2019-02-28 20:36:18,828 [MainThread  ][INFO ]  Initial parameter values: [0.96960201 0.43383838 0.79045304]
2019-02-28 20:38:18,743 [MainThread  ][INFO ]  Final fidelity: 0.9135334421801387
2019-02-28 20:38:18,744 [MainThread  ][INFO ]  Final parameters: [ 1.99999994  0.60541415 -1.99999996]
2019-02-28 20:38:18,744 [MainThread  ][INFO ]  Fidelity: 0.9135334421801387
2019-02-28 20:38:18,744 [MainThread  ][INFO ]  ---- Starting iteration 42/100
2019-02-28 20:38:18,745 [MainThread  ][DEBUG]  Setting hyperparameter tf=0.8868686868686868
2019-02-28 20:38:18,745 [MainThread  ][INFO ]  Starting optimization for tf=0.8868686868686868
2019-02-28 20:38:18,745 [MainThread  ][DEBUG]  Optimization method: Powell
2019-02-28 20:38:18,745 [MainThread  ][DEBUG]  Optimization options: None
2019-02-28 20:38:18,745 [MainThread  ][INFO ]  Initial parameter values: [0.02795477 0.44343434 0.81584304]
2019-02-28 20:40:16,093 [MainThread  ][INFO ]  Final fidelity: 0.9196373900522051
2019-02-28 20:40:16,095 [MainThread  ][INFO ]  Final parameters: [ 1.9999998   0.62178236 -1.99999997]
2019-02-28 20:40:16,095 [MainThread  ][INFO ]  Fidelity: 0.9196373900522051
2019-02-28 20:40:16,095 [MainThread  ][INFO ]  ---- Starting iteration 43/100
2019-02-28 20:40:16,095 [MainThread  ][DEBUG]  Setting hyperparameter tf=0.906060606060606
2019-02-28 20:40:16,095 [MainThread  ][INFO ]  Starting optimization for tf=0.906060606060606
2019-02-28 20:40:16,095 [MainThread  ][DEBUG]  Optimization method: Powell
2019-02-28 20:40:16,095 [MainThread  ][DEBUG]  Optimization options: None
2019-02-28 20:40:16,096 [MainThread  ][INFO ]  Initial parameter values: [1.11662485 0.4530303  0.03168973]
2019-02-28 20:42:20,306 [MainThread  ][INFO ]  Final fidelity: 0.9254497836519104
2019-02-28 20:42:20,307 [MainThread  ][INFO ]  Final parameters: [ 1.99999999  0.64218502 -1.99999995]
2019-02-28 20:42:20,307 [MainThread  ][INFO ]  Fidelity: 0.9254497836519104
2019-02-28 20:42:20,307 [MainThread  ][INFO ]  ---- Starting iteration 44/100
2019-02-28 20:42:20,308 [MainThread  ][DEBUG]  Setting hyperparameter tf=0.9252525252525252
2019-02-28 20:42:20,308 [MainThread  ][INFO ]  Starting optimization for tf=0.9252525252525252
2019-02-28 20:42:20,308 [MainThread  ][DEBUG]  Optimization method: Powell
2019-02-28 20:42:20,308 [MainThread  ][DEBUG]  Optimization options: None
2019-02-28 20:42:20,308 [MainThread  ][INFO ]  Initial parameter values: [1.9013336  0.46262626 1.86553761]
2019-02-28 20:44:03,693 [MainThread  ][INFO ]  Final fidelity: 0.9314825850984262
2019-02-28 20:44:03,694 [MainThread  ][INFO ]  Final parameters: [ 1.99999991  0.65506229 -1.99998842]
2019-02-28 20:44:03,694 [MainThread  ][INFO ]  Fidelity: 0.9314825850984262
2019-02-28 20:44:03,694 [MainThread  ][INFO ]  ---- Starting iteration 45/100
2019-02-28 20:44:03,694 [MainThread  ][DEBUG]  Setting hyperparameter tf=0.9444444444444443
2019-02-28 20:44:03,695 [MainThread  ][INFO ]  Starting optimization for tf=0.9444444444444443
2019-02-28 20:44:03,695 [MainThread  ][DEBUG]  Optimization method: Powell
2019-02-28 20:44:03,695 [MainThread  ][DEBUG]  Optimization options: None
2019-02-28 20:44:03,695 [MainThread  ][INFO ]  Initial parameter values: [1.21438846 0.47222222 1.25954083]
2019-02-28 20:45:48,353 [MainThread  ][INFO ]  Final fidelity: 0.9371946847564601
2019-02-28 20:45:48,356 [MainThread  ][INFO ]  Final parameters: [ 1.99999975  0.67199874 -1.99999992]
2019-02-28 20:45:48,357 [MainThread  ][INFO ]  Fidelity: 0.9371946847564601
2019-02-28 20:45:48,357 [MainThread  ][INFO ]  ---- Starting iteration 46/100
2019-02-28 20:45:48,357 [MainThread  ][DEBUG]  Setting hyperparameter tf=0.9636363636363635
2019-02-28 20:45:48,357 [MainThread  ][INFO ]  Starting optimization for tf=0.9636363636363635
2019-02-28 20:45:48,357 [MainThread  ][DEBUG]  Optimization method: Powell
2019-02-28 20:45:48,357 [MainThread  ][DEBUG]  Optimization options: None
2019-02-28 20:45:48,357 [MainThread  ][INFO ]  Initial parameter values: [1.72104068 0.48181818 1.72168914]
2019-02-28 20:47:49,925 [MainThread  ][INFO ]  Final fidelity: 0.9427399829134185
2019-02-28 20:47:49,927 [MainThread  ][INFO ]  Final parameters: [ 1.99999993  0.68903142 -1.9999998 ]
2019-02-28 20:47:49,927 [MainThread  ][INFO ]  Fidelity: 0.9427399829134185
2019-02-28 20:47:49,927 [MainThread  ][INFO ]  ---- Starting iteration 47/100
2019-02-28 20:47:49,927 [MainThread  ][DEBUG]  Setting hyperparameter tf=0.9828282828282827
2019-02-28 20:47:49,927 [MainThread  ][INFO ]  Starting optimization for tf=0.9828282828282827
2019-02-28 20:47:49,927 [MainThread  ][DEBUG]  Optimization method: Powell
2019-02-28 20:47:49,927 [MainThread  ][DEBUG]  Optimization options: None
2019-02-28 20:47:49,928 [MainThread  ][INFO ]  Initial parameter values: [0.63220085 0.49141414 0.99625766]
2019-02-28 20:48:39,261 [MainThread  ][INFO ]  Final fidelity: 0.8506019777766559
2019-02-28 20:48:39,263 [MainThread  ][INFO ]  Final parameters: [ 0.99352146  0.87372503 -2.        ]
2019-02-28 20:48:39,263 [MainThread  ][INFO ]  Fidelity: 0.8506019777766559
2019-02-28 20:48:39,263 [MainThread  ][INFO ]  ---- Starting iteration 48/100
2019-02-28 20:48:39,263 [MainThread  ][DEBUG]  Setting hyperparameter tf=1.002020202020202
2019-02-28 20:48:39,263 [MainThread  ][INFO ]  Starting optimization for tf=1.002020202020202
2019-02-28 20:48:39,263 [MainThread  ][DEBUG]  Optimization method: Powell
2019-02-28 20:48:39,263 [MainThread  ][DEBUG]  Optimization options: None
2019-02-28 20:48:39,263 [MainThread  ][INFO ]  Initial parameter values: [1.98565896 0.5010101  0.00766101]
2019-02-28 20:51:05,166 [MainThread  ][INFO ]  Final fidelity: 0.9532163502526066
2019-02-28 20:51:05,166 [MainThread  ][INFO ]  Final parameters: [ 2.          0.72545005 -1.99999992]
2019-02-28 20:51:05,184 [MainThread  ][INFO ]  Fidelity: 0.9532163502526066
2019-02-28 20:51:05,185 [MainThread  ][INFO ]  ---- Starting iteration 49/100
2019-02-28 20:51:05,185 [MainThread  ][DEBUG]  Setting hyperparameter tf=1.0212121212121212
2019-02-28 20:51:05,185 [MainThread  ][INFO ]  Starting optimization for tf=1.0212121212121212
2019-02-28 20:51:05,185 [MainThread  ][DEBUG]  Optimization method: Powell
2019-02-28 20:51:05,185 [MainThread  ][DEBUG]  Optimization options: None
2019-02-28 20:51:05,185 [MainThread  ][INFO ]  Initial parameter values: [1.65397299 0.51060606 1.52682193]
2019-02-28 20:53:23,487 [MainThread  ][INFO ]  Final fidelity: 0.9582436847752148
2019-02-28 20:53:23,488 [MainThread  ][INFO ]  Final parameters: [ 1.99999998  0.74061402 -1.99999991]
2019-02-28 20:53:23,488 [MainThread  ][INFO ]  Fidelity: 0.9582436847752148
2019-02-28 20:53:23,488 [MainThread  ][INFO ]  ---- Starting iteration 50/100
2019-02-28 20:53:23,488 [MainThread  ][DEBUG]  Setting hyperparameter tf=1.0404040404040404
2019-02-28 20:53:23,488 [MainThread  ][INFO ]  Starting optimization for tf=1.0404040404040404
2019-02-28 20:53:23,488 [MainThread  ][DEBUG]  Optimization method: Powell
2019-02-28 20:53:23,488 [MainThread  ][DEBUG]  Optimization options: None
2019-02-28 20:53:23,489 [MainThread  ][INFO ]  Initial parameter values: [1.79959791 0.52020202 0.26496685]
2019-02-28 20:55:42,549 [MainThread  ][INFO ]  Final fidelity: 0.9629805636062663
2019-02-28 20:55:42,550 [MainThread  ][INFO ]  Final parameters: [ 1.99999981  0.75782214 -1.99999804]
2019-02-28 20:55:42,550 [MainThread  ][INFO ]  Fidelity: 0.9629805636062663
2019-02-28 20:55:42,551 [MainThread  ][INFO ]  ---- Starting iteration 51/100
2019-02-28 20:55:42,551 [MainThread  ][DEBUG]  Setting hyperparameter tf=1.0595959595959596
2019-02-28 20:55:42,551 [MainThread  ][INFO ]  Starting optimization for tf=1.0595959595959596
2019-02-28 20:55:42,551 [MainThread  ][DEBUG]  Optimization method: Powell
2019-02-28 20:55:42,551 [MainThread  ][DEBUG]  Optimization options: None
2019-02-28 20:55:42,551 [MainThread  ][INFO ]  Initial parameter values: [0.80725228 0.52979798 0.30803783]
2019-02-28 20:57:58,220 [MainThread  ][INFO ]  Final fidelity: 0.9674725405003299
2019-02-28 20:57:58,220 [MainThread  ][INFO ]  Final parameters: [ 1.99999995  0.77628298 -1.99999967]
2019-02-28 20:57:58,220 [MainThread  ][INFO ]  Fidelity: 0.9674725405003299
2019-02-28 20:57:58,221 [MainThread  ][INFO ]  ---- Starting iteration 52/100
2019-02-28 20:57:58,221 [MainThread  ][DEBUG]  Setting hyperparameter tf=1.0787878787878789
2019-02-28 20:57:58,221 [MainThread  ][INFO ]  Starting optimization for tf=1.0787878787878789
2019-02-28 20:57:58,221 [MainThread  ][DEBUG]  Optimization method: Powell
2019-02-28 20:57:58,221 [MainThread  ][DEBUG]  Optimization options: None
2019-02-28 20:57:58,221 [MainThread  ][INFO ]  Initial parameter values: [0.48653515 0.53939394 0.64928412]
2019-02-28 21:00:19,851 [MainThread  ][INFO ]  Final fidelity: 0.9716895878825247
2019-02-28 21:00:19,852 [MainThread  ][INFO ]  Final parameters: [ 1.99999989  0.79464833 -1.99998056]
2019-02-28 21:00:19,852 [MainThread  ][INFO ]  Fidelity: 0.9716895878825247
2019-02-28 21:00:19,852 [MainThread  ][INFO ]  ---- Starting iteration 53/100
2019-02-28 21:00:19,852 [MainThread  ][DEBUG]  Setting hyperparameter tf=1.097979797979798
2019-02-28 21:00:19,852 [MainThread  ][INFO ]  Starting optimization for tf=1.097979797979798
2019-02-28 21:00:19,852 [MainThread  ][DEBUG]  Optimization method: Powell
2019-02-28 21:00:19,852 [MainThread  ][DEBUG]  Optimization options: None
2019-02-28 21:00:19,853 [MainThread  ][INFO ]  Initial parameter values: [0.61464959 0.5489899  1.92967032]
2019-02-28 21:02:00,313 [MainThread  ][INFO ]  Final fidelity: 0.9756940621479332
2019-02-28 21:02:00,314 [MainThread  ][INFO ]  Final parameters: [ 1.99999976  0.81052486 -1.99999995]
2019-02-28 21:02:00,314 [MainThread  ][INFO ]  Fidelity: 0.9756940621479332
2019-02-28 21:02:00,314 [MainThread  ][INFO ]  ---- Starting iteration 54/100
2019-02-28 21:02:00,314 [MainThread  ][DEBUG]  Setting hyperparameter tf=1.1171717171717173
2019-02-28 21:02:00,314 [MainThread  ][INFO ]  Starting optimization for tf=1.1171717171717173
2019-02-28 21:02:00,314 [MainThread  ][DEBUG]  Optimization method: Powell
2019-02-28 21:02:00,314 [MainThread  ][DEBUG]  Optimization options: None
2019-02-28 21:02:00,315 [MainThread  ][INFO ]  Initial parameter values: [0.62928015 0.55858586 0.8108497 ]
2019-02-28 21:04:00,516 [MainThread  ][INFO ]  Final fidelity: 0.9794017840168564
2019-02-28 21:04:00,517 [MainThread  ][INFO ]  Final parameters: [ 1.99999995  0.8286498  -1.99999952]
2019-02-28 21:04:00,518 [MainThread  ][INFO ]  Fidelity: 0.9794017840168564
2019-02-28 21:04:00,518 [MainThread  ][INFO ]  ---- Starting iteration 55/100
2019-02-28 21:04:00,518 [MainThread  ][DEBUG]  Setting hyperparameter tf=1.1363636363636365
2019-02-28 21:04:00,518 [MainThread  ][INFO ]  Starting optimization for tf=1.1363636363636365
2019-02-28 21:04:00,518 [MainThread  ][DEBUG]  Optimization method: Powell
2019-02-28 21:04:00,518 [MainThread  ][DEBUG]  Optimization options: None
2019-02-28 21:04:00,518 [MainThread  ][INFO ]  Initial parameter values: [1.26699983 0.56818182 1.20097002]
2019-02-28 21:05:41,529 [MainThread  ][INFO ]  Final fidelity: 0.982758869502649
2019-02-28 21:05:41,531 [MainThread  ][INFO ]  Final parameters: [ 1.99999773  0.84490144 -1.99999974]
2019-02-28 21:05:41,531 [MainThread  ][INFO ]  Fidelity: 0.982758869502649
2019-02-28 21:05:41,531 [MainThread  ][INFO ]  ---- Starting iteration 56/100
2019-02-28 21:05:41,531 [MainThread  ][DEBUG]  Setting hyperparameter tf=1.1555555555555557
2019-02-28 21:05:41,531 [MainThread  ][INFO ]  Starting optimization for tf=1.1555555555555557
2019-02-28 21:05:41,531 [MainThread  ][DEBUG]  Optimization method: Powell
2019-02-28 21:05:41,531 [MainThread  ][DEBUG]  Optimization options: None
2019-02-28 21:05:41,532 [MainThread  ][INFO ]  Initial parameter values: [1.98551819 0.57777778 1.81383989]
2019-02-28 21:07:47,086 [MainThread  ][INFO ]  Final fidelity: 0.985915411832816
2019-02-28 21:07:47,087 [MainThread  ][INFO ]  Final parameters: [ 1.99999996  0.86447696 -1.99999965]
2019-02-28 21:07:47,087 [MainThread  ][INFO ]  Fidelity: 0.985915411832816
2019-02-28 21:07:47,087 [MainThread  ][INFO ]  ---- Starting iteration 57/100
2019-02-28 21:07:47,087 [MainThread  ][DEBUG]  Setting hyperparameter tf=1.1747474747474747
2019-02-28 21:07:47,088 [MainThread  ][INFO ]  Starting optimization for tf=1.1747474747474747
2019-02-28 21:07:47,088 [MainThread  ][DEBUG]  Optimization method: Powell
2019-02-28 21:07:47,088 [MainThread  ][DEBUG]  Optimization options: None
2019-02-28 21:07:47,088 [MainThread  ][INFO ]  Initial parameter values: [1.5544335  0.58737374 1.2436464 ]
2019-02-28 21:09:59,265 [MainThread  ][INFO ]  Final fidelity: 0.9887066551236808
2019-02-28 21:09:59,265 [MainThread  ][INFO ]  Final parameters: [ 1.99999994  0.8823761  -1.99999901]
2019-02-28 21:09:59,265 [MainThread  ][INFO ]  Fidelity: 0.9887066551236808
2019-02-28 21:09:59,265 [MainThread  ][INFO ]  ---- Starting iteration 58/100
2019-02-28 21:09:59,266 [MainThread  ][DEBUG]  Setting hyperparameter tf=1.1939393939393939
2019-02-28 21:09:59,266 [MainThread  ][INFO ]  Starting optimization for tf=1.1939393939393939
2019-02-28 21:09:59,266 [MainThread  ][DEBUG]  Optimization method: Powell
2019-02-28 21:09:59,266 [MainThread  ][DEBUG]  Optimization options: None
2019-02-28 21:09:59,266 [MainThread  ][INFO ]  Initial parameter values: [1.41769219 0.5969697  1.49848717]
2019-02-28 21:12:15,931 [MainThread  ][INFO ]  Final fidelity: 0.9911713080768336
2019-02-28 21:12:15,931 [MainThread  ][INFO ]  Final parameters: [ 1.99999999  0.90062746 -1.99992543]
2019-02-28 21:12:15,932 [MainThread  ][INFO ]  Fidelity: 0.9911713080768336
2019-02-28 21:12:15,932 [MainThread  ][INFO ]  ---- Starting iteration 59/100
2019-02-28 21:12:15,932 [MainThread  ][DEBUG]  Setting hyperparameter tf=1.213131313131313
2019-02-28 21:12:15,932 [MainThread  ][INFO ]  Starting optimization for tf=1.213131313131313
2019-02-28 21:12:15,932 [MainThread  ][DEBUG]  Optimization method: Powell
2019-02-28 21:12:15,932 [MainThread  ][DEBUG]  Optimization options: None
2019-02-28 21:12:15,932 [MainThread  ][INFO ]  Initial parameter values: [1.8459199  0.60656566 1.0197511 ]
2019-02-28 21:13:47,345 [MainThread  ][INFO ]  Final fidelity: 0.9932699884540003
2019-02-28 21:13:47,347 [MainThread  ][INFO ]  Final parameters: [ 1.99999998  0.91996328 -1.99982609]
2019-02-28 21:13:47,347 [MainThread  ][INFO ]  Fidelity: 0.9932699884540003
2019-02-28 21:13:47,347 [MainThread  ][INFO ]  ---- Starting iteration 60/100
2019-02-28 21:13:47,347 [MainThread  ][DEBUG]  Setting hyperparameter tf=1.2323232323232323
2019-02-28 21:13:47,347 [MainThread  ][INFO ]  Starting optimization for tf=1.2323232323232323
2019-02-28 21:13:47,347 [MainThread  ][DEBUG]  Optimization method: Powell
2019-02-28 21:13:47,347 [MainThread  ][DEBUG]  Optimization options: None
2019-02-28 21:13:47,348 [MainThread  ][INFO ]  Initial parameter values: [0.06713057 0.61616162 1.4789799 ]
2019-02-28 21:14:23,108 [MainThread  ][INFO ]  Final fidelity: 0.9415376316886981
2019-02-28 21:14:23,109 [MainThread  ][INFO ]  Final parameters: [ 1.1801445   1.04166767 -2.        ]
2019-02-28 21:14:23,109 [MainThread  ][INFO ]  Fidelity: 0.9415376316886981
2019-02-28 21:14:23,109 [MainThread  ][INFO ]  ---- Starting iteration 61/100
2019-02-28 21:14:23,109 [MainThread  ][DEBUG]  Setting hyperparameter tf=1.2515151515151515
2019-02-28 21:14:23,109 [MainThread  ][INFO ]  Starting optimization for tf=1.2515151515151515
2019-02-28 21:14:23,109 [MainThread  ][DEBUG]  Optimization method: Powell
2019-02-28 21:14:23,109 [MainThread  ][DEBUG]  Optimization options: None
2019-02-28 21:14:23,109 [MainThread  ][INFO ]  Initial parameter values: [1.07636764 0.62575758 1.56171646]
2019-02-28 21:16:30,186 [MainThread  ][INFO ]  Final fidelity: 0.9965284981307924
2019-02-28 21:16:30,187 [MainThread  ][INFO ]  Final parameters: [ 1.99999976  0.9560204  -1.99882803]
2019-02-28 21:16:30,187 [MainThread  ][INFO ]  Fidelity: 0.9965284981307924
2019-02-28 21:16:30,187 [MainThread  ][INFO ]  ---- Starting iteration 62/100
2019-02-28 21:16:30,187 [MainThread  ][DEBUG]  Setting hyperparameter tf=1.2707070707070707
2019-02-28 21:16:30,187 [MainThread  ][INFO ]  Starting optimization for tf=1.2707070707070707
2019-02-28 21:16:30,187 [MainThread  ][DEBUG]  Optimization method: Powell
2019-02-28 21:16:30,187 [MainThread  ][DEBUG]  Optimization options: None
2019-02-28 21:16:30,188 [MainThread  ][INFO ]  Initial parameter values: [0.44290017 0.63535354 0.77189578]
2019-02-28 21:19:25,266 [MainThread  ][INFO ]  Final fidelity: 0.9966237739740103
2019-02-28 21:19:25,280 [MainThread  ][INFO ]  Final parameters: [ 1.99999957  0.94845219 -1.71014087]
2019-02-28 21:19:25,280 [MainThread  ][INFO ]  Fidelity: 0.9966237739740103
2019-02-28 21:19:25,281 [MainThread  ][INFO ]  ---- Starting iteration 63/100
2019-02-28 21:19:25,281 [MainThread  ][DEBUG]  Setting hyperparameter tf=1.2898989898989899
2019-02-28 21:19:25,281 [MainThread  ][INFO ]  Starting optimization for tf=1.2898989898989899
2019-02-28 21:19:25,281 [MainThread  ][DEBUG]  Optimization method: Powell
2019-02-28 21:19:25,281 [MainThread  ][DEBUG]  Optimization options: None
2019-02-28 21:19:25,281 [MainThread  ][INFO ]  Initial parameter values: [0.18947998 0.64494949 1.272987  ]
2019-02-28 21:21:18,306 [MainThread  ][INFO ]  Final fidelity: 0.9983833794419399
2019-02-28 21:21:18,308 [MainThread  ][INFO ]  Final parameters: [ 1.99999954  0.99197668 -1.99999935]
2019-02-28 21:21:18,308 [MainThread  ][INFO ]  Fidelity: 0.9983833794419399
2019-02-28 21:21:18,308 [MainThread  ][INFO ]  ---- Starting iteration 64/100
2019-02-28 21:21:18,308 [MainThread  ][DEBUG]  Setting hyperparameter tf=1.309090909090909
2019-02-28 21:21:18,308 [MainThread  ][INFO ]  Starting optimization for tf=1.309090909090909
2019-02-28 21:21:18,308 [MainThread  ][DEBUG]  Optimization method: Powell
2019-02-28 21:21:18,308 [MainThread  ][DEBUG]  Optimization options: None
2019-02-28 21:21:18,308 [MainThread  ][INFO ]  Initial parameter values: [0.89752883 0.65454545 0.30116386]
2019-02-28 21:23:33,306 [MainThread  ][INFO ]  Final fidelity: 0.9987561767751197
2019-02-28 21:23:33,308 [MainThread  ][INFO ]  Final parameters: [ 1.99996927  1.00987388 -1.99993276]
2019-02-28 21:23:33,308 [MainThread  ][INFO ]  Fidelity: 0.9987561767751197
2019-02-28 21:23:33,308 [MainThread  ][INFO ]  ---- Starting iteration 65/100
2019-02-28 21:23:33,308 [MainThread  ][DEBUG]  Setting hyperparameter tf=1.3282828282828283
2019-02-28 21:23:33,308 [MainThread  ][INFO ]  Starting optimization for tf=1.3282828282828283
2019-02-28 21:23:33,308 [MainThread  ][DEBUG]  Optimization method: Powell
2019-02-28 21:23:33,308 [MainThread  ][DEBUG]  Optimization options: None
2019-02-28 21:23:33,308 [MainThread  ][INFO ]  Initial parameter values: [1.32371343 0.66414141 0.09110803]
2019-02-28 21:26:35,295 [MainThread  ][INFO ]  Final fidelity: 0.9988080371496691
2019-02-28 21:26:35,296 [MainThread  ][INFO ]  Final parameters: [ 1.96447094  1.03215782 -1.99265651]
2019-02-28 21:26:35,296 [MainThread  ][INFO ]  Fidelity: 0.9988080371496691
2019-02-28 21:26:35,296 [MainThread  ][INFO ]  ---- Starting iteration 66/100
2019-02-28 21:26:35,296 [MainThread  ][DEBUG]  Setting hyperparameter tf=1.3474747474747475
2019-02-28 21:26:35,296 [MainThread  ][INFO ]  Starting optimization for tf=1.3474747474747475
2019-02-28 21:26:35,297 [MainThread  ][DEBUG]  Optimization method: Powell
2019-02-28 21:26:35,297 [MainThread  ][DEBUG]  Optimization options: None
2019-02-28 21:26:35,297 [MainThread  ][INFO ]  Initial parameter values: [0.55390665 0.67373737 1.73320678]
2019-02-28 21:28:27,230 [MainThread  ][INFO ]  Final fidelity: 0.9988123498234847
2019-02-28 21:28:27,230 [MainThread  ][INFO ]  Final parameters: [ 1.99997961  0.99578891 -1.50764593]
2019-02-28 21:28:27,231 [MainThread  ][INFO ]  Fidelity: 0.9988123498234847
2019-02-28 21:28:27,231 [MainThread  ][INFO ]  ---- Starting iteration 67/100
2019-02-28 21:28:27,231 [MainThread  ][DEBUG]  Setting hyperparameter tf=1.3666666666666667
2019-02-28 21:28:27,231 [MainThread  ][INFO ]  Starting optimization for tf=1.3666666666666667
2019-02-28 21:28:27,231 [MainThread  ][DEBUG]  Optimization method: Powell
2019-02-28 21:28:27,231 [MainThread  ][DEBUG]  Optimization options: None
2019-02-28 21:28:27,231 [MainThread  ][INFO ]  Initial parameter values: [1.84627251 0.68333333 1.88003839]
2019-02-28 21:29:39,332 [MainThread  ][INFO ]  Final fidelity: 0.9988190816543655
2019-02-28 21:29:39,334 [MainThread  ][INFO ]  Final parameters: [ 1.89117645  1.05705074 -1.77456292]
2019-02-28 21:29:39,334 [MainThread  ][INFO ]  Fidelity: 0.9988190816543655
2019-02-28 21:29:39,334 [MainThread  ][INFO ]  ---- Starting iteration 68/100
2019-02-28 21:29:39,334 [MainThread  ][DEBUG]  Setting hyperparameter tf=1.385858585858586
2019-02-28 21:29:39,334 [MainThread  ][INFO ]  Starting optimization for tf=1.385858585858586
2019-02-28 21:29:39,334 [MainThread  ][DEBUG]  Optimization method: Powell
2019-02-28 21:29:39,334 [MainThread  ][DEBUG]  Optimization options: None
2019-02-28 21:29:39,334 [MainThread  ][INFO ]  Initial parameter values: [1.97652588 0.69292929 1.04203168]
2019-02-28 21:31:09,262 [MainThread  ][INFO ]  Final fidelity: 0.9988267930134194
2019-02-28 21:31:09,270 [MainThread  ][INFO ]  Final parameters: [ 1.82797082  1.08951482 -1.83457507]
2019-02-28 21:31:09,270 [MainThread  ][INFO ]  Fidelity: 0.9988267930134194
2019-02-28 21:31:09,271 [MainThread  ][INFO ]  ---- Starting iteration 69/100
2019-02-28 21:31:09,271 [MainThread  ][DEBUG]  Setting hyperparameter tf=1.405050505050505
2019-02-28 21:31:09,271 [MainThread  ][INFO ]  Starting optimization for tf=1.405050505050505
2019-02-28 21:31:09,271 [MainThread  ][DEBUG]  Optimization method: Powell
2019-02-28 21:31:09,271 [MainThread  ][DEBUG]  Optimization options: None
2019-02-28 21:31:09,271 [MainThread  ][INFO ]  Initial parameter values: [0.99742154 0.70252525 0.20690725]
2019-02-28 21:31:55,836 [MainThread  ][INFO ]  Final fidelity: 0.984972658941356
2019-02-28 21:31:55,852 [MainThread  ][INFO ]  Final parameters: [ 1.99999975  0.67386898 -0.05039822]
2019-02-28 21:31:55,852 [MainThread  ][INFO ]  Fidelity: 0.984972658941356
2019-02-28 21:31:55,853 [MainThread  ][INFO ]  ---- Starting iteration 70/100
2019-02-28 21:31:55,853 [MainThread  ][DEBUG]  Setting hyperparameter tf=1.4242424242424243
2019-02-28 21:31:55,853 [MainThread  ][INFO ]  Starting optimization for tf=1.4242424242424243
2019-02-28 21:31:55,853 [MainThread  ][DEBUG]  Optimization method: Powell
2019-02-28 21:31:55,853 [MainThread  ][DEBUG]  Optimization options: None
2019-02-28 21:31:55,853 [MainThread  ][INFO ]  Initial parameter values: [0.25472895 0.71212121 1.01877134]
2019-02-28 21:33:20,477 [MainThread  ][INFO ]  Final fidelity: 0.9988350616161135
2019-02-28 21:33:20,478 [MainThread  ][INFO ]  Final parameters: [ 1.73290947  1.14205272 -1.86298757]
2019-02-28 21:33:20,478 [MainThread  ][INFO ]  Fidelity: 0.9988350616161135
2019-02-28 21:33:20,478 [MainThread  ][INFO ]  ---- Starting iteration 71/100
2019-02-28 21:33:20,478 [MainThread  ][DEBUG]  Setting hyperparameter tf=1.4434343434343435
2019-02-28 21:33:20,478 [MainThread  ][INFO ]  Starting optimization for tf=1.4434343434343435
2019-02-28 21:33:20,478 [MainThread  ][DEBUG]  Optimization method: Powell
2019-02-28 21:33:20,478 [MainThread  ][DEBUG]  Optimization options: None
2019-02-28 21:33:20,478 [MainThread  ][INFO ]  Initial parameter values: [1.49235322 0.72171717 0.31265315]
2019-02-28 21:35:20,662 [MainThread  ][INFO ]  Final fidelity: 0.9988162781914458
2019-02-28 21:35:20,672 [MainThread  ][INFO ]  Final parameters: [ 1.97924434  0.93200432 -0.63021763]
2019-02-28 21:35:20,673 [MainThread  ][INFO ]  Fidelity: 0.9988162781914458
2019-02-28 21:35:20,673 [MainThread  ][INFO ]  ---- Starting iteration 72/100
2019-02-28 21:35:20,673 [MainThread  ][DEBUG]  Setting hyperparameter tf=1.4626262626262627
2019-02-28 21:35:20,673 [MainThread  ][INFO ]  Starting optimization for tf=1.4626262626262627
2019-02-28 21:35:20,673 [MainThread  ][DEBUG]  Optimization method: Powell
2019-02-28 21:35:20,673 [MainThread  ][DEBUG]  Optimization options: None
2019-02-28 21:35:20,673 [MainThread  ][INFO ]  Initial parameter values: [1.18763114 0.73131313 0.38242128]
2019-02-28 21:37:10,426 [MainThread  ][INFO ]  Final fidelity: 0.9988202713449974
2019-02-28 21:37:10,428 [MainThread  ][INFO ]  Final parameters: [ 1.98934806  0.91488483 -0.50914422]
2019-02-28 21:37:10,428 [MainThread  ][INFO ]  Fidelity: 0.9988202713449974
2019-02-28 21:37:10,428 [MainThread  ][INFO ]  ---- Starting iteration 73/100
2019-02-28 21:37:10,428 [MainThread  ][DEBUG]  Setting hyperparameter tf=1.481818181818182
2019-02-28 21:37:10,428 [MainThread  ][INFO ]  Starting optimization for tf=1.481818181818182
2019-02-28 21:37:10,428 [MainThread  ][DEBUG]  Optimization method: Powell
2019-02-28 21:37:10,428 [MainThread  ][DEBUG]  Optimization options: None
2019-02-28 21:37:10,428 [MainThread  ][INFO ]  Initial parameter values: [1.07484194 0.74090909 1.12590639]
2019-02-28 21:38:20,001 [MainThread  ][INFO ]  Final fidelity: 0.9988475627765591
2019-02-28 21:38:20,002 [MainThread  ][INFO ]  Final parameters: [ 1.60826468  1.2194301  -1.9012797 ]
2019-02-28 21:38:20,002 [MainThread  ][INFO ]  Fidelity: 0.9988475627765591
2019-02-28 21:38:20,002 [MainThread  ][INFO ]  ---- Starting iteration 74/100
2019-02-28 21:38:20,002 [MainThread  ][DEBUG]  Setting hyperparameter tf=1.501010101010101
2019-02-28 21:38:20,002 [MainThread  ][INFO ]  Starting optimization for tf=1.501010101010101
2019-02-28 21:38:20,002 [MainThread  ][DEBUG]  Optimization method: Powell
2019-02-28 21:38:20,002 [MainThread  ][DEBUG]  Optimization options: None
2019-02-28 21:38:20,003 [MainThread  ][INFO ]  Initial parameter values: [1.49917803 0.75050505 0.65322794]
2019-02-28 21:40:35,063 [MainThread  ][INFO ]  Final fidelity: 0.9988277019937757
2019-02-28 21:40:35,064 [MainThread  ][INFO ]  Final parameters: [ 1.93245845  0.92686133 -0.40398901]
2019-02-28 21:40:35,064 [MainThread  ][INFO ]  Fidelity: 0.9988277019937757
2019-02-28 21:40:35,064 [MainThread  ][INFO ]  ---- Starting iteration 75/100
2019-02-28 21:40:35,064 [MainThread  ][DEBUG]  Setting hyperparameter tf=1.52020202020202
2019-02-28 21:40:35,064 [MainThread  ][INFO ]  Starting optimization for tf=1.52020202020202
2019-02-28 21:40:35,064 [MainThread  ][DEBUG]  Optimization method: Powell
2019-02-28 21:40:35,064 [MainThread  ][DEBUG]  Optimization options: None
2019-02-28 21:40:35,065 [MainThread  ][INFO ]  Initial parameter values: [1.53965222 0.76010101 0.68700362]
2019-02-28 21:42:12,532 [MainThread  ][INFO ]  Final fidelity: 0.9988282802092537
2019-02-28 21:42:12,544 [MainThread  ][INFO ]  Final parameters: [ 1.98185474  0.87875474 -0.25150108]
2019-02-28 21:42:12,544 [MainThread  ][INFO ]  Fidelity: 0.9988282802092537
2019-02-28 21:42:12,544 [MainThread  ][INFO ]  ---- Starting iteration 76/100
2019-02-28 21:42:12,544 [MainThread  ][DEBUG]  Setting hyperparameter tf=1.5393939393939393
2019-02-28 21:42:12,544 [MainThread  ][INFO ]  Starting optimization for tf=1.5393939393939393
2019-02-28 21:42:12,544 [MainThread  ][DEBUG]  Optimization method: Powell
2019-02-28 21:42:12,544 [MainThread  ][DEBUG]  Optimization options: None
2019-02-28 21:42:12,545 [MainThread  ][INFO ]  Initial parameter values: [0.89530123 0.76969697 1.79742779]
2019-02-28 21:43:12,890 [MainThread  ][INFO ]  Final fidelity: 0.9988552443769978
2019-02-28 21:43:12,892 [MainThread  ][INFO ]  Final parameters: [ 1.55076901  1.23350206 -1.38271976]
2019-02-28 21:43:12,892 [MainThread  ][INFO ]  Fidelity: 0.9988552443769978
2019-02-28 21:43:12,892 [MainThread  ][INFO ]  ---- Starting iteration 77/100
2019-02-28 21:43:12,892 [MainThread  ][DEBUG]  Setting hyperparameter tf=1.5585858585858585
2019-02-28 21:43:12,893 [MainThread  ][INFO ]  Starting optimization for tf=1.5585858585858585
2019-02-28 21:43:12,893 [MainThread  ][DEBUG]  Optimization method: Powell
2019-02-28 21:43:12,893 [MainThread  ][DEBUG]  Optimization options: None
2019-02-28 21:43:12,893 [MainThread  ][INFO ]  Initial parameter values: [0.92009563 0.77929293 1.00453152]
2019-02-28 21:44:21,662 [MainThread  ][INFO ]  Final fidelity: 0.9988642922725722
2019-02-28 21:44:21,663 [MainThread  ][INFO ]  Final parameters: [ 1.47990137  1.30949994 -1.83320472]
2019-02-28 21:44:21,663 [MainThread  ][INFO ]  Fidelity: 0.9988642922725722
2019-02-28 21:44:21,663 [MainThread  ][INFO ]  ---- Starting iteration 78/100
2019-02-28 21:44:21,663 [MainThread  ][DEBUG]  Setting hyperparameter tf=1.5777777777777777
2019-02-28 21:44:21,663 [MainThread  ][INFO ]  Starting optimization for tf=1.5777777777777777
2019-02-28 21:44:21,663 [MainThread  ][DEBUG]  Optimization method: Powell
2019-02-28 21:44:21,663 [MainThread  ][DEBUG]  Optimization options: None
2019-02-28 21:44:21,663 [MainThread  ][INFO ]  Initial parameter values: [0.28539982 0.78888889 0.39197658]
2019-02-28 21:45:47,485 [MainThread  ][INFO ]  Final fidelity: 0.9988342314193079
2019-02-28 21:45:47,486 [MainThread  ][INFO ]  Final parameters: [ 1.98217085  0.84356124 -0.06534686]
2019-02-28 21:45:47,486 [MainThread  ][INFO ]  Fidelity: 0.9988342314193079
2019-02-28 21:45:47,486 [MainThread  ][INFO ]  ---- Starting iteration 79/100
2019-02-28 21:45:47,486 [MainThread  ][DEBUG]  Setting hyperparameter tf=1.596969696969697
2019-02-28 21:45:47,486 [MainThread  ][INFO ]  Starting optimization for tf=1.596969696969697
2019-02-28 21:45:47,486 [MainThread  ][DEBUG]  Optimization method: Powell
2019-02-28 21:45:47,486 [MainThread  ][DEBUG]  Optimization options: None
2019-02-28 21:45:47,487 [MainThread  ][INFO ]  Initial parameter values: [1.0237795  0.79848485 1.09564917]
2019-02-28 21:46:29,399 [MainThread  ][INFO ]  Final fidelity: 0.9988715434565125
2019-02-28 21:46:29,399 [MainThread  ][INFO ]  Final parameters: [ 1.41937847  1.36116811 -1.87202245]
2019-02-28 21:46:29,399 [MainThread  ][INFO ]  Fidelity: 0.9988715434565125
2019-02-28 21:46:29,399 [MainThread  ][INFO ]  ---- Starting iteration 80/100
2019-02-28 21:46:29,399 [MainThread  ][DEBUG]  Setting hyperparameter tf=1.6161616161616161
2019-02-28 21:46:29,399 [MainThread  ][INFO ]  Starting optimization for tf=1.6161616161616161
2019-02-28 21:46:29,400 [MainThread  ][DEBUG]  Optimization method: Powell
2019-02-28 21:46:29,400 [MainThread  ][DEBUG]  Optimization options: None
2019-02-28 21:46:29,400 [MainThread  ][INFO ]  Initial parameter values: [1.21414274 0.80808081 0.11736826]
2019-02-28 21:47:33,440 [MainThread  ][INFO ]  Final fidelity: 0.9988377126797744
2019-02-28 21:47:33,441 [MainThread  ][INFO ]  Final parameters: [1.99999996 0.80901779 0.04594012]
2019-02-28 21:47:33,441 [MainThread  ][INFO ]  Fidelity: 0.9988377126797744
2019-02-28 21:47:33,441 [MainThread  ][INFO ]  ---- Starting iteration 81/100
2019-02-28 21:47:33,441 [MainThread  ][DEBUG]  Setting hyperparameter tf=1.6353535353535353
2019-02-28 21:47:33,441 [MainThread  ][INFO ]  Starting optimization for tf=1.6353535353535353
2019-02-28 21:47:33,441 [MainThread  ][DEBUG]  Optimization method: Powell
2019-02-28 21:47:33,441 [MainThread  ][DEBUG]  Optimization options: None
2019-02-28 21:47:33,442 [MainThread  ][INFO ]  Initial parameter values: [1.34966497 0.81767677 1.61711581]
2019-02-28 21:48:21,361 [MainThread  ][INFO ]  Final fidelity: 0.9988413980539936
2019-02-28 21:48:21,362 [MainThread  ][INFO ]  Final parameters: [1.99994743 0.79453231 0.09337545]
2019-02-28 21:48:21,362 [MainThread  ][INFO ]  Fidelity: 0.9988413980539936
2019-02-28 21:48:21,362 [MainThread  ][INFO ]  ---- Starting iteration 82/100
2019-02-28 21:48:21,362 [MainThread  ][DEBUG]  Setting hyperparameter tf=1.6545454545454545
2019-02-28 21:48:21,362 [MainThread  ][INFO ]  Starting optimization for tf=1.6545454545454545
2019-02-28 21:48:21,363 [MainThread  ][DEBUG]  Optimization method: Powell
2019-02-28 21:48:21,363 [MainThread  ][DEBUG]  Optimization options: None
2019-02-28 21:48:21,363 [MainThread  ][INFO ]  Initial parameter values: [0.75004908 0.82727273 1.73721624]
2019-02-28 21:49:37,029 [MainThread  ][INFO ]  Final fidelity: 0.99888506254847
2019-02-28 21:49:37,030 [MainThread  ][INFO ]  Final parameters: [ 1.34026996  1.43760325 -1.93709964]
2019-02-28 21:49:37,030 [MainThread  ][INFO ]  Fidelity: 0.99888506254847
2019-02-28 21:49:37,030 [MainThread  ][INFO ]  ---- Starting iteration 83/100
2019-02-28 21:49:37,030 [MainThread  ][DEBUG]  Setting hyperparameter tf=1.6737373737373737
2019-02-28 21:49:37,030 [MainThread  ][INFO ]  Starting optimization for tf=1.6737373737373737
2019-02-28 21:49:37,031 [MainThread  ][DEBUG]  Optimization method: Powell
2019-02-28 21:49:37,031 [MainThread  ][DEBUG]  Optimization options: None
2019-02-28 21:49:37,031 [MainThread  ][INFO ]  Initial parameter values: [0.07756105 0.83686869 1.99665541]
2019-02-28 21:50:28,811 [MainThread  ][INFO ]  Final fidelity: 0.9988886764598811
2019-02-28 21:50:28,811 [MainThread  ][INFO ]  Final parameters: [ 1.31772509  1.46005953 -1.92320209]
2019-02-28 21:50:28,811 [MainThread  ][INFO ]  Fidelity: 0.9988886764598811
2019-02-28 21:50:28,812 [MainThread  ][INFO ]  ---- Starting iteration 84/100
2019-02-28 21:50:28,812 [MainThread  ][DEBUG]  Setting hyperparameter tf=1.692929292929293
2019-02-28 21:50:28,812 [MainThread  ][INFO ]  Starting optimization for tf=1.692929292929293
2019-02-28 21:50:28,812 [MainThread  ][DEBUG]  Optimization method: Powell
2019-02-28 21:50:28,812 [MainThread  ][DEBUG]  Optimization options: None
2019-02-28 21:50:28,812 [MainThread  ][INFO ]  Initial parameter values: [0.76035628 0.84646465 0.29165159]
2019-02-28 21:51:25,645 [MainThread  ][INFO ]  Final fidelity: 0.9988221112790194
2019-02-28 21:51:25,646 [MainThread  ][INFO ]  Final parameters: [1.99999999 0.75102251 0.21217692]
2019-02-28 21:51:25,646 [MainThread  ][INFO ]  Fidelity: 0.9988221112790194
2019-02-28 21:51:25,646 [MainThread  ][INFO ]  ---- Starting iteration 85/100
2019-02-28 21:51:25,646 [MainThread  ][DEBUG]  Setting hyperparameter tf=1.7121212121212122
2019-02-28 21:51:25,646 [MainThread  ][INFO ]  Starting optimization for tf=1.7121212121212122
2019-02-28 21:51:25,646 [MainThread  ][DEBUG]  Optimization method: Powell
2019-02-28 21:51:25,647 [MainThread  ][DEBUG]  Optimization options: None
2019-02-28 21:51:25,647 [MainThread  ][INFO ]  Initial parameter values: [0.58572116 0.85606061 0.55178856]
2019-02-28 21:52:41,706 [MainThread  ][INFO ]  Final fidelity: 0.9988544755778955
2019-02-28 21:52:41,707 [MainThread  ][INFO ]  Final parameters: [1.99994893 0.75200477 0.23057658]
2019-02-28 21:52:41,707 [MainThread  ][INFO ]  Fidelity: 0.9988544755778955
2019-02-28 21:52:41,707 [MainThread  ][INFO ]  ---- Starting iteration 86/100
2019-02-28 21:52:41,707 [MainThread  ][DEBUG]  Setting hyperparameter tf=1.7313131313131314
2019-02-28 21:52:41,708 [MainThread  ][INFO ]  Starting optimization for tf=1.7313131313131314
2019-02-28 21:52:41,708 [MainThread  ][DEBUG]  Optimization method: Powell
2019-02-28 21:52:41,708 [MainThread  ][DEBUG]  Optimization options: None
2019-02-28 21:52:41,708 [MainThread  ][INFO ]  Initial parameter values: [0.86164555 0.86565657 1.683143  ]
2019-02-28 21:53:26,640 [MainThread  ][INFO ]  Final fidelity: 0.9989009136568056
2019-02-28 21:53:26,640 [MainThread  ][INFO ]  Final parameters: [ 1.25766893  1.52990706 -1.92647915]
2019-02-28 21:53:26,641 [MainThread  ][INFO ]  Fidelity: 0.9989009136568056
2019-02-28 21:53:26,641 [MainThread  ][INFO ]  ---- Starting iteration 87/100
2019-02-28 21:53:26,641 [MainThread  ][DEBUG]  Setting hyperparameter tf=1.7505050505050506
2019-02-28 21:53:26,641 [MainThread  ][INFO ]  Starting optimization for tf=1.7505050505050506
2019-02-28 21:53:26,641 [MainThread  ][DEBUG]  Optimization method: Powell
2019-02-28 21:53:26,641 [MainThread  ][DEBUG]  Optimization options: None
2019-02-28 21:53:26,641 [MainThread  ][INFO ]  Initial parameter values: [0.80437434 0.87525253 1.39890062]
2019-02-28 21:54:28,692 [MainThread  ][INFO ]  Final fidelity: 0.9989041078746324
2019-02-28 21:54:28,692 [MainThread  ][INFO ]  Final parameters: [ 1.23655885  1.55351812 -1.92841254]
2019-02-28 21:54:28,692 [MainThread  ][INFO ]  Fidelity: 0.9989041078746324
2019-02-28 21:54:28,693 [MainThread  ][INFO ]  ---- Starting iteration 88/100
2019-02-28 21:54:28,693 [MainThread  ][DEBUG]  Setting hyperparameter tf=1.7696969696969698
2019-02-28 21:54:28,693 [MainThread  ][INFO ]  Starting optimization for tf=1.7696969696969698
2019-02-28 21:54:28,693 [MainThread  ][DEBUG]  Optimization method: Powell
2019-02-28 21:54:28,693 [MainThread  ][DEBUG]  Optimization options: None
2019-02-28 21:54:28,693 [MainThread  ][INFO ]  Initial parameter values: [0.57586711 0.88484848 1.21174178]
2019-02-28 21:55:15,773 [MainThread  ][INFO ]  Final fidelity: 0.9989105173271433
2019-02-28 21:55:15,774 [MainThread  ][INFO ]  Final parameters: [ 1.2184231   1.57765284 -1.94624547]
2019-02-28 21:55:15,774 [MainThread  ][INFO ]  Fidelity: 0.9989105173271433
2019-02-28 21:55:15,774 [MainThread  ][INFO ]  ---- Starting iteration 89/100
2019-02-28 21:55:15,774 [MainThread  ][DEBUG]  Setting hyperparameter tf=1.7888888888888888
2019-02-28 21:55:15,774 [MainThread  ][INFO ]  Starting optimization for tf=1.7888888888888888
2019-02-28 21:55:15,774 [MainThread  ][DEBUG]  Optimization method: Powell
2019-02-28 21:55:15,774 [MainThread  ][DEBUG]  Optimization options: None
2019-02-28 21:55:15,775 [MainThread  ][INFO ]  Initial parameter values: [0.95193045 0.89444444 1.71591058]
2019-02-28 21:55:49,554 [MainThread  ][INFO ]  Final fidelity: 0.980106372503794
2019-02-28 21:55:49,555 [MainThread  ][INFO ]  Final parameters: [ 0.92412403  1.66073108 -1.99999999]
2019-02-28 21:55:49,555 [MainThread  ][INFO ]  Fidelity: 0.980106372503794
2019-02-28 21:55:49,555 [MainThread  ][INFO ]  ---- Starting iteration 90/100
2019-02-28 21:55:49,555 [MainThread  ][DEBUG]  Setting hyperparameter tf=1.808080808080808
2019-02-28 21:55:49,555 [MainThread  ][INFO ]  Starting optimization for tf=1.808080808080808
2019-02-28 21:55:49,555 [MainThread  ][DEBUG]  Optimization method: Powell
2019-02-28 21:55:49,555 [MainThread  ][DEBUG]  Optimization options: None
2019-02-28 21:55:49,555 [MainThread  ][INFO ]  Initial parameter values: [1.11667155 0.9040404  1.71024943]
2019-02-28 21:56:54,489 [MainThread  ][INFO ]  Final fidelity: 0.998917479155614
2019-02-28 21:56:54,489 [MainThread  ][INFO ]  Final parameters: [ 1.18540527  1.6253547  -1.9740822 ]
2019-02-28 21:56:54,489 [MainThread  ][INFO ]  Fidelity: 0.998917479155614
2019-02-28 21:56:54,489 [MainThread  ][INFO ]  ---- Starting iteration 91/100
2019-02-28 21:56:54,489 [MainThread  ][DEBUG]  Setting hyperparameter tf=1.8272727272727272
2019-02-28 21:56:54,489 [MainThread  ][INFO ]  Starting optimization for tf=1.8272727272727272
2019-02-28 21:56:54,489 [MainThread  ][DEBUG]  Optimization method: Powell
2019-02-28 21:56:54,489 [MainThread  ][DEBUG]  Optimization options: None
2019-02-28 21:56:54,490 [MainThread  ][INFO ]  Initial parameter values: [0.44422562 0.91363636 1.10514191]
2019-02-28 21:57:58,079 [MainThread  ][INFO ]  Final fidelity: 0.9989208525459456
2019-02-28 21:57:58,079 [MainThread  ][INFO ]  Final parameters: [ 1.16793044  1.64937488 -1.98690167]
2019-02-28 21:57:58,080 [MainThread  ][INFO ]  Fidelity: 0.9989208525459456
2019-02-28 21:57:58,080 [MainThread  ][INFO ]  ---- Starting iteration 92/100
2019-02-28 21:57:58,080 [MainThread  ][DEBUG]  Setting hyperparameter tf=1.8464646464646464
2019-02-28 21:57:58,080 [MainThread  ][INFO ]  Starting optimization for tf=1.8464646464646464
2019-02-28 21:57:58,080 [MainThread  ][DEBUG]  Optimization method: Powell
2019-02-28 21:57:58,080 [MainThread  ][DEBUG]  Optimization options: None
2019-02-28 21:57:58,080 [MainThread  ][INFO ]  Initial parameter values: [1.42980837 0.92323232 1.83871356]
2019-02-28 21:59:01,932 [MainThread  ][INFO ]  Final fidelity: 0.9989253979572474
2019-02-28 21:59:01,933 [MainThread  ][INFO ]  Final parameters: [ 1.15420386  1.67100019 -1.97138219]
2019-02-28 21:59:01,933 [MainThread  ][INFO ]  Fidelity: 0.9989253979572474
2019-02-28 21:59:01,933 [MainThread  ][INFO ]  ---- Starting iteration 93/100
2019-02-28 21:59:01,933 [MainThread  ][DEBUG]  Setting hyperparameter tf=1.8656565656565656
2019-02-28 21:59:01,933 [MainThread  ][INFO ]  Starting optimization for tf=1.8656565656565656
2019-02-28 21:59:01,933 [MainThread  ][DEBUG]  Optimization method: Powell
2019-02-28 21:59:01,933 [MainThread  ][DEBUG]  Optimization options: None
2019-02-28 21:59:01,933 [MainThread  ][INFO ]  Initial parameter values: [0.74318807 0.93282828 1.92339761]
2019-02-28 21:59:52,716 [MainThread  ][INFO ]  Final fidelity: 0.9989298164948657
2019-02-28 21:59:52,717 [MainThread  ][INFO ]  Final parameters: [ 1.13847109  1.69467438 -1.98499134]
2019-02-28 21:59:52,717 [MainThread  ][INFO ]  Fidelity: 0.9989298164948657
2019-02-28 21:59:52,717 [MainThread  ][INFO ]  ---- Starting iteration 94/100
2019-02-28 21:59:52,717 [MainThread  ][DEBUG]  Setting hyperparameter tf=1.8848484848484848
2019-02-28 21:59:52,717 [MainThread  ][INFO ]  Starting optimization for tf=1.8848484848484848
2019-02-28 21:59:52,717 [MainThread  ][DEBUG]  Optimization method: Powell
2019-02-28 21:59:52,717 [MainThread  ][DEBUG]  Optimization options: None
2019-02-28 21:59:52,718 [MainThread  ][INFO ]  Initial parameter values: [1.58057427 0.94242424 0.88852741]
2019-02-28 22:01:36,270 [MainThread  ][INFO ]  Final fidelity: 0.9989146433355013
2019-02-28 22:01:36,270 [MainThread  ][INFO ]  Final parameters: [ 1.1669136   1.58811298 -0.77303128]
2019-02-28 22:01:36,270 [MainThread  ][INFO ]  Fidelity: 0.9989146433355013
2019-02-28 22:01:36,270 [MainThread  ][INFO ]  ---- Starting iteration 95/100
2019-02-28 22:01:36,271 [MainThread  ][DEBUG]  Setting hyperparameter tf=1.904040404040404
2019-02-28 22:01:36,271 [MainThread  ][INFO ]  Starting optimization for tf=1.904040404040404
2019-02-28 22:01:36,271 [MainThread  ][DEBUG]  Optimization method: Powell
2019-02-28 22:01:36,271 [MainThread  ][DEBUG]  Optimization options: None
2019-02-28 22:01:36,271 [MainThread  ][INFO ]  Initial parameter values: [0.44748941 0.9520202  1.76025255]
2019-02-28 22:02:46,333 [MainThread  ][INFO ]  Final fidelity: 0.9989393084329774
2019-02-28 22:02:46,334 [MainThread  ][INFO ]  Final parameters: [ 1.11338723  1.73969937 -1.98750039]
2019-02-28 22:02:46,334 [MainThread  ][INFO ]  Fidelity: 0.9989393084329774
2019-02-28 22:02:46,334 [MainThread  ][INFO ]  ---- Starting iteration 96/100
2019-02-28 22:02:46,334 [MainThread  ][DEBUG]  Setting hyperparameter tf=1.9232323232323232
2019-02-28 22:02:46,334 [MainThread  ][INFO ]  Starting optimization for tf=1.9232323232323232
2019-02-28 22:02:46,334 [MainThread  ][DEBUG]  Optimization method: Powell
2019-02-28 22:02:46,334 [MainThread  ][DEBUG]  Optimization options: None
2019-02-28 22:02:46,335 [MainThread  ][INFO ]  Initial parameter values: [1.93068489 0.96161616 1.08497001]
2019-02-28 22:03:32,984 [MainThread  ][INFO ]  Final fidelity: 0.998942097810993
2019-02-28 22:03:32,985 [MainThread  ][INFO ]  Final parameters: [ 1.1008715   1.76183892 -1.97959598]
2019-02-28 22:03:32,985 [MainThread  ][INFO ]  Fidelity: 0.998942097810993
2019-02-28 22:03:32,985 [MainThread  ][INFO ]  ---- Starting iteration 97/100
2019-02-28 22:03:32,985 [MainThread  ][DEBUG]  Setting hyperparameter tf=1.9424242424242424
2019-02-28 22:03:32,985 [MainThread  ][INFO ]  Starting optimization for tf=1.9424242424242424
2019-02-28 22:03:32,985 [MainThread  ][DEBUG]  Optimization method: Powell
2019-02-28 22:03:32,985 [MainThread  ][DEBUG]  Optimization options: None
2019-02-28 22:03:32,985 [MainThread  ][INFO ]  Initial parameter values: [1.58463261 0.97121212 1.57058247]
2019-02-28 22:04:26,417 [MainThread  ][INFO ]  Final fidelity: 0.9988991593240946
2019-02-28 22:04:26,417 [MainThread  ][INFO ]  Final parameters: [1.37022646 1.1376132  0.25275955]
2019-02-28 22:04:26,417 [MainThread  ][INFO ]  Fidelity: 0.9988991593240946
2019-02-28 22:04:26,417 [MainThread  ][INFO ]  ---- Starting iteration 98/100
2019-02-28 22:04:26,418 [MainThread  ][DEBUG]  Setting hyperparameter tf=1.9616161616161616
2019-02-28 22:04:26,418 [MainThread  ][INFO ]  Starting optimization for tf=1.9616161616161616
2019-02-28 22:04:26,418 [MainThread  ][DEBUG]  Optimization method: Powell
2019-02-28 22:04:26,418 [MainThread  ][DEBUG]  Optimization options: None
2019-02-28 22:04:26,418 [MainThread  ][INFO ]  Initial parameter values: [0.12550182 0.98080808 1.81154887]
2019-02-28 22:05:12,401 [MainThread  ][INFO ]  Final fidelity: 0.9989504776216963
2019-02-28 22:05:12,402 [MainThread  ][INFO ]  Final parameters: [ 1.07671584  1.8061852  -1.96580574]
2019-02-28 22:05:12,402 [MainThread  ][INFO ]  Fidelity: 0.9989504776216963
2019-02-28 22:05:12,402 [MainThread  ][INFO ]  ---- Starting iteration 99/100
2019-02-28 22:05:12,402 [MainThread  ][DEBUG]  Setting hyperparameter tf=1.9808080808080808
2019-02-28 22:05:12,402 [MainThread  ][INFO ]  Starting optimization for tf=1.9808080808080808
2019-02-28 22:05:12,402 [MainThread  ][DEBUG]  Optimization method: Powell
2019-02-28 22:05:12,402 [MainThread  ][DEBUG]  Optimization options: None
2019-02-28 22:05:12,403 [MainThread  ][INFO ]  Initial parameter values: [1.06923461 0.99040404 0.59992934]
2019-02-28 22:05:55,194 [MainThread  ][INFO ]  Final fidelity: 0.998904934227514
2019-02-28 22:05:55,194 [MainThread  ][INFO ]  Final parameters: [1.82105456 0.70310918 0.48404291]
2019-02-28 22:05:55,195 [MainThread  ][INFO ]  Fidelity: 0.998904934227514
2019-02-28 22:05:55,195 [MainThread  ][INFO ]  ---- Starting iteration 100/100
2019-02-28 22:05:55,195 [MainThread  ][DEBUG]  Setting hyperparameter tf=2.0
2019-02-28 22:05:55,195 [MainThread  ][INFO ]  Starting optimization for tf=2.0
2019-02-28 22:05:55,195 [MainThread  ][DEBUG]  Optimization method: Powell
2019-02-28 22:05:55,195 [MainThread  ][DEBUG]  Optimization options: None
2019-02-28 22:05:55,195 [MainThread  ][INFO ]  Initial parameter values: [1.4826386 1.        1.0032015]
2019-02-28 22:06:57,130 [MainThread  ][INFO ]  Final fidelity: 0.9989484580126738
2019-02-28 22:06:57,131 [MainThread  ][INFO ]  Final parameters: [ 1.07687083  1.76696992 -0.97875407]
2019-02-28 22:06:57,131 [MainThread  ][INFO ]  Fidelity: 0.9989484580126738
