2019-02-28 19:24:28,572 [MainThread  ][INFO ]  Output file name will be "lmg_bangramp_powell_100spins.csv"
2019-02-28 19:24:28,701 [MainThread  ][INFO ]  Using bangramp protocol ansatz.
2019-02-28 19:24:28,701 [MainThread  ][DEBUG]  Initializing ProtocolAnsatz instance "bangramp"
2019-02-28 19:24:28,701 [MainThread  ][INFO ]  Using parameters constraints: [[-2.0, 2.0], [None, None], [-2.0, 2.0], [-2.0, 2.0]]
2019-02-28 19:24:28,701 [MainThread  ][INFO ]  Using total height constraint: None
2019-02-28 19:24:28,701 [MainThread  ][INFO ]  ---- Starting iteration 1/100
2019-02-28 19:24:28,701 [MainThread  ][DEBUG]  Setting hyperparameter tf=0.1
2019-02-28 19:24:28,702 [MainThread  ][INFO ]  Starting optimization for tf=0.1
2019-02-28 19:24:28,702 [MainThread  ][DEBUG]  Optimization method: Powell
2019-02-28 19:24:28,702 [MainThread  ][DEBUG]  Optimization options: None
2019-02-28 19:24:28,702 [MainThread  ][INFO ]  Initial parameter values: [1.9137286  0.05       1.30250153 0.3645812 ]
2019-02-28 19:26:50,346 [MainThread  ][INFO ]  Final fidelity: 0.7572088751541878
2019-02-28 19:26:50,348 [MainThread  ][INFO ]  Final parameters: [ 2.          0.06019323 -1.99999764 -1.99988278]
2019-02-28 19:26:50,348 [MainThread  ][INFO ]  Fidelity: 0.7572088751541878
2019-02-28 19:26:50,348 [MainThread  ][INFO ]  ---- Starting iteration 2/100
2019-02-28 19:26:50,348 [MainThread  ][DEBUG]  Setting hyperparameter tf=0.1191919191919192
2019-02-28 19:26:50,348 [MainThread  ][INFO ]  Starting optimization for tf=0.1191919191919192
2019-02-28 19:26:50,349 [MainThread  ][DEBUG]  Optimization method: Powell
2019-02-28 19:26:50,349 [MainThread  ][DEBUG]  Optimization options: None
2019-02-28 19:26:50,349 [MainThread  ][INFO ]  Initial parameter values: [1.75624724 0.05959596 0.2407134  1.55244252]
2019-02-28 19:28:12,251 [MainThread  ][INFO ]  Final fidelity: 0.7584944287824537
2019-02-28 19:28:12,253 [MainThread  ][INFO ]  Final parameters: [ 1.99999785  0.07170165 -1.99999964 -1.99986021]
2019-02-28 19:28:12,253 [MainThread  ][INFO ]  Fidelity: 0.7584944287824537
2019-02-28 19:28:12,253 [MainThread  ][INFO ]  ---- Starting iteration 3/100
2019-02-28 19:28:12,253 [MainThread  ][DEBUG]  Setting hyperparameter tf=0.1383838383838384
2019-02-28 19:28:12,253 [MainThread  ][INFO ]  Starting optimization for tf=0.1383838383838384
2019-02-28 19:28:12,253 [MainThread  ][DEBUG]  Optimization method: Powell
2019-02-28 19:28:12,253 [MainThread  ][DEBUG]  Optimization options: None
2019-02-28 19:28:12,254 [MainThread  ][INFO ]  Initial parameter values: [1.51715571 0.06919192 0.52604576 0.48763838]
2019-02-28 19:29:39,143 [MainThread  ][INFO ]  Final fidelity: 0.7599979555657838
2019-02-28 19:29:39,145 [MainThread  ][INFO ]  Final parameters: [ 2.          0.08334547 -1.99999831 -1.99933099]
2019-02-28 19:29:39,145 [MainThread  ][INFO ]  Fidelity: 0.7599979555657838
2019-02-28 19:29:39,145 [MainThread  ][INFO ]  ---- Starting iteration 4/100
2019-02-28 19:29:39,145 [MainThread  ][DEBUG]  Setting hyperparameter tf=0.1575757575757576
2019-02-28 19:29:39,145 [MainThread  ][INFO ]  Starting optimization for tf=0.1575757575757576
2019-02-28 19:29:39,145 [MainThread  ][DEBUG]  Optimization method: Powell
2019-02-28 19:29:39,145 [MainThread  ][DEBUG]  Optimization options: None
2019-02-28 19:29:39,146 [MainThread  ][INFO ]  Initial parameter values: [0.29815549 0.07878788 1.37257539 0.39838555]
2019-02-28 19:31:55,253 [MainThread  ][INFO ]  Final fidelity: 0.7617258612227743
2019-02-28 19:31:55,254 [MainThread  ][INFO ]  Final parameters: [ 1.99999998  0.09519385 -1.99999978 -1.9999862 ]
2019-02-28 19:31:55,254 [MainThread  ][INFO ]  Fidelity: 0.7617258612227743
2019-02-28 19:31:55,254 [MainThread  ][INFO ]  ---- Starting iteration 5/100
2019-02-28 19:31:55,254 [MainThread  ][DEBUG]  Setting hyperparameter tf=0.17676767676767677
2019-02-28 19:31:55,254 [MainThread  ][INFO ]  Starting optimization for tf=0.17676767676767677
2019-02-28 19:31:55,255 [MainThread  ][DEBUG]  Optimization method: Powell
2019-02-28 19:31:55,255 [MainThread  ][DEBUG]  Optimization options: None
2019-02-28 19:31:55,255 [MainThread  ][INFO ]  Initial parameter values: [0.60704804 0.08838384 0.5972388  1.0329344 ]
2019-02-28 19:33:25,151 [MainThread  ][INFO ]  Final fidelity: 0.7636742609954238
2019-02-28 19:33:25,152 [MainThread  ][INFO ]  Final parameters: [ 1.99995001  0.10694862 -1.99999971 -1.99999994]
2019-02-28 19:33:25,152 [MainThread  ][INFO ]  Fidelity: 0.7636742609954238
2019-02-28 19:33:25,152 [MainThread  ][INFO ]  ---- Starting iteration 6/100
2019-02-28 19:33:25,153 [MainThread  ][DEBUG]  Setting hyperparameter tf=0.19595959595959594
2019-02-28 19:33:25,153 [MainThread  ][INFO ]  Starting optimization for tf=0.19595959595959594
2019-02-28 19:33:25,153 [MainThread  ][DEBUG]  Optimization method: Powell
2019-02-28 19:33:25,153 [MainThread  ][DEBUG]  Optimization options: None
2019-02-28 19:33:25,153 [MainThread  ][INFO ]  Initial parameter values: [1.07662397 0.0979798  0.0026111  0.39873965]
2019-02-28 19:35:00,241 [MainThread  ][INFO ]  Final fidelity: 0.7658368367132651
2019-02-28 19:35:00,242 [MainThread  ][INFO ]  Final parameters: [ 2.          0.11873924 -1.99999865 -1.99995502]
2019-02-28 19:35:00,242 [MainThread  ][INFO ]  Fidelity: 0.7658368367132651
2019-02-28 19:35:00,243 [MainThread  ][INFO ]  ---- Starting iteration 7/100
2019-02-28 19:35:00,243 [MainThread  ][DEBUG]  Setting hyperparameter tf=0.21515151515151515
2019-02-28 19:35:00,243 [MainThread  ][INFO ]  Starting optimization for tf=0.21515151515151515
2019-02-28 19:35:00,243 [MainThread  ][DEBUG]  Optimization method: Powell
2019-02-28 19:35:00,243 [MainThread  ][DEBUG]  Optimization options: None
2019-02-28 19:35:00,243 [MainThread  ][INFO ]  Initial parameter values: [0.22466368 0.10757576 0.56389057 1.59538188]
2019-02-28 19:36:30,672 [MainThread  ][INFO ]  Final fidelity: 0.7682161768168013
2019-02-28 19:36:30,674 [MainThread  ][INFO ]  Final parameters: [ 1.9999986   0.13066945 -1.99999999 -1.99991502]
2019-02-28 19:36:30,674 [MainThread  ][INFO ]  Fidelity: 0.7682161768168013
2019-02-28 19:36:30,674 [MainThread  ][INFO ]  ---- Starting iteration 8/100
2019-02-28 19:36:30,674 [MainThread  ][DEBUG]  Setting hyperparameter tf=0.23434343434343433
2019-02-28 19:36:30,674 [MainThread  ][INFO ]  Starting optimization for tf=0.23434343434343433
2019-02-28 19:36:30,674 [MainThread  ][DEBUG]  Optimization method: Powell
2019-02-28 19:36:30,674 [MainThread  ][DEBUG]  Optimization options: None
2019-02-28 19:36:30,674 [MainThread  ][INFO ]  Initial parameter values: [1.48776379 0.11717172 1.56443273 0.32222452]
2019-02-28 19:39:11,539 [MainThread  ][INFO ]  Final fidelity: 0.7708102961986897
2019-02-28 19:39:11,541 [MainThread  ][INFO ]  Final parameters: [ 1.99999999  0.14258784 -1.99887313 -1.99999976]
2019-02-28 19:39:11,541 [MainThread  ][INFO ]  Fidelity: 0.7708102961986897
2019-02-28 19:39:11,541 [MainThread  ][INFO ]  ---- Starting iteration 9/100
2019-02-28 19:39:11,542 [MainThread  ][DEBUG]  Setting hyperparameter tf=0.2535353535353535
2019-02-28 19:39:11,542 [MainThread  ][INFO ]  Starting optimization for tf=0.2535353535353535
2019-02-28 19:39:11,542 [MainThread  ][DEBUG]  Optimization method: Powell
2019-02-28 19:39:11,542 [MainThread  ][DEBUG]  Optimization options: None
2019-02-28 19:39:11,542 [MainThread  ][INFO ]  Initial parameter values: [1.24088848 0.12676768 0.31380582 0.74747525]
2019-02-28 19:40:37,064 [MainThread  ][INFO ]  Final fidelity: 0.7736100136686765
2019-02-28 19:40:37,067 [MainThread  ][INFO ]  Final parameters: [ 1.99999994  0.15480303 -1.99999998 -1.99940904]
2019-02-28 19:40:37,067 [MainThread  ][INFO ]  Fidelity: 0.7736100136686765
2019-02-28 19:40:37,067 [MainThread  ][INFO ]  ---- Starting iteration 10/100
2019-02-28 19:40:37,067 [MainThread  ][DEBUG]  Setting hyperparameter tf=0.2727272727272727
2019-02-28 19:40:37,067 [MainThread  ][INFO ]  Starting optimization for tf=0.2727272727272727
2019-02-28 19:40:37,067 [MainThread  ][DEBUG]  Optimization method: Powell
2019-02-28 19:40:37,067 [MainThread  ][DEBUG]  Optimization options: None
2019-02-28 19:40:37,067 [MainThread  ][INFO ]  Initial parameter values: [1.57222721 0.13636364 0.79621269 1.2034186 ]
2019-02-28 19:42:32,400 [MainThread  ][INFO ]  Final fidelity: 0.7766226839917258
2019-02-28 19:42:32,402 [MainThread  ][INFO ]  Final parameters: [ 1.99992155  0.16666116 -1.99999983 -1.99999979]
2019-02-28 19:42:32,402 [MainThread  ][INFO ]  Fidelity: 0.7766226839917258
2019-02-28 19:42:32,402 [MainThread  ][INFO ]  ---- Starting iteration 11/100
2019-02-28 19:42:32,402 [MainThread  ][DEBUG]  Setting hyperparameter tf=0.2919191919191919
2019-02-28 19:42:32,402 [MainThread  ][INFO ]  Starting optimization for tf=0.2919191919191919
2019-02-28 19:42:32,403 [MainThread  ][DEBUG]  Optimization method: Powell
2019-02-28 19:42:32,403 [MainThread  ][DEBUG]  Optimization options: None
2019-02-28 19:42:32,403 [MainThread  ][INFO ]  Initial parameter values: [0.77293185 0.1459596  0.50784015 0.09056348]
2019-02-28 19:44:21,960 [MainThread  ][INFO ]  Final fidelity: 0.7798407509400822
2019-02-28 19:44:21,961 [MainThread  ][INFO ]  Final parameters: [ 1.99999998  0.1789077  -1.99999831 -1.99999976]
2019-02-28 19:44:21,961 [MainThread  ][INFO ]  Fidelity: 0.7798407509400822
2019-02-28 19:44:21,961 [MainThread  ][INFO ]  ---- Starting iteration 12/100
2019-02-28 19:44:21,961 [MainThread  ][DEBUG]  Setting hyperparameter tf=0.3111111111111111
2019-02-28 19:44:21,961 [MainThread  ][INFO ]  Starting optimization for tf=0.3111111111111111
2019-02-28 19:44:21,962 [MainThread  ][DEBUG]  Optimization method: Powell
2019-02-28 19:44:21,962 [MainThread  ][DEBUG]  Optimization options: None
2019-02-28 19:44:21,962 [MainThread  ][INFO ]  Initial parameter values: [1.23836522 0.15555556 1.49042585 0.23447967]
2019-02-28 19:47:36,359 [MainThread  ][INFO ]  Final fidelity: 0.7832558800176617
2019-02-28 19:47:36,360 [MainThread  ][INFO ]  Final parameters: [ 1.99999999  0.19118416 -1.9999997  -1.99999973]
2019-02-28 19:47:36,360 [MainThread  ][INFO ]  Fidelity: 0.7832558800176617
2019-02-28 19:47:36,360 [MainThread  ][INFO ]  ---- Starting iteration 13/100
2019-02-28 19:47:36,360 [MainThread  ][DEBUG]  Setting hyperparameter tf=0.3303030303030303
2019-02-28 19:47:36,360 [MainThread  ][INFO ]  Starting optimization for tf=0.3303030303030303
2019-02-28 19:47:36,360 [MainThread  ][DEBUG]  Optimization method: Powell
2019-02-28 19:47:36,360 [MainThread  ][DEBUG]  Optimization options: None
2019-02-28 19:47:36,361 [MainThread  ][INFO ]  Initial parameter values: [0.73816853 0.16515152 1.00602348 0.24834468]
2019-02-28 19:50:17,067 [MainThread  ][INFO ]  Final fidelity: 0.786867555346337
2019-02-28 19:50:17,069 [MainThread  ][INFO ]  Final parameters: [ 2.          0.20365633 -1.99870847 -2.        ]
2019-02-28 19:50:17,069 [MainThread  ][INFO ]  Fidelity: 0.786867555346337
2019-02-28 19:50:17,069 [MainThread  ][INFO ]  ---- Starting iteration 14/100
2019-02-28 19:50:17,069 [MainThread  ][DEBUG]  Setting hyperparameter tf=0.3494949494949495
2019-02-28 19:50:17,069 [MainThread  ][INFO ]  Starting optimization for tf=0.3494949494949495
2019-02-28 19:50:17,070 [MainThread  ][DEBUG]  Optimization method: Powell
2019-02-28 19:50:17,070 [MainThread  ][DEBUG]  Optimization options: None
2019-02-28 19:50:17,070 [MainThread  ][INFO ]  Initial parameter values: [0.02379273 0.17474747 0.13361217 1.68360572]
2019-02-28 19:52:07,329 [MainThread  ][INFO ]  Final fidelity: 0.7906771951201147
2019-02-28 19:52:07,331 [MainThread  ][INFO ]  Final parameters: [ 1.99999999  0.21602993 -1.99999994 -1.99999995]
2019-02-28 19:52:07,331 [MainThread  ][INFO ]  Fidelity: 0.7906771951201147
2019-02-28 19:52:07,331 [MainThread  ][INFO ]  ---- Starting iteration 15/100
2019-02-28 19:52:07,331 [MainThread  ][DEBUG]  Setting hyperparameter tf=0.3686868686868686
2019-02-28 19:52:07,331 [MainThread  ][INFO ]  Starting optimization for tf=0.3686868686868686
2019-02-28 19:52:07,331 [MainThread  ][DEBUG]  Optimization method: Powell
2019-02-28 19:52:07,331 [MainThread  ][DEBUG]  Optimization options: None
2019-02-28 19:52:07,331 [MainThread  ][INFO ]  Initial parameter values: [1.04769172 0.18434343 1.22918842 1.52661066]
2019-02-28 19:53:52,659 [MainThread  ][INFO ]  Final fidelity: 0.7946686213495064
2019-02-28 19:53:52,660 [MainThread  ][INFO ]  Final parameters: [ 1.99999998  0.22829037 -1.99999997 -1.99999999]
2019-02-28 19:53:52,660 [MainThread  ][INFO ]  Fidelity: 0.7946686213495064
2019-02-28 19:53:52,660 [MainThread  ][INFO ]  ---- Starting iteration 16/100
2019-02-28 19:53:52,661 [MainThread  ][DEBUG]  Setting hyperparameter tf=0.3878787878787878
2019-02-28 19:53:52,661 [MainThread  ][INFO ]  Starting optimization for tf=0.3878787878787878
2019-02-28 19:53:52,661 [MainThread  ][DEBUG]  Optimization method: Powell
2019-02-28 19:53:52,661 [MainThread  ][DEBUG]  Optimization options: None
2019-02-28 19:53:52,661 [MainThread  ][INFO ]  Initial parameter values: [0.692817   0.19393939 0.93151514 1.36642559]
2019-02-28 19:55:43,592 [MainThread  ][INFO ]  Final fidelity: 0.7988442623242317
2019-02-28 19:55:43,593 [MainThread  ][INFO ]  Final parameters: [ 1.9999999   0.24134277 -1.99999996 -1.99999997]
2019-02-28 19:55:43,594 [MainThread  ][INFO ]  Fidelity: 0.7988442623242317
2019-02-28 19:55:43,594 [MainThread  ][INFO ]  ---- Starting iteration 17/100
2019-02-28 19:55:43,594 [MainThread  ][DEBUG]  Setting hyperparameter tf=0.407070707070707
2019-02-28 19:55:43,594 [MainThread  ][INFO ]  Starting optimization for tf=0.407070707070707
2019-02-28 19:55:43,594 [MainThread  ][DEBUG]  Optimization method: Powell
2019-02-28 19:55:43,594 [MainThread  ][DEBUG]  Optimization options: None
2019-02-28 19:55:43,594 [MainThread  ][INFO ]  Initial parameter values: [0.81272097 0.20353535 0.43115591 0.38614661]
2019-02-28 19:57:33,277 [MainThread  ][INFO ]  Final fidelity: 0.8031983528749267
2019-02-28 19:57:33,278 [MainThread  ][INFO ]  Final parameters: [ 1.99999999  0.25403538 -1.99999974 -1.99999982]
2019-02-28 19:57:33,279 [MainThread  ][INFO ]  Fidelity: 0.8031983528749267
2019-02-28 19:57:33,279 [MainThread  ][INFO ]  ---- Starting iteration 18/100
2019-02-28 19:57:33,279 [MainThread  ][DEBUG]  Setting hyperparameter tf=0.42626262626262623
2019-02-28 19:57:33,279 [MainThread  ][INFO ]  Starting optimization for tf=0.42626262626262623
2019-02-28 19:57:33,279 [MainThread  ][DEBUG]  Optimization method: Powell
2019-02-28 19:57:33,279 [MainThread  ][DEBUG]  Optimization options: None
2019-02-28 19:57:33,279 [MainThread  ][INFO ]  Initial parameter values: [1.17559308 0.21313131 1.42135252 0.4316341 ]
2019-02-28 20:00:46,163 [MainThread  ][INFO ]  Final fidelity: 0.8077193021696468
2019-02-28 20:00:46,165 [MainThread  ][INFO ]  Final parameters: [ 2.          0.26697806 -1.99989276 -1.99999994]
2019-02-28 20:00:46,165 [MainThread  ][INFO ]  Fidelity: 0.8077193021696468
2019-02-28 20:00:46,165 [MainThread  ][INFO ]  ---- Starting iteration 19/100
2019-02-28 20:00:46,166 [MainThread  ][DEBUG]  Setting hyperparameter tf=0.44545454545454544
2019-02-28 20:00:46,166 [MainThread  ][INFO ]  Starting optimization for tf=0.44545454545454544
2019-02-28 20:00:46,166 [MainThread  ][DEBUG]  Optimization method: Powell
2019-02-28 20:00:46,166 [MainThread  ][DEBUG]  Optimization options: None
2019-02-28 20:00:46,166 [MainThread  ][INFO ]  Initial parameter values: [0.56795717 0.22272727 1.47026285 0.69083747]
2019-02-28 20:02:38,114 [MainThread  ][INFO ]  Final fidelity: 0.8124045925788919
2019-02-28 20:02:38,115 [MainThread  ][INFO ]  Final parameters: [ 1.99999958  0.27977732 -2.         -1.99999997]
2019-02-28 20:02:38,116 [MainThread  ][INFO ]  Fidelity: 0.8124045925788919
2019-02-28 20:02:38,116 [MainThread  ][INFO ]  ---- Starting iteration 20/100
2019-02-28 20:02:38,116 [MainThread  ][DEBUG]  Setting hyperparameter tf=0.46464646464646464
2019-02-28 20:02:38,116 [MainThread  ][INFO ]  Starting optimization for tf=0.46464646464646464
2019-02-28 20:02:38,116 [MainThread  ][DEBUG]  Optimization method: Powell
2019-02-28 20:02:38,116 [MainThread  ][DEBUG]  Optimization options: None
2019-02-28 20:02:38,116 [MainThread  ][INFO ]  Initial parameter values: [0.06121218 0.23232323 0.30823571 1.84243018]
2019-02-28 20:04:33,753 [MainThread  ][INFO ]  Final fidelity: 0.8172486249840883
2019-02-28 20:04:33,756 [MainThread  ][INFO ]  Final parameters: [ 1.999996    0.29296815 -1.99999998 -1.99999997]
2019-02-28 20:04:33,756 [MainThread  ][INFO ]  Fidelity: 0.8172486249840883
2019-02-28 20:04:33,756 [MainThread  ][INFO ]  ---- Starting iteration 21/100
2019-02-28 20:04:33,756 [MainThread  ][DEBUG]  Setting hyperparameter tf=0.48383838383838385
2019-02-28 20:04:33,756 [MainThread  ][INFO ]  Starting optimization for tf=0.48383838383838385
2019-02-28 20:04:33,756 [MainThread  ][DEBUG]  Optimization method: Powell
2019-02-28 20:04:33,756 [MainThread  ][DEBUG]  Optimization options: None
2019-02-28 20:04:33,757 [MainThread  ][INFO ]  Initial parameter values: [0.76566532 0.24191919 1.1177763  0.52574636]
2019-02-28 20:07:29,263 [MainThread  ][INFO ]  Final fidelity: 0.8222374145514163
2019-02-28 20:07:29,264 [MainThread  ][INFO ]  Final parameters: [ 2.          0.30673336 -1.99999938 -1.99999975]
2019-02-28 20:07:29,264 [MainThread  ][INFO ]  Fidelity: 0.8222374145514163
2019-02-28 20:07:29,265 [MainThread  ][INFO ]  ---- Starting iteration 22/100
2019-02-28 20:07:29,265 [MainThread  ][DEBUG]  Setting hyperparameter tf=0.503030303030303
2019-02-28 20:07:29,265 [MainThread  ][INFO ]  Starting optimization for tf=0.503030303030303
2019-02-28 20:07:29,265 [MainThread  ][DEBUG]  Optimization method: Powell
2019-02-28 20:07:29,265 [MainThread  ][DEBUG]  Optimization options: None
2019-02-28 20:07:29,265 [MainThread  ][INFO ]  Initial parameter values: [0.71415614 0.25151515 1.78343722 0.99666816]
2019-02-28 20:09:33,090 [MainThread  ][INFO ]  Final fidelity: 0.8273707412111693
2019-02-28 20:09:33,092 [MainThread  ][INFO ]  Final parameters: [ 1.9999997   0.32011227 -1.99999982 -1.9999998 ]
2019-02-28 20:09:33,092 [MainThread  ][INFO ]  Fidelity: 0.8273707412111693
2019-02-28 20:09:33,092 [MainThread  ][INFO ]  ---- Starting iteration 23/100
2019-02-28 20:09:33,092 [MainThread  ][DEBUG]  Setting hyperparameter tf=0.5222222222222221
2019-02-28 20:09:33,092 [MainThread  ][INFO ]  Starting optimization for tf=0.5222222222222221
2019-02-28 20:09:33,092 [MainThread  ][DEBUG]  Optimization method: Powell
2019-02-28 20:09:33,092 [MainThread  ][DEBUG]  Optimization options: None
2019-02-28 20:09:33,092 [MainThread  ][INFO ]  Initial parameter values: [0.73717515 0.26111111 1.51696548 1.969203  ]
2019-02-28 20:11:22,411 [MainThread  ][INFO ]  Final fidelity: 0.8320159318192685
2019-02-28 20:11:22,413 [MainThread  ][INFO ]  Final parameters: [ 1.9744533   0.33541623 -2.         -1.99999827]
2019-02-28 20:11:22,413 [MainThread  ][INFO ]  Fidelity: 0.8320159318192685
2019-02-28 20:11:22,413 [MainThread  ][INFO ]  ---- Starting iteration 24/100
2019-02-28 20:11:22,414 [MainThread  ][DEBUG]  Setting hyperparameter tf=0.5414141414141413
2019-02-28 20:11:22,414 [MainThread  ][INFO ]  Starting optimization for tf=0.5414141414141413
2019-02-28 20:11:22,414 [MainThread  ][DEBUG]  Optimization method: Powell
2019-02-28 20:11:22,414 [MainThread  ][DEBUG]  Optimization options: None
2019-02-28 20:11:22,414 [MainThread  ][INFO ]  Initial parameter values: [1.60766579 0.27070707 1.77786435 1.17936624]
2019-02-28 20:13:18,589 [MainThread  ][INFO ]  Final fidelity: 0.838015512188208
2019-02-28 20:13:18,590 [MainThread  ][INFO ]  Final parameters: [ 1.99999993  0.34744125 -2.         -1.99999998]
2019-02-28 20:13:18,590 [MainThread  ][INFO ]  Fidelity: 0.838015512188208
2019-02-28 20:13:18,590 [MainThread  ][INFO ]  ---- Starting iteration 25/100
2019-02-28 20:13:18,590 [MainThread  ][DEBUG]  Setting hyperparameter tf=0.5606060606060606
2019-02-28 20:13:18,590 [MainThread  ][INFO ]  Starting optimization for tf=0.5606060606060606
2019-02-28 20:13:18,590 [MainThread  ][DEBUG]  Optimization method: Powell
2019-02-28 20:13:18,590 [MainThread  ][DEBUG]  Optimization options: None
2019-02-28 20:13:18,591 [MainThread  ][INFO ]  Initial parameter values: [0.00228549 0.28030303 1.08483138 1.61415136]
2019-02-28 20:15:13,229 [MainThread  ][INFO ]  Final fidelity: 0.8435103780183678
2019-02-28 20:15:13,231 [MainThread  ][INFO ]  Final parameters: [ 1.99999908  0.36133079 -1.99999996 -2.        ]
2019-02-28 20:15:13,232 [MainThread  ][INFO ]  Fidelity: 0.8435103780183678
2019-02-28 20:15:13,232 [MainThread  ][INFO ]  ---- Starting iteration 26/100
2019-02-28 20:15:13,232 [MainThread  ][DEBUG]  Setting hyperparameter tf=0.5797979797979798
2019-02-28 20:15:13,232 [MainThread  ][INFO ]  Starting optimization for tf=0.5797979797979798
2019-02-28 20:15:13,232 [MainThread  ][DEBUG]  Optimization method: Powell
2019-02-28 20:15:13,232 [MainThread  ][DEBUG]  Optimization options: None
2019-02-28 20:15:13,232 [MainThread  ][INFO ]  Initial parameter values: [0.4788574  0.28989899 1.64800822 1.21755826]
2019-02-28 20:17:34,228 [MainThread  ][INFO ]  Final fidelity: 0.849104420134438
2019-02-28 20:17:34,229 [MainThread  ][INFO ]  Final parameters: [ 2.          0.37557208 -1.99999966 -1.99999993]
2019-02-28 20:17:34,229 [MainThread  ][INFO ]  Fidelity: 0.849104420134438
2019-02-28 20:17:34,229 [MainThread  ][INFO ]  ---- Starting iteration 27/100
2019-02-28 20:17:34,229 [MainThread  ][DEBUG]  Setting hyperparameter tf=0.598989898989899
2019-02-28 20:17:34,229 [MainThread  ][INFO ]  Starting optimization for tf=0.598989898989899
2019-02-28 20:17:34,229 [MainThread  ][DEBUG]  Optimization method: Powell
2019-02-28 20:17:34,229 [MainThread  ][DEBUG]  Optimization options: None
2019-02-28 20:17:34,230 [MainThread  ][INFO ]  Initial parameter values: [1.23931962 0.29949495 0.83960251 1.43331336]
2019-02-28 20:19:44,114 [MainThread  ][INFO ]  Final fidelity: 0.8547869465058175
2019-02-28 20:19:44,115 [MainThread  ][INFO ]  Final parameters: [ 1.99999998  0.38915637 -2.         -1.99999999]
2019-02-28 20:19:44,115 [MainThread  ][INFO ]  Fidelity: 0.8547869465058175
2019-02-28 20:19:44,115 [MainThread  ][INFO ]  ---- Starting iteration 28/100
2019-02-28 20:19:44,115 [MainThread  ][DEBUG]  Setting hyperparameter tf=0.6181818181818182
2019-02-28 20:19:44,116 [MainThread  ][INFO ]  Starting optimization for tf=0.6181818181818182
2019-02-28 20:19:44,116 [MainThread  ][DEBUG]  Optimization method: Powell
2019-02-28 20:19:44,116 [MainThread  ][DEBUG]  Optimization options: None
2019-02-28 20:19:44,116 [MainThread  ][INFO ]  Initial parameter values: [0.18380924 0.30909091 0.41658525 0.87782212]
2019-02-28 20:21:43,782 [MainThread  ][INFO ]  Final fidelity: 0.8605522197519843
2019-02-28 20:21:43,783 [MainThread  ][INFO ]  Final parameters: [ 1.99999997  0.4040526  -1.99999895 -1.99999912]
2019-02-28 20:21:43,783 [MainThread  ][INFO ]  Fidelity: 0.8605522197519843
2019-02-28 20:21:43,783 [MainThread  ][INFO ]  ---- Starting iteration 29/100
2019-02-28 20:21:43,784 [MainThread  ][DEBUG]  Setting hyperparameter tf=0.6373737373737373
2019-02-28 20:21:43,784 [MainThread  ][INFO ]  Starting optimization for tf=0.6373737373737373
2019-02-28 20:21:43,784 [MainThread  ][DEBUG]  Optimization method: Powell
2019-02-28 20:21:43,784 [MainThread  ][DEBUG]  Optimization options: None
2019-02-28 20:21:43,784 [MainThread  ][INFO ]  Initial parameter values: [0.04367529 0.31868687 1.49962695 0.26922643]
2019-02-28 20:26:00,897 [MainThread  ][INFO ]  Final fidelity: 0.8658430469477892
2019-02-28 20:26:00,897 [MainThread  ][INFO ]  Final parameters: [ 2.          0.41029102 -1.99997021 -1.99999999]
2019-02-28 20:26:00,898 [MainThread  ][INFO ]  Fidelity: 0.8658430469477892
2019-02-28 20:26:00,898 [MainThread  ][INFO ]  ---- Starting iteration 30/100
2019-02-28 20:26:00,898 [MainThread  ][DEBUG]  Setting hyperparameter tf=0.6565656565656565
2019-02-28 20:26:00,898 [MainThread  ][INFO ]  Starting optimization for tf=0.6565656565656565
2019-02-28 20:26:00,898 [MainThread  ][DEBUG]  Optimization method: Powell
2019-02-28 20:26:00,898 [MainThread  ][DEBUG]  Optimization options: None
2019-02-28 20:26:00,898 [MainThread  ][INFO ]  Initial parameter values: [1.61314207 0.32828283 1.88224559 1.0457372 ]
2019-02-28 20:27:59,654 [MainThread  ][INFO ]  Final fidelity: 0.8722586547308822
2019-02-28 20:27:59,654 [MainThread  ][INFO ]  Final parameters: [ 1.99999838  0.43314573 -1.99999983 -1.99999995]
2019-02-28 20:27:59,654 [MainThread  ][INFO ]  Fidelity: 0.8722586547308822
2019-02-28 20:27:59,655 [MainThread  ][INFO ]  ---- Starting iteration 31/100
2019-02-28 20:27:59,655 [MainThread  ][DEBUG]  Setting hyperparameter tf=0.6757575757575757
2019-02-28 20:27:59,655 [MainThread  ][INFO ]  Starting optimization for tf=0.6757575757575757
2019-02-28 20:27:59,655 [MainThread  ][DEBUG]  Optimization method: Powell
2019-02-28 20:27:59,655 [MainThread  ][DEBUG]  Optimization options: None
2019-02-28 20:27:59,655 [MainThread  ][INFO ]  Initial parameter values: [0.58906807 0.33787879 1.66257812 1.54448994]
2019-02-28 20:30:28,636 [MainThread  ][INFO ]  Final fidelity: 0.8781780039455495
2019-02-28 20:30:28,636 [MainThread  ][INFO ]  Final parameters: [ 1.99999992  0.44810254 -1.99999994 -1.99999999]
2019-02-28 20:30:28,637 [MainThread  ][INFO ]  Fidelity: 0.8781780039455495
2019-02-28 20:30:28,637 [MainThread  ][INFO ]  ---- Starting iteration 32/100
2019-02-28 20:30:28,637 [MainThread  ][DEBUG]  Setting hyperparameter tf=0.6949494949494949
2019-02-28 20:30:28,637 [MainThread  ][INFO ]  Starting optimization for tf=0.6949494949494949
2019-02-28 20:30:28,637 [MainThread  ][DEBUG]  Optimization method: Powell
2019-02-28 20:30:28,637 [MainThread  ][DEBUG]  Optimization options: None
2019-02-28 20:30:28,637 [MainThread  ][INFO ]  Initial parameter values: [0.379869   0.34747475 1.10767565 1.86943651]
2019-02-28 20:32:45,472 [MainThread  ][INFO ]  Final fidelity: 0.8841234932964559
2019-02-28 20:32:45,473 [MainThread  ][INFO ]  Final parameters: [ 1.99999983  0.46310736 -1.99999966 -1.9999997 ]
2019-02-28 20:32:45,473 [MainThread  ][INFO ]  Fidelity: 0.8841234932964559
2019-02-28 20:32:45,473 [MainThread  ][INFO ]  ---- Starting iteration 33/100
2019-02-28 20:32:45,473 [MainThread  ][DEBUG]  Setting hyperparameter tf=0.7141414141414141
2019-02-28 20:32:45,473 [MainThread  ][INFO ]  Starting optimization for tf=0.7141414141414141
2019-02-28 20:32:45,474 [MainThread  ][DEBUG]  Optimization method: Powell
2019-02-28 20:32:45,474 [MainThread  ][DEBUG]  Optimization options: None
2019-02-28 20:32:45,474 [MainThread  ][INFO ]  Initial parameter values: [1.49863344 0.35707071 1.54469327 0.37976504]
2019-02-28 20:34:41,153 [MainThread  ][INFO ]  Final fidelity: 0.8831993858005126
2019-02-28 20:34:41,154 [MainThread  ][INFO ]  Final parameters: [ 1.99999992  0.41601831 -0.55923095 -1.9999998 ]
2019-02-28 20:34:41,154 [MainThread  ][INFO ]  Fidelity: 0.8831993858005126
2019-02-28 20:34:41,154 [MainThread  ][INFO ]  ---- Starting iteration 34/100
2019-02-28 20:34:41,154 [MainThread  ][DEBUG]  Setting hyperparameter tf=0.7333333333333333
2019-02-28 20:34:41,155 [MainThread  ][INFO ]  Starting optimization for tf=0.7333333333333333
2019-02-28 20:34:41,155 [MainThread  ][DEBUG]  Optimization method: Powell
2019-02-28 20:34:41,155 [MainThread  ][DEBUG]  Optimization options: None
2019-02-28 20:34:41,155 [MainThread  ][INFO ]  Initial parameter values: [1.33436235 0.36666667 1.70642946 1.90269883]
2019-02-28 20:36:27,276 [MainThread  ][INFO ]  Final fidelity: 0.8960228059963957
2019-02-28 20:36:27,277 [MainThread  ][INFO ]  Final parameters: [ 1.99999999  0.49352292 -2.         -1.9996825 ]
2019-02-28 20:36:27,277 [MainThread  ][INFO ]  Fidelity: 0.8960228059963957
2019-02-28 20:36:27,277 [MainThread  ][INFO ]  ---- Starting iteration 35/100
2019-02-28 20:36:27,277 [MainThread  ][DEBUG]  Setting hyperparameter tf=0.7525252525252525
2019-02-28 20:36:27,277 [MainThread  ][INFO ]  Starting optimization for tf=0.7525252525252525
2019-02-28 20:36:27,277 [MainThread  ][DEBUG]  Optimization method: Powell
2019-02-28 20:36:27,277 [MainThread  ][DEBUG]  Optimization options: None
2019-02-28 20:36:27,277 [MainThread  ][INFO ]  Initial parameter values: [0.92369056 0.37626263 1.0374852  1.06473194]
2019-02-28 20:39:02,063 [MainThread  ][INFO ]  Final fidelity: 0.9019427776960726
2019-02-28 20:39:02,064 [MainThread  ][INFO ]  Final parameters: [ 1.99999981  0.50804373 -1.99999997 -1.99999996]
2019-02-28 20:39:02,064 [MainThread  ][INFO ]  Fidelity: 0.9019427776960726
2019-02-28 20:39:02,064 [MainThread  ][INFO ]  ---- Starting iteration 36/100
2019-02-28 20:39:02,064 [MainThread  ][DEBUG]  Setting hyperparameter tf=0.7717171717171717
2019-02-28 20:39:02,065 [MainThread  ][INFO ]  Starting optimization for tf=0.7717171717171717
2019-02-28 20:39:02,065 [MainThread  ][DEBUG]  Optimization method: Powell
2019-02-28 20:39:02,065 [MainThread  ][DEBUG]  Optimization options: None
2019-02-28 20:39:02,065 [MainThread  ][INFO ]  Initial parameter values: [1.31690202 0.38585859 1.359425   1.05645264]
2019-02-28 20:41:30,446 [MainThread  ][INFO ]  Final fidelity: 0.9078438356414862
2019-02-28 20:41:30,447 [MainThread  ][INFO ]  Final parameters: [ 1.99999997  0.52386094 -1.99999947 -1.99999991]
2019-02-28 20:41:30,447 [MainThread  ][INFO ]  Fidelity: 0.9078438356414862
2019-02-28 20:41:30,447 [MainThread  ][INFO ]  ---- Starting iteration 37/100
2019-02-28 20:41:30,447 [MainThread  ][DEBUG]  Setting hyperparameter tf=0.7909090909090909
2019-02-28 20:41:30,447 [MainThread  ][INFO ]  Starting optimization for tf=0.7909090909090909
2019-02-28 20:41:30,447 [MainThread  ][DEBUG]  Optimization method: Powell
2019-02-28 20:41:30,448 [MainThread  ][DEBUG]  Optimization options: None
2019-02-28 20:41:30,448 [MainThread  ][INFO ]  Initial parameter values: [1.06310622 0.39545455 0.45248925 0.36041419]
2019-02-28 20:43:01,129 [MainThread  ][INFO ]  Final fidelity: 0.9135206473699601
2019-02-28 20:43:01,141 [MainThread  ][INFO ]  Final parameters: [ 1.99999996  0.5360052  -1.99999991 -1.99994642]
2019-02-28 20:43:01,142 [MainThread  ][INFO ]  Fidelity: 0.9135206473699601
2019-02-28 20:43:01,142 [MainThread  ][INFO ]  ---- Starting iteration 38/100
2019-02-28 20:43:01,142 [MainThread  ][DEBUG]  Setting hyperparameter tf=0.81010101010101
2019-02-28 20:43:01,142 [MainThread  ][INFO ]  Starting optimization for tf=0.81010101010101
2019-02-28 20:43:01,142 [MainThread  ][DEBUG]  Optimization method: Powell
2019-02-28 20:43:01,142 [MainThread  ][DEBUG]  Optimization options: None
2019-02-28 20:43:01,142 [MainThread  ][INFO ]  Initial parameter values: [1.55810155 0.40505051 0.36932617 0.39083384]
2019-02-28 20:45:21,669 [MainThread  ][INFO ]  Final fidelity: 0.9193881639393915
2019-02-28 20:45:21,670 [MainThread  ][INFO ]  Final parameters: [ 1.99999994  0.55320291 -1.99999999 -1.99999988]
2019-02-28 20:45:21,670 [MainThread  ][INFO ]  Fidelity: 0.9193881639393915
2019-02-28 20:45:21,670 [MainThread  ][INFO ]  ---- Starting iteration 39/100
2019-02-28 20:45:21,671 [MainThread  ][DEBUG]  Setting hyperparameter tf=0.8292929292929292
2019-02-28 20:45:21,671 [MainThread  ][INFO ]  Starting optimization for tf=0.8292929292929292
2019-02-28 20:45:21,671 [MainThread  ][DEBUG]  Optimization method: Powell
2019-02-28 20:45:21,671 [MainThread  ][DEBUG]  Optimization options: None
2019-02-28 20:45:21,671 [MainThread  ][INFO ]  Initial parameter values: [0.21081206 0.41464646 0.55650721 0.31134558]
2019-02-28 20:47:12,483 [MainThread  ][INFO ]  Final fidelity: 0.9250747466289511
2019-02-28 20:47:12,484 [MainThread  ][INFO ]  Final parameters: [ 1.99999993  0.56921663 -1.9999998  -1.99999993]
2019-02-28 20:47:12,484 [MainThread  ][INFO ]  Fidelity: 0.9250747466289511
2019-02-28 20:47:12,484 [MainThread  ][INFO ]  ---- Starting iteration 40/100
2019-02-28 20:47:12,485 [MainThread  ][DEBUG]  Setting hyperparameter tf=0.8484848484848484
2019-02-28 20:47:12,485 [MainThread  ][INFO ]  Starting optimization for tf=0.8484848484848484
2019-02-28 20:47:12,485 [MainThread  ][DEBUG]  Optimization method: Powell
2019-02-28 20:47:12,485 [MainThread  ][DEBUG]  Optimization options: None
2019-02-28 20:47:12,485 [MainThread  ][INFO ]  Initial parameter values: [1.89703703 0.42424242 1.77098328 0.81711925]
2019-02-28 20:48:53,499 [MainThread  ][INFO ]  Final fidelity: 0.9307650250923029
2019-02-28 20:48:53,500 [MainThread  ][INFO ]  Final parameters: [ 1.99999997  0.58824863 -1.99999917 -1.99999994]
2019-02-28 20:48:53,500 [MainThread  ][INFO ]  Fidelity: 0.9307650250923029
2019-02-28 20:48:53,500 [MainThread  ][INFO ]  ---- Starting iteration 41/100
2019-02-28 20:48:53,500 [MainThread  ][DEBUG]  Setting hyperparameter tf=0.8676767676767676
2019-02-28 20:48:53,500 [MainThread  ][INFO ]  Starting optimization for tf=0.8676767676767676
2019-02-28 20:48:53,501 [MainThread  ][DEBUG]  Optimization method: Powell
2019-02-28 20:48:53,501 [MainThread  ][DEBUG]  Optimization options: None
2019-02-28 20:48:53,501 [MainThread  ][INFO ]  Initial parameter values: [0.4254661  0.43383838 0.86699383 0.86830946]
2019-02-28 20:50:32,977 [MainThread  ][INFO ]  Final fidelity: 0.936244082081252
2019-02-28 20:50:32,978 [MainThread  ][INFO ]  Final parameters: [ 1.99999984  0.60462515 -1.99999877 -1.9999987 ]
2019-02-28 20:50:32,978 [MainThread  ][INFO ]  Fidelity: 0.936244082081252
2019-02-28 20:50:32,978 [MainThread  ][INFO ]  ---- Starting iteration 42/100
2019-02-28 20:50:32,978 [MainThread  ][DEBUG]  Setting hyperparameter tf=0.8868686868686868
2019-02-28 20:50:32,978 [MainThread  ][INFO ]  Starting optimization for tf=0.8868686868686868
2019-02-28 20:50:32,978 [MainThread  ][DEBUG]  Optimization method: Powell
2019-02-28 20:50:32,979 [MainThread  ][DEBUG]  Optimization options: None
2019-02-28 20:50:32,979 [MainThread  ][INFO ]  Initial parameter values: [1.88979433 0.44343434 0.37892804 0.56442104]
2019-02-28 20:53:33,825 [MainThread  ][INFO ]  Final fidelity: 0.9415896922791164
2019-02-28 20:53:33,826 [MainThread  ][INFO ]  Final parameters: [ 1.99999999  0.62102384 -1.99999994 -1.99999965]
2019-02-28 20:53:33,827 [MainThread  ][INFO ]  Fidelity: 0.9415896922791164
2019-02-28 20:53:33,827 [MainThread  ][INFO ]  ---- Starting iteration 43/100
2019-02-28 20:53:33,827 [MainThread  ][DEBUG]  Setting hyperparameter tf=0.906060606060606
2019-02-28 20:53:33,827 [MainThread  ][INFO ]  Starting optimization for tf=0.906060606060606
2019-02-28 20:53:33,827 [MainThread  ][DEBUG]  Optimization method: Powell
2019-02-28 20:53:33,827 [MainThread  ][DEBUG]  Optimization options: None
2019-02-28 20:53:33,827 [MainThread  ][INFO ]  Initial parameter values: [0.2600382  0.4530303  0.62663516 1.86782712]
2019-02-28 20:55:58,989 [MainThread  ][INFO ]  Final fidelity: 0.9467916068176218
2019-02-28 20:55:58,989 [MainThread  ][INFO ]  Final parameters: [ 1.99999996  0.63770509 -1.99999987 -1.9999995 ]
2019-02-28 20:55:58,989 [MainThread  ][INFO ]  Fidelity: 0.9467916068176218
2019-02-28 20:55:58,990 [MainThread  ][INFO ]  ---- Starting iteration 44/100
2019-02-28 20:55:58,990 [MainThread  ][DEBUG]  Setting hyperparameter tf=0.9252525252525252
2019-02-28 20:55:58,990 [MainThread  ][INFO ]  Starting optimization for tf=0.9252525252525252
2019-02-28 20:55:58,990 [MainThread  ][DEBUG]  Optimization method: Powell
2019-02-28 20:55:58,990 [MainThread  ][DEBUG]  Optimization options: None
2019-02-28 20:55:58,990 [MainThread  ][INFO ]  Initial parameter values: [0.8490962  0.46262626 0.20923045 0.9144552 ]
2019-02-28 20:58:48,244 [MainThread  ][INFO ]  Final fidelity: 0.9518251160900129
2019-02-28 20:58:48,244 [MainThread  ][INFO ]  Final parameters: [ 1.99999999  0.65422729 -1.99999996 -1.99977328]
2019-02-28 20:58:48,244 [MainThread  ][INFO ]  Fidelity: 0.9518251160900129
2019-02-28 20:58:48,245 [MainThread  ][INFO ]  ---- Starting iteration 45/100
2019-02-28 20:58:48,245 [MainThread  ][DEBUG]  Setting hyperparameter tf=0.9444444444444443
2019-02-28 20:58:48,245 [MainThread  ][INFO ]  Starting optimization for tf=0.9444444444444443
2019-02-28 20:58:48,245 [MainThread  ][DEBUG]  Optimization method: Powell
2019-02-28 20:58:48,245 [MainThread  ][DEBUG]  Optimization options: None
2019-02-28 20:58:48,245 [MainThread  ][INFO ]  Initial parameter values: [1.23366291 0.47222222 1.67048063 0.14372541]
2019-02-28 21:00:46,725 [MainThread  ][INFO ]  Final fidelity: 0.9566834186830995
2019-02-28 21:00:46,727 [MainThread  ][INFO ]  Final parameters: [ 1.99999978  0.67118781 -1.99999995 -1.99999953]
2019-02-28 21:00:46,728 [MainThread  ][INFO ]  Fidelity: 0.9566834186830995
2019-02-28 21:00:46,728 [MainThread  ][INFO ]  ---- Starting iteration 46/100
2019-02-28 21:00:46,728 [MainThread  ][DEBUG]  Setting hyperparameter tf=0.9636363636363635
2019-02-28 21:00:46,728 [MainThread  ][INFO ]  Starting optimization for tf=0.9636363636363635
2019-02-28 21:00:46,728 [MainThread  ][DEBUG]  Optimization method: Powell
2019-02-28 21:00:46,728 [MainThread  ][DEBUG]  Optimization options: None
2019-02-28 21:00:46,728 [MainThread  ][INFO ]  Initial parameter values: [1.00074983 0.48181818 1.01047412 1.70793292]
2019-02-28 21:02:36,435 [MainThread  ][INFO ]  Final fidelity: 0.9613432503408479
2019-02-28 21:02:36,448 [MainThread  ][INFO ]  Final parameters: [ 1.99999976  0.6880895  -1.99999987 -1.9999996 ]
2019-02-28 21:02:36,448 [MainThread  ][INFO ]  Fidelity: 0.9613432503408479
2019-02-28 21:02:36,449 [MainThread  ][INFO ]  ---- Starting iteration 47/100
2019-02-28 21:02:36,449 [MainThread  ][DEBUG]  Setting hyperparameter tf=0.9828282828282827
2019-02-28 21:02:36,449 [MainThread  ][INFO ]  Starting optimization for tf=0.9828282828282827
2019-02-28 21:02:36,449 [MainThread  ][DEBUG]  Optimization method: Powell
2019-02-28 21:02:36,449 [MainThread  ][DEBUG]  Optimization options: None
2019-02-28 21:02:36,449 [MainThread  ][INFO ]  Initial parameter values: [0.3738866  0.49141414 1.4977705  0.38293654]
2019-02-28 21:04:20,017 [MainThread  ][INFO ]  Final fidelity: 0.9657780813899535
2019-02-28 21:04:20,017 [MainThread  ][INFO ]  Final parameters: [ 1.9999999   0.70441973 -1.99999967 -1.9999965 ]
2019-02-28 21:04:20,018 [MainThread  ][INFO ]  Fidelity: 0.9657780813899535
2019-02-28 21:04:20,018 [MainThread  ][INFO ]  ---- Starting iteration 48/100
2019-02-28 21:04:20,018 [MainThread  ][DEBUG]  Setting hyperparameter tf=1.002020202020202
2019-02-28 21:04:20,018 [MainThread  ][INFO ]  Starting optimization for tf=1.002020202020202
2019-02-28 21:04:20,018 [MainThread  ][DEBUG]  Optimization method: Powell
2019-02-28 21:04:20,018 [MainThread  ][DEBUG]  Optimization options: None
2019-02-28 21:04:20,018 [MainThread  ][INFO ]  Initial parameter values: [1.15302614 0.5010101  0.53649279 0.68107193]
2019-02-28 21:06:50,494 [MainThread  ][INFO ]  Final fidelity: 0.9698485118685348
2019-02-28 21:06:50,495 [MainThread  ][INFO ]  Final parameters: [ 1.9999999   0.72570848 -1.99999898 -1.99998402]
2019-02-28 21:06:50,495 [MainThread  ][INFO ]  Fidelity: 0.9698485118685348
2019-02-28 21:06:50,495 [MainThread  ][INFO ]  ---- Starting iteration 49/100
2019-02-28 21:06:50,495 [MainThread  ][DEBUG]  Setting hyperparameter tf=1.0212121212121212
2019-02-28 21:06:50,495 [MainThread  ][INFO ]  Starting optimization for tf=1.0212121212121212
2019-02-28 21:06:50,495 [MainThread  ][DEBUG]  Optimization method: Powell
2019-02-28 21:06:50,495 [MainThread  ][DEBUG]  Optimization options: None
2019-02-28 21:06:50,496 [MainThread  ][INFO ]  Initial parameter values: [0.46370025 0.51060606 1.92816006 1.59267301]
2019-02-28 21:08:46,493 [MainThread  ][INFO ]  Final fidelity: 0.9740040210467182
2019-02-28 21:08:46,508 [MainThread  ][INFO ]  Final parameters: [ 1.99999991  0.7395435  -1.99999996 -1.99999997]
2019-02-28 21:08:46,509 [MainThread  ][INFO ]  Fidelity: 0.9740040210467182
2019-02-28 21:08:46,509 [MainThread  ][INFO ]  ---- Starting iteration 50/100
2019-02-28 21:08:46,509 [MainThread  ][DEBUG]  Setting hyperparameter tf=1.0404040404040404
2019-02-28 21:08:46,509 [MainThread  ][INFO ]  Starting optimization for tf=1.0404040404040404
2019-02-28 21:08:46,509 [MainThread  ][DEBUG]  Optimization method: Powell
2019-02-28 21:08:46,509 [MainThread  ][DEBUG]  Optimization options: None
2019-02-28 21:08:46,509 [MainThread  ][INFO ]  Initial parameter values: [1.46968844 0.52020202 1.10395805 1.52921457]
2019-02-28 21:11:11,008 [MainThread  ][INFO ]  Final fidelity: 0.9776632770336501
2019-02-28 21:11:11,013 [MainThread  ][INFO ]  Final parameters: [ 1.99999985  0.75458313 -1.99999958 -1.99999876]
2019-02-28 21:11:11,013 [MainThread  ][INFO ]  Fidelity: 0.9776632770336501
2019-02-28 21:11:11,013 [MainThread  ][INFO ]  ---- Starting iteration 51/100
2019-02-28 21:11:11,013 [MainThread  ][DEBUG]  Setting hyperparameter tf=1.0595959595959596
2019-02-28 21:11:11,013 [MainThread  ][INFO ]  Starting optimization for tf=1.0595959595959596
2019-02-28 21:11:11,013 [MainThread  ][DEBUG]  Optimization method: Powell
2019-02-28 21:11:11,013 [MainThread  ][DEBUG]  Optimization options: None
2019-02-28 21:11:11,013 [MainThread  ][INFO ]  Initial parameter values: [0.87206291 0.52979798 0.82127179 1.19754357]
2019-02-28 21:12:56,451 [MainThread  ][INFO ]  Final fidelity: 0.9811974356310814
2019-02-28 21:12:56,455 [MainThread  ][INFO ]  Final parameters: [ 1.99999998  0.7744109  -1.99996631 -1.99941003]
2019-02-28 21:12:56,455 [MainThread  ][INFO ]  Fidelity: 0.9811974356310814
2019-02-28 21:12:56,455 [MainThread  ][INFO ]  ---- Starting iteration 52/100
2019-02-28 21:12:56,455 [MainThread  ][DEBUG]  Setting hyperparameter tf=1.0787878787878789
2019-02-28 21:12:56,455 [MainThread  ][INFO ]  Starting optimization for tf=1.0787878787878789
2019-02-28 21:12:56,455 [MainThread  ][DEBUG]  Optimization method: Powell
2019-02-28 21:12:56,455 [MainThread  ][DEBUG]  Optimization options: None
2019-02-28 21:12:56,455 [MainThread  ][INFO ]  Initial parameter values: [1.20326464 0.53939394 0.47450398 0.51739387]
2019-02-28 21:14:50,102 [MainThread  ][INFO ]  Final fidelity: 0.9832192127808643
2019-02-28 21:14:50,103 [MainThread  ][INFO ]  Final parameters: [ 1.99999989  0.77180496 -1.57918202 -1.99999936]
2019-02-28 21:14:50,104 [MainThread  ][INFO ]  Fidelity: 0.9832192127808643
2019-02-28 21:14:50,104 [MainThread  ][INFO ]  ---- Starting iteration 53/100
2019-02-28 21:14:50,104 [MainThread  ][DEBUG]  Setting hyperparameter tf=1.097979797979798
2019-02-28 21:14:50,104 [MainThread  ][INFO ]  Starting optimization for tf=1.097979797979798
2019-02-28 21:14:50,104 [MainThread  ][DEBUG]  Optimization method: Powell
2019-02-28 21:14:50,104 [MainThread  ][DEBUG]  Optimization options: None
2019-02-28 21:14:50,104 [MainThread  ][INFO ]  Initial parameter values: [0.62650933 0.5489899  1.61863429 0.53740578]
2019-02-28 21:16:28,887 [MainThread  ][INFO ]  Final fidelity: 0.9872832183566439
2019-02-28 21:16:28,888 [MainThread  ][INFO ]  Final parameters: [ 1.99999999  0.80950691 -1.99999854 -1.99993224]
2019-02-28 21:16:28,888 [MainThread  ][INFO ]  Fidelity: 0.9872832183566439
2019-02-28 21:16:28,888 [MainThread  ][INFO ]  ---- Starting iteration 54/100
2019-02-28 21:16:28,888 [MainThread  ][DEBUG]  Setting hyperparameter tf=1.1171717171717173
2019-02-28 21:16:28,888 [MainThread  ][INFO ]  Starting optimization for tf=1.1171717171717173
2019-02-28 21:16:28,888 [MainThread  ][DEBUG]  Optimization method: Powell
2019-02-28 21:16:28,888 [MainThread  ][DEBUG]  Optimization options: None
2019-02-28 21:16:28,889 [MainThread  ][INFO ]  Initial parameter values: [0.23970769 0.55858586 0.85409389 0.83386249]
2019-02-28 21:18:57,690 [MainThread  ][INFO ]  Final fidelity: 0.9898789381691669
2019-02-28 21:18:57,691 [MainThread  ][INFO ]  Final parameters: [ 1.99999985  0.8270265  -1.9999954  -1.99999825]
2019-02-28 21:18:57,691 [MainThread  ][INFO ]  Fidelity: 0.9898789381691669
2019-02-28 21:18:57,691 [MainThread  ][INFO ]  ---- Starting iteration 55/100
2019-02-28 21:18:57,691 [MainThread  ][DEBUG]  Setting hyperparameter tf=1.1363636363636365
2019-02-28 21:18:57,691 [MainThread  ][INFO ]  Starting optimization for tf=1.1363636363636365
2019-02-28 21:18:57,691 [MainThread  ][DEBUG]  Optimization method: Powell
2019-02-28 21:18:57,692 [MainThread  ][DEBUG]  Optimization options: None
2019-02-28 21:18:57,692 [MainThread  ][INFO ]  Initial parameter values: [1.99074224 0.56818182 0.83376811 1.9706091 ]
2019-02-28 21:21:11,741 [MainThread  ][INFO ]  Final fidelity: 0.9921652820458872
2019-02-28 21:21:11,742 [MainThread  ][INFO ]  Final parameters: [ 1.99999975  0.84496102 -1.99999854 -1.99999686]
2019-02-28 21:21:11,742 [MainThread  ][INFO ]  Fidelity: 0.9921652820458872
2019-02-28 21:21:11,742 [MainThread  ][INFO ]  ---- Starting iteration 56/100
2019-02-28 21:21:11,742 [MainThread  ][DEBUG]  Setting hyperparameter tf=1.1555555555555557
2019-02-28 21:21:11,742 [MainThread  ][INFO ]  Starting optimization for tf=1.1555555555555557
2019-02-28 21:21:11,743 [MainThread  ][DEBUG]  Optimization method: Powell
2019-02-28 21:21:11,743 [MainThread  ][DEBUG]  Optimization options: None
2019-02-28 21:21:11,743 [MainThread  ][INFO ]  Initial parameter values: [0.20062081 0.57777778 1.29018876 0.44588846]
2019-02-28 21:23:01,993 [MainThread  ][INFO ]  Final fidelity: 0.9941288620901328
2019-02-28 21:23:01,994 [MainThread  ][INFO ]  Final parameters: [ 1.99999987  0.86281207 -1.99999809 -1.99999696]
2019-02-28 21:23:01,994 [MainThread  ][INFO ]  Fidelity: 0.9941288620901328
2019-02-28 21:23:01,994 [MainThread  ][INFO ]  ---- Starting iteration 57/100
2019-02-28 21:23:01,994 [MainThread  ][DEBUG]  Setting hyperparameter tf=1.1747474747474747
2019-02-28 21:23:01,994 [MainThread  ][INFO ]  Starting optimization for tf=1.1747474747474747
2019-02-28 21:23:01,994 [MainThread  ][DEBUG]  Optimization method: Powell
2019-02-28 21:23:01,994 [MainThread  ][DEBUG]  Optimization options: None
2019-02-28 21:23:01,994 [MainThread  ][INFO ]  Initial parameter values: [1.67158799 0.58737374 1.72247762 0.76439684]
2019-02-28 21:25:16,373 [MainThread  ][INFO ]  Final fidelity: 0.9955117117188638
2019-02-28 21:25:16,373 [MainThread  ][INFO ]  Final parameters: [ 1.99999996  0.87200108 -1.81555993 -1.99995729]
2019-02-28 21:25:16,374 [MainThread  ][INFO ]  Fidelity: 0.9955117117188638
2019-02-28 21:25:16,374 [MainThread  ][INFO ]  ---- Starting iteration 58/100
2019-02-28 21:25:16,374 [MainThread  ][DEBUG]  Setting hyperparameter tf=1.1939393939393939
2019-02-28 21:25:16,374 [MainThread  ][INFO ]  Starting optimization for tf=1.1939393939393939
2019-02-28 21:25:16,374 [MainThread  ][DEBUG]  Optimization method: Powell
2019-02-28 21:25:16,374 [MainThread  ][DEBUG]  Optimization options: None
2019-02-28 21:25:16,374 [MainThread  ][INFO ]  Initial parameter values: [0.71571335 0.5969697  0.15999222 0.17272113]
2019-02-28 21:27:20,036 [MainThread  ][INFO ]  Final fidelity: 0.9965495652031827
2019-02-28 21:27:20,048 [MainThread  ][INFO ]  Final parameters: [ 2.          0.87668368 -1.51828802 -1.99999918]
2019-02-28 21:27:20,049 [MainThread  ][INFO ]  Fidelity: 0.9965495652031827
2019-02-28 21:27:20,049 [MainThread  ][INFO ]  ---- Starting iteration 59/100
2019-02-28 21:27:20,049 [MainThread  ][DEBUG]  Setting hyperparameter tf=1.213131313131313
2019-02-28 21:27:20,049 [MainThread  ][INFO ]  Starting optimization for tf=1.213131313131313
2019-02-28 21:27:20,049 [MainThread  ][DEBUG]  Optimization method: Powell
2019-02-28 21:27:20,049 [MainThread  ][DEBUG]  Optimization options: None
2019-02-28 21:27:20,049 [MainThread  ][INFO ]  Initial parameter values: [1.11538952 0.60656566 0.59646215 1.33637777]
2019-02-28 21:29:51,924 [MainThread  ][INFO ]  Final fidelity: 0.9980132813850182
2019-02-28 21:29:51,925 [MainThread  ][INFO ]  Final parameters: [ 1.99999951  0.91658303 -1.99999931 -1.99987939]
2019-02-28 21:29:51,925 [MainThread  ][INFO ]  Fidelity: 0.9980132813850182
2019-02-28 21:29:51,925 [MainThread  ][INFO ]  ---- Starting iteration 60/100
2019-02-28 21:29:51,925 [MainThread  ][DEBUG]  Setting hyperparameter tf=1.2323232323232323
2019-02-28 21:29:51,925 [MainThread  ][INFO ]  Starting optimization for tf=1.2323232323232323
2019-02-28 21:29:51,925 [MainThread  ][DEBUG]  Optimization method: Powell
2019-02-28 21:29:51,925 [MainThread  ][DEBUG]  Optimization options: None
2019-02-28 21:29:51,926 [MainThread  ][INFO ]  Initial parameter values: [1.47727376 0.61616162 1.6115942  1.37702281]
2019-02-28 21:32:26,078 [MainThread  ][INFO ]  Final fidelity: 0.998608321223873
2019-02-28 21:32:26,079 [MainThread  ][INFO ]  Final parameters: [ 1.99999943  0.93588456 -1.99999979 -1.99938279]
2019-02-28 21:32:26,079 [MainThread  ][INFO ]  Fidelity: 0.998608321223873
2019-02-28 21:32:26,079 [MainThread  ][INFO ]  ---- Starting iteration 61/100
2019-02-28 21:32:26,079 [MainThread  ][DEBUG]  Setting hyperparameter tf=1.2515151515151515
2019-02-28 21:32:26,079 [MainThread  ][INFO ]  Starting optimization for tf=1.2515151515151515
2019-02-28 21:32:26,079 [MainThread  ][DEBUG]  Optimization method: Powell
2019-02-28 21:32:26,079 [MainThread  ][DEBUG]  Optimization options: None
2019-02-28 21:32:26,079 [MainThread  ][INFO ]  Initial parameter values: [1.20078216 0.62575758 1.13326244 1.95906683]
2019-02-28 21:33:28,019 [MainThread  ][INFO ]  Final fidelity: 0.9830092735059325
2019-02-28 21:33:28,032 [MainThread  ][INFO ]  Final parameters: [ 1.43606169  1.02282717 -1.99999722 -2.        ]
2019-02-28 21:33:28,033 [MainThread  ][INFO ]  Fidelity: 0.9830092735059325
2019-02-28 21:33:28,033 [MainThread  ][INFO ]  ---- Starting iteration 62/100
2019-02-28 21:33:28,033 [MainThread  ][DEBUG]  Setting hyperparameter tf=1.2707070707070707
2019-02-28 21:33:28,033 [MainThread  ][INFO ]  Starting optimization for tf=1.2707070707070707
2019-02-28 21:33:28,033 [MainThread  ][DEBUG]  Optimization method: Powell
2019-02-28 21:33:28,033 [MainThread  ][DEBUG]  Optimization options: None
2019-02-28 21:33:28,033 [MainThread  ][INFO ]  Initial parameter values: [1.69981674 0.63535354 1.9333499  1.60805932]
2019-02-28 21:35:03,272 [MainThread  ][INFO ]  Final fidelity: 0.9988831165377693
2019-02-28 21:35:03,273 [MainThread  ][INFO ]  Final parameters: [ 1.98295493  0.95780804 -1.99996317 -1.67664467]
2019-02-28 21:35:03,273 [MainThread  ][INFO ]  Fidelity: 0.9988831165377693
2019-02-28 21:35:03,273 [MainThread  ][INFO ]  ---- Starting iteration 63/100
2019-02-28 21:35:03,273 [MainThread  ][DEBUG]  Setting hyperparameter tf=1.2898989898989899
2019-02-28 21:35:03,273 [MainThread  ][INFO ]  Starting optimization for tf=1.2898989898989899
2019-02-28 21:35:03,273 [MainThread  ][DEBUG]  Optimization method: Powell
2019-02-28 21:35:03,273 [MainThread  ][DEBUG]  Optimization options: None
2019-02-28 21:35:03,274 [MainThread  ][INFO ]  Initial parameter values: [1.43414601 0.64494949 0.85098411 1.55774471]
2019-02-28 21:36:09,196 [MainThread  ][INFO ]  Final fidelity: 0.9825353308263708
2019-02-28 21:36:09,196 [MainThread  ][INFO ]  Final parameters: [ 1.35051127  1.07284739 -2.         -1.99930308]
2019-02-28 21:36:09,196 [MainThread  ][INFO ]  Fidelity: 0.9825353308263708
2019-02-28 21:36:09,196 [MainThread  ][INFO ]  ---- Starting iteration 64/100
2019-02-28 21:36:09,197 [MainThread  ][DEBUG]  Setting hyperparameter tf=1.309090909090909
2019-02-28 21:36:09,197 [MainThread  ][INFO ]  Starting optimization for tf=1.309090909090909
2019-02-28 21:36:09,197 [MainThread  ][DEBUG]  Optimization method: Powell
2019-02-28 21:36:09,197 [MainThread  ][DEBUG]  Optimization options: None
2019-02-28 21:36:09,197 [MainThread  ][INFO ]  Initial parameter values: [0.0314958  0.65454545 1.4681395  1.12608626]
2019-02-28 21:38:05,907 [MainThread  ][INFO ]  Final fidelity: 0.9989007976162729
2019-02-28 21:38:05,909 [MainThread  ][INFO ]  Final parameters: [ 1.84699488  1.01983693 -1.99932923 -1.86527578]
2019-02-28 21:38:05,909 [MainThread  ][INFO ]  Fidelity: 0.9989007976162729
2019-02-28 21:38:05,909 [MainThread  ][INFO ]  ---- Starting iteration 65/100
2019-02-28 21:38:05,909 [MainThread  ][DEBUG]  Setting hyperparameter tf=1.3282828282828283
2019-02-28 21:38:05,909 [MainThread  ][INFO ]  Starting optimization for tf=1.3282828282828283
2019-02-28 21:38:05,909 [MainThread  ][DEBUG]  Optimization method: Powell
2019-02-28 21:38:05,909 [MainThread  ][DEBUG]  Optimization options: None
2019-02-28 21:38:05,910 [MainThread  ][INFO ]  Initial parameter values: [1.84320613 0.66414141 0.30211245 1.75169554]
2019-02-28 21:40:19,323 [MainThread  ][INFO ]  Final fidelity: 0.9989056839090149
2019-02-28 21:40:19,324 [MainThread  ][INFO ]  Final parameters: [ 1.79776774  1.04173597 -1.99999293 -1.80767263]
2019-02-28 21:40:19,325 [MainThread  ][INFO ]  Fidelity: 0.9989056839090149
2019-02-28 21:40:19,325 [MainThread  ][INFO ]  ---- Starting iteration 66/100
2019-02-28 21:40:19,325 [MainThread  ][DEBUG]  Setting hyperparameter tf=1.3474747474747475
2019-02-28 21:40:19,325 [MainThread  ][INFO ]  Starting optimization for tf=1.3474747474747475
2019-02-28 21:40:19,325 [MainThread  ][DEBUG]  Optimization method: Powell
2019-02-28 21:40:19,325 [MainThread  ][DEBUG]  Optimization options: None
2019-02-28 21:40:19,325 [MainThread  ][INFO ]  Initial parameter values: [0.7058258  0.67373737 1.80777707 1.05301312]
2019-02-28 21:41:51,290 [MainThread  ][INFO ]  Final fidelity: 0.9989124453229509
2019-02-28 21:41:51,291 [MainThread  ][INFO ]  Final parameters: [ 1.74832948  1.06591234 -1.9999968  -1.7902564 ]
2019-02-28 21:41:51,291 [MainThread  ][INFO ]  Fidelity: 0.9989124453229509
2019-02-28 21:41:51,291 [MainThread  ][INFO ]  ---- Starting iteration 67/100
2019-02-28 21:41:51,291 [MainThread  ][DEBUG]  Setting hyperparameter tf=1.3666666666666667
2019-02-28 21:41:51,291 [MainThread  ][INFO ]  Starting optimization for tf=1.3666666666666667
2019-02-28 21:41:51,291 [MainThread  ][DEBUG]  Optimization method: Powell
2019-02-28 21:41:51,292 [MainThread  ][DEBUG]  Optimization options: None
2019-02-28 21:41:51,292 [MainThread  ][INFO ]  Initial parameter values: [1.56598275 0.68333333 0.20289162 1.72820493]
2019-02-28 21:43:27,172 [MainThread  ][INFO ]  Final fidelity: 0.9989136886235486
2019-02-28 21:43:27,173 [MainThread  ][INFO ]  Final parameters: [ 1.69319272  1.09221873 -1.99997722 -1.79558784]
2019-02-28 21:43:27,174 [MainThread  ][INFO ]  Fidelity: 0.9989136886235486
2019-02-28 21:43:27,174 [MainThread  ][INFO ]  ---- Starting iteration 68/100
2019-02-28 21:43:27,174 [MainThread  ][DEBUG]  Setting hyperparameter tf=1.385858585858586
2019-02-28 21:43:27,174 [MainThread  ][INFO ]  Starting optimization for tf=1.385858585858586
2019-02-28 21:43:27,174 [MainThread  ][DEBUG]  Optimization method: Powell
2019-02-28 21:43:27,174 [MainThread  ][DEBUG]  Optimization options: None
2019-02-28 21:43:27,174 [MainThread  ][INFO ]  Initial parameter values: [0.27588207 0.69292929 0.43470919 1.38813918]
2019-02-28 21:45:06,197 [MainThread  ][INFO ]  Final fidelity: 0.9989193505024747
2019-02-28 21:45:06,198 [MainThread  ][INFO ]  Final parameters: [ 1.65881413  1.11112713 -1.99999529 -1.69340667]
2019-02-28 21:45:06,199 [MainThread  ][INFO ]  Fidelity: 0.9989193505024747
2019-02-28 21:45:06,199 [MainThread  ][INFO ]  ---- Starting iteration 69/100
2019-02-28 21:45:06,199 [MainThread  ][DEBUG]  Setting hyperparameter tf=1.405050505050505
2019-02-28 21:45:06,199 [MainThread  ][INFO ]  Starting optimization for tf=1.405050505050505
2019-02-28 21:45:06,199 [MainThread  ][DEBUG]  Optimization method: Powell
2019-02-28 21:45:06,199 [MainThread  ][DEBUG]  Optimization options: None
2019-02-28 21:45:06,199 [MainThread  ][INFO ]  Initial parameter values: [0.86993733 0.70252525 0.32583476 0.93050531]
2019-02-28 21:46:56,891 [MainThread  ][INFO ]  Final fidelity: 0.9988938745511791
2019-02-28 21:46:56,898 [MainThread  ][INFO ]  Final parameters: [ 1.99856699e+00  8.92944433e-01 -1.35966845e+00  4.45890342e-04]
2019-02-28 21:46:56,899 [MainThread  ][INFO ]  Fidelity: 0.9988938745511791
2019-02-28 21:46:56,899 [MainThread  ][INFO ]  ---- Starting iteration 70/100
2019-02-28 21:46:56,899 [MainThread  ][DEBUG]  Setting hyperparameter tf=1.4242424242424243
2019-02-28 21:46:56,899 [MainThread  ][INFO ]  Starting optimization for tf=1.4242424242424243
2019-02-28 21:46:56,899 [MainThread  ][DEBUG]  Optimization method: Powell
2019-02-28 21:46:56,899 [MainThread  ][DEBUG]  Optimization options: None
2019-02-28 21:46:56,899 [MainThread  ][INFO ]  Initial parameter values: [0.1165279  0.71212121 1.20424786 1.77000235]
2019-02-28 21:47:59,813 [MainThread  ][INFO ]  Final fidelity: 0.9989308031238261
2019-02-28 21:47:59,814 [MainThread  ][INFO ]  Final parameters: [ 1.56930403  1.16836834 -1.99846663 -1.84990249]
2019-02-28 21:47:59,814 [MainThread  ][INFO ]  Fidelity: 0.9989308031238261
2019-02-28 21:47:59,814 [MainThread  ][INFO ]  ---- Starting iteration 71/100
2019-02-28 21:47:59,814 [MainThread  ][DEBUG]  Setting hyperparameter tf=1.4434343434343435
2019-02-28 21:47:59,814 [MainThread  ][INFO ]  Starting optimization for tf=1.4434343434343435
2019-02-28 21:47:59,814 [MainThread  ][DEBUG]  Optimization method: Powell
2019-02-28 21:47:59,815 [MainThread  ][DEBUG]  Optimization options: None
2019-02-28 21:47:59,815 [MainThread  ][INFO ]  Initial parameter values: [0.30121702 0.72171717 0.031818   0.52382451]
2019-02-28 21:49:22,026 [MainThread  ][INFO ]  Final fidelity: 0.9989011660631729
2019-02-28 21:49:22,027 [MainThread  ][INFO ]  Final parameters: [ 1.98822888  0.85790008 -0.79011213 -0.05113782]
2019-02-28 21:49:22,027 [MainThread  ][INFO ]  Fidelity: 0.9989011660631729
2019-02-28 21:49:22,028 [MainThread  ][INFO ]  ---- Starting iteration 72/100
2019-02-28 21:49:22,028 [MainThread  ][DEBUG]  Setting hyperparameter tf=1.4626262626262627
2019-02-28 21:49:22,028 [MainThread  ][INFO ]  Starting optimization for tf=1.4626262626262627
2019-02-28 21:49:22,028 [MainThread  ][DEBUG]  Optimization method: Powell
2019-02-28 21:49:22,028 [MainThread  ][DEBUG]  Optimization options: None
2019-02-28 21:49:22,028 [MainThread  ][INFO ]  Initial parameter values: [1.26099333 0.73131313 0.6280179  0.89493474]
2019-02-28 21:50:52,241 [MainThread  ][INFO ]  Final fidelity: 0.9988937995162314
2019-02-28 21:50:52,242 [MainThread  ][INFO ]  Final parameters: [ 1.99991679  0.90515913 -1.78197383  0.65448673]
2019-02-28 21:50:52,242 [MainThread  ][INFO ]  Fidelity: 0.9988937995162314
2019-02-28 21:50:52,242 [MainThread  ][INFO ]  ---- Starting iteration 73/100
2019-02-28 21:50:52,242 [MainThread  ][DEBUG]  Setting hyperparameter tf=1.481818181818182
2019-02-28 21:50:52,242 [MainThread  ][INFO ]  Starting optimization for tf=1.481818181818182
2019-02-28 21:50:52,242 [MainThread  ][DEBUG]  Optimization method: Powell
2019-02-28 21:50:52,242 [MainThread  ][DEBUG]  Optimization options: None
2019-02-28 21:50:52,242 [MainThread  ][INFO ]  Initial parameter values: [1.69988303 0.74090909 0.67579862 0.75515796]
2019-02-28 21:51:53,168 [MainThread  ][INFO ]  Final fidelity: 0.9989068447181637
2019-02-28 21:51:53,168 [MainThread  ][INFO ]  Final parameters: [ 1.9921121   0.82895365 -0.5519959   0.04994352]
2019-02-28 21:51:53,168 [MainThread  ][INFO ]  Fidelity: 0.9989068447181637
2019-02-28 21:51:53,169 [MainThread  ][INFO ]  ---- Starting iteration 74/100
2019-02-28 21:51:53,169 [MainThread  ][DEBUG]  Setting hyperparameter tf=1.501010101010101
2019-02-28 21:51:53,169 [MainThread  ][INFO ]  Starting optimization for tf=1.501010101010101
2019-02-28 21:51:53,169 [MainThread  ][DEBUG]  Optimization method: Powell
2019-02-28 21:51:53,169 [MainThread  ][DEBUG]  Optimization options: None
2019-02-28 21:51:53,169 [MainThread  ][INFO ]  Initial parameter values: [0.50830609 0.75050505 1.00558833 0.65894634]
2019-02-28 21:53:04,149 [MainThread  ][INFO ]  Final fidelity: 0.9989153203546811
2019-02-28 21:53:04,150 [MainThread  ][INFO ]  Final parameters: [ 1.99829916  0.76442088  0.06274877 -0.16160515]
2019-02-28 21:53:04,150 [MainThread  ][INFO ]  Fidelity: 0.9989153203546811
2019-02-28 21:53:04,150 [MainThread  ][INFO ]  ---- Starting iteration 75/100
2019-02-28 21:53:04,150 [MainThread  ][DEBUG]  Setting hyperparameter tf=1.52020202020202
2019-02-28 21:53:04,150 [MainThread  ][INFO ]  Starting optimization for tf=1.52020202020202
2019-02-28 21:53:04,150 [MainThread  ][DEBUG]  Optimization method: Powell
2019-02-28 21:53:04,150 [MainThread  ][DEBUG]  Optimization options: None
2019-02-28 21:53:04,150 [MainThread  ][INFO ]  Initial parameter values: [0.76265724 0.76010101 0.88616926 0.05940492]
2019-02-28 21:54:21,262 [MainThread  ][INFO ]  Final fidelity: 0.9989221030338626
2019-02-28 21:54:21,263 [MainThread  ][INFO ]  Final parameters: [ 1.99996402  0.73308882  0.26348507 -0.17424437]
2019-02-28 21:54:21,263 [MainThread  ][INFO ]  Fidelity: 0.9989221030338626
2019-02-28 21:54:21,263 [MainThread  ][INFO ]  ---- Starting iteration 76/100
2019-02-28 21:54:21,263 [MainThread  ][DEBUG]  Setting hyperparameter tf=1.5393939393939393
2019-02-28 21:54:21,263 [MainThread  ][INFO ]  Starting optimization for tf=1.5393939393939393
2019-02-28 21:54:21,264 [MainThread  ][DEBUG]  Optimization method: Powell
2019-02-28 21:54:21,264 [MainThread  ][DEBUG]  Optimization options: None
2019-02-28 21:54:21,264 [MainThread  ][INFO ]  Initial parameter values: [1.1308475  0.76969697 0.57604509 1.34251082]
2019-02-28 21:55:31,386 [MainThread  ][INFO ]  Final fidelity: 0.9989589230248039
2019-02-28 21:55:31,387 [MainThread  ][INFO ]  Final parameters: [ 1.37367268  1.31408244 -1.99987969 -1.8604071 ]
2019-02-28 21:55:31,387 [MainThread  ][INFO ]  Fidelity: 0.9989589230248039
2019-02-28 21:55:31,387 [MainThread  ][INFO ]  ---- Starting iteration 77/100
2019-02-28 21:55:31,387 [MainThread  ][DEBUG]  Setting hyperparameter tf=1.5585858585858585
2019-02-28 21:55:31,387 [MainThread  ][INFO ]  Starting optimization for tf=1.5585858585858585
2019-02-28 21:55:31,387 [MainThread  ][DEBUG]  Optimization method: Powell
2019-02-28 21:55:31,388 [MainThread  ][DEBUG]  Optimization options: None
2019-02-28 21:55:31,388 [MainThread  ][INFO ]  Initial parameter values: [0.14697335 0.77929293 0.18174387 1.56343987]
2019-02-28 21:56:48,902 [MainThread  ][INFO ]  Final fidelity: 0.9989642061552267
2019-02-28 21:56:48,903 [MainThread  ][INFO ]  Final parameters: [ 1.34402044  1.3407818  -1.99930337 -1.92551612]
2019-02-28 21:56:48,903 [MainThread  ][INFO ]  Fidelity: 0.9989642061552267
2019-02-28 21:56:48,903 [MainThread  ][INFO ]  ---- Starting iteration 78/100
2019-02-28 21:56:48,903 [MainThread  ][DEBUG]  Setting hyperparameter tf=1.5777777777777777
2019-02-28 21:56:48,903 [MainThread  ][INFO ]  Starting optimization for tf=1.5777777777777777
2019-02-28 21:56:48,903 [MainThread  ][DEBUG]  Optimization method: Powell
2019-02-28 21:56:48,903 [MainThread  ][DEBUG]  Optimization options: None
2019-02-28 21:56:48,903 [MainThread  ][INFO ]  Initial parameter values: [1.20932526 0.78888889 0.98046583 1.39082567]
2019-02-28 21:58:09,823 [MainThread  ][INFO ]  Final fidelity: 0.9989698597802772
2019-02-28 21:58:09,824 [MainThread  ][INFO ]  Final parameters: [ 1.31819459  1.36592559 -1.99998066 -1.96218118]
2019-02-28 21:58:09,824 [MainThread  ][INFO ]  Fidelity: 0.9989698597802772
2019-02-28 21:58:09,824 [MainThread  ][INFO ]  ---- Starting iteration 79/100
2019-02-28 21:58:09,824 [MainThread  ][DEBUG]  Setting hyperparameter tf=1.596969696969697
2019-02-28 21:58:09,824 [MainThread  ][INFO ]  Starting optimization for tf=1.596969696969697
2019-02-28 21:58:09,824 [MainThread  ][DEBUG]  Optimization method: Powell
2019-02-28 21:58:09,824 [MainThread  ][DEBUG]  Optimization options: None
2019-02-28 21:58:09,824 [MainThread  ][INFO ]  Initial parameter values: [1.72998053 0.79848485 0.33687419 0.61419883]
2019-02-28 21:59:07,543 [MainThread  ][INFO ]  Final fidelity: 0.9989223259922289
2019-02-28 21:59:07,543 [MainThread  ][INFO ]  Final parameters: [ 1.97988656  0.77199719 -0.1909978   0.29913624]
2019-02-28 21:59:07,544 [MainThread  ][INFO ]  Fidelity: 0.9989223259922289
2019-02-28 21:59:07,544 [MainThread  ][INFO ]  ---- Starting iteration 80/100
2019-02-28 21:59:07,544 [MainThread  ][DEBUG]  Setting hyperparameter tf=1.6161616161616161
2019-02-28 21:59:07,544 [MainThread  ][INFO ]  Starting optimization for tf=1.6161616161616161
2019-02-28 21:59:07,544 [MainThread  ][DEBUG]  Optimization method: Powell
2019-02-28 21:59:07,544 [MainThread  ][DEBUG]  Optimization options: None
2019-02-28 21:59:07,544 [MainThread  ][INFO ]  Initial parameter values: [0.04503684 0.80808081 0.35934791 1.60569288]
2019-02-28 22:00:14,721 [MainThread  ][INFO ]  Final fidelity: 0.9989798463284373
2019-02-28 22:00:14,722 [MainThread  ][INFO ]  Final parameters: [ 1.27220595  1.41204379 -1.99998861 -1.93895719]
2019-02-28 22:00:14,722 [MainThread  ][INFO ]  Fidelity: 0.9989798463284373
2019-02-28 22:00:14,722 [MainThread  ][INFO ]  ---- Starting iteration 81/100
2019-02-28 22:00:14,722 [MainThread  ][DEBUG]  Setting hyperparameter tf=1.6353535353535353
2019-02-28 22:00:14,722 [MainThread  ][INFO ]  Starting optimization for tf=1.6353535353535353
2019-02-28 22:00:14,722 [MainThread  ][DEBUG]  Optimization method: Powell
2019-02-28 22:00:14,722 [MainThread  ][DEBUG]  Optimization options: None
2019-02-28 22:00:14,722 [MainThread  ][INFO ]  Initial parameter values: [0.44858678 0.81767677 1.58698456 1.13478861]
2019-02-28 22:01:24,301 [MainThread  ][INFO ]  Final fidelity: 0.9989836881822021
2019-02-28 22:01:24,302 [MainThread  ][INFO ]  Final parameters: [ 1.25170057  1.43287773 -1.99996676 -1.86750599]
2019-02-28 22:01:24,302 [MainThread  ][INFO ]  Fidelity: 0.9989836881822021
2019-02-28 22:01:24,302 [MainThread  ][INFO ]  ---- Starting iteration 82/100
2019-02-28 22:01:24,302 [MainThread  ][DEBUG]  Setting hyperparameter tf=1.6545454545454545
2019-02-28 22:01:24,302 [MainThread  ][INFO ]  Starting optimization for tf=1.6545454545454545
2019-02-28 22:01:24,302 [MainThread  ][DEBUG]  Optimization method: Powell
2019-02-28 22:01:24,302 [MainThread  ][DEBUG]  Optimization options: None
2019-02-28 22:01:24,302 [MainThread  ][INFO ]  Initial parameter values: [1.77766782 0.82727273 0.4086464  1.22683058]
2019-02-28 22:02:31,326 [MainThread  ][INFO ]  Final fidelity: 0.9989900120412618
2019-02-28 22:02:31,327 [MainThread  ][INFO ]  Final parameters: [ 1.22838255  1.46025445 -1.99990683 -1.97275748]
2019-02-28 22:02:31,327 [MainThread  ][INFO ]  Fidelity: 0.9989900120412618
2019-02-28 22:02:31,327 [MainThread  ][INFO ]  ---- Starting iteration 83/100
2019-02-28 22:02:31,327 [MainThread  ][DEBUG]  Setting hyperparameter tf=1.6737373737373737
2019-02-28 22:02:31,327 [MainThread  ][INFO ]  Starting optimization for tf=1.6737373737373737
2019-02-28 22:02:31,327 [MainThread  ][DEBUG]  Optimization method: Powell
2019-02-28 22:02:31,327 [MainThread  ][DEBUG]  Optimization options: None
2019-02-28 22:02:31,327 [MainThread  ][INFO ]  Initial parameter values: [0.15004667 0.83686869 0.13961155 0.89302375]
2019-02-28 22:03:40,060 [MainThread  ][INFO ]  Final fidelity: 0.9989215661745778
2019-02-28 22:03:40,060 [MainThread  ][INFO ]  Final parameters: [ 1.99664372  0.78306355 -0.44963034  0.65221606]
2019-02-28 22:03:40,061 [MainThread  ][INFO ]  Fidelity: 0.9989215661745778
2019-02-28 22:03:40,061 [MainThread  ][INFO ]  ---- Starting iteration 84/100
2019-02-28 22:03:40,061 [MainThread  ][DEBUG]  Setting hyperparameter tf=1.692929292929293
2019-02-28 22:03:40,061 [MainThread  ][INFO ]  Starting optimization for tf=1.692929292929293
2019-02-28 22:03:40,061 [MainThread  ][DEBUG]  Optimization method: Powell
2019-02-28 22:03:40,061 [MainThread  ][DEBUG]  Optimization options: None
2019-02-28 22:03:40,061 [MainThread  ][INFO ]  Initial parameter values: [1.83739084 0.84646465 1.70465106 0.41313769]
2019-02-28 22:04:42,620 [MainThread  ][INFO ]  Final fidelity: 0.9989688603814783
2019-02-28 22:04:42,621 [MainThread  ][INFO ]  Final parameters: [1.99112615 0.55262162 0.83777933 0.04914502]
2019-02-28 22:04:42,621 [MainThread  ][INFO ]  Fidelity: 0.9989688603814783
2019-02-28 22:04:42,621 [MainThread  ][INFO ]  ---- Starting iteration 85/100
2019-02-28 22:04:42,621 [MainThread  ][DEBUG]  Setting hyperparameter tf=1.7121212121212122
2019-02-28 22:04:42,621 [MainThread  ][INFO ]  Starting optimization for tf=1.7121212121212122
2019-02-28 22:04:42,621 [MainThread  ][DEBUG]  Optimization method: Powell
2019-02-28 22:04:42,621 [MainThread  ][DEBUG]  Optimization options: None
2019-02-28 22:04:42,621 [MainThread  ][INFO ]  Initial parameter values: [0.13363709 0.85606061 0.74902033 1.59636748]
2019-02-28 22:05:44,625 [MainThread  ][INFO ]  Final fidelity: 0.9990018829069208
2019-02-28 22:05:44,626 [MainThread  ][INFO ]  Final parameters: [ 1.17417461  1.52683402 -1.99999869 -1.89190217]
2019-02-28 22:05:44,626 [MainThread  ][INFO ]  Fidelity: 0.9990018829069208
2019-02-28 22:05:44,626 [MainThread  ][INFO ]  ---- Starting iteration 86/100
2019-02-28 22:05:44,626 [MainThread  ][DEBUG]  Setting hyperparameter tf=1.7313131313131314
2019-02-28 22:05:44,626 [MainThread  ][INFO ]  Starting optimization for tf=1.7313131313131314
2019-02-28 22:05:44,626 [MainThread  ][DEBUG]  Optimization method: Powell
2019-02-28 22:05:44,626 [MainThread  ][DEBUG]  Optimization options: None
2019-02-28 22:05:44,627 [MainThread  ][INFO ]  Initial parameter values: [1.77844991 0.86565657 1.12150888 1.48299947]
2019-02-28 22:06:51,901 [MainThread  ][INFO ]  Final fidelity: 0.9989840897033992
2019-02-28 22:06:51,902 [MainThread  ][INFO ]  Final parameters: [ 1.24587513  1.41321618 -1.99977791  0.2914356 ]
2019-02-28 22:06:51,902 [MainThread  ][INFO ]  Fidelity: 0.9989840897033992
2019-02-28 22:06:51,902 [MainThread  ][INFO ]  ---- Starting iteration 87/100
2019-02-28 22:06:51,902 [MainThread  ][DEBUG]  Setting hyperparameter tf=1.7505050505050506
2019-02-28 22:06:51,902 [MainThread  ][INFO ]  Starting optimization for tf=1.7505050505050506
2019-02-28 22:06:51,902 [MainThread  ][DEBUG]  Optimization method: Powell
2019-02-28 22:06:51,902 [MainThread  ][DEBUG]  Optimization options: None
2019-02-28 22:06:51,902 [MainThread  ][INFO ]  Initial parameter values: [0.97863859 0.87525253 1.67225793 0.59104542]
2019-02-28 22:07:22,229 [MainThread  ][INFO ]  Final fidelity: 0.9947857558321477
2019-02-28 22:07:22,230 [MainThread  ][INFO ]  Final parameters: [ 1.00273945  1.60399032 -2.         -1.99999681]
2019-02-28 22:07:22,230 [MainThread  ][INFO ]  Fidelity: 0.9947857558321477
2019-02-28 22:07:22,230 [MainThread  ][INFO ]  ---- Starting iteration 88/100
2019-02-28 22:07:22,230 [MainThread  ][DEBUG]  Setting hyperparameter tf=1.7696969696969698
2019-02-28 22:07:22,230 [MainThread  ][INFO ]  Starting optimization for tf=1.7696969696969698
2019-02-28 22:07:22,230 [MainThread  ][DEBUG]  Optimization method: Powell
2019-02-28 22:07:22,230 [MainThread  ][DEBUG]  Optimization options: None
2019-02-28 22:07:22,231 [MainThread  ][INFO ]  Initial parameter values: [0.7436819  0.88484848 1.78535487 0.40850431]
2019-02-28 22:08:03,241 [MainThread  ][INFO ]  Final fidelity: 0.9989904878308025
2019-02-28 22:08:03,242 [MainThread  ][INFO ]  Final parameters: [1.99590061 0.47835836 0.94302293 0.13795477]
2019-02-28 22:08:03,242 [MainThread  ][INFO ]  Fidelity: 0.9989904878308025
2019-02-28 22:08:03,242 [MainThread  ][INFO ]  ---- Starting iteration 89/100
2019-02-28 22:08:03,242 [MainThread  ][DEBUG]  Setting hyperparameter tf=1.7888888888888888
2019-02-28 22:08:03,242 [MainThread  ][INFO ]  Starting optimization for tf=1.7888888888888888
2019-02-28 22:08:03,243 [MainThread  ][DEBUG]  Optimization method: Powell
2019-02-28 22:08:03,243 [MainThread  ][DEBUG]  Optimization options: None
2019-02-28 22:08:03,243 [MainThread  ][INFO ]  Initial parameter values: [0.54232256 0.89444444 0.21381666 1.20082931]
2019-02-28 22:08:33,401 [MainThread  ][INFO ]  Final fidelity: 0.9989683480961942
2019-02-28 22:08:33,402 [MainThread  ][INFO ]  Final parameters: [ 1.32755054  1.29325353 -1.43602905  0.89513694]
2019-02-28 22:08:33,402 [MainThread  ][INFO ]  Fidelity: 0.9989683480961942
2019-02-28 22:08:33,402 [MainThread  ][INFO ]  ---- Starting iteration 90/100
2019-02-28 22:08:33,402 [MainThread  ][DEBUG]  Setting hyperparameter tf=1.808080808080808
2019-02-28 22:08:33,402 [MainThread  ][INFO ]  Starting optimization for tf=1.808080808080808
2019-02-28 22:08:33,402 [MainThread  ][DEBUG]  Optimization method: Powell
2019-02-28 22:08:33,402 [MainThread  ][DEBUG]  Optimization options: None
2019-02-28 22:08:33,402 [MainThread  ][INFO ]  Initial parameter values: [1.18045821 0.9040404  1.28949742 0.66638383]
2019-02-28 22:09:26,473 [MainThread  ][INFO ]  Final fidelity: 0.99898796300921
2019-02-28 22:09:26,473 [MainThread  ][INFO ]  Final parameters: [1.99157135 0.56160882 0.60786077 0.33198124]
2019-02-28 22:09:26,473 [MainThread  ][INFO ]  Fidelity: 0.99898796300921
2019-02-28 22:09:26,473 [MainThread  ][INFO ]  ---- Starting iteration 91/100
2019-02-28 22:09:26,474 [MainThread  ][DEBUG]  Setting hyperparameter tf=1.8272727272727272
2019-02-28 22:09:26,474 [MainThread  ][INFO ]  Starting optimization for tf=1.8272727272727272
2019-02-28 22:09:26,474 [MainThread  ][DEBUG]  Optimization method: Powell
2019-02-28 22:09:26,474 [MainThread  ][DEBUG]  Optimization options: None
2019-02-28 22:09:26,474 [MainThread  ][INFO ]  Initial parameter values: [1.47823964 0.91363636 1.23221981 1.1851382 ]
2019-02-28 22:10:02,008 [MainThread  ][INFO ]  Final fidelity: 0.9990323294827659
2019-02-28 22:10:02,009 [MainThread  ][INFO ]  Final parameters: [ 1.08182305  1.66636032 -1.99854183 -1.95398338]
2019-02-28 22:10:02,009 [MainThread  ][INFO ]  Fidelity: 0.9990323294827659
2019-02-28 22:10:02,009 [MainThread  ][INFO ]  ---- Starting iteration 92/100
2019-02-28 22:10:02,009 [MainThread  ][DEBUG]  Setting hyperparameter tf=1.8464646464646464
2019-02-28 22:10:02,009 [MainThread  ][INFO ]  Starting optimization for tf=1.8464646464646464
2019-02-28 22:10:02,009 [MainThread  ][DEBUG]  Optimization method: Powell
2019-02-28 22:10:02,009 [MainThread  ][DEBUG]  Optimization options: None
2019-02-28 22:10:02,009 [MainThread  ][INFO ]  Initial parameter values: [0.54592542 0.92323232 1.1406277  1.2650019 ]
2019-02-28 22:10:58,275 [MainThread  ][INFO ]  Final fidelity: 0.9990366469441387
2019-02-28 22:10:58,276 [MainThread  ][INFO ]  Final parameters: [ 1.06870574  1.69020469 -1.99997466 -1.99027056]
2019-02-28 22:10:58,276 [MainThread  ][INFO ]  Fidelity: 0.9990366469441387
2019-02-28 22:10:58,276 [MainThread  ][INFO ]  ---- Starting iteration 93/100
2019-02-28 22:10:58,277 [MainThread  ][DEBUG]  Setting hyperparameter tf=1.8656565656565656
2019-02-28 22:10:58,277 [MainThread  ][INFO ]  Starting optimization for tf=1.8656565656565656
2019-02-28 22:10:58,277 [MainThread  ][DEBUG]  Optimization method: Powell
2019-02-28 22:10:58,277 [MainThread  ][DEBUG]  Optimization options: None
2019-02-28 22:10:58,277 [MainThread  ][INFO ]  Initial parameter values: [1.34249329 0.93282828 0.34018546 1.13770796]
2019-02-28 22:11:34,654 [MainThread  ][INFO ]  Final fidelity: 0.9989493329494231
2019-02-28 22:11:34,655 [MainThread  ][INFO ]  Final parameters: [ 1.52837325  1.06119333 -0.74628103  1.0078111 ]
2019-02-28 22:11:34,655 [MainThread  ][INFO ]  Fidelity: 0.9989493329494231
2019-02-28 22:11:34,655 [MainThread  ][INFO ]  ---- Starting iteration 94/100
2019-02-28 22:11:34,655 [MainThread  ][DEBUG]  Setting hyperparameter tf=1.8848484848484848
2019-02-28 22:11:34,655 [MainThread  ][INFO ]  Starting optimization for tf=1.8848484848484848
2019-02-28 22:11:34,655 [MainThread  ][DEBUG]  Optimization method: Powell
2019-02-28 22:11:34,655 [MainThread  ][DEBUG]  Optimization options: None
2019-02-28 22:11:34,655 [MainThread  ][INFO ]  Initial parameter values: [1.75729397 0.94242424 0.99777931 1.4337718 ]
2019-02-28 22:12:17,870 [MainThread  ][INFO ]  Final fidelity: 0.9990448351575727
2019-02-28 22:12:17,870 [MainThread  ][INFO ]  Final parameters: [ 1.04234511  1.73602545 -1.99829816 -1.99977737]
2019-02-28 22:12:17,870 [MainThread  ][INFO ]  Fidelity: 0.9990448351575727
2019-02-28 22:12:17,870 [MainThread  ][INFO ]  ---- Starting iteration 95/100
2019-02-28 22:12:17,871 [MainThread  ][DEBUG]  Setting hyperparameter tf=1.904040404040404
2019-02-28 22:12:17,871 [MainThread  ][INFO ]  Starting optimization for tf=1.904040404040404
2019-02-28 22:12:17,871 [MainThread  ][DEBUG]  Optimization method: Powell
2019-02-28 22:12:17,871 [MainThread  ][DEBUG]  Optimization options: None
2019-02-28 22:12:17,871 [MainThread  ][INFO ]  Initial parameter values: [0.35428045 0.9520202  0.19902673 0.59739594]
2019-02-28 22:12:48,383 [MainThread  ][INFO ]  Final fidelity: 0.9989814524499926
2019-02-28 22:12:48,383 [MainThread  ][INFO ]  Final parameters: [1.54765603 0.89307335 0.12688712 0.5670493 ]
2019-02-28 22:12:48,384 [MainThread  ][INFO ]  Fidelity: 0.9989814524499926
2019-02-28 22:12:48,384 [MainThread  ][INFO ]  ---- Starting iteration 96/100
2019-02-28 22:12:48,384 [MainThread  ][DEBUG]  Setting hyperparameter tf=1.9232323232323232
2019-02-28 22:12:48,384 [MainThread  ][INFO ]  Starting optimization for tf=1.9232323232323232
2019-02-28 22:12:48,384 [MainThread  ][DEBUG]  Optimization method: Powell
2019-02-28 22:12:48,384 [MainThread  ][DEBUG]  Optimization options: None
2019-02-28 22:12:48,384 [MainThread  ][INFO ]  Initial parameter values: [0.64208264 0.96161616 1.11538458 0.31949461]
2019-02-28 22:13:37,984 [MainThread  ][INFO ]  Final fidelity: 0.9990381049342079
2019-02-28 22:13:37,984 [MainThread  ][INFO ]  Final parameters: [1.99999866 0.29065853 1.1843504  0.22500966]
2019-02-28 22:13:37,984 [MainThread  ][INFO ]  Fidelity: 0.9990381049342079
2019-02-28 22:13:37,985 [MainThread  ][INFO ]  ---- Starting iteration 97/100
2019-02-28 22:13:37,985 [MainThread  ][DEBUG]  Setting hyperparameter tf=1.9424242424242424
2019-02-28 22:13:37,985 [MainThread  ][INFO ]  Starting optimization for tf=1.9424242424242424
2019-02-28 22:13:37,985 [MainThread  ][DEBUG]  Optimization method: Powell
2019-02-28 22:13:37,985 [MainThread  ][DEBUG]  Optimization options: None
2019-02-28 22:13:37,985 [MainThread  ][INFO ]  Initial parameter values: [1.94008369 0.97121212 0.52260668 1.14777325]
2019-02-28 22:14:22,143 [MainThread  ][INFO ]  Final fidelity: 0.9990609953784089
2019-02-28 22:14:22,143 [MainThread  ][INFO ]  Final parameters: [ 1.01098442  1.80300127 -1.99986245 -1.99902463]
2019-02-28 22:14:22,143 [MainThread  ][INFO ]  Fidelity: 0.9990609953784089
2019-02-28 22:14:22,143 [MainThread  ][INFO ]  ---- Starting iteration 98/100
2019-02-28 22:14:22,144 [MainThread  ][DEBUG]  Setting hyperparameter tf=1.9616161616161616
2019-02-28 22:14:22,144 [MainThread  ][INFO ]  Starting optimization for tf=1.9616161616161616
2019-02-28 22:14:22,144 [MainThread  ][DEBUG]  Optimization method: Powell
2019-02-28 22:14:22,144 [MainThread  ][DEBUG]  Optimization options: None
2019-02-28 22:14:22,144 [MainThread  ][INFO ]  Initial parameter values: [1.89119777 0.98080808 1.6675492  0.27344104]
2019-02-28 22:14:56,343 [MainThread  ][INFO ]  Final fidelity: 0.9990456850561069
2019-02-28 22:14:56,343 [MainThread  ][INFO ]  Final parameters: [1.99983203 0.17631737 1.34221843 0.2071477 ]
2019-02-28 22:14:56,344 [MainThread  ][INFO ]  Fidelity: 0.9990456850561069
2019-02-28 22:14:56,344 [MainThread  ][INFO ]  ---- Starting iteration 99/100
2019-02-28 22:14:56,344 [MainThread  ][DEBUG]  Setting hyperparameter tf=1.9808080808080808
2019-02-28 22:14:56,344 [MainThread  ][INFO ]  Starting optimization for tf=1.9808080808080808
2019-02-28 22:14:56,344 [MainThread  ][DEBUG]  Optimization method: Powell
2019-02-28 22:14:56,344 [MainThread  ][DEBUG]  Optimization options: None
2019-02-28 22:14:56,344 [MainThread  ][INFO ]  Initial parameter values: [0.5412354  0.99040404 1.31400998 0.08807681]
2019-02-28 22:15:27,181 [MainThread  ][INFO ]  Final fidelity: 0.9990301726199315
2019-02-28 22:15:27,181 [MainThread  ][INFO ]  Final parameters: [1.22884978 0.51627171 1.3724978  0.05514766]
2019-02-28 22:15:27,181 [MainThread  ][INFO ]  Fidelity: 0.9990301726199315
2019-02-28 22:15:27,182 [MainThread  ][INFO ]  ---- Starting iteration 100/100
2019-02-28 22:15:27,182 [MainThread  ][DEBUG]  Setting hyperparameter tf=2.0
2019-02-28 22:15:27,182 [MainThread  ][INFO ]  Starting optimization for tf=2.0
2019-02-28 22:15:27,182 [MainThread  ][DEBUG]  Optimization method: Powell
2019-02-28 22:15:27,182 [MainThread  ][DEBUG]  Optimization options: None
2019-02-28 22:15:27,182 [MainThread  ][INFO ]  Initial parameter values: [1.27438834 1.         0.0702654  1.54185086]
2019-02-28 22:15:49,742 [MainThread  ][INFO ]  Final fidelity: 0.9990367815453018
2019-02-28 22:15:49,743 [MainThread  ][INFO ]  Final parameters: [ 1.09909854  0.95195528  1.30194673 -0.15358898]
2019-02-28 22:15:49,743 [MainThread  ][INFO ]  Fidelity: 0.9990367815453018
