2020-05-07 14:15:46,810 [MainThread  ][INFO ]  Output file name will be "lmg_doublebang_powell_bound04.csv"
2020-05-07 14:15:46,816 [MainThread  ][INFO ]  Using doublebang protocol ansatz.
2020-05-07 14:15:46,816 [MainThread  ][DEBUG]  Initializing ProtocolAnsatz instance "doublebang"
2020-05-07 14:15:46,816 [MainThread  ][INFO ]  Using parameters constraints: [[-4, 4], [None, None], [-4, 4]]
2020-05-07 14:15:46,816 [MainThread  ][INFO ]  Using total height constraint: None
2020-05-07 14:15:46,816 [MainThread  ][INFO ]  ---- Iteration 1/100
2020-05-07 14:15:46,817 [MainThread  ][DEBUG]  Setting hyperparameter tf=0.1
2020-05-07 14:15:46,817 [MainThread  ][INFO ]  Starting optimization for tf=0.1
2020-05-07 14:15:46,817 [MainThread  ][DEBUG]  Optimization method: Powell
2020-05-07 14:15:46,817 [MainThread  ][DEBUG]  Optimization options: None
2020-05-07 14:15:46,817 [MainThread  ][INFO ]  Initial parameter values: [-0.9748687781980045, 0.05, 0.25948895000595407]
2020-05-07 14:16:17,324 [MainThread  ][INFO ]  Final fidelity: 0.813927735805693
2020-05-07 14:16:17,327 [MainThread  ][INFO ]  Final parameters: [ 4.          0.05577586 -3.99999991]
2020-05-07 14:16:17,327 [MainThread  ][INFO ]  Fidelity: 0.813927735805693
2020-05-07 14:16:17,327 [MainThread  ][INFO ]  ---- Iteration 2/100
2020-05-07 14:16:17,328 [MainThread  ][DEBUG]  Setting hyperparameter tf=0.1191919191919192
2020-05-07 14:16:17,328 [MainThread  ][INFO ]  Starting optimization for tf=0.1191919191919192
2020-05-07 14:16:17,328 [MainThread  ][DEBUG]  Optimization method: Powell
2020-05-07 14:16:17,328 [MainThread  ][DEBUG]  Optimization options: None
2020-05-07 14:16:17,328 [MainThread  ][INFO ]  Initial parameter values: [0.18469243865213492, 0.0595959595959596, 0.591559883329128]
2020-05-07 14:16:48,307 [MainThread  ][INFO ]  Final fidelity: 0.8161919035023142
2020-05-07 14:16:48,308 [MainThread  ][INFO ]  Final parameters: [ 4.          0.06659024 -3.99999999]
2020-05-07 14:16:48,308 [MainThread  ][INFO ]  Fidelity: 0.8161919035023142
2020-05-07 14:16:48,308 [MainThread  ][INFO ]  ---- Iteration 3/100
2020-05-07 14:16:48,309 [MainThread  ][DEBUG]  Setting hyperparameter tf=0.1383838383838384
2020-05-07 14:16:48,309 [MainThread  ][INFO ]  Starting optimization for tf=0.1383838383838384
2020-05-07 14:16:48,309 [MainThread  ][DEBUG]  Optimization method: Powell
2020-05-07 14:16:48,309 [MainThread  ][DEBUG]  Optimization options: None
2020-05-07 14:16:48,309 [MainThread  ][INFO ]  Initial parameter values: [-0.044954827477345694, 0.0691919191919192, 0.699629602610387]
2020-05-07 14:17:09,856 [MainThread  ][INFO ]  Final fidelity: 0.8187482305719852
2020-05-07 14:17:09,871 [MainThread  ][INFO ]  Final parameters: [ 4.          0.075204   -3.99999985]
2020-05-07 14:17:09,871 [MainThread  ][INFO ]  Fidelity: 0.8187482305719852
2020-05-07 14:17:09,871 [MainThread  ][INFO ]  ---- Iteration 4/100
2020-05-07 14:17:09,872 [MainThread  ][DEBUG]  Setting hyperparameter tf=0.1575757575757576
2020-05-07 14:17:09,872 [MainThread  ][INFO ]  Starting optimization for tf=0.1575757575757576
2020-05-07 14:17:09,872 [MainThread  ][DEBUG]  Optimization method: Powell
2020-05-07 14:17:09,872 [MainThread  ][DEBUG]  Optimization options: None
2020-05-07 14:17:09,872 [MainThread  ][INFO ]  Initial parameter values: [0.31563917959272936, 0.0787878787878788, 0.35592914467074666]
2020-05-07 14:17:31,408 [MainThread  ][INFO ]  Final fidelity: 0.8218689480181751
2020-05-07 14:17:31,409 [MainThread  ][INFO ]  Final parameters: [ 4.          0.08840141 -3.99999883]
2020-05-07 14:17:31,409 [MainThread  ][INFO ]  Fidelity: 0.8218689480181751
2020-05-07 14:17:31,409 [MainThread  ][INFO ]  ---- Iteration 5/100
2020-05-07 14:17:31,409 [MainThread  ][DEBUG]  Setting hyperparameter tf=0.17676767676767677
2020-05-07 14:17:31,409 [MainThread  ][INFO ]  Starting optimization for tf=0.17676767676767677
2020-05-07 14:17:31,410 [MainThread  ][DEBUG]  Optimization method: Powell
2020-05-07 14:17:31,410 [MainThread  ][DEBUG]  Optimization options: None
2020-05-07 14:17:31,410 [MainThread  ][INFO ]  Initial parameter values: [0.6757419485055931, 0.08838383838383838, -0.13346029409356985]
2020-05-07 14:18:05,188 [MainThread  ][INFO ]  Final fidelity: 0.8252688556513204
2020-05-07 14:18:05,189 [MainThread  ][INFO ]  Final parameters: [ 4.          0.09941449 -3.9999884 ]
2020-05-07 14:18:05,189 [MainThread  ][INFO ]  Fidelity: 0.8252688556513204
2020-05-07 14:18:05,189 [MainThread  ][INFO ]  ---- Iteration 6/100
2020-05-07 14:18:05,190 [MainThread  ][DEBUG]  Setting hyperparameter tf=0.19595959595959594
2020-05-07 14:18:05,190 [MainThread  ][INFO ]  Starting optimization for tf=0.19595959595959594
2020-05-07 14:18:05,190 [MainThread  ][DEBUG]  Optimization method: Powell
2020-05-07 14:18:05,190 [MainThread  ][DEBUG]  Optimization options: None
2020-05-07 14:18:05,190 [MainThread  ][INFO ]  Initial parameter values: [-0.05935903035143397, 0.09797979797979797, -0.5354356275329326]
2020-05-07 14:18:30,808 [MainThread  ][INFO ]  Final fidelity: 0.8290324826300843
2020-05-07 14:18:30,808 [MainThread  ][INFO ]  Final parameters: [ 4.          0.11051236 -3.99999996]
2020-05-07 14:18:30,808 [MainThread  ][INFO ]  Fidelity: 0.8290324826300843
2020-05-07 14:18:30,809 [MainThread  ][INFO ]  ---- Iteration 7/100
2020-05-07 14:18:30,809 [MainThread  ][DEBUG]  Setting hyperparameter tf=0.21515151515151515
2020-05-07 14:18:30,809 [MainThread  ][INFO ]  Starting optimization for tf=0.21515151515151515
2020-05-07 14:18:30,809 [MainThread  ][DEBUG]  Optimization method: Powell
2020-05-07 14:18:30,809 [MainThread  ][DEBUG]  Optimization options: None
2020-05-07 14:18:30,809 [MainThread  ][INFO ]  Initial parameter values: [-0.3940343562098516, 0.10757575757575757, -0.07975784130495867]
2020-05-07 14:18:54,387 [MainThread  ][INFO ]  Final fidelity: 0.8331502440649956
2020-05-07 14:18:54,388 [MainThread  ][INFO ]  Final parameters: [ 4.          0.12170277 -3.99999999]
2020-05-07 14:18:54,388 [MainThread  ][INFO ]  Fidelity: 0.8331502440649956
2020-05-07 14:18:54,388 [MainThread  ][INFO ]  ---- Iteration 8/100
2020-05-07 14:18:54,388 [MainThread  ][DEBUG]  Setting hyperparameter tf=0.23434343434343433
2020-05-07 14:18:54,388 [MainThread  ][INFO ]  Starting optimization for tf=0.23434343434343433
2020-05-07 14:18:54,388 [MainThread  ][DEBUG]  Optimization method: Powell
2020-05-07 14:18:54,389 [MainThread  ][DEBUG]  Optimization options: None
2020-05-07 14:18:54,389 [MainThread  ][INFO ]  Initial parameter values: [0.8778783512537152, 0.11717171717171716, 0.8216884893658518]
2020-05-07 14:19:26,996 [MainThread  ][INFO ]  Final fidelity: 0.8376112123598947
2020-05-07 14:19:26,996 [MainThread  ][INFO ]  Final parameters: [ 3.99999999  0.13299391 -4.        ]
2020-05-07 14:19:26,996 [MainThread  ][INFO ]  Fidelity: 0.8376112123598947
2020-05-07 14:19:26,997 [MainThread  ][INFO ]  ---- Iteration 9/100
2020-05-07 14:19:26,997 [MainThread  ][DEBUG]  Setting hyperparameter tf=0.2535353535353535
2020-05-07 14:19:26,997 [MainThread  ][INFO ]  Starting optimization for tf=0.2535353535353535
2020-05-07 14:19:26,997 [MainThread  ][DEBUG]  Optimization method: Powell
2020-05-07 14:19:26,997 [MainThread  ][DEBUG]  Optimization options: None
2020-05-07 14:19:26,997 [MainThread  ][INFO ]  Initial parameter values: [0.21886880265623, 0.12676767676767675, 0.9421396161613333]
2020-05-07 14:19:57,692 [MainThread  ][INFO ]  Final fidelity: 0.8424029226028692
2020-05-07 14:19:57,693 [MainThread  ][INFO ]  Final parameters: [ 3.99999986  0.14439392 -4.        ]
2020-05-07 14:19:57,693 [MainThread  ][INFO ]  Fidelity: 0.8424029226028692
2020-05-07 14:19:57,694 [MainThread  ][INFO ]  ---- Iteration 10/100
2020-05-07 14:19:57,694 [MainThread  ][DEBUG]  Setting hyperparameter tf=0.2727272727272727
2020-05-07 14:19:57,694 [MainThread  ][INFO ]  Starting optimization for tf=0.2727272727272727
2020-05-07 14:19:57,694 [MainThread  ][DEBUG]  Optimization method: Powell
2020-05-07 14:19:57,694 [MainThread  ][DEBUG]  Optimization options: None
2020-05-07 14:19:57,694 [MainThread  ][INFO ]  Initial parameter values: [0.08995818148067469, 0.13636363636363635, 0.5413066671875062]
2020-05-07 14:20:21,139 [MainThread  ][INFO ]  Final fidelity: 0.8474511419685936
2020-05-07 14:20:21,139 [MainThread  ][INFO ]  Final parameters: [ 4.          0.15417243 -3.99999973]
2020-05-07 14:20:21,140 [MainThread  ][INFO ]  Fidelity: 0.8474511419685936
2020-05-07 14:20:21,140 [MainThread  ][INFO ]  ---- Iteration 11/100
2020-05-07 14:20:21,140 [MainThread  ][DEBUG]  Setting hyperparameter tf=0.2919191919191919
2020-05-07 14:20:21,140 [MainThread  ][INFO ]  Starting optimization for tf=0.2919191919191919
2020-05-07 14:20:21,140 [MainThread  ][DEBUG]  Optimization method: Powell
2020-05-07 14:20:21,140 [MainThread  ][DEBUG]  Optimization options: None
2020-05-07 14:20:21,140 [MainThread  ][INFO ]  Initial parameter values: [0.43973778138337916, 0.14595959595959596, -0.17591331128368015]
2020-05-07 14:20:59,020 [MainThread  ][INFO ]  Final fidelity: 0.8529204164415846
2020-05-07 14:20:59,021 [MainThread  ][INFO ]  Final parameters: [ 4.          0.16755182 -3.99999999]
2020-05-07 14:20:59,021 [MainThread  ][INFO ]  Fidelity: 0.8529204164415846
2020-05-07 14:20:59,021 [MainThread  ][INFO ]  ---- Iteration 12/100
2020-05-07 14:20:59,022 [MainThread  ][DEBUG]  Setting hyperparameter tf=0.3111111111111111
2020-05-07 14:20:59,022 [MainThread  ][INFO ]  Starting optimization for tf=0.3111111111111111
2020-05-07 14:20:59,022 [MainThread  ][DEBUG]  Optimization method: Powell
2020-05-07 14:20:59,022 [MainThread  ][DEBUG]  Optimization options: None
2020-05-07 14:20:59,022 [MainThread  ][INFO ]  Initial parameter values: [0.45442347392095717, 0.15555555555555556, 0.05689664994215948]
2020-05-07 14:21:33,828 [MainThread  ][INFO ]  Final fidelity: 0.8586126191407822
2020-05-07 14:21:33,829 [MainThread  ][INFO ]  Final parameters: [ 4.          0.17932419 -3.99999986]
2020-05-07 14:21:33,829 [MainThread  ][INFO ]  Fidelity: 0.8586126191407822
2020-05-07 14:21:33,829 [MainThread  ][INFO ]  ---- Iteration 13/100
2020-05-07 14:21:33,829 [MainThread  ][DEBUG]  Setting hyperparameter tf=0.3303030303030303
2020-05-07 14:21:33,829 [MainThread  ][INFO ]  Starting optimization for tf=0.3303030303030303
2020-05-07 14:21:33,829 [MainThread  ][DEBUG]  Optimization method: Powell
2020-05-07 14:21:33,830 [MainThread  ][DEBUG]  Optimization options: None
2020-05-07 14:21:33,830 [MainThread  ][INFO ]  Initial parameter values: [0.22498308033317937, 0.16515151515151516, -0.34692177502042343]
2020-05-07 14:21:54,952 [MainThread  ][INFO ]  Final fidelity: 0.8645681777255844
2020-05-07 14:21:54,952 [MainThread  ][INFO ]  Final parameters: [ 4.          0.19123482 -3.99999991]
2020-05-07 14:21:54,953 [MainThread  ][INFO ]  Fidelity: 0.8645681777255844
2020-05-07 14:21:54,953 [MainThread  ][INFO ]  ---- Iteration 14/100
2020-05-07 14:21:54,953 [MainThread  ][DEBUG]  Setting hyperparameter tf=0.3494949494949495
2020-05-07 14:21:54,953 [MainThread  ][INFO ]  Starting optimization for tf=0.3494949494949495
2020-05-07 14:21:54,953 [MainThread  ][DEBUG]  Optimization method: Powell
2020-05-07 14:21:54,953 [MainThread  ][DEBUG]  Optimization options: None
2020-05-07 14:21:54,953 [MainThread  ][INFO ]  Initial parameter values: [0.6130713828136563, 0.17474747474747476, 0.07331871847567895]
2020-05-07 14:22:29,637 [MainThread  ][INFO ]  Final fidelity: 0.8707652943216839
2020-05-07 14:22:29,638 [MainThread  ][INFO ]  Final parameters: [ 4.          0.20329029 -3.99999972]
2020-05-07 14:22:29,638 [MainThread  ][INFO ]  Fidelity: 0.8707652943216839
2020-05-07 14:22:29,638 [MainThread  ][INFO ]  ---- Iteration 15/100
2020-05-07 14:22:29,638 [MainThread  ][DEBUG]  Setting hyperparameter tf=0.3686868686868686
2020-05-07 14:22:29,639 [MainThread  ][INFO ]  Starting optimization for tf=0.3686868686868686
2020-05-07 14:22:29,639 [MainThread  ][DEBUG]  Optimization method: Powell
2020-05-07 14:22:29,639 [MainThread  ][DEBUG]  Optimization options: None
2020-05-07 14:22:29,639 [MainThread  ][INFO ]  Initial parameter values: [-0.5318139160924014, 0.1843434343434343, -0.809958678362874]
2020-05-07 14:23:12,280 [MainThread  ][INFO ]  Final fidelity: 0.8771799926280655
2020-05-07 14:23:12,281 [MainThread  ][INFO ]  Final parameters: [ 4.          0.21549551 -4.        ]
2020-05-07 14:23:12,281 [MainThread  ][INFO ]  Fidelity: 0.8771799926280655
2020-05-07 14:23:12,281 [MainThread  ][INFO ]  ---- Iteration 16/100
2020-05-07 14:23:12,282 [MainThread  ][DEBUG]  Setting hyperparameter tf=0.3878787878787878
2020-05-07 14:23:12,282 [MainThread  ][INFO ]  Starting optimization for tf=0.3878787878787878
2020-05-07 14:23:12,282 [MainThread  ][DEBUG]  Optimization method: Powell
2020-05-07 14:23:12,282 [MainThread  ][DEBUG]  Optimization options: None
2020-05-07 14:23:12,282 [MainThread  ][INFO ]  Initial parameter values: [-0.3242495950413431, 0.1939393939393939, 0.05541300744662436]
2020-05-07 14:23:42,988 [MainThread  ][INFO ]  Final fidelity: 0.883786024942128
2020-05-07 14:23:42,989 [MainThread  ][INFO ]  Final parameters: [ 4.          0.2278574  -3.99999998]
2020-05-07 14:23:42,990 [MainThread  ][INFO ]  Fidelity: 0.883786024942128
2020-05-07 14:23:42,990 [MainThread  ][INFO ]  ---- Iteration 17/100
2020-05-07 14:23:42,990 [MainThread  ][DEBUG]  Setting hyperparameter tf=0.407070707070707
2020-05-07 14:23:42,990 [MainThread  ][INFO ]  Starting optimization for tf=0.407070707070707
2020-05-07 14:23:42,990 [MainThread  ][DEBUG]  Optimization method: Powell
2020-05-07 14:23:42,990 [MainThread  ][DEBUG]  Optimization options: None
2020-05-07 14:23:42,990 [MainThread  ][INFO ]  Initial parameter values: [-0.03293179720074213, 0.2035353535353535, 0.09817940474539166]
2020-05-07 14:24:20,040 [MainThread  ][INFO ]  Final fidelity: 0.8905548203541597
2020-05-07 14:24:20,041 [MainThread  ][INFO ]  Final parameters: [ 4.          0.24038051 -3.99999978]
2020-05-07 14:24:20,041 [MainThread  ][INFO ]  Fidelity: 0.8905548203541597
2020-05-07 14:24:20,041 [MainThread  ][INFO ]  ---- Iteration 18/100
2020-05-07 14:24:20,042 [MainThread  ][DEBUG]  Setting hyperparameter tf=0.42626262626262623
2020-05-07 14:24:20,042 [MainThread  ][INFO ]  Starting optimization for tf=0.42626262626262623
2020-05-07 14:24:20,042 [MainThread  ][DEBUG]  Optimization method: Powell
2020-05-07 14:24:20,042 [MainThread  ][DEBUG]  Optimization options: None
2020-05-07 14:24:20,042 [MainThread  ][INFO ]  Initial parameter values: [-0.6260943789400044, 0.21313131313131312, 0.7672300321136876]
2020-05-07 14:24:41,708 [MainThread  ][INFO ]  Final fidelity: 0.8974554430308669
2020-05-07 14:24:41,709 [MainThread  ][INFO ]  Final parameters: [ 4.          0.25306876 -3.99999997]
2020-05-07 14:24:41,709 [MainThread  ][INFO ]  Fidelity: 0.8974554430308669
2020-05-07 14:24:41,709 [MainThread  ][INFO ]  ---- Iteration 19/100
2020-05-07 14:24:41,710 [MainThread  ][DEBUG]  Setting hyperparameter tf=0.44545454545454544
2020-05-07 14:24:41,710 [MainThread  ][INFO ]  Starting optimization for tf=0.44545454545454544
2020-05-07 14:24:41,710 [MainThread  ][DEBUG]  Optimization method: Powell
2020-05-07 14:24:41,710 [MainThread  ][DEBUG]  Optimization options: None
2020-05-07 14:24:41,710 [MainThread  ][INFO ]  Initial parameter values: [-0.1965561542727532, 0.22272727272727272, -0.7690135796920388]
2020-05-07 14:24:48,817 [MainThread  ][INFO ]  Final fidelity: 0.904102852842732
2020-05-07 14:24:48,818 [MainThread  ][INFO ]  Final parameters: [ 4.         0.2621059 -4.       ]
2020-05-07 14:24:48,818 [MainThread  ][INFO ]  Fidelity: 0.904102852842732
2020-05-07 14:24:48,819 [MainThread  ][INFO ]  ---- Iteration 20/100
2020-05-07 14:24:48,819 [MainThread  ][DEBUG]  Setting hyperparameter tf=0.46464646464646464
2020-05-07 14:24:48,819 [MainThread  ][INFO ]  Starting optimization for tf=0.46464646464646464
2020-05-07 14:24:48,819 [MainThread  ][DEBUG]  Optimization method: Powell
2020-05-07 14:24:48,819 [MainThread  ][DEBUG]  Optimization options: None
2020-05-07 14:24:48,819 [MainThread  ][INFO ]  Initial parameter values: [-0.9776532968959468, 0.23232323232323232, 0.7275058438915227]
2020-05-07 14:25:02,680 [MainThread  ][INFO ]  Final fidelity: 0.9114856557872394
2020-05-07 14:25:02,680 [MainThread  ][INFO ]  Final parameters: [ 3.99998146  0.27784848 -4.        ]
2020-05-07 14:25:02,680 [MainThread  ][INFO ]  Fidelity: 0.9114856557872394
2020-05-07 14:25:02,681 [MainThread  ][INFO ]  ---- Iteration 21/100
2020-05-07 14:25:02,681 [MainThread  ][DEBUG]  Setting hyperparameter tf=0.48383838383838385
2020-05-07 14:25:02,681 [MainThread  ][INFO ]  Starting optimization for tf=0.48383838383838385
2020-05-07 14:25:02,681 [MainThread  ][DEBUG]  Optimization method: Powell
2020-05-07 14:25:02,681 [MainThread  ][DEBUG]  Optimization options: None
2020-05-07 14:25:02,681 [MainThread  ][INFO ]  Initial parameter values: [0.8468464121674224, 0.24191919191919192, 0.24645028935577895]
2020-05-07 14:25:32,632 [MainThread  ][INFO ]  Final fidelity: 0.9186032398744158
2020-05-07 14:25:32,633 [MainThread  ][INFO ]  Final parameters: [ 4.          0.29216562 -3.9999995 ]
2020-05-07 14:25:32,633 [MainThread  ][INFO ]  Fidelity: 0.9186032398744158
2020-05-07 14:25:32,633 [MainThread  ][INFO ]  ---- Iteration 22/100
2020-05-07 14:25:32,633 [MainThread  ][DEBUG]  Setting hyperparameter tf=0.503030303030303
2020-05-07 14:25:32,633 [MainThread  ][INFO ]  Starting optimization for tf=0.503030303030303
2020-05-07 14:25:32,633 [MainThread  ][DEBUG]  Optimization method: Powell
2020-05-07 14:25:32,634 [MainThread  ][DEBUG]  Optimization options: None
2020-05-07 14:25:32,634 [MainThread  ][INFO ]  Initial parameter values: [-0.5408935255102925, 0.2515151515151515, 0.15957858743124165]
2020-05-07 14:26:15,528 [MainThread  ][INFO ]  Final fidelity: 0.9256745412360798
2020-05-07 14:26:15,529 [MainThread  ][INFO ]  Final parameters: [ 4.          0.3055496  -3.99999998]
2020-05-07 14:26:15,529 [MainThread  ][INFO ]  Fidelity: 0.9256745412360798
2020-05-07 14:26:15,529 [MainThread  ][INFO ]  ---- Iteration 23/100
2020-05-07 14:26:15,530 [MainThread  ][DEBUG]  Setting hyperparameter tf=0.5222222222222221
2020-05-07 14:26:15,530 [MainThread  ][INFO ]  Starting optimization for tf=0.5222222222222221
2020-05-07 14:26:15,530 [MainThread  ][DEBUG]  Optimization method: Powell
2020-05-07 14:26:15,530 [MainThread  ][DEBUG]  Optimization options: None
2020-05-07 14:26:15,530 [MainThread  ][INFO ]  Initial parameter values: [-0.20129413930981843, 0.26111111111111107, -0.8857270585203165]
2020-05-07 14:26:55,820 [MainThread  ][INFO ]  Final fidelity: 0.9326736456007256
2020-05-07 14:26:55,820 [MainThread  ][INFO ]  Final parameters: [ 4.          0.31984305 -4.        ]
2020-05-07 14:26:55,820 [MainThread  ][INFO ]  Fidelity: 0.9326736456007256
2020-05-07 14:26:55,821 [MainThread  ][INFO ]  ---- Iteration 24/100
2020-05-07 14:26:55,821 [MainThread  ][DEBUG]  Setting hyperparameter tf=0.5414141414141413
2020-05-07 14:26:55,821 [MainThread  ][INFO ]  Starting optimization for tf=0.5414141414141413
2020-05-07 14:26:55,821 [MainThread  ][DEBUG]  Optimization method: Powell
2020-05-07 14:26:55,821 [MainThread  ][DEBUG]  Optimization options: None
2020-05-07 14:26:55,821 [MainThread  ][INFO ]  Initial parameter values: [0.4258988338758476, 0.2707070707070707, 0.7936916586866276]
2020-05-07 14:27:27,536 [MainThread  ][INFO ]  Final fidelity: 0.9395994547681513
2020-05-07 14:27:27,537 [MainThread  ][INFO ]  Final parameters: [ 4.          0.33285892 -3.99999988]
2020-05-07 14:27:27,537 [MainThread  ][INFO ]  Fidelity: 0.9395994547681513
2020-05-07 14:27:27,537 [MainThread  ][INFO ]  ---- Iteration 25/100
2020-05-07 14:27:27,538 [MainThread  ][DEBUG]  Setting hyperparameter tf=0.5606060606060606
2020-05-07 14:27:27,538 [MainThread  ][INFO ]  Starting optimization for tf=0.5606060606060606
2020-05-07 14:27:27,538 [MainThread  ][DEBUG]  Optimization method: Powell
2020-05-07 14:27:27,538 [MainThread  ][DEBUG]  Optimization options: None
2020-05-07 14:27:27,538 [MainThread  ][INFO ]  Initial parameter values: [-0.38883903395547037, 0.2803030303030303, 0.47145797511736864]
2020-05-07 14:28:15,676 [MainThread  ][INFO ]  Final fidelity: 0.9457424629372996
2020-05-07 14:28:15,677 [MainThread  ][INFO ]  Final parameters: [ 4.          0.35141951 -3.99999852]
2020-05-07 14:28:15,677 [MainThread  ][INFO ]  Fidelity: 0.9457424629372996
2020-05-07 14:28:15,677 [MainThread  ][INFO ]  ---- Iteration 26/100
2020-05-07 14:28:15,677 [MainThread  ][DEBUG]  Setting hyperparameter tf=0.5797979797979798
2020-05-07 14:28:15,677 [MainThread  ][INFO ]  Starting optimization for tf=0.5797979797979798
2020-05-07 14:28:15,677 [MainThread  ][DEBUG]  Optimization method: Powell
2020-05-07 14:28:15,677 [MainThread  ][DEBUG]  Optimization options: None
2020-05-07 14:28:15,677 [MainThread  ][INFO ]  Initial parameter values: [-0.8999977592658917, 0.2898989898989899, -0.5841892032811591]
2020-05-07 14:28:50,652 [MainThread  ][INFO ]  Final fidelity: 0.9529304007139989
2020-05-07 14:28:50,653 [MainThread  ][INFO ]  Final parameters: [ 4.          0.36089239 -3.99999994]
2020-05-07 14:28:50,653 [MainThread  ][INFO ]  Fidelity: 0.9529304007139989
2020-05-07 14:28:50,653 [MainThread  ][INFO ]  ---- Iteration 27/100
2020-05-07 14:28:50,653 [MainThread  ][DEBUG]  Setting hyperparameter tf=0.598989898989899
2020-05-07 14:28:50,653 [MainThread  ][INFO ]  Starting optimization for tf=0.598989898989899
2020-05-07 14:28:50,654 [MainThread  ][DEBUG]  Optimization method: Powell
2020-05-07 14:28:50,654 [MainThread  ][DEBUG]  Optimization options: None
2020-05-07 14:28:50,654 [MainThread  ][INFO ]  Initial parameter values: [0.45528163805867883, 0.2994949494949495, 0.8460462218865776]
2020-05-07 14:29:15,674 [MainThread  ][INFO ]  Final fidelity: 0.9592537286734263
2020-05-07 14:29:15,675 [MainThread  ][INFO ]  Final parameters: [ 4.          0.37517933 -3.99999986]
2020-05-07 14:29:15,675 [MainThread  ][INFO ]  Fidelity: 0.9592537286734263
2020-05-07 14:29:15,675 [MainThread  ][INFO ]  ---- Iteration 28/100
2020-05-07 14:29:15,676 [MainThread  ][DEBUG]  Setting hyperparameter tf=0.6181818181818182
2020-05-07 14:29:15,676 [MainThread  ][INFO ]  Starting optimization for tf=0.6181818181818182
2020-05-07 14:29:15,676 [MainThread  ][DEBUG]  Optimization method: Powell
2020-05-07 14:29:15,676 [MainThread  ][DEBUG]  Optimization options: None
2020-05-07 14:29:15,676 [MainThread  ][INFO ]  Initial parameter values: [0.21469044592489483, 0.3090909090909091, 0.9280916023235057]
2020-05-07 14:29:57,502 [MainThread  ][INFO ]  Final fidelity: 0.965283187339234
2020-05-07 14:29:57,503 [MainThread  ][INFO ]  Final parameters: [ 4.          0.38964558 -3.99999979]
2020-05-07 14:29:57,503 [MainThread  ][INFO ]  Fidelity: 0.965283187339234
2020-05-07 14:29:57,503 [MainThread  ][INFO ]  ---- Iteration 29/100
2020-05-07 14:29:57,503 [MainThread  ][DEBUG]  Setting hyperparameter tf=0.6373737373737373
2020-05-07 14:29:57,503 [MainThread  ][INFO ]  Starting optimization for tf=0.6373737373737373
2020-05-07 14:29:57,503 [MainThread  ][DEBUG]  Optimization method: Powell
2020-05-07 14:29:57,503 [MainThread  ][DEBUG]  Optimization options: None
2020-05-07 14:29:57,503 [MainThread  ][INFO ]  Initial parameter values: [0.7906895286233633, 0.31868686868686863, 0.2961577702536702]
2020-05-07 14:30:49,872 [MainThread  ][INFO ]  Final fidelity: 0.970749283909768
2020-05-07 14:30:49,873 [MainThread  ][INFO ]  Final parameters: [ 4.          0.40688903 -3.99999998]
2020-05-07 14:30:49,873 [MainThread  ][INFO ]  Fidelity: 0.970749283909768
2020-05-07 14:30:49,873 [MainThread  ][INFO ]  ---- Iteration 30/100
2020-05-07 14:30:49,873 [MainThread  ][DEBUG]  Setting hyperparameter tf=0.6565656565656565
2020-05-07 14:30:49,874 [MainThread  ][INFO ]  Starting optimization for tf=0.6565656565656565
2020-05-07 14:30:49,874 [MainThread  ][DEBUG]  Optimization method: Powell
2020-05-07 14:30:49,874 [MainThread  ][DEBUG]  Optimization options: None
2020-05-07 14:30:49,874 [MainThread  ][INFO ]  Initial parameter values: [0.32727371137489736, 0.32828282828282823, -0.23736629022918243]
2020-05-07 14:31:27,343 [MainThread  ][INFO ]  Final fidelity: 0.9760752321844297
2020-05-07 14:31:27,343 [MainThread  ][INFO ]  Final parameters: [ 4.          0.42146016 -3.99999956]
2020-05-07 14:31:27,343 [MainThread  ][INFO ]  Fidelity: 0.9760752321844297
2020-05-07 14:31:27,343 [MainThread  ][INFO ]  ---- Iteration 31/100
2020-05-07 14:31:27,343 [MainThread  ][DEBUG]  Setting hyperparameter tf=0.6757575757575757
2020-05-07 14:31:27,344 [MainThread  ][INFO ]  Starting optimization for tf=0.6757575757575757
2020-05-07 14:31:27,344 [MainThread  ][DEBUG]  Optimization method: Powell
2020-05-07 14:31:27,344 [MainThread  ][DEBUG]  Optimization options: None
2020-05-07 14:31:27,344 [MainThread  ][INFO ]  Initial parameter values: [-0.29727121161380987, 0.33787878787878783, -0.9589540529291152]
2020-05-07 14:31:59,636 [MainThread  ][INFO ]  Final fidelity: 0.9811058211165489
2020-05-07 14:31:59,637 [MainThread  ][INFO ]  Final parameters: [ 4.          0.43382552 -4.        ]
2020-05-07 14:31:59,637 [MainThread  ][INFO ]  Fidelity: 0.9811058211165489
2020-05-07 14:31:59,637 [MainThread  ][INFO ]  ---- Iteration 32/100
2020-05-07 14:31:59,638 [MainThread  ][DEBUG]  Setting hyperparameter tf=0.6949494949494949
2020-05-07 14:31:59,638 [MainThread  ][INFO ]  Starting optimization for tf=0.6949494949494949
2020-05-07 14:31:59,638 [MainThread  ][DEBUG]  Optimization method: Powell
2020-05-07 14:31:59,638 [MainThread  ][DEBUG]  Optimization options: None
2020-05-07 14:31:59,638 [MainThread  ][INFO ]  Initial parameter values: [0.16032288194594213, 0.34747474747474744, -0.743233751848428]
2020-05-07 14:32:48,680 [MainThread  ][INFO ]  Final fidelity: 0.9853365703730014
2020-05-07 14:32:48,681 [MainThread  ][INFO ]  Final parameters: [ 4.          0.45115217 -3.99999995]
2020-05-07 14:32:48,681 [MainThread  ][INFO ]  Fidelity: 0.9853365703730014
2020-05-07 14:32:48,681 [MainThread  ][INFO ]  ---- Iteration 33/100
2020-05-07 14:32:48,681 [MainThread  ][DEBUG]  Setting hyperparameter tf=0.7141414141414141
2020-05-07 14:32:48,681 [MainThread  ][INFO ]  Starting optimization for tf=0.7141414141414141
2020-05-07 14:32:48,681 [MainThread  ][DEBUG]  Optimization method: Powell
2020-05-07 14:32:48,681 [MainThread  ][DEBUG]  Optimization options: None
2020-05-07 14:32:48,682 [MainThread  ][INFO ]  Initial parameter values: [-0.4159210446551851, 0.35707070707070704, -0.675904033023562]
2020-05-07 14:33:40,740 [MainThread  ][INFO ]  Final fidelity: 0.9891905657996035
2020-05-07 14:33:40,741 [MainThread  ][INFO ]  Final parameters: [ 4.          0.46614306 -3.99999874]
2020-05-07 14:33:40,741 [MainThread  ][INFO ]  Fidelity: 0.9891905657996035
2020-05-07 14:33:40,741 [MainThread  ][INFO ]  ---- Iteration 34/100
2020-05-07 14:33:40,741 [MainThread  ][DEBUG]  Setting hyperparameter tf=0.7333333333333333
2020-05-07 14:33:40,741 [MainThread  ][INFO ]  Starting optimization for tf=0.7333333333333333
2020-05-07 14:33:40,741 [MainThread  ][DEBUG]  Optimization method: Powell
2020-05-07 14:33:40,741 [MainThread  ][DEBUG]  Optimization options: None
2020-05-07 14:33:40,741 [MainThread  ][INFO ]  Initial parameter values: [0.004635869221040867, 0.36666666666666664, -0.12574675382374423]
2020-05-07 14:34:23,556 [MainThread  ][INFO ]  Final fidelity: 0.992509126341268
2020-05-07 14:34:23,557 [MainThread  ][INFO ]  Final parameters: [ 4.          0.48007939 -3.9999969 ]
2020-05-07 14:34:23,557 [MainThread  ][INFO ]  Fidelity: 0.992509126341268
2020-05-07 14:34:23,557 [MainThread  ][INFO ]  ---- Iteration 35/100
2020-05-07 14:34:23,557 [MainThread  ][DEBUG]  Setting hyperparameter tf=0.7525252525252525
2020-05-07 14:34:23,558 [MainThread  ][INFO ]  Starting optimization for tf=0.7525252525252525
2020-05-07 14:34:23,558 [MainThread  ][DEBUG]  Optimization method: Powell
2020-05-07 14:34:23,558 [MainThread  ][DEBUG]  Optimization options: None
2020-05-07 14:34:23,558 [MainThread  ][INFO ]  Initial parameter values: [0.6957579195558916, 0.37626262626262624, 0.9570696996327355]
2020-05-07 14:35:06,422 [MainThread  ][INFO ]  Final fidelity: 0.9951098144702016
2020-05-07 14:35:06,423 [MainThread  ][INFO ]  Final parameters: [ 4.          0.4957186  -3.99999981]
2020-05-07 14:35:06,423 [MainThread  ][INFO ]  Fidelity: 0.9951098144702016
2020-05-07 14:35:06,423 [MainThread  ][INFO ]  ---- Iteration 36/100
2020-05-07 14:35:06,423 [MainThread  ][DEBUG]  Setting hyperparameter tf=0.7717171717171717
2020-05-07 14:35:06,423 [MainThread  ][INFO ]  Starting optimization for tf=0.7717171717171717
2020-05-07 14:35:06,424 [MainThread  ][DEBUG]  Optimization method: Powell
2020-05-07 14:35:06,424 [MainThread  ][DEBUG]  Optimization options: None
2020-05-07 14:35:06,424 [MainThread  ][INFO ]  Initial parameter values: [0.31461222480227335, 0.38585858585858585, -0.07772779045246359]
2020-05-07 14:36:04,460 [MainThread  ][INFO ]  Final fidelity: 0.9969539760865044
2020-05-07 14:36:04,461 [MainThread  ][INFO ]  Final parameters: [ 4.          0.51299528 -3.99999896]
2020-05-07 14:36:04,461 [MainThread  ][INFO ]  Fidelity: 0.9969539760865044
2020-05-07 14:36:04,461 [MainThread  ][INFO ]  ---- Iteration 37/100
2020-05-07 14:36:04,461 [MainThread  ][DEBUG]  Setting hyperparameter tf=0.7909090909090909
2020-05-07 14:36:04,462 [MainThread  ][INFO ]  Starting optimization for tf=0.7909090909090909
2020-05-07 14:36:04,462 [MainThread  ][DEBUG]  Optimization method: Powell
2020-05-07 14:36:04,462 [MainThread  ][DEBUG]  Optimization options: None
2020-05-07 14:36:04,462 [MainThread  ][INFO ]  Initial parameter values: [-0.5640178071753912, 0.39545454545454545, 0.9179296202934046]
2020-05-07 14:36:51,994 [MainThread  ][INFO ]  Final fidelity: 0.9982646293644004
2020-05-07 14:36:51,995 [MainThread  ][INFO ]  Final parameters: [ 4.          0.52746824 -3.99999999]
2020-05-07 14:36:51,995 [MainThread  ][INFO ]  Fidelity: 0.9982646293644004
2020-05-07 14:36:51,995 [MainThread  ][INFO ]  ---- Iteration 38/100
2020-05-07 14:36:51,995 [MainThread  ][DEBUG]  Setting hyperparameter tf=0.81010101010101
2020-05-07 14:36:51,995 [MainThread  ][INFO ]  Starting optimization for tf=0.81010101010101
2020-05-07 14:36:51,995 [MainThread  ][DEBUG]  Optimization method: Powell
2020-05-07 14:36:51,995 [MainThread  ][DEBUG]  Optimization options: None
2020-05-07 14:36:51,995 [MainThread  ][INFO ]  Initial parameter values: [0.9753901715218736, 0.405050505050505, -0.9182588136724081]
2020-05-07 14:37:32,176 [MainThread  ][INFO ]  Final fidelity: 0.9987475386762493
2020-05-07 14:37:32,177 [MainThread  ][INFO ]  Final parameters: [ 4.          0.54362551 -3.99999154]
2020-05-07 14:37:32,177 [MainThread  ][INFO ]  Fidelity: 0.9987475386762493
2020-05-07 14:37:32,177 [MainThread  ][INFO ]  ---- Iteration 39/100
2020-05-07 14:37:32,177 [MainThread  ][DEBUG]  Setting hyperparameter tf=0.8292929292929292
2020-05-07 14:37:32,177 [MainThread  ][INFO ]  Starting optimization for tf=0.8292929292929292
2020-05-07 14:37:32,177 [MainThread  ][DEBUG]  Optimization method: Powell
2020-05-07 14:37:32,177 [MainThread  ][DEBUG]  Optimization options: None
2020-05-07 14:37:32,177 [MainThread  ][INFO ]  Initial parameter values: [-0.6978858335534666, 0.4146464646464646, -0.3632876380759025]
2020-05-07 14:38:22,668 [MainThread  ][INFO ]  Final fidelity: 0.998785761144846
2020-05-07 14:38:22,668 [MainThread  ][INFO ]  Final parameters: [ 3.99918906  0.53285302 -3.41116723]
2020-05-07 14:38:22,669 [MainThread  ][INFO ]  Fidelity: 0.998785761144846
2020-05-07 14:38:22,669 [MainThread  ][INFO ]  ---- Iteration 40/100
2020-05-07 14:38:22,669 [MainThread  ][DEBUG]  Setting hyperparameter tf=0.8484848484848484
2020-05-07 14:38:22,669 [MainThread  ][INFO ]  Starting optimization for tf=0.8484848484848484
2020-05-07 14:38:22,669 [MainThread  ][DEBUG]  Optimization method: Powell
2020-05-07 14:38:22,669 [MainThread  ][DEBUG]  Optimization options: None
2020-05-07 14:38:22,669 [MainThread  ][INFO ]  Initial parameter values: [-0.04254650347969435, 0.4242424242424242, 0.3864526093514422]
2020-05-07 14:39:13,248 [MainThread  ][INFO ]  Final fidelity: 0.99881462355999
2020-05-07 14:39:13,249 [MainThread  ][INFO ]  Final parameters: [ 3.56532097  0.59148806 -3.92939656]
2020-05-07 14:39:13,249 [MainThread  ][INFO ]  Fidelity: 0.99881462355999
2020-05-07 14:39:13,249 [MainThread  ][INFO ]  ---- Iteration 41/100
2020-05-07 14:39:13,250 [MainThread  ][DEBUG]  Setting hyperparameter tf=0.8676767676767676
2020-05-07 14:39:13,250 [MainThread  ][INFO ]  Starting optimization for tf=0.8676767676767676
2020-05-07 14:39:13,250 [MainThread  ][DEBUG]  Optimization method: Powell
2020-05-07 14:39:13,250 [MainThread  ][DEBUG]  Optimization options: None
2020-05-07 14:39:13,250 [MainThread  ][INFO ]  Initial parameter values: [-0.7543755322499115, 0.4338383838383838, -0.5429662481603976]
2020-05-07 14:39:47,287 [MainThread  ][INFO ]  Final fidelity: 0.9988416356960833
2020-05-07 14:39:47,288 [MainThread  ][INFO ]  Final parameters: [ 4.          0.50759378 -2.48325203]
2020-05-07 14:39:47,288 [MainThread  ][INFO ]  Fidelity: 0.9988416356960833
2020-05-07 14:39:47,288 [MainThread  ][INFO ]  ---- Iteration 42/100
2020-05-07 14:39:47,288 [MainThread  ][DEBUG]  Setting hyperparameter tf=0.8868686868686868
2020-05-07 14:39:47,288 [MainThread  ][INFO ]  Starting optimization for tf=0.8868686868686868
2020-05-07 14:39:47,289 [MainThread  ][DEBUG]  Optimization method: Powell
2020-05-07 14:39:47,289 [MainThread  ][DEBUG]  Optimization options: None
2020-05-07 14:39:47,289 [MainThread  ][INFO ]  Initial parameter values: [-0.7240973821376366, 0.4434343434343434, 0.0028885026803047165]
2020-05-07 14:40:16,934 [MainThread  ][INFO ]  Final fidelity: 0.9988638225677863
2020-05-07 14:40:16,934 [MainThread  ][INFO ]  Final parameters: [ 4.          0.49571945 -2.14311277]
2020-05-07 14:40:16,934 [MainThread  ][INFO ]  Fidelity: 0.9988638225677863
2020-05-07 14:40:16,934 [MainThread  ][INFO ]  ---- Iteration 43/100
2020-05-07 14:40:16,935 [MainThread  ][DEBUG]  Setting hyperparameter tf=0.906060606060606
2020-05-07 14:40:16,935 [MainThread  ][INFO ]  Starting optimization for tf=0.906060606060606
2020-05-07 14:40:16,935 [MainThread  ][DEBUG]  Optimization method: Powell
2020-05-07 14:40:16,935 [MainThread  ][DEBUG]  Optimization options: None
2020-05-07 14:40:16,935 [MainThread  ][INFO ]  Initial parameter values: [-0.001644499581429315, 0.453030303030303, -0.15187152772174772]
2020-05-07 14:40:46,396 [MainThread  ][INFO ]  Final fidelity: 0.9988830570413874
2020-05-07 14:40:46,397 [MainThread  ][INFO ]  Final parameters: [ 3.99999999  0.48427536 -1.85864239]
2020-05-07 14:40:46,397 [MainThread  ][INFO ]  Fidelity: 0.9988830570413874
2020-05-07 14:40:46,397 [MainThread  ][INFO ]  ---- Iteration 44/100
2020-05-07 14:40:46,397 [MainThread  ][DEBUG]  Setting hyperparameter tf=0.9252525252525252
2020-05-07 14:40:46,397 [MainThread  ][INFO ]  Starting optimization for tf=0.9252525252525252
2020-05-07 14:40:46,397 [MainThread  ][DEBUG]  Optimization method: Powell
2020-05-07 14:40:46,398 [MainThread  ][DEBUG]  Optimization options: None
2020-05-07 14:40:46,398 [MainThread  ][INFO ]  Initial parameter values: [-0.8829081050803247, 0.4626262626262626, 0.8170581788111568]
2020-05-07 14:41:17,076 [MainThread  ][INFO ]  Final fidelity: 0.9989086063462063
2020-05-07 14:41:17,077 [MainThread  ][INFO ]  Final parameters: [ 2.93233807  0.67468671 -3.56707931]
2020-05-07 14:41:17,077 [MainThread  ][INFO ]  Fidelity: 0.9989086063462063
2020-05-07 14:41:17,077 [MainThread  ][INFO ]  ---- Iteration 45/100
2020-05-07 14:41:17,077 [MainThread  ][DEBUG]  Setting hyperparameter tf=0.9444444444444443
2020-05-07 14:41:17,077 [MainThread  ][INFO ]  Starting optimization for tf=0.9444444444444443
2020-05-07 14:41:17,077 [MainThread  ][DEBUG]  Optimization method: Powell
2020-05-07 14:41:17,077 [MainThread  ][DEBUG]  Optimization options: None
2020-05-07 14:41:17,077 [MainThread  ][INFO ]  Initial parameter values: [-0.8161553463903966, 0.47222222222222215, -0.4372790658584651]
2020-05-07 14:42:07,108 [MainThread  ][INFO ]  Final fidelity: 0.9989146372558314
2020-05-07 14:42:07,109 [MainThread  ][INFO ]  Final parameters: [ 3.99977173  0.46261312 -1.41056495]
2020-05-07 14:42:07,109 [MainThread  ][INFO ]  Fidelity: 0.9989146372558314
2020-05-07 14:42:07,109 [MainThread  ][INFO ]  ---- Iteration 46/100
2020-05-07 14:42:07,110 [MainThread  ][DEBUG]  Setting hyperparameter tf=0.9636363636363635
2020-05-07 14:42:07,110 [MainThread  ][INFO ]  Starting optimization for tf=0.9636363636363635
2020-05-07 14:42:07,110 [MainThread  ][DEBUG]  Optimization method: Powell
2020-05-07 14:42:07,110 [MainThread  ][DEBUG]  Optimization options: None
2020-05-07 14:42:07,110 [MainThread  ][INFO ]  Initial parameter values: [-0.8862492243344609, 0.48181818181818176, -0.15057461966540298]
2020-05-07 14:42:39,106 [MainThread  ][INFO ]  Final fidelity: 0.998927755963112
2020-05-07 14:42:39,107 [MainThread  ][INFO ]  Final parameters: [ 3.99996086  0.45229797 -1.23103333]
2020-05-07 14:42:39,107 [MainThread  ][INFO ]  Fidelity: 0.998927755963112
2020-05-07 14:42:39,107 [MainThread  ][INFO ]  ---- Iteration 47/100
2020-05-07 14:42:39,107 [MainThread  ][DEBUG]  Setting hyperparameter tf=0.9828282828282827
2020-05-07 14:42:39,107 [MainThread  ][INFO ]  Starting optimization for tf=0.9828282828282827
2020-05-07 14:42:39,108 [MainThread  ][DEBUG]  Optimization method: Powell
2020-05-07 14:42:39,108 [MainThread  ][DEBUG]  Optimization options: None
2020-05-07 14:42:39,108 [MainThread  ][INFO ]  Initial parameter values: [0.4629317915407294, 0.49141414141414136, -0.03805554887511464]
2020-05-07 14:43:02,340 [MainThread  ][INFO ]  Final fidelity: 0.9989395050146641
2020-05-07 14:43:02,340 [MainThread  ][INFO ]  Final parameters: [ 3.99968774  0.44238628 -1.074262  ]
2020-05-07 14:43:02,340 [MainThread  ][INFO ]  Fidelity: 0.9989395050146641
2020-05-07 14:43:02,341 [MainThread  ][INFO ]  ---- Iteration 48/100
2020-05-07 14:43:02,341 [MainThread  ][DEBUG]  Setting hyperparameter tf=1.002020202020202
2020-05-07 14:43:02,341 [MainThread  ][INFO ]  Starting optimization for tf=1.002020202020202
2020-05-07 14:43:02,341 [MainThread  ][DEBUG]  Optimization method: Powell
2020-05-07 14:43:02,341 [MainThread  ][DEBUG]  Optimization options: None
2020-05-07 14:43:02,341 [MainThread  ][INFO ]  Initial parameter values: [-0.29281904217008203, 0.501010101010101, -0.39649639740282017]
2020-05-07 14:43:28,324 [MainThread  ][INFO ]  Final fidelity: 0.9989501202174181
2020-05-07 14:43:28,325 [MainThread  ][INFO ]  Final parameters: [ 4.          0.43272735 -0.93584101]
2020-05-07 14:43:28,325 [MainThread  ][INFO ]  Fidelity: 0.9989501202174181
2020-05-07 14:43:28,325 [MainThread  ][INFO ]  ---- Iteration 49/100
2020-05-07 14:43:28,325 [MainThread  ][DEBUG]  Setting hyperparameter tf=1.0212121212121212
2020-05-07 14:43:28,325 [MainThread  ][INFO ]  Starting optimization for tf=1.0212121212121212
2020-05-07 14:43:28,325 [MainThread  ][DEBUG]  Optimization method: Powell
2020-05-07 14:43:28,325 [MainThread  ][DEBUG]  Optimization options: None
2020-05-07 14:43:28,326 [MainThread  ][INFO ]  Initial parameter values: [0.9713372144028134, 0.5106060606060606, 0.9167571349811998]
2020-05-07 14:43:50,020 [MainThread  ][INFO ]  Final fidelity: 0.9989892726996334
2020-05-07 14:43:50,020 [MainThread  ][INFO ]  Final parameters: [ 2.29525041  0.81318945 -3.83849493]
2020-05-07 14:43:50,020 [MainThread  ][INFO ]  Fidelity: 0.9989892726996334
2020-05-07 14:43:50,020 [MainThread  ][INFO ]  ---- Iteration 50/100
2020-05-07 14:43:50,021 [MainThread  ][DEBUG]  Setting hyperparameter tf=1.0404040404040404
2020-05-07 14:43:50,021 [MainThread  ][INFO ]  Starting optimization for tf=1.0404040404040404
2020-05-07 14:43:50,021 [MainThread  ][DEBUG]  Optimization method: Powell
2020-05-07 14:43:50,021 [MainThread  ][DEBUG]  Optimization options: None
2020-05-07 14:43:50,021 [MainThread  ][INFO ]  Initial parameter values: [-0.995618890484002, 0.5202020202020202, 0.36598808150854345]
2020-05-07 14:44:10,580 [MainThread  ][INFO ]  Final fidelity: 0.9989687366297437
2020-05-07 14:44:10,580 [MainThread  ][INFO ]  Final parameters: [ 3.99955511  0.41444638 -0.70373803]
2020-05-07 14:44:10,581 [MainThread  ][INFO ]  Fidelity: 0.9989687366297437
2020-05-07 14:44:10,581 [MainThread  ][INFO ]  ---- Iteration 51/100
2020-05-07 14:44:10,581 [MainThread  ][DEBUG]  Setting hyperparameter tf=1.0595959595959596
2020-05-07 14:44:10,581 [MainThread  ][INFO ]  Starting optimization for tf=1.0595959595959596
2020-05-07 14:44:10,581 [MainThread  ][DEBUG]  Optimization method: Powell
2020-05-07 14:44:10,581 [MainThread  ][DEBUG]  Optimization options: None
2020-05-07 14:44:10,581 [MainThread  ][INFO ]  Initial parameter values: [-0.9891857910744783, 0.5297979797979798, 0.35624275085960666]
2020-05-07 14:44:37,279 [MainThread  ][INFO ]  Final fidelity: 0.9989770416072914
2020-05-07 14:44:37,280 [MainThread  ][INFO ]  Final parameters: [ 3.99953146  0.40570486 -0.60537928]
2020-05-07 14:44:37,280 [MainThread  ][INFO ]  Fidelity: 0.9989770416072914
2020-05-07 14:44:37,280 [MainThread  ][INFO ]  ---- Iteration 52/100
2020-05-07 14:44:37,280 [MainThread  ][DEBUG]  Setting hyperparameter tf=1.0787878787878789
2020-05-07 14:44:37,281 [MainThread  ][INFO ]  Starting optimization for tf=1.0787878787878789
2020-05-07 14:44:37,281 [MainThread  ][DEBUG]  Optimization method: Powell
2020-05-07 14:44:37,281 [MainThread  ][DEBUG]  Optimization options: None
2020-05-07 14:44:37,281 [MainThread  ][INFO ]  Initial parameter values: [-0.5399896144103644, 0.5393939393939394, 0.6461136726054768]
2020-05-07 14:45:13,727 [MainThread  ][INFO ]  Final fidelity: 0.9989848419875218
2020-05-07 14:45:13,727 [MainThread  ][INFO ]  Final parameters: [ 3.99963407  0.39721176 -0.51660811]
2020-05-07 14:45:13,728 [MainThread  ][INFO ]  Fidelity: 0.9989848419875218
2020-05-07 14:45:13,728 [MainThread  ][INFO ]  ---- Iteration 53/100
2020-05-07 14:45:13,728 [MainThread  ][DEBUG]  Setting hyperparameter tf=1.097979797979798
2020-05-07 14:45:13,728 [MainThread  ][INFO ]  Starting optimization for tf=1.097979797979798
2020-05-07 14:45:13,728 [MainThread  ][DEBUG]  Optimization method: Powell
2020-05-07 14:45:13,728 [MainThread  ][DEBUG]  Optimization options: None
2020-05-07 14:45:13,728 [MainThread  ][INFO ]  Initial parameter values: [0.9184776226428417, 0.548989898989899, 0.14310825802089777]
2020-05-07 14:45:38,022 [MainThread  ][INFO ]  Final fidelity: 0.9989922405654871
2020-05-07 14:45:38,022 [MainThread  ][INFO ]  Final parameters: [ 3.99869637  0.38908586 -0.43637027]
2020-05-07 14:45:38,023 [MainThread  ][INFO ]  Fidelity: 0.9989922405654871
2020-05-07 14:45:38,023 [MainThread  ][INFO ]  ---- Iteration 54/100
2020-05-07 14:45:38,023 [MainThread  ][DEBUG]  Setting hyperparameter tf=1.1171717171717173
2020-05-07 14:45:38,023 [MainThread  ][INFO ]  Starting optimization for tf=1.1171717171717173
2020-05-07 14:45:38,023 [MainThread  ][DEBUG]  Optimization method: Powell
2020-05-07 14:45:38,023 [MainThread  ][DEBUG]  Optimization options: None
2020-05-07 14:45:38,023 [MainThread  ][INFO ]  Initial parameter values: [-0.0036197040404921665, 0.5585858585858586, -0.7230429598069441]
2020-05-07 14:45:43,724 [MainThread  ][INFO ]  Final fidelity: 0.9990074447356067
2020-05-07 14:45:43,726 [MainThread  ][INFO ]  Final parameters: [ 2.89879785  0.5542211  -0.73175055]
2020-05-07 14:45:43,726 [MainThread  ][INFO ]  Fidelity: 0.9990074447356067
2020-05-07 14:45:43,726 [MainThread  ][INFO ]  ---- Iteration 55/100
2020-05-07 14:45:43,726 [MainThread  ][DEBUG]  Setting hyperparameter tf=1.1363636363636365
2020-05-07 14:45:43,726 [MainThread  ][INFO ]  Starting optimization for tf=1.1363636363636365
2020-05-07 14:45:43,726 [MainThread  ][DEBUG]  Optimization method: Powell
2020-05-07 14:45:43,726 [MainThread  ][DEBUG]  Optimization options: None
2020-05-07 14:45:43,727 [MainThread  ][INFO ]  Initial parameter values: [0.3284352819834604, 0.5681818181818182, -0.1587414843061079]
2020-05-07 14:45:55,408 [MainThread  ][INFO ]  Final fidelity: 0.9990134356715086
2020-05-07 14:45:55,409 [MainThread  ][INFO ]  Final parameters: [ 2.89260304  0.54467078 -0.62470589]
2020-05-07 14:45:55,409 [MainThread  ][INFO ]  Fidelity: 0.9990134356715086
2020-05-07 14:45:55,409 [MainThread  ][INFO ]  ---- Iteration 56/100
2020-05-07 14:45:55,409 [MainThread  ][DEBUG]  Setting hyperparameter tf=1.1555555555555557
2020-05-07 14:45:55,409 [MainThread  ][INFO ]  Starting optimization for tf=1.1555555555555557
2020-05-07 14:45:55,409 [MainThread  ][DEBUG]  Optimization method: Powell
2020-05-07 14:45:55,409 [MainThread  ][DEBUG]  Optimization options: None
2020-05-07 14:45:55,410 [MainThread  ][INFO ]  Initial parameter values: [-0.3530737823023187, 0.5777777777777778, -0.07456885795405532]
2020-05-07 14:46:08,246 [MainThread  ][INFO ]  Final fidelity: 0.9990203372631583
2020-05-07 14:46:08,247 [MainThread  ][INFO ]  Final parameters: [ 2.79817221  0.55570502 -0.57469512]
2020-05-07 14:46:08,247 [MainThread  ][INFO ]  Fidelity: 0.9990203372631583
2020-05-07 14:46:08,247 [MainThread  ][INFO ]  ---- Iteration 57/100
2020-05-07 14:46:08,247 [MainThread  ][DEBUG]  Setting hyperparameter tf=1.1747474747474747
2020-05-07 14:46:08,247 [MainThread  ][INFO ]  Starting optimization for tf=1.1747474747474747
2020-05-07 14:46:08,247 [MainThread  ][DEBUG]  Optimization method: Powell
2020-05-07 14:46:08,247 [MainThread  ][DEBUG]  Optimization options: None
2020-05-07 14:46:08,247 [MainThread  ][INFO ]  Initial parameter values: [0.5760543875295381, 0.5873737373737373, 0.734419593499255]
2020-05-07 14:46:28,008 [MainThread  ][INFO ]  Final fidelity: 0.9990192158476353
2020-05-07 14:46:28,009 [MainThread  ][INFO ]  Final parameters: [ 3.99966044  0.35831271 -0.17851221]
2020-05-07 14:46:28,009 [MainThread  ][INFO ]  Fidelity: 0.9990192158476353
2020-05-07 14:46:28,009 [MainThread  ][INFO ]  ---- Iteration 58/100
2020-05-07 14:46:28,009 [MainThread  ][DEBUG]  Setting hyperparameter tf=1.1939393939393939
2020-05-07 14:46:28,009 [MainThread  ][INFO ]  Starting optimization for tf=1.1939393939393939
2020-05-07 14:46:28,010 [MainThread  ][DEBUG]  Optimization method: Powell
2020-05-07 14:46:28,010 [MainThread  ][DEBUG]  Optimization options: None
2020-05-07 14:46:28,010 [MainThread  ][INFO ]  Initial parameter values: [0.41719954259705094, 0.5969696969696969, -0.35666808626835733]
2020-05-07 14:46:36,680 [MainThread  ][INFO ]  Final fidelity: 0.9990321626680707
2020-05-07 14:46:36,681 [MainThread  ][INFO ]  Final parameters: [ 2.69969863  0.55806304 -0.44088011]
2020-05-07 14:46:36,681 [MainThread  ][INFO ]  Fidelity: 0.9990321626680707
2020-05-07 14:46:36,681 [MainThread  ][INFO ]  ---- Iteration 59/100
2020-05-07 14:46:36,681 [MainThread  ][DEBUG]  Setting hyperparameter tf=1.213131313131313
2020-05-07 14:46:36,681 [MainThread  ][INFO ]  Starting optimization for tf=1.213131313131313
2020-05-07 14:46:36,681 [MainThread  ][DEBUG]  Optimization method: Powell
2020-05-07 14:46:36,682 [MainThread  ][DEBUG]  Optimization options: None
2020-05-07 14:46:36,682 [MainThread  ][INFO ]  Initial parameter values: [-0.016877526819182975, 0.6065656565656565, -0.36594497740535936]
2020-05-07 14:46:44,196 [MainThread  ][INFO ]  Final fidelity: 0.9990388999201437
2020-05-07 14:46:44,196 [MainThread  ][INFO ]  Final parameters: [ 2.57165331  0.58101325 -0.42199088]
2020-05-07 14:46:44,196 [MainThread  ][INFO ]  Fidelity: 0.9990388999201437
2020-05-07 14:46:44,197 [MainThread  ][INFO ]  ---- Iteration 60/100
2020-05-07 14:46:44,197 [MainThread  ][DEBUG]  Setting hyperparameter tf=1.2323232323232323
2020-05-07 14:46:44,197 [MainThread  ][INFO ]  Starting optimization for tf=1.2323232323232323
2020-05-07 14:46:44,197 [MainThread  ][DEBUG]  Optimization method: Powell
2020-05-07 14:46:44,197 [MainThread  ][DEBUG]  Optimization options: None
2020-05-07 14:46:44,197 [MainThread  ][INFO ]  Initial parameter values: [0.3950849326508521, 0.6161616161616161, -0.8789547861614706]
2020-05-07 14:46:53,374 [MainThread  ][INFO ]  Final fidelity: 0.999051539048547
2020-05-07 14:46:53,375 [MainThread  ][INFO ]  Final parameters: [ 2.18936936  0.69803127 -0.61616165]
2020-05-07 14:46:53,375 [MainThread  ][INFO ]  Fidelity: 0.999051539048547
2020-05-07 14:46:53,375 [MainThread  ][INFO ]  ---- Iteration 61/100
2020-05-07 14:46:53,375 [MainThread  ][DEBUG]  Setting hyperparameter tf=1.2515151515151515
2020-05-07 14:46:53,375 [MainThread  ][INFO ]  Starting optimization for tf=1.2515151515151515
2020-05-07 14:46:53,376 [MainThread  ][DEBUG]  Optimization method: Powell
2020-05-07 14:46:53,376 [MainThread  ][DEBUG]  Optimization options: None
2020-05-07 14:46:53,376 [MainThread  ][INFO ]  Initial parameter values: [-0.989702604579833, 0.6257575757575757, 0.3527478308824401]
2020-05-07 14:47:01,767 [MainThread  ][INFO ]  Final fidelity: 0.9990450928963607
2020-05-07 14:47:01,767 [MainThread  ][INFO ]  Final parameters: [ 3.07485965  0.44993886 -0.11822453]
2020-05-07 14:47:01,767 [MainThread  ][INFO ]  Fidelity: 0.9990450928963607
2020-05-07 14:47:01,768 [MainThread  ][INFO ]  ---- Iteration 62/100
2020-05-07 14:47:01,768 [MainThread  ][DEBUG]  Setting hyperparameter tf=1.2707070707070707
2020-05-07 14:47:01,768 [MainThread  ][INFO ]  Starting optimization for tf=1.2707070707070707
2020-05-07 14:47:01,768 [MainThread  ][DEBUG]  Optimization method: Powell
2020-05-07 14:47:01,768 [MainThread  ][DEBUG]  Optimization options: None
2020-05-07 14:47:01,768 [MainThread  ][INFO ]  Initial parameter values: [0.001455730259098953, 0.6353535353535353, -0.5302013635899578]
2020-05-07 14:47:13,564 [MainThread  ][INFO ]  Final fidelity: 0.9990597876305597
2020-05-07 14:47:13,565 [MainThread  ][INFO ]  Final parameters: [ 2.17009776  0.68032273 -0.42817756]
2020-05-07 14:47:13,565 [MainThread  ][INFO ]  Fidelity: 0.9990597876305597
2020-05-07 14:47:13,565 [MainThread  ][INFO ]  ---- Iteration 63/100
2020-05-07 14:47:13,565 [MainThread  ][DEBUG]  Setting hyperparameter tf=1.2898989898989899
2020-05-07 14:47:13,565 [MainThread  ][INFO ]  Starting optimization for tf=1.2898989898989899
2020-05-07 14:47:13,565 [MainThread  ][DEBUG]  Optimization method: Powell
2020-05-07 14:47:13,565 [MainThread  ][DEBUG]  Optimization options: None
2020-05-07 14:47:13,566 [MainThread  ][INFO ]  Initial parameter values: [0.19041257816279922, 0.6449494949494949, -0.5876976641159932]
2020-05-07 14:47:28,760 [MainThread  ][INFO ]  Final fidelity: 0.9990664569540813
2020-05-07 14:47:28,760 [MainThread  ][INFO ]  Final parameters: [ 2.06477663  0.71267365 -0.42979224]
2020-05-07 14:47:28,761 [MainThread  ][INFO ]  Fidelity: 0.9990664569540813
2020-05-07 14:47:28,761 [MainThread  ][INFO ]  ---- Iteration 64/100
2020-05-07 14:47:28,761 [MainThread  ][DEBUG]  Setting hyperparameter tf=1.309090909090909
2020-05-07 14:47:28,761 [MainThread  ][INFO ]  Starting optimization for tf=1.309090909090909
2020-05-07 14:47:28,761 [MainThread  ][DEBUG]  Optimization method: Powell
2020-05-07 14:47:28,761 [MainThread  ][DEBUG]  Optimization options: None
2020-05-07 14:47:28,761 [MainThread  ][INFO ]  Initial parameter values: [0.11469402546495555, 0.6545454545454545, 0.22146433575477475]
2020-05-07 14:47:37,952 [MainThread  ][INFO ]  Final fidelity: 0.9990633307076258
2020-05-07 14:47:37,953 [MainThread  ][INFO ]  Final parameters: [ 2.52194902  0.54145599 -0.10309949]
2020-05-07 14:47:37,953 [MainThread  ][INFO ]  Fidelity: 0.9990633307076258
2020-05-07 14:47:37,953 [MainThread  ][INFO ]  ---- Iteration 65/100
2020-05-07 14:47:37,953 [MainThread  ][DEBUG]  Setting hyperparameter tf=1.3282828282828283
2020-05-07 14:47:37,953 [MainThread  ][INFO ]  Starting optimization for tf=1.3282828282828283
2020-05-07 14:47:37,954 [MainThread  ][DEBUG]  Optimization method: Powell
2020-05-07 14:47:37,954 [MainThread  ][DEBUG]  Optimization options: None
2020-05-07 14:47:37,954 [MainThread  ][INFO ]  Initial parameter values: [-0.9469560700901889, 0.6641414141414141, 0.9806665258869165]
2020-05-07 14:48:06,654 [MainThread  ][INFO ]  Final fidelity: 0.9991264228393318
2020-05-07 14:48:06,654 [MainThread  ][INFO ]  Final parameters: [ 1.39423388  1.19036601 -3.99038293]
2020-05-07 14:48:06,654 [MainThread  ][INFO ]  Fidelity: 0.9991264228393318
2020-05-07 14:48:06,654 [MainThread  ][INFO ]  ---- Iteration 66/100
2020-05-07 14:48:06,655 [MainThread  ][DEBUG]  Setting hyperparameter tf=1.3474747474747475
2020-05-07 14:48:06,655 [MainThread  ][INFO ]  Starting optimization for tf=1.3474747474747475
2020-05-07 14:48:06,655 [MainThread  ][DEBUG]  Optimization method: Powell
2020-05-07 14:48:06,655 [MainThread  ][DEBUG]  Optimization options: None
2020-05-07 14:48:06,655 [MainThread  ][INFO ]  Initial parameter values: [0.14160370505705555, 0.6737373737373737, -0.552397819125936]
2020-05-07 14:48:16,020 [MainThread  ][INFO ]  Final fidelity: 0.9990828479380152
2020-05-07 14:48:16,021 [MainThread  ][INFO ]  Final parameters: [ 1.87927549  0.76576361 -0.34550163]
2020-05-07 14:48:16,021 [MainThread  ][INFO ]  Fidelity: 0.9990828479380152
2020-05-07 14:48:16,021 [MainThread  ][INFO ]  ---- Iteration 67/100
2020-05-07 14:48:16,021 [MainThread  ][DEBUG]  Setting hyperparameter tf=1.3666666666666667
2020-05-07 14:48:16,021 [MainThread  ][INFO ]  Starting optimization for tf=1.3666666666666667
2020-05-07 14:48:16,021 [MainThread  ][DEBUG]  Optimization method: Powell
2020-05-07 14:48:16,021 [MainThread  ][DEBUG]  Optimization options: None
2020-05-07 14:48:16,021 [MainThread  ][INFO ]  Initial parameter values: [0.3096038711421911, 0.6833333333333333, -0.6921056647733059]
2020-05-07 14:48:26,208 [MainThread  ][INFO ]  Final fidelity: 0.9990900438427202
2020-05-07 14:48:26,209 [MainThread  ][INFO ]  Final parameters: [ 1.77797164  0.81199005 -0.37560533]
2020-05-07 14:48:26,209 [MainThread  ][INFO ]  Fidelity: 0.9990900438427202
2020-05-07 14:48:26,209 [MainThread  ][INFO ]  ---- Iteration 68/100
2020-05-07 14:48:26,209 [MainThread  ][DEBUG]  Setting hyperparameter tf=1.385858585858586
2020-05-07 14:48:26,209 [MainThread  ][INFO ]  Starting optimization for tf=1.385858585858586
2020-05-07 14:48:26,209 [MainThread  ][DEBUG]  Optimization method: Powell
2020-05-07 14:48:26,209 [MainThread  ][DEBUG]  Optimization options: None
2020-05-07 14:48:26,209 [MainThread  ][INFO ]  Initial parameter values: [0.9544050302853249, 0.692929292929293, 0.28614684765827625]
2020-05-07 14:48:36,699 [MainThread  ][INFO ]  Final fidelity: 0.9990836090668316
2020-05-07 14:48:36,700 [MainThread  ][INFO ]  Final parameters: [2.51364691 0.50454275 0.07806454]
2020-05-07 14:48:36,700 [MainThread  ][INFO ]  Fidelity: 0.9990836090668316
2020-05-07 14:48:36,700 [MainThread  ][INFO ]  ---- Iteration 69/100
2020-05-07 14:48:36,700 [MainThread  ][DEBUG]  Setting hyperparameter tf=1.405050505050505
2020-05-07 14:48:36,701 [MainThread  ][INFO ]  Starting optimization for tf=1.405050505050505
2020-05-07 14:48:36,701 [MainThread  ][DEBUG]  Optimization method: Powell
2020-05-07 14:48:36,701 [MainThread  ][DEBUG]  Optimization options: None
2020-05-07 14:48:36,701 [MainThread  ][INFO ]  Initial parameter values: [0.6325120532385751, 0.7025252525252526, 0.6146081975294566]
2020-05-07 14:48:49,436 [MainThread  ][INFO ]  Final fidelity: 0.9990912838139254
2020-05-07 14:48:49,437 [MainThread  ][INFO ]  Final parameters: [3.17997827 0.37075135 0.20342169]
2020-05-07 14:48:49,437 [MainThread  ][INFO ]  Fidelity: 0.9990912838139254
2020-05-07 14:48:49,437 [MainThread  ][INFO ]  ---- Iteration 70/100
2020-05-07 14:48:49,437 [MainThread  ][DEBUG]  Setting hyperparameter tf=1.4242424242424243
2020-05-07 14:48:49,437 [MainThread  ][INFO ]  Starting optimization for tf=1.4242424242424243
2020-05-07 14:48:49,438 [MainThread  ][DEBUG]  Optimization method: Powell
2020-05-07 14:48:49,438 [MainThread  ][DEBUG]  Optimization options: None
2020-05-07 14:48:49,438 [MainThread  ][INFO ]  Initial parameter values: [0.03934014878818415, 0.7121212121212122, -0.8902311751321177]
2020-05-07 14:49:01,968 [MainThread  ][INFO ]  Final fidelity: 0.9991080166105579
2020-05-07 14:49:01,969 [MainThread  ][INFO ]  Final parameters: [ 1.59319518  0.90156906 -0.36943933]
2020-05-07 14:49:01,969 [MainThread  ][INFO ]  Fidelity: 0.9991080166105579
2020-05-07 14:49:01,969 [MainThread  ][INFO ]  ---- Iteration 71/100
2020-05-07 14:49:01,970 [MainThread  ][DEBUG]  Setting hyperparameter tf=1.4434343434343435
2020-05-07 14:49:01,970 [MainThread  ][INFO ]  Starting optimization for tf=1.4434343434343435
2020-05-07 14:49:01,970 [MainThread  ][DEBUG]  Optimization method: Powell
2020-05-07 14:49:01,970 [MainThread  ][DEBUG]  Optimization options: None
2020-05-07 14:49:01,970 [MainThread  ][INFO ]  Initial parameter values: [-0.8581183708339688, 0.7217171717171718, 0.9587561244856788]
2020-05-07 14:49:23,108 [MainThread  ][INFO ]  Final fidelity: 0.9991605183711689
2020-05-07 14:49:23,109 [MainThread  ][INFO ]  Final parameters: [ 1.228726    1.32318685 -3.98052308]
2020-05-07 14:49:23,109 [MainThread  ][INFO ]  Fidelity: 0.9991605183711689
2020-05-07 14:49:23,109 [MainThread  ][INFO ]  ---- Iteration 72/100
2020-05-07 14:49:23,110 [MainThread  ][DEBUG]  Setting hyperparameter tf=1.4626262626262627
2020-05-07 14:49:23,110 [MainThread  ][INFO ]  Starting optimization for tf=1.4626262626262627
2020-05-07 14:49:23,110 [MainThread  ][DEBUG]  Optimization method: Powell
2020-05-07 14:49:23,110 [MainThread  ][DEBUG]  Optimization options: None
2020-05-07 14:49:23,110 [MainThread  ][INFO ]  Initial parameter values: [-0.5532823220134213, 0.7313131313131314, -0.6692780440574595]
2020-05-07 14:49:35,396 [MainThread  ][INFO ]  Final fidelity: 0.9991164359237503
2020-05-07 14:49:35,396 [MainThread  ][INFO ]  Final parameters: [ 1.53958181  0.91703956 -0.27496924]
2020-05-07 14:49:35,396 [MainThread  ][INFO ]  Fidelity: 0.9991164359237503
2020-05-07 14:49:35,396 [MainThread  ][INFO ]  ---- Iteration 73/100
2020-05-07 14:49:35,397 [MainThread  ][DEBUG]  Setting hyperparameter tf=1.481818181818182
2020-05-07 14:49:35,397 [MainThread  ][INFO ]  Starting optimization for tf=1.481818181818182
2020-05-07 14:49:35,397 [MainThread  ][DEBUG]  Optimization method: Powell
2020-05-07 14:49:35,397 [MainThread  ][DEBUG]  Optimization options: None
2020-05-07 14:49:35,397 [MainThread  ][INFO ]  Initial parameter values: [0.7620349346130684, 0.740909090909091, 0.17260275779688028]
2020-05-07 14:49:47,518 [MainThread  ][INFO ]  Final fidelity: 0.9991107243100756
2020-05-07 14:49:47,519 [MainThread  ][INFO ]  Final parameters: [1.81274927 0.7113722  0.05074001]
2020-05-07 14:49:47,519 [MainThread  ][INFO ]  Fidelity: 0.9991107243100756
2020-05-07 14:49:47,519 [MainThread  ][INFO ]  ---- Iteration 74/100
2020-05-07 14:49:47,519 [MainThread  ][DEBUG]  Setting hyperparameter tf=1.501010101010101
2020-05-07 14:49:47,519 [MainThread  ][INFO ]  Starting optimization for tf=1.501010101010101
2020-05-07 14:49:47,519 [MainThread  ][DEBUG]  Optimization method: Powell
2020-05-07 14:49:47,520 [MainThread  ][DEBUG]  Optimization options: None
2020-05-07 14:49:47,520 [MainThread  ][INFO ]  Initial parameter values: [0.6937835179666003, 0.7505050505050505, -0.6604279225758951]
2020-05-07 14:50:00,898 [MainThread  ][INFO ]  Final fidelity: 0.9991268031384867
2020-05-07 14:50:00,898 [MainThread  ][INFO ]  Final parameters: [ 1.4608046   0.96070959 -0.24007581]
2020-05-07 14:50:00,899 [MainThread  ][INFO ]  Fidelity: 0.9991268031384867
2020-05-07 14:50:00,899 [MainThread  ][INFO ]  ---- Iteration 75/100
2020-05-07 14:50:00,899 [MainThread  ][DEBUG]  Setting hyperparameter tf=1.52020202020202
2020-05-07 14:50:00,899 [MainThread  ][INFO ]  Starting optimization for tf=1.52020202020202
2020-05-07 14:50:00,899 [MainThread  ][DEBUG]  Optimization method: Powell
2020-05-07 14:50:00,899 [MainThread  ][DEBUG]  Optimization options: None
2020-05-07 14:50:00,899 [MainThread  ][INFO ]  Initial parameter values: [-0.4982158293662353, 0.76010101010101, -0.4543754937671849]
2020-05-07 14:50:16,467 [MainThread  ][INFO ]  Final fidelity: 0.9991292114750862
2020-05-07 14:50:16,468 [MainThread  ][INFO ]  Final parameters: [ 1.46319551  0.94263384 -0.15446437]
2020-05-07 14:50:16,468 [MainThread  ][INFO ]  Fidelity: 0.9991292114750862
2020-05-07 14:50:16,468 [MainThread  ][INFO ]  ---- Iteration 76/100
2020-05-07 14:50:16,468 [MainThread  ][DEBUG]  Setting hyperparameter tf=1.5393939393939393
2020-05-07 14:50:16,468 [MainThread  ][INFO ]  Starting optimization for tf=1.5393939393939393
2020-05-07 14:50:16,468 [MainThread  ][DEBUG]  Optimization method: Powell
2020-05-07 14:50:16,469 [MainThread  ][DEBUG]  Optimization options: None
2020-05-07 14:50:16,469 [MainThread  ][INFO ]  Initial parameter values: [-0.8549757626757462, 0.7696969696969697, 0.18811316188349747]
2020-05-07 14:50:27,812 [MainThread  ][INFO ]  Final fidelity: 0.9991248222066521
2020-05-07 14:50:27,812 [MainThread  ][INFO ]  Final parameters: [1.734439   0.71858756 0.13847547]
2020-05-07 14:50:27,813 [MainThread  ][INFO ]  Fidelity: 0.9991248222066521
2020-05-07 14:50:27,813 [MainThread  ][INFO ]  ---- Iteration 77/100
2020-05-07 14:50:27,813 [MainThread  ][DEBUG]  Setting hyperparameter tf=1.5585858585858585
2020-05-07 14:50:27,813 [MainThread  ][INFO ]  Starting optimization for tf=1.5585858585858585
2020-05-07 14:50:27,813 [MainThread  ][DEBUG]  Optimization method: Powell
2020-05-07 14:50:27,813 [MainThread  ][DEBUG]  Optimization options: None
2020-05-07 14:50:27,813 [MainThread  ][INFO ]  Initial parameter values: [0.49447598913189106, 0.7792929292929293, 0.613981518373673]
2020-05-07 14:50:40,536 [MainThread  ][INFO ]  Final fidelity: 0.9991347474627797
2020-05-07 14:50:40,536 [MainThread  ][INFO ]  Final parameters: [2.40469891 0.45177802 0.32494608]
2020-05-07 14:50:40,536 [MainThread  ][INFO ]  Fidelity: 0.9991347474627797
2020-05-07 14:50:40,537 [MainThread  ][INFO ]  ---- Iteration 78/100
2020-05-07 14:50:40,537 [MainThread  ][DEBUG]  Setting hyperparameter tf=1.5777777777777777
2020-05-07 14:50:40,537 [MainThread  ][INFO ]  Starting optimization for tf=1.5777777777777777
2020-05-07 14:50:40,537 [MainThread  ][DEBUG]  Optimization method: Powell
2020-05-07 14:50:40,537 [MainThread  ][DEBUG]  Optimization options: None
2020-05-07 14:50:40,537 [MainThread  ][INFO ]  Initial parameter values: [0.9282887482216746, 0.7888888888888889, -0.5812165435217793]
2020-05-07 14:50:49,332 [MainThread  ][INFO ]  Final fidelity: 0.9991468965021449
2020-05-07 14:50:49,332 [MainThread  ][INFO ]  Final parameters: [ 1.33245621  1.04223063 -0.16287444]
2020-05-07 14:50:49,332 [MainThread  ][INFO ]  Fidelity: 0.9991468965021449
2020-05-07 14:50:49,332 [MainThread  ][INFO ]  ---- Iteration 79/100
2020-05-07 14:50:49,333 [MainThread  ][DEBUG]  Setting hyperparameter tf=1.596969696969697
2020-05-07 14:50:49,333 [MainThread  ][INFO ]  Starting optimization for tf=1.596969696969697
2020-05-07 14:50:49,333 [MainThread  ][DEBUG]  Optimization method: Powell
2020-05-07 14:50:49,333 [MainThread  ][DEBUG]  Optimization options: None
2020-05-07 14:50:49,333 [MainThread  ][INFO ]  Initial parameter values: [0.848619355238101, 0.7984848484848485, -0.3228613135227989]
2020-05-07 14:51:00,548 [MainThread  ][INFO ]  Final fidelity: 0.9991480969142084
2020-05-07 14:51:00,549 [MainThread  ][INFO ]  Final parameters: [ 1.34848766  1.00561352 -0.05678536]
2020-05-07 14:51:00,549 [MainThread  ][INFO ]  Fidelity: 0.9991480969142084
2020-05-07 14:51:00,549 [MainThread  ][INFO ]  ---- Iteration 80/100
2020-05-07 14:51:00,549 [MainThread  ][DEBUG]  Setting hyperparameter tf=1.6161616161616161
2020-05-07 14:51:00,549 [MainThread  ][INFO ]  Starting optimization for tf=1.6161616161616161
2020-05-07 14:51:00,549 [MainThread  ][DEBUG]  Optimization method: Powell
2020-05-07 14:51:00,550 [MainThread  ][DEBUG]  Optimization options: None
2020-05-07 14:51:00,550 [MainThread  ][INFO ]  Initial parameter values: [-0.04307637451221247, 0.8080808080808081, 0.06027237895409687]
2020-05-07 14:51:06,808 [MainThread  ][INFO ]  Final fidelity: 0.9991463964665543
2020-05-07 14:51:06,808 [MainThread  ][INFO ]  Final parameters: [1.45125952 0.87823396 0.12302299]
2020-05-07 14:51:06,808 [MainThread  ][INFO ]  Fidelity: 0.9991463964665543
2020-05-07 14:51:06,809 [MainThread  ][INFO ]  ---- Iteration 81/100
2020-05-07 14:51:06,809 [MainThread  ][DEBUG]  Setting hyperparameter tf=1.6353535353535353
2020-05-07 14:51:06,809 [MainThread  ][INFO ]  Starting optimization for tf=1.6353535353535353
2020-05-07 14:51:06,809 [MainThread  ][DEBUG]  Optimization method: Powell
2020-05-07 14:51:06,809 [MainThread  ][DEBUG]  Optimization options: None
2020-05-07 14:51:06,809 [MainThread  ][INFO ]  Initial parameter values: [-0.3510386252413975, 0.8176767676767677, -0.5137390937784496]
2020-05-07 14:51:24,259 [MainThread  ][INFO ]  Final fidelity: 0.9991619819405688
2020-05-07 14:51:24,260 [MainThread  ][INFO ]  Final parameters: [ 1.25205743  1.10396366 -0.10889273]
2020-05-07 14:51:24,260 [MainThread  ][INFO ]  Fidelity: 0.9991619819405688
2020-05-07 14:51:24,260 [MainThread  ][INFO ]  ---- Iteration 82/100
2020-05-07 14:51:24,260 [MainThread  ][DEBUG]  Setting hyperparameter tf=1.6545454545454545
2020-05-07 14:51:24,260 [MainThread  ][INFO ]  Starting optimization for tf=1.6545454545454545
2020-05-07 14:51:24,260 [MainThread  ][DEBUG]  Optimization method: Powell
2020-05-07 14:51:24,260 [MainThread  ][DEBUG]  Optimization options: None
2020-05-07 14:51:24,260 [MainThread  ][INFO ]  Initial parameter values: [-0.17398439089032736, 0.8272727272727273, -0.31484460484670374]
2020-05-07 14:51:39,416 [MainThread  ][INFO ]  Final fidelity: 0.9991638581627916
2020-05-07 14:51:39,416 [MainThread  ][INFO ]  Final parameters: [ 1.2576852   1.07826386 -0.02311325]
2020-05-07 14:51:39,416 [MainThread  ][INFO ]  Fidelity: 0.9991638581627916
2020-05-07 14:51:39,417 [MainThread  ][INFO ]  ---- Iteration 83/100
2020-05-07 14:51:39,417 [MainThread  ][DEBUG]  Setting hyperparameter tf=1.6737373737373737
2020-05-07 14:51:39,417 [MainThread  ][INFO ]  Starting optimization for tf=1.6737373737373737
2020-05-07 14:51:39,417 [MainThread  ][DEBUG]  Optimization method: Powell
2020-05-07 14:51:39,417 [MainThread  ][DEBUG]  Optimization options: None
2020-05-07 14:51:39,417 [MainThread  ][INFO ]  Initial parameter values: [-0.22634904497758424, 0.8368686868686869, -0.7368501785537722]
2020-05-07 14:51:55,620 [MainThread  ][INFO ]  Final fidelity: 0.9381977220646228
2020-05-07 14:51:55,620 [MainThread  ][INFO ]  Final parameters: [-4.          0.65432085 -1.56274013]
2020-05-07 14:51:55,620 [MainThread  ][INFO ]  Fidelity: 0.9381977220646228
2020-05-07 14:51:55,621 [MainThread  ][INFO ]  ---- Iteration 84/100
2020-05-07 14:51:55,621 [MainThread  ][DEBUG]  Setting hyperparameter tf=1.692929292929293
2020-05-07 14:51:55,621 [MainThread  ][INFO ]  Starting optimization for tf=1.692929292929293
2020-05-07 14:51:55,621 [MainThread  ][DEBUG]  Optimization method: Powell
2020-05-07 14:51:55,621 [MainThread  ][DEBUG]  Optimization options: None
2020-05-07 14:51:55,621 [MainThread  ][INFO ]  Initial parameter values: [0.33119039419981244, 0.8464646464646465, -0.570052449196977]
2020-05-07 14:52:10,600 [MainThread  ][INFO ]  Final fidelity: 0.9991806019771765
2020-05-07 14:52:10,600 [MainThread  ][INFO ]  Final parameters: [ 1.15962103  1.2095675  -0.13040069]
2020-05-07 14:52:10,600 [MainThread  ][INFO ]  Fidelity: 0.9991806019771765
2020-05-07 14:52:10,600 [MainThread  ][INFO ]  ---- Iteration 85/100
2020-05-07 14:52:10,601 [MainThread  ][DEBUG]  Setting hyperparameter tf=1.7121212121212122
2020-05-07 14:52:10,601 [MainThread  ][INFO ]  Starting optimization for tf=1.7121212121212122
2020-05-07 14:52:10,601 [MainThread  ][DEBUG]  Optimization method: Powell
2020-05-07 14:52:10,601 [MainThread  ][DEBUG]  Optimization options: None
2020-05-07 14:52:10,601 [MainThread  ][INFO ]  Initial parameter values: [0.45819174855674105, 0.8560606060606061, 0.9344306206088957]
2020-05-07 14:52:34,536 [MainThread  ][INFO ]  Final fidelity: 0.9992342803946962
2020-05-07 14:52:34,536 [MainThread  ][INFO ]  Final parameters: [ 0.99050121  1.62646838 -3.99844488]
2020-05-07 14:52:34,536 [MainThread  ][INFO ]  Fidelity: 0.9992342803946962
2020-05-07 14:52:34,537 [MainThread  ][INFO ]  ---- Iteration 86/100
2020-05-07 14:52:34,537 [MainThread  ][DEBUG]  Setting hyperparameter tf=1.7313131313131314
2020-05-07 14:52:34,537 [MainThread  ][INFO ]  Starting optimization for tf=1.7313131313131314
2020-05-07 14:52:34,537 [MainThread  ][DEBUG]  Optimization method: Powell
2020-05-07 14:52:34,537 [MainThread  ][DEBUG]  Optimization options: None
2020-05-07 14:52:34,537 [MainThread  ][INFO ]  Initial parameter values: [0.32721722425417443, 0.8656565656565657, 0.07159517210486377]
2020-05-07 14:52:50,240 [MainThread  ][INFO ]  Final fidelity: 0.9991771460586218
2020-05-07 14:52:50,240 [MainThread  ][INFO ]  Final parameters: [1.25090904 1.02040499 0.18240504]
2020-05-07 14:52:50,241 [MainThread  ][INFO ]  Fidelity: 0.9991771460586218
2020-05-07 14:52:50,241 [MainThread  ][INFO ]  ---- Iteration 87/100
2020-05-07 14:52:50,241 [MainThread  ][DEBUG]  Setting hyperparameter tf=1.7505050505050506
2020-05-07 14:52:50,241 [MainThread  ][INFO ]  Starting optimization for tf=1.7505050505050506
2020-05-07 14:52:50,241 [MainThread  ][DEBUG]  Optimization method: Powell
2020-05-07 14:52:50,241 [MainThread  ][DEBUG]  Optimization options: None
2020-05-07 14:52:50,241 [MainThread  ][INFO ]  Initial parameter values: [0.20750108435561843, 0.8752525252525253, -0.9757001518628521]
2020-05-07 14:53:01,702 [MainThread  ][INFO ]  Final fidelity: 0.9610696820853587
2020-05-07 14:53:01,702 [MainThread  ][INFO ]  Final parameters: [-4.          0.6576264  -1.23657626]
2020-05-07 14:53:01,702 [MainThread  ][INFO ]  Fidelity: 0.9610696820853587
2020-05-07 14:53:01,702 [MainThread  ][INFO ]  ---- Iteration 88/100
2020-05-07 14:53:01,703 [MainThread  ][DEBUG]  Setting hyperparameter tf=1.7696969696969698
2020-05-07 14:53:01,703 [MainThread  ][INFO ]  Starting optimization for tf=1.7696969696969698
2020-05-07 14:53:01,703 [MainThread  ][DEBUG]  Optimization method: Powell
2020-05-07 14:53:01,703 [MainThread  ][DEBUG]  Optimization options: None
2020-05-07 14:53:01,703 [MainThread  ][INFO ]  Initial parameter values: [-0.2695696701673169, 0.8848484848484849, -0.03914914025585747]
2020-05-07 14:53:07,138 [MainThread  ][INFO ]  Final fidelity: 0.9991904418341678
2020-05-07 14:53:07,139 [MainThread  ][INFO ]  Final parameters: [1.16203043 1.13225142 0.14478432]
2020-05-07 14:53:07,139 [MainThread  ][INFO ]  Fidelity: 0.9991904418341678
2020-05-07 14:53:07,139 [MainThread  ][INFO ]  ---- Iteration 89/100
2020-05-07 14:53:07,139 [MainThread  ][DEBUG]  Setting hyperparameter tf=1.7888888888888888
2020-05-07 14:53:07,139 [MainThread  ][INFO ]  Starting optimization for tf=1.7888888888888888
2020-05-07 14:53:07,139 [MainThread  ][DEBUG]  Optimization method: Powell
2020-05-07 14:53:07,140 [MainThread  ][DEBUG]  Optimization options: None
2020-05-07 14:53:07,140 [MainThread  ][INFO ]  Initial parameter values: [-0.9699229551192778, 0.8944444444444444, 0.6029999891062889]
2020-05-07 14:53:12,042 [MainThread  ][INFO ]  Final fidelity: 0.9991957429542971
2020-05-07 14:53:12,042 [MainThread  ][INFO ]  Final parameters: [1.61115421 0.63464281 0.44095736]
2020-05-07 14:53:12,042 [MainThread  ][INFO ]  Fidelity: 0.9991957429542971
2020-05-07 14:53:12,042 [MainThread  ][INFO ]  ---- Iteration 90/100
2020-05-07 14:53:12,043 [MainThread  ][DEBUG]  Setting hyperparameter tf=1.808080808080808
2020-05-07 14:53:12,043 [MainThread  ][INFO ]  Starting optimization for tf=1.808080808080808
2020-05-07 14:53:12,043 [MainThread  ][DEBUG]  Optimization method: Powell
2020-05-07 14:53:12,043 [MainThread  ][DEBUG]  Optimization options: None
2020-05-07 14:53:12,043 [MainThread  ][INFO ]  Initial parameter values: [-0.5927545173804811, 0.904040404040404, 0.9272335063305661]
2020-05-07 14:53:24,714 [MainThread  ][INFO ]  Final fidelity: 0.9992610422463764
2020-05-07 14:53:24,715 [MainThread  ][INFO ]  Final parameters: [ 0.93681933  1.73269292 -3.99915279]
2020-05-07 14:53:24,715 [MainThread  ][INFO ]  Fidelity: 0.9992610422463764
2020-05-07 14:53:24,715 [MainThread  ][INFO ]  ---- Iteration 91/100
2020-05-07 14:53:24,715 [MainThread  ][DEBUG]  Setting hyperparameter tf=1.8272727272727272
2020-05-07 14:53:24,716 [MainThread  ][INFO ]  Starting optimization for tf=1.8272727272727272
2020-05-07 14:53:24,716 [MainThread  ][DEBUG]  Optimization method: Powell
2020-05-07 14:53:24,716 [MainThread  ][DEBUG]  Optimization options: None
2020-05-07 14:53:24,716 [MainThread  ][INFO ]  Initial parameter values: [-0.31303243228587463, 0.9136363636363636, 0.7376223646928664]
2020-05-07 14:53:40,360 [MainThread  ][INFO ]  Final fidelity: 0.9992152514837516
2020-05-07 14:53:40,361 [MainThread  ][INFO ]  Final parameters: [1.79789542 0.51736902 0.49896968]
2020-05-07 14:53:40,361 [MainThread  ][INFO ]  Fidelity: 0.9992152514837516
2020-05-07 14:53:40,361 [MainThread  ][INFO ]  ---- Iteration 92/100
2020-05-07 14:53:40,361 [MainThread  ][DEBUG]  Setting hyperparameter tf=1.8464646464646464
2020-05-07 14:53:40,361 [MainThread  ][INFO ]  Starting optimization for tf=1.8464646464646464
2020-05-07 14:53:40,361 [MainThread  ][DEBUG]  Optimization method: Powell
2020-05-07 14:53:40,362 [MainThread  ][DEBUG]  Optimization options: None
2020-05-07 14:53:40,362 [MainThread  ][INFO ]  Initial parameter values: [-0.7740748846525503, 0.9232323232323232, 0.6848664262139699]
2020-05-07 14:53:46,920 [MainThread  ][INFO ]  Final fidelity: 0.9992244658227457
2020-05-07 14:53:46,920 [MainThread  ][INFO ]  Final parameters: [1.86526704 0.48063499 0.51832825]
2020-05-07 14:53:46,920 [MainThread  ][INFO ]  Fidelity: 0.9992244658227457
2020-05-07 14:53:46,921 [MainThread  ][INFO ]  ---- Iteration 93/100
2020-05-07 14:53:46,921 [MainThread  ][DEBUG]  Setting hyperparameter tf=1.8656565656565656
2020-05-07 14:53:46,921 [MainThread  ][INFO ]  Starting optimization for tf=1.8656565656565656
2020-05-07 14:53:46,921 [MainThread  ][DEBUG]  Optimization method: Powell
2020-05-07 14:53:46,921 [MainThread  ][DEBUG]  Optimization options: None
2020-05-07 14:53:46,921 [MainThread  ][INFO ]  Initial parameter values: [-0.33747270883549163, 0.9328282828282828, 0.8116841408853819]
2020-05-07 14:54:15,720 [MainThread  ][INFO ]  Final fidelity: 0.9992774598175985
2020-05-07 14:54:15,720 [MainThread  ][INFO ]  Final parameters: [ 0.90997752  1.79604393 -4.        ]
2020-05-07 14:54:15,721 [MainThread  ][INFO ]  Fidelity: 0.9992774598175985
2020-05-07 14:54:15,721 [MainThread  ][INFO ]  ---- Iteration 94/100
2020-05-07 14:54:15,721 [MainThread  ][DEBUG]  Setting hyperparameter tf=1.8848484848484848
2020-05-07 14:54:15,721 [MainThread  ][INFO ]  Starting optimization for tf=1.8848484848484848
2020-05-07 14:54:15,721 [MainThread  ][DEBUG]  Optimization method: Powell
2020-05-07 14:54:15,721 [MainThread  ][DEBUG]  Optimization options: None
2020-05-07 14:54:15,721 [MainThread  ][INFO ]  Initial parameter values: [0.07886072601255734, 0.9424242424242424, 0.19309203742139847]
2020-05-07 14:54:31,892 [MainThread  ][INFO ]  Final fidelity: 0.9992176750741865
2020-05-07 14:54:31,893 [MainThread  ][INFO ]  Final parameters: [1.09462724 1.15857849 0.29427151]
2020-05-07 14:54:31,893 [MainThread  ][INFO ]  Fidelity: 0.9992176750741865
2020-05-07 14:54:31,893 [MainThread  ][INFO ]  ---- Iteration 95/100
2020-05-07 14:54:31,893 [MainThread  ][DEBUG]  Setting hyperparameter tf=1.904040404040404
2020-05-07 14:54:31,893 [MainThread  ][INFO ]  Starting optimization for tf=1.904040404040404
2020-05-07 14:54:31,894 [MainThread  ][DEBUG]  Optimization method: Powell
2020-05-07 14:54:31,894 [MainThread  ][DEBUG]  Optimization options: None
2020-05-07 14:54:31,894 [MainThread  ][INFO ]  Initial parameter values: [0.07570754537979263, 0.952020202020202, 0.725195077198225]
2020-05-07 14:54:43,084 [MainThread  ][INFO ]  Final fidelity: 0.99923316618241
2020-05-07 14:54:43,085 [MainThread  ][INFO ]  Final parameters: [1.5304222  0.61351727 0.51776292]
2020-05-07 14:54:43,085 [MainThread  ][INFO ]  Fidelity: 0.99923316618241
2020-05-07 14:54:43,085 [MainThread  ][INFO ]  ---- Iteration 96/100
2020-05-07 14:54:43,085 [MainThread  ][DEBUG]  Setting hyperparameter tf=1.9232323232323232
2020-05-07 14:54:43,085 [MainThread  ][INFO ]  Starting optimization for tf=1.9232323232323232
2020-05-07 14:54:43,085 [MainThread  ][DEBUG]  Optimization method: Powell
2020-05-07 14:54:43,085 [MainThread  ][DEBUG]  Optimization options: None
2020-05-07 14:54:43,085 [MainThread  ][INFO ]  Initial parameter values: [0.2093327701983989, 0.9616161616161616, -0.2990736177587239]
2020-05-07 14:55:02,586 [MainThread  ][INFO ]  Final fidelity: 0.9911603986901955
2020-05-07 14:55:02,587 [MainThread  ][INFO ]  Final parameters: [-4.          0.66070405 -0.68818138]
2020-05-07 14:55:02,587 [MainThread  ][INFO ]  Fidelity: 0.9911603986901955
2020-05-07 14:55:02,587 [MainThread  ][INFO ]  ---- Iteration 97/100
2020-05-07 14:55:02,587 [MainThread  ][DEBUG]  Setting hyperparameter tf=1.9424242424242424
2020-05-07 14:55:02,587 [MainThread  ][INFO ]  Starting optimization for tf=1.9424242424242424
2020-05-07 14:55:02,587 [MainThread  ][DEBUG]  Optimization method: Powell
2020-05-07 14:55:02,588 [MainThread  ][DEBUG]  Optimization options: None
2020-05-07 14:55:02,588 [MainThread  ][INFO ]  Initial parameter values: [-0.6401130195081957, 0.9712121212121212, -0.6263252878247614]
2020-05-07 14:55:10,766 [MainThread  ][INFO ]  Final fidelity: 0.9929043797630593
2020-05-07 14:55:10,766 [MainThread  ][INFO ]  Final parameters: [-3.99999999  0.65942723 -0.6388887 ]
2020-05-07 14:55:10,766 [MainThread  ][INFO ]  Fidelity: 0.9929043797630593
2020-05-07 14:55:10,767 [MainThread  ][INFO ]  ---- Iteration 98/100
2020-05-07 14:55:10,767 [MainThread  ][DEBUG]  Setting hyperparameter tf=1.9616161616161616
2020-05-07 14:55:10,767 [MainThread  ][INFO ]  Starting optimization for tf=1.9616161616161616
2020-05-07 14:55:10,767 [MainThread  ][DEBUG]  Optimization method: Powell
2020-05-07 14:55:10,767 [MainThread  ][DEBUG]  Optimization options: None
2020-05-07 14:55:10,767 [MainThread  ][INFO ]  Initial parameter values: [-0.7355591113011848, 0.9808080808080808, 0.6744625346995818]
2020-05-07 14:55:22,420 [MainThread  ][INFO ]  Final fidelity: 0.9992530735365572
2020-05-07 14:55:22,421 [MainThread  ][INFO ]  Final parameters: [1.50056157 0.59688103 0.55020467]
2020-05-07 14:55:22,421 [MainThread  ][INFO ]  Fidelity: 0.9992530735365572
2020-05-07 14:55:22,421 [MainThread  ][INFO ]  ---- Iteration 99/100
2020-05-07 14:55:22,421 [MainThread  ][DEBUG]  Setting hyperparameter tf=1.9808080808080808
2020-05-07 14:55:22,421 [MainThread  ][INFO ]  Starting optimization for tf=1.9808080808080808
2020-05-07 14:55:22,421 [MainThread  ][DEBUG]  Optimization method: Powell
2020-05-07 14:55:22,421 [MainThread  ][DEBUG]  Optimization options: None
2020-05-07 14:55:22,422 [MainThread  ][INFO ]  Initial parameter values: [0.5306422678241849, 0.9904040404040404, 0.3790903224474276]
2020-05-07 14:55:31,316 [MainThread  ][INFO ]  Final fidelity: 0.9992411710473665
2020-05-07 14:55:31,316 [MainThread  ][INFO ]  Final parameters: [1.07311502 1.11105217 0.4196443 ]
2020-05-07 14:55:31,316 [MainThread  ][INFO ]  Fidelity: 0.9992411710473665
2020-05-07 14:55:31,317 [MainThread  ][INFO ]  ---- Iteration 100/100
2020-05-07 14:55:31,317 [MainThread  ][DEBUG]  Setting hyperparameter tf=2.0
2020-05-07 14:55:31,317 [MainThread  ][INFO ]  Starting optimization for tf=2.0
2020-05-07 14:55:31,317 [MainThread  ][DEBUG]  Optimization method: Powell
2020-05-07 14:55:31,317 [MainThread  ][DEBUG]  Optimization options: None
2020-05-07 14:55:31,317 [MainThread  ][INFO ]  Initial parameter values: [-0.24579175287130006, 1.0, -0.302941414109156]
2020-05-07 14:56:05,985 [MainThread  ][INFO ]  Final fidelity: 0.9964896363213538
2020-05-07 14:56:05,985 [MainThread  ][INFO ]  Final parameters: [-4.          0.65140383 -0.50124839]
2020-05-07 14:56:05,986 [MainThread  ][INFO ]  Fidelity: 0.9964896363213538
