2019-09-20 12:15:49,227 [MainThread  ][INFO ]  Output file name will be "lmg_crabVarEndpoints2freq_neldermead_bound04.csv"
2019-09-20 12:15:49,260 [MainThread  ][INFO ]  Using custom protocol ansatz.
2019-09-20 12:15:49,260 [MainThread  ][INFO ]  Using parameters constraints: [[-200, 200], [-200, 200], [-200, 200], [-200, 200], [-200, 200], [-200, 200]]
2019-09-20 12:15:49,260 [MainThread  ][INFO ]  Using total height constraint: [-4, 4]
2019-09-20 12:15:49,261 [MainThread  ][INFO ]  ---- Iteration 1/100
2019-09-20 12:15:49,261 [MainThread  ][DEBUG]  Regenerated CRAB frequencies: nuk=[-0.32786787 -0.04339227]
2019-09-20 12:15:49,262 [MainThread  ][DEBUG]  Setting hyperparameter tf=0.1
2019-09-20 12:15:49,262 [MainThread  ][INFO ]  Starting optimization for tf=0.1
2019-09-20 12:15:49,262 [MainThread  ][DEBUG]  Optimization method: Nelder-Mead
2019-09-20 12:15:49,262 [MainThread  ][DEBUG]  Optimization options: None
2019-09-20 12:15:49,262 [MainThread  ][INFO ]  Initial parameter values: [0.09945773843728797, 0.0382633855698255, -0.08845424409857255, 0.09847868534859988, 0, 1]
2019-09-20 12:16:16,540 [MainThread  ][INFO ]  Final fidelity: 0.8120381882377422
2019-09-20 12:16:16,541 [MainThread  ][INFO ]  Final parameters: [-18.99865179 -28.48301057 -22.7897936  -23.20415898   4.
  -3.32314917]
2019-09-20 12:16:16,541 [MainThread  ][INFO ]  Fidelity: 0.8120381882377422
2019-09-20 12:16:16,541 [MainThread  ][INFO ]  ---- Iteration 2/100
2019-09-20 12:16:16,541 [MainThread  ][DEBUG]  Regenerated CRAB frequencies: nuk=[ 0.27066266 -0.41851885]
2019-09-20 12:16:16,541 [MainThread  ][DEBUG]  Setting hyperparameter tf=0.1191919191919192
2019-09-20 12:16:16,541 [MainThread  ][INFO ]  Starting optimization for tf=0.1191919191919192
2019-09-20 12:16:16,542 [MainThread  ][DEBUG]  Optimization method: Nelder-Mead
2019-09-20 12:16:16,542 [MainThread  ][DEBUG]  Optimization options: None
2019-09-20 12:16:16,542 [MainThread  ][INFO ]  Initial parameter values: [0.02296371665073141, 0.0009149147098123922, 0.09332648284201314, -0.01424505281024338, 0, 1]
2019-09-20 12:16:44,569 [MainThread  ][INFO ]  Final fidelity: 0.8135068819667881
2019-09-20 12:16:44,570 [MainThread  ][INFO ]  Final parameters: [-5.63107035 -0.14822105 20.87621755  2.70937826  4.         -3.30116604]
2019-09-20 12:16:44,570 [MainThread  ][INFO ]  Fidelity: 0.8135068819667881
2019-09-20 12:16:44,570 [MainThread  ][INFO ]  ---- Iteration 3/100
2019-09-20 12:16:44,571 [MainThread  ][DEBUG]  Regenerated CRAB frequencies: nuk=[ 0.39540515 -0.3417909 ]
2019-09-20 12:16:44,571 [MainThread  ][DEBUG]  Setting hyperparameter tf=0.1383838383838384
2019-09-20 12:16:44,571 [MainThread  ][INFO ]  Starting optimization for tf=0.1383838383838384
2019-09-20 12:16:44,571 [MainThread  ][DEBUG]  Optimization method: Nelder-Mead
2019-09-20 12:16:44,571 [MainThread  ][DEBUG]  Optimization options: None
2019-09-20 12:16:44,571 [MainThread  ][INFO ]  Initial parameter values: [0.043230737254472795, -0.024522333753546663, -0.07017075059990652, 0.08269180210692337, 0, 1]
2019-09-20 12:17:10,424 [MainThread  ][INFO ]  Final fidelity: 0.8152546775554833
2019-09-20 12:17:10,425 [MainThread  ][INFO ]  Final parameters: [-40.01960226   5.35080945  12.69879592  30.67503609   3.99999999
  -3.30465408]
2019-09-20 12:17:10,425 [MainThread  ][INFO ]  Fidelity: 0.8152546775554833
2019-09-20 12:17:10,425 [MainThread  ][INFO ]  ---- Iteration 4/100
2019-09-20 12:17:10,426 [MainThread  ][DEBUG]  Regenerated CRAB frequencies: nuk=[ 0.4513792  -0.42736339]
2019-09-20 12:17:10,426 [MainThread  ][DEBUG]  Setting hyperparameter tf=0.1575757575757576
2019-09-20 12:17:10,426 [MainThread  ][INFO ]  Starting optimization for tf=0.1575757575757576
2019-09-20 12:17:10,426 [MainThread  ][DEBUG]  Optimization method: Nelder-Mead
2019-09-20 12:17:10,426 [MainThread  ][DEBUG]  Optimization options: None
2019-09-20 12:17:10,426 [MainThread  ][INFO ]  Initial parameter values: [0.05346835374478018, -0.03229213719859014, 0.09081385887930604, -0.0399579063665976, 0, 1]
2019-09-20 12:17:43,803 [MainThread  ][INFO ]  Final fidelity: 0.8172090748862361
2019-09-20 12:17:43,803 [MainThread  ][INFO ]  Final parameters: [-21.91294635  10.94230803   6.14320023  -7.40766372   4.
  -3.27096849]
2019-09-20 12:17:43,803 [MainThread  ][INFO ]  Fidelity: 0.8172090748862361
2019-09-20 12:17:43,804 [MainThread  ][INFO ]  ---- Iteration 5/100
2019-09-20 12:17:43,804 [MainThread  ][DEBUG]  Regenerated CRAB frequencies: nuk=[ 0.35083448 -0.32695262]
2019-09-20 12:17:43,804 [MainThread  ][DEBUG]  Setting hyperparameter tf=0.17676767676767677
2019-09-20 12:17:43,804 [MainThread  ][INFO ]  Starting optimization for tf=0.17676767676767677
2019-09-20 12:17:43,804 [MainThread  ][DEBUG]  Optimization method: Nelder-Mead
2019-09-20 12:17:43,805 [MainThread  ][DEBUG]  Optimization options: None
2019-09-20 12:17:43,805 [MainThread  ][INFO ]  Initial parameter values: [-0.0937266261890518, 0.04782056008345856, 0.05793789852025821, -0.09443838527878912, 0, 1]
2019-09-20 12:18:39,861 [MainThread  ][INFO ]  Final fidelity: 0.8197798726143323
2019-09-20 12:18:39,862 [MainThread  ][INFO ]  Final parameters: [ -58.66353756 -199.99999867  -71.63132411 -139.43589967    3.95547235
   -3.19099941]
2019-09-20 12:18:39,862 [MainThread  ][INFO ]  Fidelity: 0.8197798726143323
2019-09-20 12:18:39,862 [MainThread  ][INFO ]  ---- Iteration 6/100
2019-09-20 12:18:39,863 [MainThread  ][DEBUG]  Regenerated CRAB frequencies: nuk=[ 0.47158741 -0.22736191]
2019-09-20 12:18:39,863 [MainThread  ][DEBUG]  Setting hyperparameter tf=0.19595959595959594
2019-09-20 12:18:39,863 [MainThread  ][INFO ]  Starting optimization for tf=0.19595959595959594
2019-09-20 12:18:39,863 [MainThread  ][DEBUG]  Optimization method: Nelder-Mead
2019-09-20 12:18:39,863 [MainThread  ][DEBUG]  Optimization options: None
2019-09-20 12:18:39,863 [MainThread  ][INFO ]  Initial parameter values: [-0.04525727131207485, 0.0024546937528416857, -0.09417994461930068, 0.09579448185625772, 0, 1]
2019-09-20 12:19:10,959 [MainThread  ][INFO ]  Final fidelity: 0.8218648427037263
2019-09-20 12:19:10,960 [MainThread  ][INFO ]  Final parameters: [12.70018717 -2.46239643  3.05142163 33.98660705  4.         -3.26168615]
2019-09-20 12:19:10,960 [MainThread  ][INFO ]  Fidelity: 0.8218648427037263
2019-09-20 12:19:10,960 [MainThread  ][INFO ]  ---- Iteration 7/100
2019-09-20 12:19:10,961 [MainThread  ][DEBUG]  Regenerated CRAB frequencies: nuk=[-0.1479726   0.00581926]
2019-09-20 12:19:10,961 [MainThread  ][DEBUG]  Setting hyperparameter tf=0.21515151515151515
2019-09-20 12:19:10,961 [MainThread  ][INFO ]  Starting optimization for tf=0.21515151515151515
2019-09-20 12:19:10,961 [MainThread  ][DEBUG]  Optimization method: Nelder-Mead
2019-09-20 12:19:10,961 [MainThread  ][DEBUG]  Optimization options: None
2019-09-20 12:19:10,962 [MainThread  ][INFO ]  Initial parameter values: [0.06572653861659042, -0.04971685388231593, 0.07330859446800647, -0.013604510218130292, 0, 1]
2019-09-20 12:19:34,207 [MainThread  ][INFO ]  Final fidelity: 0.824611259918818
2019-09-20 12:19:34,208 [MainThread  ][INFO ]  Final parameters: [ -7.09540198 -12.99318364 -23.1034938    6.59577653   3.99977607
  -3.25345545]
2019-09-20 12:19:34,208 [MainThread  ][INFO ]  Fidelity: 0.824611259918818
2019-09-20 12:19:34,208 [MainThread  ][INFO ]  ---- Iteration 8/100
2019-09-20 12:19:34,209 [MainThread  ][DEBUG]  Regenerated CRAB frequencies: nuk=[-0.40784712 -0.34780568]
2019-09-20 12:19:34,209 [MainThread  ][DEBUG]  Setting hyperparameter tf=0.23434343434343433
2019-09-20 12:19:34,209 [MainThread  ][INFO ]  Starting optimization for tf=0.23434343434343433
2019-09-20 12:19:34,209 [MainThread  ][DEBUG]  Optimization method: Nelder-Mead
2019-09-20 12:19:34,209 [MainThread  ][DEBUG]  Optimization options: None
2019-09-20 12:19:34,209 [MainThread  ][INFO ]  Initial parameter values: [0.018759981195734965, 0.09606222750782653, 0.03201389316505587, -0.08135192474569171, 0, 1]
2019-09-20 12:20:27,810 [MainThread  ][INFO ]  Final fidelity: 0.8285169451695577
2019-09-20 12:20:27,811 [MainThread  ][INFO ]  Final parameters: [  -5.28709138 -199.9999994     6.72330133 -107.88926504    3.96402486
   -3.21084027]
2019-09-20 12:20:27,811 [MainThread  ][INFO ]  Fidelity: 0.8285169451695577
2019-09-20 12:20:27,811 [MainThread  ][INFO ]  ---- Iteration 9/100
2019-09-20 12:20:27,811 [MainThread  ][DEBUG]  Regenerated CRAB frequencies: nuk=[ 0.21142909 -0.06358818]
2019-09-20 12:20:27,811 [MainThread  ][DEBUG]  Setting hyperparameter tf=0.2535353535353535
2019-09-20 12:20:27,811 [MainThread  ][INFO ]  Starting optimization for tf=0.2535353535353535
2019-09-20 12:20:27,811 [MainThread  ][DEBUG]  Optimization method: Nelder-Mead
2019-09-20 12:20:27,812 [MainThread  ][DEBUG]  Optimization options: None
2019-09-20 12:20:27,812 [MainThread  ][INFO ]  Initial parameter values: [0.01931437165006615, 0.038111873892616555, 0.0815476143337279, -0.07167193261935866, 0, 1]
2019-09-20 12:21:07,461 [MainThread  ][INFO ]  Final fidelity: 0.8305196542432318
2019-09-20 12:21:07,462 [MainThread  ][INFO ]  Final parameters: [ -2.18300114 -26.49722965   1.72907478 -23.97534932   4.
  -3.20110955]
2019-09-20 12:21:07,462 [MainThread  ][INFO ]  Fidelity: 0.8305196542432318
2019-09-20 12:21:07,462 [MainThread  ][INFO ]  ---- Iteration 10/100
2019-09-20 12:21:07,462 [MainThread  ][DEBUG]  Regenerated CRAB frequencies: nuk=[ 0.3380282  -0.28615916]
2019-09-20 12:21:07,462 [MainThread  ][DEBUG]  Setting hyperparameter tf=0.2727272727272727
2019-09-20 12:21:07,463 [MainThread  ][INFO ]  Starting optimization for tf=0.2727272727272727
2019-09-20 12:21:07,463 [MainThread  ][DEBUG]  Optimization method: Nelder-Mead
2019-09-20 12:21:07,463 [MainThread  ][DEBUG]  Optimization options: None
2019-09-20 12:21:07,463 [MainThread  ][INFO ]  Initial parameter values: [-0.03257984431883025, -0.06685403227495242, 0.07712262865571193, 0.07888337862990577, 0, 1]
2019-09-20 12:21:42,360 [MainThread  ][INFO ]  Final fidelity: 0.8336475109947353
2019-09-20 12:21:42,361 [MainThread  ][INFO ]  Final parameters: [ 10.51701616   8.50598914  16.20093315 -15.17051073   4.
  -3.17078911]
2019-09-20 12:21:42,361 [MainThread  ][INFO ]  Fidelity: 0.8336475109947353
2019-09-20 12:21:42,361 [MainThread  ][INFO ]  ---- Iteration 11/100
2019-09-20 12:21:42,361 [MainThread  ][DEBUG]  Regenerated CRAB frequencies: nuk=[ 0.48003494 -0.41442969]
2019-09-20 12:21:42,361 [MainThread  ][DEBUG]  Setting hyperparameter tf=0.2919191919191919
2019-09-20 12:21:42,361 [MainThread  ][INFO ]  Starting optimization for tf=0.2919191919191919
2019-09-20 12:21:42,362 [MainThread  ][DEBUG]  Optimization method: Nelder-Mead
2019-09-20 12:21:42,362 [MainThread  ][DEBUG]  Optimization options: None
2019-09-20 12:21:42,362 [MainThread  ][INFO ]  Initial parameter values: [-0.04869256593378588, -0.041589622511354674, 0.005790093510970512, -0.04449280581877331, 0, 1]
2019-09-20 12:22:12,141 [MainThread  ][INFO ]  Final fidelity: 0.8374958065842769
2019-09-20 12:22:12,141 [MainThread  ][INFO ]  Final parameters: [ 14.22803668 -21.37674158  -6.18200748   5.27302093   3.99999999
  -3.19278895]
2019-09-20 12:22:12,142 [MainThread  ][INFO ]  Fidelity: 0.8374958065842769
2019-09-20 12:22:12,142 [MainThread  ][INFO ]  ---- Iteration 12/100
2019-09-20 12:22:12,142 [MainThread  ][DEBUG]  Regenerated CRAB frequencies: nuk=[ 0.13141846 -0.01571205]
2019-09-20 12:22:12,142 [MainThread  ][DEBUG]  Setting hyperparameter tf=0.3111111111111111
2019-09-20 12:22:12,142 [MainThread  ][INFO ]  Starting optimization for tf=0.3111111111111111
2019-09-20 12:22:12,142 [MainThread  ][DEBUG]  Optimization method: Nelder-Mead
2019-09-20 12:22:12,142 [MainThread  ][DEBUG]  Optimization options: None
2019-09-20 12:22:12,142 [MainThread  ][INFO ]  Initial parameter values: [-0.08625143685548371, 0.03050111138163983, 0.06363948026698646, -0.0926572796896374, 0, 1]
2019-09-20 12:22:42,293 [MainThread  ][INFO ]  Final fidelity: 0.8416557218518017
2019-09-20 12:22:42,293 [MainThread  ][INFO ]  Final parameters: [-17.84717478  -5.36158097 -35.16967704   2.23337083   3.99999999
  -3.1355302 ]
2019-09-20 12:22:42,293 [MainThread  ][INFO ]  Fidelity: 0.8416557218518017
2019-09-20 12:22:42,293 [MainThread  ][INFO ]  ---- Iteration 13/100
2019-09-20 12:22:42,294 [MainThread  ][DEBUG]  Regenerated CRAB frequencies: nuk=[-0.23030158 -0.18861606]
2019-09-20 12:22:42,294 [MainThread  ][DEBUG]  Setting hyperparameter tf=0.3303030303030303
2019-09-20 12:22:42,294 [MainThread  ][INFO ]  Starting optimization for tf=0.3303030303030303
2019-09-20 12:22:42,294 [MainThread  ][DEBUG]  Optimization method: Nelder-Mead
2019-09-20 12:22:42,294 [MainThread  ][DEBUG]  Optimization options: None
2019-09-20 12:22:42,294 [MainThread  ][INFO ]  Initial parameter values: [-0.03341994865196274, 0.09360674108008041, -0.08436409931275322, 0.09929541256656224, 0, 1]
2019-09-20 12:23:08,737 [MainThread  ][INFO ]  Final fidelity: 0.8466777374867579
2019-09-20 12:23:08,738 [MainThread  ][INFO ]  Final parameters: [ -4.61094834 -93.74423934 -31.11231245 -22.72471833   3.99999916
  -3.14620979]
2019-09-20 12:23:08,738 [MainThread  ][INFO ]  Fidelity: 0.8466777374867579
2019-09-20 12:23:08,738 [MainThread  ][INFO ]  ---- Iteration 14/100
2019-09-20 12:23:08,738 [MainThread  ][DEBUG]  Regenerated CRAB frequencies: nuk=[-0.21424777 -0.09835642]
2019-09-20 12:23:08,739 [MainThread  ][DEBUG]  Setting hyperparameter tf=0.3494949494949495
2019-09-20 12:23:08,739 [MainThread  ][INFO ]  Starting optimization for tf=0.3494949494949495
2019-09-20 12:23:08,739 [MainThread  ][DEBUG]  Optimization method: Nelder-Mead
2019-09-20 12:23:08,739 [MainThread  ][DEBUG]  Optimization options: None
2019-09-20 12:23:08,739 [MainThread  ][INFO ]  Initial parameter values: [-0.03757720997039127, -0.07063115999139911, 0.04722506670586693, -0.05128359385099915, 0, 1]
2019-09-20 12:23:37,273 [MainThread  ][INFO ]  Final fidelity: 0.8502954249863398
2019-09-20 12:23:37,273 [MainThread  ][INFO ]  Final parameters: [-15.6558095   18.01514644  -8.77670687  50.35100914   3.99999961
  -3.16382585]
2019-09-20 12:23:37,273 [MainThread  ][INFO ]  Fidelity: 0.8502954249863398
2019-09-20 12:23:37,274 [MainThread  ][INFO ]  ---- Iteration 15/100
2019-09-20 12:23:37,274 [MainThread  ][DEBUG]  Regenerated CRAB frequencies: nuk=[-0.25882484 -0.41249461]
2019-09-20 12:23:37,274 [MainThread  ][DEBUG]  Setting hyperparameter tf=0.3686868686868686
2019-09-20 12:23:37,274 [MainThread  ][INFO ]  Starting optimization for tf=0.3686868686868686
2019-09-20 12:23:37,274 [MainThread  ][DEBUG]  Optimization method: Nelder-Mead
2019-09-20 12:23:37,274 [MainThread  ][DEBUG]  Optimization options: None
2019-09-20 12:23:37,274 [MainThread  ][INFO ]  Initial parameter values: [0.06837351766540356, 0.06801216807013524, -0.06501108631999193, -0.0013481677896192146, 0, 1]
2019-09-20 12:24:10,348 [MainThread  ][INFO ]  Final fidelity: 0.8544938620765509
2019-09-20 12:24:10,349 [MainThread  ][INFO ]  Final parameters: [ -4.5006125  -16.47510096 -20.93819624  -0.12231855   4.
  -3.17763168]
2019-09-20 12:24:10,349 [MainThread  ][INFO ]  Fidelity: 0.8544938620765509
2019-09-20 12:24:10,349 [MainThread  ][INFO ]  ---- Iteration 16/100
2019-09-20 12:24:10,349 [MainThread  ][DEBUG]  Regenerated CRAB frequencies: nuk=[-0.27844204 -0.05904887]
2019-09-20 12:24:10,349 [MainThread  ][DEBUG]  Setting hyperparameter tf=0.3878787878787878
2019-09-20 12:24:10,349 [MainThread  ][INFO ]  Starting optimization for tf=0.3878787878787878
2019-09-20 12:24:10,349 [MainThread  ][DEBUG]  Optimization method: Nelder-Mead
2019-09-20 12:24:10,350 [MainThread  ][DEBUG]  Optimization options: None
2019-09-20 12:24:10,350 [MainThread  ][INFO ]  Initial parameter values: [9.77503648631195e-05, -0.015204399118483189, -0.08122405702245472, 0.03800256696798224, 0, 1]
2019-09-20 12:24:44,048 [MainThread  ][INFO ]  Final fidelity: 0.8584668382717614
2019-09-20 12:24:44,048 [MainThread  ][INFO ]  Final parameters: [ 2.04266235e-02  4.08267241e+00 -4.51066878e+01 -1.42782383e+01
  3.99999999e+00 -3.17124456e+00]
2019-09-20 12:24:44,048 [MainThread  ][INFO ]  Fidelity: 0.8584668382717614
2019-09-20 12:24:44,048 [MainThread  ][INFO ]  ---- Iteration 17/100
2019-09-20 12:24:44,049 [MainThread  ][DEBUG]  Regenerated CRAB frequencies: nuk=[0.11463383 0.35612563]
2019-09-20 12:24:44,049 [MainThread  ][DEBUG]  Setting hyperparameter tf=0.407070707070707
2019-09-20 12:24:44,049 [MainThread  ][INFO ]  Starting optimization for tf=0.407070707070707
2019-09-20 12:24:44,049 [MainThread  ][DEBUG]  Optimization method: Nelder-Mead
2019-09-20 12:24:44,049 [MainThread  ][DEBUG]  Optimization options: None
2019-09-20 12:24:44,049 [MainThread  ][INFO ]  Initial parameter values: [0.036210943187030914, -0.06015405333480311, -0.09025214582492498, -0.022811007513283715, 0, 1]
2019-09-20 12:25:14,195 [MainThread  ][INFO ]  Final fidelity: 0.8627083083248621
2019-09-20 12:25:14,195 [MainThread  ][INFO ]  Final parameters: [-8.58547197 -2.6272834   5.55113059 -8.37372918  3.99999318 -3.04656139]
2019-09-20 12:25:14,195 [MainThread  ][INFO ]  Fidelity: 0.8627083083248621
2019-09-20 12:25:14,195 [MainThread  ][INFO ]  ---- Iteration 18/100
2019-09-20 12:25:14,196 [MainThread  ][DEBUG]  Regenerated CRAB frequencies: nuk=[ 0.20825738 -0.21405444]
2019-09-20 12:25:14,196 [MainThread  ][DEBUG]  Setting hyperparameter tf=0.42626262626262623
2019-09-20 12:25:14,196 [MainThread  ][INFO ]  Starting optimization for tf=0.42626262626262623
2019-09-20 12:25:14,196 [MainThread  ][DEBUG]  Optimization method: Nelder-Mead
2019-09-20 12:25:14,196 [MainThread  ][DEBUG]  Optimization options: None
2019-09-20 12:25:14,196 [MainThread  ][INFO ]  Initial parameter values: [-0.0797348237313428, 0.0979712638594282, 0.06311144911009386, -0.05710356697328887, 0, 1]
2019-09-20 12:25:45,196 [MainThread  ][INFO ]  Final fidelity: 0.8727255272477905
2019-09-20 12:25:45,196 [MainThread  ][INFO ]  Final parameters: [ -17.10017178 -104.25700658   27.1631898     6.83143436    3.99999628
   -3.06270887]
2019-09-20 12:25:45,197 [MainThread  ][INFO ]  Fidelity: 0.8727255272477905
2019-09-20 12:25:45,197 [MainThread  ][INFO ]  ---- Iteration 19/100
2019-09-20 12:25:45,197 [MainThread  ][DEBUG]  Regenerated CRAB frequencies: nuk=[0.27350177 0.01356681]
2019-09-20 12:25:45,197 [MainThread  ][DEBUG]  Setting hyperparameter tf=0.44545454545454544
2019-09-20 12:25:45,197 [MainThread  ][INFO ]  Starting optimization for tf=0.44545454545454544
2019-09-20 12:25:45,197 [MainThread  ][DEBUG]  Optimization method: Nelder-Mead
2019-09-20 12:25:45,197 [MainThread  ][DEBUG]  Optimization options: None
2019-09-20 12:25:45,197 [MainThread  ][INFO ]  Initial parameter values: [-0.08641860978510828, -0.05291422501486418, 0.03884453952812, -0.05681234790495376, 0, 1]
2019-09-20 12:26:19,866 [MainThread  ][INFO ]  Final fidelity: 0.8666850665473329
2019-09-20 12:26:19,867 [MainThread  ][INFO ]  Final parameters: [73.18408497 15.98580256 18.12186443 -1.82160068  4.         -2.83624262]
2019-09-20 12:26:19,867 [MainThread  ][INFO ]  Fidelity: 0.8666850665473329
2019-09-20 12:26:19,867 [MainThread  ][INFO ]  ---- Iteration 20/100
2019-09-20 12:26:19,868 [MainThread  ][DEBUG]  Regenerated CRAB frequencies: nuk=[0.32530904 0.36214507]
2019-09-20 12:26:19,868 [MainThread  ][DEBUG]  Setting hyperparameter tf=0.46464646464646464
2019-09-20 12:26:19,868 [MainThread  ][INFO ]  Starting optimization for tf=0.46464646464646464
2019-09-20 12:26:19,868 [MainThread  ][DEBUG]  Optimization method: Nelder-Mead
2019-09-20 12:26:19,868 [MainThread  ][DEBUG]  Optimization options: None
2019-09-20 12:26:19,869 [MainThread  ][INFO ]  Initial parameter values: [0.07931662837675199, -0.07998909718664902, -0.00036266722621994263, 0.0322440943150093, 0, 1]
2019-09-20 12:26:52,108 [MainThread  ][INFO ]  Final fidelity: 0.8732667763319335
2019-09-20 12:26:52,108 [MainThread  ][INFO ]  Final parameters: [ 4.01914975e+01  1.37654159e+01 -1.60965567e-02 -9.72891398e+00
  4.00000000e+00 -2.85454100e+00]
2019-09-20 12:26:52,109 [MainThread  ][INFO ]  Fidelity: 0.8732667763319335
2019-09-20 12:26:52,109 [MainThread  ][INFO ]  ---- Iteration 21/100
2019-09-20 12:26:52,109 [MainThread  ][DEBUG]  Regenerated CRAB frequencies: nuk=[-0.27812163  0.1329334 ]
2019-09-20 12:26:52,109 [MainThread  ][DEBUG]  Setting hyperparameter tf=0.48383838383838385
2019-09-20 12:26:52,109 [MainThread  ][INFO ]  Starting optimization for tf=0.48383838383838385
2019-09-20 12:26:52,109 [MainThread  ][DEBUG]  Optimization method: Nelder-Mead
2019-09-20 12:26:52,109 [MainThread  ][DEBUG]  Optimization options: None
2019-09-20 12:26:52,109 [MainThread  ][INFO ]  Initial parameter values: [0.05421889477419581, 0.03465695310561501, -0.08849955249399165, -0.013311938281625316, 0, 1]
2019-09-20 12:27:52,744 [MainThread  ][INFO ]  Final fidelity: 0.8933625543738193
2019-09-20 12:27:52,744 [MainThread  ][INFO ]  Final parameters: [-199.99989745   25.7982034    20.60942644  -22.12113212    3.99996928
   -3.75051137]
2019-09-20 12:27:52,745 [MainThread  ][INFO ]  Fidelity: 0.8933625543738193
2019-09-20 12:27:52,745 [MainThread  ][INFO ]  ---- Iteration 22/100
2019-09-20 12:27:52,745 [MainThread  ][DEBUG]  Regenerated CRAB frequencies: nuk=[-0.25774166  0.00067974]
2019-09-20 12:27:52,745 [MainThread  ][DEBUG]  Setting hyperparameter tf=0.503030303030303
2019-09-20 12:27:52,745 [MainThread  ][INFO ]  Starting optimization for tf=0.503030303030303
2019-09-20 12:27:52,746 [MainThread  ][DEBUG]  Optimization method: Nelder-Mead
2019-09-20 12:27:52,746 [MainThread  ][DEBUG]  Optimization options: None
2019-09-20 12:27:52,746 [MainThread  ][INFO ]  Initial parameter values: [-0.09432932453306755, 0.03808761166285726, 0.0765824501229675, 0.02603341419554614, 0, 1]
2019-09-20 12:28:23,427 [MainThread  ][INFO ]  Final fidelity: 0.8916151002485178
2019-09-20 12:28:23,428 [MainThread  ][INFO ]  Final parameters: [-41.13279705 -10.10884444 -13.05146691   5.824249     3.99999698
  -3.18731288]
2019-09-20 12:28:23,428 [MainThread  ][INFO ]  Fidelity: 0.8916151002485178
2019-09-20 12:28:23,428 [MainThread  ][INFO ]  ---- Iteration 23/100
2019-09-20 12:28:23,428 [MainThread  ][DEBUG]  Regenerated CRAB frequencies: nuk=[-0.14334135 -0.12353855]
2019-09-20 12:28:23,428 [MainThread  ][DEBUG]  Setting hyperparameter tf=0.5222222222222221
2019-09-20 12:28:23,428 [MainThread  ][INFO ]  Starting optimization for tf=0.5222222222222221
2019-09-20 12:28:23,428 [MainThread  ][DEBUG]  Optimization method: Nelder-Mead
2019-09-20 12:28:23,428 [MainThread  ][DEBUG]  Optimization options: None
2019-09-20 12:28:23,429 [MainThread  ][INFO ]  Initial parameter values: [0.05299214640280464, -0.08337534862142514, -0.0332990939642577, 0.08766711908353894, 0, 1]
2019-09-20 12:28:57,470 [MainThread  ][INFO ]  Final fidelity: 0.8933149951217348
2019-09-20 12:28:57,471 [MainThread  ][INFO ]  Final parameters: [ -9.34790879  19.84748687 -14.86324921   4.9877651    3.99999995
  -2.9435184 ]
2019-09-20 12:28:57,472 [MainThread  ][INFO ]  Fidelity: 0.8933149951217348
2019-09-20 12:28:57,472 [MainThread  ][INFO ]  ---- Iteration 24/100
2019-09-20 12:28:57,472 [MainThread  ][DEBUG]  Regenerated CRAB frequencies: nuk=[-0.00541198 -0.49713768]
2019-09-20 12:28:57,472 [MainThread  ][DEBUG]  Setting hyperparameter tf=0.5414141414141413
2019-09-20 12:28:57,472 [MainThread  ][INFO ]  Starting optimization for tf=0.5414141414141413
2019-09-20 12:28:57,473 [MainThread  ][DEBUG]  Optimization method: Nelder-Mead
2019-09-20 12:28:57,473 [MainThread  ][DEBUG]  Optimization options: None
2019-09-20 12:28:57,473 [MainThread  ][INFO ]  Initial parameter values: [-0.09585177277952767, 0.07741486652082805, -0.016297069896437283, 0.042879160386329856, 0, 1]
2019-09-20 12:29:28,460 [MainThread  ][INFO ]  Final fidelity: 0.9051418347687651
2019-09-20 12:29:28,461 [MainThread  ][INFO ]  Final parameters: [-40.44563385 -13.67311827   4.64872197 -34.93936339   3.99999732
  -3.20739918]
2019-09-20 12:29:28,461 [MainThread  ][INFO ]  Fidelity: 0.9051418347687651
2019-09-20 12:29:28,461 [MainThread  ][INFO ]  ---- Iteration 25/100
2019-09-20 12:29:28,461 [MainThread  ][DEBUG]  Regenerated CRAB frequencies: nuk=[-0.15097965  0.16239569]
2019-09-20 12:29:28,461 [MainThread  ][DEBUG]  Setting hyperparameter tf=0.5606060606060606
2019-09-20 12:29:28,461 [MainThread  ][INFO ]  Starting optimization for tf=0.5606060606060606
2019-09-20 12:29:28,461 [MainThread  ][DEBUG]  Optimization method: Nelder-Mead
2019-09-20 12:29:28,461 [MainThread  ][DEBUG]  Optimization options: None
2019-09-20 12:29:28,461 [MainThread  ][INFO ]  Initial parameter values: [-0.07627357504318916, -0.08938770408649062, -0.01416011660003516, -0.021610996310796188, 0, 1]
2019-09-20 12:30:03,148 [MainThread  ][INFO ]  Final fidelity: 0.9059489084639947
2019-09-20 12:30:03,149 [MainThread  ][INFO ]  Final parameters: [-34.5430937   72.02911621  -0.55301803   3.70843371   3.99999999
  -3.02295881]
2019-09-20 12:30:03,149 [MainThread  ][INFO ]  Fidelity: 0.9059489084639947
2019-09-20 12:30:03,149 [MainThread  ][INFO ]  ---- Iteration 26/100
2019-09-20 12:30:03,149 [MainThread  ][DEBUG]  Regenerated CRAB frequencies: nuk=[-0.40968418 -0.23838505]
2019-09-20 12:30:03,149 [MainThread  ][DEBUG]  Setting hyperparameter tf=0.5797979797979798
2019-09-20 12:30:03,149 [MainThread  ][INFO ]  Starting optimization for tf=0.5797979797979798
2019-09-20 12:30:03,149 [MainThread  ][DEBUG]  Optimization method: Nelder-Mead
2019-09-20 12:30:03,149 [MainThread  ][DEBUG]  Optimization options: None
2019-09-20 12:30:03,149 [MainThread  ][INFO ]  Initial parameter values: [0.07684938595702881, -0.049152020079513054, 0.0055352165822044885, -0.0856575042433802, 0, 1]
2019-09-20 12:31:07,277 [MainThread  ][INFO ]  Final fidelity: 0.9290860999550365
2019-09-20 12:31:07,278 [MainThread  ][INFO ]  Final parameters: [-143.33563257   -0.31278962    4.28520195   33.04990172    3.97908096
   -3.35459046]
2019-09-20 12:31:07,278 [MainThread  ][INFO ]  Fidelity: 0.9290860999550365
2019-09-20 12:31:07,278 [MainThread  ][INFO ]  ---- Iteration 27/100
2019-09-20 12:31:07,278 [MainThread  ][DEBUG]  Regenerated CRAB frequencies: nuk=[0.00770284 0.16272129]
2019-09-20 12:31:07,279 [MainThread  ][DEBUG]  Setting hyperparameter tf=0.598989898989899
2019-09-20 12:31:07,279 [MainThread  ][INFO ]  Starting optimization for tf=0.598989898989899
2019-09-20 12:31:07,279 [MainThread  ][DEBUG]  Optimization method: Nelder-Mead
2019-09-20 12:31:07,279 [MainThread  ][DEBUG]  Optimization options: None
2019-09-20 12:31:07,279 [MainThread  ][INFO ]  Initial parameter values: [0.06575205432177245, -0.046553786047312334, -0.05879956542548175, -0.006362989846076306, 0, 1]
2019-09-20 12:31:41,053 [MainThread  ][INFO ]  Final fidelity: 0.9161787782586452
2019-09-20 12:31:41,054 [MainThread  ][INFO ]  Final parameters: [-18.94970343 -14.11287293  11.24725633  -0.85507757   4.
  -2.91147461]
2019-09-20 12:31:41,054 [MainThread  ][INFO ]  Fidelity: 0.9161787782586452
2019-09-20 12:31:41,055 [MainThread  ][INFO ]  ---- Iteration 28/100
2019-09-20 12:31:41,055 [MainThread  ][DEBUG]  Regenerated CRAB frequencies: nuk=[-0.04027622 -0.18602891]
2019-09-20 12:31:41,055 [MainThread  ][DEBUG]  Setting hyperparameter tf=0.6181818181818182
2019-09-20 12:31:41,055 [MainThread  ][INFO ]  Starting optimization for tf=0.6181818181818182
2019-09-20 12:31:41,055 [MainThread  ][DEBUG]  Optimization method: Nelder-Mead
2019-09-20 12:31:41,056 [MainThread  ][DEBUG]  Optimization options: None
2019-09-20 12:31:41,056 [MainThread  ][INFO ]  Initial parameter values: [-0.07083273956714153, 0.056481904627122825, 0.09979320059833827, -0.08358834772321438, 0, 1]
2019-09-20 12:32:17,060 [MainThread  ][INFO ]  Final fidelity: 0.9294457169344161
2019-09-20 12:32:17,060 [MainThread  ][INFO ]  Final parameters: [-26.20018108 -48.5583545   18.55286397  14.55872252   3.99999998
  -2.88523207]
2019-09-20 12:32:17,060 [MainThread  ][INFO ]  Fidelity: 0.9294457169344161
2019-09-20 12:32:17,060 [MainThread  ][INFO ]  ---- Iteration 29/100
2019-09-20 12:32:17,061 [MainThread  ][DEBUG]  Regenerated CRAB frequencies: nuk=[ 0.11892929 -0.27315509]
2019-09-20 12:32:17,061 [MainThread  ][DEBUG]  Setting hyperparameter tf=0.6373737373737373
2019-09-20 12:32:17,061 [MainThread  ][INFO ]  Starting optimization for tf=0.6373737373737373
2019-09-20 12:32:17,061 [MainThread  ][DEBUG]  Optimization method: Nelder-Mead
2019-09-20 12:32:17,061 [MainThread  ][DEBUG]  Optimization options: None
2019-09-20 12:32:17,061 [MainThread  ][INFO ]  Initial parameter values: [-0.09192565848210227, -0.0008811464929961155, 0.09322396523247858, 0.07401289425340696, 0, 1]
2019-09-20 12:32:50,851 [MainThread  ][INFO ]  Final fidelity: 0.9274690718644718
2019-09-20 12:32:50,852 [MainThread  ][INFO ]  Final parameters: [-19.28650047   0.23276586 -47.83873366  -1.8665145    3.94804194
  -2.45152644]
2019-09-20 12:32:50,852 [MainThread  ][INFO ]  Fidelity: 0.9274690718644718
2019-09-20 12:32:50,852 [MainThread  ][INFO ]  ---- Iteration 30/100
2019-09-20 12:32:50,852 [MainThread  ][DEBUG]  Regenerated CRAB frequencies: nuk=[0.39818126 0.01977135]
2019-09-20 12:32:50,852 [MainThread  ][DEBUG]  Setting hyperparameter tf=0.6565656565656565
2019-09-20 12:32:50,852 [MainThread  ][INFO ]  Starting optimization for tf=0.6565656565656565
2019-09-20 12:32:50,852 [MainThread  ][DEBUG]  Optimization method: Nelder-Mead
2019-09-20 12:32:50,852 [MainThread  ][DEBUG]  Optimization options: None
2019-09-20 12:32:50,853 [MainThread  ][INFO ]  Initial parameter values: [0.033807129726971585, -0.011483592617314825, 0.01766465049804733, -0.016912008366832224, 0, 1]
2019-09-20 12:34:08,608 [MainThread  ][INFO ]  Final fidelity: 0.9436552802586685
2019-09-20 12:34:08,609 [MainThread  ][INFO ]  Final parameters: [-73.14785623   2.24901445  14.12232005 -20.98540958   3.99999997
  -2.69153384]
2019-09-20 12:34:08,609 [MainThread  ][INFO ]  Fidelity: 0.9436552802586685
2019-09-20 12:34:08,609 [MainThread  ][INFO ]  ---- Iteration 31/100
2019-09-20 12:34:08,610 [MainThread  ][DEBUG]  Regenerated CRAB frequencies: nuk=[-0.02172867 -0.25754763]
2019-09-20 12:34:08,610 [MainThread  ][DEBUG]  Setting hyperparameter tf=0.6757575757575757
2019-09-20 12:34:08,610 [MainThread  ][INFO ]  Starting optimization for tf=0.6757575757575757
2019-09-20 12:34:08,610 [MainThread  ][DEBUG]  Optimization method: Nelder-Mead
2019-09-20 12:34:08,610 [MainThread  ][DEBUG]  Optimization options: None
2019-09-20 12:34:08,610 [MainThread  ][INFO ]  Initial parameter values: [0.09156501471199471, 0.04449973709636351, 0.06031315053970385, 5.2836426899016686e-05, 0, 1]
2019-09-20 12:34:44,762 [MainThread  ][INFO ]  Final fidelity: 0.9377517556563644
2019-09-20 12:34:44,763 [MainThread  ][INFO ]  Final parameters: [-1.75146405e+01  1.53119367e+01 -4.86029266e+01  7.42690572e-03
  3.96397225e+00 -2.63681339e+00]
2019-09-20 12:34:44,764 [MainThread  ][INFO ]  Fidelity: 0.9377517556563644
2019-09-20 12:34:44,764 [MainThread  ][INFO ]  ---- Iteration 32/100
2019-09-20 12:34:44,764 [MainThread  ][DEBUG]  Regenerated CRAB frequencies: nuk=[ 0.33800852 -0.08272711]
2019-09-20 12:34:44,764 [MainThread  ][DEBUG]  Setting hyperparameter tf=0.6949494949494949
2019-09-20 12:34:44,764 [MainThread  ][INFO ]  Starting optimization for tf=0.6949494949494949
2019-09-20 12:34:44,765 [MainThread  ][DEBUG]  Optimization method: Nelder-Mead
2019-09-20 12:34:44,765 [MainThread  ][DEBUG]  Optimization options: None
2019-09-20 12:34:44,765 [MainThread  ][INFO ]  Initial parameter values: [0.07755106028988909, 0.07228762432185146, -0.04674394472906221, 0.02108092966287614, 0, 1]
2019-09-20 12:35:20,847 [MainThread  ][INFO ]  Final fidelity: 0.9532083757670724
2019-09-20 12:35:20,848 [MainThread  ][INFO ]  Final parameters: [-63.29646498  29.10543826   7.92901383  -5.40912396   3.99999999
  -2.68393584]
2019-09-20 12:35:20,848 [MainThread  ][INFO ]  Fidelity: 0.9532083757670724
2019-09-20 12:35:20,848 [MainThread  ][INFO ]  ---- Iteration 33/100
2019-09-20 12:35:20,848 [MainThread  ][DEBUG]  Regenerated CRAB frequencies: nuk=[-0.0367807   0.42037544]
2019-09-20 12:35:20,848 [MainThread  ][DEBUG]  Setting hyperparameter tf=0.7141414141414141
2019-09-20 12:35:20,848 [MainThread  ][INFO ]  Starting optimization for tf=0.7141414141414141
2019-09-20 12:35:20,848 [MainThread  ][DEBUG]  Optimization method: Nelder-Mead
2019-09-20 12:35:20,849 [MainThread  ][DEBUG]  Optimization options: None
2019-09-20 12:35:20,849 [MainThread  ][INFO ]  Initial parameter values: [-0.08764801200163451, -0.06428060077771139, 0.08387590852091303, -0.01975301701291768, 0, 1]
2019-09-20 12:36:46,026 [MainThread  ][INFO ]  Final fidelity: 0.9542848112190221
2019-09-20 12:36:46,027 [MainThread  ][INFO ]  Final parameters: [-34.03258724   8.94601403 -51.00915613   0.84464249   3.88010576
  -2.79102406]
2019-09-20 12:36:46,027 [MainThread  ][INFO ]  Fidelity: 0.9542848112190221
2019-09-20 12:36:46,027 [MainThread  ][INFO ]  ---- Iteration 34/100
2019-09-20 12:36:46,027 [MainThread  ][DEBUG]  Regenerated CRAB frequencies: nuk=[-0.08553424  0.38214603]
2019-09-20 12:36:46,028 [MainThread  ][DEBUG]  Setting hyperparameter tf=0.7333333333333333
2019-09-20 12:36:46,028 [MainThread  ][INFO ]  Starting optimization for tf=0.7333333333333333
2019-09-20 12:36:46,028 [MainThread  ][DEBUG]  Optimization method: Nelder-Mead
2019-09-20 12:36:46,028 [MainThread  ][DEBUG]  Optimization options: None
2019-09-20 12:36:46,028 [MainThread  ][INFO ]  Initial parameter values: [0.05382127079943558, -0.03875678471484483, 0.0003097068712998724, 0.008637914582694695, 0, 1]
2019-09-20 12:37:23,933 [MainThread  ][INFO ]  Final fidelity: 0.9534108721122942
2019-09-20 12:37:23,934 [MainThread  ][INFO ]  Final parameters: [-16.4594176    9.11889711  -0.20063618  -0.43033927   3.99999995
  -2.70141775]
2019-09-20 12:37:23,934 [MainThread  ][INFO ]  Fidelity: 0.9534108721122942
2019-09-20 12:37:23,934 [MainThread  ][INFO ]  ---- Iteration 35/100
2019-09-20 12:37:23,934 [MainThread  ][DEBUG]  Regenerated CRAB frequencies: nuk=[-0.08328772  0.15723178]
2019-09-20 12:37:23,934 [MainThread  ][DEBUG]  Setting hyperparameter tf=0.7525252525252525
2019-09-20 12:37:23,934 [MainThread  ][INFO ]  Starting optimization for tf=0.7525252525252525
2019-09-20 12:37:23,934 [MainThread  ][DEBUG]  Optimization method: Nelder-Mead
2019-09-20 12:37:23,935 [MainThread  ][DEBUG]  Optimization options: None
2019-09-20 12:37:23,935 [MainThread  ][INFO ]  Initial parameter values: [0.08021313971478256, -0.03155567089716327, -0.061415326698651865, -0.04888485542668519, 0, 1]
2019-09-20 12:38:17,427 [MainThread  ][INFO ]  Final fidelity: 0.9703871982101768
2019-09-20 12:38:17,428 [MainThread  ][INFO ]  Final parameters: [-84.9477889   14.26644924 -11.4204791  -17.20794794   3.96585517
  -3.91330365]
2019-09-20 12:38:17,428 [MainThread  ][INFO ]  Fidelity: 0.9703871982101768
2019-09-20 12:38:17,428 [MainThread  ][INFO ]  ---- Iteration 36/100
2019-09-20 12:38:17,428 [MainThread  ][DEBUG]  Regenerated CRAB frequencies: nuk=[ 0.41319586 -0.28767406]
2019-09-20 12:38:17,429 [MainThread  ][DEBUG]  Setting hyperparameter tf=0.7717171717171717
2019-09-20 12:38:17,429 [MainThread  ][INFO ]  Starting optimization for tf=0.7717171717171717
2019-09-20 12:38:17,429 [MainThread  ][DEBUG]  Optimization method: Nelder-Mead
2019-09-20 12:38:17,429 [MainThread  ][DEBUG]  Optimization options: None
2019-09-20 12:38:17,429 [MainThread  ][INFO ]  Initial parameter values: [0.0900304170475088, -0.013726188577233706, 0.03663728031259689, -0.03192616046330064, 0, 1]
2019-09-20 12:39:20,946 [MainThread  ][INFO ]  Final fidelity: 0.9716698573616019
2019-09-20 12:39:20,947 [MainThread  ][INFO ]  Final parameters: [-28.49867187 -22.92656394 -50.76690906  78.34541102   3.83708147
  -2.39300241]
2019-09-20 12:39:20,948 [MainThread  ][INFO ]  Fidelity: 0.9716698573616019
2019-09-20 12:39:20,948 [MainThread  ][INFO ]  ---- Iteration 37/100
2019-09-20 12:39:20,948 [MainThread  ][DEBUG]  Regenerated CRAB frequencies: nuk=[-0.01148899  0.24727747]
2019-09-20 12:39:20,948 [MainThread  ][DEBUG]  Setting hyperparameter tf=0.7909090909090909
2019-09-20 12:39:20,948 [MainThread  ][INFO ]  Starting optimization for tf=0.7909090909090909
2019-09-20 12:39:20,949 [MainThread  ][DEBUG]  Optimization method: Nelder-Mead
2019-09-20 12:39:20,949 [MainThread  ][DEBUG]  Optimization options: None
2019-09-20 12:39:20,949 [MainThread  ][INFO ]  Initial parameter values: [-0.09723041537093291, -0.06846614077742526, 0.09944979871265666, 0.031134033401758243, 0, 1]
2019-09-20 12:39:56,577 [MainThread  ][INFO ]  Final fidelity: 0.9671892991095946
2019-09-20 12:39:56,578 [MainThread  ][INFO ]  Final parameters: [-17.44254433   6.14045451 -39.1054384   -7.11916007   3.84950759
  -2.27328987]
2019-09-20 12:39:56,578 [MainThread  ][INFO ]  Fidelity: 0.9671892991095946
2019-09-20 12:39:56,578 [MainThread  ][INFO ]  ---- Iteration 38/100
2019-09-20 12:39:56,578 [MainThread  ][DEBUG]  Regenerated CRAB frequencies: nuk=[ 0.06684484 -0.07316553]
2019-09-20 12:39:56,578 [MainThread  ][DEBUG]  Setting hyperparameter tf=0.81010101010101
2019-09-20 12:39:56,578 [MainThread  ][INFO ]  Starting optimization for tf=0.81010101010101
2019-09-20 12:39:56,578 [MainThread  ][DEBUG]  Optimization method: Nelder-Mead
2019-09-20 12:39:56,578 [MainThread  ][DEBUG]  Optimization options: None
2019-09-20 12:39:56,579 [MainThread  ][INFO ]  Initial parameter values: [-0.009740661092115271, 0.07227406030113279, 0.06264732843845594, 0.021343223903677266, 0, 1]
2019-09-20 12:40:30,583 [MainThread  ][INFO ]  Final fidelity: 0.9643182707648876
2019-09-20 12:40:30,584 [MainThread  ][INFO ]  Final parameters: [  4.39332359 -12.23382601  21.08509299  -3.67684061   4.
  -2.44727167]
2019-09-20 12:40:30,584 [MainThread  ][INFO ]  Fidelity: 0.9643182707648876
2019-09-20 12:40:30,584 [MainThread  ][INFO ]  ---- Iteration 39/100
2019-09-20 12:40:30,584 [MainThread  ][DEBUG]  Regenerated CRAB frequencies: nuk=[0.48573166 0.08063324]
2019-09-20 12:40:30,584 [MainThread  ][DEBUG]  Setting hyperparameter tf=0.8292929292929292
2019-09-20 12:40:30,585 [MainThread  ][INFO ]  Starting optimization for tf=0.8292929292929292
2019-09-20 12:40:30,585 [MainThread  ][DEBUG]  Optimization method: Nelder-Mead
2019-09-20 12:40:30,585 [MainThread  ][DEBUG]  Optimization options: None
2019-09-20 12:40:30,585 [MainThread  ][INFO ]  Initial parameter values: [0.05434687688200682, -0.0231491256949075, 0.0558918627694395, 0.0873622790160409, 0, 1]
2019-09-20 12:41:04,313 [MainThread  ][INFO ]  Final fidelity: 0.978756318164032
2019-09-20 12:41:04,314 [MainThread  ][INFO ]  Final parameters: [-25.91739973   1.94166357  14.32740353 -19.7459363    3.99999995
  -2.25023957]
2019-09-20 12:41:04,314 [MainThread  ][INFO ]  Fidelity: 0.978756318164032
2019-09-20 12:41:04,314 [MainThread  ][INFO ]  ---- Iteration 40/100
2019-09-20 12:41:04,314 [MainThread  ][DEBUG]  Regenerated CRAB frequencies: nuk=[-0.37367508  0.41795536]
2019-09-20 12:41:04,314 [MainThread  ][DEBUG]  Setting hyperparameter tf=0.8484848484848484
2019-09-20 12:41:04,314 [MainThread  ][INFO ]  Starting optimization for tf=0.8484848484848484
2019-09-20 12:41:04,314 [MainThread  ][DEBUG]  Optimization method: Nelder-Mead
2019-09-20 12:41:04,314 [MainThread  ][DEBUG]  Optimization options: None
2019-09-20 12:41:04,314 [MainThread  ][INFO ]  Initial parameter values: [-0.04176279644089718, 0.05895586626189425, 0.014541794872263397, 0.06214025651356492, 0, 1]
2019-09-20 12:41:39,425 [MainThread  ][INFO ]  Final fidelity: 0.9751798811466168
2019-09-20 12:41:39,426 [MainThread  ][INFO ]  Final parameters: [ -6.88085499 -16.53469497  -0.89512914 -23.23790314   3.94011864
  -2.31791432]
2019-09-20 12:41:39,426 [MainThread  ][INFO ]  Fidelity: 0.9751798811466168
2019-09-20 12:41:39,426 [MainThread  ][INFO ]  ---- Iteration 41/100
2019-09-20 12:41:39,426 [MainThread  ][DEBUG]  Regenerated CRAB frequencies: nuk=[ 0.38519526 -0.30032856]
2019-09-20 12:41:39,426 [MainThread  ][DEBUG]  Setting hyperparameter tf=0.8676767676767676
2019-09-20 12:41:39,426 [MainThread  ][INFO ]  Starting optimization for tf=0.8676767676767676
2019-09-20 12:41:39,426 [MainThread  ][DEBUG]  Optimization method: Nelder-Mead
2019-09-20 12:41:39,426 [MainThread  ][DEBUG]  Optimization options: None
2019-09-20 12:41:39,426 [MainThread  ][INFO ]  Initial parameter values: [0.007184619148122254, 0.02924391123810946, -0.06934650946821885, 0.012120106687108681, 0, 1]
2019-09-20 12:42:18,567 [MainThread  ][INFO ]  Final fidelity: 0.9785419069439109
2019-09-20 12:42:18,567 [MainThread  ][INFO ]  Final parameters: [-2.82588142  4.30498513  4.06924474  0.55022461  3.99999995 -2.27277674]
2019-09-20 12:42:18,567 [MainThread  ][INFO ]  Fidelity: 0.9785419069439109
2019-09-20 12:42:18,567 [MainThread  ][INFO ]  ---- Iteration 42/100
2019-09-20 12:42:18,568 [MainThread  ][DEBUG]  Regenerated CRAB frequencies: nuk=[ 0.45560423 -0.29323085]
2019-09-20 12:42:18,568 [MainThread  ][DEBUG]  Setting hyperparameter tf=0.8868686868686868
2019-09-20 12:42:18,568 [MainThread  ][INFO ]  Starting optimization for tf=0.8868686868686868
2019-09-20 12:42:18,568 [MainThread  ][DEBUG]  Optimization method: Nelder-Mead
2019-09-20 12:42:18,568 [MainThread  ][DEBUG]  Optimization options: None
2019-09-20 12:42:18,568 [MainThread  ][INFO ]  Initial parameter values: [0.06505917954511833, 0.010979558590835908, 0.05926457110412792, -0.07165515869435235, 0, 1]
2019-09-20 12:42:51,675 [MainThread  ][INFO ]  Final fidelity: 0.991288294741568
2019-09-20 12:42:51,676 [MainThread  ][INFO ]  Final parameters: [-24.05379246  -1.76656506  13.54637079   9.79838211   3.9999946
  -2.27684706]
2019-09-20 12:42:51,676 [MainThread  ][INFO ]  Fidelity: 0.991288294741568
2019-09-20 12:42:51,676 [MainThread  ][INFO ]  ---- Iteration 43/100
2019-09-20 12:42:51,676 [MainThread  ][DEBUG]  Regenerated CRAB frequencies: nuk=[ 0.4094755  -0.33051624]
2019-09-20 12:42:51,676 [MainThread  ][DEBUG]  Setting hyperparameter tf=0.906060606060606
2019-09-20 12:42:51,676 [MainThread  ][INFO ]  Starting optimization for tf=0.906060606060606
2019-09-20 12:42:51,676 [MainThread  ][DEBUG]  Optimization method: Nelder-Mead
2019-09-20 12:42:51,676 [MainThread  ][DEBUG]  Optimization options: None
2019-09-20 12:42:51,676 [MainThread  ][INFO ]  Initial parameter values: [-0.03744919141882044, -0.08922945695178726, -0.05090054264921367, -0.027147129473529402, 0, 1]
2019-09-20 12:44:06,213 [MainThread  ][INFO ]  Final fidelity: 0.9956285009711013
2019-09-20 12:44:06,213 [MainThread  ][INFO ]  Final parameters: [ 17.64471199 -50.02174518   7.43038857  18.09096666   3.99999845
  -2.50020789]
2019-09-20 12:44:06,214 [MainThread  ][INFO ]  Fidelity: 0.9956285009711013
2019-09-20 12:44:06,214 [MainThread  ][INFO ]  ---- Iteration 44/100
2019-09-20 12:44:06,214 [MainThread  ][DEBUG]  Regenerated CRAB frequencies: nuk=[0.36511992 0.48939526]
2019-09-20 12:44:06,214 [MainThread  ][DEBUG]  Setting hyperparameter tf=0.9252525252525252
2019-09-20 12:44:06,214 [MainThread  ][INFO ]  Starting optimization for tf=0.9252525252525252
2019-09-20 12:44:06,214 [MainThread  ][DEBUG]  Optimization method: Nelder-Mead
2019-09-20 12:44:06,214 [MainThread  ][DEBUG]  Optimization options: None
2019-09-20 12:44:06,214 [MainThread  ][INFO ]  Initial parameter values: [0.0950413851357563, 0.03996125199300821, -0.07099467079962618, -0.05955971499840449, 0, 1]
2019-09-20 12:44:43,402 [MainThread  ][INFO ]  Final fidelity: 0.9713111909857699
2019-09-20 12:44:43,403 [MainThread  ][INFO ]  Final parameters: [ 16.00134382 -13.04938075   4.38202837  71.95800122   3.19861945
  -1.64894344]
2019-09-20 12:44:43,403 [MainThread  ][INFO ]  Fidelity: 0.9713111909857699
2019-09-20 12:44:43,403 [MainThread  ][INFO ]  ---- Iteration 45/100
2019-09-20 12:44:43,404 [MainThread  ][DEBUG]  Regenerated CRAB frequencies: nuk=[0.20239541 0.39465957]
2019-09-20 12:44:43,404 [MainThread  ][DEBUG]  Setting hyperparameter tf=0.9444444444444443
2019-09-20 12:44:43,404 [MainThread  ][INFO ]  Starting optimization for tf=0.9444444444444443
2019-09-20 12:44:43,404 [MainThread  ][DEBUG]  Optimization method: Nelder-Mead
2019-09-20 12:44:43,404 [MainThread  ][DEBUG]  Optimization options: None
2019-09-20 12:44:43,404 [MainThread  ][INFO ]  Initial parameter values: [0.08526648074278623, 0.023253040055475724, -0.07709699693184913, 0.034816264137287306, 0, 1]
2019-09-20 12:45:44,988 [MainThread  ][INFO ]  Final fidelity: 0.9970474422673741
2019-09-20 12:45:44,988 [MainThread  ][INFO ]  Final parameters: [-23.03298041  -1.69251929  22.01944724  13.30151132   3.9999973
  -2.60896214]
2019-09-20 12:45:44,988 [MainThread  ][INFO ]  Fidelity: 0.9970474422673741
2019-09-20 12:45:44,988 [MainThread  ][INFO ]  ---- Iteration 46/100
2019-09-20 12:45:44,989 [MainThread  ][DEBUG]  Regenerated CRAB frequencies: nuk=[0.0651388  0.38348544]
2019-09-20 12:45:44,989 [MainThread  ][DEBUG]  Setting hyperparameter tf=0.9636363636363635
2019-09-20 12:45:44,989 [MainThread  ][INFO ]  Starting optimization for tf=0.9636363636363635
2019-09-20 12:45:44,989 [MainThread  ][DEBUG]  Optimization method: Nelder-Mead
2019-09-20 12:45:44,989 [MainThread  ][DEBUG]  Optimization options: None
2019-09-20 12:45:44,989 [MainThread  ][INFO ]  Initial parameter values: [0.08660265224015054, -0.07846949912047155, 0.04723760665510324, -0.06844176156027011, 0, 1]
2019-09-20 12:46:20,600 [MainThread  ][INFO ]  Final fidelity: 0.991756356899322
2019-09-20 12:46:20,601 [MainThread  ][INFO ]  Final parameters: [-7.22687472e-03  2.61250392e+01  5.54513008e+00  2.39370183e+01
  3.90567352e+00 -2.11803686e+00]
2019-09-20 12:46:20,601 [MainThread  ][INFO ]  Fidelity: 0.991756356899322
2019-09-20 12:46:20,601 [MainThread  ][INFO ]  ---- Iteration 47/100
2019-09-20 12:46:20,601 [MainThread  ][DEBUG]  Regenerated CRAB frequencies: nuk=[0.13104835 0.30812438]
2019-09-20 12:46:20,602 [MainThread  ][DEBUG]  Setting hyperparameter tf=0.9828282828282827
2019-09-20 12:46:20,602 [MainThread  ][INFO ]  Starting optimization for tf=0.9828282828282827
2019-09-20 12:46:20,602 [MainThread  ][DEBUG]  Optimization method: Nelder-Mead
2019-09-20 12:46:20,602 [MainThread  ][DEBUG]  Optimization options: None
2019-09-20 12:46:20,602 [MainThread  ][INFO ]  Initial parameter values: [-0.04737681333897375, 0.006546473249446988, -0.02490291791925632, 0.0937794523756986, 0, 1]
2019-09-20 12:46:58,306 [MainThread  ][INFO ]  Final fidelity: 0.9909269336385452
2019-09-20 12:46:58,307 [MainThread  ][INFO ]  Final parameters: [-14.96214183  -0.70274453   1.0186255  -55.09409013   3.61836329
  -1.86259307]
2019-09-20 12:46:58,307 [MainThread  ][INFO ]  Fidelity: 0.9909269336385452
2019-09-20 12:46:58,307 [MainThread  ][INFO ]  ---- Iteration 48/100
2019-09-20 12:46:58,307 [MainThread  ][DEBUG]  Regenerated CRAB frequencies: nuk=[ 0.31545867 -0.40595177]
2019-09-20 12:46:58,307 [MainThread  ][DEBUG]  Setting hyperparameter tf=1.002020202020202
2019-09-20 12:46:58,308 [MainThread  ][INFO ]  Starting optimization for tf=1.002020202020202
2019-09-20 12:46:58,308 [MainThread  ][DEBUG]  Optimization method: Nelder-Mead
2019-09-20 12:46:58,308 [MainThread  ][DEBUG]  Optimization options: None
2019-09-20 12:46:58,308 [MainThread  ][INFO ]  Initial parameter values: [-0.04528052459406371, 0.03660283876256115, 0.07723913286363909, -0.05395324524605869, 0, 1]
2019-09-20 12:47:35,652 [MainThread  ][INFO ]  Final fidelity: 0.9988610842958718
2019-09-20 12:47:35,653 [MainThread  ][INFO ]  Final parameters: [-10.08744882  -8.38007403  41.0737623   19.3217887    3.98301157
  -3.29132605]
2019-09-20 12:47:35,654 [MainThread  ][INFO ]  Fidelity: 0.9988610842958718
2019-09-20 12:47:35,654 [MainThread  ][INFO ]  ---- Iteration 49/100
2019-09-20 12:47:35,654 [MainThread  ][DEBUG]  Regenerated CRAB frequencies: nuk=[-0.18281127 -0.2467775 ]
2019-09-20 12:47:35,654 [MainThread  ][DEBUG]  Setting hyperparameter tf=1.0212121212121212
2019-09-20 12:47:35,655 [MainThread  ][INFO ]  Starting optimization for tf=1.0212121212121212
2019-09-20 12:47:35,655 [MainThread  ][DEBUG]  Optimization method: Nelder-Mead
2019-09-20 12:47:35,655 [MainThread  ][DEBUG]  Optimization options: None
2019-09-20 12:47:35,655 [MainThread  ][INFO ]  Initial parameter values: [0.014150141433058552, -0.0490693908004004, -0.0396943512360336, 0.030342667418528563, 0, 1]
2019-09-20 12:48:08,368 [MainThread  ][INFO ]  Final fidelity: 0.9972715307887539
2019-09-20 12:48:08,369 [MainThread  ][INFO ]  Final parameters: [-6.01946791  4.66365605  8.56533439 -1.60236589  3.99998347 -2.13242647]
2019-09-20 12:48:08,369 [MainThread  ][INFO ]  Fidelity: 0.9972715307887539
2019-09-20 12:48:08,369 [MainThread  ][INFO ]  ---- Iteration 50/100
2019-09-20 12:48:08,369 [MainThread  ][DEBUG]  Regenerated CRAB frequencies: nuk=[-0.36248715  0.03255517]
2019-09-20 12:48:08,369 [MainThread  ][DEBUG]  Setting hyperparameter tf=1.0404040404040404
2019-09-20 12:48:08,369 [MainThread  ][INFO ]  Starting optimization for tf=1.0404040404040404
2019-09-20 12:48:08,369 [MainThread  ][DEBUG]  Optimization method: Nelder-Mead
2019-09-20 12:48:08,369 [MainThread  ][DEBUG]  Optimization options: None
2019-09-20 12:48:08,369 [MainThread  ][INFO ]  Initial parameter values: [0.013946422659073837, 0.0917770167900803, -0.06178890486246935, 0.005092377741259813, 0, 1]
2019-09-20 12:49:12,869 [MainThread  ][INFO ]  Final fidelity: 0.9986033397161468
2019-09-20 12:49:12,870 [MainThread  ][INFO ]  Final parameters: [ -7.22310592 -23.88665492   9.51256729   0.48304089   3.99999858
  -2.05970279]
2019-09-20 12:49:12,870 [MainThread  ][INFO ]  Fidelity: 0.9986033397161468
2019-09-20 12:49:12,870 [MainThread  ][INFO ]  ---- Iteration 51/100
2019-09-20 12:49:12,870 [MainThread  ][DEBUG]  Regenerated CRAB frequencies: nuk=[-0.31661573  0.20980787]
2019-09-20 12:49:12,871 [MainThread  ][DEBUG]  Setting hyperparameter tf=1.0595959595959596
2019-09-20 12:49:12,871 [MainThread  ][INFO ]  Starting optimization for tf=1.0595959595959596
2019-09-20 12:49:12,871 [MainThread  ][DEBUG]  Optimization method: Nelder-Mead
2019-09-20 12:49:12,871 [MainThread  ][DEBUG]  Optimization options: None
2019-09-20 12:49:12,871 [MainThread  ][INFO ]  Initial parameter values: [0.04576665707085362, 0.07219991781676663, -0.07630496512997756, 0.032384142862270704, 0, 1]
2019-09-20 12:49:42,937 [MainThread  ][INFO ]  Final fidelity: 0.998997415359037
2019-09-20 12:49:42,938 [MainThread  ][INFO ]  Final parameters: [ -3.70403338   1.67586477 -10.68248203 -16.13246843   3.86517451
  -1.94142513]
2019-09-20 12:49:42,938 [MainThread  ][INFO ]  Fidelity: 0.998997415359037
2019-09-20 12:49:42,938 [MainThread  ][INFO ]  ---- Iteration 52/100
2019-09-20 12:49:42,938 [MainThread  ][DEBUG]  Regenerated CRAB frequencies: nuk=[-0.06884393  0.2721404 ]
2019-09-20 12:49:42,938 [MainThread  ][DEBUG]  Setting hyperparameter tf=1.0787878787878789
2019-09-20 12:49:42,938 [MainThread  ][INFO ]  Starting optimization for tf=1.0787878787878789
2019-09-20 12:49:42,938 [MainThread  ][DEBUG]  Optimization method: Nelder-Mead
2019-09-20 12:49:42,938 [MainThread  ][DEBUG]  Optimization options: None
2019-09-20 12:49:42,938 [MainThread  ][INFO ]  Initial parameter values: [0.0740367621032044, -0.07368948171665868, -0.05755181614978436, 0.022793162241687107, 0, 1]
2019-09-20 12:50:16,532 [MainThread  ][INFO ]  Final fidelity: 0.9980486750941799
2019-09-20 12:50:16,533 [MainThread  ][INFO ]  Final parameters: [-9.65146697 30.15389972 15.726133    1.49192442  3.65677316 -2.0707025 ]
2019-09-20 12:50:16,533 [MainThread  ][INFO ]  Fidelity: 0.9980486750941799
2019-09-20 12:50:16,533 [MainThread  ][INFO ]  ---- Iteration 53/100
2019-09-20 12:50:16,533 [MainThread  ][DEBUG]  Regenerated CRAB frequencies: nuk=[ 0.33119076 -0.45433531]
2019-09-20 12:50:16,533 [MainThread  ][DEBUG]  Setting hyperparameter tf=1.097979797979798
2019-09-20 12:50:16,533 [MainThread  ][INFO ]  Starting optimization for tf=1.097979797979798
2019-09-20 12:50:16,533 [MainThread  ][DEBUG]  Optimization method: Nelder-Mead
2019-09-20 12:50:16,533 [MainThread  ][DEBUG]  Optimization options: None
2019-09-20 12:50:16,534 [MainThread  ][INFO ]  Initial parameter values: [-0.06535158481934411, -0.018689375429504815, 0.07764816065376876, -0.020508885441740926, 0, 1]
2019-09-20 12:50:51,858 [MainThread  ][INFO ]  Final fidelity: 0.9944935221808032
2019-09-20 12:50:51,858 [MainThread  ][INFO ]  Final parameters: [22.17802553 16.40890554 46.9243321  -0.76733331  3.99999946 -2.45995565]
2019-09-20 12:50:51,858 [MainThread  ][INFO ]  Fidelity: 0.9944935221808032
2019-09-20 12:50:51,858 [MainThread  ][INFO ]  ---- Iteration 54/100
2019-09-20 12:50:51,858 [MainThread  ][DEBUG]  Regenerated CRAB frequencies: nuk=[0.42307819 0.26270351]
2019-09-20 12:50:51,859 [MainThread  ][DEBUG]  Setting hyperparameter tf=1.1171717171717173
2019-09-20 12:50:51,859 [MainThread  ][INFO ]  Starting optimization for tf=1.1171717171717173
2019-09-20 12:50:51,859 [MainThread  ][DEBUG]  Optimization method: Nelder-Mead
2019-09-20 12:50:51,859 [MainThread  ][DEBUG]  Optimization options: None
2019-09-20 12:50:51,859 [MainThread  ][INFO ]  Initial parameter values: [-0.0058016644207830315, -0.09050056710679336, -0.09166886331456801, 0.08478957072491716, 0, 1]
2019-09-20 12:51:26,216 [MainThread  ][INFO ]  Final fidelity: 0.9920912288289737
2019-09-20 12:51:26,217 [MainThread  ][INFO ]  Final parameters: [ 0.9148502  25.75614851 -6.46037588 40.46236184  3.02264306 -1.32199247]
2019-09-20 12:51:26,217 [MainThread  ][INFO ]  Fidelity: 0.9920912288289737
2019-09-20 12:51:26,217 [MainThread  ][INFO ]  ---- Iteration 55/100
2019-09-20 12:51:26,217 [MainThread  ][DEBUG]  Regenerated CRAB frequencies: nuk=[-0.25991777 -0.46176339]
2019-09-20 12:51:26,217 [MainThread  ][DEBUG]  Setting hyperparameter tf=1.1363636363636365
2019-09-20 12:51:26,217 [MainThread  ][INFO ]  Starting optimization for tf=1.1363636363636365
2019-09-20 12:51:26,217 [MainThread  ][DEBUG]  Optimization method: Nelder-Mead
2019-09-20 12:51:26,217 [MainThread  ][DEBUG]  Optimization options: None
2019-09-20 12:51:26,217 [MainThread  ][INFO ]  Initial parameter values: [-0.07325101708573008, 0.08776409321987785, -0.07353456548665033, -0.09914122612264174, 0, 1]
2019-09-20 12:52:14,317 [MainThread  ][INFO ]  Final fidelity: 0.9990648283747117
2019-09-20 12:52:14,318 [MainThread  ][INFO ]  Final parameters: [ 29.27146856 -17.76695729 -27.68815401  37.39964974   3.74425856
  -2.04163903]
2019-09-20 12:52:14,318 [MainThread  ][INFO ]  Fidelity: 0.9990648283747117
2019-09-20 12:52:14,318 [MainThread  ][INFO ]  ---- Iteration 56/100
2019-09-20 12:52:14,319 [MainThread  ][DEBUG]  Regenerated CRAB frequencies: nuk=[-0.48850397  0.1817403 ]
2019-09-20 12:52:14,319 [MainThread  ][DEBUG]  Setting hyperparameter tf=1.1555555555555557
2019-09-20 12:52:14,319 [MainThread  ][INFO ]  Starting optimization for tf=1.1555555555555557
2019-09-20 12:52:14,319 [MainThread  ][DEBUG]  Optimization method: Nelder-Mead
2019-09-20 12:52:14,319 [MainThread  ][DEBUG]  Optimization options: None
2019-09-20 12:52:14,319 [MainThread  ][INFO ]  Initial parameter values: [-0.017508248131880483, 0.09518536533337094, 0.09007717512799004, 0.08321053961908223, 0, 1]
2019-09-20 12:52:46,322 [MainThread  ][INFO ]  Final fidelity: 0.9959835236865558
2019-09-20 12:52:46,323 [MainThread  ][INFO ]  Final parameters: [ 4.7918243  -9.25131519  3.15675493 40.64349513  3.1263467  -1.25920282]
2019-09-20 12:52:46,323 [MainThread  ][INFO ]  Fidelity: 0.9959835236865558
2019-09-20 12:52:46,323 [MainThread  ][INFO ]  ---- Iteration 57/100
2019-09-20 12:52:46,323 [MainThread  ][DEBUG]  Regenerated CRAB frequencies: nuk=[0.40059537 0.17154605]
2019-09-20 12:52:46,323 [MainThread  ][DEBUG]  Setting hyperparameter tf=1.1747474747474747
2019-09-20 12:52:46,323 [MainThread  ][INFO ]  Starting optimization for tf=1.1747474747474747
2019-09-20 12:52:46,323 [MainThread  ][DEBUG]  Optimization method: Nelder-Mead
2019-09-20 12:52:46,323 [MainThread  ][DEBUG]  Optimization options: None
2019-09-20 12:52:46,324 [MainThread  ][INFO ]  Initial parameter values: [0.019985143297457264, -0.016033190062131955, -0.007696848335330242, 0.04708386023588054, 0, 1]
2019-09-20 12:53:16,087 [MainThread  ][INFO ]  Final fidelity: 0.9990684377001258
2019-09-20 12:53:16,088 [MainThread  ][INFO ]  Final parameters: [-7.52452705  4.69382138  0.18241201 15.5091909   3.21007858 -1.2923    ]
2019-09-20 12:53:16,088 [MainThread  ][INFO ]  Fidelity: 0.9990684377001258
2019-09-20 12:53:16,088 [MainThread  ][INFO ]  ---- Iteration 58/100
2019-09-20 12:53:16,088 [MainThread  ][DEBUG]  Regenerated CRAB frequencies: nuk=[ 0.33255806 -0.09609404]
2019-09-20 12:53:16,088 [MainThread  ][DEBUG]  Setting hyperparameter tf=1.1939393939393939
2019-09-20 12:53:16,089 [MainThread  ][INFO ]  Starting optimization for tf=1.1939393939393939
2019-09-20 12:53:16,089 [MainThread  ][DEBUG]  Optimization method: Nelder-Mead
2019-09-20 12:53:16,089 [MainThread  ][DEBUG]  Optimization options: None
2019-09-20 12:53:16,089 [MainThread  ][INFO ]  Initial parameter values: [-0.01389385841022242, -0.04353972019043977, 0.059801222604717236, 0.015392427634211475, 0, 1]
2019-09-20 12:53:44,394 [MainThread  ][INFO ]  Final fidelity: 0.9990805187214954
2019-09-20 12:53:44,395 [MainThread  ][INFO ]  Final parameters: [ 3.21610886  2.03063788 15.48215901 -3.58380607  3.26385701 -1.56497872]
2019-09-20 12:53:44,395 [MainThread  ][INFO ]  Fidelity: 0.9990805187214954
2019-09-20 12:53:44,395 [MainThread  ][INFO ]  ---- Iteration 59/100
2019-09-20 12:53:44,396 [MainThread  ][DEBUG]  Regenerated CRAB frequencies: nuk=[ 0.04822565 -0.33527904]
2019-09-20 12:53:44,396 [MainThread  ][DEBUG]  Setting hyperparameter tf=1.213131313131313
2019-09-20 12:53:44,396 [MainThread  ][INFO ]  Starting optimization for tf=1.213131313131313
2019-09-20 12:53:44,396 [MainThread  ][DEBUG]  Optimization method: Nelder-Mead
2019-09-20 12:53:44,396 [MainThread  ][DEBUG]  Optimization options: None
2019-09-20 12:53:44,396 [MainThread  ][INFO ]  Initial parameter values: [0.04683611269238078, -0.06786906862117388, -0.022876898466568416, 0.07269685053193933, 0, 1]
2019-09-20 12:54:12,143 [MainThread  ][INFO ]  Final fidelity: 0.9990758937632501
2019-09-20 12:54:12,143 [MainThread  ][INFO ]  Final parameters: [ 2.02848385 14.92187838  8.21167335 22.02951907  3.50680297 -1.97910754]
2019-09-20 12:54:12,144 [MainThread  ][INFO ]  Fidelity: 0.9990758937632501
2019-09-20 12:54:12,144 [MainThread  ][INFO ]  ---- Iteration 60/100
2019-09-20 12:54:12,144 [MainThread  ][DEBUG]  Regenerated CRAB frequencies: nuk=[-0.39242966  0.03830638]
2019-09-20 12:54:12,144 [MainThread  ][DEBUG]  Setting hyperparameter tf=1.2323232323232323
2019-09-20 12:54:12,144 [MainThread  ][INFO ]  Starting optimization for tf=1.2323232323232323
2019-09-20 12:54:12,144 [MainThread  ][DEBUG]  Optimization method: Nelder-Mead
2019-09-20 12:54:12,144 [MainThread  ][DEBUG]  Optimization options: None
2019-09-20 12:54:12,144 [MainThread  ][INFO ]  Initial parameter values: [0.006639596680909007, -0.05673813820686616, -0.07934350009882092, 0.07721463421348237, 0, 1]
2019-09-20 12:54:43,542 [MainThread  ][INFO ]  Final fidelity: 0.9990617895329155
2019-09-20 12:54:43,543 [MainThread  ][INFO ]  Final parameters: [ -1.28015979  33.40851356 -26.42548677   2.36673675   2.58623504
  -0.96254348]
2019-09-20 12:54:43,543 [MainThread  ][INFO ]  Fidelity: 0.9990617895329155
2019-09-20 12:54:43,543 [MainThread  ][INFO ]  ---- Iteration 61/100
2019-09-20 12:54:43,543 [MainThread  ][DEBUG]  Regenerated CRAB frequencies: nuk=[-0.34201343 -0.00696945]
2019-09-20 12:54:43,543 [MainThread  ][DEBUG]  Setting hyperparameter tf=1.2515151515151515
2019-09-20 12:54:43,543 [MainThread  ][INFO ]  Starting optimization for tf=1.2515151515151515
2019-09-20 12:54:43,544 [MainThread  ][DEBUG]  Optimization method: Nelder-Mead
2019-09-20 12:54:43,544 [MainThread  ][DEBUG]  Optimization options: None
2019-09-20 12:54:43,544 [MainThread  ][INFO ]  Initial parameter values: [-0.02700037974269391, 0.07235118347246941, 0.09423655034913292, 0.09595330090115758, 0, 1]
2019-09-20 12:55:11,070 [MainThread  ][INFO ]  Final fidelity: 0.9991058495914954
2019-09-20 12:55:11,071 [MainThread  ][INFO ]  Final parameters: [ -6.76229052  -2.37116344 -10.97953577 -18.41134474   2.75176675
  -1.20131087]
2019-09-20 12:55:11,071 [MainThread  ][INFO ]  Fidelity: 0.9991058495914954
2019-09-20 12:55:11,071 [MainThread  ][INFO ]  ---- Iteration 62/100
2019-09-20 12:55:11,071 [MainThread  ][DEBUG]  Regenerated CRAB frequencies: nuk=[-0.04048256 -0.40391651]
2019-09-20 12:55:11,071 [MainThread  ][DEBUG]  Setting hyperparameter tf=1.2707070707070707
2019-09-20 12:55:11,072 [MainThread  ][INFO ]  Starting optimization for tf=1.2707070707070707
2019-09-20 12:55:11,072 [MainThread  ][DEBUG]  Optimization method: Nelder-Mead
2019-09-20 12:55:11,072 [MainThread  ][DEBUG]  Optimization options: None
2019-09-20 12:55:11,072 [MainThread  ][INFO ]  Initial parameter values: [0.06484127847246898, 0.022166693161964374, -0.004425779007873415, -0.09427449701339614, 0, 1]
2019-09-20 12:56:14,156 [MainThread  ][INFO ]  Final fidelity: 0.9990808758747721
2019-09-20 12:56:14,157 [MainThread  ][INFO ]  Final parameters: [ 0.1197136   1.07353536  0.46431653 48.60665851  3.00242312 -2.14941327]
2019-09-20 12:56:14,157 [MainThread  ][INFO ]  Fidelity: 0.9990808758747721
2019-09-20 12:56:14,158 [MainThread  ][INFO ]  ---- Iteration 63/100
2019-09-20 12:56:14,158 [MainThread  ][DEBUG]  Regenerated CRAB frequencies: nuk=[0.22307681 0.43297939]
2019-09-20 12:56:14,158 [MainThread  ][DEBUG]  Setting hyperparameter tf=1.2898989898989899
2019-09-20 12:56:14,158 [MainThread  ][INFO ]  Starting optimization for tf=1.2898989898989899
2019-09-20 12:56:14,158 [MainThread  ][DEBUG]  Optimization method: Nelder-Mead
2019-09-20 12:56:14,159 [MainThread  ][DEBUG]  Optimization options: None
2019-09-20 12:56:14,159 [MainThread  ][INFO ]  Initial parameter values: [0.09248662363806964, -0.009317101026533187, 0.04792601829536286, -0.040992906592787384, 0, 1]
2019-09-20 12:56:45,416 [MainThread  ][INFO ]  Final fidelity: 0.9990901038244879
2019-09-20 12:56:45,417 [MainThread  ][INFO ]  Final parameters: [-20.92107603   0.05185113   8.18711323  12.98146264   2.22503792
  -0.67964962]
2019-09-20 12:56:45,417 [MainThread  ][INFO ]  Fidelity: 0.9990901038244879
2019-09-20 12:56:45,417 [MainThread  ][INFO ]  ---- Iteration 64/100
2019-09-20 12:56:45,417 [MainThread  ][DEBUG]  Regenerated CRAB frequencies: nuk=[-0.37107291  0.2292235 ]
2019-09-20 12:56:45,417 [MainThread  ][DEBUG]  Setting hyperparameter tf=1.309090909090909
2019-09-20 12:56:45,418 [MainThread  ][INFO ]  Starting optimization for tf=1.309090909090909
2019-09-20 12:56:45,418 [MainThread  ][DEBUG]  Optimization method: Nelder-Mead
2019-09-20 12:56:45,418 [MainThread  ][DEBUG]  Optimization options: None
2019-09-20 12:56:45,418 [MainThread  ][INFO ]  Initial parameter values: [0.041954736505553314, -0.09836369294767573, 0.021388900736596966, -0.0480144177819287, 0, 1]
2019-09-20 12:57:20,124 [MainThread  ][INFO ]  Final fidelity: 0.9985844378183832
2019-09-20 12:57:20,125 [MainThread  ][INFO ]  Final parameters: [-3.1452207  40.35583784 -3.31045607 -0.55548469  2.59601212 -0.92379981]
2019-09-20 12:57:20,125 [MainThread  ][INFO ]  Fidelity: 0.9985844378183832
2019-09-20 12:57:20,125 [MainThread  ][INFO ]  ---- Iteration 65/100
2019-09-20 12:57:20,126 [MainThread  ][DEBUG]  Regenerated CRAB frequencies: nuk=[-0.49742077 -0.47215536]
2019-09-20 12:57:20,126 [MainThread  ][DEBUG]  Setting hyperparameter tf=1.3282828282828283
2019-09-20 12:57:20,126 [MainThread  ][INFO ]  Starting optimization for tf=1.3282828282828283
2019-09-20 12:57:20,126 [MainThread  ][DEBUG]  Optimization method: Nelder-Mead
2019-09-20 12:57:20,126 [MainThread  ][DEBUG]  Optimization options: None
2019-09-20 12:57:20,127 [MainThread  ][INFO ]  Initial parameter values: [0.015390308438418446, 0.030799837610461067, 0.09709390889843686, -0.09356686596588391, 0, 1]
2019-09-20 12:57:49,788 [MainThread  ][INFO ]  Final fidelity: 0.9991083352215326
2019-09-20 12:57:49,789 [MainThread  ][INFO ]  Final parameters: [ -0.93900801   2.44289391 -11.6388542   14.8213308    2.38072011
  -1.03063772]
2019-09-20 12:57:49,789 [MainThread  ][INFO ]  Fidelity: 0.9991083352215326
2019-09-20 12:57:49,789 [MainThread  ][INFO ]  ---- Iteration 66/100
2019-09-20 12:57:49,789 [MainThread  ][DEBUG]  Regenerated CRAB frequencies: nuk=[-0.09592404 -0.1439235 ]
2019-09-20 12:57:49,789 [MainThread  ][DEBUG]  Setting hyperparameter tf=1.3474747474747475
2019-09-20 12:57:49,790 [MainThread  ][INFO ]  Starting optimization for tf=1.3474747474747475
2019-09-20 12:57:49,790 [MainThread  ][DEBUG]  Optimization method: Nelder-Mead
2019-09-20 12:57:49,790 [MainThread  ][DEBUG]  Optimization options: None
2019-09-20 12:57:49,790 [MainThread  ][INFO ]  Initial parameter values: [-0.037040638678043566, 0.0936882395538183, 0.08524849699671719, -0.08810514560656818, 0, 1]
2019-09-20 12:58:18,362 [MainThread  ][INFO ]  Final fidelity: 0.9990963119187306
2019-09-20 12:58:18,363 [MainThread  ][INFO ]  Final parameters: [ -9.13613602 -16.67410523  -5.10628484  12.96566101   2.08384212
  -0.45174726]
2019-09-20 12:58:18,363 [MainThread  ][INFO ]  Fidelity: 0.9990963119187306
2019-09-20 12:58:18,363 [MainThread  ][INFO ]  ---- Iteration 67/100
2019-09-20 12:58:18,363 [MainThread  ][DEBUG]  Regenerated CRAB frequencies: nuk=[ 0.18214316 -0.12493601]
2019-09-20 12:58:18,364 [MainThread  ][DEBUG]  Setting hyperparameter tf=1.3666666666666667
2019-09-20 12:58:18,364 [MainThread  ][INFO ]  Starting optimization for tf=1.3666666666666667
2019-09-20 12:58:18,364 [MainThread  ][DEBUG]  Optimization method: Nelder-Mead
2019-09-20 12:58:18,364 [MainThread  ][DEBUG]  Optimization options: None
2019-09-20 12:58:18,364 [MainThread  ][INFO ]  Initial parameter values: [-0.003846479226756183, 0.005387592050950546, 0.03560418892824152, 0.018692989097506357, 0, 1]
2019-09-20 12:58:49,275 [MainThread  ][INFO ]  Final fidelity: 0.9991227215265699
2019-09-20 12:58:49,275 [MainThread  ][INFO ]  Final parameters: [ 0.45152803 -1.5168278  12.78644343 -2.62745104  2.46418511 -0.89527125]
2019-09-20 12:58:49,275 [MainThread  ][INFO ]  Fidelity: 0.9991227215265699
2019-09-20 12:58:49,276 [MainThread  ][INFO ]  ---- Iteration 68/100
2019-09-20 12:58:49,276 [MainThread  ][DEBUG]  Regenerated CRAB frequencies: nuk=[-0.31417119 -0.23869918]
2019-09-20 12:58:49,276 [MainThread  ][DEBUG]  Setting hyperparameter tf=1.385858585858586
2019-09-20 12:58:49,276 [MainThread  ][INFO ]  Starting optimization for tf=1.385858585858586
2019-09-20 12:58:49,276 [MainThread  ][DEBUG]  Optimization method: Nelder-Mead
2019-09-20 12:58:49,276 [MainThread  ][DEBUG]  Optimization options: None
2019-09-20 12:58:49,276 [MainThread  ][INFO ]  Initial parameter values: [-0.04395850462174962, 0.07347375311868998, 0.025744480710410467, 0.08413278302823701, 0, 1]
2019-09-20 12:59:52,239 [MainThread  ][INFO ]  Final fidelity: 0.9991478014437498
2019-09-20 12:59:52,240 [MainThread  ][INFO ]  Final parameters: [-1.58540396e+01  4.53546273e-03 -4.16691952e+00 -3.36139544e+01
  2.37165066e+00 -8.54857560e-01]
2019-09-20 12:59:52,240 [MainThread  ][INFO ]  Fidelity: 0.9991478014437498
2019-09-20 12:59:52,240 [MainThread  ][INFO ]  ---- Iteration 69/100
2019-09-20 12:59:52,241 [MainThread  ][DEBUG]  Regenerated CRAB frequencies: nuk=[-0.22267887  0.40949136]
2019-09-20 12:59:52,241 [MainThread  ][DEBUG]  Setting hyperparameter tf=1.405050505050505
2019-09-20 12:59:52,241 [MainThread  ][INFO ]  Starting optimization for tf=1.405050505050505
2019-09-20 12:59:52,241 [MainThread  ][DEBUG]  Optimization method: Nelder-Mead
2019-09-20 12:59:52,241 [MainThread  ][DEBUG]  Optimization options: None
2019-09-20 12:59:52,241 [MainThread  ][INFO ]  Initial parameter values: [-0.003949125914641541, 0.09860656054565589, 0.03564797282268595, 0.06126954366363685, 0, 1]
2019-09-20 13:00:23,181 [MainThread  ][INFO ]  Final fidelity: 0.99914199936077
2019-09-20 13:00:23,181 [MainThread  ][INFO ]  Final parameters: [  1.71497315 -14.85657834  -1.61618179   2.65142186   2.46176021
  -0.567157  ]
2019-09-20 13:00:23,181 [MainThread  ][INFO ]  Fidelity: 0.99914199936077
2019-09-20 13:00:23,181 [MainThread  ][INFO ]  ---- Iteration 70/100
2019-09-20 13:00:23,182 [MainThread  ][DEBUG]  Regenerated CRAB frequencies: nuk=[-0.1067616  -0.07514736]
2019-09-20 13:00:23,182 [MainThread  ][DEBUG]  Setting hyperparameter tf=1.4242424242424243
2019-09-20 13:00:23,182 [MainThread  ][INFO ]  Starting optimization for tf=1.4242424242424243
2019-09-20 13:00:23,182 [MainThread  ][DEBUG]  Optimization method: Nelder-Mead
2019-09-20 13:00:23,182 [MainThread  ][DEBUG]  Optimization options: None
2019-09-20 13:00:23,182 [MainThread  ][INFO ]  Initial parameter values: [0.07882947892392553, -0.0016881093548503506, -0.03808451525802386, 0.01479706531461858, 0, 1]
2019-09-20 13:01:20,013 [MainThread  ][INFO ]  Final fidelity: 0.9991691822540038
2019-09-20 13:01:20,014 [MainThread  ][INFO ]  Final parameters: [21.02774345  1.6757018   6.97908525 10.5196251   3.63099819 -0.87803933]
2019-09-20 13:01:20,014 [MainThread  ][INFO ]  Fidelity: 0.9991691822540038
2019-09-20 13:01:20,014 [MainThread  ][INFO ]  ---- Iteration 71/100
2019-09-20 13:01:20,015 [MainThread  ][DEBUG]  Regenerated CRAB frequencies: nuk=[-0.38261124 -0.0828662 ]
2019-09-20 13:01:20,015 [MainThread  ][DEBUG]  Setting hyperparameter tf=1.4434343434343435
2019-09-20 13:01:20,015 [MainThread  ][INFO ]  Starting optimization for tf=1.4434343434343435
2019-09-20 13:01:20,015 [MainThread  ][DEBUG]  Optimization method: Nelder-Mead
2019-09-20 13:01:20,015 [MainThread  ][DEBUG]  Optimization options: None
2019-09-20 13:01:20,015 [MainThread  ][INFO ]  Initial parameter values: [-0.011232058208996684, 0.036082370680878245, -0.05792826677508638, 0.03416846475314808, 0, 1]
2019-09-20 13:01:46,707 [MainThread  ][INFO ]  Final fidelity: 0.9991483096123588
2019-09-20 13:01:46,708 [MainThread  ][INFO ]  Final parameters: [ 2.0931423   0.38025498  2.7552956   2.41345104  2.45674517 -0.54395995]
2019-09-20 13:01:46,708 [MainThread  ][INFO ]  Fidelity: 0.9991483096123588
2019-09-20 13:01:46,708 [MainThread  ][INFO ]  ---- Iteration 72/100
2019-09-20 13:01:46,709 [MainThread  ][DEBUG]  Regenerated CRAB frequencies: nuk=[0.05436172 0.09408293]
2019-09-20 13:01:46,709 [MainThread  ][DEBUG]  Setting hyperparameter tf=1.4626262626262627
2019-09-20 13:01:46,709 [MainThread  ][INFO ]  Starting optimization for tf=1.4626262626262627
2019-09-20 13:01:46,709 [MainThread  ][DEBUG]  Optimization method: Nelder-Mead
2019-09-20 13:01:46,709 [MainThread  ][DEBUG]  Optimization options: None
2019-09-20 13:01:46,709 [MainThread  ][INFO ]  Initial parameter values: [-0.025779815977022835, 0.05068225264144205, 0.01948748338048467, 0.005438743701977861, 0, 1]
2019-09-20 13:02:14,681 [MainThread  ][INFO ]  Final fidelity: 0.9991547128855885
2019-09-20 13:02:14,682 [MainThread  ][INFO ]  Final parameters: [-2.27657494 -7.12625075 -1.60899872 -0.59109625  2.16517994 -0.4180083 ]
2019-09-20 13:02:14,682 [MainThread  ][INFO ]  Fidelity: 0.9991547128855885
2019-09-20 13:02:14,682 [MainThread  ][INFO ]  ---- Iteration 73/100
2019-09-20 13:02:14,682 [MainThread  ][DEBUG]  Regenerated CRAB frequencies: nuk=[0.46463144 0.2836259 ]
2019-09-20 13:02:14,682 [MainThread  ][DEBUG]  Setting hyperparameter tf=1.481818181818182
2019-09-20 13:02:14,683 [MainThread  ][INFO ]  Starting optimization for tf=1.481818181818182
2019-09-20 13:02:14,683 [MainThread  ][DEBUG]  Optimization method: Nelder-Mead
2019-09-20 13:02:14,683 [MainThread  ][DEBUG]  Optimization options: None
2019-09-20 13:02:14,683 [MainThread  ][INFO ]  Initial parameter values: [-0.04257587867927919, -0.00652261122436297, 0.006675738707644305, 0.005574324301617528, 0, 1]
2019-09-20 13:02:43,174 [MainThread  ][INFO ]  Final fidelity: 0.999153969799929
2019-09-20 13:02:43,175 [MainThread  ][INFO ]  Final parameters: [-0.18994237  0.80310518  0.53236683 -2.03403423  2.19577744 -0.43842716]
2019-09-20 13:02:43,175 [MainThread  ][INFO ]  Fidelity: 0.999153969799929
2019-09-20 13:02:43,175 [MainThread  ][INFO ]  ---- Iteration 74/100
2019-09-20 13:02:43,176 [MainThread  ][DEBUG]  Regenerated CRAB frequencies: nuk=[-0.39414991 -0.19041942]
2019-09-20 13:02:43,176 [MainThread  ][DEBUG]  Setting hyperparameter tf=1.501010101010101
2019-09-20 13:02:43,176 [MainThread  ][INFO ]  Starting optimization for tf=1.501010101010101
2019-09-20 13:02:43,176 [MainThread  ][DEBUG]  Optimization method: Nelder-Mead
2019-09-20 13:02:43,176 [MainThread  ][DEBUG]  Optimization options: None
2019-09-20 13:02:43,176 [MainThread  ][INFO ]  Initial parameter values: [-0.06318542737827122, 0.05583394392168073, -0.06088791663167488, -0.04486684734798035, 0, 1]
2019-09-20 13:03:37,830 [MainThread  ][INFO ]  Final fidelity: 0.999149066337638
2019-09-20 13:03:37,831 [MainThread  ][INFO ]  Final parameters: [ 0.95043722 17.51912907 11.63353395 -3.15902522  2.91016272 -0.88044616]
2019-09-20 13:03:37,831 [MainThread  ][INFO ]  Fidelity: 0.999149066337638
2019-09-20 13:03:37,831 [MainThread  ][INFO ]  ---- Iteration 75/100
2019-09-20 13:03:37,831 [MainThread  ][DEBUG]  Regenerated CRAB frequencies: nuk=[-0.08232676  0.30671676]
2019-09-20 13:03:37,831 [MainThread  ][DEBUG]  Setting hyperparameter tf=1.52020202020202
2019-09-20 13:03:37,831 [MainThread  ][INFO ]  Starting optimization for tf=1.52020202020202
2019-09-20 13:03:37,831 [MainThread  ][DEBUG]  Optimization method: Nelder-Mead
2019-09-20 13:03:37,831 [MainThread  ][DEBUG]  Optimization options: None
2019-09-20 13:03:37,831 [MainThread  ][INFO ]  Initial parameter values: [0.08366157165675817, -0.04246314751974037, -0.0847063007742889, 0.07768401967482058, 0, 1]
2019-09-20 13:04:51,404 [MainThread  ][INFO ]  Final fidelity: 0.9934535170131469
2019-09-20 13:04:51,405 [MainThread  ][INFO ]  Final parameters: [ 0.27443588 46.22657003 -5.09861691 -1.35760257  1.84031718 -0.15219092]
2019-09-20 13:04:51,405 [MainThread  ][INFO ]  Fidelity: 0.9934535170131469
2019-09-20 13:04:51,405 [MainThread  ][INFO ]  ---- Iteration 76/100
2019-09-20 13:04:51,406 [MainThread  ][DEBUG]  Regenerated CRAB frequencies: nuk=[-0.20163391 -0.43605824]
2019-09-20 13:04:51,406 [MainThread  ][DEBUG]  Setting hyperparameter tf=1.5393939393939393
2019-09-20 13:04:51,406 [MainThread  ][INFO ]  Starting optimization for tf=1.5393939393939393
2019-09-20 13:04:51,406 [MainThread  ][DEBUG]  Optimization method: Nelder-Mead
2019-09-20 13:04:51,406 [MainThread  ][DEBUG]  Optimization options: None
2019-09-20 13:04:51,406 [MainThread  ][INFO ]  Initial parameter values: [0.08949474047653697, -0.006455765866437216, 0.09436392574333449, 0.04465058853545817, 0, 1]
2019-09-20 13:05:23,621 [MainThread  ][INFO ]  Final fidelity: 0.9989285521337217
2019-09-20 13:05:23,622 [MainThread  ][INFO ]  Final parameters: [ -3.55220016  -1.73204198 -27.35220932  -5.70428018   2.07676074
   1.70368259]
2019-09-20 13:05:23,622 [MainThread  ][INFO ]  Fidelity: 0.9989285521337217
2019-09-20 13:05:23,622 [MainThread  ][INFO ]  ---- Iteration 77/100
2019-09-20 13:05:23,622 [MainThread  ][DEBUG]  Regenerated CRAB frequencies: nuk=[0.05929809 0.20449302]
2019-09-20 13:05:23,622 [MainThread  ][DEBUG]  Setting hyperparameter tf=1.5585858585858585
2019-09-20 13:05:23,622 [MainThread  ][INFO ]  Starting optimization for tf=1.5585858585858585
2019-09-20 13:05:23,622 [MainThread  ][DEBUG]  Optimization method: Nelder-Mead
2019-09-20 13:05:23,622 [MainThread  ][DEBUG]  Optimization options: None
2019-09-20 13:05:23,623 [MainThread  ][INFO ]  Initial parameter values: [0.0035710114938322796, -0.053621347487493365, 0.07151778800905315, 0.08522515745506631, 0, 1]
2019-09-20 13:05:55,563 [MainThread  ][INFO ]  Final fidelity: 0.9991345932986493
2019-09-20 13:05:55,564 [MainThread  ][INFO ]  Final parameters: [ 0.52389889 20.19605045 13.24354328 -3.79333075  1.979178   -0.52303078]
2019-09-20 13:05:55,564 [MainThread  ][INFO ]  Fidelity: 0.9991345932986493
2019-09-20 13:05:55,564 [MainThread  ][INFO ]  ---- Iteration 78/100
2019-09-20 13:05:55,564 [MainThread  ][DEBUG]  Regenerated CRAB frequencies: nuk=[-0.49987741 -0.42808748]
2019-09-20 13:05:55,564 [MainThread  ][DEBUG]  Setting hyperparameter tf=1.5777777777777777
2019-09-20 13:05:55,564 [MainThread  ][INFO ]  Starting optimization for tf=1.5777777777777777
2019-09-20 13:05:55,564 [MainThread  ][DEBUG]  Optimization method: Nelder-Mead
2019-09-20 13:05:55,564 [MainThread  ][DEBUG]  Optimization options: None
2019-09-20 13:05:55,565 [MainThread  ][INFO ]  Initial parameter values: [-0.06247329093363965, 0.07812111186377432, -0.0051803431472706996, -0.06254766560706415, 0, 1]
2019-09-20 13:06:55,512 [MainThread  ][INFO ]  Final fidelity: 0.9991926775071981
2019-09-20 13:06:55,513 [MainThread  ][INFO ]  Final parameters: [17.95879564  3.67502094  1.04817667  6.71720797  3.97879996 -0.05400274]
2019-09-20 13:06:55,513 [MainThread  ][INFO ]  Fidelity: 0.9991926775071981
2019-09-20 13:06:55,513 [MainThread  ][INFO ]  ---- Iteration 79/100
2019-09-20 13:06:55,514 [MainThread  ][DEBUG]  Regenerated CRAB frequencies: nuk=[ 0.03634741 -0.32661462]
2019-09-20 13:06:55,514 [MainThread  ][DEBUG]  Setting hyperparameter tf=1.596969696969697
2019-09-20 13:06:55,514 [MainThread  ][INFO ]  Starting optimization for tf=1.596969696969697
2019-09-20 13:06:55,514 [MainThread  ][DEBUG]  Optimization method: Nelder-Mead
2019-09-20 13:06:55,514 [MainThread  ][DEBUG]  Optimization options: None
2019-09-20 13:06:55,515 [MainThread  ][INFO ]  Initial parameter values: [-0.09325834647132569, -0.00434858835139007, -0.091625116593132, 0.07776053499888377, 0, 1]
2019-09-20 13:07:26,752 [MainThread  ][INFO ]  Final fidelity: 0.9991242648404707
2019-09-20 13:07:26,753 [MainThread  ][INFO ]  Final parameters: [ 6.52257687  0.56060654  2.33020813 31.11219681  1.55693475 -0.25003096]
2019-09-20 13:07:26,753 [MainThread  ][INFO ]  Fidelity: 0.9991242648404707
2019-09-20 13:07:26,753 [MainThread  ][INFO ]  ---- Iteration 80/100
2019-09-20 13:07:26,754 [MainThread  ][DEBUG]  Regenerated CRAB frequencies: nuk=[-0.12762151 -0.3622391 ]
2019-09-20 13:07:26,754 [MainThread  ][DEBUG]  Setting hyperparameter tf=1.6161616161616161
2019-09-20 13:07:26,754 [MainThread  ][INFO ]  Starting optimization for tf=1.6161616161616161
2019-09-20 13:07:26,754 [MainThread  ][DEBUG]  Optimization method: Nelder-Mead
2019-09-20 13:07:26,754 [MainThread  ][DEBUG]  Optimization options: None
2019-09-20 13:07:26,754 [MainThread  ][INFO ]  Initial parameter values: [-0.04149474062211689, -0.09692271171731798, 0.08346876924442742, -0.014555449400181053, 0, 1]
2019-09-20 13:07:59,427 [MainThread  ][INFO ]  Final fidelity: 0.999078420997025
2019-09-20 13:07:59,428 [MainThread  ][INFO ]  Final parameters: [  0.95505835 -43.44804423  10.30501019   3.09414762   1.23146274
   0.38714509]
2019-09-20 13:07:59,428 [MainThread  ][INFO ]  Fidelity: 0.999078420997025
2019-09-20 13:07:59,428 [MainThread  ][INFO ]  ---- Iteration 81/100
2019-09-20 13:07:59,429 [MainThread  ][DEBUG]  Regenerated CRAB frequencies: nuk=[ 0.32044387 -0.02175482]
2019-09-20 13:07:59,429 [MainThread  ][DEBUG]  Setting hyperparameter tf=1.6353535353535353
2019-09-20 13:07:59,429 [MainThread  ][INFO ]  Starting optimization for tf=1.6353535353535353
2019-09-20 13:07:59,429 [MainThread  ][DEBUG]  Optimization method: Nelder-Mead
2019-09-20 13:07:59,429 [MainThread  ][DEBUG]  Optimization options: None
2019-09-20 13:07:59,429 [MainThread  ][INFO ]  Initial parameter values: [-0.00929341937993744, -0.05225530458417618, 0.02491782437854398, -0.03981177931051503, 0, 1]
2019-09-20 13:09:00,021 [MainThread  ][INFO ]  Final fidelity: 0.9991550193466272
2019-09-20 13:09:00,022 [MainThread  ][INFO ]  Final parameters: [ -0.03909912  19.26977323  -2.37646653 -19.93485213   2.15469631
  -0.26332009]
2019-09-20 13:09:00,022 [MainThread  ][INFO ]  Fidelity: 0.9991550193466272
2019-09-20 13:09:00,022 [MainThread  ][INFO ]  ---- Iteration 82/100
2019-09-20 13:09:00,023 [MainThread  ][DEBUG]  Regenerated CRAB frequencies: nuk=[-0.15385421  0.33809367]
2019-09-20 13:09:00,023 [MainThread  ][DEBUG]  Setting hyperparameter tf=1.6545454545454545
2019-09-20 13:09:00,023 [MainThread  ][INFO ]  Starting optimization for tf=1.6545454545454545
2019-09-20 13:09:00,023 [MainThread  ][DEBUG]  Optimization method: Nelder-Mead
2019-09-20 13:09:00,023 [MainThread  ][DEBUG]  Optimization options: None
2019-09-20 13:09:00,023 [MainThread  ][INFO ]  Initial parameter values: [-0.05952989922844718, 0.06438367541386344, -0.0996555550752172, 0.08884810459350947, 0, 1]
2019-09-20 13:10:20,903 [MainThread  ][INFO ]  Final fidelity: 0.9715802345029924
2019-09-20 13:10:20,903 [MainThread  ][INFO ]  Final parameters: [-21.9563899  -47.08634565  -5.30581781 -59.1223216    0.56675404
   0.57973507]
2019-09-20 13:10:20,903 [MainThread  ][INFO ]  Fidelity: 0.9715802345029924
2019-09-20 13:10:20,903 [MainThread  ][INFO ]  ---- Iteration 83/100
2019-09-20 13:10:20,904 [MainThread  ][DEBUG]  Regenerated CRAB frequencies: nuk=[-0.32170209  0.1684904 ]
2019-09-20 13:10:20,904 [MainThread  ][DEBUG]  Setting hyperparameter tf=1.6737373737373737
2019-09-20 13:10:20,904 [MainThread  ][INFO ]  Starting optimization for tf=1.6737373737373737
2019-09-20 13:10:20,904 [MainThread  ][DEBUG]  Optimization method: Nelder-Mead
2019-09-20 13:10:20,904 [MainThread  ][DEBUG]  Optimization options: None
2019-09-20 13:10:20,904 [MainThread  ][INFO ]  Initial parameter values: [-0.01826359651040639, 0.057141789382654185, 0.012609629521398213, 0.008161070458117162, 0, 1]
2019-09-20 13:10:49,922 [MainThread  ][INFO ]  Final fidelity: 0.9992185452638818
2019-09-20 13:10:49,923 [MainThread  ][INFO ]  Final parameters: [  0.49173082 -14.78527072   1.77006039   4.68783498   1.75558841
  -0.0843315 ]
2019-09-20 13:10:49,923 [MainThread  ][INFO ]  Fidelity: 0.9992185452638818
2019-09-20 13:10:49,923 [MainThread  ][INFO ]  ---- Iteration 84/100
2019-09-20 13:10:49,924 [MainThread  ][DEBUG]  Regenerated CRAB frequencies: nuk=[-0.17665585  0.1720013 ]
2019-09-20 13:10:49,924 [MainThread  ][DEBUG]  Setting hyperparameter tf=1.692929292929293
2019-09-20 13:10:49,924 [MainThread  ][INFO ]  Starting optimization for tf=1.692929292929293
2019-09-20 13:10:49,924 [MainThread  ][DEBUG]  Optimization method: Nelder-Mead
2019-09-20 13:10:49,924 [MainThread  ][DEBUG]  Optimization options: None
2019-09-20 13:10:49,924 [MainThread  ][INFO ]  Initial parameter values: [0.0426583923176887, 0.08151516641983142, -0.017659530478883176, -0.059670190675643345, 0, 1]
2019-09-20 13:11:22,091 [MainThread  ][INFO ]  Final fidelity: 0.9992105135097951
2019-09-20 13:11:22,092 [MainThread  ][INFO ]  Final parameters: [ 1.26499961e+00 -4.20687056e+01  1.67652122e+00  1.07212948e+01
  1.67120502e+00  3.34379965e-02]
2019-09-20 13:11:22,092 [MainThread  ][INFO ]  Fidelity: 0.9992105135097951
2019-09-20 13:11:22,092 [MainThread  ][INFO ]  ---- Iteration 85/100
2019-09-20 13:11:22,093 [MainThread  ][DEBUG]  Regenerated CRAB frequencies: nuk=[0.44676794 0.07488345]
2019-09-20 13:11:22,093 [MainThread  ][DEBUG]  Setting hyperparameter tf=1.7121212121212122
2019-09-20 13:11:22,093 [MainThread  ][INFO ]  Starting optimization for tf=1.7121212121212122
2019-09-20 13:11:22,093 [MainThread  ][DEBUG]  Optimization method: Nelder-Mead
2019-09-20 13:11:22,093 [MainThread  ][DEBUG]  Optimization options: None
2019-09-20 13:11:22,093 [MainThread  ][INFO ]  Initial parameter values: [-0.04463121514200186, 0.09973764217289369, 0.018048039073679578, -0.0976970115417524, 0, 1]
2019-09-20 13:12:40,618 [MainThread  ][INFO ]  Final fidelity: 0.9991271414942346
2019-09-20 13:12:40,619 [MainThread  ][INFO ]  Final parameters: [24.99903954  2.45088052 37.02958058 54.10171509  0.94927298  0.29891314]
2019-09-20 13:12:40,619 [MainThread  ][INFO ]  Fidelity: 0.9991271414942346
2019-09-20 13:12:40,619 [MainThread  ][INFO ]  ---- Iteration 86/100
2019-09-20 13:12:40,620 [MainThread  ][DEBUG]  Regenerated CRAB frequencies: nuk=[-0.08231342  0.25060591]
2019-09-20 13:12:40,620 [MainThread  ][DEBUG]  Setting hyperparameter tf=1.7313131313131314
2019-09-20 13:12:40,620 [MainThread  ][INFO ]  Starting optimization for tf=1.7313131313131314
2019-09-20 13:12:40,620 [MainThread  ][DEBUG]  Optimization method: Nelder-Mead
2019-09-20 13:12:40,620 [MainThread  ][DEBUG]  Optimization options: None
2019-09-20 13:12:40,620 [MainThread  ][INFO ]  Initial parameter values: [-0.09815849156038137, 0.03374583585083918, 0.021632555459825897, -0.0378556856798767, 0, 1]
2019-09-20 13:13:11,298 [MainThread  ][INFO ]  Final fidelity: 0.9992179687403361
2019-09-20 13:13:11,299 [MainThread  ][INFO ]  Final parameters: [ 3.15185619  2.26303222 -7.43283293 -7.8178857   2.04763733  0.07884282]
2019-09-20 13:13:11,299 [MainThread  ][INFO ]  Fidelity: 0.9992179687403361
2019-09-20 13:13:11,299 [MainThread  ][INFO ]  ---- Iteration 87/100
2019-09-20 13:13:11,299 [MainThread  ][DEBUG]  Regenerated CRAB frequencies: nuk=[-0.30407881 -0.31304033]
2019-09-20 13:13:11,299 [MainThread  ][DEBUG]  Setting hyperparameter tf=1.7505050505050506
2019-09-20 13:13:11,299 [MainThread  ][INFO ]  Starting optimization for tf=1.7505050505050506
2019-09-20 13:13:11,299 [MainThread  ][DEBUG]  Optimization method: Nelder-Mead
2019-09-20 13:13:11,299 [MainThread  ][DEBUG]  Optimization options: None
2019-09-20 13:13:11,300 [MainThread  ][INFO ]  Initial parameter values: [0.08533818510082566, -0.017782386979326728, -0.07122042129131859, -0.058166976315353794, 0, 1]
2019-09-20 13:13:43,901 [MainThread  ][INFO ]  Final fidelity: 0.9992008922459685
2019-09-20 13:13:43,901 [MainThread  ][INFO ]  Final parameters: [-28.01617175   5.99109936  15.85668295 -16.71232059   1.11227132
  -0.25751374]
2019-09-20 13:13:43,902 [MainThread  ][INFO ]  Fidelity: 0.9992008922459685
2019-09-20 13:13:43,902 [MainThread  ][INFO ]  ---- Iteration 88/100
2019-09-20 13:13:43,902 [MainThread  ][DEBUG]  Regenerated CRAB frequencies: nuk=[-0.16830574  0.23637042]
2019-09-20 13:13:43,902 [MainThread  ][DEBUG]  Setting hyperparameter tf=1.7696969696969698
2019-09-20 13:13:43,902 [MainThread  ][INFO ]  Starting optimization for tf=1.7696969696969698
2019-09-20 13:13:43,902 [MainThread  ][DEBUG]  Optimization method: Nelder-Mead
2019-09-20 13:13:43,902 [MainThread  ][DEBUG]  Optimization options: None
2019-09-20 13:13:43,902 [MainThread  ][INFO ]  Initial parameter values: [-0.08322044032391684, 0.03647726144011487, -0.05788121565010773, -0.02535400925637281, 0, 1]
2019-09-20 13:14:12,371 [MainThread  ][INFO ]  Final fidelity: 0.9992163309113965
2019-09-20 13:14:12,372 [MainThread  ][INFO ]  Final parameters: [-2.76273051 -5.2348447   5.95875779 -2.77998399  1.44386008 -0.04704063]
2019-09-20 13:14:12,372 [MainThread  ][INFO ]  Fidelity: 0.9992163309113965
2019-09-20 13:14:12,372 [MainThread  ][INFO ]  ---- Iteration 89/100
2019-09-20 13:14:12,372 [MainThread  ][DEBUG]  Regenerated CRAB frequencies: nuk=[-0.41815817  0.4829992 ]
2019-09-20 13:14:12,372 [MainThread  ][DEBUG]  Setting hyperparameter tf=1.7888888888888888
2019-09-20 13:14:12,372 [MainThread  ][INFO ]  Starting optimization for tf=1.7888888888888888
2019-09-20 13:14:12,372 [MainThread  ][DEBUG]  Optimization method: Nelder-Mead
2019-09-20 13:14:12,372 [MainThread  ][DEBUG]  Optimization options: None
2019-09-20 13:14:12,372 [MainThread  ][INFO ]  Initial parameter values: [0.05674943847764019, -0.049092858800948824, -0.019511831742597158, -0.029159785157990933, 0, 1]
2019-09-20 13:14:42,067 [MainThread  ][INFO ]  Final fidelity: 0.9991998391748327
2019-09-20 13:14:42,068 [MainThread  ][INFO ]  Final parameters: [-18.66408069   3.0526316    5.16459467  -1.41360668   0.97365645
  -0.07394421]
2019-09-20 13:14:42,068 [MainThread  ][INFO ]  Fidelity: 0.9991998391748327
2019-09-20 13:14:42,068 [MainThread  ][INFO ]  ---- Iteration 90/100
2019-09-20 13:14:42,069 [MainThread  ][DEBUG]  Regenerated CRAB frequencies: nuk=[-0.2749003   0.31584913]
2019-09-20 13:14:42,069 [MainThread  ][DEBUG]  Setting hyperparameter tf=1.808080808080808
2019-09-20 13:14:42,069 [MainThread  ][INFO ]  Starting optimization for tf=1.808080808080808
2019-09-20 13:14:42,069 [MainThread  ][DEBUG]  Optimization method: Nelder-Mead
2019-09-20 13:14:42,069 [MainThread  ][DEBUG]  Optimization options: None
2019-09-20 13:14:42,069 [MainThread  ][INFO ]  Initial parameter values: [-0.012901635915091594, -0.014105549270011536, -0.043081883670699254, 0.008177038752101434, 0, 1]
2019-09-20 13:15:11,237 [MainThread  ][INFO ]  Final fidelity: 0.999237316862836
2019-09-20 13:15:11,238 [MainThread  ][INFO ]  Final parameters: [-0.5693229  -2.6076331   6.15623821 -1.7086857   1.58069347 -0.07582866]
2019-09-20 13:15:11,238 [MainThread  ][INFO ]  Fidelity: 0.999237316862836
2019-09-20 13:15:11,238 [MainThread  ][INFO ]  ---- Iteration 91/100
2019-09-20 13:15:11,238 [MainThread  ][DEBUG]  Regenerated CRAB frequencies: nuk=[-0.0427842   0.23309435]
2019-09-20 13:15:11,238 [MainThread  ][DEBUG]  Setting hyperparameter tf=1.8272727272727272
2019-09-20 13:15:11,238 [MainThread  ][INFO ]  Starting optimization for tf=1.8272727272727272
2019-09-20 13:15:11,238 [MainThread  ][DEBUG]  Optimization method: Nelder-Mead
2019-09-20 13:15:11,238 [MainThread  ][DEBUG]  Optimization options: None
2019-09-20 13:15:11,238 [MainThread  ][INFO ]  Initial parameter values: [-0.02640655784656827, -0.06796312196534099, 0.024060619787374504, 0.030386362677555623, 0, 1]
2019-09-20 13:15:43,495 [MainThread  ][INFO ]  Final fidelity: 0.9992294010756241
2019-09-20 13:15:43,496 [MainThread  ][INFO ]  Final parameters: [  4.96940982 -16.16887747  -7.92654382  14.57099489   1.96730054
   0.26055764]
2019-09-20 13:15:43,496 [MainThread  ][INFO ]  Fidelity: 0.9992294010756241
2019-09-20 13:15:43,496 [MainThread  ][INFO ]  ---- Iteration 92/100
2019-09-20 13:15:43,496 [MainThread  ][DEBUG]  Regenerated CRAB frequencies: nuk=[0.26466022 0.37130415]
2019-09-20 13:15:43,497 [MainThread  ][DEBUG]  Setting hyperparameter tf=1.8464646464646464
2019-09-20 13:15:43,497 [MainThread  ][INFO ]  Starting optimization for tf=1.8464646464646464
2019-09-20 13:15:43,497 [MainThread  ][DEBUG]  Optimization method: Nelder-Mead
2019-09-20 13:15:43,497 [MainThread  ][DEBUG]  Optimization options: None
2019-09-20 13:15:43,497 [MainThread  ][INFO ]  Initial parameter values: [-0.01816137686846586, -0.06827378925540442, -0.05487000714508781, 0.039583518808684104, 0, 1]
2019-09-20 13:16:16,883 [MainThread  ][INFO ]  Final fidelity: 0.999172534937796
2019-09-20 13:16:16,884 [MainThread  ][INFO ]  Final parameters: [  4.41285826 -16.5965632   15.08364175  -9.37790484   1.20123504
   0.15779653]
2019-09-20 13:16:16,885 [MainThread  ][INFO ]  Fidelity: 0.999172534937796
2019-09-20 13:16:16,885 [MainThread  ][INFO ]  ---- Iteration 93/100
2019-09-20 13:16:16,885 [MainThread  ][DEBUG]  Regenerated CRAB frequencies: nuk=[-0.09553716 -0.28253907]
2019-09-20 13:16:16,885 [MainThread  ][DEBUG]  Setting hyperparameter tf=1.8656565656565656
2019-09-20 13:16:16,886 [MainThread  ][INFO ]  Starting optimization for tf=1.8656565656565656
2019-09-20 13:16:16,886 [MainThread  ][DEBUG]  Optimization method: Nelder-Mead
2019-09-20 13:16:16,886 [MainThread  ][DEBUG]  Optimization options: None
2019-09-20 13:16:16,886 [MainThread  ][INFO ]  Initial parameter values: [-0.04603174509577501, 0.021696361901140396, -0.006355764658171739, 0.09440165866105493, 0, 1]
2019-09-20 13:16:50,871 [MainThread  ][INFO ]  Final fidelity: 0.9991190499586389
2019-09-20 13:16:50,872 [MainThread  ][INFO ]  Final parameters: [-3.10804289 -4.94274769  6.73256071 24.58720932  0.75025808  0.5949396 ]
2019-09-20 13:16:50,872 [MainThread  ][INFO ]  Fidelity: 0.9991190499586389
2019-09-20 13:16:50,872 [MainThread  ][INFO ]  ---- Iteration 94/100
2019-09-20 13:16:50,872 [MainThread  ][DEBUG]  Regenerated CRAB frequencies: nuk=[-0.38547179  0.45880102]
2019-09-20 13:16:50,872 [MainThread  ][DEBUG]  Setting hyperparameter tf=1.8848484848484848
2019-09-20 13:16:50,872 [MainThread  ][INFO ]  Starting optimization for tf=1.8848484848484848
2019-09-20 13:16:50,872 [MainThread  ][DEBUG]  Optimization method: Nelder-Mead
2019-09-20 13:16:50,872 [MainThread  ][DEBUG]  Optimization options: None
2019-09-20 13:16:50,873 [MainThread  ][INFO ]  Initial parameter values: [0.06669429519933781, 0.08352540292590466, 0.08951231435022583, -0.06035249240210492, 0, 1]
2019-09-20 13:17:26,594 [MainThread  ][INFO ]  Final fidelity: 0.999143136766258
2019-09-20 13:17:26,595 [MainThread  ][INFO ]  Final parameters: [-52.37012522   2.27955052  50.60802907 -14.09845487   0.69082528
  -0.18836768]
2019-09-20 13:17:26,595 [MainThread  ][INFO ]  Fidelity: 0.999143136766258
2019-09-20 13:17:26,595 [MainThread  ][INFO ]  ---- Iteration 95/100
2019-09-20 13:17:26,596 [MainThread  ][DEBUG]  Regenerated CRAB frequencies: nuk=[-0.13424653 -0.23111051]
2019-09-20 13:17:26,596 [MainThread  ][DEBUG]  Setting hyperparameter tf=1.904040404040404
2019-09-20 13:17:26,596 [MainThread  ][INFO ]  Starting optimization for tf=1.904040404040404
2019-09-20 13:17:26,596 [MainThread  ][DEBUG]  Optimization method: Nelder-Mead
2019-09-20 13:17:26,596 [MainThread  ][DEBUG]  Optimization options: None
2019-09-20 13:17:26,596 [MainThread  ][INFO ]  Initial parameter values: [0.0042734467258779, 0.04729078710885759, 0.011153853335326924, -0.003957968436817422, 0, 1]
2019-09-20 13:17:57,541 [MainThread  ][INFO ]  Final fidelity: 0.9992265012722379
2019-09-20 13:17:57,542 [MainThread  ][INFO ]  Final parameters: [  3.87274901  11.29040825 -10.16322138   2.34567259   1.80590692
   0.53927343]
2019-09-20 13:17:57,542 [MainThread  ][INFO ]  Fidelity: 0.9992265012722379
2019-09-20 13:17:57,542 [MainThread  ][INFO ]  ---- Iteration 96/100
2019-09-20 13:17:57,542 [MainThread  ][DEBUG]  Regenerated CRAB frequencies: nuk=[ 0.09020346 -0.26222811]
2019-09-20 13:17:57,543 [MainThread  ][DEBUG]  Setting hyperparameter tf=1.9232323232323232
2019-09-20 13:17:57,543 [MainThread  ][INFO ]  Starting optimization for tf=1.9232323232323232
2019-09-20 13:17:57,543 [MainThread  ][DEBUG]  Optimization method: Nelder-Mead
2019-09-20 13:17:57,543 [MainThread  ][DEBUG]  Optimization options: None
2019-09-20 13:17:57,543 [MainThread  ][INFO ]  Initial parameter values: [0.05949870560710316, 0.013598015065194605, 0.04646095075863324, 0.015192248371926939, 0, 1]
2019-09-20 13:18:26,486 [MainThread  ][INFO ]  Final fidelity: 0.999129450941306
2019-09-20 13:18:26,487 [MainThread  ][INFO ]  Final parameters: [-11.96335328   1.98747774  -9.18426677  -0.97190939   1.28352281
   0.82871982]
2019-09-20 13:18:26,487 [MainThread  ][INFO ]  Fidelity: 0.999129450941306
2019-09-20 13:18:26,487 [MainThread  ][INFO ]  ---- Iteration 97/100
2019-09-20 13:18:26,488 [MainThread  ][DEBUG]  Regenerated CRAB frequencies: nuk=[ 0.2460851  -0.10809508]
2019-09-20 13:18:26,488 [MainThread  ][DEBUG]  Setting hyperparameter tf=1.9424242424242424
2019-09-20 13:18:26,488 [MainThread  ][INFO ]  Starting optimization for tf=1.9424242424242424
2019-09-20 13:18:26,488 [MainThread  ][DEBUG]  Optimization method: Nelder-Mead
2019-09-20 13:18:26,488 [MainThread  ][DEBUG]  Optimization options: None
2019-09-20 13:18:26,488 [MainThread  ][INFO ]  Initial parameter values: [0.017072734472274836, 0.0740602131613918, 0.08762553768979711, 0.008399286101336376, 0, 1]
2019-09-20 13:19:03,776 [MainThread  ][INFO ]  Final fidelity: 0.9990787196626776
2019-09-20 13:19:03,776 [MainThread  ][INFO ]  Final parameters: [12.41090174 13.570595   17.45551279 -9.25822141  1.37881978 -0.13699271]
2019-09-20 13:19:03,776 [MainThread  ][INFO ]  Fidelity: 0.9990787196626776
2019-09-20 13:19:03,777 [MainThread  ][INFO ]  ---- Iteration 98/100
2019-09-20 13:19:03,777 [MainThread  ][DEBUG]  Regenerated CRAB frequencies: nuk=[0.10792448 0.1604346 ]
2019-09-20 13:19:03,777 [MainThread  ][DEBUG]  Setting hyperparameter tf=1.9616161616161616
2019-09-20 13:19:03,777 [MainThread  ][INFO ]  Starting optimization for tf=1.9616161616161616
2019-09-20 13:19:03,777 [MainThread  ][DEBUG]  Optimization method: Nelder-Mead
2019-09-20 13:19:03,777 [MainThread  ][DEBUG]  Optimization options: None
2019-09-20 13:19:03,777 [MainThread  ][INFO ]  Initial parameter values: [0.09523461313872181, -0.09021973579893323, 0.09014733096037428, 0.024817303379536873, 0, 1]
2019-09-20 13:19:58,648 [MainThread  ][INFO ]  Final fidelity: 0.99921452469759
2019-09-20 13:19:58,649 [MainThread  ][INFO ]  Final parameters: [  6.6709876  -12.65569114  14.54402192  -0.44504938   1.17783977
   0.055528  ]
2019-09-20 13:19:58,649 [MainThread  ][INFO ]  Fidelity: 0.99921452469759
2019-09-20 13:19:58,649 [MainThread  ][INFO ]  ---- Iteration 99/100
2019-09-20 13:19:58,649 [MainThread  ][DEBUG]  Regenerated CRAB frequencies: nuk=[0.1683678  0.18438353]
2019-09-20 13:19:58,649 [MainThread  ][DEBUG]  Setting hyperparameter tf=1.9808080808080808
2019-09-20 13:19:58,649 [MainThread  ][INFO ]  Starting optimization for tf=1.9808080808080808
2019-09-20 13:19:58,649 [MainThread  ][DEBUG]  Optimization method: Nelder-Mead
2019-09-20 13:19:58,649 [MainThread  ][DEBUG]  Optimization options: None
2019-09-20 13:19:58,649 [MainThread  ][INFO ]  Initial parameter values: [0.012107464050915312, 0.05700650632239335, -0.0635552856835215, 0.06753264943729587, 0, 1]
2019-09-20 13:20:31,453 [MainThread  ][INFO ]  Final fidelity: 0.9991172219818407
2019-09-20 13:20:31,454 [MainThread  ][INFO ]  Final parameters: [  2.28702616  22.8460502   23.96007824 -17.53371262   0.88962489
   0.21176784]
2019-09-20 13:20:31,454 [MainThread  ][INFO ]  Fidelity: 0.9991172219818407
2019-09-20 13:20:31,454 [MainThread  ][INFO ]  ---- Iteration 100/100
2019-09-20 13:20:31,455 [MainThread  ][DEBUG]  Regenerated CRAB frequencies: nuk=[ 0.48612002 -0.10814423]
2019-09-20 13:20:31,455 [MainThread  ][DEBUG]  Setting hyperparameter tf=2.0
2019-09-20 13:20:31,455 [MainThread  ][INFO ]  Starting optimization for tf=2.0
2019-09-20 13:20:31,455 [MainThread  ][DEBUG]  Optimization method: Nelder-Mead
2019-09-20 13:20:31,455 [MainThread  ][DEBUG]  Optimization options: None
2019-09-20 13:20:31,455 [MainThread  ][INFO ]  Initial parameter values: [-0.013357833521388529, -0.05891771586857797, -0.023807370921586107, 0.033889236669445016, 0, 1]
2019-09-20 13:21:04,743 [MainThread  ][INFO ]  Final fidelity: 0.9992781000341819
2019-09-20 13:21:04,743 [MainThread  ][INFO ]  Final parameters: [-0.93133033 -5.87374792  6.11573115 -2.28792069  1.15973684  0.39511663]
2019-09-20 13:21:04,744 [MainThread  ][INFO ]  Fidelity: 0.9992781000341819
