2019-09-19 21:36:56,247 [MainThread  ][INFO ]  Output file name will be "lmg_crab_neldermead_bound02.csv"
2019-09-19 21:36:56,276 [MainThread  ][INFO ]  Using custom protocol ansatz.
2019-09-19 21:36:56,276 [MainThread  ][INFO ]  Using parameters constraints: [[-200, 200], [-200, 200], [-200, 200], [-200, 200], [-200, 200], [-200, 200]]
2019-09-19 21:36:56,276 [MainThread  ][INFO ]  Using total height constraint: [-2, 2]
2019-09-19 21:36:56,276 [MainThread  ][INFO ]  ---- Iteration 1/100
2019-09-19 21:36:56,277 [MainThread  ][DEBUG]  Regenerated CRAB frequencies: nuk=[0.26384878 0.18611539]
2019-09-19 21:36:56,277 [MainThread  ][DEBUG]  Setting hyperparameter tf=0.1
2019-09-19 21:36:56,277 [MainThread  ][INFO ]  Starting optimization for tf=0.1
2019-09-19 21:36:56,277 [MainThread  ][DEBUG]  Optimization method: Nelder-Mead
2019-09-19 21:36:56,277 [MainThread  ][DEBUG]  Optimization options: None
2019-09-19 21:36:56,277 [MainThread  ][INFO ]  Initial parameter values: [-0.06008241678042128, -0.002163505027922577, -0.016288350920724295, -0.0795197444281906, 0, 1]
2019-09-19 21:37:21,455 [MainThread  ][INFO ]  Final fidelity: 0.8104113441628663
2019-09-19 21:37:21,455 [MainThread  ][INFO ]  Final parameters: [-7.75662511  0.8032862   1.90871491  7.54670516  2.         -1.32053425]
2019-09-19 21:37:21,455 [MainThread  ][INFO ]  Fidelity: 0.8104113441628663
2019-09-19 21:37:21,455 [MainThread  ][INFO ]  ---- Iteration 2/100
2019-09-19 21:37:21,456 [MainThread  ][DEBUG]  Regenerated CRAB frequencies: nuk=[0.29124967 0.18501733]
2019-09-19 21:37:21,456 [MainThread  ][DEBUG]  Setting hyperparameter tf=0.1191919191919192
2019-09-19 21:37:21,456 [MainThread  ][INFO ]  Starting optimization for tf=0.1191919191919192
2019-09-19 21:37:21,456 [MainThread  ][DEBUG]  Optimization method: Nelder-Mead
2019-09-19 21:37:21,456 [MainThread  ][DEBUG]  Optimization options: None
2019-09-19 21:37:21,456 [MainThread  ][INFO ]  Initial parameter values: [0.07156258115884237, 0.055216141453052314, 0.0800171262331961, -0.04686530763162733, 0, 1]
2019-09-19 21:37:47,181 [MainThread  ][INFO ]  Final fidelity: 0.8112092784019548
2019-09-19 21:37:47,181 [MainThread  ][INFO ]  Final parameters: [-8.72941873 -4.44670142  8.98314818  4.43217778  2.         -1.31612207]
2019-09-19 21:37:47,181 [MainThread  ][INFO ]  Fidelity: 0.8112092784019548
2019-09-19 21:37:47,182 [MainThread  ][INFO ]  ---- Iteration 3/100
2019-09-19 21:37:47,182 [MainThread  ][DEBUG]  Regenerated CRAB frequencies: nuk=[ 0.01117731 -0.0355663 ]
2019-09-19 21:37:47,182 [MainThread  ][DEBUG]  Setting hyperparameter tf=0.1383838383838384
2019-09-19 21:37:47,182 [MainThread  ][INFO ]  Starting optimization for tf=0.1383838383838384
2019-09-19 21:37:47,182 [MainThread  ][DEBUG]  Optimization method: Nelder-Mead
2019-09-19 21:37:47,182 [MainThread  ][DEBUG]  Optimization options: None
2019-09-19 21:37:47,182 [MainThread  ][INFO ]  Initial parameter values: [-0.07331617026903543, -0.04676982509273486, 0.013816817430292547, 0.08894852086710539, 0, 1]
2019-09-19 21:38:13,370 [MainThread  ][INFO ]  Final fidelity: 0.8121456857537308
2019-09-19 21:38:13,371 [MainThread  ][INFO ]  Final parameters: [-13.62926286  -3.84550465  -6.38656746  -8.00106376   2.
  -1.31107233]
2019-09-19 21:38:13,371 [MainThread  ][INFO ]  Fidelity: 0.8121456857537308
2019-09-19 21:38:13,371 [MainThread  ][INFO ]  ---- Iteration 4/100
2019-09-19 21:38:13,371 [MainThread  ][DEBUG]  Regenerated CRAB frequencies: nuk=[-0.24286468 -0.04657419]
2019-09-19 21:38:13,371 [MainThread  ][DEBUG]  Setting hyperparameter tf=0.1575757575757576
2019-09-19 21:38:13,371 [MainThread  ][INFO ]  Starting optimization for tf=0.1575757575757576
2019-09-19 21:38:13,371 [MainThread  ][DEBUG]  Optimization method: Nelder-Mead
2019-09-19 21:38:13,371 [MainThread  ][DEBUG]  Optimization options: None
2019-09-19 21:38:13,371 [MainThread  ][INFO ]  Initial parameter values: [-0.07602691590756912, -0.06549747196523811, 0.0684581913267529, -0.05848206410929333, 0, 1]
2019-09-19 21:38:46,596 [MainThread  ][INFO ]  Final fidelity: 0.8132093845161403
2019-09-19 21:38:46,597 [MainThread  ][INFO ]  Final parameters: [-2.57987863  9.65784957  6.33396989  9.81380144  2.         -1.30644277]
2019-09-19 21:38:46,597 [MainThread  ][INFO ]  Fidelity: 0.8132093845161403
2019-09-19 21:38:46,597 [MainThread  ][INFO ]  ---- Iteration 5/100
2019-09-19 21:38:46,598 [MainThread  ][DEBUG]  Regenerated CRAB frequencies: nuk=[ 0.1476155  -0.24862151]
2019-09-19 21:38:46,598 [MainThread  ][DEBUG]  Setting hyperparameter tf=0.17676767676767677
2019-09-19 21:38:46,598 [MainThread  ][INFO ]  Starting optimization for tf=0.17676767676767677
2019-09-19 21:38:46,598 [MainThread  ][DEBUG]  Optimization method: Nelder-Mead
2019-09-19 21:38:46,598 [MainThread  ][DEBUG]  Optimization options: None
2019-09-19 21:38:46,598 [MainThread  ][INFO ]  Initial parameter values: [0.08803084038501283, -0.006524004627744315, -0.09372347274192397, -0.010704217879397099, 0, 1]
2019-09-19 21:39:19,749 [MainThread  ][INFO ]  Final fidelity: 0.814429932259593
2019-09-19 21:39:19,750 [MainThread  ][INFO ]  Final parameters: [-19.62351822  -1.40067974   2.00002421   4.38931982   2.
  -1.31182652]
2019-09-19 21:39:19,750 [MainThread  ][INFO ]  Fidelity: 0.814429932259593
2019-09-19 21:39:19,750 [MainThread  ][INFO ]  ---- Iteration 6/100
2019-09-19 21:39:19,751 [MainThread  ][DEBUG]  Regenerated CRAB frequencies: nuk=[ 0.12451062 -0.40801196]
2019-09-19 21:39:19,751 [MainThread  ][DEBUG]  Setting hyperparameter tf=0.19595959595959594
2019-09-19 21:39:19,751 [MainThread  ][INFO ]  Starting optimization for tf=0.19595959595959594
2019-09-19 21:39:19,751 [MainThread  ][DEBUG]  Optimization method: Nelder-Mead
2019-09-19 21:39:19,751 [MainThread  ][DEBUG]  Optimization options: None
2019-09-19 21:39:19,751 [MainThread  ][INFO ]  Initial parameter values: [-0.06001557322230951, 0.06721564162699453, 0.07563794842608626, 0.013196203038035287, 0, 1]
2019-09-19 21:39:45,884 [MainThread  ][INFO ]  Final fidelity: 0.8156925769997017
2019-09-19 21:39:45,884 [MainThread  ][INFO ]  Final parameters: [30.0054767  -1.06555637 13.44526122  1.12236215  1.99999999 -1.28885564]
2019-09-19 21:39:45,884 [MainThread  ][INFO ]  Fidelity: 0.8156925769997017
2019-09-19 21:39:45,885 [MainThread  ][INFO ]  ---- Iteration 7/100
2019-09-19 21:39:45,885 [MainThread  ][DEBUG]  Regenerated CRAB frequencies: nuk=[-0.22704932  0.12889292]
2019-09-19 21:39:45,885 [MainThread  ][DEBUG]  Setting hyperparameter tf=0.21515151515151515
2019-09-19 21:39:45,885 [MainThread  ][INFO ]  Starting optimization for tf=0.21515151515151515
2019-09-19 21:39:45,885 [MainThread  ][DEBUG]  Optimization method: Nelder-Mead
2019-09-19 21:39:45,885 [MainThread  ][DEBUG]  Optimization options: None
2019-09-19 21:39:45,885 [MainThread  ][INFO ]  Initial parameter values: [0.03486568829563333, -0.015844968487308583, 0.09929987421643344, -0.038409804305065756, 0, 1]
2019-09-19 21:40:11,168 [MainThread  ][INFO ]  Final fidelity: 0.8172261308087978
2019-09-19 21:40:11,169 [MainThread  ][INFO ]  Final parameters: [-4.28561882 -2.00901175 -7.61052247  3.23245623  1.99999995 -1.29605669]
2019-09-19 21:40:11,169 [MainThread  ][INFO ]  Fidelity: 0.8172261308087978
2019-09-19 21:40:11,169 [MainThread  ][INFO ]  ---- Iteration 8/100
2019-09-19 21:40:11,170 [MainThread  ][DEBUG]  Regenerated CRAB frequencies: nuk=[-0.46172303 -0.31850541]
2019-09-19 21:40:11,170 [MainThread  ][DEBUG]  Setting hyperparameter tf=0.23434343434343433
2019-09-19 21:40:11,170 [MainThread  ][INFO ]  Starting optimization for tf=0.23434343434343433
2019-09-19 21:40:11,170 [MainThread  ][DEBUG]  Optimization method: Nelder-Mead
2019-09-19 21:40:11,170 [MainThread  ][DEBUG]  Optimization options: None
2019-09-19 21:40:11,170 [MainThread  ][INFO ]  Initial parameter values: [-0.04828068412426574, -0.07870868382184537, 0.007384231580707806, 0.02472140093030857, 0, 1]
2019-09-19 21:40:40,488 [MainThread  ][INFO ]  Final fidelity: 0.8187606535349167
2019-09-19 21:40:40,489 [MainThread  ][INFO ]  Final parameters: [ 6.67757553  6.62646952 -1.43221233  0.11168023  2.         -1.28271331]
2019-09-19 21:40:40,489 [MainThread  ][INFO ]  Fidelity: 0.8187606535349167
2019-09-19 21:40:40,489 [MainThread  ][INFO ]  ---- Iteration 9/100
2019-09-19 21:40:40,490 [MainThread  ][DEBUG]  Regenerated CRAB frequencies: nuk=[-0.25556707 -0.11732399]
2019-09-19 21:40:40,490 [MainThread  ][DEBUG]  Setting hyperparameter tf=0.2535353535353535
2019-09-19 21:40:40,490 [MainThread  ][INFO ]  Starting optimization for tf=0.2535353535353535
2019-09-19 21:40:40,490 [MainThread  ][DEBUG]  Optimization method: Nelder-Mead
2019-09-19 21:40:40,490 [MainThread  ][DEBUG]  Optimization options: None
2019-09-19 21:40:40,490 [MainThread  ][INFO ]  Initial parameter values: [0.02323744035671335, 0.013952615359439632, 0.09420607406219061, 0.04338382157194426, 0, 1]
2019-09-19 21:41:15,053 [MainThread  ][INFO ]  Final fidelity: 0.8205088161322118
2019-09-19 21:41:15,053 [MainThread  ][INFO ]  Final parameters: [ -3.91653839   0.15197338  -5.26029712 -15.06764207   2.
  -1.28164317]
2019-09-19 21:41:15,053 [MainThread  ][INFO ]  Fidelity: 0.8205088161322118
2019-09-19 21:41:15,053 [MainThread  ][INFO ]  ---- Iteration 10/100
2019-09-19 21:41:15,054 [MainThread  ][DEBUG]  Regenerated CRAB frequencies: nuk=[ 0.49550228 -0.29995581]
2019-09-19 21:41:15,054 [MainThread  ][DEBUG]  Setting hyperparameter tf=0.2727272727272727
2019-09-19 21:41:15,054 [MainThread  ][INFO ]  Starting optimization for tf=0.2727272727272727
2019-09-19 21:41:15,054 [MainThread  ][DEBUG]  Optimization method: Nelder-Mead
2019-09-19 21:41:15,054 [MainThread  ][DEBUG]  Optimization options: None
2019-09-19 21:41:15,054 [MainThread  ][INFO ]  Initial parameter values: [-0.061942479843242526, -0.039781078088602456, 0.09418266129856862, 0.013971208804974752, 0, 1]
2019-09-19 21:41:42,478 [MainThread  ][INFO ]  Final fidelity: 0.8223277882698801
2019-09-19 21:41:42,479 [MainThread  ][INFO ]  Final parameters: [ 3.92098395  6.40544547  9.91602738 -1.30648772  1.99999167 -1.27852709]
2019-09-19 21:41:42,479 [MainThread  ][INFO ]  Fidelity: 0.8223277882698801
2019-09-19 21:41:42,479 [MainThread  ][INFO ]  ---- Iteration 11/100
2019-09-19 21:41:42,480 [MainThread  ][DEBUG]  Regenerated CRAB frequencies: nuk=[-0.26441662 -0.33187896]
2019-09-19 21:41:42,480 [MainThread  ][DEBUG]  Setting hyperparameter tf=0.2919191919191919
2019-09-19 21:41:42,480 [MainThread  ][INFO ]  Starting optimization for tf=0.2919191919191919
2019-09-19 21:41:42,480 [MainThread  ][DEBUG]  Optimization method: Nelder-Mead
2019-09-19 21:41:42,480 [MainThread  ][DEBUG]  Optimization options: None
2019-09-19 21:41:42,480 [MainThread  ][INFO ]  Initial parameter values: [0.06756873712225114, -0.05846373619431036, -0.09453524392958455, -0.04512434581504923, 0, 1]
2019-09-19 21:42:57,305 [MainThread  ][INFO ]  Final fidelity: 0.8267027564640254
2019-09-19 21:42:57,305 [MainThread  ][INFO ]  Final parameters: [-139.02127726 -123.93192674 -167.67645142   13.10431412    1.99998707
   -1.70020217]
2019-09-19 21:42:57,305 [MainThread  ][INFO ]  Fidelity: 0.8267027564640254
2019-09-19 21:42:57,306 [MainThread  ][INFO ]  ---- Iteration 12/100
2019-09-19 21:42:57,306 [MainThread  ][DEBUG]  Regenerated CRAB frequencies: nuk=[0.38781491 0.29412004]
2019-09-19 21:42:57,306 [MainThread  ][DEBUG]  Setting hyperparameter tf=0.3111111111111111
2019-09-19 21:42:57,306 [MainThread  ][INFO ]  Starting optimization for tf=0.3111111111111111
2019-09-19 21:42:57,306 [MainThread  ][DEBUG]  Optimization method: Nelder-Mead
2019-09-19 21:42:57,306 [MainThread  ][DEBUG]  Optimization options: None
2019-09-19 21:42:57,306 [MainThread  ][INFO ]  Initial parameter values: [0.09446437468593546, 0.09740073334015295, -0.07828647790184669, 0.055048450074666244, 0, 1]
2019-09-19 21:43:21,832 [MainThread  ][INFO ]  Final fidelity: 0.8263604733712989
2019-09-19 21:43:21,833 [MainThread  ][INFO ]  Final parameters: [ 14.00198506 -40.88035732   1.32074499   1.02329498   1.99998502
  -1.25698888]
2019-09-19 21:43:21,833 [MainThread  ][INFO ]  Fidelity: 0.8263604733712989
2019-09-19 21:43:21,833 [MainThread  ][INFO ]  ---- Iteration 13/100
2019-09-19 21:43:21,834 [MainThread  ][DEBUG]  Regenerated CRAB frequencies: nuk=[-0.23490241 -0.40737363]
2019-09-19 21:43:21,834 [MainThread  ][DEBUG]  Setting hyperparameter tf=0.3303030303030303
2019-09-19 21:43:21,834 [MainThread  ][INFO ]  Starting optimization for tf=0.3303030303030303
2019-09-19 21:43:21,834 [MainThread  ][DEBUG]  Optimization method: Nelder-Mead
2019-09-19 21:43:21,834 [MainThread  ][DEBUG]  Optimization options: None
2019-09-19 21:43:21,834 [MainThread  ][INFO ]  Initial parameter values: [-0.008023980880210432, -0.06153414643240421, 0.04678300883670444, -0.041942824393438376, 0, 1]
2019-09-19 21:43:58,299 [MainThread  ][INFO ]  Final fidelity: 0.8286907460206551
2019-09-19 21:43:58,300 [MainThread  ][INFO ]  Final parameters: [  3.77792579 -10.14155756  -2.36654279   4.61664209   2.
  -1.25186914]
2019-09-19 21:43:58,300 [MainThread  ][INFO ]  Fidelity: 0.8286907460206551
2019-09-19 21:43:58,300 [MainThread  ][INFO ]  ---- Iteration 14/100
2019-09-19 21:43:58,300 [MainThread  ][DEBUG]  Regenerated CRAB frequencies: nuk=[ 0.11210737 -0.21389324]
2019-09-19 21:43:58,300 [MainThread  ][DEBUG]  Setting hyperparameter tf=0.3494949494949495
2019-09-19 21:43:58,300 [MainThread  ][INFO ]  Starting optimization for tf=0.3494949494949495
2019-09-19 21:43:58,300 [MainThread  ][DEBUG]  Optimization method: Nelder-Mead
2019-09-19 21:43:58,300 [MainThread  ][DEBUG]  Optimization options: None
2019-09-19 21:43:58,300 [MainThread  ][INFO ]  Initial parameter values: [-0.08236511111802161, 0.00040723243924283004, -0.08332891764058598, -0.0210092020355461, 0, 1]
2019-09-19 21:44:33,457 [MainThread  ][INFO ]  Final fidelity: 0.8311902289618017
2019-09-19 21:44:33,458 [MainThread  ][INFO ]  Final parameters: [-16.92072864  -0.119506     2.34878001   3.23896412   2.
  -1.25622619]
2019-09-19 21:44:33,458 [MainThread  ][INFO ]  Fidelity: 0.8311902289618017
2019-09-19 21:44:33,458 [MainThread  ][INFO ]  ---- Iteration 15/100
2019-09-19 21:44:33,458 [MainThread  ][DEBUG]  Regenerated CRAB frequencies: nuk=[-0.4850746  -0.26101743]
2019-09-19 21:44:33,458 [MainThread  ][DEBUG]  Setting hyperparameter tf=0.3686868686868686
2019-09-19 21:44:33,458 [MainThread  ][INFO ]  Starting optimization for tf=0.3686868686868686
2019-09-19 21:44:33,458 [MainThread  ][DEBUG]  Optimization method: Nelder-Mead
2019-09-19 21:44:33,459 [MainThread  ][DEBUG]  Optimization options: None
2019-09-19 21:44:33,459 [MainThread  ][INFO ]  Initial parameter values: [0.001981676005544525, 0.03879514752675667, -0.09427109441381709, -0.03338180780538476, 0, 1]
2019-09-19 21:45:08,144 [MainThread  ][INFO ]  Final fidelity: 0.8338484660930736
2019-09-19 21:45:08,144 [MainThread  ][INFO ]  Final parameters: [  0.07065576 -16.26971303 -16.06838722   1.53557348   2.
  -1.24967313]
2019-09-19 21:45:08,144 [MainThread  ][INFO ]  Fidelity: 0.8338484660930736
2019-09-19 21:45:08,144 [MainThread  ][INFO ]  ---- Iteration 16/100
2019-09-19 21:45:08,145 [MainThread  ][DEBUG]  Regenerated CRAB frequencies: nuk=[ 0.30373284 -0.17805453]
2019-09-19 21:45:08,145 [MainThread  ][DEBUG]  Setting hyperparameter tf=0.3878787878787878
2019-09-19 21:45:08,145 [MainThread  ][INFO ]  Starting optimization for tf=0.3878787878787878
2019-09-19 21:45:08,145 [MainThread  ][DEBUG]  Optimization method: Nelder-Mead
2019-09-19 21:45:08,145 [MainThread  ][DEBUG]  Optimization options: None
2019-09-19 21:45:08,145 [MainThread  ][INFO ]  Initial parameter values: [-0.03246937660528404, -0.014044628847852667, 0.0797766637559229, 0.03731809159994648, 0, 1]
2019-09-19 21:45:44,815 [MainThread  ][INFO ]  Final fidelity: 0.8356178111407963
2019-09-19 21:45:44,816 [MainThread  ][INFO ]  Final parameters: [14.34303567  2.14326234 22.53101797  2.32712082  2.         -1.22294132]
2019-09-19 21:45:44,816 [MainThread  ][INFO ]  Fidelity: 0.8356178111407963
2019-09-19 21:45:44,816 [MainThread  ][INFO ]  ---- Iteration 17/100
2019-09-19 21:45:44,816 [MainThread  ][DEBUG]  Regenerated CRAB frequencies: nuk=[-0.1448     -0.47445503]
2019-09-19 21:45:44,817 [MainThread  ][DEBUG]  Setting hyperparameter tf=0.407070707070707
2019-09-19 21:45:44,817 [MainThread  ][INFO ]  Starting optimization for tf=0.407070707070707
2019-09-19 21:45:44,817 [MainThread  ][DEBUG]  Optimization method: Nelder-Mead
2019-09-19 21:45:44,817 [MainThread  ][DEBUG]  Optimization options: None
2019-09-19 21:45:44,817 [MainThread  ][INFO ]  Initial parameter values: [0.06883581941874667, 0.08967524720686446, -0.09513848831258656, 0.06972104199194298, 0, 1]
2019-09-19 21:46:18,294 [MainThread  ][INFO ]  Final fidelity: 0.8391127591676346
2019-09-19 21:46:18,295 [MainThread  ][INFO ]  Final parameters: [ -8.13455705  -2.70688536 -17.5161715  -31.42150193   2.
  -1.21233493]
2019-09-19 21:46:18,295 [MainThread  ][INFO ]  Fidelity: 0.8391127591676346
2019-09-19 21:46:18,295 [MainThread  ][INFO ]  ---- Iteration 18/100
2019-09-19 21:46:18,295 [MainThread  ][DEBUG]  Regenerated CRAB frequencies: nuk=[ 0.4212621  -0.39203127]
2019-09-19 21:46:18,296 [MainThread  ][DEBUG]  Setting hyperparameter tf=0.42626262626262623
2019-09-19 21:46:18,296 [MainThread  ][INFO ]  Starting optimization for tf=0.42626262626262623
2019-09-19 21:46:18,296 [MainThread  ][DEBUG]  Optimization method: Nelder-Mead
2019-09-19 21:46:18,296 [MainThread  ][DEBUG]  Optimization options: None
2019-09-19 21:46:18,296 [MainThread  ][INFO ]  Initial parameter values: [0.019101832673776145, -0.0920284453078958, 0.002696396662268466, 0.06079805344546957, 0, 1]
2019-09-19 21:48:01,116 [MainThread  ][INFO ]  Final fidelity: 0.8455293444635182
2019-09-19 21:48:01,117 [MainThread  ][INFO ]  Final parameters: [ -15.66467394 -121.51176925    0.17029553  -38.3456724     1.99999954
   -1.40323017]
2019-09-19 21:48:01,117 [MainThread  ][INFO ]  Fidelity: 0.8455293444635182
2019-09-19 21:48:01,117 [MainThread  ][INFO ]  ---- Iteration 19/100
2019-09-19 21:48:01,118 [MainThread  ][DEBUG]  Regenerated CRAB frequencies: nuk=[-0.37954708 -0.3919274 ]
2019-09-19 21:48:01,118 [MainThread  ][DEBUG]  Setting hyperparameter tf=0.44545454545454544
2019-09-19 21:48:01,118 [MainThread  ][INFO ]  Starting optimization for tf=0.44545454545454544
2019-09-19 21:48:01,118 [MainThread  ][DEBUG]  Optimization method: Nelder-Mead
2019-09-19 21:48:01,118 [MainThread  ][DEBUG]  Optimization options: None
2019-09-19 21:48:01,118 [MainThread  ][INFO ]  Initial parameter values: [-0.04266554338399953, 0.05089204320469917, 0.05448939165893649, -0.004584257560709168, 0, 1]
2019-09-19 21:49:23,967 [MainThread  ][INFO ]  Final fidelity: 0.8520900579201856
2019-09-19 21:49:23,968 [MainThread  ][INFO ]  Final parameters: [-179.19288314 -112.69440812   97.98804339  -43.57673337    1.9764831
   -1.43808027]
2019-09-19 21:49:23,968 [MainThread  ][INFO ]  Fidelity: 0.8520900579201856
2019-09-19 21:49:23,968 [MainThread  ][INFO ]  ---- Iteration 20/100
2019-09-19 21:49:23,968 [MainThread  ][DEBUG]  Regenerated CRAB frequencies: nuk=[0.08564491 0.2486687 ]
2019-09-19 21:49:23,968 [MainThread  ][DEBUG]  Setting hyperparameter tf=0.46464646464646464
2019-09-19 21:49:23,968 [MainThread  ][INFO ]  Starting optimization for tf=0.46464646464646464
2019-09-19 21:49:23,968 [MainThread  ][DEBUG]  Optimization method: Nelder-Mead
2019-09-19 21:49:23,968 [MainThread  ][DEBUG]  Optimization options: None
2019-09-19 21:49:23,968 [MainThread  ][INFO ]  Initial parameter values: [-0.07236415082602887, -0.02665756314656352, 0.07046828751001821, 0.03012927517042055, 0, 1]
2019-09-19 21:49:55,436 [MainThread  ][INFO ]  Final fidelity: 0.8478093273017827
2019-09-19 21:49:55,437 [MainThread  ][INFO ]  Final parameters: [-15.23442253   2.89663944 -33.62383815   3.48087361   1.99999971
  -1.1671307 ]
2019-09-19 21:49:55,437 [MainThread  ][INFO ]  Fidelity: 0.8478093273017827
2019-09-19 21:49:55,437 [MainThread  ][INFO ]  ---- Iteration 21/100
2019-09-19 21:49:55,437 [MainThread  ][DEBUG]  Regenerated CRAB frequencies: nuk=[ 0.23894113 -0.48273886]
2019-09-19 21:49:55,437 [MainThread  ][DEBUG]  Setting hyperparameter tf=0.48383838383838385
2019-09-19 21:49:55,437 [MainThread  ][INFO ]  Starting optimization for tf=0.48383838383838385
2019-09-19 21:49:55,437 [MainThread  ][DEBUG]  Optimization method: Nelder-Mead
2019-09-19 21:49:55,437 [MainThread  ][DEBUG]  Optimization options: None
2019-09-19 21:49:55,438 [MainThread  ][INFO ]  Initial parameter values: [0.07151446109254292, -0.05875695429349612, -0.03574449141657324, -0.05702039617487904, 0, 1]
2019-09-19 21:50:31,158 [MainThread  ][INFO ]  Final fidelity: 0.8502245048409217
2019-09-19 21:50:31,159 [MainThread  ][INFO ]  Final parameters: [  5.55910816 -11.72874003   2.94092875   6.14920549   2.
  -1.18047137]
2019-09-19 21:50:31,159 [MainThread  ][INFO ]  Fidelity: 0.8502245048409217
2019-09-19 21:50:31,159 [MainThread  ][INFO ]  ---- Iteration 22/100
2019-09-19 21:50:31,159 [MainThread  ][DEBUG]  Regenerated CRAB frequencies: nuk=[-0.01096377 -0.04566757]
2019-09-19 21:50:31,159 [MainThread  ][DEBUG]  Setting hyperparameter tf=0.503030303030303
2019-09-19 21:50:31,159 [MainThread  ][INFO ]  Starting optimization for tf=0.503030303030303
2019-09-19 21:50:31,159 [MainThread  ][DEBUG]  Optimization method: Nelder-Mead
2019-09-19 21:50:31,159 [MainThread  ][DEBUG]  Optimization options: None
2019-09-19 21:50:31,159 [MainThread  ][INFO ]  Initial parameter values: [-0.003950856512729459, 0.0893480639665731, -0.06791182629595834, -0.057663466507426, 0, 1]
2019-09-19 21:51:03,566 [MainThread  ][INFO ]  Final fidelity: 0.8524498229404588
2019-09-19 21:51:03,567 [MainThread  ][INFO ]  Final parameters: [  1.81153185   4.32314142   4.94706468 -12.75586218   1.99999969
  -1.13067943]
2019-09-19 21:51:03,567 [MainThread  ][INFO ]  Fidelity: 0.8524498229404588
2019-09-19 21:51:03,567 [MainThread  ][INFO ]  ---- Iteration 23/100
2019-09-19 21:51:03,567 [MainThread  ][DEBUG]  Regenerated CRAB frequencies: nuk=[0.31275984 0.21957889]
2019-09-19 21:51:03,567 [MainThread  ][DEBUG]  Setting hyperparameter tf=0.5222222222222221
2019-09-19 21:51:03,567 [MainThread  ][INFO ]  Starting optimization for tf=0.5222222222222221
2019-09-19 21:51:03,568 [MainThread  ][DEBUG]  Optimization method: Nelder-Mead
2019-09-19 21:51:03,568 [MainThread  ][DEBUG]  Optimization options: None
2019-09-19 21:51:03,568 [MainThread  ][INFO ]  Initial parameter values: [0.08022020052434503, -0.06895784750447914, -0.060618282401861734, -0.05797880589618312, 0, 1]
2019-09-19 21:52:10,197 [MainThread  ][INFO ]  Final fidelity: 0.8613714248019582
2019-09-19 21:52:10,198 [MainThread  ][INFO ]  Final parameters: [-75.74485052 -62.09904234  58.18561603 -72.38917979   1.97476351
  -1.30024655]
2019-09-19 21:52:10,198 [MainThread  ][INFO ]  Fidelity: 0.8613714248019582
2019-09-19 21:52:10,198 [MainThread  ][INFO ]  ---- Iteration 24/100
2019-09-19 21:52:10,198 [MainThread  ][DEBUG]  Regenerated CRAB frequencies: nuk=[ 0.10448248 -0.07127606]
2019-09-19 21:52:10,198 [MainThread  ][DEBUG]  Setting hyperparameter tf=0.5414141414141413
2019-09-19 21:52:10,198 [MainThread  ][INFO ]  Starting optimization for tf=0.5414141414141413
2019-09-19 21:52:10,198 [MainThread  ][DEBUG]  Optimization method: Nelder-Mead
2019-09-19 21:52:10,198 [MainThread  ][DEBUG]  Optimization options: None
2019-09-19 21:52:10,199 [MainThread  ][INFO ]  Initial parameter values: [-0.08607666266430736, -0.053593141273016044, -0.06145935120208741, -0.04669308199497453, 0, 1]
2019-09-19 21:52:38,241 [MainThread  ][INFO ]  Final fidelity: 0.8611253362140023
2019-09-19 21:52:38,242 [MainThread  ][INFO ]  Final parameters: [-15.04864957   6.43100165   5.16182273  17.28656779   1.99998079
  -1.16445665]
2019-09-19 21:52:38,242 [MainThread  ][INFO ]  Fidelity: 0.8611253362140023
2019-09-19 21:52:38,242 [MainThread  ][INFO ]  ---- Iteration 25/100
2019-09-19 21:52:38,242 [MainThread  ][DEBUG]  Regenerated CRAB frequencies: nuk=[-0.14992206 -0.09713812]
2019-09-19 21:52:38,242 [MainThread  ][DEBUG]  Setting hyperparameter tf=0.5606060606060606
2019-09-19 21:52:38,243 [MainThread  ][INFO ]  Starting optimization for tf=0.5606060606060606
2019-09-19 21:52:38,243 [MainThread  ][DEBUG]  Optimization method: Nelder-Mead
2019-09-19 21:52:38,243 [MainThread  ][DEBUG]  Optimization options: None
2019-09-19 21:52:38,243 [MainThread  ][INFO ]  Initial parameter values: [0.04058148686053059, -0.0012401983976837033, -0.04654552603214819, -0.004779161763310363, 0, 1]
2019-09-19 21:53:13,455 [MainThread  ][INFO ]  Final fidelity: 0.8634924426077261
2019-09-19 21:53:13,456 [MainThread  ][INFO ]  Final parameters: [ -3.97740138   0.16017757 -10.46824752   2.13500915   1.99999998
  -1.11284925]
2019-09-19 21:53:13,457 [MainThread  ][INFO ]  Fidelity: 0.8634924426077261
2019-09-19 21:53:13,457 [MainThread  ][INFO ]  ---- Iteration 26/100
2019-09-19 21:53:13,457 [MainThread  ][DEBUG]  Regenerated CRAB frequencies: nuk=[-0.28922085  0.45607129]
2019-09-19 21:53:13,457 [MainThread  ][DEBUG]  Setting hyperparameter tf=0.5797979797979798
2019-09-19 21:53:13,458 [MainThread  ][INFO ]  Starting optimization for tf=0.5797979797979798
2019-09-19 21:53:13,458 [MainThread  ][DEBUG]  Optimization method: Nelder-Mead
2019-09-19 21:53:13,458 [MainThread  ][DEBUG]  Optimization options: None
2019-09-19 21:53:13,458 [MainThread  ][INFO ]  Initial parameter values: [0.08400985527461624, 0.01451250023673753, -0.09193685808295193, -0.05946200491667091, 0, 1]
2019-09-19 21:54:44,817 [MainThread  ][INFO ]  Final fidelity: 0.8699626731456849
2019-09-19 21:54:44,818 [MainThread  ][INFO ]  Final parameters: [-16.16605622   5.26365087 -21.69875273  52.39432041   1.99979377
  -1.24182057]
2019-09-19 21:54:44,818 [MainThread  ][INFO ]  Fidelity: 0.8699626731456849
2019-09-19 21:54:44,818 [MainThread  ][INFO ]  ---- Iteration 27/100
2019-09-19 21:54:44,819 [MainThread  ][DEBUG]  Regenerated CRAB frequencies: nuk=[ 0.0326895  -0.12829153]
2019-09-19 21:54:44,819 [MainThread  ][DEBUG]  Setting hyperparameter tf=0.598989898989899
2019-09-19 21:54:44,819 [MainThread  ][INFO ]  Starting optimization for tf=0.598989898989899
2019-09-19 21:54:44,819 [MainThread  ][DEBUG]  Optimization method: Nelder-Mead
2019-09-19 21:54:44,819 [MainThread  ][DEBUG]  Optimization options: None
2019-09-19 21:54:44,819 [MainThread  ][INFO ]  Initial parameter values: [-0.04627083629659415, -0.08311089085929702, 0.0809328529558446, 0.037591539433174254, 0, 1]
2019-09-19 21:55:15,107 [MainThread  ][INFO ]  Final fidelity: 0.8704577358591689
2019-09-19 21:55:15,108 [MainThread  ][INFO ]  Final parameters: [ -9.04952258   6.91931994 -36.87019246  -4.84890066   1.99999982
  -1.03770979]
2019-09-19 21:55:15,108 [MainThread  ][INFO ]  Fidelity: 0.8704577358591689
2019-09-19 21:55:15,108 [MainThread  ][INFO ]  ---- Iteration 28/100
2019-09-19 21:55:15,108 [MainThread  ][DEBUG]  Regenerated CRAB frequencies: nuk=[ 0.13059949 -0.37478276]
2019-09-19 21:55:15,108 [MainThread  ][DEBUG]  Setting hyperparameter tf=0.6181818181818182
2019-09-19 21:55:15,108 [MainThread  ][INFO ]  Starting optimization for tf=0.6181818181818182
2019-09-19 21:55:15,108 [MainThread  ][DEBUG]  Optimization method: Nelder-Mead
2019-09-19 21:55:15,108 [MainThread  ][DEBUG]  Optimization options: None
2019-09-19 21:55:15,109 [MainThread  ][INFO ]  Initial parameter values: [-0.0036462743324913865, 0.016557977010117367, 0.0010850586799016765, 0.04856104847961082, 0, 1]
2019-09-19 21:55:44,481 [MainThread  ][INFO ]  Final fidelity: 0.8730798830647872
2019-09-19 21:55:44,481 [MainThread  ][INFO ]  Final parameters: [ 1.56999141 -1.45195475  0.10301203  9.02541234  1.99999944 -1.07345719]
2019-09-19 21:55:44,482 [MainThread  ][INFO ]  Fidelity: 0.8730798830647872
2019-09-19 21:55:44,482 [MainThread  ][INFO ]  ---- Iteration 29/100
2019-09-19 21:55:44,482 [MainThread  ][DEBUG]  Regenerated CRAB frequencies: nuk=[ 0.43704977 -0.33645231]
2019-09-19 21:55:44,482 [MainThread  ][DEBUG]  Setting hyperparameter tf=0.6373737373737373
2019-09-19 21:55:44,482 [MainThread  ][INFO ]  Starting optimization for tf=0.6373737373737373
2019-09-19 21:55:44,482 [MainThread  ][DEBUG]  Optimization method: Nelder-Mead
2019-09-19 21:55:44,482 [MainThread  ][DEBUG]  Optimization options: None
2019-09-19 21:55:44,482 [MainThread  ][INFO ]  Initial parameter values: [0.0030391181466602885, -0.07351403751345616, -0.03149766900821187, -0.07986741401708775, 0, 1]
2019-09-19 21:56:17,931 [MainThread  ][INFO ]  Final fidelity: 0.8780376878844055
2019-09-19 21:56:17,932 [MainThread  ][INFO ]  Final parameters: [ 0.56279625 -8.44015911  4.12626285  8.42107539  2.         -1.07190977]
2019-09-19 21:56:17,932 [MainThread  ][INFO ]  Fidelity: 0.8780376878844055
2019-09-19 21:56:17,932 [MainThread  ][INFO ]  ---- Iteration 30/100
2019-09-19 21:56:17,932 [MainThread  ][DEBUG]  Regenerated CRAB frequencies: nuk=[-0.00441926 -0.42974169]
2019-09-19 21:56:17,932 [MainThread  ][DEBUG]  Setting hyperparameter tf=0.6565656565656565
2019-09-19 21:56:17,933 [MainThread  ][INFO ]  Starting optimization for tf=0.6565656565656565
2019-09-19 21:56:17,933 [MainThread  ][DEBUG]  Optimization method: Nelder-Mead
2019-09-19 21:56:17,933 [MainThread  ][DEBUG]  Optimization options: None
2019-09-19 21:56:17,933 [MainThread  ][INFO ]  Initial parameter values: [-0.02024243945909869, 0.05514791329416294, 0.03537881015398131, 0.0034311613813442776, 0, 1]
2019-09-19 21:56:55,871 [MainThread  ][INFO ]  Final fidelity: 0.8816749836799789
2019-09-19 21:56:55,872 [MainThread  ][INFO ]  Final parameters: [ -3.87046827  -4.46825981 -12.60629019  -0.02620295   2.
  -1.02351297]
2019-09-19 21:56:55,872 [MainThread  ][INFO ]  Fidelity: 0.8816749836799789
2019-09-19 21:56:55,872 [MainThread  ][INFO ]  ---- Iteration 31/100
2019-09-19 21:56:55,873 [MainThread  ][DEBUG]  Regenerated CRAB frequencies: nuk=[-0.49903899 -0.18844368]
2019-09-19 21:56:55,873 [MainThread  ][DEBUG]  Setting hyperparameter tf=0.6757575757575757
2019-09-19 21:56:55,873 [MainThread  ][INFO ]  Starting optimization for tf=0.6757575757575757
2019-09-19 21:56:55,873 [MainThread  ][DEBUG]  Optimization method: Nelder-Mead
2019-09-19 21:56:55,873 [MainThread  ][DEBUG]  Optimization options: None
2019-09-19 21:56:55,873 [MainThread  ][INFO ]  Initial parameter values: [-0.0760956480970054, 0.009374883750094848, -0.03445418437496506, 0.024808527642449965, 0, 1]
2019-09-19 21:57:29,061 [MainThread  ][INFO ]  Final fidelity: 0.8838522561838762
2019-09-19 21:57:29,061 [MainThread  ][INFO ]  Final parameters: [ 6.98806468 -3.74661501 -7.20587782  0.95944831  1.99999758 -1.00010582]
2019-09-19 21:57:29,062 [MainThread  ][INFO ]  Fidelity: 0.8838522561838762
2019-09-19 21:57:29,062 [MainThread  ][INFO ]  ---- Iteration 32/100
2019-09-19 21:57:29,062 [MainThread  ][DEBUG]  Regenerated CRAB frequencies: nuk=[-0.28627315  0.34139553]
2019-09-19 21:57:29,062 [MainThread  ][DEBUG]  Setting hyperparameter tf=0.6949494949494949
2019-09-19 21:57:29,062 [MainThread  ][INFO ]  Starting optimization for tf=0.6949494949494949
2019-09-19 21:57:29,062 [MainThread  ][DEBUG]  Optimization method: Nelder-Mead
2019-09-19 21:57:29,062 [MainThread  ][DEBUG]  Optimization options: None
2019-09-19 21:57:29,062 [MainThread  ][INFO ]  Initial parameter values: [-0.08999783035485467, 0.057658140007706915, 0.09190569307958235, -0.061462804324371456, 0, 1]
2019-09-19 21:58:07,199 [MainThread  ][INFO ]  Final fidelity: 0.8924727458176943
2019-09-19 21:58:07,200 [MainThread  ][INFO ]  Final parameters: [-18.73533068 -22.55354816  -7.13472823  -0.22137212   1.99999977
  -1.09911835]
2019-09-19 21:58:07,201 [MainThread  ][INFO ]  Fidelity: 0.8924727458176943
2019-09-19 21:58:07,201 [MainThread  ][INFO ]  ---- Iteration 33/100
2019-09-19 21:58:07,201 [MainThread  ][DEBUG]  Regenerated CRAB frequencies: nuk=[ 0.20365525 -0.16249076]
2019-09-19 21:58:07,201 [MainThread  ][DEBUG]  Setting hyperparameter tf=0.7141414141414141
2019-09-19 21:58:07,201 [MainThread  ][INFO ]  Starting optimization for tf=0.7141414141414141
2019-09-19 21:58:07,202 [MainThread  ][DEBUG]  Optimization method: Nelder-Mead
2019-09-19 21:58:07,202 [MainThread  ][DEBUG]  Optimization options: None
2019-09-19 21:58:07,202 [MainThread  ][INFO ]  Initial parameter values: [-0.05603491643532941, 0.06937333499900675, -0.014499167349989212, -0.09001775572372478, 0, 1]
2019-09-19 21:58:48,599 [MainThread  ][INFO ]  Final fidelity: 0.8873496680267894
2019-09-19 21:58:48,600 [MainThread  ][INFO ]  Final parameters: [15.4131027   9.65364995  0.99007155  5.37782652  1.99999971 -0.94328819]
2019-09-19 21:58:48,600 [MainThread  ][INFO ]  Fidelity: 0.8873496680267894
2019-09-19 21:58:48,600 [MainThread  ][INFO ]  ---- Iteration 34/100
2019-09-19 21:58:48,601 [MainThread  ][DEBUG]  Regenerated CRAB frequencies: nuk=[-0.46847474  0.17933275]
2019-09-19 21:58:48,601 [MainThread  ][DEBUG]  Setting hyperparameter tf=0.7333333333333333
2019-09-19 21:58:48,601 [MainThread  ][INFO ]  Starting optimization for tf=0.7333333333333333
2019-09-19 21:58:48,601 [MainThread  ][DEBUG]  Optimization method: Nelder-Mead
2019-09-19 21:58:48,601 [MainThread  ][DEBUG]  Optimization options: None
2019-09-19 21:58:48,601 [MainThread  ][INFO ]  Initial parameter values: [0.09446564069445093, -0.04064728020272366, 0.048568936575969335, -0.022426271469582676, 0, 1]
2019-09-19 22:00:01,559 [MainThread  ][INFO ]  Final fidelity: 0.9064957360118916
2019-09-19 22:00:01,560 [MainThread  ][INFO ]  Final parameters: [-57.72400674 -22.82975739  -9.44543533   3.18836801   1.89329183
  -1.16121618]
2019-09-19 22:00:01,560 [MainThread  ][INFO ]  Fidelity: 0.9064957360118916
2019-09-19 22:00:01,560 [MainThread  ][INFO ]  ---- Iteration 35/100
2019-09-19 22:00:01,560 [MainThread  ][DEBUG]  Regenerated CRAB frequencies: nuk=[-0.40915553 -0.39661133]
2019-09-19 22:00:01,560 [MainThread  ][DEBUG]  Setting hyperparameter tf=0.7525252525252525
2019-09-19 22:00:01,560 [MainThread  ][INFO ]  Starting optimization for tf=0.7525252525252525
2019-09-19 22:00:01,561 [MainThread  ][DEBUG]  Optimization method: Nelder-Mead
2019-09-19 22:00:01,561 [MainThread  ][DEBUG]  Optimization options: None
2019-09-19 22:00:01,561 [MainThread  ][INFO ]  Initial parameter values: [0.03709884672387517, -0.04779639508144813, -0.00477727166148538, -0.010081295872935783, 0, 1]
2019-09-19 22:01:31,569 [MainThread  ][INFO ]  Final fidelity: 0.9123045902515828
2019-09-19 22:01:31,570 [MainThread  ][INFO ]  Final parameters: [-21.24800605 -37.06623778   1.78364282   0.04247459   2.
  -1.19762558]
2019-09-19 22:01:31,570 [MainThread  ][INFO ]  Fidelity: 0.9123045902515828
2019-09-19 22:01:31,570 [MainThread  ][INFO ]  ---- Iteration 36/100
2019-09-19 22:01:31,570 [MainThread  ][DEBUG]  Regenerated CRAB frequencies: nuk=[0.23654973 0.17401108]
2019-09-19 22:01:31,571 [MainThread  ][DEBUG]  Setting hyperparameter tf=0.7717171717171717
2019-09-19 22:01:31,571 [MainThread  ][INFO ]  Starting optimization for tf=0.7717171717171717
2019-09-19 22:01:31,571 [MainThread  ][DEBUG]  Optimization method: Nelder-Mead
2019-09-19 22:01:31,571 [MainThread  ][DEBUG]  Optimization options: None
2019-09-19 22:01:31,571 [MainThread  ][INFO ]  Initial parameter values: [0.07149364291060692, -0.07664617805522177, -0.037637953573540564, 0.08836633092711443, 0, 1]
2019-09-19 22:02:59,491 [MainThread  ][INFO ]  Final fidelity: 0.9066421034160962
2019-09-19 22:02:59,492 [MainThread  ][INFO ]  Final parameters: [-14.23680106 -27.21887749   8.11758855  -9.6045317    1.99999994
  -0.9864755 ]
2019-09-19 22:02:59,492 [MainThread  ][INFO ]  Fidelity: 0.9066421034160962
2019-09-19 22:02:59,492 [MainThread  ][INFO ]  ---- Iteration 37/100
2019-09-19 22:02:59,493 [MainThread  ][DEBUG]  Regenerated CRAB frequencies: nuk=[0.31904119 0.27424395]
2019-09-19 22:02:59,493 [MainThread  ][DEBUG]  Setting hyperparameter tf=0.7909090909090909
2019-09-19 22:02:59,493 [MainThread  ][INFO ]  Starting optimization for tf=0.7909090909090909
2019-09-19 22:02:59,493 [MainThread  ][DEBUG]  Optimization method: Nelder-Mead
2019-09-19 22:02:59,493 [MainThread  ][DEBUG]  Optimization options: None
2019-09-19 22:02:59,493 [MainThread  ][INFO ]  Initial parameter values: [0.08590962428270763, -0.09097379582974036, 0.0902624617666217, 0.0833236413781252, 0, 1]
2019-09-19 22:03:31,955 [MainThread  ][INFO ]  Final fidelity: 0.9078161177348937
2019-09-19 22:03:31,956 [MainThread  ][INFO ]  Final parameters: [ -8.51564425   5.84923612  10.47229501 -15.10251872   1.99999997
  -0.93982504]
2019-09-19 22:03:31,956 [MainThread  ][INFO ]  Fidelity: 0.9078161177348937
2019-09-19 22:03:31,956 [MainThread  ][INFO ]  ---- Iteration 38/100
2019-09-19 22:03:31,956 [MainThread  ][DEBUG]  Regenerated CRAB frequencies: nuk=[ 0.19506125 -0.19469656]
2019-09-19 22:03:31,956 [MainThread  ][DEBUG]  Setting hyperparameter tf=0.81010101010101
2019-09-19 22:03:31,956 [MainThread  ][INFO ]  Starting optimization for tf=0.81010101010101
2019-09-19 22:03:31,957 [MainThread  ][DEBUG]  Optimization method: Nelder-Mead
2019-09-19 22:03:31,957 [MainThread  ][DEBUG]  Optimization options: None
2019-09-19 22:03:31,957 [MainThread  ][INFO ]  Initial parameter values: [-0.04081606933322515, -0.07252414285416381, 0.041895756725851885, -0.03543000729981331, 0, 1]
2019-09-19 22:04:06,461 [MainThread  ][INFO ]  Final fidelity: 0.9061060054460961
2019-09-19 22:04:06,462 [MainThread  ][INFO ]  Final parameters: [ 9.84764027  5.39818479  3.52483693  3.48002281  1.99999995 -0.88531311]
2019-09-19 22:04:06,462 [MainThread  ][INFO ]  Fidelity: 0.9061060054460961
2019-09-19 22:04:06,462 [MainThread  ][INFO ]  ---- Iteration 39/100
2019-09-19 22:04:06,462 [MainThread  ][DEBUG]  Regenerated CRAB frequencies: nuk=[ 0.119616   -0.06922728]
2019-09-19 22:04:06,462 [MainThread  ][DEBUG]  Setting hyperparameter tf=0.8292929292929292
2019-09-19 22:04:06,462 [MainThread  ][INFO ]  Starting optimization for tf=0.8292929292929292
2019-09-19 22:04:06,462 [MainThread  ][DEBUG]  Optimization method: Nelder-Mead
2019-09-19 22:04:06,462 [MainThread  ][DEBUG]  Optimization options: None
2019-09-19 22:04:06,462 [MainThread  ][INFO ]  Initial parameter values: [-0.05672004721153892, 0.03191694764519298, 0.017473668516304525, 0.050720901494348825, 0, 1]
2019-09-19 22:05:43,699 [MainThread  ][INFO ]  Final fidelity: 0.9187606404084487
2019-09-19 22:05:43,700 [MainThread  ][INFO ]  Final parameters: [ -2.75779549 -17.55337517  -3.11560526  27.30188188   1.99999518
  -0.87850484]
2019-09-19 22:05:43,700 [MainThread  ][INFO ]  Fidelity: 0.9187606404084487
2019-09-19 22:05:43,701 [MainThread  ][INFO ]  ---- Iteration 40/100
2019-09-19 22:05:43,701 [MainThread  ][DEBUG]  Regenerated CRAB frequencies: nuk=[-0.43478645  0.21034703]
2019-09-19 22:05:43,701 [MainThread  ][DEBUG]  Setting hyperparameter tf=0.8484848484848484
2019-09-19 22:05:43,701 [MainThread  ][INFO ]  Starting optimization for tf=0.8484848484848484
2019-09-19 22:05:43,701 [MainThread  ][DEBUG]  Optimization method: Nelder-Mead
2019-09-19 22:05:43,702 [MainThread  ][DEBUG]  Optimization options: None
2019-09-19 22:05:43,702 [MainThread  ][INFO ]  Initial parameter values: [0.08179110366918682, 0.019942073197574045, 0.08970558840763085, 0.0712013390890083, 0, 1]
2019-09-19 22:06:17,748 [MainThread  ][INFO ]  Final fidelity: 0.9229981468207075
2019-09-19 22:06:17,748 [MainThread  ][INFO ]  Final parameters: [-11.41245345  -2.49217542  -3.86707981   5.9895835    1.9999994
  -0.95531936]
2019-09-19 22:06:17,748 [MainThread  ][INFO ]  Fidelity: 0.9229981468207075
2019-09-19 22:06:17,748 [MainThread  ][INFO ]  ---- Iteration 41/100
2019-09-19 22:06:17,749 [MainThread  ][DEBUG]  Regenerated CRAB frequencies: nuk=[ 0.11650368 -0.36082328]
2019-09-19 22:06:17,749 [MainThread  ][DEBUG]  Setting hyperparameter tf=0.8676767676767676
2019-09-19 22:06:17,749 [MainThread  ][INFO ]  Starting optimization for tf=0.8676767676767676
2019-09-19 22:06:17,749 [MainThread  ][DEBUG]  Optimization method: Nelder-Mead
2019-09-19 22:06:17,749 [MainThread  ][DEBUG]  Optimization options: None
2019-09-19 22:06:17,749 [MainThread  ][INFO ]  Initial parameter values: [0.011313117456467056, -0.0019604564444515304, 0.03606840795516503, -0.08883911313674407, 0, 1]
2019-09-19 22:06:57,138 [MainThread  ][INFO ]  Final fidelity: 0.9218735197195143
2019-09-19 22:06:57,139 [MainThread  ][INFO ]  Final parameters: [-1.43484675  0.39175293  3.61092888  8.59747009  1.99999987 -0.89969752]
2019-09-19 22:06:57,139 [MainThread  ][INFO ]  Fidelity: 0.9218735197195143
2019-09-19 22:06:57,139 [MainThread  ][INFO ]  ---- Iteration 42/100
2019-09-19 22:06:57,139 [MainThread  ][DEBUG]  Regenerated CRAB frequencies: nuk=[0.48579352 0.00328507]
2019-09-19 22:06:57,139 [MainThread  ][DEBUG]  Setting hyperparameter tf=0.8868686868686868
2019-09-19 22:06:57,139 [MainThread  ][INFO ]  Starting optimization for tf=0.8868686868686868
2019-09-19 22:06:57,140 [MainThread  ][DEBUG]  Optimization method: Nelder-Mead
2019-09-19 22:06:57,140 [MainThread  ][DEBUG]  Optimization options: None
2019-09-19 22:06:57,140 [MainThread  ][INFO ]  Initial parameter values: [-0.01542011571130722, 0.04340971947031633, -0.03473106004536457, -0.042846778650213385, 0, 1]
2019-09-19 22:07:34,858 [MainThread  ][INFO ]  Final fidelity: 0.9230141791672224
2019-09-19 22:07:34,858 [MainThread  ][INFO ]  Final parameters: [ 3.29035987 -2.43757884  2.4281212  -4.86198288  1.99999992 -0.8260596 ]
2019-09-19 22:07:34,858 [MainThread  ][INFO ]  Fidelity: 0.9230141791672224
2019-09-19 22:07:34,858 [MainThread  ][INFO ]  ---- Iteration 43/100
2019-09-19 22:07:34,859 [MainThread  ][DEBUG]  Regenerated CRAB frequencies: nuk=[-0.46602416 -0.07305207]
2019-09-19 22:07:34,859 [MainThread  ][DEBUG]  Setting hyperparameter tf=0.906060606060606
2019-09-19 22:07:34,859 [MainThread  ][INFO ]  Starting optimization for tf=0.906060606060606
2019-09-19 22:07:34,859 [MainThread  ][DEBUG]  Optimization method: Nelder-Mead
2019-09-19 22:07:34,859 [MainThread  ][DEBUG]  Optimization options: None
2019-09-19 22:07:34,859 [MainThread  ][INFO ]  Initial parameter values: [-0.07614179017168826, -0.06656456243045067, 0.03199417997375642, -0.03284912907692787, 0, 1]
2019-09-19 22:08:53,711 [MainThread  ][INFO ]  Final fidelity: 0.9491387318177135
2019-09-19 22:08:53,712 [MainThread  ][INFO ]  Final parameters: [-61.27574998  -0.29469951   3.8640723  -19.30141098   1.99388522
  -1.16811791]
2019-09-19 22:08:53,712 [MainThread  ][INFO ]  Fidelity: 0.9491387318177135
2019-09-19 22:08:53,712 [MainThread  ][INFO ]  ---- Iteration 44/100
2019-09-19 22:08:53,713 [MainThread  ][DEBUG]  Regenerated CRAB frequencies: nuk=[0.27682027 0.35407447]
2019-09-19 22:08:53,713 [MainThread  ][DEBUG]  Setting hyperparameter tf=0.9252525252525252
2019-09-19 22:08:53,713 [MainThread  ][INFO ]  Starting optimization for tf=0.9252525252525252
2019-09-19 22:08:53,713 [MainThread  ][DEBUG]  Optimization method: Nelder-Mead
2019-09-19 22:08:53,713 [MainThread  ][DEBUG]  Optimization options: None
2019-09-19 22:08:53,713 [MainThread  ][INFO ]  Initial parameter values: [0.0741750826788091, 0.05376016204766371, -0.04713272965960078, -0.07757954335052519, 0, 1]
2019-09-19 22:10:07,961 [MainThread  ][INFO ]  Final fidelity: 0.9399964694740768
2019-09-19 22:10:07,961 [MainThread  ][INFO ]  Final parameters: [-24.83551753  -3.82732682   0.87544542 -12.08320728   1.99148516
  -0.84159435]
2019-09-19 22:10:07,962 [MainThread  ][INFO ]  Fidelity: 0.9399964694740768
2019-09-19 22:10:07,962 [MainThread  ][INFO ]  ---- Iteration 45/100
2019-09-19 22:10:07,962 [MainThread  ][DEBUG]  Regenerated CRAB frequencies: nuk=[-0.14697115  0.19953989]
2019-09-19 22:10:07,962 [MainThread  ][DEBUG]  Setting hyperparameter tf=0.9444444444444443
2019-09-19 22:10:07,962 [MainThread  ][INFO ]  Starting optimization for tf=0.9444444444444443
2019-09-19 22:10:07,962 [MainThread  ][DEBUG]  Optimization method: Nelder-Mead
2019-09-19 22:10:07,962 [MainThread  ][DEBUG]  Optimization options: None
2019-09-19 22:10:07,962 [MainThread  ][INFO ]  Initial parameter values: [-0.0007957996268241063, 0.02731053363047259, 0.0971747056922973, -0.07026187059327658, 0, 1]
2019-09-19 22:10:48,598 [MainThread  ][INFO ]  Final fidelity: 0.9364241345690217
2019-09-19 22:10:48,599 [MainThread  ][INFO ]  Final parameters: [ -0.06298256 -19.07763483   3.7060011   14.52128071   1.99999998
  -0.79238217]
2019-09-19 22:10:48,599 [MainThread  ][INFO ]  Fidelity: 0.9364241345690217
2019-09-19 22:10:48,599 [MainThread  ][INFO ]  ---- Iteration 46/100
2019-09-19 22:10:48,599 [MainThread  ][DEBUG]  Regenerated CRAB frequencies: nuk=[0.27129418 0.10311267]
2019-09-19 22:10:48,599 [MainThread  ][DEBUG]  Setting hyperparameter tf=0.9636363636363635
2019-09-19 22:10:48,599 [MainThread  ][INFO ]  Starting optimization for tf=0.9636363636363635
2019-09-19 22:10:48,600 [MainThread  ][DEBUG]  Optimization method: Nelder-Mead
2019-09-19 22:10:48,600 [MainThread  ][DEBUG]  Optimization options: None
2019-09-19 22:10:48,600 [MainThread  ][INFO ]  Initial parameter values: [0.009800333782407772, -0.040999778429147975, 0.07866509834527638, 0.08270324258738823, 0, 1]
2019-09-19 22:11:33,355 [MainThread  ][INFO ]  Final fidelity: 0.9379050983146986
2019-09-19 22:11:33,356 [MainThread  ][INFO ]  Final parameters: [  0.76918103   5.12715008  10.94204992 -17.74986177   1.99999998
  -0.79115487]
2019-09-19 22:11:33,356 [MainThread  ][INFO ]  Fidelity: 0.9379050983146986
2019-09-19 22:11:33,356 [MainThread  ][INFO ]  ---- Iteration 47/100
2019-09-19 22:11:33,356 [MainThread  ][DEBUG]  Regenerated CRAB frequencies: nuk=[-0.16040257 -0.27543362]
2019-09-19 22:11:33,357 [MainThread  ][DEBUG]  Setting hyperparameter tf=0.9828282828282827
2019-09-19 22:11:33,357 [MainThread  ][INFO ]  Starting optimization for tf=0.9828282828282827
2019-09-19 22:11:33,357 [MainThread  ][DEBUG]  Optimization method: Nelder-Mead
2019-09-19 22:11:33,357 [MainThread  ][DEBUG]  Optimization options: None
2019-09-19 22:11:33,357 [MainThread  ][INFO ]  Initial parameter values: [-0.01193251188579654, 0.02350857236778059, 0.02471003918146597, 0.07278454104314472, 0, 1]
2019-09-19 22:12:15,564 [MainThread  ][INFO ]  Final fidelity: 0.9440801010627379
2019-09-19 22:12:15,565 [MainThread  ][INFO ]  Final parameters: [ 3.44664272 -1.55321719 -1.38269088 14.89803312  1.99999999 -0.74661305]
2019-09-19 22:12:15,565 [MainThread  ][INFO ]  Fidelity: 0.9440801010627379
2019-09-19 22:12:15,565 [MainThread  ][INFO ]  ---- Iteration 48/100
2019-09-19 22:12:15,565 [MainThread  ][DEBUG]  Regenerated CRAB frequencies: nuk=[ 0.36995665 -0.28780652]
2019-09-19 22:12:15,566 [MainThread  ][DEBUG]  Setting hyperparameter tf=1.002020202020202
2019-09-19 22:12:15,566 [MainThread  ][INFO ]  Starting optimization for tf=1.002020202020202
2019-09-19 22:12:15,566 [MainThread  ][DEBUG]  Optimization method: Nelder-Mead
2019-09-19 22:12:15,566 [MainThread  ][DEBUG]  Optimization options: None
2019-09-19 22:12:15,566 [MainThread  ][INFO ]  Initial parameter values: [-0.05763351936444066, 0.01773263753826977, 0.015341562090008115, -0.05213543299484762, 0, 1]
2019-09-19 22:12:58,802 [MainThread  ][INFO ]  Final fidelity: 0.9462751658885359
2019-09-19 22:12:58,803 [MainThread  ][INFO ]  Final parameters: [ 8.80391543 -5.62575169  3.61496461  7.36496196  1.99999994 -0.76476597]
2019-09-19 22:12:58,803 [MainThread  ][INFO ]  Fidelity: 0.9462751658885359
2019-09-19 22:12:58,803 [MainThread  ][INFO ]  ---- Iteration 49/100
2019-09-19 22:12:58,803 [MainThread  ][DEBUG]  Regenerated CRAB frequencies: nuk=[0.06106518 0.13796023]
2019-09-19 22:12:58,803 [MainThread  ][DEBUG]  Setting hyperparameter tf=1.0212121212121212
2019-09-19 22:12:58,803 [MainThread  ][INFO ]  Starting optimization for tf=1.0212121212121212
2019-09-19 22:12:58,803 [MainThread  ][DEBUG]  Optimization method: Nelder-Mead
2019-09-19 22:12:58,804 [MainThread  ][DEBUG]  Optimization options: None
2019-09-19 22:12:58,804 [MainThread  ][INFO ]  Initial parameter values: [0.098372540635429, -0.01122890441534892, -0.009582139987709543, 0.09001451290475854, 0, 1]
2019-09-19 22:13:50,150 [MainThread  ][INFO ]  Final fidelity: 0.9477639230916195
2019-09-19 22:13:50,151 [MainThread  ][INFO ]  Final parameters: [-15.44106941   4.70706493   0.95768668  21.09382424   1.75055713
  -0.7007914 ]
2019-09-19 22:13:50,151 [MainThread  ][INFO ]  Fidelity: 0.9477639230916195
2019-09-19 22:13:50,151 [MainThread  ][INFO ]  ---- Iteration 50/100
2019-09-19 22:13:50,151 [MainThread  ][DEBUG]  Regenerated CRAB frequencies: nuk=[-0.05210955  0.11145859]
2019-09-19 22:13:50,151 [MainThread  ][DEBUG]  Setting hyperparameter tf=1.0404040404040404
2019-09-19 22:13:50,151 [MainThread  ][INFO ]  Starting optimization for tf=1.0404040404040404
2019-09-19 22:13:50,151 [MainThread  ][DEBUG]  Optimization method: Nelder-Mead
2019-09-19 22:13:50,151 [MainThread  ][DEBUG]  Optimization options: None
2019-09-19 22:13:50,152 [MainThread  ][INFO ]  Initial parameter values: [0.06050103208583543, 0.012788448620615928, -0.0685897377774734, 0.08943743910338892, 0, 1]
2019-09-19 22:15:01,431 [MainThread  ][INFO ]  Final fidelity: 0.9642269269906609
2019-09-19 22:15:01,432 [MainThread  ][INFO ]  Final parameters: [-22.3157062   -0.34940415   8.09111469   7.83004492   1.97172591
  -0.96018702]
2019-09-19 22:15:01,432 [MainThread  ][INFO ]  Fidelity: 0.9642269269906609
2019-09-19 22:15:01,432 [MainThread  ][INFO ]  ---- Iteration 51/100
2019-09-19 22:15:01,432 [MainThread  ][DEBUG]  Regenerated CRAB frequencies: nuk=[-0.44289569 -0.31026699]
2019-09-19 22:15:01,432 [MainThread  ][DEBUG]  Setting hyperparameter tf=1.0595959595959596
2019-09-19 22:15:01,432 [MainThread  ][INFO ]  Starting optimization for tf=1.0595959595959596
2019-09-19 22:15:01,433 [MainThread  ][DEBUG]  Optimization method: Nelder-Mead
2019-09-19 22:15:01,433 [MainThread  ][DEBUG]  Optimization options: None
2019-09-19 22:15:01,433 [MainThread  ][INFO ]  Initial parameter values: [0.0585896683648118, 0.05158947842224365, 0.02431848877620439, -0.0032255815218262818, 0, 1]
2019-09-19 22:15:32,498 [MainThread  ][INFO ]  Final fidelity: 0.9639364940881477
2019-09-19 22:15:32,499 [MainThread  ][INFO ]  Final parameters: [-13.12314198   2.88405604  -1.26397783   0.73874792   1.99999977
  -0.83173251]
2019-09-19 22:15:32,499 [MainThread  ][INFO ]  Fidelity: 0.9639364940881477
2019-09-19 22:15:32,499 [MainThread  ][INFO ]  ---- Iteration 52/100
2019-09-19 22:15:32,499 [MainThread  ][DEBUG]  Regenerated CRAB frequencies: nuk=[-0.07388208  0.15823296]
2019-09-19 22:15:32,499 [MainThread  ][DEBUG]  Setting hyperparameter tf=1.0787878787878789
2019-09-19 22:15:32,499 [MainThread  ][INFO ]  Starting optimization for tf=1.0787878787878789
2019-09-19 22:15:32,499 [MainThread  ][DEBUG]  Optimization method: Nelder-Mead
2019-09-19 22:15:32,499 [MainThread  ][DEBUG]  Optimization options: None
2019-09-19 22:15:32,499 [MainThread  ][INFO ]  Initial parameter values: [0.08528801826731189, -0.02962833076794509, -0.01329455083395148, -0.035420688294898, 0, 1]
2019-09-19 22:16:08,173 [MainThread  ][INFO ]  Final fidelity: 0.9706547475996626
2019-09-19 22:16:08,173 [MainThread  ][INFO ]  Final parameters: [-17.99029773   0.37226283  -0.15325877   4.38101558   1.9999981
  -0.84071713]
2019-09-19 22:16:08,174 [MainThread  ][INFO ]  Fidelity: 0.9706547475996626
2019-09-19 22:16:08,174 [MainThread  ][INFO ]  ---- Iteration 53/100
2019-09-19 22:16:08,174 [MainThread  ][DEBUG]  Regenerated CRAB frequencies: nuk=[0.41835239 0.04438616]
2019-09-19 22:16:08,174 [MainThread  ][DEBUG]  Setting hyperparameter tf=1.097979797979798
2019-09-19 22:16:08,174 [MainThread  ][INFO ]  Starting optimization for tf=1.097979797979798
2019-09-19 22:16:08,174 [MainThread  ][DEBUG]  Optimization method: Nelder-Mead
2019-09-19 22:16:08,174 [MainThread  ][DEBUG]  Optimization options: None
2019-09-19 22:16:08,174 [MainThread  ][INFO ]  Initial parameter values: [-0.013998701651979278, -0.09928494899562704, -0.07050881783175314, 0.03697718719365645, 0, 1]
2019-09-19 22:17:11,257 [MainThread  ][INFO ]  Final fidelity: 0.9688278821379156
2019-09-19 22:17:11,258 [MainThread  ][INFO ]  Final parameters: [  3.61369065 -20.51762655  43.25849928   8.06935309   1.89152429
  -0.84201498]
2019-09-19 22:17:11,258 [MainThread  ][INFO ]  Fidelity: 0.9688278821379156
2019-09-19 22:17:11,258 [MainThread  ][INFO ]  ---- Iteration 54/100
2019-09-19 22:17:11,258 [MainThread  ][DEBUG]  Regenerated CRAB frequencies: nuk=[-0.16761366 -0.09956848]
2019-09-19 22:17:11,258 [MainThread  ][DEBUG]  Setting hyperparameter tf=1.1171717171717173
2019-09-19 22:17:11,258 [MainThread  ][INFO ]  Starting optimization for tf=1.1171717171717173
2019-09-19 22:17:11,259 [MainThread  ][DEBUG]  Optimization method: Nelder-Mead
2019-09-19 22:17:11,259 [MainThread  ][DEBUG]  Optimization options: None
2019-09-19 22:17:11,259 [MainThread  ][INFO ]  Initial parameter values: [-0.012821648078839981, 0.08212647814040566, 0.04106074140006899, 0.05081215004233969, 0, 1]
2019-09-19 22:18:21,764 [MainThread  ][INFO ]  Final fidelity: 0.9605741476104624
2019-09-19 22:18:21,765 [MainThread  ][INFO ]  Final parameters: [  7.60183363 -26.12684263  10.45932111  11.88160025   1.99097294
  -0.55846084]
2019-09-19 22:18:21,765 [MainThread  ][INFO ]  Fidelity: 0.9605741476104624
2019-09-19 22:18:21,765 [MainThread  ][INFO ]  ---- Iteration 55/100
2019-09-19 22:18:21,765 [MainThread  ][DEBUG]  Regenerated CRAB frequencies: nuk=[ 0.43153892 -0.48265533]
2019-09-19 22:18:21,766 [MainThread  ][DEBUG]  Setting hyperparameter tf=1.1363636363636365
2019-09-19 22:18:21,766 [MainThread  ][INFO ]  Starting optimization for tf=1.1363636363636365
2019-09-19 22:18:21,766 [MainThread  ][DEBUG]  Optimization method: Nelder-Mead
2019-09-19 22:18:21,766 [MainThread  ][DEBUG]  Optimization options: None
2019-09-19 22:18:21,766 [MainThread  ][INFO ]  Initial parameter values: [0.0576140588703995, -0.06329570272715608, 0.08885719850781315, 0.04547305075816674, 0, 1]
2019-09-19 22:18:55,494 [MainThread  ][INFO ]  Final fidelity: 0.94841796191353
2019-09-19 22:18:55,495 [MainThread  ][INFO ]  Final parameters: [ -2.92603757 -15.47506045 -30.39849589  -6.42059535   1.60044227
  -0.26775301]
2019-09-19 22:18:55,495 [MainThread  ][INFO ]  Fidelity: 0.94841796191353
2019-09-19 22:18:55,495 [MainThread  ][INFO ]  ---- Iteration 56/100
2019-09-19 22:18:55,495 [MainThread  ][DEBUG]  Regenerated CRAB frequencies: nuk=[0.24014254 0.3529165 ]
2019-09-19 22:18:55,495 [MainThread  ][DEBUG]  Setting hyperparameter tf=1.1555555555555557
2019-09-19 22:18:55,495 [MainThread  ][INFO ]  Starting optimization for tf=1.1555555555555557
2019-09-19 22:18:55,495 [MainThread  ][DEBUG]  Optimization method: Nelder-Mead
2019-09-19 22:18:55,495 [MainThread  ][DEBUG]  Optimization options: None
2019-09-19 22:18:55,495 [MainThread  ][INFO ]  Initial parameter values: [-0.07581269730860007, 0.008668438498830991, -0.07800584025838767, 0.051517831841271955, 0, 1]
2019-09-19 22:19:29,399 [MainThread  ][INFO ]  Final fidelity: 0.977292321030472
2019-09-19 22:19:29,400 [MainThread  ][INFO ]  Final parameters: [-19.33833088  -3.69028083   0.6899794   -7.24975754   1.92527315
  -0.54193074]
2019-09-19 22:19:29,400 [MainThread  ][INFO ]  Fidelity: 0.977292321030472
2019-09-19 22:19:29,400 [MainThread  ][INFO ]  ---- Iteration 57/100
2019-09-19 22:19:29,401 [MainThread  ][DEBUG]  Regenerated CRAB frequencies: nuk=[-0.31344466  0.38472468]
2019-09-19 22:19:29,401 [MainThread  ][DEBUG]  Setting hyperparameter tf=1.1747474747474747
2019-09-19 22:19:29,401 [MainThread  ][INFO ]  Starting optimization for tf=1.1747474747474747
2019-09-19 22:19:29,401 [MainThread  ][DEBUG]  Optimization method: Nelder-Mead
2019-09-19 22:19:29,401 [MainThread  ][DEBUG]  Optimization options: None
2019-09-19 22:19:29,401 [MainThread  ][INFO ]  Initial parameter values: [-0.01238376935996692, -0.0644133088335429, -0.0018297330857903055, 0.07015830349138658, 0, 1]
2019-09-19 22:20:04,508 [MainThread  ][INFO ]  Final fidelity: 0.9721321535893653
2019-09-19 22:20:04,509 [MainThread  ][INFO ]  Final parameters: [ -2.10135681  -0.46145826   0.47652638 -11.22875601   1.99653182
  -0.59990381]
2019-09-19 22:20:04,509 [MainThread  ][INFO ]  Fidelity: 0.9721321535893653
2019-09-19 22:20:04,509 [MainThread  ][INFO ]  ---- Iteration 58/100
2019-09-19 22:20:04,509 [MainThread  ][DEBUG]  Regenerated CRAB frequencies: nuk=[-0.01500987 -0.39720821]
2019-09-19 22:20:04,510 [MainThread  ][DEBUG]  Setting hyperparameter tf=1.1939393939393939
2019-09-19 22:20:04,510 [MainThread  ][INFO ]  Starting optimization for tf=1.1939393939393939
2019-09-19 22:20:04,510 [MainThread  ][DEBUG]  Optimization method: Nelder-Mead
2019-09-19 22:20:04,510 [MainThread  ][DEBUG]  Optimization options: None
2019-09-19 22:20:04,510 [MainThread  ][INFO ]  Initial parameter values: [0.07233163879172297, 0.004790158754684179, 0.032169783234272026, -0.09861753866544004, 0, 1]
2019-09-19 22:20:39,932 [MainThread  ][INFO ]  Final fidelity: 0.9832591688573297
2019-09-19 22:20:39,933 [MainThread  ][INFO ]  Final parameters: [-10.46372713  -0.58737932   4.47700772  -0.25332117   1.99999999
  -0.68732096]
2019-09-19 22:20:39,933 [MainThread  ][INFO ]  Fidelity: 0.9832591688573297
2019-09-19 22:20:39,933 [MainThread  ][INFO ]  ---- Iteration 59/100
2019-09-19 22:20:39,934 [MainThread  ][DEBUG]  Regenerated CRAB frequencies: nuk=[-0.09640747  0.31350734]
2019-09-19 22:20:39,934 [MainThread  ][DEBUG]  Setting hyperparameter tf=1.213131313131313
2019-09-19 22:20:39,934 [MainThread  ][INFO ]  Starting optimization for tf=1.213131313131313
2019-09-19 22:20:39,934 [MainThread  ][DEBUG]  Optimization method: Nelder-Mead
2019-09-19 22:20:39,934 [MainThread  ][DEBUG]  Optimization options: None
2019-09-19 22:20:39,934 [MainThread  ][INFO ]  Initial parameter values: [0.03951140060617209, 0.029193931265381223, 0.09725839197639971, 0.09665222339048007, 0, 1]
2019-09-19 22:21:13,725 [MainThread  ][INFO ]  Final fidelity: 0.9672860655016929
2019-09-19 22:21:13,726 [MainThread  ][INFO ]  Final parameters: [ -1.45432785   4.32772952 -12.81299325 -21.50126319   1.81560943
  -0.29668756]
2019-09-19 22:21:13,726 [MainThread  ][INFO ]  Fidelity: 0.9672860655016929
2019-09-19 22:21:13,726 [MainThread  ][INFO ]  ---- Iteration 60/100
2019-09-19 22:21:13,726 [MainThread  ][DEBUG]  Regenerated CRAB frequencies: nuk=[-0.09343354 -0.3305338 ]
2019-09-19 22:21:13,726 [MainThread  ][DEBUG]  Setting hyperparameter tf=1.2323232323232323
2019-09-19 22:21:13,726 [MainThread  ][INFO ]  Starting optimization for tf=1.2323232323232323
2019-09-19 22:21:13,726 [MainThread  ][DEBUG]  Optimization method: Nelder-Mead
2019-09-19 22:21:13,727 [MainThread  ][DEBUG]  Optimization options: None
2019-09-19 22:21:13,727 [MainThread  ][INFO ]  Initial parameter values: [-0.0752349006719727, 0.036959697220122184, -0.048910040895213405, 0.026467716141180597, 0, 1]
2019-09-19 22:21:50,142 [MainThread  ][INFO ]  Final fidelity: 0.9860391328728713
2019-09-19 22:21:50,142 [MainThread  ][INFO ]  Final parameters: [-17.62304203  -4.80645124   4.3681176  -11.79586963   1.82869585
  -0.56232986]
2019-09-19 22:21:50,142 [MainThread  ][INFO ]  Fidelity: 0.9860391328728713
2019-09-19 22:21:50,142 [MainThread  ][INFO ]  ---- Iteration 61/100
2019-09-19 22:21:50,143 [MainThread  ][DEBUG]  Regenerated CRAB frequencies: nuk=[ 0.48510431 -0.21413964]
2019-09-19 22:21:50,143 [MainThread  ][DEBUG]  Setting hyperparameter tf=1.2515151515151515
2019-09-19 22:21:50,143 [MainThread  ][INFO ]  Starting optimization for tf=1.2515151515151515
2019-09-19 22:21:50,143 [MainThread  ][DEBUG]  Optimization method: Nelder-Mead
2019-09-19 22:21:50,143 [MainThread  ][DEBUG]  Optimization options: None
2019-09-19 22:21:50,143 [MainThread  ][INFO ]  Initial parameter values: [0.017831751040750785, 0.018700391359989993, 0.09633890418757704, -0.0070374341990797895, 0, 1]
2019-09-19 22:23:12,982 [MainThread  ][INFO ]  Final fidelity: 0.9894052687791635
2019-09-19 22:23:12,983 [MainThread  ][INFO ]  Final parameters: [ 1.10768797 -7.14930086 16.47913035  1.00906776  1.99999974 -0.54872771]
2019-09-19 22:23:12,983 [MainThread  ][INFO ]  Fidelity: 0.9894052687791635
2019-09-19 22:23:12,983 [MainThread  ][INFO ]  ---- Iteration 62/100
2019-09-19 22:23:12,983 [MainThread  ][DEBUG]  Regenerated CRAB frequencies: nuk=[-0.30376807 -0.1826384 ]
2019-09-19 22:23:12,984 [MainThread  ][DEBUG]  Setting hyperparameter tf=1.2707070707070707
2019-09-19 22:23:12,984 [MainThread  ][INFO ]  Starting optimization for tf=1.2707070707070707
2019-09-19 22:23:12,984 [MainThread  ][DEBUG]  Optimization method: Nelder-Mead
2019-09-19 22:23:12,984 [MainThread  ][DEBUG]  Optimization options: None
2019-09-19 22:23:12,984 [MainThread  ][INFO ]  Initial parameter values: [0.06804434738145021, 0.0917176030246277, 0.02384980389614473, -0.03703951081535331, 0, 1]
2019-09-19 22:24:12,623 [MainThread  ][INFO ]  Final fidelity: 0.9923812384122482
2019-09-19 22:24:12,624 [MainThread  ][INFO ]  Final parameters: [-5.90995258 -4.97312143 -2.27791262  6.87838619  1.99255053 -0.57384599]
2019-09-19 22:24:12,624 [MainThread  ][INFO ]  Fidelity: 0.9923812384122482
2019-09-19 22:24:12,624 [MainThread  ][INFO ]  ---- Iteration 63/100
2019-09-19 22:24:12,625 [MainThread  ][DEBUG]  Regenerated CRAB frequencies: nuk=[-0.34712145  0.05135597]
2019-09-19 22:24:12,625 [MainThread  ][DEBUG]  Setting hyperparameter tf=1.2898989898989899
2019-09-19 22:24:12,625 [MainThread  ][INFO ]  Starting optimization for tf=1.2898989898989899
2019-09-19 22:24:12,625 [MainThread  ][DEBUG]  Optimization method: Nelder-Mead
2019-09-19 22:24:12,625 [MainThread  ][DEBUG]  Optimization options: None
2019-09-19 22:24:12,625 [MainThread  ][INFO ]  Initial parameter values: [-0.08591861201476161, -0.07521887167591573, 0.054212246138279546, 0.011621101232346429, 0, 1]
2019-09-19 22:24:51,602 [MainThread  ][INFO ]  Final fidelity: 0.983174530156997
2019-09-19 22:24:51,603 [MainThread  ][INFO ]  Final parameters: [-18.62895814  19.46176593   2.4619239   -1.8249737    1.53643084
  -0.4929868 ]
2019-09-19 22:24:51,603 [MainThread  ][INFO ]  Fidelity: 0.983174530156997
2019-09-19 22:24:51,603 [MainThread  ][INFO ]  ---- Iteration 64/100
2019-09-19 22:24:51,603 [MainThread  ][DEBUG]  Regenerated CRAB frequencies: nuk=[-0.02116356  0.25896642]
2019-09-19 22:24:51,603 [MainThread  ][DEBUG]  Setting hyperparameter tf=1.309090909090909
2019-09-19 22:24:51,603 [MainThread  ][INFO ]  Starting optimization for tf=1.309090909090909
2019-09-19 22:24:51,603 [MainThread  ][DEBUG]  Optimization method: Nelder-Mead
2019-09-19 22:24:51,604 [MainThread  ][DEBUG]  Optimization options: None
2019-09-19 22:24:51,604 [MainThread  ][INFO ]  Initial parameter values: [0.07850913395541068, 0.07253844373029758, 0.06946801717655854, -0.026220734667750503, 0, 1]
2019-09-19 22:25:53,320 [MainThread  ][INFO ]  Final fidelity: 0.9945812058753288
2019-09-19 22:25:53,320 [MainThread  ][INFO ]  Final parameters: [-10.23911075 -23.82536638  26.18417346   2.81271872   1.95047168
  -0.83278347]
2019-09-19 22:25:53,321 [MainThread  ][INFO ]  Fidelity: 0.9945812058753288
2019-09-19 22:25:53,321 [MainThread  ][INFO ]  ---- Iteration 65/100
2019-09-19 22:25:53,321 [MainThread  ][DEBUG]  Regenerated CRAB frequencies: nuk=[ 0.29007887 -0.35263609]
2019-09-19 22:25:53,321 [MainThread  ][DEBUG]  Setting hyperparameter tf=1.3282828282828283
2019-09-19 22:25:53,321 [MainThread  ][INFO ]  Starting optimization for tf=1.3282828282828283
2019-09-19 22:25:53,321 [MainThread  ][DEBUG]  Optimization method: Nelder-Mead
2019-09-19 22:25:53,321 [MainThread  ][DEBUG]  Optimization options: None
2019-09-19 22:25:53,321 [MainThread  ][INFO ]  Initial parameter values: [0.028894261361997103, 0.04680841271941302, -0.06898046304726856, -0.028900721648679628, 0, 1]
2019-09-19 22:26:29,604 [MainThread  ][INFO ]  Final fidelity: 0.9951380937421391
2019-09-19 22:26:29,604 [MainThread  ][INFO ]  Final parameters: [-10.13198322  -1.35278852  -0.73786081   4.76644068   1.98820829
  -0.43712529]
2019-09-19 22:26:29,605 [MainThread  ][INFO ]  Fidelity: 0.9951380937421391
2019-09-19 22:26:29,605 [MainThread  ][INFO ]  ---- Iteration 66/100
2019-09-19 22:26:29,605 [MainThread  ][DEBUG]  Regenerated CRAB frequencies: nuk=[-0.37926989  0.12672604]
2019-09-19 22:26:29,605 [MainThread  ][DEBUG]  Setting hyperparameter tf=1.3474747474747475
2019-09-19 22:26:29,605 [MainThread  ][INFO ]  Starting optimization for tf=1.3474747474747475
2019-09-19 22:26:29,605 [MainThread  ][DEBUG]  Optimization method: Nelder-Mead
2019-09-19 22:26:29,605 [MainThread  ][DEBUG]  Optimization options: None
2019-09-19 22:26:29,605 [MainThread  ][INFO ]  Initial parameter values: [0.06782942387379218, 0.09199002802212605, -0.012199980008233371, -0.05417672136778691, 0, 1]
2019-09-19 22:27:06,408 [MainThread  ][INFO ]  Final fidelity: 0.9990409761266652
2019-09-19 22:27:06,409 [MainThread  ][INFO ]  Final parameters: [-16.245015    -1.41523501  -1.54262856  -0.43341158   1.99947689
  -0.74907523]
2019-09-19 22:27:06,409 [MainThread  ][INFO ]  Fidelity: 0.9990409761266652
2019-09-19 22:27:06,409 [MainThread  ][INFO ]  ---- Iteration 67/100
2019-09-19 22:27:06,409 [MainThread  ][DEBUG]  Regenerated CRAB frequencies: nuk=[0.28812047 0.47367955]
2019-09-19 22:27:06,410 [MainThread  ][DEBUG]  Setting hyperparameter tf=1.3666666666666667
2019-09-19 22:27:06,410 [MainThread  ][INFO ]  Starting optimization for tf=1.3666666666666667
2019-09-19 22:27:06,410 [MainThread  ][DEBUG]  Optimization method: Nelder-Mead
2019-09-19 22:27:06,410 [MainThread  ][DEBUG]  Optimization options: None
2019-09-19 22:27:06,410 [MainThread  ][INFO ]  Initial parameter values: [0.0053669684218372316, -0.05042809113553222, 0.07527359564852898, -0.08846181622638082, 0, 1]
2019-09-19 22:28:42,932 [MainThread  ][INFO ]  Final fidelity: 0.9936428367348904
2019-09-19 22:28:42,933 [MainThread  ][INFO ]  Final parameters: [-1.8204645   2.32318504  2.24902875  9.04857197  1.96398611 -0.39998469]
2019-09-19 22:28:42,933 [MainThread  ][INFO ]  Fidelity: 0.9936428367348904
2019-09-19 22:28:42,933 [MainThread  ][INFO ]  ---- Iteration 68/100
2019-09-19 22:28:42,934 [MainThread  ][DEBUG]  Regenerated CRAB frequencies: nuk=[ 0.04677175 -0.28463422]
2019-09-19 22:28:42,934 [MainThread  ][DEBUG]  Setting hyperparameter tf=1.385858585858586
2019-09-19 22:28:42,934 [MainThread  ][INFO ]  Starting optimization for tf=1.385858585858586
2019-09-19 22:28:42,934 [MainThread  ][DEBUG]  Optimization method: Nelder-Mead
2019-09-19 22:28:42,934 [MainThread  ][DEBUG]  Optimization options: None
2019-09-19 22:28:42,934 [MainThread  ][INFO ]  Initial parameter values: [0.06201610452966527, -0.03969633098935521, -0.060783563658119925, -0.08201075690825942, 0, 1]
2019-09-19 22:29:43,217 [MainThread  ][INFO ]  Final fidelity: 0.9982329091328429
2019-09-19 22:29:43,218 [MainThread  ][INFO ]  Final parameters: [-1.51169047 -6.58079841 14.98478677  3.97353724  1.99999986 -0.61744538]
2019-09-19 22:29:43,218 [MainThread  ][INFO ]  Fidelity: 0.9982329091328429
2019-09-19 22:29:43,218 [MainThread  ][INFO ]  ---- Iteration 69/100
2019-09-19 22:29:43,219 [MainThread  ][DEBUG]  Regenerated CRAB frequencies: nuk=[-0.08591856  0.02531023]
2019-09-19 22:29:43,219 [MainThread  ][DEBUG]  Setting hyperparameter tf=1.405050505050505
2019-09-19 22:29:43,219 [MainThread  ][INFO ]  Starting optimization for tf=1.405050505050505
2019-09-19 22:29:43,219 [MainThread  ][DEBUG]  Optimization method: Nelder-Mead
2019-09-19 22:29:43,219 [MainThread  ][DEBUG]  Optimization options: None
2019-09-19 22:29:43,219 [MainThread  ][INFO ]  Initial parameter values: [-0.04571767944519809, -0.03647654275546697, -0.07745710864380746, 0.04102835899947421, 0, 1]
2019-09-19 22:30:16,003 [MainThread  ][INFO ]  Final fidelity: 0.9958707293736505
2019-09-19 22:30:16,004 [MainThread  ][INFO ]  Final parameters: [-3.10932144  8.58899764 16.7175862  -4.53816638  1.99999003 -0.62916174]
2019-09-19 22:30:16,004 [MainThread  ][INFO ]  Fidelity: 0.9958707293736505
2019-09-19 22:30:16,004 [MainThread  ][INFO ]  ---- Iteration 70/100
2019-09-19 22:30:16,005 [MainThread  ][DEBUG]  Regenerated CRAB frequencies: nuk=[0.308772   0.23984374]
2019-09-19 22:30:16,005 [MainThread  ][DEBUG]  Setting hyperparameter tf=1.4242424242424243
2019-09-19 22:30:16,005 [MainThread  ][INFO ]  Starting optimization for tf=1.4242424242424243
2019-09-19 22:30:16,005 [MainThread  ][DEBUG]  Optimization method: Nelder-Mead
2019-09-19 22:30:16,005 [MainThread  ][DEBUG]  Optimization options: None
2019-09-19 22:30:16,005 [MainThread  ][INFO ]  Initial parameter values: [0.0007558593739767083, 0.04206262623694343, -0.051743069958235216, -0.02419921338505586, 0, 1]
2019-09-19 22:30:47,995 [MainThread  ][INFO ]  Final fidelity: 0.9948294728394027
2019-09-19 22:30:47,996 [MainThread  ][INFO ]  Final parameters: [-0.06862512  6.13349296 -3.50085595  8.31354481  1.99999662 -0.35629051]
2019-09-19 22:30:47,996 [MainThread  ][INFO ]  Fidelity: 0.9948294728394027
2019-09-19 22:30:47,996 [MainThread  ][INFO ]  ---- Iteration 71/100
2019-09-19 22:30:47,996 [MainThread  ][DEBUG]  Regenerated CRAB frequencies: nuk=[0.46059331 0.08799479]
2019-09-19 22:30:47,996 [MainThread  ][DEBUG]  Setting hyperparameter tf=1.4434343434343435
2019-09-19 22:30:47,996 [MainThread  ][INFO ]  Starting optimization for tf=1.4434343434343435
2019-09-19 22:30:47,996 [MainThread  ][DEBUG]  Optimization method: Nelder-Mead
2019-09-19 22:30:47,997 [MainThread  ][DEBUG]  Optimization options: None
2019-09-19 22:30:47,997 [MainThread  ][INFO ]  Initial parameter values: [-0.04226463188789858, -0.022318654913787567, 0.03334085908175635, -0.058607924094129606, 0, 1]
2019-09-19 22:32:15,620 [MainThread  ][INFO ]  Final fidelity: 0.9973002395580775
2019-09-19 22:32:15,621 [MainThread  ][INFO ]  Final parameters: [ 3.57808367  4.40801003  2.79976046 10.9431256   1.99999855 -0.40942513]
2019-09-19 22:32:15,621 [MainThread  ][INFO ]  Fidelity: 0.9973002395580775
2019-09-19 22:32:15,621 [MainThread  ][INFO ]  ---- Iteration 72/100
2019-09-19 22:32:15,622 [MainThread  ][DEBUG]  Regenerated CRAB frequencies: nuk=[ 0.42940971 -0.25388722]
2019-09-19 22:32:15,622 [MainThread  ][DEBUG]  Setting hyperparameter tf=1.4626262626262627
2019-09-19 22:32:15,622 [MainThread  ][INFO ]  Starting optimization for tf=1.4626262626262627
2019-09-19 22:32:15,622 [MainThread  ][DEBUG]  Optimization method: Nelder-Mead
2019-09-19 22:32:15,622 [MainThread  ][DEBUG]  Optimization options: None
2019-09-19 22:32:15,622 [MainThread  ][INFO ]  Initial parameter values: [-0.037691043621294586, 0.05061426070676442, 0.005224335139548036, 0.09016195781756492, 0, 1]
2019-09-19 22:32:48,684 [MainThread  ][INFO ]  Final fidelity: 0.9973439161911121
2019-09-19 22:32:48,685 [MainThread  ][INFO ]  Final parameters: [ 5.85551848 -8.5432859  -0.11624963 -0.63372375  1.99999953 -0.32845994]
2019-09-19 22:32:48,685 [MainThread  ][INFO ]  Fidelity: 0.9973439161911121
2019-09-19 22:32:48,685 [MainThread  ][INFO ]  ---- Iteration 73/100
2019-09-19 22:32:48,686 [MainThread  ][DEBUG]  Regenerated CRAB frequencies: nuk=[ 0.48995773 -0.01342759]
2019-09-19 22:32:48,686 [MainThread  ][DEBUG]  Setting hyperparameter tf=1.481818181818182
2019-09-19 22:32:48,686 [MainThread  ][INFO ]  Starting optimization for tf=1.481818181818182
2019-09-19 22:32:48,686 [MainThread  ][DEBUG]  Optimization method: Nelder-Mead
2019-09-19 22:32:48,686 [MainThread  ][DEBUG]  Optimization options: None
2019-09-19 22:32:48,686 [MainThread  ][INFO ]  Initial parameter values: [0.010049698390145162, -0.0680776385080972, -0.002131925288936798, -0.04893149957407464, 0, 1]
2019-09-19 22:33:25,830 [MainThread  ][INFO ]  Final fidelity: 0.9949578636523986
2019-09-19 22:33:25,831 [MainThread  ][INFO ]  Final parameters: [-0.06632403 16.79118367 -0.11250989  1.39411371  1.84250936 -0.25036276]
2019-09-19 22:33:25,831 [MainThread  ][INFO ]  Fidelity: 0.9949578636523986
2019-09-19 22:33:25,831 [MainThread  ][INFO ]  ---- Iteration 74/100
2019-09-19 22:33:25,831 [MainThread  ][DEBUG]  Regenerated CRAB frequencies: nuk=[0.43223556 0.01571657]
2019-09-19 22:33:25,831 [MainThread  ][DEBUG]  Setting hyperparameter tf=1.501010101010101
2019-09-19 22:33:25,831 [MainThread  ][INFO ]  Starting optimization for tf=1.501010101010101
2019-09-19 22:33:25,831 [MainThread  ][DEBUG]  Optimization method: Nelder-Mead
2019-09-19 22:33:25,831 [MainThread  ][DEBUG]  Optimization options: None
2019-09-19 22:33:25,832 [MainThread  ][INFO ]  Initial parameter values: [0.06160881933016596, -0.014313473914655955, 0.06289232263670866, 0.009095484508531107, 0, 1]
2019-09-19 22:34:33,258 [MainThread  ][INFO ]  Final fidelity: 0.9991423555524832
2019-09-19 22:34:33,259 [MainThread  ][INFO ]  Final parameters: [ 2.71387733  2.1830493   8.81403931  2.01335743  1.99958803 -0.3787995 ]
2019-09-19 22:34:33,259 [MainThread  ][INFO ]  Fidelity: 0.9991423555524832
2019-09-19 22:34:33,259 [MainThread  ][INFO ]  ---- Iteration 75/100
2019-09-19 22:34:33,260 [MainThread  ][DEBUG]  Regenerated CRAB frequencies: nuk=[-0.19776181 -0.30942708]
2019-09-19 22:34:33,260 [MainThread  ][DEBUG]  Setting hyperparameter tf=1.52020202020202
2019-09-19 22:34:33,260 [MainThread  ][INFO ]  Starting optimization for tf=1.52020202020202
2019-09-19 22:34:33,260 [MainThread  ][DEBUG]  Optimization method: Nelder-Mead
2019-09-19 22:34:33,260 [MainThread  ][DEBUG]  Optimization options: None
2019-09-19 22:34:33,260 [MainThread  ][INFO ]  Initial parameter values: [0.0008602250876985906, 0.02353218313012302, -0.09318887186390173, -0.08459442672783289, 0, 1]
2019-09-19 22:35:09,813 [MainThread  ][INFO ]  Final fidelity: 0.9990056080798921
2019-09-19 22:35:09,813 [MainThread  ][INFO ]  Final parameters: [-0.04928517  1.6719227   9.83073443 16.17792557  1.83377583 -0.46649325]
2019-09-19 22:35:09,813 [MainThread  ][INFO ]  Fidelity: 0.9990056080798921
2019-09-19 22:35:09,814 [MainThread  ][INFO ]  ---- Iteration 76/100
2019-09-19 22:35:09,814 [MainThread  ][DEBUG]  Regenerated CRAB frequencies: nuk=[-0.00283727  0.48118035]
2019-09-19 22:35:09,814 [MainThread  ][DEBUG]  Setting hyperparameter tf=1.5393939393939393
2019-09-19 22:35:09,814 [MainThread  ][INFO ]  Starting optimization for tf=1.5393939393939393
2019-09-19 22:35:09,814 [MainThread  ][DEBUG]  Optimization method: Nelder-Mead
2019-09-19 22:35:09,814 [MainThread  ][DEBUG]  Optimization options: None
2019-09-19 22:35:09,814 [MainThread  ][INFO ]  Initial parameter values: [0.0953302713659894, -0.004773753680533163, 0.07441122321258331, -0.0009773385596139328, 0, 1]
2019-09-19 22:36:05,988 [MainThread  ][INFO ]  Final fidelity: 0.9991596656888201
2019-09-19 22:36:05,989 [MainThread  ][INFO ]  Final parameters: [-5.48592737  1.85068883  1.09284313 -0.32851014  1.81844087 -0.24247423]
2019-09-19 22:36:05,989 [MainThread  ][INFO ]  Fidelity: 0.9991596656888201
2019-09-19 22:36:05,990 [MainThread  ][INFO ]  ---- Iteration 77/100
2019-09-19 22:36:05,990 [MainThread  ][DEBUG]  Regenerated CRAB frequencies: nuk=[-0.21713679  0.40810543]
2019-09-19 22:36:05,990 [MainThread  ][DEBUG]  Setting hyperparameter tf=1.5585858585858585
2019-09-19 22:36:05,990 [MainThread  ][INFO ]  Starting optimization for tf=1.5585858585858585
2019-09-19 22:36:05,990 [MainThread  ][DEBUG]  Optimization method: Nelder-Mead
2019-09-19 22:36:05,991 [MainThread  ][DEBUG]  Optimization options: None
2019-09-19 22:36:05,991 [MainThread  ][INFO ]  Initial parameter values: [0.03643473692011734, -0.058322550628644554, 0.07104501033266206, 0.04241974281488886, 0, 1]
2019-09-19 22:37:29,448 [MainThread  ][INFO ]  Final fidelity: 0.9978064678727523
2019-09-19 22:37:29,449 [MainThread  ][INFO ]  Final parameters: [-7.7050963   9.88926508  4.29879397 -6.552578    1.55091746 -0.24498243]
2019-09-19 22:37:29,449 [MainThread  ][INFO ]  Fidelity: 0.9978064678727523
2019-09-19 22:37:29,449 [MainThread  ][INFO ]  ---- Iteration 78/100
2019-09-19 22:37:29,450 [MainThread  ][DEBUG]  Regenerated CRAB frequencies: nuk=[0.40278881 0.2051848 ]
2019-09-19 22:37:29,450 [MainThread  ][DEBUG]  Setting hyperparameter tf=1.5777777777777777
2019-09-19 22:37:29,450 [MainThread  ][INFO ]  Starting optimization for tf=1.5777777777777777
2019-09-19 22:37:29,450 [MainThread  ][DEBUG]  Optimization method: Nelder-Mead
2019-09-19 22:37:29,450 [MainThread  ][DEBUG]  Optimization options: None
2019-09-19 22:37:29,450 [MainThread  ][INFO ]  Initial parameter values: [0.011134170307532651, -0.056416854839225254, 0.06116671541046412, -0.01648126851755294, 0, 1]
2019-09-19 22:38:05,864 [MainThread  ][INFO ]  Final fidelity: 0.9990600332212736
2019-09-19 22:38:05,865 [MainThread  ][INFO ]  Final parameters: [ 2.62228708  8.40636464 -1.22434553  0.14903558  1.99999884 -0.29581393]
2019-09-19 22:38:05,865 [MainThread  ][INFO ]  Fidelity: 0.9990600332212736
2019-09-19 22:38:05,865 [MainThread  ][INFO ]  ---- Iteration 79/100
2019-09-19 22:38:05,865 [MainThread  ][DEBUG]  Regenerated CRAB frequencies: nuk=[0.02300792 0.39398974]
2019-09-19 22:38:05,865 [MainThread  ][DEBUG]  Setting hyperparameter tf=1.596969696969697
2019-09-19 22:38:05,866 [MainThread  ][INFO ]  Starting optimization for tf=1.596969696969697
2019-09-19 22:38:05,866 [MainThread  ][DEBUG]  Optimization method: Nelder-Mead
2019-09-19 22:38:05,866 [MainThread  ][DEBUG]  Optimization options: None
2019-09-19 22:38:05,866 [MainThread  ][INFO ]  Initial parameter values: [-0.05965027160209338, -0.07501022371008662, -0.028488403262073456, 0.053805399321238484, 0, 1]
2019-09-19 22:38:45,325 [MainThread  ][INFO ]  Final fidelity: 0.970241200496525
2019-09-19 22:38:45,326 [MainThread  ][INFO ]  Final parameters: [  5.23834305   7.05088955  -0.33921482 -25.0904385    1.3253349
   0.06009255]
2019-09-19 22:38:45,327 [MainThread  ][INFO ]  Fidelity: 0.970241200496525
2019-09-19 22:38:45,327 [MainThread  ][INFO ]  ---- Iteration 80/100
2019-09-19 22:38:45,327 [MainThread  ][DEBUG]  Regenerated CRAB frequencies: nuk=[ 0.08789864 -0.4708018 ]
2019-09-19 22:38:45,328 [MainThread  ][DEBUG]  Setting hyperparameter tf=1.6161616161616161
2019-09-19 22:38:45,328 [MainThread  ][INFO ]  Starting optimization for tf=1.6161616161616161
2019-09-19 22:38:45,328 [MainThread  ][DEBUG]  Optimization method: Nelder-Mead
2019-09-19 22:38:45,328 [MainThread  ][DEBUG]  Optimization options: None
2019-09-19 22:38:45,328 [MainThread  ][INFO ]  Initial parameter values: [0.09753405034836496, 0.06581472936968624, -0.09332966014500943, 0.09115000869650819, 0, 1]
2019-09-19 22:39:21,376 [MainThread  ][INFO ]  Final fidelity: 0.9991344412806422
2019-09-19 22:39:21,377 [MainThread  ][INFO ]  Final parameters: [  9.47722584 -29.73325269  11.50656142  -6.29772664   1.14639058
   0.33954536]
2019-09-19 22:39:21,377 [MainThread  ][INFO ]  Fidelity: 0.9991344412806422
2019-09-19 22:39:21,377 [MainThread  ][INFO ]  ---- Iteration 81/100
2019-09-19 22:39:21,378 [MainThread  ][DEBUG]  Regenerated CRAB frequencies: nuk=[ 0.04539917 -0.4240686 ]
2019-09-19 22:39:21,378 [MainThread  ][DEBUG]  Setting hyperparameter tf=1.6353535353535353
2019-09-19 22:39:21,378 [MainThread  ][INFO ]  Starting optimization for tf=1.6353535353535353
2019-09-19 22:39:21,378 [MainThread  ][DEBUG]  Optimization method: Nelder-Mead
2019-09-19 22:39:21,378 [MainThread  ][DEBUG]  Optimization options: None
2019-09-19 22:39:21,378 [MainThread  ][INFO ]  Initial parameter values: [-0.046639739587679134, -0.020612697880391745, 0.03456613413932513, -0.03837626121287616, 0, 1]
2019-09-19 22:40:30,537 [MainThread  ][INFO ]  Final fidelity: 0.9975945089287075
2019-09-19 22:40:30,537 [MainThread  ][INFO ]  Final parameters: [ 15.1742297  -10.9141844  -18.41877979  37.0334379    1.46238728
  -0.10826462]
2019-09-19 22:40:30,538 [MainThread  ][INFO ]  Fidelity: 0.9975945089287075
2019-09-19 22:40:30,538 [MainThread  ][INFO ]  ---- Iteration 82/100
2019-09-19 22:40:30,538 [MainThread  ][DEBUG]  Regenerated CRAB frequencies: nuk=[0.12625684 0.35198437]
2019-09-19 22:40:30,538 [MainThread  ][DEBUG]  Setting hyperparameter tf=1.6545454545454545
2019-09-19 22:40:30,538 [MainThread  ][INFO ]  Starting optimization for tf=1.6545454545454545
2019-09-19 22:40:30,538 [MainThread  ][DEBUG]  Optimization method: Nelder-Mead
2019-09-19 22:40:30,538 [MainThread  ][DEBUG]  Optimization options: None
2019-09-19 22:40:30,538 [MainThread  ][INFO ]  Initial parameter values: [-0.07761750086366359, -0.0240740456309418, -0.07680500977450185, -0.01746074149148409, 0, 1]
2019-09-19 22:41:05,298 [MainThread  ][INFO ]  Final fidelity: 0.9851837505649621
2019-09-19 22:41:05,298 [MainThread  ][INFO ]  Final parameters: [  9.38568953   5.3569859   -7.3215334  -13.22420383   1.85568507
  -0.0855156 ]
2019-09-19 22:41:05,298 [MainThread  ][INFO ]  Fidelity: 0.9851837505649621
2019-09-19 22:41:05,299 [MainThread  ][INFO ]  ---- Iteration 83/100
2019-09-19 22:41:05,299 [MainThread  ][DEBUG]  Regenerated CRAB frequencies: nuk=[ 0.07825463 -0.46688092]
2019-09-19 22:41:05,299 [MainThread  ][DEBUG]  Setting hyperparameter tf=1.6737373737373737
2019-09-19 22:41:05,299 [MainThread  ][INFO ]  Starting optimization for tf=1.6737373737373737
2019-09-19 22:41:05,299 [MainThread  ][DEBUG]  Optimization method: Nelder-Mead
2019-09-19 22:41:05,299 [MainThread  ][DEBUG]  Optimization options: None
2019-09-19 22:41:05,299 [MainThread  ][INFO ]  Initial parameter values: [-0.026713878688124512, -0.09834684104357937, 0.035494749790218744, -0.008549614954059884, 0, 1]
2019-09-19 22:41:40,174 [MainThread  ][INFO ]  Final fidelity: 0.9752045226100283
2019-09-19 22:41:40,174 [MainThread  ][INFO ]  Final parameters: [23.27240007  2.79180653 24.57065907 -0.35901377  1.77130976 -0.47602463]
2019-09-19 22:41:40,174 [MainThread  ][INFO ]  Fidelity: 0.9752045226100283
2019-09-19 22:41:40,174 [MainThread  ][INFO ]  ---- Iteration 84/100
2019-09-19 22:41:40,175 [MainThread  ][DEBUG]  Regenerated CRAB frequencies: nuk=[0.2875851  0.46587529]
2019-09-19 22:41:40,175 [MainThread  ][DEBUG]  Setting hyperparameter tf=1.692929292929293
2019-09-19 22:41:40,175 [MainThread  ][INFO ]  Starting optimization for tf=1.692929292929293
2019-09-19 22:41:40,175 [MainThread  ][DEBUG]  Optimization method: Nelder-Mead
2019-09-19 22:41:40,175 [MainThread  ][DEBUG]  Optimization options: None
2019-09-19 22:41:40,175 [MainThread  ][INFO ]  Initial parameter values: [-0.09152122288457841, -0.06235092360571042, -0.010137558726815071, -0.060119111129138994, 0, 1]
2019-09-19 22:42:17,557 [MainThread  ][INFO ]  Final fidelity: 0.9670218617463049
2019-09-19 22:42:17,557 [MainThread  ][INFO ]  Final parameters: [-23.88698452   8.13543665  -0.88343116   1.51414828   0.80449292
   0.68381218]
2019-09-19 22:42:17,557 [MainThread  ][INFO ]  Fidelity: 0.9670218617463049
2019-09-19 22:42:17,558 [MainThread  ][INFO ]  ---- Iteration 85/100
2019-09-19 22:42:17,558 [MainThread  ][DEBUG]  Regenerated CRAB frequencies: nuk=[-0.26272288  0.42962137]
2019-09-19 22:42:17,558 [MainThread  ][DEBUG]  Setting hyperparameter tf=1.7121212121212122
2019-09-19 22:42:17,558 [MainThread  ][INFO ]  Starting optimization for tf=1.7121212121212122
2019-09-19 22:42:17,558 [MainThread  ][DEBUG]  Optimization method: Nelder-Mead
2019-09-19 22:42:17,558 [MainThread  ][DEBUG]  Optimization options: None
2019-09-19 22:42:17,558 [MainThread  ][INFO ]  Initial parameter values: [0.05509506023444946, -0.09266158277566837, 0.08138288480966299, -0.0765577249615685, 0, 1]
2019-09-19 22:43:20,888 [MainThread  ][INFO ]  Final fidelity: 0.9909477119558333
2019-09-19 22:43:20,889 [MainThread  ][INFO ]  Final parameters: [-3.15742039 14.0311303  -2.08637066 11.3466425   1.08914197  0.2569188 ]
2019-09-19 22:43:20,889 [MainThread  ][INFO ]  Fidelity: 0.9909477119558333
2019-09-19 22:43:20,889 [MainThread  ][INFO ]  ---- Iteration 86/100
2019-09-19 22:43:20,889 [MainThread  ][DEBUG]  Regenerated CRAB frequencies: nuk=[-0.32626228  0.37509077]
2019-09-19 22:43:20,889 [MainThread  ][DEBUG]  Setting hyperparameter tf=1.7313131313131314
2019-09-19 22:43:20,889 [MainThread  ][INFO ]  Starting optimization for tf=1.7313131313131314
2019-09-19 22:43:20,889 [MainThread  ][DEBUG]  Optimization method: Nelder-Mead
2019-09-19 22:43:20,889 [MainThread  ][DEBUG]  Optimization options: None
2019-09-19 22:43:20,889 [MainThread  ][INFO ]  Initial parameter values: [0.08165034909979318, 0.0057680775010520435, 0.09182869324386453, 0.027950693223522227, 0, 1]
2019-09-19 22:44:16,411 [MainThread  ][INFO ]  Final fidelity: 0.9991722852592743
2019-09-19 22:44:16,411 [MainThread  ][INFO ]  Final parameters: [-25.56776286   0.27541577  14.74037251 -10.59788599   1.00593336
  -0.19203911]
2019-09-19 22:44:16,411 [MainThread  ][INFO ]  Fidelity: 0.9991722852592743
2019-09-19 22:44:16,411 [MainThread  ][INFO ]  ---- Iteration 87/100
2019-09-19 22:44:16,412 [MainThread  ][DEBUG]  Regenerated CRAB frequencies: nuk=[-0.43445756  0.01474498]
2019-09-19 22:44:16,412 [MainThread  ][DEBUG]  Setting hyperparameter tf=1.7505050505050506
2019-09-19 22:44:16,412 [MainThread  ][INFO ]  Starting optimization for tf=1.7505050505050506
2019-09-19 22:44:16,412 [MainThread  ][DEBUG]  Optimization method: Nelder-Mead
2019-09-19 22:44:16,412 [MainThread  ][DEBUG]  Optimization options: None
2019-09-19 22:44:16,412 [MainThread  ][INFO ]  Initial parameter values: [0.09205851391904887, 0.021543169732658546, -0.00934075081374161, -0.05797364516733994, 0, 1]
2019-09-19 22:44:48,285 [MainThread  ][INFO ]  Final fidelity: 0.9992005122338581
2019-09-19 22:44:48,286 [MainThread  ][INFO ]  Final parameters: [-12.83866153   1.5460136   -0.79033065   8.93454854   1.06179056
  -0.02119789]
2019-09-19 22:44:48,286 [MainThread  ][INFO ]  Fidelity: 0.9992005122338581
2019-09-19 22:44:48,286 [MainThread  ][INFO ]  ---- Iteration 88/100
2019-09-19 22:44:48,286 [MainThread  ][DEBUG]  Regenerated CRAB frequencies: nuk=[-0.40542715  0.03703014]
2019-09-19 22:44:48,286 [MainThread  ][DEBUG]  Setting hyperparameter tf=1.7696969696969698
2019-09-19 22:44:48,286 [MainThread  ][INFO ]  Starting optimization for tf=1.7696969696969698
2019-09-19 22:44:48,286 [MainThread  ][DEBUG]  Optimization method: Nelder-Mead
2019-09-19 22:44:48,286 [MainThread  ][DEBUG]  Optimization options: None
2019-09-19 22:44:48,287 [MainThread  ][INFO ]  Initial parameter values: [0.09755953037635359, -0.07461875682637167, -0.06871477021985645, 0.07329494487822774, 0, 1]
2019-09-19 22:45:25,602 [MainThread  ][INFO ]  Final fidelity: 0.9985813130985705
2019-09-19 22:45:25,603 [MainThread  ][INFO ]  Final parameters: [-32.34628608  -3.94498308  16.9259646   31.42809289   0.74110329
  -0.09192216]
2019-09-19 22:45:25,604 [MainThread  ][INFO ]  Fidelity: 0.9985813130985705
2019-09-19 22:45:25,604 [MainThread  ][INFO ]  ---- Iteration 89/100
2019-09-19 22:45:25,604 [MainThread  ][DEBUG]  Regenerated CRAB frequencies: nuk=[ 0.07649567 -0.06147995]
2019-09-19 22:45:25,604 [MainThread  ][DEBUG]  Setting hyperparameter tf=1.7888888888888888
2019-09-19 22:45:25,605 [MainThread  ][INFO ]  Starting optimization for tf=1.7888888888888888
2019-09-19 22:45:25,605 [MainThread  ][DEBUG]  Optimization method: Nelder-Mead
2019-09-19 22:45:25,605 [MainThread  ][DEBUG]  Optimization options: None
2019-09-19 22:45:25,605 [MainThread  ][INFO ]  Initial parameter values: [0.07614730673802117, -0.06663604211354601, -0.02000033058997186, 0.07542576312701418, 0, 1]
2019-09-19 22:46:24,923 [MainThread  ][INFO ]  Final fidelity: 0.9992688747270813
2019-09-19 22:46:24,924 [MainThread  ][INFO ]  Final parameters: [  6.45003914 -18.130449    11.00259005  -9.79406177   1.78761436
  -0.29739845]
2019-09-19 22:46:24,924 [MainThread  ][INFO ]  Fidelity: 0.9992688747270813
2019-09-19 22:46:24,924 [MainThread  ][INFO ]  ---- Iteration 90/100
2019-09-19 22:46:24,924 [MainThread  ][DEBUG]  Regenerated CRAB frequencies: nuk=[-0.13867762 -0.49032947]
2019-09-19 22:46:24,924 [MainThread  ][DEBUG]  Setting hyperparameter tf=1.808080808080808
2019-09-19 22:46:24,924 [MainThread  ][INFO ]  Starting optimization for tf=1.808080808080808
2019-09-19 22:46:24,924 [MainThread  ][DEBUG]  Optimization method: Nelder-Mead
2019-09-19 22:46:24,924 [MainThread  ][DEBUG]  Optimization options: None
2019-09-19 22:46:24,924 [MainThread  ][INFO ]  Initial parameter values: [-0.05688851773810191, -0.02034944458515539, -0.008254853154976122, -0.038909618326312546, 0, 1]
2019-09-19 22:46:59,686 [MainThread  ][INFO ]  Final fidelity: 0.9991902324822605
2019-09-19 22:46:59,687 [MainThread  ][INFO ]  Final parameters: [ -4.24527927  -5.44507058   4.35339611 -14.07869026   1.34970524
   0.45809071]
2019-09-19 22:46:59,687 [MainThread  ][INFO ]  Fidelity: 0.9991902324822605
2019-09-19 22:46:59,687 [MainThread  ][INFO ]  ---- Iteration 91/100
2019-09-19 22:46:59,688 [MainThread  ][DEBUG]  Regenerated CRAB frequencies: nuk=[-0.12342669 -0.10588515]
2019-09-19 22:46:59,688 [MainThread  ][DEBUG]  Setting hyperparameter tf=1.8272727272727272
2019-09-19 22:46:59,688 [MainThread  ][INFO ]  Starting optimization for tf=1.8272727272727272
2019-09-19 22:46:59,688 [MainThread  ][DEBUG]  Optimization method: Nelder-Mead
2019-09-19 22:46:59,688 [MainThread  ][DEBUG]  Optimization options: None
2019-09-19 22:46:59,688 [MainThread  ][INFO ]  Initial parameter values: [0.04284080337520929, 0.06690619138768913, 0.05748080382029827, -0.05463788714458391, 0, 1]
2019-09-19 22:47:32,150 [MainThread  ][INFO ]  Final fidelity: 0.9992000469198042
2019-09-19 22:47:32,151 [MainThread  ][INFO ]  Final parameters: [-21.9182083  -24.85232255  42.74762055   3.40142809   0.79349148
  -0.1372937 ]
2019-09-19 22:47:32,151 [MainThread  ][INFO ]  Fidelity: 0.9992000469198042
2019-09-19 22:47:32,151 [MainThread  ][INFO ]  ---- Iteration 92/100
2019-09-19 22:47:32,151 [MainThread  ][DEBUG]  Regenerated CRAB frequencies: nuk=[-0.41401843  0.45603582]
2019-09-19 22:47:32,151 [MainThread  ][DEBUG]  Setting hyperparameter tf=1.8464646464646464
2019-09-19 22:47:32,151 [MainThread  ][INFO ]  Starting optimization for tf=1.8464646464646464
2019-09-19 22:47:32,152 [MainThread  ][DEBUG]  Optimization method: Nelder-Mead
2019-09-19 22:47:32,152 [MainThread  ][DEBUG]  Optimization options: None
2019-09-19 22:47:32,152 [MainThread  ][INFO ]  Initial parameter values: [-0.06163959588784094, 0.08020371345462199, -0.008479591534882577, -0.018257156930241367, 0, 1]
2019-09-19 22:48:30,560 [MainThread  ][INFO ]  Final fidelity: 0.9925586341182878
2019-09-19 22:48:30,561 [MainThread  ][INFO ]  Final parameters: [  3.7921842  -16.69586097  -1.56344479   5.55692381   1.3623547
   0.38647231]
2019-09-19 22:48:30,561 [MainThread  ][INFO ]  Fidelity: 0.9925586341182878
2019-09-19 22:48:30,561 [MainThread  ][INFO ]  ---- Iteration 93/100
2019-09-19 22:48:30,561 [MainThread  ][DEBUG]  Regenerated CRAB frequencies: nuk=[-0.09442255  0.44044535]
2019-09-19 22:48:30,562 [MainThread  ][DEBUG]  Setting hyperparameter tf=1.8656565656565656
2019-09-19 22:48:30,562 [MainThread  ][INFO ]  Starting optimization for tf=1.8656565656565656
2019-09-19 22:48:30,562 [MainThread  ][DEBUG]  Optimization method: Nelder-Mead
2019-09-19 22:48:30,562 [MainThread  ][DEBUG]  Optimization options: None
2019-09-19 22:48:30,562 [MainThread  ][INFO ]  Initial parameter values: [-0.0010911890186790368, -0.05111337891967387, 0.0938439235380645, -0.05172702079552292, 0, 1]
2019-09-19 22:50:12,156 [MainThread  ][INFO ]  Final fidelity: 0.9992525327231433
2019-09-19 22:50:12,157 [MainThread  ][INFO ]  Final parameters: [ 0.51679885 -8.50469729  3.50271272 -2.29112474  1.45207963  0.06235927]
2019-09-19 22:50:12,157 [MainThread  ][INFO ]  Fidelity: 0.9992525327231433
2019-09-19 22:50:12,157 [MainThread  ][INFO ]  ---- Iteration 94/100
2019-09-19 22:50:12,157 [MainThread  ][DEBUG]  Regenerated CRAB frequencies: nuk=[ 0.25322129 -0.20098747]
2019-09-19 22:50:12,157 [MainThread  ][DEBUG]  Setting hyperparameter tf=1.8848484848484848
2019-09-19 22:50:12,157 [MainThread  ][INFO ]  Starting optimization for tf=1.8848484848484848
2019-09-19 22:50:12,157 [MainThread  ][DEBUG]  Optimization method: Nelder-Mead
2019-09-19 22:50:12,158 [MainThread  ][DEBUG]  Optimization options: None
2019-09-19 22:50:12,158 [MainThread  ][INFO ]  Initial parameter values: [-0.0651711807285934, -0.001296299890098468, -0.06491278062031522, 0.09050399927742592, 0, 1]
2019-09-19 22:51:28,355 [MainThread  ][INFO ]  Final fidelity: 0.9788252409040753
2019-09-19 22:51:28,356 [MainThread  ][INFO ]  Final parameters: [ -7.4149669   -0.53368602  28.3267742  -23.42002767  -0.04982122
   1.31767207]
2019-09-19 22:51:28,356 [MainThread  ][INFO ]  Fidelity: 0.9788252409040753
2019-09-19 22:51:28,356 [MainThread  ][INFO ]  ---- Iteration 95/100
2019-09-19 22:51:28,357 [MainThread  ][DEBUG]  Regenerated CRAB frequencies: nuk=[ 0.35185509 -0.16927744]
2019-09-19 22:51:28,357 [MainThread  ][DEBUG]  Setting hyperparameter tf=1.904040404040404
2019-09-19 22:51:28,357 [MainThread  ][INFO ]  Starting optimization for tf=1.904040404040404
2019-09-19 22:51:28,357 [MainThread  ][DEBUG]  Optimization method: Nelder-Mead
2019-09-19 22:51:28,357 [MainThread  ][DEBUG]  Optimization options: None
2019-09-19 22:51:28,357 [MainThread  ][INFO ]  Initial parameter values: [0.05123220258599717, -0.05866070345121115, -0.009488697884205366, 0.08952953894742219, 0, 1]
2019-09-19 22:52:23,029 [MainThread  ][INFO ]  Final fidelity: 0.9968776306627496
2019-09-19 22:52:23,030 [MainThread  ][INFO ]  Final parameters: [ -1.75299353 -15.46513937   4.49792508   5.29426908   1.09546393
   0.39495479]
2019-09-19 22:52:23,030 [MainThread  ][INFO ]  Fidelity: 0.9968776306627496
2019-09-19 22:52:23,030 [MainThread  ][INFO ]  ---- Iteration 96/100
2019-09-19 22:52:23,030 [MainThread  ][DEBUG]  Regenerated CRAB frequencies: nuk=[0.26910727 0.37528085]
2019-09-19 22:52:23,030 [MainThread  ][DEBUG]  Setting hyperparameter tf=1.9232323232323232
2019-09-19 22:52:23,030 [MainThread  ][INFO ]  Starting optimization for tf=1.9232323232323232
2019-09-19 22:52:23,030 [MainThread  ][DEBUG]  Optimization method: Nelder-Mead
2019-09-19 22:52:23,031 [MainThread  ][DEBUG]  Optimization options: None
2019-09-19 22:52:23,031 [MainThread  ][INFO ]  Initial parameter values: [0.0734914519425224, -0.07492116969530789, -0.00870011570264187, 0.09792422034428458, 0, 1]
2019-09-19 22:53:32,086 [MainThread  ][INFO ]  Final fidelity: 0.9965145001150982
2019-09-19 22:53:32,087 [MainThread  ][INFO ]  Final parameters: [14.48455245 -6.26848738  4.58930658  1.87486873  1.40231017 -0.01645662]
2019-09-19 22:53:32,087 [MainThread  ][INFO ]  Fidelity: 0.9965145001150982
2019-09-19 22:53:32,087 [MainThread  ][INFO ]  ---- Iteration 97/100
2019-09-19 22:53:32,087 [MainThread  ][DEBUG]  Regenerated CRAB frequencies: nuk=[0.11880686 0.22101672]
2019-09-19 22:53:32,087 [MainThread  ][DEBUG]  Setting hyperparameter tf=1.9424242424242424
2019-09-19 22:53:32,087 [MainThread  ][INFO ]  Starting optimization for tf=1.9424242424242424
2019-09-19 22:53:32,087 [MainThread  ][DEBUG]  Optimization method: Nelder-Mead
2019-09-19 22:53:32,088 [MainThread  ][DEBUG]  Optimization options: None
2019-09-19 22:53:32,088 [MainThread  ][INFO ]  Initial parameter values: [-0.0877874722403149, 0.08217195217560022, 0.09153439190392401, -0.040003092341013916, 0, 1]
2019-09-19 22:54:48,223 [MainThread  ][INFO ]  Final fidelity: 0.9815340882516035
2019-09-19 22:54:48,224 [MainThread  ][INFO ]  Final parameters: [  4.29734419 -11.08863769  12.21777389 -11.42304422   0.70192742
   0.3608237 ]
2019-09-19 22:54:48,224 [MainThread  ][INFO ]  Fidelity: 0.9815340882516035
2019-09-19 22:54:48,224 [MainThread  ][INFO ]  ---- Iteration 98/100
2019-09-19 22:54:48,225 [MainThread  ][DEBUG]  Regenerated CRAB frequencies: nuk=[-0.10015169  0.0572033 ]
2019-09-19 22:54:48,225 [MainThread  ][DEBUG]  Setting hyperparameter tf=1.9616161616161616
2019-09-19 22:54:48,225 [MainThread  ][INFO ]  Starting optimization for tf=1.9616161616161616
2019-09-19 22:54:48,225 [MainThread  ][DEBUG]  Optimization method: Nelder-Mead
2019-09-19 22:54:48,225 [MainThread  ][DEBUG]  Optimization options: None
2019-09-19 22:54:48,225 [MainThread  ][INFO ]  Initial parameter values: [0.03549975903068775, -0.02199567995974408, 0.008265395404826889, 0.07098393857149779, 0, 1]
2019-09-19 22:55:21,715 [MainThread  ][INFO ]  Final fidelity: 0.9992299940871685
2019-09-19 22:55:21,715 [MainThread  ][INFO ]  Final parameters: [-11.07487376   3.86556435   2.37580354  11.54342535   0.73857625
   0.53576497]
2019-09-19 22:55:21,715 [MainThread  ][INFO ]  Fidelity: 0.9992299940871685
2019-09-19 22:55:21,715 [MainThread  ][INFO ]  ---- Iteration 99/100
2019-09-19 22:55:21,716 [MainThread  ][DEBUG]  Regenerated CRAB frequencies: nuk=[ 0.33894502 -0.3752336 ]
2019-09-19 22:55:21,716 [MainThread  ][DEBUG]  Setting hyperparameter tf=1.9808080808080808
2019-09-19 22:55:21,716 [MainThread  ][INFO ]  Starting optimization for tf=1.9808080808080808
2019-09-19 22:55:21,716 [MainThread  ][DEBUG]  Optimization method: Nelder-Mead
2019-09-19 22:55:21,716 [MainThread  ][DEBUG]  Optimization options: None
2019-09-19 22:55:21,716 [MainThread  ][INFO ]  Initial parameter values: [0.00023493141049216182, 0.09629823171745464, 0.08960440420503904, -0.026870980713928225, 0, 1]
2019-09-19 22:56:30,232 [MainThread  ][INFO ]  Final fidelity: 0.9944897267528205
2019-09-19 22:56:30,233 [MainThread  ][INFO ]  Final parameters: [-0.04877296 16.2736961  31.31708194 -6.09633252  0.48897559  0.67787644]
2019-09-19 22:56:30,233 [MainThread  ][INFO ]  Fidelity: 0.9944897267528205
2019-09-19 22:56:30,233 [MainThread  ][INFO ]  ---- Iteration 100/100
2019-09-19 22:56:30,233 [MainThread  ][DEBUG]  Regenerated CRAB frequencies: nuk=[-0.23600473 -0.25211976]
2019-09-19 22:56:30,234 [MainThread  ][DEBUG]  Setting hyperparameter tf=2.0
2019-09-19 22:56:30,234 [MainThread  ][INFO ]  Starting optimization for tf=2.0
2019-09-19 22:56:30,234 [MainThread  ][DEBUG]  Optimization method: Nelder-Mead
2019-09-19 22:56:30,234 [MainThread  ][DEBUG]  Optimization options: None
2019-09-19 22:56:30,234 [MainThread  ][INFO ]  Initial parameter values: [0.0015900037268227613, -0.07550663354932921, 0.012579064251516156, -0.0280645403049765, 0, 1]
2019-09-19 22:57:01,612 [MainThread  ][INFO ]  Final fidelity: 0.9992067106092605
2019-09-19 22:57:01,612 [MainThread  ][INFO ]  Final parameters: [-0.0472847  -6.90879758  2.10836226 11.31554601  1.05325156  0.4495042 ]
2019-09-19 22:57:01,613 [MainThread  ][INFO ]  Fidelity: 0.9992067106092605
