2019-03-01 09:49:50,989 [MainThread  ][INFO ]  Output file name will be "lmg_crab3freq_powell.csv"
2019-03-01 09:49:51,093 [MainThread  ][INFO ]  Using CRAB protocol ansatz.
2019-03-01 09:49:51,093 [MainThread  ][INFO ]  (CRAB) Using 3 frequencies.
2019-03-01 09:49:51,093 [MainThread  ][DEBUG]  Initializing ProtocolAnsatz instance "crab"
2019-03-01 09:49:51,093 [MainThread  ][DEBUG]  Initializing CRAB protocol with 3 frequencies
2019-03-01 09:49:51,093 [MainThread  ][DEBUG]  Setting hyperparameter y0=0.0
2019-03-01 09:49:51,093 [MainThread  ][DEBUG]  Setting hyperparameter y1=1.0
2019-03-01 09:49:51,105 [MainThread  ][INFO ]  Using parameters constraints: [[-200, 200], [-200, 200], [-200, 200], [-200, 200], [-200, 200], [-200, 200]]
2019-03-01 09:49:51,105 [MainThread  ][INFO ]  Using total height constraint: [-2.0, 2.0]
2019-03-01 09:49:51,105 [MainThread  ][INFO ]  ---- Starting iteration 1/100
2019-03-01 09:49:51,106 [MainThread  ][DEBUG]  Regenerated CRAB frequencies: nuk=[-0.03704837  0.29596     0.39598436]
2019-03-01 09:49:51,106 [MainThread  ][DEBUG]  Setting hyperparameter tf=0.1
2019-03-01 09:49:51,106 [MainThread  ][INFO ]  Starting optimization for tf=0.1
2019-03-01 09:49:51,106 [MainThread  ][DEBUG]  Optimization method: Powell
2019-03-01 09:49:51,106 [MainThread  ][DEBUG]  Optimization options: None
2019-03-01 09:49:51,106 [MainThread  ][INFO ]  Initial parameter values: [-0.65069213 -0.84605498 -0.61054526  0.20426982 -0.54399857  0.43269358]
2019-03-01 09:50:02,899 [MainThread  ][INFO ]  Final fidelity: 0.8087342043746963
2019-03-01 09:50:02,910 [MainThread  ][INFO ]  Final parameters: [-197.15534895  197.97239419 -199.01695724  199.59751115  199.40074344
  -11.66419826]
2019-03-01 09:50:02,911 [MainThread  ][INFO ]  Fidelity: 0.8087342043746963
2019-03-01 09:50:02,911 [MainThread  ][INFO ]  ---- Starting iteration 2/100
2019-03-01 09:50:02,911 [MainThread  ][DEBUG]  Regenerated CRAB frequencies: nuk=[ 0.38956235 -0.15380053  0.48899041]
2019-03-01 09:50:02,911 [MainThread  ][DEBUG]  Setting hyperparameter tf=0.1191919191919192
2019-03-01 09:50:02,911 [MainThread  ][INFO ]  Starting optimization for tf=0.1191919191919192
2019-03-01 09:50:02,912 [MainThread  ][DEBUG]  Optimization method: Powell
2019-03-01 09:50:02,912 [MainThread  ][DEBUG]  Optimization options: None
2019-03-01 09:50:02,912 [MainThread  ][INFO ]  Initial parameter values: [-0.65618461 -0.84675804 -0.28248535  0.67358753  0.42613195  0.90797147]
2019-03-01 09:50:26,710 [MainThread  ][INFO ]  Final fidelity: 0.8088366049318556
2019-03-01 09:50:26,711 [MainThread  ][INFO ]  Final parameters: [ 199.99076911  199.99600349  198.31586164  199.99702603 -199.99020282
  199.91089037]
2019-03-01 09:50:26,711 [MainThread  ][INFO ]  Fidelity: 0.8088366049318556
2019-03-01 09:50:26,711 [MainThread  ][INFO ]  ---- Starting iteration 3/100
2019-03-01 09:50:26,711 [MainThread  ][DEBUG]  Regenerated CRAB frequencies: nuk=[-0.02389673 -0.29204169 -0.2191934 ]
2019-03-01 09:50:26,711 [MainThread  ][DEBUG]  Setting hyperparameter tf=0.1383838383838384
2019-03-01 09:50:26,712 [MainThread  ][INFO ]  Starting optimization for tf=0.1383838383838384
2019-03-01 09:50:26,712 [MainThread  ][DEBUG]  Optimization method: Powell
2019-03-01 09:50:26,712 [MainThread  ][DEBUG]  Optimization options: None
2019-03-01 09:50:26,712 [MainThread  ][INFO ]  Initial parameter values: [ 0.29029536  0.7647766   0.38548776 -0.88933045 -0.15167292  0.42599856]
2019-03-01 09:50:49,691 [MainThread  ][INFO ]  Final fidelity: 0.8090026686047905
2019-03-01 09:50:49,709 [MainThread  ][INFO ]  Final parameters: [-199.99988197  199.98229649 -199.9613139   199.98886307  199.99962229
  199.99234751]
2019-03-01 09:50:49,709 [MainThread  ][INFO ]  Fidelity: 0.8090026686047905
2019-03-01 09:50:49,710 [MainThread  ][INFO ]  ---- Starting iteration 4/100
2019-03-01 09:50:49,710 [MainThread  ][DEBUG]  Regenerated CRAB frequencies: nuk=[-0.45591059 -0.35097227  0.07079223]
2019-03-01 09:50:49,710 [MainThread  ][DEBUG]  Setting hyperparameter tf=0.1575757575757576
2019-03-01 09:50:49,710 [MainThread  ][INFO ]  Starting optimization for tf=0.1575757575757576
2019-03-01 09:50:49,710 [MainThread  ][DEBUG]  Optimization method: Powell
2019-03-01 09:50:49,710 [MainThread  ][DEBUG]  Optimization options: None
2019-03-01 09:50:49,711 [MainThread  ][INFO ]  Initial parameter values: [-0.81752128  0.34048926 -0.9886059  -0.52091249  0.74227793 -0.26215495]
2019-03-01 09:51:14,010 [MainThread  ][INFO ]  Final fidelity: 0.8091570299337467
2019-03-01 09:51:14,011 [MainThread  ][INFO ]  Final parameters: [  66.53096036 -199.94882136 -199.98511288 -199.99765344  199.9882917
  199.99884917]
2019-03-01 09:51:14,011 [MainThread  ][INFO ]  Fidelity: 0.8091570299337467
2019-03-01 09:51:14,011 [MainThread  ][INFO ]  ---- Starting iteration 5/100
2019-03-01 09:51:14,011 [MainThread  ][DEBUG]  Regenerated CRAB frequencies: nuk=[-0.42650969 -0.04340391  0.48807038]
2019-03-01 09:51:14,012 [MainThread  ][DEBUG]  Setting hyperparameter tf=0.17676767676767677
2019-03-01 09:51:14,012 [MainThread  ][INFO ]  Starting optimization for tf=0.17676767676767677
2019-03-01 09:51:14,012 [MainThread  ][DEBUG]  Optimization method: Powell
2019-03-01 09:51:14,012 [MainThread  ][DEBUG]  Optimization options: None
2019-03-01 09:51:14,012 [MainThread  ][INFO ]  Initial parameter values: [ 0.93679339 -0.56111464  0.51422768 -0.42773361  0.36281818 -0.99198678]
2019-03-01 09:51:42,813 [MainThread  ][INFO ]  Final fidelity: 0.8092998770301733
2019-03-01 09:51:42,814 [MainThread  ][INFO ]  Final parameters: [-109.73563943  197.93929221  199.71070802 -199.97624979 -199.97128484
  199.98891594]
2019-03-01 09:51:42,814 [MainThread  ][INFO ]  Fidelity: 0.8092998770301733
2019-03-01 09:51:42,815 [MainThread  ][INFO ]  ---- Starting iteration 6/100
2019-03-01 09:51:42,815 [MainThread  ][DEBUG]  Regenerated CRAB frequencies: nuk=[ 0.13863924  0.38421418 -0.04774012]
2019-03-01 09:51:42,815 [MainThread  ][DEBUG]  Setting hyperparameter tf=0.19595959595959594
2019-03-01 09:51:42,815 [MainThread  ][INFO ]  Starting optimization for tf=0.19595959595959594
2019-03-01 09:51:42,815 [MainThread  ][DEBUG]  Optimization method: Powell
2019-03-01 09:51:42,815 [MainThread  ][DEBUG]  Optimization options: None
2019-03-01 09:51:42,816 [MainThread  ][INFO ]  Initial parameter values: [-0.52555451 -0.89447768 -0.88398897 -0.76790476 -0.82375599 -0.62254698]
2019-03-01 09:52:04,432 [MainThread  ][INFO ]  Final fidelity: 0.8095876388772444
2019-03-01 09:52:04,433 [MainThread  ][INFO ]  Final parameters: [-199.97448323  199.98706098  199.99286523  199.98405061 -199.99240626
 -199.97777658]
2019-03-01 09:52:04,433 [MainThread  ][INFO ]  Fidelity: 0.8095876388772444
2019-03-01 09:52:04,434 [MainThread  ][INFO ]  ---- Starting iteration 7/100
2019-03-01 09:52:04,434 [MainThread  ][DEBUG]  Regenerated CRAB frequencies: nuk=[-0.01581049 -0.28344879  0.04443616]
2019-03-01 09:52:04,434 [MainThread  ][DEBUG]  Setting hyperparameter tf=0.21515151515151515
2019-03-01 09:52:04,434 [MainThread  ][INFO ]  Starting optimization for tf=0.21515151515151515
2019-03-01 09:52:04,434 [MainThread  ][DEBUG]  Optimization method: Powell
2019-03-01 09:52:04,434 [MainThread  ][DEBUG]  Optimization options: None
2019-03-01 09:52:04,435 [MainThread  ][INFO ]  Initial parameter values: [-0.1108738  -0.72054908 -0.32087997 -0.18801916 -0.37523302 -0.24580619]
2019-03-01 09:52:27,963 [MainThread  ][INFO ]  Final fidelity: 0.8100153066205326
2019-03-01 09:52:27,974 [MainThread  ][INFO ]  Final parameters: [-199.95923325  199.97596523 -199.99906927  199.99835277  199.98352577
 -199.98761277]
2019-03-01 09:52:27,974 [MainThread  ][INFO ]  Fidelity: 0.8100153066205326
2019-03-01 09:52:27,974 [MainThread  ][INFO ]  ---- Starting iteration 8/100
2019-03-01 09:52:27,974 [MainThread  ][DEBUG]  Regenerated CRAB frequencies: nuk=[-0.29745262 -0.46156356  0.29092974]
2019-03-01 09:52:27,974 [MainThread  ][DEBUG]  Setting hyperparameter tf=0.23434343434343433
2019-03-01 09:52:27,975 [MainThread  ][INFO ]  Starting optimization for tf=0.23434343434343433
2019-03-01 09:52:27,975 [MainThread  ][DEBUG]  Optimization method: Powell
2019-03-01 09:52:27,975 [MainThread  ][DEBUG]  Optimization options: None
2019-03-01 09:52:27,975 [MainThread  ][INFO ]  Initial parameter values: [ 0.46857703 -0.43226389 -0.00688521  0.43619766 -0.53871021  0.60088957]
2019-03-01 09:52:49,129 [MainThread  ][INFO ]  Final fidelity: 0.8106378342889995
2019-03-01 09:52:49,130 [MainThread  ][INFO ]  Final parameters: [-199.9994659  -199.98891683  199.96737953 -199.99753208  199.99032464
 -199.98982795]
2019-03-01 09:52:49,131 [MainThread  ][INFO ]  Fidelity: 0.8106378342889995
2019-03-01 09:52:49,131 [MainThread  ][INFO ]  ---- Starting iteration 9/100
2019-03-01 09:52:49,132 [MainThread  ][DEBUG]  Regenerated CRAB frequencies: nuk=[-0.41733817  0.38367562  0.18110385]
2019-03-01 09:52:49,132 [MainThread  ][DEBUG]  Setting hyperparameter tf=0.2535353535353535
2019-03-01 09:52:49,132 [MainThread  ][INFO ]  Starting optimization for tf=0.2535353535353535
2019-03-01 09:52:49,132 [MainThread  ][DEBUG]  Optimization method: Powell
2019-03-01 09:52:49,132 [MainThread  ][DEBUG]  Optimization options: None
2019-03-01 09:52:49,132 [MainThread  ][INFO ]  Initial parameter values: [-0.67483084 -0.62136635 -0.67669189 -0.53594407  0.71548112  0.97739617]
2019-03-01 09:53:29,690 [MainThread  ][INFO ]  Final fidelity: 0.8104790887777212
2019-03-01 09:53:29,693 [MainThread  ][INFO ]  Final parameters: [-181.30514836  199.99977297  199.99960368 -199.99935905 -199.99718786
  199.99288987]
2019-03-01 09:53:29,693 [MainThread  ][INFO ]  Fidelity: 0.8104790887777212
2019-03-01 09:53:29,693 [MainThread  ][INFO ]  ---- Starting iteration 10/100
2019-03-01 09:53:29,693 [MainThread  ][DEBUG]  Regenerated CRAB frequencies: nuk=[0.08626097 0.21908757 0.22007374]
2019-03-01 09:53:29,693 [MainThread  ][DEBUG]  Setting hyperparameter tf=0.2727272727272727
2019-03-01 09:53:29,693 [MainThread  ][INFO ]  Starting optimization for tf=0.2727272727272727
2019-03-01 09:53:29,693 [MainThread  ][DEBUG]  Optimization method: Powell
2019-03-01 09:53:29,693 [MainThread  ][DEBUG]  Optimization options: None
2019-03-01 09:53:29,694 [MainThread  ][INFO ]  Initial parameter values: [ 0.99553883 -0.20470702 -0.9486391  -0.55411253 -0.46366288  0.57865339]
2019-03-01 09:53:54,057 [MainThread  ][INFO ]  Final fidelity: 0.8111166311573589
2019-03-01 09:53:54,075 [MainThread  ][INFO ]  Final parameters: [-199.99260209  199.99908865  199.97242558  199.99714593  199.99754046
  199.96995518]
2019-03-01 09:53:54,075 [MainThread  ][INFO ]  Fidelity: 0.8111166311573589
2019-03-01 09:53:54,075 [MainThread  ][INFO ]  ---- Starting iteration 11/100
2019-03-01 09:53:54,076 [MainThread  ][DEBUG]  Regenerated CRAB frequencies: nuk=[0.00846199 0.32591097 0.13500435]
2019-03-01 09:53:54,076 [MainThread  ][DEBUG]  Setting hyperparameter tf=0.2919191919191919
2019-03-01 09:53:54,076 [MainThread  ][INFO ]  Starting optimization for tf=0.2919191919191919
2019-03-01 09:53:54,076 [MainThread  ][DEBUG]  Optimization method: Powell
2019-03-01 09:53:54,076 [MainThread  ][DEBUG]  Optimization options: None
2019-03-01 09:53:54,076 [MainThread  ][INFO ]  Initial parameter values: [-0.32415187 -0.18567391 -0.17244129  0.88855937 -0.29411195 -0.7298524 ]
2019-03-01 09:54:20,643 [MainThread  ][INFO ]  Final fidelity: 0.8115692974319273
2019-03-01 09:54:20,644 [MainThread  ][INFO ]  Final parameters: [-199.99976068  199.992745   -199.9904792   199.98695805  199.98747438
  199.9666619 ]
2019-03-01 09:54:20,644 [MainThread  ][INFO ]  Fidelity: 0.8115692974319273
2019-03-01 09:54:20,645 [MainThread  ][INFO ]  ---- Starting iteration 12/100
2019-03-01 09:54:20,645 [MainThread  ][DEBUG]  Regenerated CRAB frequencies: nuk=[ 0.09332397 -0.38967235  0.30793712]
2019-03-01 09:54:20,645 [MainThread  ][DEBUG]  Setting hyperparameter tf=0.3111111111111111
2019-03-01 09:54:20,645 [MainThread  ][INFO ]  Starting optimization for tf=0.3111111111111111
2019-03-01 09:54:20,645 [MainThread  ][DEBUG]  Optimization method: Powell
2019-03-01 09:54:20,645 [MainThread  ][DEBUG]  Optimization options: None
2019-03-01 09:54:20,646 [MainThread  ][INFO ]  Initial parameter values: [ 0.23591598  0.46915334  0.55003616  0.70580125 -0.08287508  0.97767076]
2019-03-01 09:54:40,528 [MainThread  ][INFO ]  Final fidelity: 0.8131645450113492
2019-03-01 09:54:40,529 [MainThread  ][INFO ]  Final parameters: [-199.9932169  -199.99942714  199.9988985   199.98803553  199.99595442
 -199.99303426]
2019-03-01 09:54:40,529 [MainThread  ][INFO ]  Fidelity: 0.8131645450113492
2019-03-01 09:54:40,529 [MainThread  ][INFO ]  ---- Starting iteration 13/100
2019-03-01 09:54:40,529 [MainThread  ][DEBUG]  Regenerated CRAB frequencies: nuk=[-0.46816126  0.0684198  -0.01341098]
2019-03-01 09:54:40,530 [MainThread  ][DEBUG]  Setting hyperparameter tf=0.3303030303030303
2019-03-01 09:54:40,530 [MainThread  ][INFO ]  Starting optimization for tf=0.3303030303030303
2019-03-01 09:54:40,530 [MainThread  ][DEBUG]  Optimization method: Powell
2019-03-01 09:54:40,530 [MainThread  ][DEBUG]  Optimization options: None
2019-03-01 09:54:40,530 [MainThread  ][INFO ]  Initial parameter values: [ 0.93468557  0.45233774  0.14148965  0.62411111 -0.47086967  0.70605733]
2019-03-01 09:55:39,131 [MainThread  ][INFO ]  Final fidelity: 0.8124000635050668
2019-03-01 09:55:39,131 [MainThread  ][INFO ]  Final parameters: [ -51.59320255 -199.99997656 -199.97431088 -199.999796    199.99880127
 -199.99977242]
2019-03-01 09:55:39,132 [MainThread  ][INFO ]  Fidelity: 0.8124000635050668
2019-03-01 09:55:39,132 [MainThread  ][INFO ]  ---- Starting iteration 14/100
2019-03-01 09:55:39,144 [MainThread  ][DEBUG]  Regenerated CRAB frequencies: nuk=[-0.36290751  0.42237455 -0.33493685]
2019-03-01 09:55:39,144 [MainThread  ][DEBUG]  Setting hyperparameter tf=0.3494949494949495
2019-03-01 09:55:39,144 [MainThread  ][INFO ]  Starting optimization for tf=0.3494949494949495
2019-03-01 09:55:39,144 [MainThread  ][DEBUG]  Optimization method: Powell
2019-03-01 09:55:39,144 [MainThread  ][DEBUG]  Optimization options: None
2019-03-01 09:55:39,144 [MainThread  ][INFO ]  Initial parameter values: [ 0.33723938 -0.70993916  0.35643481 -0.3798725   0.3681409  -0.57175399]
2019-03-01 09:56:15,928 [MainThread  ][INFO ]  Final fidelity: 0.8140091150017529
2019-03-01 09:56:15,932 [MainThread  ][INFO ]  Final parameters: [-199.99892651  199.99994328 -199.99990777 -199.99997356 -199.9998463
 -199.99933039]
2019-03-01 09:56:15,932 [MainThread  ][INFO ]  Fidelity: 0.8140091150017529
2019-03-01 09:56:15,932 [MainThread  ][INFO ]  ---- Starting iteration 15/100
2019-03-01 09:56:15,932 [MainThread  ][DEBUG]  Regenerated CRAB frequencies: nuk=[ 0.37127791 -0.12900028 -0.3754178 ]
2019-03-01 09:56:15,932 [MainThread  ][DEBUG]  Setting hyperparameter tf=0.3686868686868686
2019-03-01 09:56:15,933 [MainThread  ][INFO ]  Starting optimization for tf=0.3686868686868686
2019-03-01 09:56:15,933 [MainThread  ][DEBUG]  Optimization method: Powell
2019-03-01 09:56:15,933 [MainThread  ][DEBUG]  Optimization options: None
2019-03-01 09:56:15,933 [MainThread  ][INFO ]  Initial parameter values: [ 0.81809075 -0.2776117   0.41261064  0.83970401  0.45529968  0.81684668]
2019-03-01 09:56:49,962 [MainThread  ][INFO ]  Final fidelity: 0.8148955038910453
2019-03-01 09:56:49,963 [MainThread  ][INFO ]  Final parameters: [ 199.9995194   199.99995749  199.99993733  199.99995387 -199.99994842
 -199.99969961]
2019-03-01 09:56:49,963 [MainThread  ][INFO ]  Fidelity: 0.8148955038910453
2019-03-01 09:56:49,963 [MainThread  ][INFO ]  ---- Starting iteration 16/100
2019-03-01 09:56:49,964 [MainThread  ][DEBUG]  Regenerated CRAB frequencies: nuk=[-0.3119868  -0.02934688 -0.22281334]
2019-03-01 09:56:49,964 [MainThread  ][DEBUG]  Setting hyperparameter tf=0.3878787878787878
2019-03-01 09:56:49,964 [MainThread  ][INFO ]  Starting optimization for tf=0.3878787878787878
2019-03-01 09:56:49,964 [MainThread  ][DEBUG]  Optimization method: Powell
2019-03-01 09:56:49,964 [MainThread  ][DEBUG]  Optimization options: None
2019-03-01 09:56:49,964 [MainThread  ][INFO ]  Initial parameter values: [-0.33169569  0.56034579  0.38612969 -0.96492246  0.58827646 -0.74238571]
2019-03-01 09:57:45,096 [MainThread  ][INFO ]  Final fidelity: 0.8163188006019227
2019-03-01 09:57:45,097 [MainThread  ][INFO ]  Final parameters: [-199.99996622 -199.99839969 -199.99854702 -199.99981488 -199.99999284
  199.99979777]
2019-03-01 09:57:45,097 [MainThread  ][INFO ]  Fidelity: 0.8163188006019227
2019-03-01 09:57:45,097 [MainThread  ][INFO ]  ---- Starting iteration 17/100
2019-03-01 09:57:45,098 [MainThread  ][DEBUG]  Regenerated CRAB frequencies: nuk=[-0.09779117  0.39900436 -0.06712559]
2019-03-01 09:57:45,098 [MainThread  ][DEBUG]  Setting hyperparameter tf=0.407070707070707
2019-03-01 09:57:45,098 [MainThread  ][INFO ]  Starting optimization for tf=0.407070707070707
2019-03-01 09:57:45,098 [MainThread  ][DEBUG]  Optimization method: Powell
2019-03-01 09:57:45,098 [MainThread  ][DEBUG]  Optimization options: None
2019-03-01 09:57:45,098 [MainThread  ][INFO ]  Initial parameter values: [ 0.32577505  0.76137877 -0.18664013 -0.96309294 -0.78775092  0.98618217]
2019-03-01 09:58:31,188 [MainThread  ][INFO ]  Final fidelity: 0.8162798599572885
2019-03-01 09:58:31,190 [MainThread  ][INFO ]  Final parameters: [-199.99991714  199.99999053  199.99998815   30.91642498 -199.99981855
 -199.99992738]
2019-03-01 09:58:31,190 [MainThread  ][INFO ]  Fidelity: 0.8162798599572885
2019-03-01 09:58:31,190 [MainThread  ][INFO ]  ---- Starting iteration 18/100
2019-03-01 09:58:31,191 [MainThread  ][DEBUG]  Regenerated CRAB frequencies: nuk=[ 0.02412383 -0.14787796 -0.48182791]
2019-03-01 09:58:31,191 [MainThread  ][DEBUG]  Setting hyperparameter tf=0.42626262626262623
2019-03-01 09:58:31,191 [MainThread  ][INFO ]  Starting optimization for tf=0.42626262626262623
2019-03-01 09:58:31,191 [MainThread  ][DEBUG]  Optimization method: Powell
2019-03-01 09:58:31,191 [MainThread  ][DEBUG]  Optimization options: None
2019-03-01 09:58:31,192 [MainThread  ][INFO ]  Initial parameter values: [ 0.29865915  0.95476595  0.40204547 -0.15063109 -0.86117127 -0.27055259]
2019-03-01 09:59:12,197 [MainThread  ][INFO ]  Final fidelity: 0.8215259521419908
2019-03-01 09:59:12,198 [MainThread  ][INFO ]  Final parameters: [-199.99989641  199.99994136  199.99975023  199.99999546 -199.99990587
  199.99961051]
2019-03-01 09:59:12,198 [MainThread  ][INFO ]  Fidelity: 0.8215259521419908
2019-03-01 09:59:12,198 [MainThread  ][INFO ]  ---- Starting iteration 19/100
2019-03-01 09:59:12,198 [MainThread  ][DEBUG]  Regenerated CRAB frequencies: nuk=[-0.39483433  0.03669996  0.3875467 ]
2019-03-01 09:59:12,198 [MainThread  ][DEBUG]  Setting hyperparameter tf=0.44545454545454544
2019-03-01 09:59:12,198 [MainThread  ][INFO ]  Starting optimization for tf=0.44545454545454544
2019-03-01 09:59:12,198 [MainThread  ][DEBUG]  Optimization method: Powell
2019-03-01 09:59:12,199 [MainThread  ][DEBUG]  Optimization options: None
2019-03-01 09:59:12,199 [MainThread  ][INFO ]  Initial parameter values: [ 0.53728461 -0.61953577 -0.88158281  0.46721605 -0.91918603  0.96844036]
2019-03-01 10:00:16,487 [MainThread  ][INFO ]  Final fidelity: 0.8186155233965325
2019-03-01 10:00:16,487 [MainThread  ][INFO ]  Final parameters: [-120.82078146 -199.72559209 -198.89500386 -199.99993761 -198.85427276
 -199.7819614 ]
2019-03-01 10:00:16,487 [MainThread  ][INFO ]  Fidelity: 0.8186155233965325
2019-03-01 10:00:16,487 [MainThread  ][INFO ]  ---- Starting iteration 20/100
2019-03-01 10:00:16,488 [MainThread  ][DEBUG]  Regenerated CRAB frequencies: nuk=[ 0.38186116  0.10358844 -0.41267035]
2019-03-01 10:00:16,488 [MainThread  ][DEBUG]  Setting hyperparameter tf=0.46464646464646464
2019-03-01 10:00:16,488 [MainThread  ][INFO ]  Starting optimization for tf=0.46464646464646464
2019-03-01 10:00:16,488 [MainThread  ][DEBUG]  Optimization method: Powell
2019-03-01 10:00:16,488 [MainThread  ][DEBUG]  Optimization options: None
2019-03-01 10:00:16,488 [MainThread  ][INFO ]  Initial parameter values: [-0.68169423  0.19556418  0.15155181 -0.50808441 -0.46337633  0.41031104]
2019-03-01 10:01:17,223 [MainThread  ][INFO ]  Final fidelity: 0.8210716798321618
2019-03-01 10:01:17,224 [MainThread  ][INFO ]  Final parameters: [ 199.94058531 -199.94838581  197.25558566  199.99971888  199.99963687
 -118.15723184]
2019-03-01 10:01:17,224 [MainThread  ][INFO ]  Fidelity: 0.8210716798321618
2019-03-01 10:01:17,224 [MainThread  ][INFO ]  ---- Starting iteration 21/100
2019-03-01 10:01:17,224 [MainThread  ][DEBUG]  Regenerated CRAB frequencies: nuk=[ 0.37338835  0.23814212 -0.4435811 ]
2019-03-01 10:01:17,224 [MainThread  ][DEBUG]  Setting hyperparameter tf=0.48383838383838385
2019-03-01 10:01:17,224 [MainThread  ][INFO ]  Starting optimization for tf=0.48383838383838385
2019-03-01 10:01:17,224 [MainThread  ][DEBUG]  Optimization method: Powell
2019-03-01 10:01:17,225 [MainThread  ][DEBUG]  Optimization options: None
2019-03-01 10:01:17,225 [MainThread  ][INFO ]  Initial parameter values: [ 0.75695315 -0.3230483   0.33538606 -0.7095297   0.57284807  0.43706625]
2019-03-01 10:02:09,429 [MainThread  ][INFO ]  Final fidelity: 0.8232686202985356
2019-03-01 10:02:09,430 [MainThread  ][INFO ]  Final parameters: [ 199.03761055  199.99976676  199.99976913  199.99991585  198.50342057
 -148.06538238]
2019-03-01 10:02:09,430 [MainThread  ][INFO ]  Fidelity: 0.8232686202985356
2019-03-01 10:02:09,430 [MainThread  ][INFO ]  ---- Starting iteration 22/100
2019-03-01 10:02:09,430 [MainThread  ][DEBUG]  Regenerated CRAB frequencies: nuk=[-0.15549824 -0.33803003  0.30978884]
2019-03-01 10:02:09,430 [MainThread  ][DEBUG]  Setting hyperparameter tf=0.503030303030303
2019-03-01 10:02:09,430 [MainThread  ][INFO ]  Starting optimization for tf=0.503030303030303
2019-03-01 10:02:09,430 [MainThread  ][DEBUG]  Optimization method: Powell
2019-03-01 10:02:09,431 [MainThread  ][DEBUG]  Optimization options: None
2019-03-01 10:02:09,431 [MainThread  ][INFO ]  Initial parameter values: [ 0.08146336  0.07529044  0.56936493 -0.68811428 -0.65610462  0.10760341]
2019-03-01 10:02:59,512 [MainThread  ][INFO ]  Final fidelity: 0.8272255915350406
2019-03-01 10:02:59,517 [MainThread  ][INFO ]  Final parameters: [-198.17160869  197.30975435  196.92148191 -121.45771612  199.21194688
  -88.53318071]
2019-03-01 10:02:59,517 [MainThread  ][INFO ]  Fidelity: 0.8272255915350406
2019-03-01 10:02:59,517 [MainThread  ][INFO ]  ---- Starting iteration 23/100
2019-03-01 10:02:59,518 [MainThread  ][DEBUG]  Regenerated CRAB frequencies: nuk=[-0.40889227 -0.32486175  0.47206805]
2019-03-01 10:02:59,518 [MainThread  ][DEBUG]  Setting hyperparameter tf=0.5222222222222221
2019-03-01 10:02:59,518 [MainThread  ][INFO ]  Starting optimization for tf=0.5222222222222221
2019-03-01 10:02:59,518 [MainThread  ][DEBUG]  Optimization method: Powell
2019-03-01 10:02:59,518 [MainThread  ][DEBUG]  Optimization options: None
2019-03-01 10:02:59,518 [MainThread  ][INFO ]  Initial parameter values: [-0.96043613  0.56075023  0.71196993  0.72665036  0.61369107 -0.60911682]
2019-03-01 10:04:13,522 [MainThread  ][INFO ]  Final fidelity: 0.8295583504494376
2019-03-01 10:04:13,538 [MainThread  ][INFO ]  Final parameters: [ -76.25123541  199.76650926  -54.87349517 -199.99998939  199.99996909
  199.99194996]
2019-03-01 10:04:13,538 [MainThread  ][INFO ]  Fidelity: 0.8295583504494376
2019-03-01 10:04:13,538 [MainThread  ][INFO ]  ---- Starting iteration 24/100
2019-03-01 10:04:13,539 [MainThread  ][DEBUG]  Regenerated CRAB frequencies: nuk=[-0.34166882 -0.02332026  0.40950118]
2019-03-01 10:04:13,539 [MainThread  ][DEBUG]  Setting hyperparameter tf=0.5414141414141413
2019-03-01 10:04:13,539 [MainThread  ][INFO ]  Starting optimization for tf=0.5414141414141413
2019-03-01 10:04:13,539 [MainThread  ][DEBUG]  Optimization method: Powell
2019-03-01 10:04:13,539 [MainThread  ][DEBUG]  Optimization options: None
2019-03-01 10:04:13,539 [MainThread  ][INFO ]  Initial parameter values: [ 0.34959753 -0.14697307  0.33546771 -0.08533262  0.87832176 -0.84116249]
2019-03-01 10:04:54,884 [MainThread  ][INFO ]  Final fidelity: 0.8260776452753179
2019-03-01 10:04:54,885 [MainThread  ][INFO ]  Final parameters: [-121.62834933 -196.65162989 -198.43153693 -199.99173424 -146.16228738
   -0.23468618]
2019-03-01 10:04:54,885 [MainThread  ][INFO ]  Fidelity: 0.8260776452753179
2019-03-01 10:04:54,885 [MainThread  ][INFO ]  ---- Starting iteration 25/100
2019-03-01 10:04:54,886 [MainThread  ][DEBUG]  Regenerated CRAB frequencies: nuk=[-0.46384463  0.34416871  0.34679765]
2019-03-01 10:04:54,886 [MainThread  ][DEBUG]  Setting hyperparameter tf=0.5606060606060606
2019-03-01 10:04:54,886 [MainThread  ][INFO ]  Starting optimization for tf=0.5606060606060606
2019-03-01 10:04:54,886 [MainThread  ][DEBUG]  Optimization method: Powell
2019-03-01 10:04:54,886 [MainThread  ][DEBUG]  Optimization options: None
2019-03-01 10:04:54,886 [MainThread  ][INFO ]  Initial parameter values: [ 0.1323198  -0.33903428  0.5094119  -0.95622327 -0.749446    0.54546657]
2019-03-01 10:05:58,583 [MainThread  ][INFO ]  Final fidelity: 0.8271757401864115
2019-03-01 10:05:58,592 [MainThread  ][INFO ]  Final parameters: [ -62.06331582  199.99992062 -199.99992196 -199.99953549 -199.70390972
 -197.54415381]
2019-03-01 10:05:58,592 [MainThread  ][INFO ]  Fidelity: 0.8271757401864115
2019-03-01 10:05:58,593 [MainThread  ][INFO ]  ---- Starting iteration 26/100
2019-03-01 10:05:58,593 [MainThread  ][DEBUG]  Regenerated CRAB frequencies: nuk=[-0.2440694   0.06496839  0.16991219]
2019-03-01 10:05:58,593 [MainThread  ][DEBUG]  Setting hyperparameter tf=0.5797979797979798
2019-03-01 10:05:58,593 [MainThread  ][INFO ]  Starting optimization for tf=0.5797979797979798
2019-03-01 10:05:58,593 [MainThread  ][DEBUG]  Optimization method: Powell
2019-03-01 10:05:58,593 [MainThread  ][DEBUG]  Optimization options: None
2019-03-01 10:05:58,594 [MainThread  ][INFO ]  Initial parameter values: [ 0.61358324 -0.86635011  0.73222226 -0.42540808 -0.80597643 -0.72009288]
2019-03-01 10:06:46,488 [MainThread  ][INFO ]  Final fidelity: 0.8326943513456111
2019-03-01 10:06:46,495 [MainThread  ][INFO ]  Final parameters: [-199.99999918 -199.99991023  199.91272311 -117.41173465  199.9844488
  199.98933036]
2019-03-01 10:06:46,496 [MainThread  ][INFO ]  Fidelity: 0.8326943513456111
2019-03-01 10:06:46,496 [MainThread  ][INFO ]  ---- Starting iteration 27/100
2019-03-01 10:06:46,496 [MainThread  ][DEBUG]  Regenerated CRAB frequencies: nuk=[-0.18439254 -0.40319642  0.08069591]
2019-03-01 10:06:46,496 [MainThread  ][DEBUG]  Setting hyperparameter tf=0.598989898989899
2019-03-01 10:06:46,496 [MainThread  ][INFO ]  Starting optimization for tf=0.598989898989899
2019-03-01 10:06:46,496 [MainThread  ][DEBUG]  Optimization method: Powell
2019-03-01 10:06:46,496 [MainThread  ][DEBUG]  Optimization options: None
2019-03-01 10:06:46,497 [MainThread  ][INFO ]  Initial parameter values: [-0.2743839   0.06926557 -0.09019657  0.21692282 -0.56162914 -0.48825531]
2019-03-01 10:07:40,783 [MainThread  ][INFO ]  Final fidelity: 0.8363094322732244
2019-03-01 10:07:40,796 [MainThread  ][INFO ]  Final parameters: [-198.69262867 -198.76369813 -198.17661903   43.75499588   45.12466041
    5.29553748]
2019-03-01 10:07:40,796 [MainThread  ][INFO ]  Fidelity: 0.8363094322732244
2019-03-01 10:07:40,796 [MainThread  ][INFO ]  ---- Starting iteration 28/100
2019-03-01 10:07:40,797 [MainThread  ][DEBUG]  Regenerated CRAB frequencies: nuk=[-0.41160909 -0.49233993  0.14487459]
2019-03-01 10:07:40,797 [MainThread  ][DEBUG]  Setting hyperparameter tf=0.6181818181818182
2019-03-01 10:07:40,797 [MainThread  ][INFO ]  Starting optimization for tf=0.6181818181818182
2019-03-01 10:07:40,797 [MainThread  ][DEBUG]  Optimization method: Powell
2019-03-01 10:07:40,797 [MainThread  ][DEBUG]  Optimization options: None
2019-03-01 10:07:40,797 [MainThread  ][INFO ]  Initial parameter values: [ 0.13435133 -0.53985172 -0.75710871  0.55958466  0.3639472   0.92370674]
2019-03-01 10:09:13,708 [MainThread  ][INFO ]  Final fidelity: 0.8408849849472546
2019-03-01 10:09:13,709 [MainThread  ][INFO ]  Final parameters: [  -4.8509023  -199.99995085  198.92006576 -128.68264007  157.90255099
    8.00066726]
2019-03-01 10:09:13,709 [MainThread  ][INFO ]  Fidelity: 0.8408849849472546
2019-03-01 10:09:13,709 [MainThread  ][INFO ]  ---- Starting iteration 29/100
2019-03-01 10:09:13,710 [MainThread  ][DEBUG]  Regenerated CRAB frequencies: nuk=[0.00562832 0.04460206 0.07963785]
2019-03-01 10:09:13,710 [MainThread  ][DEBUG]  Setting hyperparameter tf=0.6373737373737373
2019-03-01 10:09:13,710 [MainThread  ][INFO ]  Starting optimization for tf=0.6373737373737373
2019-03-01 10:09:13,710 [MainThread  ][DEBUG]  Optimization method: Powell
2019-03-01 10:09:13,710 [MainThread  ][DEBUG]  Optimization options: None
2019-03-01 10:09:13,710 [MainThread  ][INFO ]  Initial parameter values: [ 0.72152355 -0.83574819  0.77535511 -0.78938471  0.60317465  0.73816408]
2019-03-01 10:10:37,176 [MainThread  ][INFO ]  Final fidelity: 0.842199149172757
2019-03-01 10:10:37,178 [MainThread  ][INFO ]  Final parameters: [-199.9910487  -199.99869109 -199.98726597  130.78352709   13.1862743
  198.26913214]
2019-03-01 10:10:37,178 [MainThread  ][INFO ]  Fidelity: 0.842199149172757
2019-03-01 10:10:37,179 [MainThread  ][INFO ]  ---- Starting iteration 30/100
2019-03-01 10:10:37,179 [MainThread  ][DEBUG]  Regenerated CRAB frequencies: nuk=[ 0.07172039 -0.27815267 -0.39510166]
2019-03-01 10:10:37,179 [MainThread  ][DEBUG]  Setting hyperparameter tf=0.6565656565656565
2019-03-01 10:10:37,179 [MainThread  ][INFO ]  Starting optimization for tf=0.6565656565656565
2019-03-01 10:10:37,179 [MainThread  ][DEBUG]  Optimization method: Powell
2019-03-01 10:10:37,179 [MainThread  ][DEBUG]  Optimization options: None
2019-03-01 10:10:37,180 [MainThread  ][INFO ]  Initial parameter values: [ 0.92103955  0.37177722 -0.39393816  0.73386951  0.39989992 -0.80921805]
2019-03-01 10:11:39,146 [MainThread  ][INFO ]  Final fidelity: 0.8382134489596114
2019-03-01 10:11:39,152 [MainThread  ][INFO ]  Final parameters: [-199.25079559  199.49582251  149.600889      2.17156383    0.41204238
   -0.80924579]
2019-03-01 10:11:39,152 [MainThread  ][INFO ]  Fidelity: 0.8382134489596114
2019-03-01 10:11:39,152 [MainThread  ][INFO ]  ---- Starting iteration 31/100
2019-03-01 10:11:39,153 [MainThread  ][DEBUG]  Regenerated CRAB frequencies: nuk=[-0.41064648 -0.46286872 -0.40051773]
2019-03-01 10:11:39,153 [MainThread  ][DEBUG]  Setting hyperparameter tf=0.6757575757575757
2019-03-01 10:11:39,153 [MainThread  ][INFO ]  Starting optimization for tf=0.6757575757575757
2019-03-01 10:11:39,153 [MainThread  ][DEBUG]  Optimization method: Powell
2019-03-01 10:11:39,153 [MainThread  ][DEBUG]  Optimization options: None
2019-03-01 10:11:39,153 [MainThread  ][INFO ]  Initial parameter values: [ 0.80982779  0.59393749  0.04226269  0.65341931  0.3297606  -0.93968188]
2019-03-01 10:13:17,699 [MainThread  ][INFO ]  Final fidelity: 0.8397559406375344
2019-03-01 10:13:17,705 [MainThread  ][INFO ]  Final parameters: [  -4.14543578 -197.8542662   199.07000334    4.77937903   78.70849101
   -5.89355993]
2019-03-01 10:13:17,705 [MainThread  ][INFO ]  Fidelity: 0.8397559406375344
2019-03-01 10:13:17,706 [MainThread  ][INFO ]  ---- Starting iteration 32/100
2019-03-01 10:13:17,706 [MainThread  ][DEBUG]  Regenerated CRAB frequencies: nuk=[ 0.07656222 -0.42277636 -0.0936428 ]
2019-03-01 10:13:17,706 [MainThread  ][DEBUG]  Setting hyperparameter tf=0.6949494949494949
2019-03-01 10:13:17,706 [MainThread  ][INFO ]  Starting optimization for tf=0.6949494949494949
2019-03-01 10:13:17,706 [MainThread  ][DEBUG]  Optimization method: Powell
2019-03-01 10:13:17,706 [MainThread  ][DEBUG]  Optimization options: None
2019-03-01 10:13:17,706 [MainThread  ][INFO ]  Initial parameter values: [ 0.42486884  0.40197237  0.79634629 -0.89655279 -0.45332833  0.18251459]
2019-03-01 10:15:08,346 [MainThread  ][INFO ]  Final fidelity: 0.8540782512159005
2019-03-01 10:15:08,357 [MainThread  ][INFO ]  Final parameters: [-198.97482363   31.16012136  198.96767951  199.30406368    8.44827911
 -101.91570065]
2019-03-01 10:15:08,357 [MainThread  ][INFO ]  Fidelity: 0.8540782512159005
2019-03-01 10:15:08,357 [MainThread  ][INFO ]  ---- Starting iteration 33/100
2019-03-01 10:15:08,357 [MainThread  ][DEBUG]  Regenerated CRAB frequencies: nuk=[-0.09153177 -0.11003155 -0.2790194 ]
2019-03-01 10:15:08,357 [MainThread  ][DEBUG]  Setting hyperparameter tf=0.7141414141414141
2019-03-01 10:15:08,357 [MainThread  ][INFO ]  Starting optimization for tf=0.7141414141414141
2019-03-01 10:15:08,358 [MainThread  ][DEBUG]  Optimization method: Powell
2019-03-01 10:15:08,358 [MainThread  ][DEBUG]  Optimization options: None
2019-03-01 10:15:08,358 [MainThread  ][INFO ]  Initial parameter values: [ 0.13644868 -0.72882207  0.68575114  0.56040261 -0.54834404  0.31286052]
2019-03-01 10:16:41,880 [MainThread  ][INFO ]  Final fidelity: 0.8596738721386767
2019-03-01 10:16:41,889 [MainThread  ][INFO ]  Final parameters: [-199.99999999  199.99999159 -167.13651073   94.9189765    -2.15825106
  199.99999994]
2019-03-01 10:16:41,889 [MainThread  ][INFO ]  Fidelity: 0.8596738721386767
2019-03-01 10:16:41,889 [MainThread  ][INFO ]  ---- Starting iteration 34/100
2019-03-01 10:16:41,890 [MainThread  ][DEBUG]  Regenerated CRAB frequencies: nuk=[ 0.17386542 -0.07473113  0.06270307]
2019-03-01 10:16:41,890 [MainThread  ][DEBUG]  Setting hyperparameter tf=0.7333333333333333
2019-03-01 10:16:41,890 [MainThread  ][INFO ]  Starting optimization for tf=0.7333333333333333
2019-03-01 10:16:41,890 [MainThread  ][DEBUG]  Optimization method: Powell
2019-03-01 10:16:41,890 [MainThread  ][DEBUG]  Optimization options: None
2019-03-01 10:16:41,890 [MainThread  ][INFO ]  Initial parameter values: [-0.10386488 -0.31536212 -0.20403273 -0.80527396  0.20675559 -0.94539145]
2019-03-01 10:17:53,949 [MainThread  ][INFO ]  Final fidelity: 0.8303481661751609
2019-03-01 10:17:53,955 [MainThread  ][INFO ]  Final parameters: [ -97.31431734  185.5351324  -101.06563696    0.26394987  -84.97771577
   -0.89734142]
2019-03-01 10:17:53,955 [MainThread  ][INFO ]  Fidelity: 0.8303481661751609
2019-03-01 10:17:53,955 [MainThread  ][INFO ]  ---- Starting iteration 35/100
2019-03-01 10:17:53,956 [MainThread  ][DEBUG]  Regenerated CRAB frequencies: nuk=[ 0.1588544  -0.01432741 -0.11962488]
2019-03-01 10:17:53,956 [MainThread  ][DEBUG]  Setting hyperparameter tf=0.7525252525252525
2019-03-01 10:17:53,956 [MainThread  ][INFO ]  Starting optimization for tf=0.7525252525252525
2019-03-01 10:17:53,956 [MainThread  ][DEBUG]  Optimization method: Powell
2019-03-01 10:17:53,956 [MainThread  ][DEBUG]  Optimization options: None
2019-03-01 10:17:53,956 [MainThread  ][INFO ]  Initial parameter values: [ 0.80232524 -0.47823664  0.09414011 -0.14720462  0.20228099  0.6671124 ]
2019-03-01 10:19:55,093 [MainThread  ][INFO ]  Final fidelity: 0.8506365710607585
2019-03-01 10:19:55,101 [MainThread  ][INFO ]  Final parameters: [-109.7582725  -199.75645669  117.78825138  132.59348439  -65.28038725
 -125.45064973]
2019-03-01 10:19:55,101 [MainThread  ][INFO ]  Fidelity: 0.8506365710607585
2019-03-01 10:19:55,101 [MainThread  ][INFO ]  ---- Starting iteration 36/100
2019-03-01 10:19:55,101 [MainThread  ][DEBUG]  Regenerated CRAB frequencies: nuk=[0.47910162 0.36162763 0.40307192]
2019-03-01 10:19:55,101 [MainThread  ][DEBUG]  Setting hyperparameter tf=0.7717171717171717
2019-03-01 10:19:55,101 [MainThread  ][INFO ]  Starting optimization for tf=0.7717171717171717
2019-03-01 10:19:55,102 [MainThread  ][DEBUG]  Optimization method: Powell
2019-03-01 10:19:55,102 [MainThread  ][DEBUG]  Optimization options: None
2019-03-01 10:19:55,102 [MainThread  ][INFO ]  Initial parameter values: [0.65385138 0.23528327 0.09352925 0.64490328 0.16739778 0.19259379]
2019-03-01 10:21:49,232 [MainThread  ][INFO ]  Final fidelity: 0.854554197297613
2019-03-01 10:21:49,241 [MainThread  ][INFO ]  Final parameters: [ 190.97088606  147.52331624 -115.16778143  199.96956379  -30.46626578
   17.27957048]
2019-03-01 10:21:49,242 [MainThread  ][INFO ]  Fidelity: 0.854554197297613
2019-03-01 10:21:49,242 [MainThread  ][INFO ]  ---- Starting iteration 37/100
2019-03-01 10:21:49,242 [MainThread  ][DEBUG]  Regenerated CRAB frequencies: nuk=[-0.18125128  0.29486819 -0.29770975]
2019-03-01 10:21:49,242 [MainThread  ][DEBUG]  Setting hyperparameter tf=0.7909090909090909
2019-03-01 10:21:49,242 [MainThread  ][INFO ]  Starting optimization for tf=0.7909090909090909
2019-03-01 10:21:49,242 [MainThread  ][DEBUG]  Optimization method: Powell
2019-03-01 10:21:49,242 [MainThread  ][DEBUG]  Optimization options: None
2019-03-01 10:21:49,243 [MainThread  ][INFO ]  Initial parameter values: [-0.18813554 -0.24681662  0.27314991  0.61871506  0.61140063  0.61978271]
2019-03-01 10:22:45,573 [MainThread  ][INFO ]  Final fidelity: 0.868959046375149
2019-03-01 10:22:45,579 [MainThread  ][INFO ]  Final parameters: [-199.99995709  199.98625618  -22.24012289    2.80287765   32.81493651
  -86.4646674 ]
2019-03-01 10:22:45,579 [MainThread  ][INFO ]  Fidelity: 0.868959046375149
2019-03-01 10:22:45,579 [MainThread  ][INFO ]  ---- Starting iteration 38/100
2019-03-01 10:22:45,580 [MainThread  ][DEBUG]  Regenerated CRAB frequencies: nuk=[-0.21498098 -0.46327143  0.09944613]
2019-03-01 10:22:45,580 [MainThread  ][DEBUG]  Setting hyperparameter tf=0.81010101010101
2019-03-01 10:22:45,580 [MainThread  ][INFO ]  Starting optimization for tf=0.81010101010101
2019-03-01 10:22:45,580 [MainThread  ][DEBUG]  Optimization method: Powell
2019-03-01 10:22:45,580 [MainThread  ][DEBUG]  Optimization options: None
2019-03-01 10:22:45,580 [MainThread  ][INFO ]  Initial parameter values: [-0.05081899  0.33258938  0.45835243 -0.92053077  0.04104387  0.25959085]
2019-03-01 10:23:49,983 [MainThread  ][INFO ]  Final fidelity: 0.8771290676286111
2019-03-01 10:23:49,984 [MainThread  ][INFO ]  Final parameters: [-1.98148621e+02 -1.29832810e+02 -1.54021673e+01 -8.53377112e-01
  4.12637600e-02  2.59591314e-01]
2019-03-01 10:23:49,984 [MainThread  ][INFO ]  Fidelity: 0.8771290676286111
2019-03-01 10:23:49,984 [MainThread  ][INFO ]  ---- Starting iteration 39/100
2019-03-01 10:23:49,984 [MainThread  ][DEBUG]  Regenerated CRAB frequencies: nuk=[-0.49334125  0.01073879  0.32832783]
2019-03-01 10:23:49,984 [MainThread  ][DEBUG]  Setting hyperparameter tf=0.8292929292929292
2019-03-01 10:23:49,984 [MainThread  ][INFO ]  Starting optimization for tf=0.8292929292929292
2019-03-01 10:23:49,984 [MainThread  ][DEBUG]  Optimization method: Powell
2019-03-01 10:23:49,984 [MainThread  ][DEBUG]  Optimization options: None
2019-03-01 10:23:49,985 [MainThread  ][INFO ]  Initial parameter values: [-0.96828435 -0.32180423  0.29470383  0.43532105  0.08214517  0.42499404]
2019-03-01 10:26:04,861 [MainThread  ][INFO ]  Final fidelity: 0.8493573326981068
2019-03-01 10:26:04,868 [MainThread  ][INFO ]  Final parameters: [  -1.95588884 -146.70138369 -136.91156622 -155.36429156  115.35982392
 -126.11288281]
2019-03-01 10:26:04,868 [MainThread  ][INFO ]  Fidelity: 0.8493573326981068
2019-03-01 10:26:04,869 [MainThread  ][INFO ]  ---- Starting iteration 40/100
2019-03-01 10:26:04,869 [MainThread  ][DEBUG]  Regenerated CRAB frequencies: nuk=[0.3967246  0.26510059 0.20134464]
2019-03-01 10:26:04,869 [MainThread  ][DEBUG]  Setting hyperparameter tf=0.8484848484848484
2019-03-01 10:26:04,869 [MainThread  ][INFO ]  Starting optimization for tf=0.8484848484848484
2019-03-01 10:26:04,869 [MainThread  ][DEBUG]  Optimization method: Powell
2019-03-01 10:26:04,869 [MainThread  ][DEBUG]  Optimization options: None
2019-03-01 10:26:04,870 [MainThread  ][INFO ]  Initial parameter values: [ 0.49027521 -0.36840253 -0.71134076  0.96471825  0.89070912 -0.29458978]
2019-03-01 10:27:42,860 [MainThread  ][INFO ]  Final fidelity: 0.8461312513002873
2019-03-01 10:27:42,871 [MainThread  ][INFO ]  Final parameters: [148.52543914  51.8488253   89.30042858  19.4412703   69.70380879
  62.20486698]
2019-03-01 10:27:42,871 [MainThread  ][INFO ]  Fidelity: 0.8461312513002873
2019-03-01 10:27:42,871 [MainThread  ][INFO ]  ---- Starting iteration 41/100
2019-03-01 10:27:42,872 [MainThread  ][DEBUG]  Regenerated CRAB frequencies: nuk=[-0.22977282 -0.40254381 -0.40943569]
2019-03-01 10:27:42,872 [MainThread  ][DEBUG]  Setting hyperparameter tf=0.8676767676767676
2019-03-01 10:27:42,872 [MainThread  ][INFO ]  Starting optimization for tf=0.8676767676767676
2019-03-01 10:27:42,872 [MainThread  ][DEBUG]  Optimization method: Powell
2019-03-01 10:27:42,872 [MainThread  ][DEBUG]  Optimization options: None
2019-03-01 10:27:42,872 [MainThread  ][INFO ]  Initial parameter values: [ 0.66433503  0.71614287  0.25086969 -0.34109834 -0.12603124 -0.6252654 ]
2019-03-01 10:29:28,658 [MainThread  ][INFO ]  Final fidelity: 0.8889884923084138
2019-03-01 10:29:28,667 [MainThread  ][INFO ]  Final parameters: [-1.99999553e+02 -1.13838739e+02  1.75510027e+01 -3.19507023e-01
 -1.25993532e-01 -9.89317752e+01]
2019-03-01 10:29:28,668 [MainThread  ][INFO ]  Fidelity: 0.8889884923084138
2019-03-01 10:29:28,668 [MainThread  ][INFO ]  ---- Starting iteration 42/100
2019-03-01 10:29:28,668 [MainThread  ][DEBUG]  Regenerated CRAB frequencies: nuk=[-0.04979963  0.30196751 -0.3002045 ]
2019-03-01 10:29:28,668 [MainThread  ][DEBUG]  Setting hyperparameter tf=0.8868686868686868
2019-03-01 10:29:28,668 [MainThread  ][INFO ]  Starting optimization for tf=0.8868686868686868
2019-03-01 10:29:28,669 [MainThread  ][DEBUG]  Optimization method: Powell
2019-03-01 10:29:28,669 [MainThread  ][DEBUG]  Optimization options: None
2019-03-01 10:29:28,669 [MainThread  ][INFO ]  Initial parameter values: [-0.80862689  0.64517892 -0.0962598   0.64103129  0.50308166  0.20463722]
2019-03-01 10:31:22,990 [MainThread  ][INFO ]  Final fidelity: 0.8638431843545533
2019-03-01 10:31:23,012 [MainThread  ][INFO ]  Final parameters: [-165.30381974  171.07814149    2.94671251    0.70802682    0.50264106
    0.20487009]
2019-03-01 10:31:23,012 [MainThread  ][INFO ]  Fidelity: 0.8638431843545533
2019-03-01 10:31:23,012 [MainThread  ][INFO ]  ---- Starting iteration 43/100
2019-03-01 10:31:23,013 [MainThread  ][DEBUG]  Regenerated CRAB frequencies: nuk=[-0.15198292  0.39735847 -0.28557762]
2019-03-01 10:31:23,013 [MainThread  ][DEBUG]  Setting hyperparameter tf=0.906060606060606
2019-03-01 10:31:23,013 [MainThread  ][INFO ]  Starting optimization for tf=0.906060606060606
2019-03-01 10:31:23,013 [MainThread  ][DEBUG]  Optimization method: Powell
2019-03-01 10:31:23,013 [MainThread  ][DEBUG]  Optimization options: None
2019-03-01 10:31:23,014 [MainThread  ][INFO ]  Initial parameter values: [ 0.69176808 -0.06549929  0.06565715 -0.36167833  0.45688896  0.1619144 ]
2019-03-01 10:32:38,521 [MainThread  ][INFO ]  Final fidelity: 0.896391570301409
2019-03-01 10:32:38,534 [MainThread  ][INFO ]  Final parameters: [-199.902457     85.82126851  -12.85140595   35.29049304  -44.85590187
    2.8730263 ]
2019-03-01 10:32:38,534 [MainThread  ][INFO ]  Fidelity: 0.896391570301409
2019-03-01 10:32:38,534 [MainThread  ][INFO ]  ---- Starting iteration 44/100
2019-03-01 10:32:38,534 [MainThread  ][DEBUG]  Regenerated CRAB frequencies: nuk=[ 0.09483057 -0.28372813  0.46983236]
2019-03-01 10:32:38,535 [MainThread  ][DEBUG]  Setting hyperparameter tf=0.9252525252525252
2019-03-01 10:32:38,535 [MainThread  ][INFO ]  Starting optimization for tf=0.9252525252525252
2019-03-01 10:32:38,535 [MainThread  ][DEBUG]  Optimization method: Powell
2019-03-01 10:32:38,535 [MainThread  ][DEBUG]  Optimization options: None
2019-03-01 10:32:38,535 [MainThread  ][INFO ]  Initial parameter values: [-0.29702561  0.64247273  0.2779754  -0.47372517 -0.4139521   0.98462385]
2019-03-01 10:34:26,935 [MainThread  ][INFO ]  Final fidelity: 0.8702265775017878
2019-03-01 10:34:26,995 [MainThread  ][INFO ]  Final parameters: [-1.02492543e+02  1.75995209e+02  6.55330952e+01 -8.35089748e-03
 -1.80359057e-01  1.50780213e+01]
2019-03-01 10:34:26,995 [MainThread  ][INFO ]  Fidelity: 0.8702265775017878
2019-03-01 10:34:26,995 [MainThread  ][INFO ]  ---- Starting iteration 45/100
2019-03-01 10:34:26,995 [MainThread  ][DEBUG]  Regenerated CRAB frequencies: nuk=[-0.46051007 -0.15239792 -0.35188964]
2019-03-01 10:34:26,995 [MainThread  ][DEBUG]  Setting hyperparameter tf=0.9444444444444443
2019-03-01 10:34:26,996 [MainThread  ][INFO ]  Starting optimization for tf=0.9444444444444443
2019-03-01 10:34:26,996 [MainThread  ][DEBUG]  Optimization method: Powell
2019-03-01 10:34:26,996 [MainThread  ][DEBUG]  Optimization options: None
2019-03-01 10:34:26,996 [MainThread  ][INFO ]  Initial parameter values: [-0.66888193  0.43592747 -0.92716857 -0.66247254  0.37622213  0.96948308]
2019-03-01 10:35:27,793 [MainThread  ][INFO ]  Final fidelity: 0.8580470773150177
2019-03-01 10:35:27,797 [MainThread  ][INFO ]  Final parameters: [   5.51748391  159.76260307 -137.57444386  -41.04115346  -13.93825928
    0.82358505]
2019-03-01 10:35:27,797 [MainThread  ][INFO ]  Fidelity: 0.8580470773150177
2019-03-01 10:35:27,797 [MainThread  ][INFO ]  ---- Starting iteration 46/100
2019-03-01 10:35:27,797 [MainThread  ][DEBUG]  Regenerated CRAB frequencies: nuk=[ 0.23196188 -0.40185273 -0.47423779]
2019-03-01 10:35:27,798 [MainThread  ][DEBUG]  Setting hyperparameter tf=0.9636363636363635
2019-03-01 10:35:27,798 [MainThread  ][INFO ]  Starting optimization for tf=0.9636363636363635
2019-03-01 10:35:27,798 [MainThread  ][DEBUG]  Optimization method: Powell
2019-03-01 10:35:27,798 [MainThread  ][DEBUG]  Optimization options: None
2019-03-01 10:35:27,798 [MainThread  ][INFO ]  Initial parameter values: [ 0.48053369 -0.25367449  0.08214667 -0.23259513 -0.36773852 -0.27030239]
2019-03-01 10:36:27,083 [MainThread  ][INFO ]  Final fidelity: 0.860531929833757
2019-03-01 10:36:27,083 [MainThread  ][INFO ]  Final parameters: [-63.57666718 -16.5213947  176.28464301   1.85757483  -0.36215346
 -26.12956382]
2019-03-01 10:36:27,084 [MainThread  ][INFO ]  Fidelity: 0.860531929833757
2019-03-01 10:36:27,084 [MainThread  ][INFO ]  ---- Starting iteration 47/100
2019-03-01 10:36:27,084 [MainThread  ][DEBUG]  Regenerated CRAB frequencies: nuk=[-0.15764685  0.39834366 -0.14377886]
2019-03-01 10:36:27,084 [MainThread  ][DEBUG]  Setting hyperparameter tf=0.9828282828282827
2019-03-01 10:36:27,084 [MainThread  ][INFO ]  Starting optimization for tf=0.9828282828282827
2019-03-01 10:36:27,084 [MainThread  ][DEBUG]  Optimization method: Powell
2019-03-01 10:36:27,084 [MainThread  ][DEBUG]  Optimization options: None
2019-03-01 10:36:27,085 [MainThread  ][INFO ]  Initial parameter values: [-0.17897873  0.05438056 -0.9285622   0.14776878 -0.12549313 -0.95509175]
2019-03-01 10:38:00,902 [MainThread  ][INFO ]  Final fidelity: 0.91838710983178
2019-03-01 10:38:00,909 [MainThread  ][INFO ]  Final parameters: [-198.78141516   50.68588967    1.21742419   36.37513945  -19.18044007
   16.48359707]
2019-03-01 10:38:00,910 [MainThread  ][INFO ]  Fidelity: 0.91838710983178
2019-03-01 10:38:00,910 [MainThread  ][INFO ]  ---- Starting iteration 48/100
2019-03-01 10:38:00,910 [MainThread  ][DEBUG]  Regenerated CRAB frequencies: nuk=[ 0.26609847  0.01325011 -0.0502781 ]
2019-03-01 10:38:00,910 [MainThread  ][DEBUG]  Setting hyperparameter tf=1.002020202020202
2019-03-01 10:38:00,910 [MainThread  ][INFO ]  Starting optimization for tf=1.002020202020202
2019-03-01 10:38:00,910 [MainThread  ][DEBUG]  Optimization method: Powell
2019-03-01 10:38:00,910 [MainThread  ][DEBUG]  Optimization options: None
2019-03-01 10:38:00,911 [MainThread  ][INFO ]  Initial parameter values: [ 0.87745091  0.88545976 -0.45433595  0.09731963  0.0268404  -0.61174491]
2019-03-01 10:40:23,257 [MainThread  ][INFO ]  Final fidelity: 0.8797825657015974
2019-03-01 10:40:23,262 [MainThread  ][INFO ]  Final parameters: [ -41.99682144 -135.46707523    0.20600007  126.88299058   70.92778578
  -52.3940917 ]
2019-03-01 10:40:23,262 [MainThread  ][INFO ]  Fidelity: 0.8797825657015974
2019-03-01 10:40:23,263 [MainThread  ][INFO ]  ---- Starting iteration 49/100
2019-03-01 10:40:23,263 [MainThread  ][DEBUG]  Regenerated CRAB frequencies: nuk=[ 0.13177034 -0.36124629  0.02503387]
2019-03-01 10:40:23,263 [MainThread  ][DEBUG]  Setting hyperparameter tf=1.0212121212121212
2019-03-01 10:40:23,263 [MainThread  ][INFO ]  Starting optimization for tf=1.0212121212121212
2019-03-01 10:40:23,263 [MainThread  ][DEBUG]  Optimization method: Powell
2019-03-01 10:40:23,264 [MainThread  ][DEBUG]  Optimization options: None
2019-03-01 10:40:23,264 [MainThread  ][INFO ]  Initial parameter values: [-0.4293859  -0.19452095 -0.44283713  0.60403259 -0.38165609 -0.35612399]
2019-03-01 10:41:43,366 [MainThread  ][INFO ]  Final fidelity: 0.8643378517824615
2019-03-01 10:41:43,367 [MainThread  ][INFO ]  Final parameters: [ -92.8924855    80.65979982 -111.67823169   11.40750366   -0.3077473
  -44.93595638]
2019-03-01 10:41:43,368 [MainThread  ][INFO ]  Fidelity: 0.8643378517824615
2019-03-01 10:41:43,368 [MainThread  ][INFO ]  ---- Starting iteration 50/100
2019-03-01 10:41:43,368 [MainThread  ][DEBUG]  Regenerated CRAB frequencies: nuk=[-0.05607062 -0.08661953 -0.23689021]
2019-03-01 10:41:43,368 [MainThread  ][DEBUG]  Setting hyperparameter tf=1.0404040404040404
2019-03-01 10:41:43,368 [MainThread  ][INFO ]  Starting optimization for tf=1.0404040404040404
2019-03-01 10:41:43,368 [MainThread  ][DEBUG]  Optimization method: Powell
2019-03-01 10:41:43,368 [MainThread  ][DEBUG]  Optimization options: None
2019-03-01 10:41:43,369 [MainThread  ][INFO ]  Initial parameter values: [ 0.29265623 -0.30435054  0.22952926 -0.45518534 -0.51275573 -0.3301154 ]
2019-03-01 10:43:58,998 [MainThread  ][INFO ]  Final fidelity: 0.9193464304417148
2019-03-01 10:43:58,998 [MainThread  ][INFO ]  Final parameters: [-132.97756396    9.80521574   96.68168682   64.96828421 -102.84047031
   36.34299962]
2019-03-01 10:43:58,999 [MainThread  ][INFO ]  Fidelity: 0.9193464304417148
2019-03-01 10:43:58,999 [MainThread  ][INFO ]  ---- Starting iteration 51/100
2019-03-01 10:43:58,999 [MainThread  ][DEBUG]  Regenerated CRAB frequencies: nuk=[-0.33708115  0.37246222 -0.46386585]
2019-03-01 10:43:58,999 [MainThread  ][DEBUG]  Setting hyperparameter tf=1.0595959595959596
2019-03-01 10:43:58,999 [MainThread  ][INFO ]  Starting optimization for tf=1.0595959595959596
2019-03-01 10:43:58,999 [MainThread  ][DEBUG]  Optimization method: Powell
2019-03-01 10:43:58,999 [MainThread  ][DEBUG]  Optimization options: None
2019-03-01 10:43:58,999 [MainThread  ][INFO ]  Initial parameter values: [-0.36414399  0.84102506  0.39248505 -0.61743793  0.64270197 -0.28257242]
2019-03-01 10:46:05,338 [MainThread  ][INFO ]  Final fidelity: 0.8911779232996222
2019-03-01 10:46:05,362 [MainThread  ][INFO ]  Final parameters: [ -38.38373811   64.75338404   81.91767841  -32.84556571 -105.0827185
  -27.99749952]
2019-03-01 10:46:05,362 [MainThread  ][INFO ]  Fidelity: 0.8911779232996222
2019-03-01 10:46:05,363 [MainThread  ][INFO ]  ---- Starting iteration 52/100
2019-03-01 10:46:05,363 [MainThread  ][DEBUG]  Regenerated CRAB frequencies: nuk=[-0.34263027  0.12064924  0.27434515]
2019-03-01 10:46:05,363 [MainThread  ][DEBUG]  Setting hyperparameter tf=1.0787878787878789
2019-03-01 10:46:05,363 [MainThread  ][INFO ]  Starting optimization for tf=1.0787878787878789
2019-03-01 10:46:05,363 [MainThread  ][DEBUG]  Optimization method: Powell
2019-03-01 10:46:05,363 [MainThread  ][DEBUG]  Optimization options: None
2019-03-01 10:46:05,363 [MainThread  ][INFO ]  Initial parameter values: [ 0.92223441 -0.33490329  0.88447286 -0.82077509 -0.69892647 -0.616047  ]
2019-03-01 10:48:13,815 [MainThread  ][INFO ]  Final fidelity: 0.8771148763871488
2019-03-01 10:48:13,815 [MainThread  ][INFO ]  Final parameters: [-32.3646599  -66.75016662  67.11449688 -33.52501625  91.21826291
 -72.67254234]
2019-03-01 10:48:13,815 [MainThread  ][INFO ]  Fidelity: 0.8771148763871488
2019-03-01 10:48:13,815 [MainThread  ][INFO ]  ---- Starting iteration 53/100
2019-03-01 10:48:13,816 [MainThread  ][DEBUG]  Regenerated CRAB frequencies: nuk=[-0.19280423  0.28704659 -0.38222698]
2019-03-01 10:48:13,816 [MainThread  ][DEBUG]  Setting hyperparameter tf=1.097979797979798
2019-03-01 10:48:13,816 [MainThread  ][INFO ]  Starting optimization for tf=1.097979797979798
2019-03-01 10:48:13,816 [MainThread  ][DEBUG]  Optimization method: Powell
2019-03-01 10:48:13,816 [MainThread  ][DEBUG]  Optimization options: None
2019-03-01 10:48:13,816 [MainThread  ][INFO ]  Initial parameter values: [ 0.97068569 -0.03917227  0.90161166 -0.94817483  0.7205173   0.79497169]
2019-03-01 10:50:50,635 [MainThread  ][INFO ]  Final fidelity: 0.9361680602118977
2019-03-01 10:50:50,647 [MainThread  ][INFO ]  Final parameters: [-151.28294595   38.5205176    34.64324866   12.80511044   55.54205347
    0.65407338]
2019-03-01 10:50:50,647 [MainThread  ][INFO ]  Fidelity: 0.9361680602118977
2019-03-01 10:50:50,647 [MainThread  ][INFO ]  ---- Starting iteration 54/100
2019-03-01 10:50:50,648 [MainThread  ][DEBUG]  Regenerated CRAB frequencies: nuk=[-0.1542237   0.0352801  -0.04029898]
2019-03-01 10:50:50,648 [MainThread  ][DEBUG]  Setting hyperparameter tf=1.1171717171717173
2019-03-01 10:50:50,648 [MainThread  ][INFO ]  Starting optimization for tf=1.1171717171717173
2019-03-01 10:50:50,648 [MainThread  ][DEBUG]  Optimization method: Powell
2019-03-01 10:50:50,648 [MainThread  ][DEBUG]  Optimization options: None
2019-03-01 10:50:50,648 [MainThread  ][INFO ]  Initial parameter values: [ 0.68580756 -0.97046817 -0.2222099   0.68274705 -0.53890644 -0.37412641]
2019-03-01 10:53:07,002 [MainThread  ][INFO ]  Final fidelity: 0.9309876621179722
2019-03-01 10:53:07,002 [MainThread  ][INFO ]  Final parameters: [-155.32518877  -36.11076124  -79.50662361    1.09991579   89.40457286
   -0.7172761 ]
2019-03-01 10:53:07,003 [MainThread  ][INFO ]  Fidelity: 0.9309876621179722
2019-03-01 10:53:07,003 [MainThread  ][INFO ]  ---- Starting iteration 55/100
2019-03-01 10:53:07,003 [MainThread  ][DEBUG]  Regenerated CRAB frequencies: nuk=[-0.05314473  0.10407506  0.04852171]
2019-03-01 10:53:07,003 [MainThread  ][DEBUG]  Setting hyperparameter tf=1.1363636363636365
2019-03-01 10:53:07,003 [MainThread  ][INFO ]  Starting optimization for tf=1.1363636363636365
2019-03-01 10:53:07,003 [MainThread  ][DEBUG]  Optimization method: Powell
2019-03-01 10:53:07,003 [MainThread  ][DEBUG]  Optimization options: None
2019-03-01 10:53:07,004 [MainThread  ][INFO ]  Initial parameter values: [ 0.36117657 -0.21667428  0.62522574  0.42091578 -0.02244917  0.08036405]
2019-03-01 10:54:40,807 [MainThread  ][INFO ]  Final fidelity: 0.9360299792231139
2019-03-01 10:54:40,811 [MainThread  ][INFO ]  Final parameters: [-127.83746085   39.33620819  -16.8773658    62.3058735    98.39165608
   22.01970667]
2019-03-01 10:54:40,811 [MainThread  ][INFO ]  Fidelity: 0.9360299792231139
2019-03-01 10:54:40,811 [MainThread  ][INFO ]  ---- Starting iteration 56/100
2019-03-01 10:54:40,811 [MainThread  ][DEBUG]  Regenerated CRAB frequencies: nuk=[-0.38087228  0.29210347 -0.26020706]
2019-03-01 10:54:40,812 [MainThread  ][DEBUG]  Setting hyperparameter tf=1.1555555555555557
2019-03-01 10:54:40,812 [MainThread  ][INFO ]  Starting optimization for tf=1.1555555555555557
2019-03-01 10:54:40,812 [MainThread  ][DEBUG]  Optimization method: Powell
2019-03-01 10:54:40,812 [MainThread  ][DEBUG]  Optimization options: None
2019-03-01 10:54:40,812 [MainThread  ][INFO ]  Initial parameter values: [-0.30825431 -0.90504885 -0.91007095  0.92336764 -0.65585333 -0.48999654]
2019-03-01 10:55:44,683 [MainThread  ][INFO ]  Final fidelity: 0.8664562836613824
2019-03-01 10:55:44,684 [MainThread  ][INFO ]  Final parameters: [ -8.88870073  61.86819447 -12.35663398 -33.97111853  54.9008166
   0.13616875]
2019-03-01 10:55:44,684 [MainThread  ][INFO ]  Fidelity: 0.8664562836613824
2019-03-01 10:55:44,684 [MainThread  ][INFO ]  ---- Starting iteration 57/100
2019-03-01 10:55:44,684 [MainThread  ][DEBUG]  Regenerated CRAB frequencies: nuk=[-0.25320679  0.48082622 -0.3401731 ]
2019-03-01 10:55:44,684 [MainThread  ][DEBUG]  Setting hyperparameter tf=1.1747474747474747
2019-03-01 10:55:44,684 [MainThread  ][INFO ]  Starting optimization for tf=1.1747474747474747
2019-03-01 10:55:44,684 [MainThread  ][DEBUG]  Optimization method: Powell
2019-03-01 10:55:44,684 [MainThread  ][DEBUG]  Optimization options: None
2019-03-01 10:55:44,685 [MainThread  ][INFO ]  Initial parameter values: [ 0.06685691 -0.7967268   0.3832851  -0.23079907 -0.43723305 -0.54063767]
2019-03-01 10:57:17,871 [MainThread  ][INFO ]  Final fidelity: 0.9391376615342302
2019-03-01 10:57:17,884 [MainThread  ][INFO ]  Final parameters: [-115.4527399   -27.06323009  -34.62987117  -23.74644492  -53.33179005
   -1.82465374]
2019-03-01 10:57:17,884 [MainThread  ][INFO ]  Fidelity: 0.9391376615342302
2019-03-01 10:57:17,885 [MainThread  ][INFO ]  ---- Starting iteration 58/100
2019-03-01 10:57:17,885 [MainThread  ][DEBUG]  Regenerated CRAB frequencies: nuk=[ 0.32010526  0.24141226 -0.18870217]
2019-03-01 10:57:17,885 [MainThread  ][DEBUG]  Setting hyperparameter tf=1.1939393939393939
2019-03-01 10:57:17,885 [MainThread  ][INFO ]  Starting optimization for tf=1.1939393939393939
2019-03-01 10:57:17,885 [MainThread  ][DEBUG]  Optimization method: Powell
2019-03-01 10:57:17,885 [MainThread  ][DEBUG]  Optimization options: None
2019-03-01 10:57:17,886 [MainThread  ][INFO ]  Initial parameter values: [-0.2773743   0.08875795 -0.18042693 -0.68374412  0.90567515  0.45210521]
2019-03-01 10:58:47,206 [MainThread  ][INFO ]  Final fidelity: 0.9193063261320475
2019-03-01 10:58:47,216 [MainThread  ][INFO ]  Final parameters: [ 38.05572072  51.91400102   9.4122422  109.71243765  22.42051571
  15.82954068]
2019-03-01 10:58:47,216 [MainThread  ][INFO ]  Fidelity: 0.9193063261320475
2019-03-01 10:58:47,216 [MainThread  ][INFO ]  ---- Starting iteration 59/100
2019-03-01 10:58:47,217 [MainThread  ][DEBUG]  Regenerated CRAB frequencies: nuk=[ 0.06089522 -0.09249272  0.26306453]
2019-03-01 10:58:47,217 [MainThread  ][DEBUG]  Setting hyperparameter tf=1.213131313131313
2019-03-01 10:58:47,217 [MainThread  ][INFO ]  Starting optimization for tf=1.213131313131313
2019-03-01 10:58:47,217 [MainThread  ][DEBUG]  Optimization method: Powell
2019-03-01 10:58:47,217 [MainThread  ][DEBUG]  Optimization options: None
2019-03-01 10:58:47,217 [MainThread  ][INFO ]  Initial parameter values: [ 0.82239398 -0.36088154  0.41394611 -0.97498423  0.99011767 -0.76701992]
2019-03-01 11:00:17,791 [MainThread  ][INFO ]  Final fidelity: 0.8650869649332815
2019-03-01 11:00:17,792 [MainThread  ][INFO ]  Final parameters: [-39.49189479  23.42814084  69.3288525   -0.36390682   0.98446811
 -10.96786897]
2019-03-01 11:00:17,792 [MainThread  ][INFO ]  Fidelity: 0.8650869649332815
2019-03-01 11:00:17,792 [MainThread  ][INFO ]  ---- Starting iteration 60/100
2019-03-01 11:00:17,793 [MainThread  ][DEBUG]  Regenerated CRAB frequencies: nuk=[-0.34371704  0.35406858 -0.034021  ]
2019-03-01 11:00:17,793 [MainThread  ][DEBUG]  Setting hyperparameter tf=1.2323232323232323
2019-03-01 11:00:17,793 [MainThread  ][INFO ]  Starting optimization for tf=1.2323232323232323
2019-03-01 11:00:17,793 [MainThread  ][DEBUG]  Optimization method: Powell
2019-03-01 11:00:17,793 [MainThread  ][DEBUG]  Optimization options: None
2019-03-01 11:00:17,793 [MainThread  ][INFO ]  Initial parameter values: [ 0.95366758  0.44958303 -0.38973807  0.07017494 -0.6363288  -0.53373281]
2019-03-01 11:02:00,807 [MainThread  ][INFO ]  Final fidelity: 0.8851848144085802
2019-03-01 11:02:00,813 [MainThread  ][INFO ]  Final parameters: [-23.24493795  49.34230929  14.3305894  -30.85840364 -64.4322964
  -0.83367509]
2019-03-01 11:02:00,813 [MainThread  ][INFO ]  Fidelity: 0.8851848144085802
2019-03-01 11:02:00,813 [MainThread  ][INFO ]  ---- Starting iteration 61/100
2019-03-01 11:02:00,813 [MainThread  ][DEBUG]  Regenerated CRAB frequencies: nuk=[-0.34838729 -0.21012145  0.20936776]
2019-03-01 11:02:00,813 [MainThread  ][DEBUG]  Setting hyperparameter tf=1.2515151515151515
2019-03-01 11:02:00,813 [MainThread  ][INFO ]  Starting optimization for tf=1.2515151515151515
2019-03-01 11:02:00,813 [MainThread  ][DEBUG]  Optimization method: Powell
2019-03-01 11:02:00,814 [MainThread  ][DEBUG]  Optimization options: None
2019-03-01 11:02:00,814 [MainThread  ][INFO ]  Initial parameter values: [ 0.48331935  0.50989883  0.53352418 -0.06843854  0.25619626 -0.79022349]
2019-03-01 11:05:20,043 [MainThread  ][INFO ]  Final fidelity: 0.904544752632213
2019-03-01 11:05:20,044 [MainThread  ][INFO ]  Final parameters: [-20.56041931  59.2327175    0.9480229  -27.88402094 -52.3491344
  46.21574621]
2019-03-01 11:05:20,044 [MainThread  ][INFO ]  Fidelity: 0.904544752632213
2019-03-01 11:05:20,044 [MainThread  ][INFO ]  ---- Starting iteration 62/100
2019-03-01 11:05:20,045 [MainThread  ][DEBUG]  Regenerated CRAB frequencies: nuk=[ 0.47599212 -0.45984554 -0.19629138]
2019-03-01 11:05:20,045 [MainThread  ][DEBUG]  Setting hyperparameter tf=1.2707070707070707
2019-03-01 11:05:20,045 [MainThread  ][INFO ]  Starting optimization for tf=1.2707070707070707
2019-03-01 11:05:20,045 [MainThread  ][DEBUG]  Optimization method: Powell
2019-03-01 11:05:20,045 [MainThread  ][DEBUG]  Optimization options: None
2019-03-01 11:05:20,045 [MainThread  ][INFO ]  Initial parameter values: [-0.98572757  0.72239936 -0.6935622   0.64131629 -0.52975622 -0.75984953]
2019-03-01 11:07:40,391 [MainThread  ][INFO ]  Final fidelity: 0.9202779858640109
2019-03-01 11:07:40,391 [MainThread  ][INFO ]  Final parameters: [ 95.956039   -28.90220073 108.64307272   8.84714807  -0.38880388
  18.09936174]
2019-03-01 11:07:40,392 [MainThread  ][INFO ]  Fidelity: 0.9202779858640109
2019-03-01 11:07:40,392 [MainThread  ][INFO ]  ---- Starting iteration 63/100
2019-03-01 11:07:40,392 [MainThread  ][DEBUG]  Regenerated CRAB frequencies: nuk=[ 0.35849054 -0.48797194  0.07401689]
2019-03-01 11:07:40,392 [MainThread  ][DEBUG]  Setting hyperparameter tf=1.2898989898989899
2019-03-01 11:07:40,392 [MainThread  ][INFO ]  Starting optimization for tf=1.2898989898989899
2019-03-01 11:07:40,392 [MainThread  ][DEBUG]  Optimization method: Powell
2019-03-01 11:07:40,392 [MainThread  ][DEBUG]  Optimization options: None
2019-03-01 11:07:40,393 [MainThread  ][INFO ]  Initial parameter values: [ 0.32616217  0.78223174  0.7421562  -0.32177897  0.13714285 -0.3030829 ]
2019-03-01 11:09:10,099 [MainThread  ][INFO ]  Final fidelity: 0.9098103815055291
2019-03-01 11:09:10,100 [MainThread  ][INFO ]  Final parameters: [ 60.30999145 -49.43493584 -56.72239606   0.12623693   0.13975764
  -0.3031239 ]
2019-03-01 11:09:10,100 [MainThread  ][INFO ]  Fidelity: 0.9098103815055291
2019-03-01 11:09:10,100 [MainThread  ][INFO ]  ---- Starting iteration 64/100
2019-03-01 11:09:10,100 [MainThread  ][DEBUG]  Regenerated CRAB frequencies: nuk=[-0.20606114 -0.14335749 -0.3122594 ]
2019-03-01 11:09:10,100 [MainThread  ][DEBUG]  Setting hyperparameter tf=1.309090909090909
2019-03-01 11:09:10,100 [MainThread  ][INFO ]  Starting optimization for tf=1.309090909090909
2019-03-01 11:09:10,101 [MainThread  ][DEBUG]  Optimization method: Powell
2019-03-01 11:09:10,101 [MainThread  ][DEBUG]  Optimization options: None
2019-03-01 11:09:10,101 [MainThread  ][INFO ]  Initial parameter values: [ 0.90945261 -0.72710465  0.24112771 -0.10333098 -0.22478046  0.63053666]
2019-03-01 11:13:20,908 [MainThread  ][INFO ]  Final fidelity: 0.982735230125185
2019-03-01 11:13:20,909 [MainThread  ][INFO ]  Final parameters: [-137.41843186   -8.49723199  -33.19942583    4.44313671   -0.26036498
   39.31967728]
2019-03-01 11:13:20,909 [MainThread  ][INFO ]  Fidelity: 0.982735230125185
2019-03-01 11:13:20,909 [MainThread  ][INFO ]  ---- Starting iteration 65/100
2019-03-01 11:13:20,910 [MainThread  ][DEBUG]  Regenerated CRAB frequencies: nuk=[ 0.44471883  0.38205766 -0.32976668]
2019-03-01 11:13:20,910 [MainThread  ][DEBUG]  Setting hyperparameter tf=1.3282828282828283
2019-03-01 11:13:20,910 [MainThread  ][INFO ]  Starting optimization for tf=1.3282828282828283
2019-03-01 11:13:20,910 [MainThread  ][DEBUG]  Optimization method: Powell
2019-03-01 11:13:20,910 [MainThread  ][DEBUG]  Optimization options: None
2019-03-01 11:13:20,910 [MainThread  ][INFO ]  Initial parameter values: [-0.31956095  0.83464292  0.84259323  0.14812164 -0.15689468 -0.24501027]
2019-03-01 11:14:55,305 [MainThread  ][INFO ]  Final fidelity: 0.9199084788533951
2019-03-01 11:14:55,312 [MainThread  ][INFO ]  Final parameters: [ 62.78122568  52.88973554   0.60240649  45.72646388 -34.95668498
  -0.4702951 ]
2019-03-01 11:14:55,312 [MainThread  ][INFO ]  Fidelity: 0.9199084788533951
2019-03-01 11:14:55,312 [MainThread  ][INFO ]  ---- Starting iteration 66/100
2019-03-01 11:14:55,312 [MainThread  ][DEBUG]  Regenerated CRAB frequencies: nuk=[-0.36347625  0.09037621  0.0109081 ]
2019-03-01 11:14:55,313 [MainThread  ][DEBUG]  Setting hyperparameter tf=1.3474747474747475
2019-03-01 11:14:55,313 [MainThread  ][INFO ]  Starting optimization for tf=1.3474747474747475
2019-03-01 11:14:55,313 [MainThread  ][DEBUG]  Optimization method: Powell
2019-03-01 11:14:55,313 [MainThread  ][DEBUG]  Optimization options: None
2019-03-01 11:14:55,313 [MainThread  ][INFO ]  Initial parameter values: [-0.07826905 -0.4988846  -0.84052896 -0.32155195  0.15871859  0.6854408 ]
2019-03-01 11:16:21,725 [MainThread  ][INFO ]  Final fidelity: 0.8984189887525978
2019-03-01 11:16:21,726 [MainThread  ][INFO ]  Final parameters: [-12.57344126 -97.52670971 -72.34711142 -14.50553657  19.59721067
   0.46527517]
2019-03-01 11:16:21,726 [MainThread  ][INFO ]  Fidelity: 0.8984189887525978
2019-03-01 11:16:21,726 [MainThread  ][INFO ]  ---- Starting iteration 67/100
2019-03-01 11:16:21,727 [MainThread  ][DEBUG]  Regenerated CRAB frequencies: nuk=[-0.25909778 -0.41423147  0.24507858]
2019-03-01 11:16:21,727 [MainThread  ][DEBUG]  Setting hyperparameter tf=1.3666666666666667
2019-03-01 11:16:21,727 [MainThread  ][INFO ]  Starting optimization for tf=1.3666666666666667
2019-03-01 11:16:21,727 [MainThread  ][DEBUG]  Optimization method: Powell
2019-03-01 11:16:21,727 [MainThread  ][DEBUG]  Optimization options: None
2019-03-01 11:16:21,727 [MainThread  ][INFO ]  Initial parameter values: [ 0.07340656  0.27301732 -0.98350435  0.67542759  0.92449887 -0.36634602]
2019-03-01 11:18:30,274 [MainThread  ][INFO ]  Final fidelity: 0.9632197486801474
2019-03-01 11:18:30,277 [MainThread  ][INFO ]  Final parameters: [-84.82865093 -35.37101112   3.54413065   0.70557758   0.92453745
 -24.84028908]
2019-03-01 11:18:30,277 [MainThread  ][INFO ]  Fidelity: 0.9632197486801474
2019-03-01 11:18:30,277 [MainThread  ][INFO ]  ---- Starting iteration 68/100
2019-03-01 11:18:30,278 [MainThread  ][DEBUG]  Regenerated CRAB frequencies: nuk=[-0.23921574  0.33315223  0.00851923]
2019-03-01 11:18:30,278 [MainThread  ][DEBUG]  Setting hyperparameter tf=1.385858585858586
2019-03-01 11:18:30,278 [MainThread  ][INFO ]  Starting optimization for tf=1.385858585858586
2019-03-01 11:18:30,278 [MainThread  ][DEBUG]  Optimization method: Powell
2019-03-01 11:18:30,278 [MainThread  ][DEBUG]  Optimization options: None
2019-03-01 11:18:30,278 [MainThread  ][INFO ]  Initial parameter values: [ 0.03203526  0.51753935  0.4628449  -0.7237465  -0.39805274  0.53613179]
2019-03-01 11:19:24,311 [MainThread  ][INFO ]  Final fidelity: 0.9722569266883454
2019-03-01 11:19:24,317 [MainThread  ][INFO ]  Final parameters: [-87.17492491  41.97388831 -11.55422787  -5.78532707  -1.04882736
   0.52607987]
2019-03-01 11:19:24,317 [MainThread  ][INFO ]  Fidelity: 0.9722569266883454
2019-03-01 11:19:24,317 [MainThread  ][INFO ]  ---- Starting iteration 69/100
2019-03-01 11:19:24,317 [MainThread  ][DEBUG]  Regenerated CRAB frequencies: nuk=[-0.18412828 -0.01832335  0.05738348]
2019-03-01 11:19:24,317 [MainThread  ][DEBUG]  Setting hyperparameter tf=1.405050505050505
2019-03-01 11:19:24,317 [MainThread  ][INFO ]  Starting optimization for tf=1.405050505050505
2019-03-01 11:19:24,318 [MainThread  ][DEBUG]  Optimization method: Powell
2019-03-01 11:19:24,318 [MainThread  ][DEBUG]  Optimization options: None
2019-03-01 11:19:24,318 [MainThread  ][INFO ]  Initial parameter values: [-0.37451954 -0.31280801 -0.15811505 -0.25359257  0.28651084  0.00751181]
2019-03-01 11:21:44,855 [MainThread  ][INFO ]  Final fidelity: 0.9727043293965404
2019-03-01 11:21:44,867 [MainThread  ][INFO ]  Final parameters: [-93.25113927 -48.28464412   3.11072671   2.06258528  44.43074804
  62.69008118]
2019-03-01 11:21:44,867 [MainThread  ][INFO ]  Fidelity: 0.9727043293965404
2019-03-01 11:21:44,867 [MainThread  ][INFO ]  ---- Starting iteration 70/100
2019-03-01 11:21:44,868 [MainThread  ][DEBUG]  Regenerated CRAB frequencies: nuk=[ 0.2156615   0.14880694 -0.03679808]
2019-03-01 11:21:44,868 [MainThread  ][DEBUG]  Setting hyperparameter tf=1.4242424242424243
2019-03-01 11:21:44,868 [MainThread  ][INFO ]  Starting optimization for tf=1.4242424242424243
2019-03-01 11:21:44,868 [MainThread  ][DEBUG]  Optimization method: Powell
2019-03-01 11:21:44,868 [MainThread  ][DEBUG]  Optimization options: None
2019-03-01 11:21:44,868 [MainThread  ][INFO ]  Initial parameter values: [-0.75777318  0.51993297  0.11379683  0.07417777 -0.03319873 -0.23499651]
2019-03-01 11:27:33,369 [MainThread  ][INFO ]  Final fidelity: 0.9182164261475501
2019-03-01 11:27:33,378 [MainThread  ][INFO ]  Final parameters: [ -5.88629016 -34.74369214 -15.16651572  36.84287866   0.84875065
 -83.98938826]
2019-03-01 11:27:33,378 [MainThread  ][INFO ]  Fidelity: 0.9182164261475501
2019-03-01 11:27:33,378 [MainThread  ][INFO ]  ---- Starting iteration 71/100
2019-03-01 11:27:33,379 [MainThread  ][DEBUG]  Regenerated CRAB frequencies: nuk=[-0.17489713  0.02072609 -0.24752815]
2019-03-01 11:27:33,379 [MainThread  ][DEBUG]  Setting hyperparameter tf=1.4434343434343435
2019-03-01 11:27:33,379 [MainThread  ][INFO ]  Starting optimization for tf=1.4434343434343435
2019-03-01 11:27:33,379 [MainThread  ][DEBUG]  Optimization method: Powell
2019-03-01 11:27:33,379 [MainThread  ][DEBUG]  Optimization options: None
2019-03-01 11:27:33,379 [MainThread  ][INFO ]  Initial parameter values: [-0.10345576 -0.06658157 -0.08192173  0.09869915  0.32837643 -0.63278874]
2019-03-01 11:29:35,393 [MainThread  ][INFO ]  Final fidelity: 0.9765981968052906
2019-03-01 11:29:35,412 [MainThread  ][INFO ]  Final parameters: [-88.00631116 -15.69700062  27.12582011   6.72714263  14.41173086
  31.60532158]
2019-03-01 11:29:35,412 [MainThread  ][INFO ]  Fidelity: 0.9765981968052906
2019-03-01 11:29:35,412 [MainThread  ][INFO ]  ---- Starting iteration 72/100
2019-03-01 11:29:35,413 [MainThread  ][DEBUG]  Regenerated CRAB frequencies: nuk=[ 0.20132467 -0.34000665  0.17153502]
2019-03-01 11:29:35,413 [MainThread  ][DEBUG]  Setting hyperparameter tf=1.4626262626262627
2019-03-01 11:29:35,413 [MainThread  ][INFO ]  Starting optimization for tf=1.4626262626262627
2019-03-01 11:29:35,413 [MainThread  ][DEBUG]  Optimization method: Powell
2019-03-01 11:29:35,413 [MainThread  ][DEBUG]  Optimization options: None
2019-03-01 11:29:35,413 [MainThread  ][INFO ]  Initial parameter values: [-0.53297116  0.41543574  0.39898806  0.06915258 -0.05983197 -0.72652654]
2019-03-01 11:33:40,275 [MainThread  ][INFO ]  Final fidelity: 0.913174834689862
2019-03-01 11:33:40,275 [MainThread  ][INFO ]  Final parameters: [-6.56970864e+01  8.41325227e+01  1.56678179e+01  2.82008564e-01
 -5.52566164e-02  2.79614073e+01]
2019-03-01 11:33:40,276 [MainThread  ][INFO ]  Fidelity: 0.913174834689862
2019-03-01 11:33:40,276 [MainThread  ][INFO ]  ---- Starting iteration 73/100
2019-03-01 11:33:40,276 [MainThread  ][DEBUG]  Regenerated CRAB frequencies: nuk=[-0.18112763  0.33831468  0.1316422 ]
2019-03-01 11:33:40,276 [MainThread  ][DEBUG]  Setting hyperparameter tf=1.481818181818182
2019-03-01 11:33:40,276 [MainThread  ][INFO ]  Starting optimization for tf=1.481818181818182
2019-03-01 11:33:40,276 [MainThread  ][DEBUG]  Optimization method: Powell
2019-03-01 11:33:40,276 [MainThread  ][DEBUG]  Optimization options: None
2019-03-01 11:33:40,277 [MainThread  ][INFO ]  Initial parameter values: [-0.07095164 -0.56998554 -0.02034038  0.40069488  0.27130855  0.02601943]
2019-03-01 11:37:28,789 [MainThread  ][INFO ]  Final fidelity: 0.9685987550482089
2019-03-01 11:37:28,791 [MainThread  ][INFO ]  Final parameters: [-76.97612516 -12.76058321  37.13903132   0.70054512 -51.84004346
 -27.9948742 ]
2019-03-01 11:37:28,791 [MainThread  ][INFO ]  Fidelity: 0.9685987550482089
2019-03-01 11:37:28,791 [MainThread  ][INFO ]  ---- Starting iteration 74/100
2019-03-01 11:37:28,791 [MainThread  ][DEBUG]  Regenerated CRAB frequencies: nuk=[-0.27004444  0.27074529 -0.0061751 ]
2019-03-01 11:37:28,792 [MainThread  ][DEBUG]  Setting hyperparameter tf=1.501010101010101
2019-03-01 11:37:28,792 [MainThread  ][INFO ]  Starting optimization for tf=1.501010101010101
2019-03-01 11:37:28,792 [MainThread  ][DEBUG]  Optimization method: Powell
2019-03-01 11:37:28,792 [MainThread  ][DEBUG]  Optimization options: None
2019-03-01 11:37:28,792 [MainThread  ][INFO ]  Initial parameter values: [-0.55818838  0.08255057 -0.79109168 -0.5615882   0.42957193 -0.59626546]
2019-03-01 11:40:04,983 [MainThread  ][INFO ]  Final fidelity: 0.9843722439119178
2019-03-01 11:40:04,984 [MainThread  ][INFO ]  Final parameters: [-69.9383978   33.73537198 -37.82197818 -11.46052828  35.89209891
  -4.28367242]
2019-03-01 11:40:04,984 [MainThread  ][INFO ]  Fidelity: 0.9843722439119178
2019-03-01 11:40:04,984 [MainThread  ][INFO ]  ---- Starting iteration 75/100
2019-03-01 11:40:04,984 [MainThread  ][DEBUG]  Regenerated CRAB frequencies: nuk=[-0.33169876  0.36601946 -0.40268405]
2019-03-01 11:40:04,984 [MainThread  ][DEBUG]  Setting hyperparameter tf=1.52020202020202
2019-03-01 11:40:04,984 [MainThread  ][INFO ]  Starting optimization for tf=1.52020202020202
2019-03-01 11:40:04,984 [MainThread  ][DEBUG]  Optimization method: Powell
2019-03-01 11:40:04,984 [MainThread  ][DEBUG]  Optimization options: None
2019-03-01 11:40:04,985 [MainThread  ][INFO ]  Initial parameter values: [ 0.72798782 -0.84910127  0.67202393 -0.71212958  0.60782303  0.76940383]
2019-03-01 11:43:46,921 [MainThread  ][INFO ]  Final fidelity: 0.9490108435226491
2019-03-01 11:43:46,922 [MainThread  ][INFO ]  Final parameters: [-22.4003809   38.66565947  69.9682913   -0.90992655  -9.17865309
 -27.41261377]
2019-03-01 11:43:46,922 [MainThread  ][INFO ]  Fidelity: 0.9490108435226491
2019-03-01 11:43:46,922 [MainThread  ][INFO ]  ---- Starting iteration 76/100
2019-03-01 11:43:46,923 [MainThread  ][DEBUG]  Regenerated CRAB frequencies: nuk=[0.46250292 0.34312182 0.44863696]
2019-03-01 11:43:46,923 [MainThread  ][DEBUG]  Setting hyperparameter tf=1.5393939393939393
2019-03-01 11:43:46,923 [MainThread  ][INFO ]  Starting optimization for tf=1.5393939393939393
2019-03-01 11:43:46,923 [MainThread  ][DEBUG]  Optimization method: Powell
2019-03-01 11:43:46,923 [MainThread  ][DEBUG]  Optimization options: None
2019-03-01 11:43:46,923 [MainThread  ][INFO ]  Initial parameter values: [ 0.93851546  0.17418124 -0.12057976 -0.1469191   0.95908814 -0.86892312]
2019-03-01 11:46:23,190 [MainThread  ][INFO ]  Final fidelity: 0.9436209504007371
2019-03-01 11:46:23,191 [MainThread  ][INFO ]  Final parameters: [ 47.4276616   53.66230815  -7.80562116  19.49401897 -35.02909477
  13.30478515]
2019-03-01 11:46:23,191 [MainThread  ][INFO ]  Fidelity: 0.9436209504007371
2019-03-01 11:46:23,191 [MainThread  ][INFO ]  ---- Starting iteration 77/100
2019-03-01 11:46:23,192 [MainThread  ][DEBUG]  Regenerated CRAB frequencies: nuk=[-0.12778505  0.41598283  0.23767249]
2019-03-01 11:46:23,192 [MainThread  ][DEBUG]  Setting hyperparameter tf=1.5585858585858585
2019-03-01 11:46:23,192 [MainThread  ][INFO ]  Starting optimization for tf=1.5585858585858585
2019-03-01 11:46:23,192 [MainThread  ][DEBUG]  Optimization method: Powell
2019-03-01 11:46:23,192 [MainThread  ][DEBUG]  Optimization options: None
2019-03-01 11:46:23,192 [MainThread  ][INFO ]  Initial parameter values: [-0.06961096  0.23739469 -0.46098411  0.99303929  0.18913911  0.09524306]
2019-03-01 11:48:57,142 [MainThread  ][INFO ]  Final fidelity: 0.9456839169086598
2019-03-01 11:48:57,153 [MainThread  ][INFO ]  Final parameters: [-42.9543092  -29.18755432  -9.31650579   3.81851115 -49.92661917
 -49.71612065]
2019-03-01 11:48:57,153 [MainThread  ][INFO ]  Fidelity: 0.9456839169086598
2019-03-01 11:48:57,154 [MainThread  ][INFO ]  ---- Starting iteration 78/100
2019-03-01 11:48:57,154 [MainThread  ][DEBUG]  Regenerated CRAB frequencies: nuk=[0.21841868 0.36573734 0.43020288]
2019-03-01 11:48:57,154 [MainThread  ][DEBUG]  Setting hyperparameter tf=1.5777777777777777
2019-03-01 11:48:57,154 [MainThread  ][INFO ]  Starting optimization for tf=1.5777777777777777
2019-03-01 11:48:57,154 [MainThread  ][DEBUG]  Optimization method: Powell
2019-03-01 11:48:57,154 [MainThread  ][DEBUG]  Optimization options: None
2019-03-01 11:48:57,154 [MainThread  ][INFO ]  Initial parameter values: [-0.75835119  0.68786458 -0.15220325 -0.85203001 -0.47398616  0.22892304]
2019-03-01 11:50:35,879 [MainThread  ][INFO ]  Final fidelity: 0.8874852560247541
2019-03-01 11:50:35,880 [MainThread  ][INFO ]  Final parameters: [ -7.16601857  55.30910903 -52.7799839    1.83325833  -0.53116894
   0.22919225]
2019-03-01 11:50:35,880 [MainThread  ][INFO ]  Fidelity: 0.8874852560247541
2019-03-01 11:50:35,880 [MainThread  ][INFO ]  ---- Starting iteration 79/100
2019-03-01 11:50:35,881 [MainThread  ][DEBUG]  Regenerated CRAB frequencies: nuk=[ 0.47330593 -0.16373887  0.08585654]
2019-03-01 11:50:35,881 [MainThread  ][DEBUG]  Setting hyperparameter tf=1.596969696969697
2019-03-01 11:50:35,881 [MainThread  ][INFO ]  Starting optimization for tf=1.596969696969697
2019-03-01 11:50:35,881 [MainThread  ][DEBUG]  Optimization method: Powell
2019-03-01 11:50:35,881 [MainThread  ][DEBUG]  Optimization options: None
2019-03-01 11:50:35,881 [MainThread  ][INFO ]  Initial parameter values: [ 0.45227061 -0.8475835  -0.98645421 -0.97279383  0.7235319  -0.51042658]
2019-03-01 11:53:23,824 [MainThread  ][INFO ]  Final fidelity: 0.9416423509435389
2019-03-01 11:53:23,836 [MainThread  ][INFO ]  Final parameters: [ 46.15426222  -0.54252649 -32.72639303   7.73795229 -12.83243234
   3.25439793]
2019-03-01 11:53:23,836 [MainThread  ][INFO ]  Fidelity: 0.9416423509435389
2019-03-01 11:53:23,836 [MainThread  ][INFO ]  ---- Starting iteration 80/100
2019-03-01 11:53:23,837 [MainThread  ][DEBUG]  Regenerated CRAB frequencies: nuk=[-0.47378843  0.23620774 -0.22493772]
2019-03-01 11:53:23,837 [MainThread  ][DEBUG]  Setting hyperparameter tf=1.6161616161616161
2019-03-01 11:53:23,837 [MainThread  ][INFO ]  Starting optimization for tf=1.6161616161616161
2019-03-01 11:53:23,837 [MainThread  ][DEBUG]  Optimization method: Powell
2019-03-01 11:53:23,837 [MainThread  ][DEBUG]  Optimization options: None
2019-03-01 11:53:23,837 [MainThread  ][INFO ]  Initial parameter values: [ 0.1632869   0.07528541 -0.30387388 -0.85276336 -0.90703456 -0.99338706]
2019-03-01 11:54:47,811 [MainThread  ][INFO ]  Final fidelity: 0.9005354905582642
2019-03-01 11:54:47,817 [MainThread  ][INFO ]  Final parameters: [  0.94882358  70.69454529 -52.77441839 -12.56307509   4.04046786
  -0.95986567]
2019-03-01 11:54:47,817 [MainThread  ][INFO ]  Fidelity: 0.9005354905582642
2019-03-01 11:54:47,817 [MainThread  ][INFO ]  ---- Starting iteration 81/100
2019-03-01 11:54:47,817 [MainThread  ][DEBUG]  Regenerated CRAB frequencies: nuk=[0.234818   0.4017049  0.00544891]
2019-03-01 11:54:47,818 [MainThread  ][DEBUG]  Setting hyperparameter tf=1.6353535353535353
2019-03-01 11:54:47,818 [MainThread  ][INFO ]  Starting optimization for tf=1.6353535353535353
2019-03-01 11:54:47,818 [MainThread  ][DEBUG]  Optimization method: Powell
2019-03-01 11:54:47,818 [MainThread  ][DEBUG]  Optimization options: None
2019-03-01 11:54:47,818 [MainThread  ][INFO ]  Initial parameter values: [ 0.3921918   0.7274207   0.06373586  0.69132701  0.69656376 -0.89449684]
2019-03-01 11:55:46,226 [MainThread  ][INFO ]  Final fidelity: 0.946293840159238
2019-03-01 11:55:46,227 [MainThread  ][INFO ]  Final parameters: [  1.18996576  76.95847055 -87.11102199  32.55161469  -4.9828637
  43.89890135]
2019-03-01 11:55:46,227 [MainThread  ][INFO ]  Fidelity: 0.946293840159238
2019-03-01 11:55:46,227 [MainThread  ][INFO ]  ---- Starting iteration 82/100
2019-03-01 11:55:46,228 [MainThread  ][DEBUG]  Regenerated CRAB frequencies: nuk=[ 0.39527356  0.15726179 -0.156053  ]
2019-03-01 11:55:46,228 [MainThread  ][DEBUG]  Setting hyperparameter tf=1.6545454545454545
2019-03-01 11:55:46,228 [MainThread  ][INFO ]  Starting optimization for tf=1.6545454545454545
2019-03-01 11:55:46,228 [MainThread  ][DEBUG]  Optimization method: Powell
2019-03-01 11:55:46,228 [MainThread  ][DEBUG]  Optimization options: None
2019-03-01 11:55:46,229 [MainThread  ][INFO ]  Initial parameter values: [ 0.6433807   0.09591847 -0.24504809 -0.67100476 -0.36514035  0.36633809]
2019-03-01 11:57:41,371 [MainThread  ][INFO ]  Final fidelity: 0.981131269373918
2019-03-01 11:57:41,372 [MainThread  ][INFO ]  Final parameters: [ 62.9419041   17.86675886  18.2491022   31.73375323  22.5149896
 -22.28613414]
2019-03-01 11:57:41,372 [MainThread  ][INFO ]  Fidelity: 0.981131269373918
2019-03-01 11:57:41,372 [MainThread  ][INFO ]  ---- Starting iteration 83/100
2019-03-01 11:57:41,373 [MainThread  ][DEBUG]  Regenerated CRAB frequencies: nuk=[-0.12080963 -0.14347043 -0.08852642]
2019-03-01 11:57:41,373 [MainThread  ][DEBUG]  Setting hyperparameter tf=1.6737373737373737
2019-03-01 11:57:41,373 [MainThread  ][INFO ]  Starting optimization for tf=1.6737373737373737
2019-03-01 11:57:41,373 [MainThread  ][DEBUG]  Optimization method: Powell
2019-03-01 11:57:41,373 [MainThread  ][DEBUG]  Optimization options: None
2019-03-01 11:57:41,373 [MainThread  ][INFO ]  Initial parameter values: [ 0.47437664 -0.48915283  0.46627013  0.41207491 -0.82714289 -0.5878579 ]
2019-03-01 12:01:20,548 [MainThread  ][INFO ]  Final fidelity: 0.9941453752208106
2019-03-01 12:01:20,548 [MainThread  ][INFO ]  Final parameters: [-54.30455039 -18.41588819  -5.534604    21.63516792 -26.43209515
 -32.0316552 ]
2019-03-01 12:01:20,549 [MainThread  ][INFO ]  Fidelity: 0.9941453752208106
2019-03-01 12:01:20,549 [MainThread  ][INFO ]  ---- Starting iteration 84/100
2019-03-01 12:01:20,549 [MainThread  ][DEBUG]  Regenerated CRAB frequencies: nuk=[ 0.11645399 -0.12686784 -0.09504835]
2019-03-01 12:01:20,549 [MainThread  ][DEBUG]  Setting hyperparameter tf=1.692929292929293
2019-03-01 12:01:20,549 [MainThread  ][INFO ]  Starting optimization for tf=1.692929292929293
2019-03-01 12:01:20,549 [MainThread  ][DEBUG]  Optimization method: Powell
2019-03-01 12:01:20,549 [MainThread  ][DEBUG]  Optimization options: None
2019-03-01 12:01:20,550 [MainThread  ][INFO ]  Initial parameter values: [-0.85504964 -0.84013029  0.0711344  -0.298312    0.493835   -0.80605573]
2019-03-01 12:05:04,110 [MainThread  ][INFO ]  Final fidelity: 0.9798475545951075
2019-03-01 12:05:04,116 [MainThread  ][INFO ]  Final parameters: [  4.68872963  29.09022611  34.00273566  35.59495414  -8.53185757
 -20.24199938]
2019-03-01 12:05:04,116 [MainThread  ][INFO ]  Fidelity: 0.9798475545951075
2019-03-01 12:05:04,116 [MainThread  ][INFO ]  ---- Starting iteration 85/100
2019-03-01 12:05:04,117 [MainThread  ][DEBUG]  Regenerated CRAB frequencies: nuk=[ 0.14648221 -0.44538387  0.30750932]
2019-03-01 12:05:04,117 [MainThread  ][DEBUG]  Setting hyperparameter tf=1.7121212121212122
2019-03-01 12:05:04,117 [MainThread  ][INFO ]  Starting optimization for tf=1.7121212121212122
2019-03-01 12:05:04,117 [MainThread  ][DEBUG]  Optimization method: Powell
2019-03-01 12:05:04,117 [MainThread  ][DEBUG]  Optimization options: None
2019-03-01 12:05:04,117 [MainThread  ][INFO ]  Initial parameter values: [-0.18192006 -0.66793893  0.39961135  0.6785778   0.60650943  0.59275678]
2019-03-01 12:06:20,761 [MainThread  ][INFO ]  Final fidelity: 0.9562140934877293
2019-03-01 12:06:20,762 [MainThread  ][INFO ]  Final parameters: [-12.4178061    6.52638562  16.32280246  32.25381498   0.63237245
   2.35672148]
2019-03-01 12:06:20,762 [MainThread  ][INFO ]  Fidelity: 0.9562140934877293
2019-03-01 12:06:20,762 [MainThread  ][INFO ]  ---- Starting iteration 86/100
2019-03-01 12:06:20,762 [MainThread  ][DEBUG]  Regenerated CRAB frequencies: nuk=[ 0.39512514  0.2227566  -0.1374455 ]
2019-03-01 12:06:20,762 [MainThread  ][DEBUG]  Setting hyperparameter tf=1.7313131313131314
2019-03-01 12:06:20,762 [MainThread  ][INFO ]  Starting optimization for tf=1.7313131313131314
2019-03-01 12:06:20,762 [MainThread  ][DEBUG]  Optimization method: Powell
2019-03-01 12:06:20,763 [MainThread  ][DEBUG]  Optimization options: None
2019-03-01 12:06:20,763 [MainThread  ][INFO ]  Initial parameter values: [ 0.4114307   0.3618381  -0.2043481  -0.94922468  0.43647319 -0.55430966]
2019-03-01 12:09:26,807 [MainThread  ][INFO ]  Final fidelity: 0.9745324043801714
2019-03-01 12:09:26,808 [MainThread  ][INFO ]  Final parameters: [ 40.85756807  23.5463102   19.00536787  26.88668515   4.15007869
 -17.83040024]
2019-03-01 12:09:26,808 [MainThread  ][INFO ]  Fidelity: 0.9745324043801714
2019-03-01 12:09:26,808 [MainThread  ][INFO ]  ---- Starting iteration 87/100
2019-03-01 12:09:26,809 [MainThread  ][DEBUG]  Regenerated CRAB frequencies: nuk=[-0.2642825  -0.49102188 -0.23663231]
2019-03-01 12:09:26,809 [MainThread  ][DEBUG]  Setting hyperparameter tf=1.7505050505050506
2019-03-01 12:09:26,809 [MainThread  ][INFO ]  Starting optimization for tf=1.7505050505050506
2019-03-01 12:09:26,809 [MainThread  ][DEBUG]  Optimization method: Powell
2019-03-01 12:09:26,809 [MainThread  ][DEBUG]  Optimization options: None
2019-03-01 12:09:26,809 [MainThread  ][INFO ]  Initial parameter values: [-0.91964839 -0.29110734  0.75789803 -0.5977698  -0.38406898  0.20183182]
2019-03-01 12:10:36,588 [MainThread  ][INFO ]  Final fidelity: 0.9991142828692118
2019-03-01 12:10:36,588 [MainThread  ][INFO ]  Final parameters: [-55.98427515   0.20560601   1.03830478  -5.4077591    3.62373229
  16.09740515]
2019-03-01 12:10:36,589 [MainThread  ][INFO ]  Fidelity: 0.9991142828692118
2019-03-01 12:10:36,589 [MainThread  ][INFO ]  ---- Starting iteration 88/100
2019-03-01 12:10:36,589 [MainThread  ][DEBUG]  Regenerated CRAB frequencies: nuk=[ 0.40104969  0.17292087 -0.26260025]
2019-03-01 12:10:36,589 [MainThread  ][DEBUG]  Setting hyperparameter tf=1.7696969696969698
2019-03-01 12:10:36,589 [MainThread  ][INFO ]  Starting optimization for tf=1.7696969696969698
2019-03-01 12:10:36,589 [MainThread  ][DEBUG]  Optimization method: Powell
2019-03-01 12:10:36,589 [MainThread  ][DEBUG]  Optimization options: None
2019-03-01 12:10:36,590 [MainThread  ][INFO ]  Initial parameter values: [ 0.83995921 -0.35905639  0.26956973 -0.86369777 -0.37264023 -0.69445458]
2019-03-01 12:17:27,106 [MainThread  ][INFO ]  Final fidelity: 0.9717973661165933
2019-03-01 12:17:27,107 [MainThread  ][INFO ]  Final parameters: [33.69388396 31.29069319  1.98291884 24.89951668 20.67969862  7.09153801]
2019-03-01 12:17:27,107 [MainThread  ][INFO ]  Fidelity: 0.9717973661165933
2019-03-01 12:17:27,107 [MainThread  ][INFO ]  ---- Starting iteration 89/100
2019-03-01 12:17:27,107 [MainThread  ][DEBUG]  Regenerated CRAB frequencies: nuk=[-0.40984067 -0.02854806 -0.43472409]
2019-03-01 12:17:27,107 [MainThread  ][DEBUG]  Setting hyperparameter tf=1.7888888888888888
2019-03-01 12:17:27,108 [MainThread  ][INFO ]  Starting optimization for tf=1.7888888888888888
2019-03-01 12:17:27,108 [MainThread  ][DEBUG]  Optimization method: Powell
2019-03-01 12:17:27,108 [MainThread  ][DEBUG]  Optimization options: None
2019-03-01 12:17:27,108 [MainThread  ][INFO ]  Initial parameter values: [-0.30035966 -0.35499866 -0.81280398  0.91337848 -0.6800405   0.36358631]
2019-03-01 12:18:56,586 [MainThread  ][INFO ]  Final fidelity: 0.9419540579234138
2019-03-01 12:18:56,587 [MainThread  ][INFO ]  Final parameters: [ -1.32212705 -26.77140723  46.52765872   1.53141245  -0.68271954
   0.36358628]
2019-03-01 12:18:56,587 [MainThread  ][INFO ]  Fidelity: 0.9419540579234138
2019-03-01 12:18:56,587 [MainThread  ][INFO ]  ---- Starting iteration 90/100
2019-03-01 12:18:56,588 [MainThread  ][DEBUG]  Regenerated CRAB frequencies: nuk=[-0.19119597  0.20500342  0.10766315]
2019-03-01 12:18:56,588 [MainThread  ][DEBUG]  Setting hyperparameter tf=1.808080808080808
2019-03-01 12:18:56,588 [MainThread  ][INFO ]  Starting optimization for tf=1.808080808080808
2019-03-01 12:18:56,588 [MainThread  ][DEBUG]  Optimization method: Powell
2019-03-01 12:18:56,588 [MainThread  ][DEBUG]  Optimization options: None
2019-03-01 12:18:56,588 [MainThread  ][INFO ]  Initial parameter values: [-0.68621604  0.55880631 -0.39884066 -0.43271731 -0.98679218  0.42226404]
2019-03-01 12:22:41,727 [MainThread  ][INFO ]  Final fidelity: 0.9970688846391256
2019-03-01 12:22:41,728 [MainThread  ][INFO ]  Final parameters: [-39.94061934  46.3118405   31.85161354   6.87445627  25.99289098
  13.31180343]
2019-03-01 12:22:41,728 [MainThread  ][INFO ]  Fidelity: 0.9970688846391256
2019-03-01 12:22:41,728 [MainThread  ][INFO ]  ---- Starting iteration 91/100
2019-03-01 12:22:41,728 [MainThread  ][DEBUG]  Regenerated CRAB frequencies: nuk=[-0.0695732   0.38170457  0.21280391]
2019-03-01 12:22:41,728 [MainThread  ][DEBUG]  Setting hyperparameter tf=1.8272727272727272
2019-03-01 12:22:41,728 [MainThread  ][INFO ]  Starting optimization for tf=1.8272727272727272
2019-03-01 12:22:41,729 [MainThread  ][DEBUG]  Optimization method: Powell
2019-03-01 12:22:41,729 [MainThread  ][DEBUG]  Optimization options: None
2019-03-01 12:22:41,729 [MainThread  ][INFO ]  Initial parameter values: [-0.34714229 -0.96869942 -0.56581024  0.90824056 -0.04412863  0.99695543]
2019-03-01 12:24:48,205 [MainThread  ][INFO ]  Final fidelity: 0.9860985444656709
2019-03-01 12:24:48,213 [MainThread  ][INFO ]  Final parameters: [-23.52516356  17.92836014  34.13542018  18.6094242  -22.34973099
 -23.4776373 ]
2019-03-01 12:24:48,213 [MainThread  ][INFO ]  Fidelity: 0.9860985444656709
2019-03-01 12:24:48,213 [MainThread  ][INFO ]  ---- Starting iteration 92/100
2019-03-01 12:24:48,214 [MainThread  ][DEBUG]  Regenerated CRAB frequencies: nuk=[ 0.04056529 -0.17376699 -0.35840252]
2019-03-01 12:24:48,214 [MainThread  ][DEBUG]  Setting hyperparameter tf=1.8464646464646464
2019-03-01 12:24:48,214 [MainThread  ][INFO ]  Starting optimization for tf=1.8464646464646464
2019-03-01 12:24:48,214 [MainThread  ][DEBUG]  Optimization method: Powell
2019-03-01 12:24:48,214 [MainThread  ][DEBUG]  Optimization options: None
2019-03-01 12:24:48,214 [MainThread  ][INFO ]  Initial parameter values: [ 0.31685734  0.54147528 -0.77316815  0.25480778 -0.20722511 -0.41663591]
2019-03-01 12:30:42,317 [MainThread  ][INFO ]  Final fidelity: 0.9967620458875093
2019-03-01 12:30:42,318 [MainThread  ][INFO ]  Final parameters: [ 26.58330254 194.51345019 -88.63995325   1.09526256  -0.20970478
 140.83801499]
2019-03-01 12:30:42,318 [MainThread  ][INFO ]  Fidelity: 0.9967620458875093
2019-03-01 12:30:42,318 [MainThread  ][INFO ]  ---- Starting iteration 93/100
2019-03-01 12:30:42,318 [MainThread  ][DEBUG]  Regenerated CRAB frequencies: nuk=[ 0.12523818 -0.33879219 -0.13376198]
2019-03-01 12:30:42,319 [MainThread  ][DEBUG]  Setting hyperparameter tf=1.8656565656565656
2019-03-01 12:30:42,319 [MainThread  ][INFO ]  Starting optimization for tf=1.8656565656565656
2019-03-01 12:30:42,319 [MainThread  ][DEBUG]  Optimization method: Powell
2019-03-01 12:30:42,319 [MainThread  ][DEBUG]  Optimization options: None
2019-03-01 12:30:42,319 [MainThread  ][INFO ]  Initial parameter values: [-0.49674732  0.51843134  0.83094823  0.47715061  0.72591062  0.30474125]
2019-03-01 12:34:29,282 [MainThread  ][INFO ]  Final fidelity: 0.9945945201332278
2019-03-01 12:34:29,284 [MainThread  ][INFO ]  Final parameters: [-11.31350233  52.71908892  15.98337154   0.59426923  17.72673899
 -18.45634182]
2019-03-01 12:34:29,284 [MainThread  ][INFO ]  Fidelity: 0.9945945201332278
2019-03-01 12:34:29,284 [MainThread  ][INFO ]  ---- Starting iteration 94/100
2019-03-01 12:34:29,285 [MainThread  ][DEBUG]  Regenerated CRAB frequencies: nuk=[ 0.48357756 -0.35699505  0.4820299 ]
2019-03-01 12:34:29,285 [MainThread  ][DEBUG]  Setting hyperparameter tf=1.8848484848484848
2019-03-01 12:34:29,285 [MainThread  ][INFO ]  Starting optimization for tf=1.8848484848484848
2019-03-01 12:34:29,285 [MainThread  ][DEBUG]  Optimization method: Powell
2019-03-01 12:34:29,285 [MainThread  ][DEBUG]  Optimization options: None
2019-03-01 12:34:29,285 [MainThread  ][INFO ]  Initial parameter values: [-0.20353287  0.51256151 -0.8862301  -0.83606383  0.16963419  0.95614306]
2019-03-01 12:35:45,311 [MainThread  ][INFO ]  Final fidelity: 0.9626799028577941
2019-03-01 12:35:45,316 [MainThread  ][INFO ]  Final parameters: [29.91889097  0.63843904 16.11798491  8.43502949  4.31396432  1.21541663]
2019-03-01 12:35:45,316 [MainThread  ][INFO ]  Fidelity: 0.9626799028577941
2019-03-01 12:35:45,316 [MainThread  ][INFO ]  ---- Starting iteration 95/100
2019-03-01 12:35:45,317 [MainThread  ][DEBUG]  Regenerated CRAB frequencies: nuk=[-0.42150873  0.49237027 -0.41963539]
2019-03-01 12:35:45,317 [MainThread  ][DEBUG]  Setting hyperparameter tf=1.904040404040404
2019-03-01 12:35:45,317 [MainThread  ][INFO ]  Starting optimization for tf=1.904040404040404
2019-03-01 12:35:45,317 [MainThread  ][DEBUG]  Optimization method: Powell
2019-03-01 12:35:45,317 [MainThread  ][DEBUG]  Optimization options: None
2019-03-01 12:35:45,317 [MainThread  ][INFO ]  Initial parameter values: [ 0.56134216 -0.703667    0.7848771  -0.8179761   0.98045039  0.39007195]
2019-03-01 12:37:47,101 [MainThread  ][INFO ]  Final fidelity: 0.9676594805712189
2019-03-01 12:37:47,116 [MainThread  ][INFO ]  Final parameters: [ -4.4226125  -26.15451713  13.87923879  -6.10447106 -17.59868762
 -41.42512868]
2019-03-01 12:37:47,116 [MainThread  ][INFO ]  Fidelity: 0.9676594805712189
2019-03-01 12:37:47,117 [MainThread  ][INFO ]  ---- Starting iteration 96/100
2019-03-01 12:37:47,117 [MainThread  ][DEBUG]  Regenerated CRAB frequencies: nuk=[ 0.2750783   0.15559137 -0.26302618]
2019-03-01 12:37:47,117 [MainThread  ][DEBUG]  Setting hyperparameter tf=1.9232323232323232
2019-03-01 12:37:47,117 [MainThread  ][INFO ]  Starting optimization for tf=1.9232323232323232
2019-03-01 12:37:47,117 [MainThread  ][DEBUG]  Optimization method: Powell
2019-03-01 12:37:47,117 [MainThread  ][DEBUG]  Optimization options: None
2019-03-01 12:37:47,118 [MainThread  ][INFO ]  Initial parameter values: [ 0.09208755 -0.93926572  0.58545464 -0.68960842 -0.34505848 -0.00448489]
2019-03-01 12:39:45,272 [MainThread  ][INFO ]  Final fidelity: 0.8907774559882141
2019-03-01 12:39:45,273 [MainThread  ][INFO ]  Final parameters: [ -1.93295494 -31.49524415   0.31494372  -0.68304999  -0.34493591
  15.30999652]
2019-03-01 12:39:45,273 [MainThread  ][INFO ]  Fidelity: 0.8907774559882141
2019-03-01 12:39:45,274 [MainThread  ][INFO ]  ---- Starting iteration 97/100
2019-03-01 12:39:45,274 [MainThread  ][DEBUG]  Regenerated CRAB frequencies: nuk=[0.4681967  0.36192737 0.00299745]
2019-03-01 12:39:45,274 [MainThread  ][DEBUG]  Setting hyperparameter tf=1.9424242424242424
2019-03-01 12:39:45,274 [MainThread  ][INFO ]  Starting optimization for tf=1.9424242424242424
2019-03-01 12:39:45,274 [MainThread  ][DEBUG]  Optimization method: Powell
2019-03-01 12:39:45,274 [MainThread  ][DEBUG]  Optimization options: None
2019-03-01 12:39:45,274 [MainThread  ][INFO ]  Initial parameter values: [-0.9044957   0.3257087  -0.66174763  0.4060809  -0.92861347  0.12074708]
2019-03-01 12:42:50,751 [MainThread  ][INFO ]  Final fidelity: 0.9773839329021252
2019-03-01 12:42:50,762 [MainThread  ][INFO ]  Final parameters: [ 32.33252857   6.63455968 -20.6646483    1.47830035  -2.18884027
 -12.78154999]
2019-03-01 12:42:50,762 [MainThread  ][INFO ]  Fidelity: 0.9773839329021252
2019-03-01 12:42:50,762 [MainThread  ][INFO ]  ---- Starting iteration 98/100
2019-03-01 12:42:50,763 [MainThread  ][DEBUG]  Regenerated CRAB frequencies: nuk=[ 0.05957548 -0.32322493 -0.17573346]
2019-03-01 12:42:50,763 [MainThread  ][DEBUG]  Setting hyperparameter tf=1.9616161616161616
2019-03-01 12:42:50,763 [MainThread  ][INFO ]  Starting optimization for tf=1.9616161616161616
2019-03-01 12:42:50,763 [MainThread  ][DEBUG]  Optimization method: Powell
2019-03-01 12:42:50,763 [MainThread  ][DEBUG]  Optimization options: None
2019-03-01 12:42:50,763 [MainThread  ][INFO ]  Initial parameter values: [ 0.71773297  0.74180635 -0.09330977  0.19707574  0.46468255 -0.17484677]
2019-03-01 12:49:09,747 [MainThread  ][INFO ]  Final fidelity: 0.9983893639685653
2019-03-01 12:49:09,797 [MainThread  ][INFO ]  Final parameters: [-3.26813314 46.41111357 23.10576414  0.51212303 16.5478196  -9.76399376]
2019-03-01 12:49:09,797 [MainThread  ][INFO ]  Fidelity: 0.9983893639685653
2019-03-01 12:49:09,797 [MainThread  ][INFO ]  ---- Starting iteration 99/100
2019-03-01 12:49:09,797 [MainThread  ][DEBUG]  Regenerated CRAB frequencies: nuk=[ 0.38251145 -0.37654981 -0.15389063]
2019-03-01 12:49:09,798 [MainThread  ][DEBUG]  Setting hyperparameter tf=1.9808080808080808
2019-03-01 12:49:09,798 [MainThread  ][INFO ]  Starting optimization for tf=1.9808080808080808
2019-03-01 12:49:09,798 [MainThread  ][DEBUG]  Optimization method: Powell
2019-03-01 12:49:09,798 [MainThread  ][DEBUG]  Optimization options: None
2019-03-01 12:49:09,798 [MainThread  ][INFO ]  Initial parameter values: [-0.11078793  0.64149524  0.46766823 -0.24819242  0.76004561 -0.95852114]
2019-03-01 12:52:01,075 [MainThread  ][INFO ]  Final fidelity: 0.996784121651077
2019-03-01 12:52:02,153 [MainThread  ][INFO ]  Final parameters: [ 52.12068136 -11.33000933  20.9895608    3.00981666   4.27910833
 -18.95496861]
2019-03-01 12:52:02,153 [MainThread  ][INFO ]  Fidelity: 0.996784121651077
2019-03-01 12:52:02,153 [MainThread  ][INFO ]  ---- Starting iteration 100/100
2019-03-01 12:52:02,154 [MainThread  ][DEBUG]  Regenerated CRAB frequencies: nuk=[-0.3626381   0.28174801 -0.16289194]
2019-03-01 12:52:02,154 [MainThread  ][DEBUG]  Setting hyperparameter tf=2.0
2019-03-01 12:52:02,154 [MainThread  ][INFO ]  Starting optimization for tf=2.0
2019-03-01 12:52:02,154 [MainThread  ][DEBUG]  Optimization method: Powell
2019-03-01 12:52:02,154 [MainThread  ][DEBUG]  Optimization options: None
2019-03-01 12:52:02,154 [MainThread  ][INFO ]  Initial parameter values: [ 0.12790565  0.99727097  0.59132908 -0.51915897  0.63590456  0.17830031]
2019-03-01 12:55:03,639 [MainThread  ][INFO ]  Final fidelity: 0.9485263774995125
2019-03-01 12:55:03,640 [MainThread  ][INFO ]  Final parameters: [-7.17366124 19.09643556  0.7604318  -6.83309778 -0.8566472  12.39694913]
2019-03-01 12:55:03,640 [MainThread  ][INFO ]  Fidelity: 0.9485263774995125
