2019-02-28 15:45:10,115 [MainThread  ][INFO ]  Output file name will be "lmg_bangramp_powell.csv"
2019-02-28 15:45:10,221 [MainThread  ][INFO ]  Using bangramp protocol ansatz.
2019-02-28 15:45:10,221 [MainThread  ][DEBUG]  Initializing ProtocolAnsatz instance "bangramp"
2019-02-28 15:45:10,221 [MainThread  ][INFO ]  Using parameters constraints: [[-2.0, 2.0], [None, None], [-2.0, 2.0], [-2.0, 2.0]]
2019-02-28 15:45:10,221 [MainThread  ][INFO ]  Using total height constraint: None
2019-02-28 15:45:10,221 [MainThread  ][INFO ]  ---- Starting iteration 1/100
2019-02-28 15:45:10,221 [MainThread  ][DEBUG]  Setting hyperparameter tf=0.1
2019-02-28 15:45:10,222 [MainThread  ][INFO ]  Starting optimization for tf=0.1
2019-02-28 15:45:10,222 [MainThread  ][DEBUG]  Optimization method: Powell
2019-02-28 15:45:10,222 [MainThread  ][DEBUG]  Optimization options: None
2019-02-28 15:45:10,222 [MainThread  ][INFO ]  Initial parameter values: [ 1.17141267  0.05        1.47245238  0.66460593]
2019-02-28 15:46:38,305 [MainThread  ][INFO ]  Final fidelity: 0.8114424949293481
2019-02-28 15:46:38,307 [MainThread  ][INFO ]  Final parameters: [ 1.99997631  0.06019953 -1.99983102 -1.99996353]
2019-02-28 15:46:38,308 [MainThread  ][INFO ]  Fidelity: 0.8114424949293481
2019-02-28 15:46:38,308 [MainThread  ][INFO ]  ---- Starting iteration 2/100
2019-02-28 15:46:38,308 [MainThread  ][DEBUG]  Setting hyperparameter tf=0.1191919191919192
2019-02-28 15:46:38,308 [MainThread  ][INFO ]  Starting optimization for tf=0.1191919191919192
2019-02-28 15:46:38,308 [MainThread  ][DEBUG]  Optimization method: Powell
2019-02-28 15:46:38,308 [MainThread  ][DEBUG]  Optimization options: None
2019-02-28 15:46:38,308 [MainThread  ][INFO ]  Initial parameter values: [ 0.51698367  0.05959596  0.21724333  1.30148044]
2019-02-28 15:47:43,726 [MainThread  ][INFO ]  Final fidelity: 0.8126725254469895
2019-02-28 15:47:43,727 [MainThread  ][INFO ]  Final parameters: [ 1.99995515  0.07191982 -1.99994795 -1.99995124]
2019-02-28 15:47:43,727 [MainThread  ][INFO ]  Fidelity: 0.8126725254469895
2019-02-28 15:47:43,727 [MainThread  ][INFO ]  ---- Starting iteration 3/100
2019-02-28 15:47:43,727 [MainThread  ][DEBUG]  Setting hyperparameter tf=0.1383838383838384
2019-02-28 15:47:43,727 [MainThread  ][INFO ]  Starting optimization for tf=0.1383838383838384
2019-02-28 15:47:43,727 [MainThread  ][DEBUG]  Optimization method: Powell
2019-02-28 15:47:43,727 [MainThread  ][DEBUG]  Optimization options: None
2019-02-28 15:47:43,728 [MainThread  ][INFO ]  Initial parameter values: [ 1.85379745  0.06919192  1.23305636  0.54662331]
2019-02-28 15:48:57,165 [MainThread  ][INFO ]  Final fidelity: 0.814108181954008
2019-02-28 15:48:57,175 [MainThread  ][INFO ]  Final parameters: [ 1.99998009  0.0834948  -1.99999863 -1.99996368]
2019-02-28 15:48:57,175 [MainThread  ][INFO ]  Fidelity: 0.814108181954008
2019-02-28 15:48:57,175 [MainThread  ][INFO ]  ---- Starting iteration 4/100
2019-02-28 15:48:57,175 [MainThread  ][DEBUG]  Setting hyperparameter tf=0.1575757575757576
2019-02-28 15:48:57,175 [MainThread  ][INFO ]  Starting optimization for tf=0.1575757575757576
2019-02-28 15:48:57,175 [MainThread  ][DEBUG]  Optimization method: Powell
2019-02-28 15:48:57,176 [MainThread  ][DEBUG]  Optimization options: None
2019-02-28 15:48:57,176 [MainThread  ][INFO ]  Initial parameter values: [ 1.93255765  0.07878788  1.35993442  1.84243996]
2019-02-28 15:50:46,927 [MainThread  ][INFO ]  Final fidelity: 0.8157565911598811
2019-02-28 15:50:46,941 [MainThread  ][INFO ]  Final parameters: [ 1.99999961  0.09505219 -1.99998876 -1.99994722]
2019-02-28 15:50:46,942 [MainThread  ][INFO ]  Fidelity: 0.8157565911598811
2019-02-28 15:50:46,942 [MainThread  ][INFO ]  ---- Starting iteration 5/100
2019-02-28 15:50:46,942 [MainThread  ][DEBUG]  Setting hyperparameter tf=0.17676767676767677
2019-02-28 15:50:46,942 [MainThread  ][INFO ]  Starting optimization for tf=0.17676767676767677
2019-02-28 15:50:46,942 [MainThread  ][DEBUG]  Optimization method: Powell
2019-02-28 15:50:46,942 [MainThread  ][DEBUG]  Optimization options: None
2019-02-28 15:50:46,942 [MainThread  ][INFO ]  Initial parameter values: [ 1.40476517  0.08838384  0.28424936  0.56423618]
2019-02-28 15:52:05,581 [MainThread  ][INFO ]  Final fidelity: 0.8176124926865044
2019-02-28 15:52:05,591 [MainThread  ][INFO ]  Final parameters: [ 2.          0.10693688 -1.99999917 -1.99997251]
2019-02-28 15:52:05,591 [MainThread  ][INFO ]  Fidelity: 0.8176124926865044
2019-02-28 15:52:05,591 [MainThread  ][INFO ]  ---- Starting iteration 6/100
2019-02-28 15:52:05,591 [MainThread  ][DEBUG]  Setting hyperparameter tf=0.19595959595959594
2019-02-28 15:52:05,592 [MainThread  ][INFO ]  Starting optimization for tf=0.19595959595959594
2019-02-28 15:52:05,592 [MainThread  ][DEBUG]  Optimization method: Powell
2019-02-28 15:52:05,592 [MainThread  ][DEBUG]  Optimization options: None
2019-02-28 15:52:05,592 [MainThread  ][INFO ]  Initial parameter values: [ 0.61529429  0.0979798   1.60172332  0.00614188]
2019-02-28 15:53:48,074 [MainThread  ][INFO ]  Final fidelity: 0.819668836992687
2019-02-28 15:53:48,078 [MainThread  ][INFO ]  Final parameters: [ 1.99999999  0.11917042 -1.99999934 -1.99991823]
2019-02-28 15:53:48,078 [MainThread  ][INFO ]  Fidelity: 0.819668836992687
2019-02-28 15:53:48,078 [MainThread  ][INFO ]  ---- Starting iteration 7/100
2019-02-28 15:53:48,078 [MainThread  ][DEBUG]  Setting hyperparameter tf=0.21515151515151515
2019-02-28 15:53:48,078 [MainThread  ][INFO ]  Starting optimization for tf=0.21515151515151515
2019-02-28 15:53:48,079 [MainThread  ][DEBUG]  Optimization method: Powell
2019-02-28 15:53:48,079 [MainThread  ][DEBUG]  Optimization options: None
2019-02-28 15:53:48,079 [MainThread  ][INFO ]  Initial parameter values: [ 1.70730409  0.10757576  0.24558508  0.47813685]
2019-02-28 15:55:07,836 [MainThread  ][INFO ]  Final fidelity: 0.8219296290290121
2019-02-28 15:55:07,861 [MainThread  ][INFO ]  Final parameters: [ 2.          0.1304634  -1.99999851 -1.99999005]
2019-02-28 15:55:07,861 [MainThread  ][INFO ]  Fidelity: 0.8219296290290121
2019-02-28 15:55:07,861 [MainThread  ][INFO ]  ---- Starting iteration 8/100
2019-02-28 15:55:07,861 [MainThread  ][DEBUG]  Setting hyperparameter tf=0.23434343434343433
2019-02-28 15:55:07,861 [MainThread  ][INFO ]  Starting optimization for tf=0.23434343434343433
2019-02-28 15:55:07,861 [MainThread  ][DEBUG]  Optimization method: Powell
2019-02-28 15:55:07,861 [MainThread  ][DEBUG]  Optimization options: None
2019-02-28 15:55:07,862 [MainThread  ][INFO ]  Initial parameter values: [ 1.79531336  0.11717172  0.92720417  0.38526061]
2019-02-28 15:57:12,614 [MainThread  ][INFO ]  Final fidelity: 0.8243892629398156
2019-02-28 15:57:12,615 [MainThread  ][INFO ]  Final parameters: [ 2.          0.14250068 -1.99999976 -1.99992752]
2019-02-28 15:57:12,615 [MainThread  ][INFO ]  Fidelity: 0.8243892629398156
2019-02-28 15:57:12,615 [MainThread  ][INFO ]  ---- Starting iteration 9/100
2019-02-28 15:57:12,615 [MainThread  ][DEBUG]  Setting hyperparameter tf=0.2535353535353535
2019-02-28 15:57:12,615 [MainThread  ][INFO ]  Starting optimization for tf=0.2535353535353535
2019-02-28 15:57:12,615 [MainThread  ][DEBUG]  Optimization method: Powell
2019-02-28 15:57:12,615 [MainThread  ][DEBUG]  Optimization options: None
2019-02-28 15:57:12,616 [MainThread  ][INFO ]  Initial parameter values: [ 1.20053889  0.12676768  0.48787858  1.20152266]
2019-02-28 15:58:53,676 [MainThread  ][INFO ]  Final fidelity: 0.827044026499959
2019-02-28 15:58:53,677 [MainThread  ][INFO ]  Final parameters: [ 1.99999866  0.15438737 -1.9999997  -1.99998735]
2019-02-28 15:58:53,677 [MainThread  ][INFO ]  Fidelity: 0.827044026499959
2019-02-28 15:58:53,677 [MainThread  ][INFO ]  ---- Starting iteration 10/100
2019-02-28 15:58:53,677 [MainThread  ][DEBUG]  Setting hyperparameter tf=0.2727272727272727
2019-02-28 15:58:53,677 [MainThread  ][INFO ]  Starting optimization for tf=0.2727272727272727
2019-02-28 15:58:53,678 [MainThread  ][DEBUG]  Optimization method: Powell
2019-02-28 15:58:53,678 [MainThread  ][DEBUG]  Optimization options: None
2019-02-28 15:58:53,678 [MainThread  ][INFO ]  Initial parameter values: [ 0.80151     0.13636364  1.48658018  0.07853094]
2019-02-28 16:01:06,410 [MainThread  ][INFO ]  Final fidelity: 0.829881321790387
2019-02-28 16:01:06,429 [MainThread  ][INFO ]  Final parameters: [ 1.99999996  0.16666579 -1.99999961 -1.99999978]
2019-02-28 16:01:06,429 [MainThread  ][INFO ]  Fidelity: 0.829881321790387
2019-02-28 16:01:06,429 [MainThread  ][INFO ]  ---- Starting iteration 11/100
2019-02-28 16:01:06,429 [MainThread  ][DEBUG]  Setting hyperparameter tf=0.2919191919191919
2019-02-28 16:01:06,429 [MainThread  ][INFO ]  Starting optimization for tf=0.2919191919191919
2019-02-28 16:01:06,429 [MainThread  ][DEBUG]  Optimization method: Powell
2019-02-28 16:01:06,429 [MainThread  ][DEBUG]  Optimization options: None
2019-02-28 16:01:06,430 [MainThread  ][INFO ]  Initial parameter values: [ 1.86972615  0.1459596   0.35614586  1.23613448]
2019-02-28 16:02:26,564 [MainThread  ][INFO ]  Final fidelity: 0.8329105505809047
2019-02-28 16:02:26,564 [MainThread  ][INFO ]  Final parameters: [ 1.99999985  0.17875267 -1.99999977 -1.99996059]
2019-02-28 16:02:26,565 [MainThread  ][INFO ]  Fidelity: 0.8329105505809047
2019-02-28 16:02:26,565 [MainThread  ][INFO ]  ---- Starting iteration 12/100
2019-02-28 16:02:26,565 [MainThread  ][DEBUG]  Setting hyperparameter tf=0.3111111111111111
2019-02-28 16:02:26,565 [MainThread  ][INFO ]  Starting optimization for tf=0.3111111111111111
2019-02-28 16:02:26,565 [MainThread  ][DEBUG]  Optimization method: Powell
2019-02-28 16:02:26,565 [MainThread  ][DEBUG]  Optimization options: None
2019-02-28 16:02:26,565 [MainThread  ][INFO ]  Initial parameter values: [ 0.44451896  0.15555556  1.63205484  1.19153729]
2019-02-28 16:04:14,984 [MainThread  ][INFO ]  Final fidelity: 0.8361206725926722
2019-02-28 16:04:14,984 [MainThread  ][INFO ]  Final parameters: [ 1.9999987   0.19080679 -1.99999996 -1.99992869]
2019-02-28 16:04:14,985 [MainThread  ][INFO ]  Fidelity: 0.8361206725926722
2019-02-28 16:04:14,985 [MainThread  ][INFO ]  ---- Starting iteration 13/100
2019-02-28 16:04:14,985 [MainThread  ][DEBUG]  Setting hyperparameter tf=0.3303030303030303
2019-02-28 16:04:14,985 [MainThread  ][INFO ]  Starting optimization for tf=0.3303030303030303
2019-02-28 16:04:14,985 [MainThread  ][DEBUG]  Optimization method: Powell
2019-02-28 16:04:14,985 [MainThread  ][DEBUG]  Optimization options: None
2019-02-28 16:04:14,985 [MainThread  ][INFO ]  Initial parameter values: [ 1.59332805  0.16515152  0.82748433  0.37503385]
2019-02-28 16:06:24,815 [MainThread  ][INFO ]  Final fidelity: 0.8395039792563415
2019-02-28 16:06:24,832 [MainThread  ][INFO ]  Final parameters: [ 1.99999997  0.2033574  -1.9999995  -1.99999982]
2019-02-28 16:06:24,832 [MainThread  ][INFO ]  Fidelity: 0.8395039792563415
2019-02-28 16:06:24,832 [MainThread  ][INFO ]  ---- Starting iteration 14/100
2019-02-28 16:06:24,832 [MainThread  ][DEBUG]  Setting hyperparameter tf=0.3494949494949495
2019-02-28 16:06:24,832 [MainThread  ][INFO ]  Starting optimization for tf=0.3494949494949495
2019-02-28 16:06:24,832 [MainThread  ][DEBUG]  Optimization method: Powell
2019-02-28 16:06:24,832 [MainThread  ][DEBUG]  Optimization options: None
2019-02-28 16:06:24,833 [MainThread  ][INFO ]  Initial parameter values: [ 1.76838992  0.17474747  1.31896618  1.42933722]
2019-02-28 16:08:01,937 [MainThread  ][INFO ]  Final fidelity: 0.843055196086151
2019-02-28 16:08:01,941 [MainThread  ][INFO ]  Final parameters: [ 1.99999618  0.21591944 -1.99999944 -1.99999899]
2019-02-28 16:08:01,941 [MainThread  ][INFO ]  Fidelity: 0.843055196086151
2019-02-28 16:08:01,941 [MainThread  ][INFO ]  ---- Starting iteration 15/100
2019-02-28 16:08:01,941 [MainThread  ][DEBUG]  Setting hyperparameter tf=0.3686868686868686
2019-02-28 16:08:01,941 [MainThread  ][INFO ]  Starting optimization for tf=0.3686868686868686
2019-02-28 16:08:01,941 [MainThread  ][DEBUG]  Optimization method: Powell
2019-02-28 16:08:01,941 [MainThread  ][DEBUG]  Optimization options: None
2019-02-28 16:08:01,941 [MainThread  ][INFO ]  Initial parameter values: [ 0.7848567   0.18434343  1.97477848  0.32052194]
2019-02-28 16:10:36,500 [MainThread  ][INFO ]  Final fidelity: 0.8467730521106493
2019-02-28 16:10:36,516 [MainThread  ][INFO ]  Final parameters: [ 2.          0.22858712 -1.99999968 -1.99994003]
2019-02-28 16:10:36,516 [MainThread  ][INFO ]  Fidelity: 0.8467730521106493
2019-02-28 16:10:36,516 [MainThread  ][INFO ]  ---- Starting iteration 16/100
2019-02-28 16:10:36,516 [MainThread  ][DEBUG]  Setting hyperparameter tf=0.3878787878787878
2019-02-28 16:10:36,516 [MainThread  ][INFO ]  Starting optimization for tf=0.3878787878787878
2019-02-28 16:10:36,516 [MainThread  ][DEBUG]  Optimization method: Powell
2019-02-28 16:10:36,516 [MainThread  ][DEBUG]  Optimization options: None
2019-02-28 16:10:36,517 [MainThread  ][INFO ]  Initial parameter values: [ 0.79638623  0.19393939  1.51203138  0.92525759]
2019-02-28 16:12:18,923 [MainThread  ][INFO ]  Final fidelity: 0.8506424621096415
2019-02-28 16:12:18,924 [MainThread  ][INFO ]  Final parameters: [ 1.99998115  0.24107319 -1.99999972 -1.99999959]
2019-02-28 16:12:18,925 [MainThread  ][INFO ]  Fidelity: 0.8506424621096415
2019-02-28 16:12:18,925 [MainThread  ][INFO ]  ---- Starting iteration 17/100
2019-02-28 16:12:18,925 [MainThread  ][DEBUG]  Setting hyperparameter tf=0.407070707070707
2019-02-28 16:12:18,925 [MainThread  ][INFO ]  Starting optimization for tf=0.407070707070707
2019-02-28 16:12:18,925 [MainThread  ][DEBUG]  Optimization method: Powell
2019-02-28 16:12:18,925 [MainThread  ][DEBUG]  Optimization options: None
2019-02-28 16:12:18,926 [MainThread  ][INFO ]  Initial parameter values: [ 0.63760844  0.20353535  1.45919482  1.4626841 ]
2019-02-28 16:14:04,966 [MainThread  ][INFO ]  Final fidelity: 0.8546627374028856
2019-02-28 16:14:05,006 [MainThread  ][INFO ]  Final parameters: [ 1.99999223  0.2539985  -1.99999999 -1.99999983]
2019-02-28 16:14:05,006 [MainThread  ][INFO ]  Fidelity: 0.8546627374028856
2019-02-28 16:14:05,006 [MainThread  ][INFO ]  ---- Starting iteration 18/100
2019-02-28 16:14:05,007 [MainThread  ][DEBUG]  Setting hyperparameter tf=0.42626262626262623
2019-02-28 16:14:05,007 [MainThread  ][INFO ]  Starting optimization for tf=0.42626262626262623
2019-02-28 16:14:05,007 [MainThread  ][DEBUG]  Optimization method: Powell
2019-02-28 16:14:05,007 [MainThread  ][DEBUG]  Optimization options: None
2019-02-28 16:14:05,007 [MainThread  ][INFO ]  Initial parameter values: [ 1.51256733  0.21313131  1.54812185  1.04758086]
2019-02-28 16:16:13,947 [MainThread  ][INFO ]  Final fidelity: 0.8588248791745007
2019-02-28 16:16:13,948 [MainThread  ][INFO ]  Final parameters: [ 1.99999996  0.2666821  -1.99999999 -1.99999988]
2019-02-28 16:16:13,948 [MainThread  ][INFO ]  Fidelity: 0.8588248791745007
2019-02-28 16:16:13,948 [MainThread  ][INFO ]  ---- Starting iteration 19/100
2019-02-28 16:16:13,948 [MainThread  ][DEBUG]  Setting hyperparameter tf=0.44545454545454544
2019-02-28 16:16:13,948 [MainThread  ][INFO ]  Starting optimization for tf=0.44545454545454544
2019-02-28 16:16:13,948 [MainThread  ][DEBUG]  Optimization method: Powell
2019-02-28 16:16:13,949 [MainThread  ][DEBUG]  Optimization options: None
2019-02-28 16:16:13,949 [MainThread  ][INFO ]  Initial parameter values: [ 0.33430683  0.22272727  0.59547063  0.35428671]
2019-02-28 16:18:03,318 [MainThread  ][INFO ]  Final fidelity: 0.8631159768480677
2019-02-28 16:18:03,337 [MainThread  ][INFO ]  Final parameters: [ 1.99999998  0.27937408 -1.99999864 -1.99999998]
2019-02-28 16:18:03,337 [MainThread  ][INFO ]  Fidelity: 0.8631159768480677
2019-02-28 16:18:03,337 [MainThread  ][INFO ]  ---- Starting iteration 20/100
2019-02-28 16:18:03,337 [MainThread  ][DEBUG]  Setting hyperparameter tf=0.46464646464646464
2019-02-28 16:18:03,337 [MainThread  ][INFO ]  Starting optimization for tf=0.46464646464646464
2019-02-28 16:18:03,337 [MainThread  ][DEBUG]  Optimization method: Powell
2019-02-28 16:18:03,337 [MainThread  ][DEBUG]  Optimization options: None
2019-02-28 16:18:03,338 [MainThread  ][INFO ]  Initial parameter values: [ 1.08478437  0.23232323  0.26741515  0.86693382]
2019-02-28 16:19:48,555 [MainThread  ][INFO ]  Final fidelity: 0.8675342401904823
2019-02-28 16:19:48,567 [MainThread  ][INFO ]  Final parameters: [ 1.99999999  0.29287783 -1.99999992 -1.99999992]
2019-02-28 16:19:48,568 [MainThread  ][INFO ]  Fidelity: 0.8675342401904823
2019-02-28 16:19:48,568 [MainThread  ][INFO ]  ---- Starting iteration 21/100
2019-02-28 16:19:48,568 [MainThread  ][DEBUG]  Setting hyperparameter tf=0.48383838383838385
2019-02-28 16:19:48,568 [MainThread  ][INFO ]  Starting optimization for tf=0.48383838383838385
2019-02-28 16:19:48,568 [MainThread  ][DEBUG]  Optimization method: Powell
2019-02-28 16:19:48,568 [MainThread  ][DEBUG]  Optimization options: None
2019-02-28 16:19:48,569 [MainThread  ][INFO ]  Initial parameter values: [ 0.51894369  0.24191919  0.37705893  0.90192516]
2019-02-28 16:21:36,465 [MainThread  ][INFO ]  Final fidelity: 0.8720610965383867
2019-02-28 16:21:36,480 [MainThread  ][INFO ]  Final parameters: [ 1.99999998  0.30569343 -1.99999989 -1.99999976]
2019-02-28 16:21:36,480 [MainThread  ][INFO ]  Fidelity: 0.8720610965383867
2019-02-28 16:21:36,480 [MainThread  ][INFO ]  ---- Starting iteration 22/100
2019-02-28 16:21:36,480 [MainThread  ][DEBUG]  Setting hyperparameter tf=0.503030303030303
2019-02-28 16:21:36,481 [MainThread  ][INFO ]  Starting optimization for tf=0.503030303030303
2019-02-28 16:21:36,481 [MainThread  ][DEBUG]  Optimization method: Powell
2019-02-28 16:21:36,481 [MainThread  ][DEBUG]  Optimization options: None
2019-02-28 16:21:36,481 [MainThread  ][INFO ]  Initial parameter values: [ 1.76597737  0.25151515  1.56151676  1.46121018]
2019-02-28 16:23:15,707 [MainThread  ][INFO ]  Final fidelity: 0.876696569442158
2019-02-28 16:23:15,733 [MainThread  ][INFO ]  Final parameters: [ 1.99997728  0.31976059 -1.9999163  -1.99999974]
2019-02-28 16:23:15,733 [MainThread  ][INFO ]  Fidelity: 0.876696569442158
2019-02-28 16:23:15,733 [MainThread  ][INFO ]  ---- Starting iteration 23/100
2019-02-28 16:23:15,733 [MainThread  ][DEBUG]  Setting hyperparameter tf=0.5222222222222221
2019-02-28 16:23:15,733 [MainThread  ][INFO ]  Starting optimization for tf=0.5222222222222221
2019-02-28 16:23:15,733 [MainThread  ][DEBUG]  Optimization method: Powell
2019-02-28 16:23:15,734 [MainThread  ][DEBUG]  Optimization options: None
2019-02-28 16:23:15,734 [MainThread  ][INFO ]  Initial parameter values: [ 1.02235597  0.26111111  1.20118833  0.88514345]
2019-02-28 16:25:23,768 [MainThread  ][INFO ]  Final fidelity: 0.8814236478400116
2019-02-28 16:25:23,769 [MainThread  ][INFO ]  Final parameters: [ 1.99999999  0.33322413 -1.9999997  -1.99999994]
2019-02-28 16:25:23,769 [MainThread  ][INFO ]  Fidelity: 0.8814236478400116
2019-02-28 16:25:23,769 [MainThread  ][INFO ]  ---- Starting iteration 24/100
2019-02-28 16:25:23,770 [MainThread  ][DEBUG]  Setting hyperparameter tf=0.5414141414141413
2019-02-28 16:25:23,770 [MainThread  ][INFO ]  Starting optimization for tf=0.5414141414141413
2019-02-28 16:25:23,770 [MainThread  ][DEBUG]  Optimization method: Powell
2019-02-28 16:25:23,770 [MainThread  ][DEBUG]  Optimization options: None
2019-02-28 16:25:23,770 [MainThread  ][INFO ]  Initial parameter values: [ 0.240732    0.27070707  0.62386302  0.86716907]
2019-02-28 16:26:48,974 [MainThread  ][INFO ]  Final fidelity: 0.8862306867837038
2019-02-28 16:26:48,991 [MainThread  ][INFO ]  Final parameters: [ 1.9999999   0.34707354 -1.9999994  -1.99999995]
2019-02-28 16:26:48,991 [MainThread  ][INFO ]  Fidelity: 0.8862306867837038
2019-02-28 16:26:48,991 [MainThread  ][INFO ]  ---- Starting iteration 25/100
2019-02-28 16:26:48,991 [MainThread  ][DEBUG]  Setting hyperparameter tf=0.5606060606060606
2019-02-28 16:26:48,991 [MainThread  ][INFO ]  Starting optimization for tf=0.5606060606060606
2019-02-28 16:26:48,991 [MainThread  ][DEBUG]  Optimization method: Powell
2019-02-28 16:26:48,991 [MainThread  ][DEBUG]  Optimization options: None
2019-02-28 16:26:48,992 [MainThread  ][INFO ]  Initial parameter values: [ 1.24351199  0.28030303  1.66325339  1.89915542]
2019-02-28 16:29:10,769 [MainThread  ][INFO ]  Final fidelity: 0.8911073197941635
2019-02-28 16:29:10,785 [MainThread  ][INFO ]  Final parameters: [ 1.99999988  0.36046357 -1.99999834 -1.99999998]
2019-02-28 16:29:10,785 [MainThread  ][INFO ]  Fidelity: 0.8911073197941635
2019-02-28 16:29:10,785 [MainThread  ][INFO ]  ---- Starting iteration 26/100
2019-02-28 16:29:10,785 [MainThread  ][DEBUG]  Setting hyperparameter tf=0.5797979797979798
2019-02-28 16:29:10,785 [MainThread  ][INFO ]  Starting optimization for tf=0.5797979797979798
2019-02-28 16:29:10,785 [MainThread  ][DEBUG]  Optimization method: Powell
2019-02-28 16:29:10,785 [MainThread  ][DEBUG]  Optimization options: None
2019-02-28 16:29:10,786 [MainThread  ][INFO ]  Initial parameter values: [ 0.80521742  0.28989899  0.93160601  0.05988193]
2019-02-28 16:32:01,100 [MainThread  ][INFO ]  Final fidelity: 0.895610771874337
2019-02-28 16:32:01,101 [MainThread  ][INFO ]  Final parameters: [ 2.          0.36660587 -1.99999852 -1.9999999 ]
2019-02-28 16:32:01,101 [MainThread  ][INFO ]  Fidelity: 0.895610771874337
2019-02-28 16:32:01,101 [MainThread  ][INFO ]  ---- Starting iteration 27/100
2019-02-28 16:32:01,102 [MainThread  ][DEBUG]  Setting hyperparameter tf=0.598989898989899
2019-02-28 16:32:01,102 [MainThread  ][INFO ]  Starting optimization for tf=0.598989898989899
2019-02-28 16:32:01,102 [MainThread  ][DEBUG]  Optimization method: Powell
2019-02-28 16:32:01,102 [MainThread  ][DEBUG]  Optimization options: None
2019-02-28 16:32:01,102 [MainThread  ][INFO ]  Initial parameter values: [ 0.45458282  0.29949495  1.27394622  0.42056168]
2019-02-28 16:34:34,371 [MainThread  ][INFO ]  Final fidelity: 0.9006918036719583
2019-02-28 16:34:34,371 [MainThread  ][INFO ]  Final parameters: [ 1.99999999  0.38183446 -1.99999802 -2.        ]
2019-02-28 16:34:34,372 [MainThread  ][INFO ]  Fidelity: 0.9006918036719583
2019-02-28 16:34:34,372 [MainThread  ][INFO ]  ---- Starting iteration 28/100
2019-02-28 16:34:34,372 [MainThread  ][DEBUG]  Setting hyperparameter tf=0.6181818181818182
2019-02-28 16:34:34,372 [MainThread  ][INFO ]  Starting optimization for tf=0.6181818181818182
2019-02-28 16:34:34,372 [MainThread  ][DEBUG]  Optimization method: Powell
2019-02-28 16:34:34,372 [MainThread  ][DEBUG]  Optimization options: None
2019-02-28 16:34:34,372 [MainThread  ][INFO ]  Initial parameter values: [ 1.74922358  0.30909091  1.61374396  0.75079856]
2019-02-28 16:36:25,547 [MainThread  ][INFO ]  Final fidelity: 0.9060325098167185
2019-02-28 16:36:25,575 [MainThread  ][INFO ]  Final parameters: [ 1.99999973  0.4032213  -1.99999986 -1.99999973]
2019-02-28 16:36:25,576 [MainThread  ][INFO ]  Fidelity: 0.9060325098167185
2019-02-28 16:36:25,576 [MainThread  ][INFO ]  ---- Starting iteration 29/100
2019-02-28 16:36:25,576 [MainThread  ][DEBUG]  Setting hyperparameter tf=0.6373737373737373
2019-02-28 16:36:25,576 [MainThread  ][INFO ]  Starting optimization for tf=0.6373737373737373
2019-02-28 16:36:25,576 [MainThread  ][DEBUG]  Optimization method: Powell
2019-02-28 16:36:25,576 [MainThread  ][DEBUG]  Optimization options: None
2019-02-28 16:36:25,576 [MainThread  ][INFO ]  Initial parameter values: [ 1.81165868  0.31868687  0.13593942  0.70196327]
2019-02-28 16:38:23,445 [MainThread  ][INFO ]  Final fidelity: 0.9110592431211941
2019-02-28 16:38:23,450 [MainThread  ][INFO ]  Final parameters: [ 1.99999999  0.41717538 -1.99999999 -1.99999997]
2019-02-28 16:38:23,450 [MainThread  ][INFO ]  Fidelity: 0.9110592431211941
2019-02-28 16:38:23,450 [MainThread  ][INFO ]  ---- Starting iteration 30/100
2019-02-28 16:38:23,450 [MainThread  ][DEBUG]  Setting hyperparameter tf=0.6565656565656565
2019-02-28 16:38:23,450 [MainThread  ][INFO ]  Starting optimization for tf=0.6565656565656565
2019-02-28 16:38:23,450 [MainThread  ][DEBUG]  Optimization method: Powell
2019-02-28 16:38:23,450 [MainThread  ][DEBUG]  Optimization options: None
2019-02-28 16:38:23,451 [MainThread  ][INFO ]  Initial parameter values: [ 0.26732882  0.32828283  1.79829659  1.1872304 ]
2019-02-28 16:40:34,356 [MainThread  ][INFO ]  Final fidelity: 0.9160929567567387
2019-02-28 16:40:34,364 [MainThread  ][INFO ]  Final parameters: [ 1.99999995  0.43227462 -1.99999953 -1.99999986]
2019-02-28 16:40:34,364 [MainThread  ][INFO ]  Fidelity: 0.9160929567567387
2019-02-28 16:40:34,364 [MainThread  ][INFO ]  ---- Starting iteration 31/100
2019-02-28 16:40:34,364 [MainThread  ][DEBUG]  Setting hyperparameter tf=0.6757575757575757
2019-02-28 16:40:34,364 [MainThread  ][INFO ]  Starting optimization for tf=0.6757575757575757
2019-02-28 16:40:34,364 [MainThread  ][DEBUG]  Optimization method: Powell
2019-02-28 16:40:34,364 [MainThread  ][DEBUG]  Optimization options: None
2019-02-28 16:40:34,365 [MainThread  ][INFO ]  Initial parameter values: [ 0.79302154  0.33787879  1.93751827  0.36307699]
2019-02-28 16:42:01,270 [MainThread  ][INFO ]  Final fidelity: 0.921110830526565
2019-02-28 16:42:01,271 [MainThread  ][INFO ]  Final parameters: [ 1.99999991  0.44708954 -1.99999999 -1.99999999]
2019-02-28 16:42:01,271 [MainThread  ][INFO ]  Fidelity: 0.921110830526565
2019-02-28 16:42:01,271 [MainThread  ][INFO ]  ---- Starting iteration 32/100
2019-02-28 16:42:01,271 [MainThread  ][DEBUG]  Setting hyperparameter tf=0.6949494949494949
2019-02-28 16:42:01,271 [MainThread  ][INFO ]  Starting optimization for tf=0.6949494949494949
2019-02-28 16:42:01,271 [MainThread  ][DEBUG]  Optimization method: Powell
2019-02-28 16:42:01,272 [MainThread  ][DEBUG]  Optimization options: None
2019-02-28 16:42:01,272 [MainThread  ][INFO ]  Initial parameter values: [ 1.20446001  0.34747475  0.13001402  1.73073163]
2019-02-28 16:44:12,532 [MainThread  ][INFO ]  Final fidelity: 0.9261046277368112
2019-02-28 16:44:12,551 [MainThread  ][INFO ]  Final parameters: [ 1.99999978  0.4618509  -1.99999973 -1.99999994]
2019-02-28 16:44:12,551 [MainThread  ][INFO ]  Fidelity: 0.9261046277368112
2019-02-28 16:44:12,551 [MainThread  ][INFO ]  ---- Starting iteration 33/100
2019-02-28 16:44:12,552 [MainThread  ][DEBUG]  Setting hyperparameter tf=0.7141414141414141
2019-02-28 16:44:12,552 [MainThread  ][INFO ]  Starting optimization for tf=0.7141414141414141
2019-02-28 16:44:12,552 [MainThread  ][DEBUG]  Optimization method: Powell
2019-02-28 16:44:12,552 [MainThread  ][DEBUG]  Optimization options: None
2019-02-28 16:44:12,552 [MainThread  ][INFO ]  Initial parameter values: [ 1.30452636  0.35707071  0.32009069  0.28777226]
2019-02-28 16:46:23,189 [MainThread  ][INFO ]  Final fidelity: 0.9310563909452818
2019-02-28 16:46:23,203 [MainThread  ][INFO ]  Final parameters: [ 1.99999999  0.4769757  -1.99999937 -1.99999985]
2019-02-28 16:46:23,204 [MainThread  ][INFO ]  Fidelity: 0.9310563909452818
2019-02-28 16:46:23,204 [MainThread  ][INFO ]  ---- Starting iteration 34/100
2019-02-28 16:46:23,204 [MainThread  ][DEBUG]  Setting hyperparameter tf=0.7333333333333333
2019-02-28 16:46:23,204 [MainThread  ][INFO ]  Starting optimization for tf=0.7333333333333333
2019-02-28 16:46:23,204 [MainThread  ][DEBUG]  Optimization method: Powell
2019-02-28 16:46:23,204 [MainThread  ][DEBUG]  Optimization options: None
2019-02-28 16:46:23,205 [MainThread  ][INFO ]  Initial parameter values: [ 1.14546858  0.36666667  1.32654481  1.02799364]
2019-02-28 16:48:57,087 [MainThread  ][INFO ]  Final fidelity: 0.9359528086081356
2019-02-28 16:48:57,091 [MainThread  ][INFO ]  Final parameters: [ 1.99999973  0.49218177 -1.99999998 -1.99999998]
2019-02-28 16:48:57,091 [MainThread  ][INFO ]  Fidelity: 0.9359528086081356
2019-02-28 16:48:57,091 [MainThread  ][INFO ]  ---- Starting iteration 35/100
2019-02-28 16:48:57,092 [MainThread  ][DEBUG]  Setting hyperparameter tf=0.7525252525252525
2019-02-28 16:48:57,092 [MainThread  ][INFO ]  Starting optimization for tf=0.7525252525252525
2019-02-28 16:48:57,092 [MainThread  ][DEBUG]  Optimization method: Powell
2019-02-28 16:48:57,092 [MainThread  ][DEBUG]  Optimization options: None
2019-02-28 16:48:57,092 [MainThread  ][INFO ]  Initial parameter values: [ 1.62501436  0.37626263  0.688074    1.42517913]
2019-02-28 16:51:05,330 [MainThread  ][INFO ]  Final fidelity: 0.9407736437589852
2019-02-28 16:51:05,345 [MainThread  ][INFO ]  Final parameters: [ 1.99999869  0.50722274 -1.99999961 -1.99999966]
2019-02-28 16:51:05,345 [MainThread  ][INFO ]  Fidelity: 0.9407736437589852
2019-02-28 16:51:05,345 [MainThread  ][INFO ]  ---- Starting iteration 36/100
2019-02-28 16:51:05,345 [MainThread  ][DEBUG]  Setting hyperparameter tf=0.7717171717171717
2019-02-28 16:51:05,346 [MainThread  ][INFO ]  Starting optimization for tf=0.7717171717171717
2019-02-28 16:51:05,346 [MainThread  ][DEBUG]  Optimization method: Powell
2019-02-28 16:51:05,346 [MainThread  ][DEBUG]  Optimization options: None
2019-02-28 16:51:05,346 [MainThread  ][INFO ]  Initial parameter values: [ 1.33788452  0.38585859  1.45771936  1.02794498]
2019-02-28 16:52:54,695 [MainThread  ][INFO ]  Final fidelity: 0.9455062415074674
2019-02-28 16:52:54,696 [MainThread  ][INFO ]  Final parameters: [ 1.99999986  0.52225885 -1.99999932 -1.99999231]
2019-02-28 16:52:54,696 [MainThread  ][INFO ]  Fidelity: 0.9455062415074674
2019-02-28 16:52:54,696 [MainThread  ][INFO ]  ---- Starting iteration 37/100
2019-02-28 16:52:54,696 [MainThread  ][DEBUG]  Setting hyperparameter tf=0.7909090909090909
2019-02-28 16:52:54,696 [MainThread  ][INFO ]  Starting optimization for tf=0.7909090909090909
2019-02-28 16:52:54,696 [MainThread  ][DEBUG]  Optimization method: Powell
2019-02-28 16:52:54,696 [MainThread  ][DEBUG]  Optimization options: None
2019-02-28 16:52:54,697 [MainThread  ][INFO ]  Initial parameter values: [ 0.72893607  0.39545455  1.29757412  1.70545024]
2019-02-28 16:55:16,689 [MainThread  ][INFO ]  Final fidelity: 0.9501385528229935
2019-02-28 16:55:16,690 [MainThread  ][INFO ]  Final parameters: [ 1.99999995  0.5384741  -1.99999972 -2.        ]
2019-02-28 16:55:16,691 [MainThread  ][INFO ]  Fidelity: 0.9501385528229935
2019-02-28 16:55:16,691 [MainThread  ][INFO ]  ---- Starting iteration 38/100
2019-02-28 16:55:16,691 [MainThread  ][DEBUG]  Setting hyperparameter tf=0.81010101010101
2019-02-28 16:55:16,691 [MainThread  ][INFO ]  Starting optimization for tf=0.81010101010101
2019-02-28 16:55:16,691 [MainThread  ][DEBUG]  Optimization method: Powell
2019-02-28 16:55:16,691 [MainThread  ][DEBUG]  Optimization options: None
2019-02-28 16:55:16,692 [MainThread  ][INFO ]  Initial parameter values: [ 1.28581472  0.40505051  1.9740924   0.08025472]
2019-02-28 16:57:12,307 [MainThread  ][INFO ]  Final fidelity: 0.9546503919457552
2019-02-28 16:57:12,309 [MainThread  ][INFO ]  Final parameters: [ 1.99999977  0.55435315 -1.99999965 -1.99999602]
2019-02-28 16:57:12,309 [MainThread  ][INFO ]  Fidelity: 0.9546503919457552
2019-02-28 16:57:12,309 [MainThread  ][INFO ]  ---- Starting iteration 39/100
2019-02-28 16:57:12,309 [MainThread  ][DEBUG]  Setting hyperparameter tf=0.8292929292929292
2019-02-28 16:57:12,309 [MainThread  ][INFO ]  Starting optimization for tf=0.8292929292929292
2019-02-28 16:57:12,309 [MainThread  ][DEBUG]  Optimization method: Powell
2019-02-28 16:57:12,310 [MainThread  ][DEBUG]  Optimization options: None
2019-02-28 16:57:12,310 [MainThread  ][INFO ]  Initial parameter values: [ 1.12888042  0.41464646  1.31321018  0.16808882]
2019-02-28 16:59:13,650 [MainThread  ][INFO ]  Final fidelity: 0.9523705182015904
2019-02-28 16:59:13,672 [MainThread  ][INFO ]  Final parameters: [ 1.99999995  0.4862243  -0.25004224 -1.99999968]
2019-02-28 16:59:13,672 [MainThread  ][INFO ]  Fidelity: 0.9523705182015904
2019-02-28 16:59:13,672 [MainThread  ][INFO ]  ---- Starting iteration 40/100
2019-02-28 16:59:13,672 [MainThread  ][DEBUG]  Setting hyperparameter tf=0.8484848484848484
2019-02-28 16:59:13,672 [MainThread  ][INFO ]  Starting optimization for tf=0.8484848484848484
2019-02-28 16:59:13,672 [MainThread  ][DEBUG]  Optimization method: Powell
2019-02-28 16:59:13,672 [MainThread  ][DEBUG]  Optimization options: None
2019-02-28 16:59:13,673 [MainThread  ][INFO ]  Initial parameter values: [ 1.74294256  0.42424242  0.98609325  0.08651267]
2019-02-28 17:01:16,014 [MainThread  ][INFO ]  Final fidelity: 0.9585744987164471
2019-02-28 17:01:16,028 [MainThread  ][INFO ]  Final parameters: [ 1.99999999  0.5266645  -0.72315417 -1.9999981 ]
2019-02-28 17:01:16,028 [MainThread  ][INFO ]  Fidelity: 0.9585744987164471
2019-02-28 17:01:16,028 [MainThread  ][INFO ]  ---- Starting iteration 41/100
2019-02-28 17:01:16,028 [MainThread  ][DEBUG]  Setting hyperparameter tf=0.8676767676767676
2019-02-28 17:01:16,028 [MainThread  ][INFO ]  Starting optimization for tf=0.8676767676767676
2019-02-28 17:01:16,028 [MainThread  ][DEBUG]  Optimization method: Powell
2019-02-28 17:01:16,028 [MainThread  ][DEBUG]  Optimization options: None
2019-02-28 17:01:16,029 [MainThread  ][INFO ]  Initial parameter values: [ 0.23071473  0.43383838  0.91920811  0.88532297]
2019-02-28 17:03:26,397 [MainThread  ][INFO ]  Final fidelity: 0.9673063106531737
2019-02-28 17:03:26,407 [MainThread  ][INFO ]  Final parameters: [ 1.99999961  0.60229877 -1.99999792 -1.99999976]
2019-02-28 17:03:26,407 [MainThread  ][INFO ]  Fidelity: 0.9673063106531737
2019-02-28 17:03:26,407 [MainThread  ][INFO ]  ---- Starting iteration 42/100
2019-02-28 17:03:26,407 [MainThread  ][DEBUG]  Setting hyperparameter tf=0.8868686868686868
2019-02-28 17:03:26,407 [MainThread  ][INFO ]  Starting optimization for tf=0.8868686868686868
2019-02-28 17:03:26,407 [MainThread  ][DEBUG]  Optimization method: Powell
2019-02-28 17:03:26,407 [MainThread  ][DEBUG]  Optimization options: None
2019-02-28 17:03:26,408 [MainThread  ][INFO ]  Initial parameter values: [ 1.79726602  0.44343434  0.55451652  0.66551561]
2019-02-28 17:05:10,650 [MainThread  ][INFO ]  Final fidelity: 0.9628458421814137
2019-02-28 17:05:10,664 [MainThread  ][INFO ]  Final parameters: [ 1.99999945  0.49558424  0.3857795  -1.99999962]
2019-02-28 17:05:10,664 [MainThread  ][INFO ]  Fidelity: 0.9628458421814137
2019-02-28 17:05:10,664 [MainThread  ][INFO ]  ---- Starting iteration 43/100
2019-02-28 17:05:10,664 [MainThread  ][DEBUG]  Setting hyperparameter tf=0.906060606060606
2019-02-28 17:05:10,664 [MainThread  ][INFO ]  Starting optimization for tf=0.906060606060606
2019-02-28 17:05:10,664 [MainThread  ][DEBUG]  Optimization method: Powell
2019-02-28 17:05:10,664 [MainThread  ][DEBUG]  Optimization options: None
2019-02-28 17:05:10,665 [MainThread  ][INFO ]  Initial parameter values: [ 0.09387785  0.4530303   0.03798859  0.19512791]
2019-02-28 17:06:54,392 [MainThread  ][INFO ]  Final fidelity: 0.9745695036990862
2019-02-28 17:06:54,400 [MainThread  ][INFO ]  Final parameters: [ 1.99999996  0.62918697 -1.94782727 -1.99999963]
2019-02-28 17:06:54,400 [MainThread  ][INFO ]  Fidelity: 0.9745695036990862
2019-02-28 17:06:54,400 [MainThread  ][INFO ]  ---- Starting iteration 44/100
2019-02-28 17:06:54,400 [MainThread  ][DEBUG]  Setting hyperparameter tf=0.9252525252525252
2019-02-28 17:06:54,400 [MainThread  ][INFO ]  Starting optimization for tf=0.9252525252525252
2019-02-28 17:06:54,400 [MainThread  ][DEBUG]  Optimization method: Powell
2019-02-28 17:06:54,400 [MainThread  ][DEBUG]  Optimization options: None
2019-02-28 17:06:54,401 [MainThread  ][INFO ]  Initial parameter values: [ 0.16429257  0.46262626  1.00849133  0.58695151]
2019-02-28 17:09:50,530 [MainThread  ][INFO ]  Final fidelity: 0.9783272311215482
2019-02-28 17:09:50,531 [MainThread  ][INFO ]  Final parameters: [ 1.99999978  0.65181588 -1.9999995  -1.99999416]
2019-02-28 17:09:50,532 [MainThread  ][INFO ]  Fidelity: 0.9783272311215482
2019-02-28 17:09:50,532 [MainThread  ][INFO ]  ---- Starting iteration 45/100
2019-02-28 17:09:50,532 [MainThread  ][DEBUG]  Setting hyperparameter tf=0.9444444444444443
2019-02-28 17:09:50,532 [MainThread  ][INFO ]  Starting optimization for tf=0.9444444444444443
2019-02-28 17:09:50,532 [MainThread  ][DEBUG]  Optimization method: Powell
2019-02-28 17:09:50,532 [MainThread  ][DEBUG]  Optimization options: None
2019-02-28 17:09:50,532 [MainThread  ][INFO ]  Initial parameter values: [ 0.56998543  0.47222222  1.75963078  0.37624174]
2019-02-28 17:12:51,577 [MainThread  ][INFO ]  Final fidelity: 0.981560967646995
2019-02-28 17:12:51,592 [MainThread  ][INFO ]  Final parameters: [ 1.99999992  0.66917357 -1.9999971  -1.99999942]
2019-02-28 17:12:51,592 [MainThread  ][INFO ]  Fidelity: 0.981560967646995
2019-02-28 17:12:51,592 [MainThread  ][INFO ]  ---- Starting iteration 46/100
2019-02-28 17:12:51,592 [MainThread  ][DEBUG]  Setting hyperparameter tf=0.9636363636363635
2019-02-28 17:12:51,592 [MainThread  ][INFO ]  Starting optimization for tf=0.9636363636363635
2019-02-28 17:12:51,592 [MainThread  ][DEBUG]  Optimization method: Powell
2019-02-28 17:12:51,592 [MainThread  ][DEBUG]  Optimization options: None
2019-02-28 17:12:51,593 [MainThread  ][INFO ]  Initial parameter values: [ 0.36093422  0.48181818  1.67838305  0.71527373]
2019-02-28 17:15:17,309 [MainThread  ][INFO ]  Final fidelity: 0.9845742477780582
2019-02-28 17:15:17,315 [MainThread  ][INFO ]  Final parameters: [ 1.99999998  0.68518164 -1.99999918 -1.99999933]
2019-02-28 17:15:17,316 [MainThread  ][INFO ]  Fidelity: 0.9845742477780582
2019-02-28 17:15:17,316 [MainThread  ][INFO ]  ---- Starting iteration 47/100
2019-02-28 17:15:17,316 [MainThread  ][DEBUG]  Setting hyperparameter tf=0.9828282828282827
2019-02-28 17:15:17,316 [MainThread  ][INFO ]  Starting optimization for tf=0.9828282828282827
2019-02-28 17:15:17,316 [MainThread  ][DEBUG]  Optimization method: Powell
2019-02-28 17:15:17,316 [MainThread  ][DEBUG]  Optimization options: None
2019-02-28 17:15:17,316 [MainThread  ][INFO ]  Initial parameter values: [ 1.25667422  0.49141414  0.37091866  0.4301396 ]
2019-02-28 17:17:18,671 [MainThread  ][INFO ]  Final fidelity: 0.9862950242929448
2019-02-28 17:17:18,679 [MainThread  ][INFO ]  Final parameters: [ 1.99999978  0.68155608 -1.56809925 -1.99997978]
2019-02-28 17:17:18,680 [MainThread  ][INFO ]  Fidelity: 0.9862950242929448
2019-02-28 17:17:18,680 [MainThread  ][INFO ]  ---- Starting iteration 48/100
2019-02-28 17:17:18,680 [MainThread  ][DEBUG]  Setting hyperparameter tf=1.002020202020202
2019-02-28 17:17:18,680 [MainThread  ][INFO ]  Starting optimization for tf=1.002020202020202
2019-02-28 17:17:18,680 [MainThread  ][DEBUG]  Optimization method: Powell
2019-02-28 17:17:18,680 [MainThread  ][DEBUG]  Optimization options: None
2019-02-28 17:17:18,680 [MainThread  ][INFO ]  Initial parameter values: [ 1.16117394  0.5010101   0.1758911   0.97476817]
2019-02-28 17:19:33,030 [MainThread  ][INFO ]  Final fidelity: 0.9897954002333229
2019-02-28 17:19:33,036 [MainThread  ][INFO ]  Final parameters: [ 1.99999993  0.71761736 -1.99999955 -1.99999986]
2019-02-28 17:19:33,036 [MainThread  ][INFO ]  Fidelity: 0.9897954002333229
2019-02-28 17:19:33,036 [MainThread  ][INFO ]  ---- Starting iteration 49/100
2019-02-28 17:19:33,037 [MainThread  ][DEBUG]  Setting hyperparameter tf=1.0212121212121212
2019-02-28 17:19:33,037 [MainThread  ][INFO ]  Starting optimization for tf=1.0212121212121212
2019-02-28 17:19:33,037 [MainThread  ][DEBUG]  Optimization method: Powell
2019-02-28 17:19:33,037 [MainThread  ][DEBUG]  Optimization options: None
2019-02-28 17:19:33,037 [MainThread  ][INFO ]  Initial parameter values: [ 1.33621344  0.51060606  0.56586709  0.81663633]
2019-02-28 17:23:18,618 [MainThread  ][INFO ]  Final fidelity: 0.9920098438112884
2019-02-28 17:23:18,632 [MainThread  ][INFO ]  Final parameters: [ 1.99999968  0.73478884 -1.9997162  -1.99999785]
2019-02-28 17:23:18,632 [MainThread  ][INFO ]  Fidelity: 0.9920098438112884
2019-02-28 17:23:18,632 [MainThread  ][INFO ]  ---- Starting iteration 50/100
2019-02-28 17:23:18,632 [MainThread  ][DEBUG]  Setting hyperparameter tf=1.0404040404040404
2019-02-28 17:23:18,632 [MainThread  ][INFO ]  Starting optimization for tf=1.0404040404040404
2019-02-28 17:23:18,632 [MainThread  ][DEBUG]  Optimization method: Powell
2019-02-28 17:23:18,632 [MainThread  ][DEBUG]  Optimization options: None
2019-02-28 17:23:18,632 [MainThread  ][INFO ]  Initial parameter values: [ 1.52239291  0.52020202  0.05381878  1.44580656]
2019-02-28 17:25:38,857 [MainThread  ][INFO ]  Final fidelity: 0.9939587396324463
2019-02-28 17:25:38,867 [MainThread  ][INFO ]  Final parameters: [ 1.99999979  0.75345241 -1.99999432 -1.99993614]
2019-02-28 17:25:38,868 [MainThread  ][INFO ]  Fidelity: 0.9939587396324463
2019-02-28 17:25:38,868 [MainThread  ][INFO ]  ---- Starting iteration 51/100
2019-02-28 17:25:38,868 [MainThread  ][DEBUG]  Setting hyperparameter tf=1.0595959595959596
2019-02-28 17:25:38,868 [MainThread  ][INFO ]  Starting optimization for tf=1.0595959595959596
2019-02-28 17:25:38,868 [MainThread  ][DEBUG]  Optimization method: Powell
2019-02-28 17:25:38,868 [MainThread  ][DEBUG]  Optimization options: None
2019-02-28 17:25:38,868 [MainThread  ][INFO ]  Initial parameter values: [ 0.0140496   0.52979798  1.21491187  0.94186637]
2019-02-28 17:29:23,207 [MainThread  ][INFO ]  Final fidelity: 0.9955899054764054
2019-02-28 17:29:23,219 [MainThread  ][INFO ]  Final parameters: [ 1.99999946  0.77073154 -1.99999533 -1.99999758]
2019-02-28 17:29:23,219 [MainThread  ][INFO ]  Fidelity: 0.9955899054764054
2019-02-28 17:29:23,219 [MainThread  ][INFO ]  ---- Starting iteration 52/100
2019-02-28 17:29:23,220 [MainThread  ][DEBUG]  Setting hyperparameter tf=1.0787878787878789
2019-02-28 17:29:23,220 [MainThread  ][INFO ]  Starting optimization for tf=1.0787878787878789
2019-02-28 17:29:23,220 [MainThread  ][DEBUG]  Optimization method: Powell
2019-02-28 17:29:23,220 [MainThread  ][DEBUG]  Optimization options: None
2019-02-28 17:29:23,220 [MainThread  ][INFO ]  Initial parameter values: [ 0.95625129  0.53939394  1.04437935  1.48642206]
2019-02-28 17:32:20,324 [MainThread  ][INFO ]  Final fidelity: 0.9969195928921677
2019-02-28 17:32:20,331 [MainThread  ][INFO ]  Final parameters: [ 1.99999999  0.78818733 -1.99999858 -1.99999727]
2019-02-28 17:32:20,331 [MainThread  ][INFO ]  Fidelity: 0.9969195928921677
2019-02-28 17:32:20,331 [MainThread  ][INFO ]  ---- Starting iteration 53/100
2019-02-28 17:32:20,331 [MainThread  ][DEBUG]  Setting hyperparameter tf=1.097979797979798
2019-02-28 17:32:20,332 [MainThread  ][INFO ]  Starting optimization for tf=1.097979797979798
2019-02-28 17:32:20,332 [MainThread  ][DEBUG]  Optimization method: Powell
2019-02-28 17:32:20,332 [MainThread  ][DEBUG]  Optimization options: None
2019-02-28 17:32:20,332 [MainThread  ][INFO ]  Initial parameter values: [ 0.54621122  0.5489899   0.45522566  1.68932383]
2019-02-28 17:35:27,904 [MainThread  ][INFO ]  Final fidelity: 0.9979338087196906
2019-02-28 17:35:27,906 [MainThread  ][INFO ]  Final parameters: [ 1.99999963  0.8056298  -1.99999375 -1.99996961]
2019-02-28 17:35:27,907 [MainThread  ][INFO ]  Fidelity: 0.9979338087196906
2019-02-28 17:35:27,907 [MainThread  ][INFO ]  ---- Starting iteration 54/100
2019-02-28 17:35:27,907 [MainThread  ][DEBUG]  Setting hyperparameter tf=1.1171717171717173
2019-02-28 17:35:27,907 [MainThread  ][INFO ]  Starting optimization for tf=1.1171717171717173
2019-02-28 17:35:27,907 [MainThread  ][DEBUG]  Optimization method: Powell
2019-02-28 17:35:27,907 [MainThread  ][DEBUG]  Optimization options: None
2019-02-28 17:35:27,908 [MainThread  ][INFO ]  Initial parameter values: [ 0.57066267  0.55858586  1.67610497  0.1196937 ]
2019-02-28 17:39:15,844 [MainThread  ][INFO ]  Final fidelity: 0.9986290533090433
2019-02-28 17:39:15,855 [MainThread  ][INFO ]  Final parameters: [ 1.99999916  0.82325475 -1.999951   -1.99999564]
2019-02-28 17:39:15,856 [MainThread  ][INFO ]  Fidelity: 0.9986290533090433
2019-02-28 17:39:15,856 [MainThread  ][INFO ]  ---- Starting iteration 55/100
2019-02-28 17:39:15,856 [MainThread  ][DEBUG]  Setting hyperparameter tf=1.1363636363636365
2019-02-28 17:39:15,856 [MainThread  ][INFO ]  Starting optimization for tf=1.1363636363636365
2019-02-28 17:39:15,856 [MainThread  ][DEBUG]  Optimization method: Powell
2019-02-28 17:39:15,856 [MainThread  ][DEBUG]  Optimization options: None
2019-02-28 17:39:15,856 [MainThread  ][INFO ]  Initial parameter values: [ 1.49192617  0.56818182  0.38171593  1.47299823]
2019-02-28 17:43:00,434 [MainThread  ][INFO ]  Final fidelity: 0.9989952842852446
2019-02-28 17:43:00,454 [MainThread  ][INFO ]  Final parameters: [ 1.99998352  0.84098587 -1.99979633 -1.99999138]
2019-02-28 17:43:00,454 [MainThread  ][INFO ]  Fidelity: 0.9989952842852446
2019-02-28 17:43:00,454 [MainThread  ][INFO ]  ---- Starting iteration 56/100
2019-02-28 17:43:00,454 [MainThread  ][DEBUG]  Setting hyperparameter tf=1.1555555555555557
2019-02-28 17:43:00,455 [MainThread  ][INFO ]  Starting optimization for tf=1.1555555555555557
2019-02-28 17:43:00,455 [MainThread  ][DEBUG]  Optimization method: Powell
2019-02-28 17:43:00,455 [MainThread  ][DEBUG]  Optimization options: None
2019-02-28 17:43:00,455 [MainThread  ][INFO ]  Initial parameter values: [ 1.20106508  0.57777778  1.85922443  0.68756747]
2019-02-28 17:47:24,492 [MainThread  ][INFO ]  Final fidelity: 0.9990477485769331
2019-02-28 17:47:24,512 [MainThread  ][INFO ]  Final parameters: [ 1.99999579  0.84116356 -1.99801591 -1.62993161]
2019-02-28 17:47:24,512 [MainThread  ][INFO ]  Fidelity: 0.9990477485769331
2019-02-28 17:47:24,512 [MainThread  ][INFO ]  ---- Starting iteration 57/100
2019-02-28 17:47:24,512 [MainThread  ][DEBUG]  Setting hyperparameter tf=1.1747474747474747
2019-02-28 17:47:24,512 [MainThread  ][INFO ]  Starting optimization for tf=1.1747474747474747
2019-02-28 17:47:24,512 [MainThread  ][DEBUG]  Optimization method: Powell
2019-02-28 17:47:24,512 [MainThread  ][DEBUG]  Optimization options: None
2019-02-28 17:47:24,513 [MainThread  ][INFO ]  Initial parameter values: [ 0.53586423  0.58737374  0.63407368  0.68975079]
2019-02-28 17:51:15,567 [MainThread  ][INFO ]  Final fidelity: 0.9990675565581142
2019-02-28 17:51:15,575 [MainThread  ][INFO ]  Final parameters: [ 1.94732021  0.84557334 -1.27188691 -1.94156979]
2019-02-28 17:51:15,575 [MainThread  ][INFO ]  Fidelity: 0.9990675565581142
2019-02-28 17:51:15,575 [MainThread  ][INFO ]  ---- Starting iteration 58/100
2019-02-28 17:51:15,575 [MainThread  ][DEBUG]  Setting hyperparameter tf=1.1939393939393939
2019-02-28 17:51:15,575 [MainThread  ][INFO ]  Starting optimization for tf=1.1939393939393939
2019-02-28 17:51:15,575 [MainThread  ][DEBUG]  Optimization method: Powell
2019-02-28 17:51:15,575 [MainThread  ][DEBUG]  Optimization options: None
2019-02-28 17:51:15,576 [MainThread  ][INFO ]  Initial parameter values: [ 1.96414953  0.5969697   1.70918752  0.82484388]
2019-02-28 17:54:13,763 [MainThread  ][INFO ]  Final fidelity: 0.9990767582327577
2019-02-28 17:54:13,764 [MainThread  ][INFO ]  Final parameters: [ 1.85084361  0.90386677 -1.99893709 -1.82665698]
2019-02-28 17:54:13,764 [MainThread  ][INFO ]  Fidelity: 0.9990767582327577
2019-02-28 17:54:13,764 [MainThread  ][INFO ]  ---- Starting iteration 59/100
2019-02-28 17:54:13,764 [MainThread  ][DEBUG]  Setting hyperparameter tf=1.213131313131313
2019-02-28 17:54:13,764 [MainThread  ][INFO ]  Starting optimization for tf=1.213131313131313
2019-02-28 17:54:13,764 [MainThread  ][DEBUG]  Optimization method: Powell
2019-02-28 17:54:13,765 [MainThread  ][DEBUG]  Optimization options: None
2019-02-28 17:54:13,765 [MainThread  ][INFO ]  Initial parameter values: [ 0.72478747  0.60656566  0.37368274  0.54658308]
2019-02-28 17:57:16,884 [MainThread  ][INFO ]  Final fidelity: 0.9990681605535734
2019-02-28 17:57:16,899 [MainThread  ][INFO ]  Final parameters: [ 1.99762338  0.80070625 -1.05915589 -1.08171527]
2019-02-28 17:57:16,899 [MainThread  ][INFO ]  Fidelity: 0.9990681605535734
2019-02-28 17:57:16,899 [MainThread  ][INFO ]  ---- Starting iteration 60/100
2019-02-28 17:57:16,899 [MainThread  ][DEBUG]  Setting hyperparameter tf=1.2323232323232323
2019-02-28 17:57:16,899 [MainThread  ][INFO ]  Starting optimization for tf=1.2323232323232323
2019-02-28 17:57:16,899 [MainThread  ][DEBUG]  Optimization method: Powell
2019-02-28 17:57:16,900 [MainThread  ][DEBUG]  Optimization options: None
2019-02-28 17:57:16,900 [MainThread  ][INFO ]  Initial parameter values: [ 1.20034213  0.61616162  0.26296995  1.37556391]
2019-02-28 18:00:09,019 [MainThread  ][INFO ]  Final fidelity: 0.9990924664555086
2019-02-28 18:00:09,035 [MainThread  ][INFO ]  Final parameters: [ 1.72608839  0.95689396 -1.99995944 -1.85258535]
2019-02-28 18:00:09,035 [MainThread  ][INFO ]  Fidelity: 0.9990924664555086
2019-02-28 18:00:09,035 [MainThread  ][INFO ]  ---- Starting iteration 61/100
2019-02-28 18:00:09,035 [MainThread  ][DEBUG]  Setting hyperparameter tf=1.2515151515151515
2019-02-28 18:00:09,035 [MainThread  ][INFO ]  Starting optimization for tf=1.2515151515151515
2019-02-28 18:00:09,036 [MainThread  ][DEBUG]  Optimization method: Powell
2019-02-28 18:00:09,036 [MainThread  ][DEBUG]  Optimization options: None
2019-02-28 18:00:09,036 [MainThread  ][INFO ]  Initial parameter values: [ 0.4004443   0.62575758  1.81505836  1.27879662]
2019-02-28 18:01:53,022 [MainThread  ][INFO ]  Final fidelity: 0.9990920849009887
2019-02-28 18:01:53,024 [MainThread  ][INFO ]  Final parameters: [ 1.72534561  0.95037894 -1.9999889  -1.33475675]
2019-02-28 18:01:53,024 [MainThread  ][INFO ]  Fidelity: 0.9990920849009887
2019-02-28 18:01:53,024 [MainThread  ][INFO ]  ---- Starting iteration 62/100
2019-02-28 18:01:53,025 [MainThread  ][DEBUG]  Setting hyperparameter tf=1.2707070707070707
2019-02-28 18:01:53,025 [MainThread  ][INFO ]  Starting optimization for tf=1.2707070707070707
2019-02-28 18:01:53,025 [MainThread  ][DEBUG]  Optimization method: Powell
2019-02-28 18:01:53,025 [MainThread  ][DEBUG]  Optimization options: None
2019-02-28 18:01:53,025 [MainThread  ][INFO ]  Initial parameter values: [ 1.51339564  0.63535354  1.3760123   1.78857503]
2019-02-28 18:05:00,474 [MainThread  ][INFO ]  Final fidelity: 0.9991054951860479
2019-02-28 18:05:00,476 [MainThread  ][INFO ]  Final parameters: [ 1.62291351  1.00496741 -1.995298   -1.79888832]
2019-02-28 18:05:00,476 [MainThread  ][INFO ]  Fidelity: 0.9991054951860479
2019-02-28 18:05:00,476 [MainThread  ][INFO ]  ---- Starting iteration 63/100
2019-02-28 18:05:00,476 [MainThread  ][DEBUG]  Setting hyperparameter tf=1.2898989898989899
2019-02-28 18:05:00,476 [MainThread  ][INFO ]  Starting optimization for tf=1.2898989898989899
2019-02-28 18:05:00,476 [MainThread  ][DEBUG]  Optimization method: Powell
2019-02-28 18:05:00,476 [MainThread  ][DEBUG]  Optimization options: None
2019-02-28 18:05:00,477 [MainThread  ][INFO ]  Initial parameter values: [ 1.15059357  0.64494949  1.45031356  1.87201773]
2019-02-28 18:07:12,310 [MainThread  ][INFO ]  Final fidelity: 0.9991124072316503
2019-02-28 18:07:12,323 [MainThread  ][INFO ]  Final parameters: [ 1.57389785  1.03229673 -1.99996606 -1.83837085]
2019-02-28 18:07:12,324 [MainThread  ][INFO ]  Fidelity: 0.9991124072316503
2019-02-28 18:07:12,324 [MainThread  ][INFO ]  ---- Starting iteration 64/100
2019-02-28 18:07:12,324 [MainThread  ][DEBUG]  Setting hyperparameter tf=1.309090909090909
2019-02-28 18:07:12,324 [MainThread  ][INFO ]  Starting optimization for tf=1.309090909090909
2019-02-28 18:07:12,324 [MainThread  ][DEBUG]  Optimization method: Powell
2019-02-28 18:07:12,324 [MainThread  ][DEBUG]  Optimization options: None
2019-02-28 18:07:12,324 [MainThread  ][INFO ]  Initial parameter values: [ 0.74479629  0.65454545  1.16758945  1.04014453]
2019-02-28 18:10:12,457 [MainThread  ][INFO ]  Final fidelity: 0.9991195850522837
2019-02-28 18:10:12,471 [MainThread  ][INFO ]  Final parameters: [ 1.52331465  1.06246563 -1.99483649 -1.94861081]
2019-02-28 18:10:12,472 [MainThread  ][INFO ]  Fidelity: 0.9991195850522837
2019-02-28 18:10:12,472 [MainThread  ][INFO ]  ---- Starting iteration 65/100
2019-02-28 18:10:12,472 [MainThread  ][DEBUG]  Setting hyperparameter tf=1.3282828282828283
2019-02-28 18:10:12,472 [MainThread  ][INFO ]  Starting optimization for tf=1.3282828282828283
2019-02-28 18:10:12,472 [MainThread  ][DEBUG]  Optimization method: Powell
2019-02-28 18:10:12,472 [MainThread  ][DEBUG]  Optimization options: None
2019-02-28 18:10:12,473 [MainThread  ][INFO ]  Initial parameter values: [ 0.99572512  0.66414141  1.89619712  0.57537231]
2019-02-28 18:12:43,295 [MainThread  ][INFO ]  Final fidelity: 0.9991249879323132
2019-02-28 18:12:43,307 [MainThread  ][INFO ]  Final parameters: [ 1.48623045  1.08575475 -1.99874082 -1.92047909]
2019-02-28 18:12:43,308 [MainThread  ][INFO ]  Fidelity: 0.9991249879323132
2019-02-28 18:12:43,308 [MainThread  ][INFO ]  ---- Starting iteration 66/100
2019-02-28 18:12:43,308 [MainThread  ][DEBUG]  Setting hyperparameter tf=1.3474747474747475
2019-02-28 18:12:43,308 [MainThread  ][INFO ]  Starting optimization for tf=1.3474747474747475
2019-02-28 18:12:43,308 [MainThread  ][DEBUG]  Optimization method: Powell
2019-02-28 18:12:43,308 [MainThread  ][DEBUG]  Optimization options: None
2019-02-28 18:12:43,309 [MainThread  ][INFO ]  Initial parameter values: [ 1.78531293  0.67373737  0.00866053  1.36144728]
2019-02-28 18:15:22,145 [MainThread  ][INFO ]  Final fidelity: 0.9990746624512048
2019-02-28 18:15:22,146 [MainThread  ][INFO ]  Final parameters: [ 1.94685737  0.8307393  -1.99954834  0.67784078]
2019-02-28 18:15:22,146 [MainThread  ][INFO ]  Fidelity: 0.9990746624512048
2019-02-28 18:15:22,146 [MainThread  ][INFO ]  ---- Starting iteration 67/100
2019-02-28 18:15:22,146 [MainThread  ][DEBUG]  Setting hyperparameter tf=1.3666666666666667
2019-02-28 18:15:22,146 [MainThread  ][INFO ]  Starting optimization for tf=1.3666666666666667
2019-02-28 18:15:22,146 [MainThread  ][DEBUG]  Optimization method: Powell
2019-02-28 18:15:22,147 [MainThread  ][DEBUG]  Optimization options: None
2019-02-28 18:15:22,147 [MainThread  ][INFO ]  Initial parameter values: [ 0.02789988  0.68333333  1.83402075  1.06397537]
2019-02-28 18:17:16,164 [MainThread  ][INFO ]  Final fidelity: 0.9991378678328301
2019-02-28 18:17:16,165 [MainThread  ][INFO ]  Final parameters: [ 1.41250912  1.13356041 -1.99995116 -1.88677643]
2019-02-28 18:17:16,165 [MainThread  ][INFO ]  Fidelity: 0.9991378678328301
2019-02-28 18:17:16,165 [MainThread  ][INFO ]  ---- Starting iteration 68/100
2019-02-28 18:17:16,165 [MainThread  ][DEBUG]  Setting hyperparameter tf=1.385858585858586
2019-02-28 18:17:16,165 [MainThread  ][INFO ]  Starting optimization for tf=1.385858585858586
2019-02-28 18:17:16,165 [MainThread  ][DEBUG]  Optimization method: Powell
2019-02-28 18:17:16,166 [MainThread  ][DEBUG]  Optimization options: None
2019-02-28 18:17:16,166 [MainThread  ][INFO ]  Initial parameter values: [ 0.96002849  0.69292929  1.03345592  1.11490318]
2019-02-28 18:18:58,610 [MainThread  ][INFO ]  Final fidelity: 0.9941392608919916
2019-02-28 18:18:58,611 [MainThread  ][INFO ]  Final parameters: [ 1.13700441  1.20168339 -2.         -1.99999787]
2019-02-28 18:18:58,611 [MainThread  ][INFO ]  Fidelity: 0.9941392608919916
2019-02-28 18:18:58,611 [MainThread  ][INFO ]  ---- Starting iteration 69/100
2019-02-28 18:18:58,612 [MainThread  ][DEBUG]  Setting hyperparameter tf=1.405050505050505
2019-02-28 18:18:58,612 [MainThread  ][INFO ]  Starting optimization for tf=1.405050505050505
2019-02-28 18:18:58,612 [MainThread  ][DEBUG]  Optimization method: Powell
2019-02-28 18:18:58,612 [MainThread  ][DEBUG]  Optimization options: None
2019-02-28 18:18:58,612 [MainThread  ][INFO ]  Initial parameter values: [ 1.80578165  0.70252525  1.54168371  0.83305662]
2019-02-28 18:21:01,408 [MainThread  ][INFO ]  Final fidelity: 0.9991502180047673
2019-02-28 18:21:01,411 [MainThread  ][INFO ]  Final parameters: [ 1.34413714  1.18383611 -1.99999803 -1.91550515]
2019-02-28 18:21:01,411 [MainThread  ][INFO ]  Fidelity: 0.9991502180047673
2019-02-28 18:21:01,411 [MainThread  ][INFO ]  ---- Starting iteration 70/100
2019-02-28 18:21:01,411 [MainThread  ][DEBUG]  Setting hyperparameter tf=1.4242424242424243
2019-02-28 18:21:01,411 [MainThread  ][INFO ]  Starting optimization for tf=1.4242424242424243
2019-02-28 18:21:01,411 [MainThread  ][DEBUG]  Optimization method: Powell
2019-02-28 18:21:01,411 [MainThread  ][DEBUG]  Optimization options: None
2019-02-28 18:21:01,412 [MainThread  ][INFO ]  Initial parameter values: [ 1.00746255  0.71212121  1.29631664  0.13569489]
2019-02-28 18:23:08,963 [MainThread  ][INFO ]  Final fidelity: 0.9991321505881477
2019-02-28 18:23:08,967 [MainThread  ][INFO ]  Final parameters: [ 1.99999994  0.48608063  1.11237212 -0.45596258]
2019-02-28 18:23:08,967 [MainThread  ][INFO ]  Fidelity: 0.9991321505881477
2019-02-28 18:23:08,967 [MainThread  ][INFO ]  ---- Starting iteration 71/100
2019-02-28 18:23:08,968 [MainThread  ][DEBUG]  Setting hyperparameter tf=1.4434343434343435
2019-02-28 18:23:08,968 [MainThread  ][INFO ]  Starting optimization for tf=1.4434343434343435
2019-02-28 18:23:08,968 [MainThread  ][DEBUG]  Optimization method: Powell
2019-02-28 18:23:08,968 [MainThread  ][DEBUG]  Optimization options: None
2019-02-28 18:23:08,968 [MainThread  ][INFO ]  Initial parameter values: [ 0.75724245  0.72171717  1.10618799  1.76982664]
2019-02-28 18:25:04,208 [MainThread  ][INFO ]  Final fidelity: 0.9991618489063467
2019-02-28 18:25:04,209 [MainThread  ][INFO ]  Final parameters: [ 1.28397289  1.23414296 -1.9999843  -1.96638472]
2019-02-28 18:25:04,210 [MainThread  ][INFO ]  Fidelity: 0.9991618489063467
2019-02-28 18:25:04,210 [MainThread  ][INFO ]  ---- Starting iteration 72/100
2019-02-28 18:25:04,210 [MainThread  ][DEBUG]  Setting hyperparameter tf=1.4626262626262627
2019-02-28 18:25:04,210 [MainThread  ][INFO ]  Starting optimization for tf=1.4626262626262627
2019-02-28 18:25:04,210 [MainThread  ][DEBUG]  Optimization method: Powell
2019-02-28 18:25:04,210 [MainThread  ][DEBUG]  Optimization options: None
2019-02-28 18:25:04,210 [MainThread  ][INFO ]  Initial parameter values: [ 1.74488185  0.73131313  1.94723138  0.41166453]
2019-02-28 18:27:19,521 [MainThread  ][INFO ]  Final fidelity: 0.9991662972865182
2019-02-28 18:27:19,531 [MainThread  ][INFO ]  Final parameters: [ 1.25638178  1.2590601  -1.99996751 -1.99336363]
2019-02-28 18:27:19,532 [MainThread  ][INFO ]  Fidelity: 0.9991662972865182
2019-02-28 18:27:19,532 [MainThread  ][INFO ]  ---- Starting iteration 73/100
2019-02-28 18:27:19,532 [MainThread  ][DEBUG]  Setting hyperparameter tf=1.481818181818182
2019-02-28 18:27:19,532 [MainThread  ][INFO ]  Starting optimization for tf=1.481818181818182
2019-02-28 18:27:19,532 [MainThread  ][DEBUG]  Optimization method: Powell
2019-02-28 18:27:19,532 [MainThread  ][DEBUG]  Optimization options: None
2019-02-28 18:27:19,532 [MainThread  ][INFO ]  Initial parameter values: [ 1.81681425  0.74090909  0.21516123  0.33623165]
2019-02-28 18:29:03,654 [MainThread  ][INFO ]  Final fidelity: 0.9991170561038607
2019-02-28 18:29:03,661 [MainThread  ][INFO ]  Final parameters: [ 1.99991451  0.6402533  -0.01953113  0.20652159]
2019-02-28 18:29:03,661 [MainThread  ][INFO ]  Fidelity: 0.9991170561038607
2019-02-28 18:29:03,661 [MainThread  ][INFO ]  ---- Starting iteration 74/100
2019-02-28 18:29:03,661 [MainThread  ][DEBUG]  Setting hyperparameter tf=1.501010101010101
2019-02-28 18:29:03,661 [MainThread  ][INFO ]  Starting optimization for tf=1.501010101010101
2019-02-28 18:29:03,661 [MainThread  ][DEBUG]  Optimization method: Powell
2019-02-28 18:29:03,661 [MainThread  ][DEBUG]  Optimization options: None
2019-02-28 18:29:03,662 [MainThread  ][INFO ]  Initial parameter values: [ 0.2684347   0.75050505  0.44581259  1.34776454]
2019-02-28 18:31:00,834 [MainThread  ][INFO ]  Final fidelity: 0.9991772392910693
2019-02-28 18:31:00,835 [MainThread  ][INFO ]  Final parameters: [ 1.20671395  1.30662083 -1.99989239 -1.98723552]
2019-02-28 18:31:00,835 [MainThread  ][INFO ]  Fidelity: 0.9991772392910693
2019-02-28 18:31:00,835 [MainThread  ][INFO ]  ---- Starting iteration 75/100
2019-02-28 18:31:00,835 [MainThread  ][DEBUG]  Setting hyperparameter tf=1.52020202020202
2019-02-28 18:31:00,836 [MainThread  ][INFO ]  Starting optimization for tf=1.52020202020202
2019-02-28 18:31:00,836 [MainThread  ][DEBUG]  Optimization method: Powell
2019-02-28 18:31:00,836 [MainThread  ][DEBUG]  Optimization options: None
2019-02-28 18:31:00,836 [MainThread  ][INFO ]  Initial parameter values: [ 1.39261924  0.76010101  0.21911516  1.38910757]
2019-02-28 18:33:29,057 [MainThread  ][INFO ]  Final fidelity: 0.9991829979981446
2019-02-28 18:33:29,063 [MainThread  ][INFO ]  Final parameters: [ 1.1841489   1.3292206  -1.99959522 -1.95800582]
2019-02-28 18:33:29,064 [MainThread  ][INFO ]  Fidelity: 0.9991829979981446
2019-02-28 18:33:29,064 [MainThread  ][INFO ]  ---- Starting iteration 76/100
2019-02-28 18:33:29,064 [MainThread  ][DEBUG]  Setting hyperparameter tf=1.5393939393939393
2019-02-28 18:33:29,064 [MainThread  ][INFO ]  Starting optimization for tf=1.5393939393939393
2019-02-28 18:33:29,064 [MainThread  ][DEBUG]  Optimization method: Powell
2019-02-28 18:33:29,064 [MainThread  ][DEBUG]  Optimization options: None
2019-02-28 18:33:29,064 [MainThread  ][INFO ]  Initial parameter values: [ 1.28376568  0.76969697  0.90527524  1.14430176]
2019-02-28 18:35:58,658 [MainThread  ][INFO ]  Final fidelity: 0.9991866972817399
2019-02-28 18:35:58,661 [MainThread  ][INFO ]  Final parameters: [ 1.1617      1.35374611 -1.99999858 -1.97995239]
2019-02-28 18:35:58,661 [MainThread  ][INFO ]  Fidelity: 0.9991866972817399
2019-02-28 18:35:58,661 [MainThread  ][INFO ]  ---- Starting iteration 77/100
2019-02-28 18:35:58,662 [MainThread  ][DEBUG]  Setting hyperparameter tf=1.5585858585858585
2019-02-28 18:35:58,662 [MainThread  ][INFO ]  Starting optimization for tf=1.5585858585858585
2019-02-28 18:35:58,662 [MainThread  ][DEBUG]  Optimization method: Powell
2019-02-28 18:35:58,662 [MainThread  ][DEBUG]  Optimization options: None
2019-02-28 18:35:58,662 [MainThread  ][INFO ]  Initial parameter values: [ 0.90764646  0.77929293  0.61570054  0.58688702]
2019-02-28 18:38:29,532 [MainThread  ][INFO ]  Final fidelity: 0.999139923476143
2019-02-28 18:38:29,547 [MainThread  ][INFO ]  Final parameters: [ 1.99660657  0.59591387  0.15664145  0.30909289]
2019-02-28 18:38:29,548 [MainThread  ][INFO ]  Fidelity: 0.999139923476143
2019-02-28 18:38:29,548 [MainThread  ][INFO ]  ---- Starting iteration 78/100
2019-02-28 18:38:29,548 [MainThread  ][DEBUG]  Setting hyperparameter tf=1.5777777777777777
2019-02-28 18:38:29,548 [MainThread  ][INFO ]  Starting optimization for tf=1.5777777777777777
2019-02-28 18:38:29,548 [MainThread  ][DEBUG]  Optimization method: Powell
2019-02-28 18:38:29,548 [MainThread  ][DEBUG]  Optimization options: None
2019-02-28 18:38:29,548 [MainThread  ][INFO ]  Initial parameter values: [ 1.72799007  0.78888889  0.17870024  1.53004275]
2019-02-28 18:40:00,686 [MainThread  ][INFO ]  Final fidelity: 0.9991977065135129
2019-02-28 18:40:00,725 [MainThread  ][INFO ]  Final parameters: [ 1.12260769  1.40040614 -1.99959398 -1.97441686]
2019-02-28 18:40:00,725 [MainThread  ][INFO ]  Fidelity: 0.9991977065135129
2019-02-28 18:40:00,725 [MainThread  ][INFO ]  ---- Starting iteration 79/100
2019-02-28 18:40:00,726 [MainThread  ][DEBUG]  Setting hyperparameter tf=1.596969696969697
2019-02-28 18:40:00,726 [MainThread  ][INFO ]  Starting optimization for tf=1.596969696969697
2019-02-28 18:40:00,726 [MainThread  ][DEBUG]  Optimization method: Powell
2019-02-28 18:40:00,726 [MainThread  ][DEBUG]  Optimization options: None
2019-02-28 18:40:00,726 [MainThread  ][INFO ]  Initial parameter values: [ 0.9511502   0.79848485  1.85626428  0.73669891]
2019-02-28 18:41:33,369 [MainThread  ][INFO ]  Final fidelity: 0.9992033699705051
2019-02-28 18:41:33,397 [MainThread  ][INFO ]  Final parameters: [ 1.10816282  1.40727936 -1.51612457 -1.9650147 ]
2019-02-28 18:41:33,397 [MainThread  ][INFO ]  Fidelity: 0.9992033699705051
2019-02-28 18:41:33,398 [MainThread  ][INFO ]  ---- Starting iteration 80/100
2019-02-28 18:41:33,398 [MainThread  ][DEBUG]  Setting hyperparameter tf=1.6161616161616161
2019-02-28 18:41:33,398 [MainThread  ][INFO ]  Starting optimization for tf=1.6161616161616161
2019-02-28 18:41:33,398 [MainThread  ][DEBUG]  Optimization method: Powell
2019-02-28 18:41:33,398 [MainThread  ][DEBUG]  Optimization options: None
2019-02-28 18:41:33,398 [MainThread  ][INFO ]  Initial parameter values: [ 0.4505324   0.80808081  0.13390623  1.23901835]
2019-02-28 18:42:33,791 [MainThread  ][INFO ]  Final fidelity: 0.9991457014247753
2019-02-28 18:42:33,792 [MainThread  ][INFO ]  Final parameters: [ 1.38321632  1.09592231 -1.55036558  0.99319628]
2019-02-28 18:42:33,792 [MainThread  ][INFO ]  Fidelity: 0.9991457014247753
2019-02-28 18:42:33,792 [MainThread  ][INFO ]  ---- Starting iteration 81/100
2019-02-28 18:42:33,793 [MainThread  ][DEBUG]  Setting hyperparameter tf=1.6353535353535353
2019-02-28 18:42:33,793 [MainThread  ][INFO ]  Starting optimization for tf=1.6353535353535353
2019-02-28 18:42:33,793 [MainThread  ][DEBUG]  Optimization method: Powell
2019-02-28 18:42:33,793 [MainThread  ][DEBUG]  Optimization options: None
2019-02-28 18:42:33,793 [MainThread  ][INFO ]  Initial parameter values: [ 0.16223293  0.81767677  0.27847746  1.72443358]
2019-02-28 18:43:55,528 [MainThread  ][INFO ]  Final fidelity: 0.9992153665599669
2019-02-28 18:43:55,529 [MainThread  ][INFO ]  Final parameters: [ 1.06912826  1.47114753 -1.99993195 -1.99978753]
2019-02-28 18:43:55,529 [MainThread  ][INFO ]  Fidelity: 0.9992153665599669
2019-02-28 18:43:55,529 [MainThread  ][INFO ]  ---- Starting iteration 82/100
2019-02-28 18:43:55,530 [MainThread  ][DEBUG]  Setting hyperparameter tf=1.6545454545454545
2019-02-28 18:43:55,530 [MainThread  ][INFO ]  Starting optimization for tf=1.6545454545454545
2019-02-28 18:43:55,530 [MainThread  ][DEBUG]  Optimization method: Powell
2019-02-28 18:43:55,530 [MainThread  ][DEBUG]  Optimization options: None
2019-02-28 18:43:55,530 [MainThread  ][INFO ]  Initial parameter values: [ 1.27319306  0.82727273  1.2602222   1.57411958]
2019-02-28 18:45:13,465 [MainThread  ][INFO ]  Final fidelity: 0.9992160566070446
2019-02-28 18:45:13,468 [MainThread  ][INFO ]  Final parameters: [ 1.0676991   1.46525169 -1.99991037 -1.20066839]
2019-02-28 18:45:13,468 [MainThread  ][INFO ]  Fidelity: 0.9992160566070446
2019-02-28 18:45:13,468 [MainThread  ][INFO ]  ---- Starting iteration 83/100
2019-02-28 18:45:13,468 [MainThread  ][DEBUG]  Setting hyperparameter tf=1.6737373737373737
2019-02-28 18:45:13,468 [MainThread  ][INFO ]  Starting optimization for tf=1.6737373737373737
2019-02-28 18:45:13,468 [MainThread  ][DEBUG]  Optimization method: Powell
2019-02-28 18:45:13,468 [MainThread  ][DEBUG]  Optimization options: None
2019-02-28 18:45:13,469 [MainThread  ][INFO ]  Initial parameter values: [ 1.8926212   0.83686869  0.68969251  0.54437433]
2019-02-28 18:46:37,698 [MainThread  ][INFO ]  Final fidelity: 0.9991793049365997
2019-02-28 18:46:37,710 [MainThread  ][INFO ]  Final parameters: [ 1.36201783  0.86911754  0.46389603  0.03535335]
2019-02-28 18:46:37,710 [MainThread  ][INFO ]  Fidelity: 0.9991793049365997
2019-02-28 18:46:37,710 [MainThread  ][INFO ]  ---- Starting iteration 84/100
2019-02-28 18:46:37,710 [MainThread  ][DEBUG]  Setting hyperparameter tf=1.692929292929293
2019-02-28 18:46:37,710 [MainThread  ][INFO ]  Starting optimization for tf=1.692929292929293
2019-02-28 18:46:37,710 [MainThread  ][DEBUG]  Optimization method: Powell
2019-02-28 18:46:37,710 [MainThread  ][DEBUG]  Optimization options: None
2019-02-28 18:46:37,711 [MainThread  ][INFO ]  Initial parameter values: [ 0.14389415  0.84646465  0.35036923  1.75999599]
2019-02-28 18:48:19,619 [MainThread  ][INFO ]  Final fidelity: 0.9992332619591583
2019-02-28 18:48:19,638 [MainThread  ][INFO ]  Final parameters: [ 1.0233153   1.54010468 -1.99998413 -1.98821272]
2019-02-28 18:48:19,638 [MainThread  ][INFO ]  Fidelity: 0.9992332619591583
2019-02-28 18:48:19,638 [MainThread  ][INFO ]  ---- Starting iteration 85/100
2019-02-28 18:48:19,638 [MainThread  ][DEBUG]  Setting hyperparameter tf=1.7121212121212122
2019-02-28 18:48:19,638 [MainThread  ][INFO ]  Starting optimization for tf=1.7121212121212122
2019-02-28 18:48:19,638 [MainThread  ][DEBUG]  Optimization method: Powell
2019-02-28 18:48:19,638 [MainThread  ][DEBUG]  Optimization options: None
2019-02-28 18:48:19,639 [MainThread  ][INFO ]  Initial parameter values: [ 1.02665726  0.85606061  1.07604039  0.88196481]
2019-02-28 18:49:58,951 [MainThread  ][INFO ]  Final fidelity: 0.9992380848666257
2019-02-28 18:49:58,952 [MainThread  ][INFO ]  Final parameters: [ 1.00962656  1.56292889 -1.99999883 -1.9819736 ]
2019-02-28 18:49:58,952 [MainThread  ][INFO ]  Fidelity: 0.9992380848666257
2019-02-28 18:49:58,952 [MainThread  ][INFO ]  ---- Starting iteration 86/100
2019-02-28 18:49:58,952 [MainThread  ][DEBUG]  Setting hyperparameter tf=1.7313131313131314
2019-02-28 18:49:58,953 [MainThread  ][INFO ]  Starting optimization for tf=1.7313131313131314
2019-02-28 18:49:58,953 [MainThread  ][DEBUG]  Optimization method: Powell
2019-02-28 18:49:58,953 [MainThread  ][DEBUG]  Optimization options: None
2019-02-28 18:49:58,953 [MainThread  ][INFO ]  Initial parameter values: [ 1.24648436  0.86565657  0.43920491  0.0738064 ]
2019-02-28 18:51:09,316 [MainThread  ][INFO ]  Final fidelity: 0.9991950923508053
2019-02-28 18:51:09,319 [MainThread  ][INFO ]  Final parameters: [ 1.28416296  0.91726272  0.47637923  0.09693569]
2019-02-28 18:51:09,319 [MainThread  ][INFO ]  Fidelity: 0.9991950923508053
2019-02-28 18:51:09,319 [MainThread  ][INFO ]  ---- Starting iteration 87/100
2019-02-28 18:51:09,319 [MainThread  ][DEBUG]  Setting hyperparameter tf=1.7505050505050506
2019-02-28 18:51:09,319 [MainThread  ][INFO ]  Starting optimization for tf=1.7505050505050506
2019-02-28 18:51:09,319 [MainThread  ][DEBUG]  Optimization method: Powell
2019-02-28 18:51:09,319 [MainThread  ][DEBUG]  Optimization options: None
2019-02-28 18:51:09,320 [MainThread  ][INFO ]  Initial parameter values: [ 1.37035493  0.87525253  0.71241204  0.40662644]
2019-02-28 18:52:25,309 [MainThread  ][INFO ]  Final fidelity: 0.9992050807991628
2019-02-28 18:52:25,310 [MainThread  ][INFO ]  Final parameters: [ 1.58028423  0.6208516   0.59313556  0.3014229 ]
2019-02-28 18:52:25,311 [MainThread  ][INFO ]  Fidelity: 0.9992050807991628
2019-02-28 18:52:25,311 [MainThread  ][INFO ]  ---- Starting iteration 88/100
2019-02-28 18:52:25,311 [MainThread  ][DEBUG]  Setting hyperparameter tf=1.7696969696969698
2019-02-28 18:52:25,311 [MainThread  ][INFO ]  Starting optimization for tf=1.7696969696969698
2019-02-28 18:52:25,311 [MainThread  ][DEBUG]  Optimization method: Powell
2019-02-28 18:52:25,311 [MainThread  ][DEBUG]  Optimization options: None
2019-02-28 18:52:25,311 [MainThread  ][INFO ]  Initial parameter values: [ 1.12777273  0.88484848  0.40041019  0.31297899]
2019-02-28 18:53:46,631 [MainThread  ][INFO ]  Final fidelity: 0.9991970933329132
2019-02-28 18:53:46,643 [MainThread  ][INFO ]  Final parameters: [ 1.33313847  0.86569931  0.38503324  0.29142029]
2019-02-28 18:53:46,644 [MainThread  ][INFO ]  Fidelity: 0.9991970933329132
2019-02-28 18:53:46,644 [MainThread  ][INFO ]  ---- Starting iteration 89/100
2019-02-28 18:53:46,644 [MainThread  ][DEBUG]  Setting hyperparameter tf=1.7888888888888888
2019-02-28 18:53:46,644 [MainThread  ][INFO ]  Starting optimization for tf=1.7888888888888888
2019-02-28 18:53:46,644 [MainThread  ][DEBUG]  Optimization method: Powell
2019-02-28 18:53:46,644 [MainThread  ][DEBUG]  Optimization options: None
2019-02-28 18:53:46,644 [MainThread  ][INFO ]  Initial parameter values: [ 0.23613866  0.89444444  0.62811014  0.26696818]
2019-02-28 18:54:56,267 [MainThread  ][INFO ]  Final fidelity: 0.9992106012615615
2019-02-28 18:54:56,279 [MainThread  ][INFO ]  Final parameters: [ 1.32238935  0.80660964  0.58180023  0.23260421]
2019-02-28 18:54:56,280 [MainThread  ][INFO ]  Fidelity: 0.9992106012615615
2019-02-28 18:54:56,280 [MainThread  ][INFO ]  ---- Starting iteration 90/100
2019-02-28 18:54:56,280 [MainThread  ][DEBUG]  Setting hyperparameter tf=1.808080808080808
2019-02-28 18:54:56,280 [MainThread  ][INFO ]  Starting optimization for tf=1.808080808080808
2019-02-28 18:54:56,280 [MainThread  ][DEBUG]  Optimization method: Powell
2019-02-28 18:54:56,280 [MainThread  ][DEBUG]  Optimization options: None
2019-02-28 18:54:56,280 [MainThread  ][INFO ]  Initial parameter values: [ 0.98978891  0.9040404   1.67200405  0.50122181]
2019-02-28 18:56:27,179 [MainThread  ][INFO ]  Final fidelity: 0.9992636570091668
2019-02-28 18:56:27,235 [MainThread  ][INFO ]  Final parameters: [ 0.95061691  1.67672628 -1.99999342 -1.99079892]
2019-02-28 18:56:27,236 [MainThread  ][INFO ]  Fidelity: 0.9992636570091668
2019-02-28 18:56:27,236 [MainThread  ][INFO ]  ---- Starting iteration 91/100
2019-02-28 18:56:27,236 [MainThread  ][DEBUG]  Setting hyperparameter tf=1.8272727272727272
2019-02-28 18:56:27,236 [MainThread  ][INFO ]  Starting optimization for tf=1.8272727272727272
2019-02-28 18:56:27,236 [MainThread  ][DEBUG]  Optimization method: Powell
2019-02-28 18:56:27,236 [MainThread  ][DEBUG]  Optimization options: None
2019-02-28 18:56:27,237 [MainThread  ][INFO ]  Initial parameter values: [ 1.80542918  0.91363636  0.79644764  0.02557453]
2019-02-28 18:57:43,747 [MainThread  ][INFO ]  Final fidelity: 0.9992260410482905
2019-02-28 18:57:43,759 [MainThread  ][INFO ]  Final parameters: [ 1.15330284  0.92597469  0.79989763  0.03854154]
2019-02-28 18:57:43,760 [MainThread  ][INFO ]  Fidelity: 0.9992260410482905
2019-02-28 18:57:43,760 [MainThread  ][INFO ]  ---- Starting iteration 92/100
2019-02-28 18:57:43,760 [MainThread  ][DEBUG]  Setting hyperparameter tf=1.8464646464646464
2019-02-28 18:57:43,760 [MainThread  ][INFO ]  Starting optimization for tf=1.8464646464646464
2019-02-28 18:57:43,760 [MainThread  ][DEBUG]  Optimization method: Powell
2019-02-28 18:57:43,760 [MainThread  ][DEBUG]  Optimization options: None
2019-02-28 18:57:43,761 [MainThread  ][INFO ]  Initial parameter values: [ 1.12708186  0.92323232  0.0377772   0.01224099]
2019-02-28 18:58:54,341 [MainThread  ][INFO ]  Final fidelity: 0.9992221964432086
2019-02-28 18:58:54,344 [MainThread  ][INFO ]  Final parameters: [ 1.09672458  1.18875959  0.23586512  0.2053408 ]
2019-02-28 18:58:54,344 [MainThread  ][INFO ]  Fidelity: 0.9992221964432086
2019-02-28 18:58:54,344 [MainThread  ][INFO ]  ---- Starting iteration 93/100
2019-02-28 18:58:54,345 [MainThread  ][DEBUG]  Setting hyperparameter tf=1.8656565656565656
2019-02-28 18:58:54,345 [MainThread  ][INFO ]  Starting optimization for tf=1.8656565656565656
2019-02-28 18:58:54,345 [MainThread  ][DEBUG]  Optimization method: Powell
2019-02-28 18:58:54,345 [MainThread  ][DEBUG]  Optimization options: None
2019-02-28 18:58:54,345 [MainThread  ][INFO ]  Initial parameter values: [ 0.77142218  0.93282828  0.60988296  0.9483727 ]
2019-02-28 19:00:43,337 [MainThread  ][INFO ]  Final fidelity: 0.9992822836135559
2019-02-28 19:00:43,351 [MainThread  ][INFO ]  Final parameters: [ 0.92082843  1.74466747 -1.99995792 -1.99919391]
2019-02-28 19:00:43,352 [MainThread  ][INFO ]  Fidelity: 0.9992822836135559
2019-02-28 19:00:43,352 [MainThread  ][INFO ]  ---- Starting iteration 94/100
2019-02-28 19:00:43,352 [MainThread  ][DEBUG]  Setting hyperparameter tf=1.8848484848484848
2019-02-28 19:00:43,352 [MainThread  ][INFO ]  Starting optimization for tf=1.8848484848484848
2019-02-28 19:00:43,352 [MainThread  ][DEBUG]  Optimization method: Powell
2019-02-28 19:00:43,352 [MainThread  ][DEBUG]  Optimization options: None
2019-02-28 19:00:43,353 [MainThread  ][INFO ]  Initial parameter values: [ 1.44165454  0.94242424  1.67986731  0.12257583]
2019-02-28 19:01:58,291 [MainThread  ][INFO ]  Final fidelity: 0.9992444529019037
2019-02-28 19:01:58,308 [MainThread  ][INFO ]  Final parameters: [-1.89294903  0.017822    1.49300868  0.14089205]
2019-02-28 19:01:58,308 [MainThread  ][INFO ]  Fidelity: 0.9992444529019037
2019-02-28 19:01:58,308 [MainThread  ][INFO ]  ---- Starting iteration 95/100
2019-02-28 19:01:58,308 [MainThread  ][DEBUG]  Setting hyperparameter tf=1.904040404040404
2019-02-28 19:01:58,308 [MainThread  ][INFO ]  Starting optimization for tf=1.904040404040404
2019-02-28 19:01:58,308 [MainThread  ][DEBUG]  Optimization method: Powell
2019-02-28 19:01:58,308 [MainThread  ][DEBUG]  Optimization options: None
2019-02-28 19:01:58,309 [MainThread  ][INFO ]  Initial parameter values: [ 1.79968119  0.9520202   1.27323229  0.25323895]
2019-02-28 19:02:49,713 [MainThread  ][INFO ]  Final fidelity: 0.999268325112497
2019-02-28 19:02:49,713 [MainThread  ][INFO ]  Final parameters: [ 1.99781241  0.05063352  1.31828823  0.23300924]
2019-02-28 19:02:49,714 [MainThread  ][INFO ]  Fidelity: 0.999268325112497
2019-02-28 19:02:49,714 [MainThread  ][INFO ]  ---- Starting iteration 96/100
2019-02-28 19:02:49,714 [MainThread  ][DEBUG]  Setting hyperparameter tf=1.9232323232323232
2019-02-28 19:02:49,714 [MainThread  ][INFO ]  Starting optimization for tf=1.9232323232323232
2019-02-28 19:02:49,714 [MainThread  ][DEBUG]  Optimization method: Powell
2019-02-28 19:02:49,714 [MainThread  ][DEBUG]  Optimization options: None
2019-02-28 19:02:49,715 [MainThread  ][INFO ]  Initial parameter values: [ 1.42947043  0.96161616  0.18353349  1.58091002]
2019-02-28 19:05:23,443 [MainThread  ][INFO ]  Final fidelity: 0.9992986178965859
2019-02-28 19:05:23,444 [MainThread  ][INFO ]  Final parameters: [ 0.89545029  1.81162595 -1.99995043 -1.99176375]
2019-02-28 19:05:23,444 [MainThread  ][INFO ]  Fidelity: 0.9992986178965859
2019-02-28 19:05:23,444 [MainThread  ][INFO ]  ---- Starting iteration 97/100
2019-02-28 19:05:23,444 [MainThread  ][DEBUG]  Setting hyperparameter tf=1.9424242424242424
2019-02-28 19:05:23,444 [MainThread  ][INFO ]  Starting optimization for tf=1.9424242424242424
2019-02-28 19:05:23,444 [MainThread  ][DEBUG]  Optimization method: Powell
2019-02-28 19:05:23,444 [MainThread  ][DEBUG]  Optimization options: None
2019-02-28 19:05:23,445 [MainThread  ][INFO ]  Initial parameter values: [ 1.25946523  0.97121212  1.88376401  0.4266219 ]
2019-02-28 19:07:22,549 [MainThread  ][INFO ]  Final fidelity: 0.9993037737380686
2019-02-28 19:07:22,571 [MainThread  ][INFO ]  Final parameters: [ 0.88743394  1.83390379 -1.99998917 -1.99556829]
2019-02-28 19:07:22,571 [MainThread  ][INFO ]  Fidelity: 0.9993037737380686
2019-02-28 19:07:22,571 [MainThread  ][INFO ]  ---- Starting iteration 98/100
2019-02-28 19:07:22,572 [MainThread  ][DEBUG]  Setting hyperparameter tf=1.9616161616161616
2019-02-28 19:07:22,572 [MainThread  ][INFO ]  Starting optimization for tf=1.9616161616161616
2019-02-28 19:07:22,572 [MainThread  ][DEBUG]  Optimization method: Powell
2019-02-28 19:07:22,572 [MainThread  ][DEBUG]  Optimization options: None
2019-02-28 19:07:22,572 [MainThread  ][INFO ]  Initial parameter values: [ 0.58265955  0.98080808  1.82461844  1.84624895]
2019-02-28 19:09:08,318 [MainThread  ][INFO ]  Final fidelity: 0.999311778576155
2019-02-28 19:09:08,331 [MainThread  ][INFO ]  Final parameters: [ 0.87927478  1.85655064 -1.99999694 -1.99999867]
2019-02-28 19:09:08,332 [MainThread  ][INFO ]  Fidelity: 0.999311778576155
2019-02-28 19:09:08,332 [MainThread  ][INFO ]  ---- Starting iteration 99/100
2019-02-28 19:09:08,332 [MainThread  ][DEBUG]  Setting hyperparameter tf=1.9808080808080808
2019-02-28 19:09:08,332 [MainThread  ][INFO ]  Starting optimization for tf=1.9808080808080808
2019-02-28 19:09:08,332 [MainThread  ][DEBUG]  Optimization method: Powell
2019-02-28 19:09:08,332 [MainThread  ][DEBUG]  Optimization options: None
2019-02-28 19:09:08,333 [MainThread  ][INFO ]  Initial parameter values: [ 1.74780835  0.99040404  0.47190614  1.59989436]
2019-02-28 19:11:18,363 [MainThread  ][INFO ]  Final fidelity: 0.9993171180705024
2019-02-28 19:11:18,364 [MainThread  ][INFO ]  Final parameters: [ 0.87322433  1.87834233 -1.99993407 -1.98975568]
2019-02-28 19:11:18,365 [MainThread  ][INFO ]  Fidelity: 0.9993171180705024
2019-02-28 19:11:18,365 [MainThread  ][INFO ]  ---- Starting iteration 100/100
2019-02-28 19:11:18,365 [MainThread  ][DEBUG]  Setting hyperparameter tf=2.0
2019-02-28 19:11:18,365 [MainThread  ][INFO ]  Starting optimization for tf=2.0
2019-02-28 19:11:18,365 [MainThread  ][DEBUG]  Optimization method: Powell
2019-02-28 19:11:18,365 [MainThread  ][DEBUG]  Optimization options: None
2019-02-28 19:11:18,366 [MainThread  ][INFO ]  Initial parameter values: [ 0.32404787  1.          0.27826124  1.32118706]
2019-02-28 19:12:34,058 [MainThread  ][INFO ]  Final fidelity: 0.9992807436187625
2019-02-28 19:12:34,059 [MainThread  ][INFO ]  Final parameters: [ 0.85854326  1.09237968  1.5001687  -0.34201744]
2019-02-28 19:12:34,059 [MainThread  ][INFO ]  Fidelity: 0.9992807436187625
