2019-02-28 15:45:10,183 [MainThread  ][INFO ]  Output file name will be "rabi_bangramp_powell.csv"
2019-02-28 15:45:10,880 [MainThread  ][INFO ]  Using bangramp protocol ansatz.
2019-02-28 15:45:10,880 [MainThread  ][DEBUG]  Initializing ProtocolAnsatz instance "bangramp"
2019-02-28 15:45:10,881 [MainThread  ][INFO ]  Using parameters constraints: [[-10.0, 10.0], [None, None], [-10.0, 10.0], [-10.0, 10.0]]
2019-02-28 15:45:10,881 [MainThread  ][INFO ]  Using total height constraint: None
2019-02-28 15:45:10,881 [MainThread  ][INFO ]  ---- Starting iteration 1/100
2019-02-28 15:45:10,881 [MainThread  ][DEBUG]  Setting hyperparameter tf=0.1
2019-02-28 15:45:10,881 [MainThread  ][INFO ]  Starting optimization for tf=0.1
2019-02-28 15:45:10,881 [MainThread  ][DEBUG]  Optimization method: Powell
2019-02-28 15:45:10,881 [MainThread  ][DEBUG]  Optimization options: None
2019-02-28 15:45:10,882 [MainThread  ][INFO ]  Initial parameter values: [ 6.77803771  0.05        1.4220693   8.46553012]
2019-02-28 15:51:11,572 [MainThread  ][INFO ]  Final fidelity: 0.7641243522287982
2019-02-28 15:51:11,575 [MainThread  ][INFO ]  Final parameters: [-5.12711761  0.07489195  9.99821487 -7.16286117]
2019-02-28 15:51:11,575 [MainThread  ][INFO ]  Fidelity: 0.7641243522287982
2019-02-28 15:51:11,575 [MainThread  ][INFO ]  ---- Starting iteration 2/100
2019-02-28 15:51:11,575 [MainThread  ][DEBUG]  Setting hyperparameter tf=0.1393939393939394
2019-02-28 15:51:11,575 [MainThread  ][INFO ]  Starting optimization for tf=0.1393939393939394
2019-02-28 15:51:11,575 [MainThread  ][DEBUG]  Optimization method: Powell
2019-02-28 15:51:11,575 [MainThread  ][DEBUG]  Optimization options: None
2019-02-28 15:51:11,576 [MainThread  ][INFO ]  Initial parameter values: [ 4.32544678  0.06969697  6.6166127   2.76249875]
2019-02-28 15:54:46,410 [MainThread  ][INFO ]  Final fidelity: 0.7642217754958484
2019-02-28 15:54:46,414 [MainThread  ][INFO ]  Final parameters: [ 3.98740128  0.12243059  9.99635    -5.24694685]
2019-02-28 15:54:46,414 [MainThread  ][INFO ]  Fidelity: 0.7642217754958484
2019-02-28 15:54:46,414 [MainThread  ][INFO ]  ---- Starting iteration 3/100
2019-02-28 15:54:46,414 [MainThread  ][DEBUG]  Setting hyperparameter tf=0.17878787878787877
2019-02-28 15:54:46,415 [MainThread  ][INFO ]  Starting optimization for tf=0.17878787878787877
2019-02-28 15:54:46,415 [MainThread  ][DEBUG]  Optimization method: Powell
2019-02-28 15:54:46,415 [MainThread  ][DEBUG]  Optimization options: None
2019-02-28 15:54:46,415 [MainThread  ][INFO ]  Initial parameter values: [ 4.08896044  0.08939394  1.58204486  7.19893   ]
2019-02-28 15:59:09,857 [MainThread  ][INFO ]  Final fidelity: 0.7674827242326314
2019-02-28 15:59:09,858 [MainThread  ][INFO ]  Final parameters: [ 7.4588386   0.05699616 -2.67658162  0.80701174]
2019-02-28 15:59:09,858 [MainThread  ][INFO ]  Fidelity: 0.7674827242326314
2019-02-28 15:59:09,858 [MainThread  ][INFO ]  ---- Starting iteration 4/100
2019-02-28 15:59:09,859 [MainThread  ][DEBUG]  Setting hyperparameter tf=0.21818181818181817
2019-02-28 15:59:09,859 [MainThread  ][INFO ]  Starting optimization for tf=0.21818181818181817
2019-02-28 15:59:09,859 [MainThread  ][DEBUG]  Optimization method: Powell
2019-02-28 15:59:09,859 [MainThread  ][DEBUG]  Optimization options: None
2019-02-28 15:59:09,859 [MainThread  ][INFO ]  Initial parameter values: [ 0.24268037  0.10909091  6.75242245  5.74857247]
2019-02-28 16:02:19,592 [MainThread  ][INFO ]  Final fidelity: 0.7687536210486808
2019-02-28 16:02:19,593 [MainThread  ][INFO ]  Final parameters: [ 5.82702178  0.09787544  3.04515561 -1.81877657]
2019-02-28 16:02:19,593 [MainThread  ][INFO ]  Fidelity: 0.7687536210486808
2019-02-28 16:02:19,593 [MainThread  ][INFO ]  ---- Starting iteration 5/100
2019-02-28 16:02:19,593 [MainThread  ][DEBUG]  Setting hyperparameter tf=0.25757575757575757
2019-02-28 16:02:19,594 [MainThread  ][INFO ]  Starting optimization for tf=0.25757575757575757
2019-02-28 16:02:19,594 [MainThread  ][DEBUG]  Optimization method: Powell
2019-02-28 16:02:19,594 [MainThread  ][DEBUG]  Optimization options: None
2019-02-28 16:02:19,594 [MainThread  ][INFO ]  Initial parameter values: [ 0.44718902  0.12878788  8.58182511  0.82765381]
2019-02-28 16:05:27,736 [MainThread  ][INFO ]  Final fidelity: 0.7694219846623119
2019-02-28 16:05:27,737 [MainThread  ][INFO ]  Final parameters: [ 1.71475383  0.04061845  8.23602314 -1.31192369]
2019-02-28 16:05:27,738 [MainThread  ][INFO ]  Fidelity: 0.7694219846623119
2019-02-28 16:05:27,738 [MainThread  ][INFO ]  ---- Starting iteration 6/100
2019-02-28 16:05:27,738 [MainThread  ][DEBUG]  Setting hyperparameter tf=0.296969696969697
2019-02-28 16:05:27,738 [MainThread  ][INFO ]  Starting optimization for tf=0.296969696969697
2019-02-28 16:05:27,738 [MainThread  ][DEBUG]  Optimization method: Powell
2019-02-28 16:05:27,738 [MainThread  ][DEBUG]  Optimization options: None
2019-02-28 16:05:27,739 [MainThread  ][INFO ]  Initial parameter values: [ 6.72719215  0.14848485  6.00469953  7.9584264 ]
2019-02-28 16:06:49,481 [MainThread  ][INFO ]  Final fidelity: 0.7671350567391305
2019-02-28 16:06:49,485 [MainThread  ][INFO ]  Final parameters: [ 3.3078511   0.28187898  4.90370727  5.98882298]
2019-02-28 16:06:49,485 [MainThread  ][INFO ]  Fidelity: 0.7671350567391305
2019-02-28 16:06:49,486 [MainThread  ][INFO ]  ---- Starting iteration 7/100
2019-02-28 16:06:49,486 [MainThread  ][DEBUG]  Setting hyperparameter tf=0.3363636363636363
2019-02-28 16:06:49,486 [MainThread  ][INFO ]  Starting optimization for tf=0.3363636363636363
2019-02-28 16:06:49,486 [MainThread  ][DEBUG]  Optimization method: Powell
2019-02-28 16:06:49,486 [MainThread  ][DEBUG]  Optimization options: None
2019-02-28 16:06:49,486 [MainThread  ][INFO ]  Initial parameter values: [ 0.80183732  0.16818182  5.42237069  2.17671673]
2019-02-28 16:11:43,390 [MainThread  ][INFO ]  Final fidelity: 0.7807834052191329
2019-02-28 16:11:43,393 [MainThread  ][INFO ]  Final parameters: [ 9.99988415  0.05936105  3.44923835 -0.17943776]
2019-02-28 16:11:43,393 [MainThread  ][INFO ]  Fidelity: 0.7807834052191329
2019-02-28 16:11:43,393 [MainThread  ][INFO ]  ---- Starting iteration 8/100
2019-02-28 16:11:43,394 [MainThread  ][DEBUG]  Setting hyperparameter tf=0.37575757575757573
2019-02-28 16:11:43,394 [MainThread  ][INFO ]  Starting optimization for tf=0.37575757575757573
2019-02-28 16:11:43,394 [MainThread  ][DEBUG]  Optimization method: Powell
2019-02-28 16:11:43,394 [MainThread  ][DEBUG]  Optimization options: None
2019-02-28 16:11:43,394 [MainThread  ][INFO ]  Initial parameter values: [ 6.69145838  0.18787879  9.50444804  7.54038035]
2019-02-28 16:14:33,453 [MainThread  ][INFO ]  Final fidelity: 0.7852804618231967
2019-02-28 16:14:33,457 [MainThread  ][INFO ]  Final parameters: [ 8.12872795  0.12051162 -1.47026596  0.86062647]
2019-02-28 16:14:33,457 [MainThread  ][INFO ]  Fidelity: 0.7852804618231967
2019-02-28 16:14:33,457 [MainThread  ][INFO ]  ---- Starting iteration 9/100
2019-02-28 16:14:33,457 [MainThread  ][DEBUG]  Setting hyperparameter tf=0.41515151515151516
2019-02-28 16:14:33,457 [MainThread  ][INFO ]  Starting optimization for tf=0.41515151515151516
2019-02-28 16:14:33,457 [MainThread  ][DEBUG]  Optimization method: Powell
2019-02-28 16:14:33,458 [MainThread  ][DEBUG]  Optimization options: None
2019-02-28 16:14:33,458 [MainThread  ][INFO ]  Initial parameter values: [ 9.18922623  0.20757576  4.43879957  0.43654294]
2019-02-28 16:17:57,692 [MainThread  ][INFO ]  Final fidelity: 0.7877330592808142
2019-02-28 16:17:57,694 [MainThread  ][INFO ]  Final parameters: [ 6.73592783  0.17234592 -0.26854153  0.13002536]
2019-02-28 16:17:57,694 [MainThread  ][INFO ]  Fidelity: 0.7877330592808142
2019-02-28 16:17:57,695 [MainThread  ][INFO ]  ---- Starting iteration 10/100
2019-02-28 16:17:57,695 [MainThread  ][DEBUG]  Setting hyperparameter tf=0.4545454545454545
2019-02-28 16:17:57,695 [MainThread  ][INFO ]  Starting optimization for tf=0.4545454545454545
2019-02-28 16:17:57,695 [MainThread  ][DEBUG]  Optimization method: Powell
2019-02-28 16:17:57,695 [MainThread  ][DEBUG]  Optimization options: None
2019-02-28 16:17:57,695 [MainThread  ][INFO ]  Initial parameter values: [ 2.3441973   0.22727273  8.24321015  3.93163269]
2019-02-28 16:20:08,802 [MainThread  ][INFO ]  Final fidelity: 0.7763317688000038
2019-02-28 16:20:08,824 [MainThread  ][INFO ]  Final parameters: [ 3.63036965  0.45164983 -9.99921859 -9.87885738]
2019-02-28 16:20:08,824 [MainThread  ][INFO ]  Fidelity: 0.7763317688000038
2019-02-28 16:20:08,824 [MainThread  ][INFO ]  ---- Starting iteration 11/100
2019-02-28 16:20:08,824 [MainThread  ][DEBUG]  Setting hyperparameter tf=0.4939393939393939
2019-02-28 16:20:08,824 [MainThread  ][INFO ]  Starting optimization for tf=0.4939393939393939
2019-02-28 16:20:08,824 [MainThread  ][DEBUG]  Optimization method: Powell
2019-02-28 16:20:08,824 [MainThread  ][DEBUG]  Optimization options: None
2019-02-28 16:20:08,825 [MainThread  ][INFO ]  Initial parameter values: [ 3.70525337  0.2469697   1.17695065  0.09718485]
2019-02-28 16:22:06,963 [MainThread  ][INFO ]  Final fidelity: 0.8004291235923956
2019-02-28 16:22:06,966 [MainThread  ][INFO ]  Final parameters: [ 7.57974998  0.17909769 -1.24181653  0.76349799]
2019-02-28 16:22:06,966 [MainThread  ][INFO ]  Fidelity: 0.8004291235923956
2019-02-28 16:22:06,966 [MainThread  ][INFO ]  ---- Starting iteration 12/100
2019-02-28 16:22:06,967 [MainThread  ][DEBUG]  Setting hyperparameter tf=0.5333333333333333
2019-02-28 16:22:06,967 [MainThread  ][INFO ]  Starting optimization for tf=0.5333333333333333
2019-02-28 16:22:06,967 [MainThread  ][DEBUG]  Optimization method: Powell
2019-02-28 16:22:06,967 [MainThread  ][DEBUG]  Optimization options: None
2019-02-28 16:22:06,967 [MainThread  ][INFO ]  Initial parameter values: [ 7.88892162  0.26666667  0.603757    1.5083618 ]
2019-02-28 16:27:14,860 [MainThread  ][INFO ]  Final fidelity: 0.8130118039413179
2019-02-28 16:27:14,861 [MainThread  ][INFO ]  Final parameters: [ 9.99999976  0.1077173   1.54107593 -0.35289009]
2019-02-28 16:27:14,861 [MainThread  ][INFO ]  Fidelity: 0.8130118039413179
2019-02-28 16:27:14,862 [MainThread  ][INFO ]  ---- Starting iteration 13/100
2019-02-28 16:27:14,862 [MainThread  ][DEBUG]  Setting hyperparameter tf=0.5727272727272726
2019-02-28 16:27:14,862 [MainThread  ][INFO ]  Starting optimization for tf=0.5727272727272726
2019-02-28 16:27:14,862 [MainThread  ][DEBUG]  Optimization method: Powell
2019-02-28 16:27:14,862 [MainThread  ][DEBUG]  Optimization options: None
2019-02-28 16:27:14,862 [MainThread  ][INFO ]  Initial parameter values: [ 9.59054673  0.28636364  4.89806817  5.08152033]
2019-02-28 16:30:06,307 [MainThread  ][INFO ]  Final fidelity: 0.8168939844026718
2019-02-28 16:30:06,307 [MainThread  ][INFO ]  Final parameters: [ 8.27698839  0.18597704  0.4077712  -0.16632319]
2019-02-28 16:30:06,308 [MainThread  ][INFO ]  Fidelity: 0.8168939844026718
2019-02-28 16:30:06,308 [MainThread  ][INFO ]  ---- Starting iteration 14/100
2019-02-28 16:30:06,308 [MainThread  ][DEBUG]  Setting hyperparameter tf=0.6121212121212121
2019-02-28 16:30:06,308 [MainThread  ][INFO ]  Starting optimization for tf=0.6121212121212121
2019-02-28 16:30:06,308 [MainThread  ][DEBUG]  Optimization method: Powell
2019-02-28 16:30:06,308 [MainThread  ][DEBUG]  Optimization options: None
2019-02-28 16:30:06,308 [MainThread  ][INFO ]  Initial parameter values: [ 8.31400283  0.30606061  3.25097434  8.09239692]
2019-02-28 16:33:28,343 [MainThread  ][INFO ]  Final fidelity: 0.8244678614993539
2019-02-28 16:33:28,346 [MainThread  ][INFO ]  Final parameters: [ 8.02351688  0.17594133 -1.4489087   0.58787829]
2019-02-28 16:33:28,346 [MainThread  ][INFO ]  Fidelity: 0.8244678614993539
2019-02-28 16:33:28,346 [MainThread  ][INFO ]  ---- Starting iteration 15/100
2019-02-28 16:33:28,346 [MainThread  ][DEBUG]  Setting hyperparameter tf=0.6515151515151515
2019-02-28 16:33:28,346 [MainThread  ][INFO ]  Starting optimization for tf=0.6515151515151515
2019-02-28 16:33:28,346 [MainThread  ][DEBUG]  Optimization method: Powell
2019-02-28 16:33:28,346 [MainThread  ][DEBUG]  Optimization options: None
2019-02-28 16:33:28,347 [MainThread  ][INFO ]  Initial parameter values: [ 0.38839192  0.32575758  4.52642733  3.30970867]
2019-02-28 16:36:30,052 [MainThread  ][INFO ]  Final fidelity: 0.8341449787142222
2019-02-28 16:36:30,059 [MainThread  ][INFO ]  Final parameters: [ 9.99999998  0.10691548  3.95604718 -0.88578884]
2019-02-28 16:36:30,059 [MainThread  ][INFO ]  Fidelity: 0.8341449787142222
2019-02-28 16:36:30,059 [MainThread  ][INFO ]  ---- Starting iteration 16/100
2019-02-28 16:36:30,059 [MainThread  ][DEBUG]  Setting hyperparameter tf=0.6909090909090908
2019-02-28 16:36:30,060 [MainThread  ][INFO ]  Starting optimization for tf=0.6909090909090908
2019-02-28 16:36:30,060 [MainThread  ][DEBUG]  Optimization method: Powell
2019-02-28 16:36:30,060 [MainThread  ][DEBUG]  Optimization options: None
2019-02-28 16:36:30,060 [MainThread  ][INFO ]  Initial parameter values: [ 0.09898909  0.34545455  9.19540624  6.97674009]
2019-02-28 16:38:47,168 [MainThread  ][INFO ]  Final fidelity: 0.831842526571495
2019-02-28 16:38:47,169 [MainThread  ][INFO ]  Final parameters: [-4.85584404  0.0224506  -8.68337403  2.32260713]
2019-02-28 16:38:47,170 [MainThread  ][INFO ]  Fidelity: 0.831842526571495
2019-02-28 16:38:47,170 [MainThread  ][INFO ]  ---- Starting iteration 17/100
2019-02-28 16:38:47,170 [MainThread  ][DEBUG]  Setting hyperparameter tf=0.7303030303030302
2019-02-28 16:38:47,170 [MainThread  ][INFO ]  Starting optimization for tf=0.7303030303030302
2019-02-28 16:38:47,170 [MainThread  ][DEBUG]  Optimization method: Powell
2019-02-28 16:38:47,170 [MainThread  ][DEBUG]  Optimization options: None
2019-02-28 16:38:47,171 [MainThread  ][INFO ]  Initial parameter values: [ 6.00625664  0.36515152  8.96140696  0.40569087]
2019-02-28 16:41:19,130 [MainThread  ][INFO ]  Final fidelity: 0.8349890744877833
2019-02-28 16:41:19,131 [MainThread  ][INFO ]  Final parameters: [ 1.94205733  0.02189512  8.5541143  -1.81200758]
2019-02-28 16:41:19,131 [MainThread  ][INFO ]  Fidelity: 0.8349890744877833
2019-02-28 16:41:19,132 [MainThread  ][INFO ]  ---- Starting iteration 18/100
2019-02-28 16:41:19,132 [MainThread  ][DEBUG]  Setting hyperparameter tf=0.7696969696969697
2019-02-28 16:41:19,132 [MainThread  ][INFO ]  Starting optimization for tf=0.7696969696969697
2019-02-28 16:41:19,132 [MainThread  ][DEBUG]  Optimization method: Powell
2019-02-28 16:41:19,132 [MainThread  ][DEBUG]  Optimization options: None
2019-02-28 16:41:19,132 [MainThread  ][INFO ]  Initial parameter values: [ 4.35525948  0.38484848  4.98609077  9.0624342 ]
2019-02-28 16:43:06,026 [MainThread  ][INFO ]  Final fidelity: 0.7990616242013934
2019-02-28 16:43:06,040 [MainThread  ][INFO ]  Final parameters: [ 3.65144658  0.75825506 -3.85127213  5.28476782]
2019-02-28 16:43:06,040 [MainThread  ][INFO ]  Fidelity: 0.7990616242013934
2019-02-28 16:43:06,040 [MainThread  ][INFO ]  ---- Starting iteration 19/100
2019-02-28 16:43:06,040 [MainThread  ][DEBUG]  Setting hyperparameter tf=0.809090909090909
2019-02-28 16:43:06,040 [MainThread  ][INFO ]  Starting optimization for tf=0.809090909090909
2019-02-28 16:43:06,040 [MainThread  ][DEBUG]  Optimization method: Powell
2019-02-28 16:43:06,040 [MainThread  ][DEBUG]  Optimization options: None
2019-02-28 16:43:06,041 [MainThread  ][INFO ]  Initial parameter values: [ 5.96481048  0.40454545  9.86423834  1.73872   ]
2019-02-28 16:45:54,811 [MainThread  ][INFO ]  Final fidelity: 0.8487589222315307
2019-02-28 16:45:54,812 [MainThread  ][INFO ]  Final parameters: [ 2.57582453  0.03403867  8.65306142 -1.76818512]
2019-02-28 16:45:54,812 [MainThread  ][INFO ]  Fidelity: 0.8487589222315307
2019-02-28 16:45:54,812 [MainThread  ][INFO ]  ---- Starting iteration 20/100
2019-02-28 16:45:54,812 [MainThread  ][DEBUG]  Setting hyperparameter tf=0.8484848484848484
2019-02-28 16:45:54,812 [MainThread  ][INFO ]  Starting optimization for tf=0.8484848484848484
2019-02-28 16:45:54,812 [MainThread  ][DEBUG]  Optimization method: Powell
2019-02-28 16:45:54,812 [MainThread  ][DEBUG]  Optimization options: None
2019-02-28 16:45:54,813 [MainThread  ][INFO ]  Initial parameter values: [ 9.65294165  0.42424242  4.98512661  9.0716171 ]
2019-02-28 16:52:41,395 [MainThread  ][INFO ]  Final fidelity: 0.8792588556645862
2019-02-28 16:52:41,396 [MainThread  ][INFO ]  Final parameters: [ 8.23446637  0.2891778   0.18998363 -0.09540563]
2019-02-28 16:52:41,396 [MainThread  ][INFO ]  Fidelity: 0.8792588556645862
2019-02-28 16:52:41,396 [MainThread  ][INFO ]  ---- Starting iteration 21/100
2019-02-28 16:52:41,396 [MainThread  ][DEBUG]  Setting hyperparameter tf=0.8878787878787878
2019-02-28 16:52:41,396 [MainThread  ][INFO ]  Starting optimization for tf=0.8878787878787878
2019-02-28 16:52:41,396 [MainThread  ][DEBUG]  Optimization method: Powell
2019-02-28 16:52:41,396 [MainThread  ][DEBUG]  Optimization options: None
2019-02-28 16:52:41,397 [MainThread  ][INFO ]  Initial parameter values: [ 0.39911762  0.44393939  6.05452475  5.28667664]
2019-02-28 16:55:24,731 [MainThread  ][INFO ]  Final fidelity: 0.8691285995543803
2019-02-28 16:55:24,732 [MainThread  ][INFO ]  Final parameters: [ 6.44732577  0.43990074  0.44041469 -0.24155666]
2019-02-28 16:55:24,732 [MainThread  ][INFO ]  Fidelity: 0.8691285995543803
2019-02-28 16:55:24,732 [MainThread  ][INFO ]  ---- Starting iteration 22/100
2019-02-28 16:55:24,732 [MainThread  ][DEBUG]  Setting hyperparameter tf=0.9272727272727271
2019-02-28 16:55:24,732 [MainThread  ][INFO ]  Starting optimization for tf=0.9272727272727271
2019-02-28 16:55:24,732 [MainThread  ][DEBUG]  Optimization method: Powell
2019-02-28 16:55:24,732 [MainThread  ][DEBUG]  Optimization options: None
2019-02-28 16:55:24,733 [MainThread  ][INFO ]  Initial parameter values: [ 1.87428687  0.46363636  4.48535207  0.53771556]
2019-02-28 16:59:31,156 [MainThread  ][INFO ]  Final fidelity: 0.9039815255580299
2019-02-28 16:59:31,158 [MainThread  ][INFO ]  Final parameters: [ 8.76944795  0.29878653 -0.29195362  0.20630557]
2019-02-28 16:59:31,158 [MainThread  ][INFO ]  Fidelity: 0.9039815255580299
2019-02-28 16:59:31,159 [MainThread  ][INFO ]  ---- Starting iteration 23/100
2019-02-28 16:59:31,159 [MainThread  ][DEBUG]  Setting hyperparameter tf=0.9666666666666666
2019-02-28 16:59:31,159 [MainThread  ][INFO ]  Starting optimization for tf=0.9666666666666666
2019-02-28 16:59:31,159 [MainThread  ][DEBUG]  Optimization method: Powell
2019-02-28 16:59:31,159 [MainThread  ][DEBUG]  Optimization options: None
2019-02-28 16:59:31,159 [MainThread  ][INFO ]  Initial parameter values: [ 3.03338561  0.48333333  2.14631685  5.75385928]
2019-02-28 17:02:00,690 [MainThread  ][INFO ]  Final fidelity: 0.878897230034486
2019-02-28 17:02:00,691 [MainThread  ][INFO ]  Final parameters: [ 6.01219487  0.53016256  0.38300626 -0.25537036]
2019-02-28 17:02:00,691 [MainThread  ][INFO ]  Fidelity: 0.878897230034486
2019-02-28 17:02:00,691 [MainThread  ][INFO ]  ---- Starting iteration 24/100
2019-02-28 17:02:00,691 [MainThread  ][DEBUG]  Setting hyperparameter tf=1.006060606060606
2019-02-28 17:02:00,691 [MainThread  ][INFO ]  Starting optimization for tf=1.006060606060606
2019-02-28 17:02:00,691 [MainThread  ][DEBUG]  Optimization method: Powell
2019-02-28 17:02:00,691 [MainThread  ][DEBUG]  Optimization options: None
2019-02-28 17:02:00,692 [MainThread  ][INFO ]  Initial parameter values: [ 3.57338367  0.5030303   1.82601074  6.87050423]
2019-02-28 17:03:51,817 [MainThread  ][INFO ]  Final fidelity: 0.8231887270749606
2019-02-28 17:03:51,826 [MainThread  ][INFO ]  Final parameters: [ 3.72414262  1.00295811 -9.99981016 -9.99995165]
2019-02-28 17:03:51,826 [MainThread  ][INFO ]  Fidelity: 0.8231887270749606
2019-02-28 17:03:51,826 [MainThread  ][INFO ]  ---- Starting iteration 25/100
2019-02-28 17:03:51,827 [MainThread  ][DEBUG]  Setting hyperparameter tf=1.0454545454545454
2019-02-28 17:03:51,827 [MainThread  ][INFO ]  Starting optimization for tf=1.0454545454545454
2019-02-28 17:03:51,827 [MainThread  ][DEBUG]  Optimization method: Powell
2019-02-28 17:03:51,827 [MainThread  ][DEBUG]  Optimization options: None
2019-02-28 17:03:51,827 [MainThread  ][INFO ]  Initial parameter values: [ 2.9352255   0.52272727  6.58653882  0.50070598]
2019-02-28 17:07:54,772 [MainThread  ][INFO ]  Final fidelity: 0.9115152678892962
2019-02-28 17:07:54,785 [MainThread  ][INFO ]  Final parameters: [ 9.99999999  0.1174187   6.07066153 -0.51597772]
2019-02-28 17:07:54,785 [MainThread  ][INFO ]  Fidelity: 0.9115152678892962
2019-02-28 17:07:54,786 [MainThread  ][INFO ]  ---- Starting iteration 26/100
2019-02-28 17:07:54,786 [MainThread  ][DEBUG]  Setting hyperparameter tf=1.0848484848484847
2019-02-28 17:07:54,786 [MainThread  ][INFO ]  Starting optimization for tf=1.0848484848484847
2019-02-28 17:07:54,786 [MainThread  ][DEBUG]  Optimization method: Powell
2019-02-28 17:07:54,786 [MainThread  ][DEBUG]  Optimization options: None
2019-02-28 17:07:54,786 [MainThread  ][INFO ]  Initial parameter values: [ 5.53772097  0.54242424  8.9078731   8.38991329]
2019-02-28 17:10:40,450 [MainThread  ][INFO ]  Final fidelity: 0.8980147853906744
2019-02-28 17:10:40,464 [MainThread  ][INFO ]  Final parameters: [ 5.73807342  0.64409107  0.57011002 -0.40054094]
2019-02-28 17:10:40,464 [MainThread  ][INFO ]  Fidelity: 0.8980147853906744
2019-02-28 17:10:40,464 [MainThread  ][INFO ]  ---- Starting iteration 27/100
2019-02-28 17:10:40,464 [MainThread  ][DEBUG]  Setting hyperparameter tf=1.1242424242424243
2019-02-28 17:10:40,464 [MainThread  ][INFO ]  Starting optimization for tf=1.1242424242424243
2019-02-28 17:10:40,464 [MainThread  ][DEBUG]  Optimization method: Powell
2019-02-28 17:10:40,464 [MainThread  ][DEBUG]  Optimization options: None
2019-02-28 17:10:40,465 [MainThread  ][INFO ]  Initial parameter values: [ 0.28418183  0.56212121  8.56660335  5.82413645]
2019-02-28 17:16:11,677 [MainThread  ][INFO ]  Final fidelity: 0.9579768140302248
2019-02-28 17:16:11,683 [MainThread  ][INFO ]  Final parameters: [  9.03473874e+00   3.67279705e-01   5.26082887e-02   1.12146532e-03]
2019-02-28 17:16:11,683 [MainThread  ][INFO ]  Fidelity: 0.9579768140302248
2019-02-28 17:16:11,684 [MainThread  ][INFO ]  ---- Starting iteration 28/100
2019-02-28 17:16:11,684 [MainThread  ][DEBUG]  Setting hyperparameter tf=1.1636363636363636
2019-02-28 17:16:11,684 [MainThread  ][INFO ]  Starting optimization for tf=1.1636363636363636
2019-02-28 17:16:11,684 [MainThread  ][DEBUG]  Optimization method: Powell
2019-02-28 17:16:11,684 [MainThread  ][DEBUG]  Optimization options: None
2019-02-28 17:16:11,684 [MainThread  ][INFO ]  Initial parameter values: [ 1.58910389  0.58181818  6.1904429   5.65905506]
2019-02-28 17:24:37,809 [MainThread  ][INFO ]  Final fidelity: 0.9625102342926862
2019-02-28 17:24:37,810 [MainThread  ][INFO ]  Final parameters: [ 8.51092808  0.4140571  -0.08276568  0.06794772]
2019-02-28 17:24:37,810 [MainThread  ][INFO ]  Fidelity: 0.9625102342926862
2019-02-28 17:24:37,810 [MainThread  ][INFO ]  ---- Starting iteration 29/100
2019-02-28 17:24:37,811 [MainThread  ][DEBUG]  Setting hyperparameter tf=1.2030303030303031
2019-02-28 17:24:37,811 [MainThread  ][INFO ]  Starting optimization for tf=1.2030303030303031
2019-02-28 17:24:37,811 [MainThread  ][DEBUG]  Optimization method: Powell
2019-02-28 17:24:37,811 [MainThread  ][DEBUG]  Optimization options: None
2019-02-28 17:24:37,811 [MainThread  ][INFO ]  Initial parameter values: [ 5.85886713  0.60151515  5.39207326  6.40775121]
2019-02-28 17:32:08,528 [MainThread  ][INFO ]  Final fidelity: 0.9669528840727923
2019-02-28 17:32:08,542 [MainThread  ][INFO ]  Final parameters: [ 8.26588624  0.44815575  0.80111643 -0.54766712]
2019-02-28 17:32:08,542 [MainThread  ][INFO ]  Fidelity: 0.9669528840727923
2019-02-28 17:32:08,542 [MainThread  ][INFO ]  ---- Starting iteration 30/100
2019-02-28 17:32:08,543 [MainThread  ][DEBUG]  Setting hyperparameter tf=1.2424242424242424
2019-02-28 17:32:08,543 [MainThread  ][INFO ]  Starting optimization for tf=1.2424242424242424
2019-02-28 17:32:08,543 [MainThread  ][DEBUG]  Optimization method: Powell
2019-02-28 17:32:08,543 [MainThread  ][DEBUG]  Optimization options: None
2019-02-28 17:32:08,543 [MainThread  ][INFO ]  Initial parameter values: [ 1.99229446  0.62121212  2.39085328  1.20140488]
2019-02-28 17:37:55,279 [MainThread  ][INFO ]  Final fidelity: 0.9857005428683489
2019-02-28 17:37:55,296 [MainThread  ][INFO ]  Final parameters: [ 9.94951589  0.36299309 -0.19748508  0.18636145]
2019-02-28 17:37:55,296 [MainThread  ][INFO ]  Fidelity: 0.9857005428683489
2019-02-28 17:37:55,296 [MainThread  ][INFO ]  ---- Starting iteration 31/100
2019-02-28 17:37:55,296 [MainThread  ][DEBUG]  Setting hyperparameter tf=1.2818181818181817
2019-02-28 17:37:55,296 [MainThread  ][INFO ]  Starting optimization for tf=1.2818181818181817
2019-02-28 17:37:55,296 [MainThread  ][DEBUG]  Optimization method: Powell
2019-02-28 17:37:55,296 [MainThread  ][DEBUG]  Optimization options: None
2019-02-28 17:37:55,297 [MainThread  ][INFO ]  Initial parameter values: [ 3.24927774  0.64090909  2.4614114   0.97705165]
2019-02-28 17:41:26,880 [MainThread  ][INFO ]  Final fidelity: 0.9779250239335688
2019-02-28 17:41:26,892 [MainThread  ][INFO ]  Final parameters: [ 7.74710492  0.53297751  0.16289677 -0.07156364]
2019-02-28 17:41:26,892 [MainThread  ][INFO ]  Fidelity: 0.9779250239335688
2019-02-28 17:41:26,892 [MainThread  ][INFO ]  ---- Starting iteration 32/100
2019-02-28 17:41:26,892 [MainThread  ][DEBUG]  Setting hyperparameter tf=1.3212121212121213
2019-02-28 17:41:26,892 [MainThread  ][INFO ]  Starting optimization for tf=1.3212121212121213
2019-02-28 17:41:26,892 [MainThread  ][DEBUG]  Optimization method: Powell
2019-02-28 17:41:26,892 [MainThread  ][DEBUG]  Optimization options: None
2019-02-28 17:41:26,893 [MainThread  ][INFO ]  Initial parameter values: [ 9.24615343  0.66060606  4.9587797   0.93196137]
2019-02-28 17:45:47,993 [MainThread  ][INFO ]  Final fidelity: 0.9879374306715827
2019-02-28 17:45:48,018 [MainThread  ][INFO ]  Final parameters: [ 8.3609171   0.50258972  0.59103484 -0.40418678]
2019-02-28 17:45:48,018 [MainThread  ][INFO ]  Fidelity: 0.9879374306715827
2019-02-28 17:45:48,018 [MainThread  ][INFO ]  ---- Starting iteration 33/100
2019-02-28 17:45:48,018 [MainThread  ][DEBUG]  Setting hyperparameter tf=1.3606060606060606
2019-02-28 17:45:48,018 [MainThread  ][INFO ]  Starting optimization for tf=1.3606060606060606
2019-02-28 17:45:48,018 [MainThread  ][DEBUG]  Optimization method: Powell
2019-02-28 17:45:48,018 [MainThread  ][DEBUG]  Optimization options: None
2019-02-28 17:45:48,019 [MainThread  ][INFO ]  Initial parameter values: [ 3.41302649  0.68030303  4.9796136   8.36841434]
2019-02-28 17:48:26,557 [MainThread  ][INFO ]  Final fidelity: 0.8611752392120926
2019-02-28 17:48:26,559 [MainThread  ][INFO ]  Final parameters: [ 3.79601938  1.3592157  -9.99967826 -9.99879203]
2019-02-28 17:48:26,559 [MainThread  ][INFO ]  Fidelity: 0.8611752392120926
2019-02-28 17:48:26,559 [MainThread  ][INFO ]  ---- Starting iteration 34/100
2019-02-28 17:48:26,560 [MainThread  ][DEBUG]  Setting hyperparameter tf=1.4
2019-02-28 17:48:26,560 [MainThread  ][INFO ]  Starting optimization for tf=1.4
2019-02-28 17:48:26,560 [MainThread  ][DEBUG]  Optimization method: Powell
2019-02-28 17:48:26,560 [MainThread  ][DEBUG]  Optimization options: None
2019-02-28 17:48:26,560 [MainThread  ][INFO ]  Initial parameter values: [ 8.88553161  0.7         2.46227073  8.08496186]
2019-02-28 17:54:38,784 [MainThread  ][INFO ]  Final fidelity: 0.9810021390731926
2019-02-28 17:54:38,785 [MainThread  ][INFO ]  Final parameters: [ 2.92651364  0.01198814  9.13027555 -1.32247186]
2019-02-28 17:54:38,785 [MainThread  ][INFO ]  Fidelity: 0.9810021390731926
2019-02-28 17:54:38,785 [MainThread  ][INFO ]  ---- Starting iteration 35/100
2019-02-28 17:54:38,786 [MainThread  ][DEBUG]  Setting hyperparameter tf=1.4393939393939394
2019-02-28 17:54:38,786 [MainThread  ][INFO ]  Starting optimization for tf=1.4393939393939394
2019-02-28 17:54:38,786 [MainThread  ][DEBUG]  Optimization method: Powell
2019-02-28 17:54:38,786 [MainThread  ][DEBUG]  Optimization options: None
2019-02-28 17:54:38,786 [MainThread  ][INFO ]  Initial parameter values: [ 3.99474465  0.71969697  2.97112363  3.11261235]
2019-02-28 17:58:22,596 [MainThread  ][INFO ]  Final fidelity: 0.9923661681198862
2019-02-28 17:58:22,608 [MainThread  ][INFO ]  Final parameters: [ 8.75629297  0.49773663  1.82759879  0.82137464]
2019-02-28 17:58:22,608 [MainThread  ][INFO ]  Fidelity: 0.9923661681198862
2019-02-28 17:58:22,608 [MainThread  ][INFO ]  ---- Starting iteration 36/100
2019-02-28 17:58:22,608 [MainThread  ][DEBUG]  Setting hyperparameter tf=1.4787878787878788
2019-02-28 17:58:22,608 [MainThread  ][INFO ]  Starting optimization for tf=1.4787878787878788
2019-02-28 17:58:22,608 [MainThread  ][DEBUG]  Optimization method: Powell
2019-02-28 17:58:22,608 [MainThread  ][DEBUG]  Optimization options: None
2019-02-28 17:58:22,609 [MainThread  ][INFO ]  Initial parameter values: [ 6.93049149  0.73939394  3.52762093  7.66825814]
2019-02-28 18:03:36,648 [MainThread  ][INFO ]  Final fidelity: 0.9975489213924221
2019-02-28 18:03:36,673 [MainThread  ][INFO ]  Final parameters: [-5.56474985  0.03190416 -9.95779102  3.21938763]
2019-02-28 18:03:36,673 [MainThread  ][INFO ]  Fidelity: 0.9975489213924221
2019-02-28 18:03:36,674 [MainThread  ][INFO ]  ---- Starting iteration 37/100
2019-02-28 18:03:36,674 [MainThread  ][DEBUG]  Setting hyperparameter tf=1.518181818181818
2019-02-28 18:03:36,674 [MainThread  ][INFO ]  Starting optimization for tf=1.518181818181818
2019-02-28 18:03:36,674 [MainThread  ][DEBUG]  Optimization method: Powell
2019-02-28 18:03:36,674 [MainThread  ][DEBUG]  Optimization options: None
2019-02-28 18:03:36,674 [MainThread  ][INFO ]  Initial parameter values: [ 7.12326793  0.75909091  1.86140513  7.33232538]
2019-02-28 18:11:56,396 [MainThread  ][INFO ]  Final fidelity: 0.9938701547939555
2019-02-28 18:11:56,397 [MainThread  ][INFO ]  Final parameters: [-6.74052323  0.79659598  0.34300747  0.30449347]
2019-02-28 18:11:56,397 [MainThread  ][INFO ]  Fidelity: 0.9938701547939555
2019-02-28 18:11:56,398 [MainThread  ][INFO ]  ---- Starting iteration 38/100
2019-02-28 18:11:56,398 [MainThread  ][DEBUG]  Setting hyperparameter tf=1.5575757575757576
2019-02-28 18:11:56,398 [MainThread  ][INFO ]  Starting optimization for tf=1.5575757575757576
2019-02-28 18:11:56,398 [MainThread  ][DEBUG]  Optimization method: Powell
2019-02-28 18:11:56,398 [MainThread  ][DEBUG]  Optimization options: None
2019-02-28 18:11:56,398 [MainThread  ][INFO ]  Initial parameter values: [ 0.44685252  0.77878788  0.13660945  1.17346894]
2019-02-28 18:16:37,201 [MainThread  ][INFO ]  Final fidelity: 0.9938292222393418
2019-02-28 18:16:37,202 [MainThread  ][INFO ]  Final parameters: [ 7.41939784  0.67936844  1.32798557  1.70622908]
2019-02-28 18:16:37,203 [MainThread  ][INFO ]  Fidelity: 0.9938292222393418
2019-02-28 18:16:37,203 [MainThread  ][INFO ]  ---- Starting iteration 39/100
2019-02-28 18:16:37,203 [MainThread  ][DEBUG]  Setting hyperparameter tf=1.596969696969697
2019-02-28 18:16:37,203 [MainThread  ][INFO ]  Starting optimization for tf=1.596969696969697
2019-02-28 18:16:37,203 [MainThread  ][DEBUG]  Optimization method: Powell
2019-02-28 18:16:37,203 [MainThread  ][DEBUG]  Optimization options: None
2019-02-28 18:16:37,203 [MainThread  ][INFO ]  Initial parameter values: [ 3.94613986  0.79848485  1.92395524  3.78325102]
2019-02-28 18:19:39,799 [MainThread  ][INFO ]  Final fidelity: 0.9967663178433136
2019-02-28 18:19:39,805 [MainThread  ][INFO ]  Final parameters: [ 6.87112759  0.78830605  1.00893375  1.65250417]
2019-02-28 18:19:39,805 [MainThread  ][INFO ]  Fidelity: 0.9967663178433136
2019-02-28 18:19:39,805 [MainThread  ][INFO ]  ---- Starting iteration 40/100
2019-02-28 18:19:39,805 [MainThread  ][DEBUG]  Setting hyperparameter tf=1.6363636363636362
2019-02-28 18:19:39,806 [MainThread  ][INFO ]  Starting optimization for tf=1.6363636363636362
2019-02-28 18:19:39,806 [MainThread  ][DEBUG]  Optimization method: Powell
2019-02-28 18:19:39,806 [MainThread  ][DEBUG]  Optimization options: None
2019-02-28 18:19:39,806 [MainThread  ][INFO ]  Initial parameter values: [ 1.52200367  0.81818182  4.29889033  6.02575341]
2019-02-28 18:22:01,376 [MainThread  ][INFO ]  Final fidelity: 0.8980698762612395
2019-02-28 18:22:01,409 [MainThread  ][INFO ]  Final parameters: [ 3.88963449  1.63423078 -9.56573682 -9.85193236]
2019-02-28 18:22:01,409 [MainThread  ][INFO ]  Fidelity: 0.8980698762612395
2019-02-28 18:22:01,409 [MainThread  ][INFO ]  ---- Starting iteration 41/100
2019-02-28 18:22:01,410 [MainThread  ][DEBUG]  Setting hyperparameter tf=1.6757575757575758
2019-02-28 18:22:01,410 [MainThread  ][INFO ]  Starting optimization for tf=1.6757575757575758
2019-02-28 18:22:01,410 [MainThread  ][DEBUG]  Optimization method: Powell
2019-02-28 18:22:01,410 [MainThread  ][DEBUG]  Optimization options: None
2019-02-28 18:22:01,410 [MainThread  ][INFO ]  Initial parameter values: [ 5.1003364   0.83787879  1.2705102   1.55321604]
2019-02-28 18:26:10,796 [MainThread  ][INFO ]  Final fidelity: 0.994973894955773
2019-02-28 18:26:10,797 [MainThread  ][INFO ]  Final parameters: [ 6.5581305   0.86255689  1.04111688  2.26668941]
2019-02-28 18:26:10,797 [MainThread  ][INFO ]  Fidelity: 0.994973894955773
2019-02-28 18:26:10,797 [MainThread  ][INFO ]  ---- Starting iteration 42/100
2019-02-28 18:26:10,797 [MainThread  ][DEBUG]  Setting hyperparameter tf=1.715151515151515
2019-02-28 18:26:10,798 [MainThread  ][INFO ]  Starting optimization for tf=1.715151515151515
2019-02-28 18:26:10,798 [MainThread  ][DEBUG]  Optimization method: Powell
2019-02-28 18:26:10,798 [MainThread  ][DEBUG]  Optimization options: None
2019-02-28 18:26:10,798 [MainThread  ][INFO ]  Initial parameter values: [ 3.74766991  0.85757576  4.94207754  1.75663212]
2019-02-28 18:29:57,105 [MainThread  ][INFO ]  Final fidelity: 0.9957013666382509
2019-02-28 18:29:57,120 [MainThread  ][INFO ]  Final parameters: [ 6.92025148  0.6050876   3.82972048  2.32457398]
2019-02-28 18:29:57,120 [MainThread  ][INFO ]  Fidelity: 0.9957013666382509
2019-02-28 18:29:57,120 [MainThread  ][INFO ]  ---- Starting iteration 43/100
2019-02-28 18:29:57,120 [MainThread  ][DEBUG]  Setting hyperparameter tf=1.7545454545454544
2019-02-28 18:29:57,120 [MainThread  ][INFO ]  Starting optimization for tf=1.7545454545454544
2019-02-28 18:29:57,120 [MainThread  ][DEBUG]  Optimization method: Powell
2019-02-28 18:29:57,120 [MainThread  ][DEBUG]  Optimization options: None
2019-02-28 18:29:57,121 [MainThread  ][INFO ]  Initial parameter values: [ 4.75318513  0.87727273  0.1114617   0.83080676]
2019-02-28 18:35:01,574 [MainThread  ][INFO ]  Final fidelity: 0.9947248111341005
2019-02-28 18:35:01,595 [MainThread  ][INFO ]  Final parameters: [ 6.19888409  0.88206479  3.35076947  1.63402997]
2019-02-28 18:35:01,595 [MainThread  ][INFO ]  Fidelity: 0.9947248111341005
2019-02-28 18:35:01,595 [MainThread  ][INFO ]  ---- Starting iteration 44/100
2019-02-28 18:35:01,595 [MainThread  ][DEBUG]  Setting hyperparameter tf=1.793939393939394
2019-02-28 18:35:01,595 [MainThread  ][INFO ]  Starting optimization for tf=1.793939393939394
2019-02-28 18:35:01,595 [MainThread  ][DEBUG]  Optimization method: Powell
2019-02-28 18:35:01,595 [MainThread  ][DEBUG]  Optimization options: None
2019-02-28 18:35:01,596 [MainThread  ][INFO ]  Initial parameter values: [ 6.79951301  0.8969697   7.27427033  6.23343158]
2019-02-28 18:37:57,340 [MainThread  ][INFO ]  Final fidelity: 0.9717356981966718
2019-02-28 18:37:57,342 [MainThread  ][INFO ]  Final parameters: [ 4.712442    1.47899327 -0.63505602  0.59413601]
2019-02-28 18:37:57,342 [MainThread  ][INFO ]  Fidelity: 0.9717356981966718
2019-02-28 18:37:57,342 [MainThread  ][INFO ]  ---- Starting iteration 45/100
2019-02-28 18:37:57,342 [MainThread  ][DEBUG]  Setting hyperparameter tf=1.8333333333333333
2019-02-28 18:37:57,343 [MainThread  ][INFO ]  Starting optimization for tf=1.8333333333333333
2019-02-28 18:37:57,343 [MainThread  ][DEBUG]  Optimization method: Powell
2019-02-28 18:37:57,343 [MainThread  ][DEBUG]  Optimization options: None
2019-02-28 18:37:57,343 [MainThread  ][INFO ]  Initial parameter values: [ 1.77121897  0.91666667  5.73831352  8.45376808]
2019-02-28 18:40:47,698 [MainThread  ][INFO ]  Final fidelity: 0.995455117655668
2019-02-28 18:40:47,708 [MainThread  ][INFO ]  Final parameters: [ 5.29119757  1.33402747  0.26684865 -0.21029757]
2019-02-28 18:40:47,708 [MainThread  ][INFO ]  Fidelity: 0.995455117655668
2019-02-28 18:40:47,708 [MainThread  ][INFO ]  ---- Starting iteration 46/100
2019-02-28 18:40:47,708 [MainThread  ][DEBUG]  Setting hyperparameter tf=1.8727272727272726
2019-02-28 18:40:47,708 [MainThread  ][INFO ]  Starting optimization for tf=1.8727272727272726
2019-02-28 18:40:47,708 [MainThread  ][DEBUG]  Optimization method: Powell
2019-02-28 18:40:47,708 [MainThread  ][DEBUG]  Optimization options: None
2019-02-28 18:40:47,709 [MainThread  ][INFO ]  Initial parameter values: [ 1.12884497  0.93636364  8.53746681  0.9216059 ]
2019-02-28 18:45:04,144 [MainThread  ][INFO ]  Final fidelity: 0.9960113856738144
2019-02-28 18:45:04,156 [MainThread  ][INFO ]  Final parameters: [ 2.84372375  0.16573214  7.44896123  1.38311218]
2019-02-28 18:45:04,156 [MainThread  ][INFO ]  Fidelity: 0.9960113856738144
2019-02-28 18:45:04,156 [MainThread  ][INFO ]  ---- Starting iteration 47/100
2019-02-28 18:45:04,156 [MainThread  ][DEBUG]  Setting hyperparameter tf=1.912121212121212
2019-02-28 18:45:04,156 [MainThread  ][INFO ]  Starting optimization for tf=1.912121212121212
2019-02-28 18:45:04,156 [MainThread  ][DEBUG]  Optimization method: Powell
2019-02-28 18:45:04,156 [MainThread  ][DEBUG]  Optimization options: None
2019-02-28 18:45:04,157 [MainThread  ][INFO ]  Initial parameter values: [ 3.1359388   0.95606061  6.02638779  8.25070975]
2019-02-28 18:46:39,081 [MainThread  ][INFO ]  Final fidelity: 0.9265520938106968
2019-02-28 18:46:39,082 [MainThread  ][INFO ]  Final parameters: [ 3.99643561  1.9114764  -9.99968669 -9.99840885]
2019-02-28 18:46:39,082 [MainThread  ][INFO ]  Fidelity: 0.9265520938106968
2019-02-28 18:46:39,082 [MainThread  ][INFO ]  ---- Starting iteration 48/100
2019-02-28 18:46:39,082 [MainThread  ][DEBUG]  Setting hyperparameter tf=1.9515151515151514
2019-02-28 18:46:39,082 [MainThread  ][INFO ]  Starting optimization for tf=1.9515151515151514
2019-02-28 18:46:39,082 [MainThread  ][DEBUG]  Optimization method: Powell
2019-02-28 18:46:39,082 [MainThread  ][DEBUG]  Optimization options: None
2019-02-28 18:46:39,082 [MainThread  ][INFO ]  Initial parameter values: [ 7.55347187  0.97575758  8.28069275  3.88284927]
2019-02-28 18:53:18,201 [MainThread  ][INFO ]  Final fidelity: 0.9981481390898594
2019-02-28 18:53:18,202 [MainThread  ][INFO ]  Final parameters: [ 5.29403207  1.3924701   2.06456428  0.82911593]
2019-02-28 18:53:18,202 [MainThread  ][INFO ]  Fidelity: 0.9981481390898594
2019-02-28 18:53:18,203 [MainThread  ][INFO ]  ---- Starting iteration 49/100
2019-02-28 18:53:18,203 [MainThread  ][DEBUG]  Setting hyperparameter tf=1.9909090909090907
2019-02-28 18:53:18,203 [MainThread  ][INFO ]  Starting optimization for tf=1.9909090909090907
2019-02-28 18:53:18,203 [MainThread  ][DEBUG]  Optimization method: Powell
2019-02-28 18:53:18,203 [MainThread  ][DEBUG]  Optimization options: None
2019-02-28 18:53:18,204 [MainThread  ][INFO ]  Initial parameter values: [ 8.35095157  0.99545455  9.87862576  4.30067343]
2019-02-28 18:55:30,987 [MainThread  ][INFO ]  Final fidelity: 0.9810001817025236
2019-02-28 18:55:30,999 [MainThread  ][INFO ]  Final parameters: [ 4.57382662  1.73572295 -0.50941999  0.46441875]
2019-02-28 18:55:31,000 [MainThread  ][INFO ]  Fidelity: 0.9810001817025236
2019-02-28 18:55:31,000 [MainThread  ][INFO ]  ---- Starting iteration 50/100
2019-02-28 18:55:31,000 [MainThread  ][DEBUG]  Setting hyperparameter tf=2.0303030303030303
2019-02-28 18:55:31,000 [MainThread  ][INFO ]  Starting optimization for tf=2.0303030303030303
2019-02-28 18:55:31,000 [MainThread  ][DEBUG]  Optimization method: Powell
2019-02-28 18:55:31,000 [MainThread  ][DEBUG]  Optimization options: None
2019-02-28 18:55:31,000 [MainThread  ][INFO ]  Initial parameter values: [ 5.57564178  1.01515152  1.88624512  1.24084764]
2019-02-28 19:00:22,214 [MainThread  ][INFO ]  Final fidelity: 0.9972076521860214
2019-02-28 19:00:22,215 [MainThread  ][INFO ]  Final parameters: [ 5.43536616  1.22893988  2.11564296  3.42701956]
2019-02-28 19:00:22,215 [MainThread  ][INFO ]  Fidelity: 0.9972076521860214
2019-02-28 19:00:22,215 [MainThread  ][INFO ]  ---- Starting iteration 51/100
2019-02-28 19:00:22,215 [MainThread  ][DEBUG]  Setting hyperparameter tf=2.0696969696969694
2019-02-28 19:00:22,215 [MainThread  ][INFO ]  Starting optimization for tf=2.0696969696969694
2019-02-28 19:00:22,215 [MainThread  ][DEBUG]  Optimization method: Powell
2019-02-28 19:00:22,215 [MainThread  ][DEBUG]  Optimization options: None
2019-02-28 19:00:22,216 [MainThread  ][INFO ]  Initial parameter values: [ 5.57524672  1.03484848  4.84884601  5.00292021]
2019-02-28 19:05:12,147 [MainThread  ][INFO ]  Final fidelity: 0.9462850479652543
2019-02-28 19:05:12,159 [MainThread  ][INFO ]  Final parameters: [ 4.07073807  2.05350167  2.45082587  2.17978175]
2019-02-28 19:05:12,160 [MainThread  ][INFO ]  Fidelity: 0.9462850479652543
2019-02-28 19:05:12,160 [MainThread  ][INFO ]  ---- Starting iteration 52/100
2019-02-28 19:05:12,160 [MainThread  ][DEBUG]  Setting hyperparameter tf=2.109090909090909
2019-02-28 19:05:12,160 [MainThread  ][INFO ]  Starting optimization for tf=2.109090909090909
2019-02-28 19:05:12,160 [MainThread  ][DEBUG]  Optimization method: Powell
2019-02-28 19:05:12,160 [MainThread  ][DEBUG]  Optimization options: None
2019-02-28 19:05:12,160 [MainThread  ][INFO ]  Initial parameter values: [ 0.17123675  1.05454545  7.55276571  6.13594561]
2019-02-28 19:10:51,619 [MainThread  ][INFO ]  Final fidelity: 0.9972551683710781
2019-02-28 19:10:51,636 [MainThread  ][INFO ]  Final parameters: [ 5.0266902   1.60713872  0.82974391  2.55144562]
2019-02-28 19:10:51,636 [MainThread  ][INFO ]  Fidelity: 0.9972551683710781
2019-02-28 19:10:51,636 [MainThread  ][INFO ]  ---- Starting iteration 53/100
2019-02-28 19:10:51,636 [MainThread  ][DEBUG]  Setting hyperparameter tf=2.1484848484848484
2019-02-28 19:10:51,636 [MainThread  ][INFO ]  Starting optimization for tf=2.1484848484848484
2019-02-28 19:10:51,636 [MainThread  ][DEBUG]  Optimization method: Powell
2019-02-28 19:10:51,636 [MainThread  ][DEBUG]  Optimization options: None
2019-02-28 19:10:51,637 [MainThread  ][INFO ]  Initial parameter values: [ 8.86323108  1.07424242  2.32354903  8.69793812]
2019-02-28 19:15:33,962 [MainThread  ][INFO ]  Final fidelity: 0.9952937679218358
2019-02-28 19:15:33,984 [MainThread  ][INFO ]  Final parameters: [ 4.70603167  1.83779156 -0.28502487  0.26354426]
2019-02-28 19:15:33,984 [MainThread  ][INFO ]  Fidelity: 0.9952937679218358
2019-02-28 19:15:33,984 [MainThread  ][INFO ]  ---- Starting iteration 54/100
2019-02-28 19:15:33,985 [MainThread  ][DEBUG]  Setting hyperparameter tf=2.187878787878788
2019-02-28 19:15:33,985 [MainThread  ][INFO ]  Starting optimization for tf=2.187878787878788
2019-02-28 19:15:33,985 [MainThread  ][DEBUG]  Optimization method: Powell
2019-02-28 19:15:33,985 [MainThread  ][DEBUG]  Optimization options: None
2019-02-28 19:15:33,985 [MainThread  ][INFO ]  Initial parameter values: [ 5.15979467  1.09393939  1.92573648  9.12971042]
2019-02-28 19:17:59,261 [MainThread  ][INFO ]  Final fidelity: 0.9574552704783411
2019-02-28 19:17:59,262 [MainThread  ][INFO ]  Final parameters: [ 4.12298224  2.18268173 -8.25711944  5.75346668]
2019-02-28 19:17:59,262 [MainThread  ][INFO ]  Fidelity: 0.9574552704783411
2019-02-28 19:17:59,262 [MainThread  ][INFO ]  ---- Starting iteration 55/100
2019-02-28 19:17:59,262 [MainThread  ][DEBUG]  Setting hyperparameter tf=2.227272727272727
2019-02-28 19:17:59,263 [MainThread  ][INFO ]  Starting optimization for tf=2.227272727272727
2019-02-28 19:17:59,263 [MainThread  ][DEBUG]  Optimization method: Powell
2019-02-28 19:17:59,263 [MainThread  ][DEBUG]  Optimization options: None
2019-02-28 19:17:59,263 [MainThread  ][INFO ]  Initial parameter values: [ 5.27242236  1.11363636  7.69404829  1.27417833]
2019-02-28 19:19:49,684 [MainThread  ][INFO ]  Final fidelity: 0.993257248377185
2019-02-28 19:19:49,699 [MainThread  ][INFO ]  Final parameters: [ 3.48263108  0.71115326  7.24117744  1.32239492]
2019-02-28 19:19:49,700 [MainThread  ][INFO ]  Fidelity: 0.993257248377185
2019-02-28 19:19:49,700 [MainThread  ][INFO ]  ---- Starting iteration 56/100
2019-02-28 19:19:49,700 [MainThread  ][DEBUG]  Setting hyperparameter tf=2.2666666666666666
2019-02-28 19:19:49,700 [MainThread  ][INFO ]  Starting optimization for tf=2.2666666666666666
2019-02-28 19:19:49,700 [MainThread  ][DEBUG]  Optimization method: Powell
2019-02-28 19:19:49,700 [MainThread  ][DEBUG]  Optimization options: None
2019-02-28 19:19:49,700 [MainThread  ][INFO ]  Initial parameter values: [ 8.14751122  1.13333333  3.26855726  0.11541183]
2019-02-28 19:25:47,088 [MainThread  ][INFO ]  Final fidelity: 0.9971009654184312
2019-02-28 19:25:47,094 [MainThread  ][INFO ]  Final parameters: [ 4.6799923   0.9487465   5.93416954  2.19051866]
2019-02-28 19:25:47,094 [MainThread  ][INFO ]  Fidelity: 0.9971009654184312
2019-02-28 19:25:47,094 [MainThread  ][INFO ]  ---- Starting iteration 57/100
2019-02-28 19:25:47,094 [MainThread  ][DEBUG]  Setting hyperparameter tf=2.306060606060606
2019-02-28 19:25:47,094 [MainThread  ][INFO ]  Starting optimization for tf=2.306060606060606
2019-02-28 19:25:47,094 [MainThread  ][DEBUG]  Optimization method: Powell
2019-02-28 19:25:47,094 [MainThread  ][DEBUG]  Optimization options: None
2019-02-28 19:25:47,095 [MainThread  ][INFO ]  Initial parameter values: [ 5.59085777  1.1530303   4.1911166   2.49048198]
2019-02-28 19:31:40,993 [MainThread  ][INFO ]  Final fidelity: 0.9979122626803956
2019-02-28 19:31:40,996 [MainThread  ][INFO ]  Final parameters: [ 5.05523706  1.41932405  3.03344162  3.87729816]
2019-02-28 19:31:40,996 [MainThread  ][INFO ]  Fidelity: 0.9979122626803956
2019-02-28 19:31:40,996 [MainThread  ][INFO ]  ---- Starting iteration 58/100
2019-02-28 19:31:40,996 [MainThread  ][DEBUG]  Setting hyperparameter tf=2.3454545454545452
2019-02-28 19:31:40,996 [MainThread  ][INFO ]  Starting optimization for tf=2.3454545454545452
2019-02-28 19:31:40,996 [MainThread  ][DEBUG]  Optimization method: Powell
2019-02-28 19:31:40,996 [MainThread  ][DEBUG]  Optimization options: None
2019-02-28 19:31:40,997 [MainThread  ][INFO ]  Initial parameter values: [ 1.72774227  1.17272727  9.68125279  1.20051446]
2019-02-28 19:34:11,934 [MainThread  ][INFO ]  Final fidelity: 0.9947046518800526
2019-02-28 19:34:11,939 [MainThread  ][INFO ]  Final parameters: [ 2.75791226  0.77048448  7.51580166  1.1927698 ]
2019-02-28 19:34:11,939 [MainThread  ][INFO ]  Fidelity: 0.9947046518800526
2019-02-28 19:34:11,939 [MainThread  ][INFO ]  ---- Starting iteration 59/100
2019-02-28 19:34:11,939 [MainThread  ][DEBUG]  Setting hyperparameter tf=2.3848484848484848
2019-02-28 19:34:11,939 [MainThread  ][INFO ]  Starting optimization for tf=2.3848484848484848
2019-02-28 19:34:11,939 [MainThread  ][DEBUG]  Optimization method: Powell
2019-02-28 19:34:11,939 [MainThread  ][DEBUG]  Optimization options: None
2019-02-28 19:34:11,940 [MainThread  ][INFO ]  Initial parameter values: [ 7.05384929  1.19242424  2.91621439  8.96846287]
2019-02-28 19:38:12,637 [MainThread  ][INFO ]  Final fidelity: 0.9800039163864636
2019-02-28 19:38:12,638 [MainThread  ][INFO ]  Final parameters: [ 4.1761571   2.14827053  3.25067961  2.67421408]
2019-02-28 19:38:12,638 [MainThread  ][INFO ]  Fidelity: 0.9800039163864636
2019-02-28 19:38:12,639 [MainThread  ][INFO ]  ---- Starting iteration 60/100
2019-02-28 19:38:12,639 [MainThread  ][DEBUG]  Setting hyperparameter tf=2.4242424242424243
2019-02-28 19:38:12,639 [MainThread  ][INFO ]  Starting optimization for tf=2.4242424242424243
2019-02-28 19:38:12,639 [MainThread  ][DEBUG]  Optimization method: Powell
2019-02-28 19:38:12,639 [MainThread  ][DEBUG]  Optimization options: None
2019-02-28 19:38:12,639 [MainThread  ][INFO ]  Initial parameter values: [ 5.55586693  1.21212121  5.92917527  4.20111748]
2019-02-28 19:46:34,233 [MainThread  ][INFO ]  Final fidelity: 0.9978134666380556
2019-02-28 19:46:34,240 [MainThread  ][INFO ]  Final parameters: [ 4.96618115  1.41858326  3.25756405  4.17363456]
2019-02-28 19:46:34,240 [MainThread  ][INFO ]  Fidelity: 0.9978134666380556
2019-02-28 19:46:34,240 [MainThread  ][INFO ]  ---- Starting iteration 61/100
2019-02-28 19:46:34,240 [MainThread  ][DEBUG]  Setting hyperparameter tf=2.4636363636363634
2019-02-28 19:46:34,241 [MainThread  ][INFO ]  Starting optimization for tf=2.4636363636363634
2019-02-28 19:46:34,241 [MainThread  ][DEBUG]  Optimization method: Powell
2019-02-28 19:46:34,241 [MainThread  ][DEBUG]  Optimization options: None
2019-02-28 19:46:34,241 [MainThread  ][INFO ]  Initial parameter values: [ 3.18067091  1.23181818  8.57501695  8.96808986]
2019-02-28 19:51:30,277 [MainThread  ][INFO ]  Final fidelity: 0.9985918459976196
2019-02-28 19:51:30,294 [MainThread  ][INFO ]  Final parameters: [ 4.66573769  2.09501806  1.42527634  3.31609777]
2019-02-28 19:51:30,294 [MainThread  ][INFO ]  Fidelity: 0.9985918459976196
2019-02-28 19:51:30,295 [MainThread  ][INFO ]  ---- Starting iteration 62/100
2019-02-28 19:51:30,295 [MainThread  ][DEBUG]  Setting hyperparameter tf=2.503030303030303
2019-02-28 19:51:30,295 [MainThread  ][INFO ]  Starting optimization for tf=2.503030303030303
2019-02-28 19:51:30,295 [MainThread  ][DEBUG]  Optimization method: Powell
2019-02-28 19:51:30,295 [MainThread  ][DEBUG]  Optimization options: None
2019-02-28 19:51:30,295 [MainThread  ][INFO ]  Initial parameter values: [ 4.86028193  1.25151515  9.83165803  2.97948862]
2019-02-28 19:56:38,498 [MainThread  ][INFO ]  Final fidelity: 0.9976798411498404
2019-02-28 19:56:38,502 [MainThread  ][INFO ]  Final parameters: [ 4.52609897  2.31492254  0.54568302 -0.40668792]
2019-02-28 19:56:38,502 [MainThread  ][INFO ]  Fidelity: 0.9976798411498404
2019-02-28 19:56:38,502 [MainThread  ][INFO ]  ---- Starting iteration 63/100
2019-02-28 19:56:38,502 [MainThread  ][DEBUG]  Setting hyperparameter tf=2.5424242424242425
2019-02-28 19:56:38,502 [MainThread  ][INFO ]  Starting optimization for tf=2.5424242424242425
2019-02-28 19:56:38,502 [MainThread  ][DEBUG]  Optimization method: Powell
2019-02-28 19:56:38,502 [MainThread  ][DEBUG]  Optimization options: None
2019-02-28 19:56:38,503 [MainThread  ][INFO ]  Initial parameter values: [ 7.52223441  1.27121212  4.76075379  8.57068515]
2019-02-28 19:58:56,403 [MainThread  ][INFO ]  Final fidelity: 0.9812274000676307
2019-02-28 19:58:56,415 [MainThread  ][INFO ]  Final parameters: [ 4.26166822  2.54085891 -9.84219082 -9.99983528]
2019-02-28 19:58:56,415 [MainThread  ][INFO ]  Fidelity: 0.9812274000676307
2019-02-28 19:58:56,415 [MainThread  ][INFO ]  ---- Starting iteration 64/100
2019-02-28 19:58:56,416 [MainThread  ][DEBUG]  Setting hyperparameter tf=2.5818181818181816
2019-02-28 19:58:56,416 [MainThread  ][INFO ]  Starting optimization for tf=2.5818181818181816
2019-02-28 19:58:56,416 [MainThread  ][DEBUG]  Optimization method: Powell
2019-02-28 19:58:56,416 [MainThread  ][DEBUG]  Optimization options: None
2019-02-28 19:58:56,416 [MainThread  ][INFO ]  Initial parameter values: [ 3.78986959  1.29090909  1.17656837  2.89924552]
2019-02-28 20:01:54,661 [MainThread  ][INFO ]  Final fidelity: 0.99865900561533
2019-02-28 20:01:54,662 [MainThread  ][INFO ]  Final parameters: [ 2.06881765  0.5176628   6.05715753  2.93022605]
2019-02-28 20:01:54,662 [MainThread  ][INFO ]  Fidelity: 0.99865900561533
2019-02-28 20:01:54,662 [MainThread  ][INFO ]  ---- Starting iteration 65/100
2019-02-28 20:01:54,662 [MainThread  ][DEBUG]  Setting hyperparameter tf=2.621212121212121
2019-02-28 20:01:54,662 [MainThread  ][INFO ]  Starting optimization for tf=2.621212121212121
2019-02-28 20:01:54,662 [MainThread  ][DEBUG]  Optimization method: Powell
2019-02-28 20:01:54,663 [MainThread  ][DEBUG]  Optimization options: None
2019-02-28 20:01:54,663 [MainThread  ][INFO ]  Initial parameter values: [ 0.14188425  1.31060606  5.16810524  3.11211066]
2019-02-28 20:06:51,569 [MainThread  ][INFO ]  Final fidelity: 0.998768418421669
2019-02-28 20:06:51,574 [MainThread  ][INFO ]  Final parameters: [ 4.5638001   1.45130691  5.16781469  3.11923278]
2019-02-28 20:06:51,574 [MainThread  ][INFO ]  Fidelity: 0.998768418421669
2019-02-28 20:06:51,574 [MainThread  ][INFO ]  ---- Starting iteration 66/100
2019-02-28 20:06:51,575 [MainThread  ][DEBUG]  Setting hyperparameter tf=2.6606060606060606
2019-02-28 20:06:51,575 [MainThread  ][INFO ]  Starting optimization for tf=2.6606060606060606
2019-02-28 20:06:51,575 [MainThread  ][DEBUG]  Optimization method: Powell
2019-02-28 20:06:51,575 [MainThread  ][DEBUG]  Optimization options: None
2019-02-28 20:06:51,575 [MainThread  ][INFO ]  Initial parameter values: [ 4.32380941  1.33030303  7.67734479  7.64327969]
2019-02-28 20:11:39,859 [MainThread  ][INFO ]  Final fidelity: 0.9859059922057413
2019-02-28 20:11:39,870 [MainThread  ][INFO ]  Final parameters: [ 4.29513061  2.65946248 -8.78442094 -9.99327285]
2019-02-28 20:11:39,870 [MainThread  ][INFO ]  Fidelity: 0.9859059922057413
2019-02-28 20:11:39,870 [MainThread  ][INFO ]  ---- Starting iteration 67/100
2019-02-28 20:11:39,870 [MainThread  ][DEBUG]  Setting hyperparameter tf=2.6999999999999997
2019-02-28 20:11:39,870 [MainThread  ][INFO ]  Starting optimization for tf=2.6999999999999997
2019-02-28 20:11:39,870 [MainThread  ][DEBUG]  Optimization method: Powell
2019-02-28 20:11:39,870 [MainThread  ][DEBUG]  Optimization options: None
2019-02-28 20:11:39,871 [MainThread  ][INFO ]  Initial parameter values: [ 9.19976929  1.35        8.52771393  2.9988113 ]
2019-02-28 20:14:49,498 [MainThread  ][INFO ]  Final fidelity: 0.9967880552335614
2019-02-28 20:14:49,512 [MainThread  ][INFO ]  Final parameters: [ 4.29787946  1.63168794  6.25614258  2.1268373 ]
2019-02-28 20:14:49,512 [MainThread  ][INFO ]  Fidelity: 0.9967880552335614
2019-02-28 20:14:49,512 [MainThread  ][INFO ]  ---- Starting iteration 68/100
2019-02-28 20:14:49,512 [MainThread  ][DEBUG]  Setting hyperparameter tf=2.7393939393939393
2019-02-28 20:14:49,512 [MainThread  ][INFO ]  Starting optimization for tf=2.7393939393939393
2019-02-28 20:14:49,512 [MainThread  ][DEBUG]  Optimization method: Powell
2019-02-28 20:14:49,512 [MainThread  ][DEBUG]  Optimization options: None
2019-02-28 20:14:49,513 [MainThread  ][INFO ]  Initial parameter values: [  3.03618226e+00   1.36969697e+00   9.15662893e+00   2.46813820e-03]
2019-02-28 20:20:14,611 [MainThread  ][INFO ]  Final fidelity: 0.9984687462710279
2019-02-28 20:20:14,627 [MainThread  ][INFO ]  Final parameters: [ 4.41539019  1.39253843  5.30933511  3.27611819]
2019-02-28 20:20:14,628 [MainThread  ][INFO ]  Fidelity: 0.9984687462710279
2019-02-28 20:20:14,628 [MainThread  ][INFO ]  ---- Starting iteration 69/100
2019-02-28 20:20:14,628 [MainThread  ][DEBUG]  Setting hyperparameter tf=2.778787878787879
2019-02-28 20:20:14,628 [MainThread  ][INFO ]  Starting optimization for tf=2.778787878787879
2019-02-28 20:20:14,628 [MainThread  ][DEBUG]  Optimization method: Powell
2019-02-28 20:20:14,628 [MainThread  ][DEBUG]  Optimization options: None
2019-02-28 20:20:14,628 [MainThread  ][INFO ]  Initial parameter values: [ 9.75319399  1.38939394  7.56126115  0.7328027 ]
2019-02-28 20:24:50,578 [MainThread  ][INFO ]  Final fidelity: 0.9928121364612768
2019-02-28 20:24:50,580 [MainThread  ][INFO ]  Final parameters: [ 3.18703355  1.39034028  7.68919208  1.06099547]
2019-02-28 20:24:50,580 [MainThread  ][INFO ]  Fidelity: 0.9928121364612768
2019-02-28 20:24:50,580 [MainThread  ][INFO ]  ---- Starting iteration 70/100
2019-02-28 20:24:50,580 [MainThread  ][DEBUG]  Setting hyperparameter tf=2.818181818181818
2019-02-28 20:24:50,580 [MainThread  ][INFO ]  Starting optimization for tf=2.818181818181818
2019-02-28 20:24:50,580 [MainThread  ][DEBUG]  Optimization method: Powell
2019-02-28 20:24:50,580 [MainThread  ][DEBUG]  Optimization options: None
2019-02-28 20:24:50,581 [MainThread  ][INFO ]  Initial parameter values: [ 8.6722546   1.40909091  8.85992368  1.24154159]
2019-02-28 20:32:29,887 [MainThread  ][INFO ]  Final fidelity: 0.9986610515243483
2019-02-28 20:32:29,891 [MainThread  ][INFO ]  Final parameters: [ 4.12427856  1.26343973  5.61354788  3.17973359]
2019-02-28 20:32:29,891 [MainThread  ][INFO ]  Fidelity: 0.9986610515243483
2019-02-28 20:32:29,891 [MainThread  ][INFO ]  ---- Starting iteration 71/100
2019-02-28 20:32:29,892 [MainThread  ][DEBUG]  Setting hyperparameter tf=2.8575757575757574
2019-02-28 20:32:29,892 [MainThread  ][INFO ]  Starting optimization for tf=2.8575757575757574
2019-02-28 20:32:29,892 [MainThread  ][DEBUG]  Optimization method: Powell
2019-02-28 20:32:29,892 [MainThread  ][DEBUG]  Optimization options: None
2019-02-28 20:32:29,892 [MainThread  ][INFO ]  Initial parameter values: [ 4.60660668  1.42878788  4.7947846   9.79055109]
2019-02-28 20:38:03,357 [MainThread  ][INFO ]  Final fidelity: 0.9976229427819402
2019-02-28 20:38:03,359 [MainThread  ][INFO ]  Final parameters: [-4.53242061  2.54020113 -3.46665637  6.99813472]
2019-02-28 20:38:03,359 [MainThread  ][INFO ]  Fidelity: 0.9976229427819402
2019-02-28 20:38:03,359 [MainThread  ][INFO ]  ---- Starting iteration 72/100
2019-02-28 20:38:03,359 [MainThread  ][DEBUG]  Setting hyperparameter tf=2.896969696969697
2019-02-28 20:38:03,359 [MainThread  ][INFO ]  Starting optimization for tf=2.896969696969697
2019-02-28 20:38:03,359 [MainThread  ][DEBUG]  Optimization method: Powell
2019-02-28 20:38:03,359 [MainThread  ][DEBUG]  Optimization options: None
2019-02-28 20:38:03,360 [MainThread  ][INFO ]  Initial parameter values: [ 5.44465657  1.44848485  4.56359545  2.21222473]
2019-02-28 20:41:40,331 [MainThread  ][INFO ]  Final fidelity: 0.9966712729006925
2019-02-28 20:41:40,344 [MainThread  ][INFO ]  Final parameters: [ 2.46999894  1.20147335  7.11823631  1.90730348]
2019-02-28 20:41:40,344 [MainThread  ][INFO ]  Fidelity: 0.9966712729006925
2019-02-28 20:41:40,344 [MainThread  ][INFO ]  ---- Starting iteration 73/100
2019-02-28 20:41:40,344 [MainThread  ][DEBUG]  Setting hyperparameter tf=2.936363636363636
2019-02-28 20:41:40,344 [MainThread  ][INFO ]  Starting optimization for tf=2.936363636363636
2019-02-28 20:41:40,344 [MainThread  ][DEBUG]  Optimization method: Powell
2019-02-28 20:41:40,344 [MainThread  ][DEBUG]  Optimization options: None
2019-02-28 20:41:40,345 [MainThread  ][INFO ]  Initial parameter values: [ 9.48531116  1.46818182  6.29388192  8.31775995]
2019-02-28 20:47:18,953 [MainThread  ][INFO ]  Final fidelity: 0.9985517991703328
2019-02-28 20:47:18,957 [MainThread  ][INFO ]  Final parameters: [ 4.46540506  2.81798122  2.9189085   2.38738973]
2019-02-28 20:47:18,958 [MainThread  ][INFO ]  Fidelity: 0.9985517991703328
2019-02-28 20:47:18,958 [MainThread  ][INFO ]  ---- Starting iteration 74/100
2019-02-28 20:47:18,958 [MainThread  ][DEBUG]  Setting hyperparameter tf=2.9757575757575756
2019-02-28 20:47:18,958 [MainThread  ][INFO ]  Starting optimization for tf=2.9757575757575756
2019-02-28 20:47:18,958 [MainThread  ][DEBUG]  Optimization method: Powell
2019-02-28 20:47:18,958 [MainThread  ][DEBUG]  Optimization options: None
2019-02-28 20:47:18,958 [MainThread  ][INFO ]  Initial parameter values: [ 8.04440331  1.48787879  9.62324186  5.86654561]
2019-02-28 20:54:34,645 [MainThread  ][INFO ]  Final fidelity: 0.9983535625913544
2019-02-28 20:54:34,667 [MainThread  ][INFO ]  Final parameters: [ 4.46761076  2.91032218 -0.03838968  0.96762648]
2019-02-28 20:54:34,667 [MainThread  ][INFO ]  Fidelity: 0.9983535625913544
2019-02-28 20:54:34,667 [MainThread  ][INFO ]  ---- Starting iteration 75/100
2019-02-28 20:54:34,667 [MainThread  ][DEBUG]  Setting hyperparameter tf=3.015151515151515
2019-02-28 20:54:34,667 [MainThread  ][INFO ]  Starting optimization for tf=3.015151515151515
2019-02-28 20:54:34,667 [MainThread  ][DEBUG]  Optimization method: Powell
2019-02-28 20:54:34,667 [MainThread  ][DEBUG]  Optimization options: None
2019-02-28 20:54:34,668 [MainThread  ][INFO ]  Initial parameter values: [ 8.91784448  1.50757576  8.61585238  1.30480031]
2019-02-28 21:00:41,671 [MainThread  ][INFO ]  Final fidelity: 0.9974420842949238
2019-02-28 21:00:41,672 [MainThread  ][INFO ]  Final parameters: [ 4.10242518  1.51105789  5.55500288  3.38995544]
2019-02-28 21:00:41,672 [MainThread  ][INFO ]  Fidelity: 0.9974420842949238
2019-02-28 21:00:41,672 [MainThread  ][INFO ]  ---- Starting iteration 76/100
2019-02-28 21:00:41,672 [MainThread  ][DEBUG]  Setting hyperparameter tf=3.0545454545454542
2019-02-28 21:00:41,673 [MainThread  ][INFO ]  Starting optimization for tf=3.0545454545454542
2019-02-28 21:00:41,673 [MainThread  ][DEBUG]  Optimization method: Powell
2019-02-28 21:00:41,673 [MainThread  ][DEBUG]  Optimization options: None
2019-02-28 21:00:41,673 [MainThread  ][INFO ]  Initial parameter values: [ 5.79957237  1.52727273  9.83488049  9.92635458]
2019-02-28 21:03:20,785 [MainThread  ][INFO ]  Final fidelity: 0.9975621109154358
2019-02-28 21:03:20,786 [MainThread  ][INFO ]  Final parameters: [ 4.41228792  3.04165294  1.57767472  5.99652732]
2019-02-28 21:03:20,786 [MainThread  ][INFO ]  Fidelity: 0.9975621109154358
2019-02-28 21:03:20,786 [MainThread  ][INFO ]  ---- Starting iteration 77/100
2019-02-28 21:03:20,786 [MainThread  ][DEBUG]  Setting hyperparameter tf=3.0939393939393938
2019-02-28 21:03:20,786 [MainThread  ][INFO ]  Starting optimization for tf=3.0939393939393938
2019-02-28 21:03:20,786 [MainThread  ][DEBUG]  Optimization method: Powell
2019-02-28 21:03:20,786 [MainThread  ][DEBUG]  Optimization options: None
2019-02-28 21:03:20,787 [MainThread  ][INFO ]  Initial parameter values: [ 9.3462319   1.5469697   6.64909664  2.33787877]
2019-02-28 21:14:08,716 [MainThread  ][INFO ]  Final fidelity: 0.9973827624368707
2019-02-28 21:14:08,718 [MainThread  ][INFO ]  Final parameters: [ 4.22299957  1.5760341   5.19465489  3.76838265]
2019-02-28 21:14:08,718 [MainThread  ][INFO ]  Fidelity: 0.9973827624368707
2019-02-28 21:14:08,718 [MainThread  ][INFO ]  ---- Starting iteration 78/100
2019-02-28 21:14:08,718 [MainThread  ][DEBUG]  Setting hyperparameter tf=3.1333333333333333
2019-02-28 21:14:08,718 [MainThread  ][INFO ]  Starting optimization for tf=3.1333333333333333
2019-02-28 21:14:08,718 [MainThread  ][DEBUG]  Optimization method: Powell
2019-02-28 21:14:08,718 [MainThread  ][DEBUG]  Optimization options: None
2019-02-28 21:14:08,719 [MainThread  ][INFO ]  Initial parameter values: [ 9.14336631  1.56666667  1.48007296  8.18502644]
2019-02-28 21:22:21,541 [MainThread  ][INFO ]  Final fidelity: 0.9979421678823636
2019-02-28 21:22:21,554 [MainThread  ][INFO ]  Final parameters: [ 4.4218906   3.12499728  7.17543385  4.84485033]
2019-02-28 21:22:21,554 [MainThread  ][INFO ]  Fidelity: 0.9979421678823636
2019-02-28 21:22:21,554 [MainThread  ][INFO ]  ---- Starting iteration 79/100
2019-02-28 21:22:21,554 [MainThread  ][DEBUG]  Setting hyperparameter tf=3.1727272727272724
2019-02-28 21:22:21,554 [MainThread  ][INFO ]  Starting optimization for tf=3.1727272727272724
2019-02-28 21:22:21,554 [MainThread  ][DEBUG]  Optimization method: Powell
2019-02-28 21:22:21,554 [MainThread  ][DEBUG]  Optimization options: None
2019-02-28 21:22:21,555 [MainThread  ][INFO ]  Initial parameter values: [ 5.69505605  1.58636364  2.30595152  6.55961744]
2019-02-28 21:29:08,563 [MainThread  ][INFO ]  Final fidelity: 0.9984298804159543
2019-02-28 21:29:08,565 [MainThread  ][INFO ]  Final parameters: [ 4.52998435  2.28309446  3.57755436  5.0915371 ]
2019-02-28 21:29:08,565 [MainThread  ][INFO ]  Fidelity: 0.9984298804159543
2019-02-28 21:29:08,565 [MainThread  ][INFO ]  ---- Starting iteration 80/100
2019-02-28 21:29:08,565 [MainThread  ][DEBUG]  Setting hyperparameter tf=3.212121212121212
2019-02-28 21:29:08,565 [MainThread  ][INFO ]  Starting optimization for tf=3.212121212121212
2019-02-28 21:29:08,565 [MainThread  ][DEBUG]  Optimization method: Powell
2019-02-28 21:29:08,565 [MainThread  ][DEBUG]  Optimization options: None
2019-02-28 21:29:08,565 [MainThread  ][INFO ]  Initial parameter values: [ 7.93417202  1.60606061  2.70961147  5.59579572]
2019-02-28 21:33:27,793 [MainThread  ][INFO ]  Final fidelity: 0.9983022742079765
2019-02-28 21:33:27,840 [MainThread  ][INFO ]  Final parameters: [ 4.95085164  1.60231857  2.8369745   5.6276765 ]
2019-02-28 21:33:27,840 [MainThread  ][INFO ]  Fidelity: 0.9983022742079765
2019-02-28 21:33:27,840 [MainThread  ][INFO ]  ---- Starting iteration 81/100
2019-02-28 21:33:27,840 [MainThread  ][DEBUG]  Setting hyperparameter tf=3.2515151515151515
2019-02-28 21:33:27,840 [MainThread  ][INFO ]  Starting optimization for tf=3.2515151515151515
2019-02-28 21:33:27,840 [MainThread  ][DEBUG]  Optimization method: Powell
2019-02-28 21:33:27,840 [MainThread  ][DEBUG]  Optimization options: None
2019-02-28 21:33:27,841 [MainThread  ][INFO ]  Initial parameter values: [ 8.29632284  1.62575758  9.33847566  7.18061347]
2019-02-28 21:37:16,108 [MainThread  ][INFO ]  Final fidelity: 0.998332856044409
2019-02-28 21:37:16,112 [MainThread  ][INFO ]  Final parameters: [ 4.4573832   3.24925508  8.90062544  9.92624446]
2019-02-28 21:37:16,112 [MainThread  ][INFO ]  Fidelity: 0.998332856044409
2019-02-28 21:37:16,112 [MainThread  ][INFO ]  ---- Starting iteration 82/100
2019-02-28 21:37:16,112 [MainThread  ][DEBUG]  Setting hyperparameter tf=3.2909090909090906
2019-02-28 21:37:16,112 [MainThread  ][INFO ]  Starting optimization for tf=3.2909090909090906
2019-02-28 21:37:16,112 [MainThread  ][DEBUG]  Optimization method: Powell
2019-02-28 21:37:16,112 [MainThread  ][DEBUG]  Optimization options: None
2019-02-28 21:37:16,113 [MainThread  ][INFO ]  Initial parameter values: [ 8.05818954  1.64545455  7.09596986  2.90690071]
2019-02-28 21:41:01,885 [MainThread  ][INFO ]  Final fidelity: 0.9983859867933141
2019-02-28 21:41:01,886 [MainThread  ][INFO ]  Final parameters: [ 3.55066118  1.64455431  6.37895949  2.87214538]
2019-02-28 21:41:01,886 [MainThread  ][INFO ]  Fidelity: 0.9983859867933141
2019-02-28 21:41:01,886 [MainThread  ][INFO ]  ---- Starting iteration 83/100
2019-02-28 21:41:01,886 [MainThread  ][DEBUG]  Setting hyperparameter tf=3.33030303030303
2019-02-28 21:41:01,886 [MainThread  ][INFO ]  Starting optimization for tf=3.33030303030303
2019-02-28 21:41:01,886 [MainThread  ][DEBUG]  Optimization method: Powell
2019-02-28 21:41:01,886 [MainThread  ][DEBUG]  Optimization options: None
2019-02-28 21:41:01,887 [MainThread  ][INFO ]  Initial parameter values: [ 6.49930706  1.66515152  4.31408446  1.91345279]
2019-02-28 21:44:55,268 [MainThread  ][INFO ]  Final fidelity: 0.9960973534021895
2019-02-28 21:44:55,269 [MainThread  ][INFO ]  Final parameters: [ 2.04574435  1.63443327  7.55162958  1.55768836]
2019-02-28 21:44:55,269 [MainThread  ][INFO ]  Fidelity: 0.9960973534021895
2019-02-28 21:44:55,269 [MainThread  ][INFO ]  ---- Starting iteration 84/100
2019-02-28 21:44:55,270 [MainThread  ][DEBUG]  Setting hyperparameter tf=3.3696969696969696
2019-02-28 21:44:55,270 [MainThread  ][INFO ]  Starting optimization for tf=3.3696969696969696
2019-02-28 21:44:55,270 [MainThread  ][DEBUG]  Optimization method: Powell
2019-02-28 21:44:55,270 [MainThread  ][DEBUG]  Optimization options: None
2019-02-28 21:44:55,270 [MainThread  ][INFO ]  Initial parameter values: [ 2.94027358  1.68484848  3.24316635  7.80984939]
2019-02-28 21:50:04,028 [MainThread  ][INFO ]  Final fidelity: 0.9979166206240834
2019-02-28 21:50:04,029 [MainThread  ][INFO ]  Final parameters: [ 4.46687681  3.02461421  3.9886321   5.24258365]
2019-02-28 21:50:04,030 [MainThread  ][INFO ]  Fidelity: 0.9979166206240834
2019-02-28 21:50:04,030 [MainThread  ][INFO ]  ---- Starting iteration 85/100
2019-02-28 21:50:04,030 [MainThread  ][DEBUG]  Setting hyperparameter tf=3.4090909090909087
2019-02-28 21:50:04,030 [MainThread  ][INFO ]  Starting optimization for tf=3.4090909090909087
2019-02-28 21:50:04,030 [MainThread  ][DEBUG]  Optimization method: Powell
2019-02-28 21:50:04,030 [MainThread  ][DEBUG]  Optimization options: None
2019-02-28 21:50:04,030 [MainThread  ][INFO ]  Initial parameter values: [ 3.00309873  1.70454545  2.62517032  1.63505902]
2019-02-28 22:02:04,897 [MainThread  ][INFO ]  Final fidelity: 0.9985500902626073
2019-02-28 22:02:04,919 [MainThread  ][INFO ]  Final parameters: [ 3.96762624  1.70215802  5.48433717  3.74975708]
2019-02-28 22:02:04,919 [MainThread  ][INFO ]  Fidelity: 0.9985500902626073
2019-02-28 22:02:04,920 [MainThread  ][INFO ]  ---- Starting iteration 86/100
2019-02-28 22:02:04,920 [MainThread  ][DEBUG]  Setting hyperparameter tf=3.4484848484848483
2019-02-28 22:02:04,920 [MainThread  ][INFO ]  Starting optimization for tf=3.4484848484848483
2019-02-28 22:02:04,920 [MainThread  ][DEBUG]  Optimization method: Powell
2019-02-28 22:02:04,920 [MainThread  ][DEBUG]  Optimization options: None
2019-02-28 22:02:04,920 [MainThread  ][INFO ]  Initial parameter values: [ 9.00703836  1.72424242  4.59410986  9.86890936]
2019-02-28 22:05:58,999 [MainThread  ][INFO ]  Final fidelity: 0.9983335822124394
2019-02-28 22:05:59,000 [MainThread  ][INFO ]  Final parameters: [ 4.48610438  2.46990849  3.96420769  5.13121355]
2019-02-28 22:05:59,000 [MainThread  ][INFO ]  Fidelity: 0.9983335822124394
2019-02-28 22:05:59,000 [MainThread  ][INFO ]  ---- Starting iteration 87/100
2019-02-28 22:05:59,001 [MainThread  ][DEBUG]  Setting hyperparameter tf=3.487878787878788
2019-02-28 22:05:59,001 [MainThread  ][INFO ]  Starting optimization for tf=3.487878787878788
2019-02-28 22:05:59,001 [MainThread  ][DEBUG]  Optimization method: Powell
2019-02-28 22:05:59,001 [MainThread  ][DEBUG]  Optimization options: None
2019-02-28 22:05:59,001 [MainThread  ][INFO ]  Initial parameter values: [ 4.92484975  1.74393939  2.94055332  7.71325463]
2019-02-28 22:13:14,223 [MainThread  ][INFO ]  Final fidelity: 0.9987079120843129
2019-02-28 22:13:14,227 [MainThread  ][INFO ]  Final parameters: [ 4.44743884  3.17482965  5.69604899  4.15583156]
2019-02-28 22:13:14,228 [MainThread  ][INFO ]  Fidelity: 0.9987079120843129
2019-02-28 22:13:14,228 [MainThread  ][INFO ]  ---- Starting iteration 88/100
2019-02-28 22:13:14,228 [MainThread  ][DEBUG]  Setting hyperparameter tf=3.527272727272727
2019-02-28 22:13:14,228 [MainThread  ][INFO ]  Starting optimization for tf=3.527272727272727
2019-02-28 22:13:14,228 [MainThread  ][DEBUG]  Optimization method: Powell
2019-02-28 22:13:14,228 [MainThread  ][DEBUG]  Optimization options: None
2019-02-28 22:13:14,228 [MainThread  ][INFO ]  Initial parameter values: [ 7.76306133  1.76363636  7.64975094  0.47203131]
2019-02-28 22:25:45,575 [MainThread  ][INFO ]  Final fidelity: 0.9981937336286796
2019-02-28 22:25:45,578 [MainThread  ][INFO ]  Final parameters: [ 4.14670495  2.00937103  5.41989794  3.90156471]
2019-02-28 22:25:45,578 [MainThread  ][INFO ]  Fidelity: 0.9981937336286796
2019-02-28 22:25:45,578 [MainThread  ][INFO ]  ---- Starting iteration 89/100
2019-02-28 22:25:45,578 [MainThread  ][DEBUG]  Setting hyperparameter tf=3.5666666666666664
2019-02-28 22:25:45,578 [MainThread  ][INFO ]  Starting optimization for tf=3.5666666666666664
2019-02-28 22:25:45,578 [MainThread  ][DEBUG]  Optimization method: Powell
2019-02-28 22:25:45,578 [MainThread  ][DEBUG]  Optimization options: None
2019-02-28 22:25:45,579 [MainThread  ][INFO ]  Initial parameter values: [ 3.66092664  1.78333333  7.08632526  2.9940491 ]
2019-02-28 22:29:19,427 [MainThread  ][INFO ]  Final fidelity: 0.9978853608636671
2019-02-28 22:29:19,431 [MainThread  ][INFO ]  Final parameters: [ 3.5254582   1.88190913  6.49551922  2.92305188]
2019-02-28 22:29:19,431 [MainThread  ][INFO ]  Fidelity: 0.9978853608636671
2019-02-28 22:29:19,431 [MainThread  ][INFO ]  ---- Starting iteration 90/100
2019-02-28 22:29:19,431 [MainThread  ][DEBUG]  Setting hyperparameter tf=3.606060606060606
2019-02-28 22:29:19,432 [MainThread  ][INFO ]  Starting optimization for tf=3.606060606060606
2019-02-28 22:29:19,432 [MainThread  ][DEBUG]  Optimization method: Powell
2019-02-28 22:29:19,432 [MainThread  ][DEBUG]  Optimization options: None
2019-02-28 22:29:19,432 [MainThread  ][INFO ]  Initial parameter values: [ 5.41368322  1.8030303   0.9642202   5.87751429]
2019-02-28 22:33:36,951 [MainThread  ][INFO ]  Final fidelity: 0.9996941450083078
2019-02-28 22:33:36,968 [MainThread  ][INFO ]  Final parameters: [ 2.25061005  0.03114637  4.2650277   4.66769936]
2019-02-28 22:33:36,968 [MainThread  ][INFO ]  Fidelity: 0.9996941450083078
2019-02-28 22:33:36,968 [MainThread  ][INFO ]  ---- Starting iteration 91/100
2019-02-28 22:33:36,968 [MainThread  ][DEBUG]  Setting hyperparameter tf=3.645454545454545
2019-02-28 22:33:36,968 [MainThread  ][INFO ]  Starting optimization for tf=3.645454545454545
2019-02-28 22:33:36,968 [MainThread  ][DEBUG]  Optimization method: Powell
2019-02-28 22:33:36,968 [MainThread  ][DEBUG]  Optimization options: None
2019-02-28 22:33:36,969 [MainThread  ][INFO ]  Initial parameter values: [ 9.35677362  1.82272727  7.97721539  0.29494401]
2019-02-28 22:45:58,448 [MainThread  ][INFO ]  Final fidelity: 0.9977074384920219
2019-02-28 22:45:58,449 [MainThread  ][INFO ]  Final parameters: [ 4.33185486  2.05830313  4.71229486  4.5698132 ]
2019-02-28 22:45:58,449 [MainThread  ][INFO ]  Fidelity: 0.9977074384920219
2019-02-28 22:45:58,449 [MainThread  ][INFO ]  ---- Starting iteration 92/100
2019-02-28 22:45:58,449 [MainThread  ][DEBUG]  Setting hyperparameter tf=3.6848484848484846
2019-02-28 22:45:58,449 [MainThread  ][INFO ]  Starting optimization for tf=3.6848484848484846
2019-02-28 22:45:58,449 [MainThread  ][DEBUG]  Optimization method: Powell
2019-02-28 22:45:58,449 [MainThread  ][DEBUG]  Optimization options: None
2019-02-28 22:45:58,450 [MainThread  ][INFO ]  Initial parameter values: [ 8.37284236  1.84242424  6.21673913  9.46859628]
2019-02-28 22:49:18,924 [MainThread  ][INFO ]  Final fidelity: 0.9978061882904157
2019-02-28 22:49:18,931 [MainThread  ][INFO ]  Final parameters: [ 1.71257272  1.49124267  5.82945478  3.26351308]
2019-02-28 22:49:18,931 [MainThread  ][INFO ]  Fidelity: 0.9978061882904157
2019-02-28 22:49:18,931 [MainThread  ][INFO ]  ---- Starting iteration 93/100
2019-02-28 22:49:18,932 [MainThread  ][DEBUG]  Setting hyperparameter tf=3.724242424242424
2019-02-28 22:49:18,932 [MainThread  ][INFO ]  Starting optimization for tf=3.724242424242424
2019-02-28 22:49:18,932 [MainThread  ][DEBUG]  Optimization method: Powell
2019-02-28 22:49:18,932 [MainThread  ][DEBUG]  Optimization options: None
2019-02-28 22:49:18,932 [MainThread  ][INFO ]  Initial parameter values: [ 5.82659303  1.86212121  4.18633626  5.23418237]
2019-02-28 22:52:31,176 [MainThread  ][INFO ]  Final fidelity: 0.9979435057923528
2019-02-28 22:52:31,183 [MainThread  ][INFO ]  Final parameters: [ 4.45803706  2.52944893  4.23204486  5.12418688]
2019-02-28 22:52:31,183 [MainThread  ][INFO ]  Fidelity: 0.9979435057923528
2019-02-28 22:52:31,183 [MainThread  ][INFO ]  ---- Starting iteration 94/100
2019-02-28 22:52:31,183 [MainThread  ][DEBUG]  Setting hyperparameter tf=3.7636363636363632
2019-02-28 22:52:31,184 [MainThread  ][INFO ]  Starting optimization for tf=3.7636363636363632
2019-02-28 22:52:31,184 [MainThread  ][DEBUG]  Optimization method: Powell
2019-02-28 22:52:31,184 [MainThread  ][DEBUG]  Optimization options: None
2019-02-28 22:52:31,184 [MainThread  ][INFO ]  Initial parameter values: [ 3.4750953   1.88181818  9.18974216  2.03654456]
2019-02-28 23:02:40,939 [MainThread  ][INFO ]  Final fidelity: 0.9982540233645991
2019-02-28 23:02:40,940 [MainThread  ][INFO ]  Final parameters: [ 4.19932204  2.25478035  5.34587866  4.12917016]
2019-02-28 23:02:40,940 [MainThread  ][INFO ]  Fidelity: 0.9982540233645991
2019-02-28 23:02:40,940 [MainThread  ][INFO ]  ---- Starting iteration 95/100
2019-02-28 23:02:40,940 [MainThread  ][DEBUG]  Setting hyperparameter tf=3.8030303030303028
2019-02-28 23:02:40,940 [MainThread  ][INFO ]  Starting optimization for tf=3.8030303030303028
2019-02-28 23:02:40,940 [MainThread  ][DEBUG]  Optimization method: Powell
2019-02-28 23:02:40,940 [MainThread  ][DEBUG]  Optimization options: None
2019-02-28 23:02:40,941 [MainThread  ][INFO ]  Initial parameter values: [ 2.18460212  1.90151515  6.72926219  7.1562878 ]
2019-02-28 23:09:19,494 [MainThread  ][INFO ]  Final fidelity: 0.9995843600996092
2019-02-28 23:09:19,496 [MainThread  ][INFO ]  Final parameters: [ 2.83582551  0.95850535  4.75925369  4.34231966]
2019-02-28 23:09:19,496 [MainThread  ][INFO ]  Fidelity: 0.9995843600996092
2019-02-28 23:09:19,496 [MainThread  ][INFO ]  ---- Starting iteration 96/100
2019-02-28 23:09:19,496 [MainThread  ][DEBUG]  Setting hyperparameter tf=3.8424242424242423
2019-02-28 23:09:19,496 [MainThread  ][INFO ]  Starting optimization for tf=3.8424242424242423
2019-02-28 23:09:19,496 [MainThread  ][DEBUG]  Optimization method: Powell
2019-02-28 23:09:19,496 [MainThread  ][DEBUG]  Optimization options: None
2019-02-28 23:09:19,497 [MainThread  ][INFO ]  Initial parameter values: [ 9.28166876  1.92121212  4.76461436  6.90704038]
2019-02-28 23:13:02,746 [MainThread  ][INFO ]  Final fidelity: 0.997763691667255
2019-02-28 23:13:02,760 [MainThread  ][INFO ]  Final parameters: [ 4.47453845  3.20857663  4.14677575  5.72260297]
2019-02-28 23:13:02,760 [MainThread  ][INFO ]  Fidelity: 0.997763691667255
2019-02-28 23:13:02,760 [MainThread  ][INFO ]  ---- Starting iteration 97/100
2019-02-28 23:13:02,760 [MainThread  ][DEBUG]  Setting hyperparameter tf=3.8818181818181814
2019-02-28 23:13:02,760 [MainThread  ][INFO ]  Starting optimization for tf=3.8818181818181814
2019-02-28 23:13:02,760 [MainThread  ][DEBUG]  Optimization method: Powell
2019-02-28 23:13:02,760 [MainThread  ][DEBUG]  Optimization options: None
2019-02-28 23:13:02,761 [MainThread  ][INFO ]  Initial parameter values: [ 3.54930828  1.94090909  3.70580685  1.2707415 ]
2019-02-28 23:15:47,817 [MainThread  ][INFO ]  Final fidelity: 0.9939537440745262
2019-02-28 23:15:47,818 [MainThread  ][INFO ]  Final parameters: [ 0.08263357  2.24257385  7.98538853  0.75909231]
2019-02-28 23:15:47,818 [MainThread  ][INFO ]  Fidelity: 0.9939537440745262
2019-02-28 23:15:47,818 [MainThread  ][INFO ]  ---- Starting iteration 98/100
2019-02-28 23:15:47,819 [MainThread  ][DEBUG]  Setting hyperparameter tf=3.921212121212121
2019-02-28 23:15:47,819 [MainThread  ][INFO ]  Starting optimization for tf=3.921212121212121
2019-02-28 23:15:47,819 [MainThread  ][DEBUG]  Optimization method: Powell
2019-02-28 23:15:47,819 [MainThread  ][DEBUG]  Optimization options: None
2019-02-28 23:15:47,819 [MainThread  ][INFO ]  Initial parameter values: [ 9.75320138  1.96060606  8.51870743  9.20896971]
2019-02-28 23:21:15,556 [MainThread  ][INFO ]  Final fidelity: 0.99777221359848
2019-02-28 23:21:15,557 [MainThread  ][INFO ]  Final parameters: [ 4.49653855  3.73576395  6.75329623  5.23653528]
2019-02-28 23:21:15,557 [MainThread  ][INFO ]  Fidelity: 0.99777221359848
2019-02-28 23:21:15,557 [MainThread  ][INFO ]  ---- Starting iteration 99/100
2019-02-28 23:21:15,557 [MainThread  ][DEBUG]  Setting hyperparameter tf=3.9606060606060605
2019-02-28 23:21:15,557 [MainThread  ][INFO ]  Starting optimization for tf=3.9606060606060605
2019-02-28 23:21:15,557 [MainThread  ][DEBUG]  Optimization method: Powell
2019-02-28 23:21:15,557 [MainThread  ][DEBUG]  Optimization options: None
2019-02-28 23:21:15,558 [MainThread  ][INFO ]  Initial parameter values: [ 1.30151185  1.98030303  9.95777896  2.55841836]
2019-02-28 23:38:01,615 [MainThread  ][INFO ]  Final fidelity: 0.9984915701360314
2019-02-28 23:38:01,617 [MainThread  ][INFO ]  Final parameters: [ 3.57801298  2.13599393  6.36711561  3.25724478]
2019-02-28 23:38:01,618 [MainThread  ][INFO ]  Fidelity: 0.9984915701360314
2019-02-28 23:38:01,618 [MainThread  ][INFO ]  ---- Starting iteration 100/100
2019-02-28 23:38:01,618 [MainThread  ][DEBUG]  Setting hyperparameter tf=4.0
2019-02-28 23:38:01,618 [MainThread  ][INFO ]  Starting optimization for tf=4.0
2019-02-28 23:38:01,618 [MainThread  ][DEBUG]  Optimization method: Powell
2019-02-28 23:38:01,618 [MainThread  ][DEBUG]  Optimization options: None
2019-02-28 23:38:01,618 [MainThread  ][INFO ]  Initial parameter values: [ 1.55094577  2.          1.75250342  1.80504032]
2019-02-28 23:40:47,193 [MainThread  ][INFO ]  Final fidelity: 0.9960026782932628
2019-02-28 23:40:47,194 [MainThread  ][INFO ]  Final parameters: [ 0.16926924  2.23728069  7.39633193  1.52384155]
2019-02-28 23:40:47,194 [MainThread  ][INFO ]  Fidelity: 0.9960026782932628
