2019-02-28 15:45:10,548 [MainThread  ][INFO ]  Output file name will be "rabi_doublebang_neldermead.csv"
2019-02-28 15:45:10,869 [MainThread  ][INFO ]  Using doublebang protocol ansatz.
2019-02-28 15:45:10,869 [MainThread  ][DEBUG]  Initializing ProtocolAnsatz instance "doublebang"
2019-02-28 15:45:10,869 [MainThread  ][INFO ]  Using parameters constraints: [[-10.0, 10.0], [None, None], [-10.0, 10.0]]
2019-02-28 15:45:10,869 [MainThread  ][INFO ]  Using total height constraint: None
2019-02-28 15:45:10,869 [MainThread  ][INFO ]  ---- Starting iteration 1/100
2019-02-28 15:45:10,870 [MainThread  ][DEBUG]  Setting hyperparameter tf=0.1
2019-02-28 15:45:10,870 [MainThread  ][INFO ]  Starting optimization for tf=0.1
2019-02-28 15:45:10,870 [MainThread  ][DEBUG]  Optimization method: Nelder-Mead
2019-02-28 15:45:10,870 [MainThread  ][DEBUG]  Optimization options: None
2019-02-28 15:45:10,870 [MainThread  ][INFO ]  Initial parameter values: [ 7.29821616  0.05        0.21123167]
2019-02-28 15:46:29,324 [MainThread  ][INFO ]  Final fidelity: 0.7637135629283173
2019-02-28 15:46:29,325 [MainThread  ][INFO ]  Final parameters: [ 4.90218412  0.04943766  0.26551646]
2019-02-28 15:46:29,325 [MainThread  ][INFO ]  Fidelity: 0.7637135629283173
2019-02-28 15:46:29,325 [MainThread  ][INFO ]  ---- Starting iteration 2/100
2019-02-28 15:46:29,325 [MainThread  ][DEBUG]  Setting hyperparameter tf=0.1393939393939394
2019-02-28 15:46:29,325 [MainThread  ][INFO ]  Starting optimization for tf=0.1393939393939394
2019-02-28 15:46:29,325 [MainThread  ][DEBUG]  Optimization method: Nelder-Mead
2019-02-28 15:46:29,325 [MainThread  ][DEBUG]  Optimization options: None
2019-02-28 15:46:29,326 [MainThread  ][INFO ]  Initial parameter values: [ 6.02647563  0.06969697  9.23984992]
2019-02-28 15:47:58,556 [MainThread  ][INFO ]  Final fidelity: 0.764152704036567
2019-02-28 15:47:58,558 [MainThread  ][INFO ]  Final parameters: [ 4.30200198  0.13622262 -9.99707597]
2019-02-28 15:47:58,558 [MainThread  ][INFO ]  Fidelity: 0.764152704036567
2019-02-28 15:47:58,558 [MainThread  ][INFO ]  ---- Starting iteration 3/100
2019-02-28 15:47:58,558 [MainThread  ][DEBUG]  Setting hyperparameter tf=0.17878787878787877
2019-02-28 15:47:58,558 [MainThread  ][INFO ]  Starting optimization for tf=0.17878787878787877
2019-02-28 15:47:58,558 [MainThread  ][DEBUG]  Optimization method: Nelder-Mead
2019-02-28 15:47:58,558 [MainThread  ][DEBUG]  Optimization options: None
2019-02-28 15:47:58,559 [MainThread  ][INFO ]  Initial parameter values: [ 5.53797657  0.08939394  9.39162121]
2019-02-28 15:49:28,713 [MainThread  ][INFO ]  Final fidelity: 0.7636243407891355
2019-02-28 15:49:28,714 [MainThread  ][INFO ]  Final parameters: [ 4.87034315  0.11856188 -0.13765213]
2019-02-28 15:49:28,714 [MainThread  ][INFO ]  Fidelity: 0.7636243407891355
2019-02-28 15:49:28,714 [MainThread  ][INFO ]  ---- Starting iteration 4/100
2019-02-28 15:49:28,714 [MainThread  ][DEBUG]  Setting hyperparameter tf=0.21818181818181817
2019-02-28 15:49:28,714 [MainThread  ][INFO ]  Starting optimization for tf=0.21818181818181817
2019-02-28 15:49:28,714 [MainThread  ][DEBUG]  Optimization method: Nelder-Mead
2019-02-28 15:49:28,714 [MainThread  ][DEBUG]  Optimization options: None
2019-02-28 15:49:28,715 [MainThread  ][INFO ]  Initial parameter values: [ 8.14092243  0.10909091  1.68324505]
2019-02-28 15:50:51,848 [MainThread  ][INFO ]  Final fidelity: 0.7677613532214707
2019-02-28 15:50:51,852 [MainThread  ][INFO ]  Final parameters: [ 5.37682091  0.11684875  1.71229959]
2019-02-28 15:50:51,852 [MainThread  ][INFO ]  Fidelity: 0.7677613532214707
2019-02-28 15:50:51,852 [MainThread  ][INFO ]  ---- Starting iteration 5/100
2019-02-28 15:50:51,852 [MainThread  ][DEBUG]  Setting hyperparameter tf=0.25757575757575757
2019-02-28 15:50:51,852 [MainThread  ][INFO ]  Starting optimization for tf=0.25757575757575757
2019-02-28 15:50:51,853 [MainThread  ][DEBUG]  Optimization method: Nelder-Mead
2019-02-28 15:50:51,853 [MainThread  ][DEBUG]  Optimization options: None
2019-02-28 15:50:51,853 [MainThread  ][INFO ]  Initial parameter values: [ 4.06442085  0.12878788  9.00250246]
2019-02-28 15:52:09,131 [MainThread  ][INFO ]  Final fidelity: 0.7680230957051799
2019-02-28 15:52:09,135 [MainThread  ][INFO ]  Final parameters: [ 4.88114398  0.18882887 -0.44390425]
2019-02-28 15:52:09,135 [MainThread  ][INFO ]  Fidelity: 0.7680230957051799
2019-02-28 15:52:09,135 [MainThread  ][INFO ]  ---- Starting iteration 6/100
2019-02-28 15:52:09,135 [MainThread  ][DEBUG]  Setting hyperparameter tf=0.296969696969697
2019-02-28 15:52:09,136 [MainThread  ][INFO ]  Starting optimization for tf=0.296969696969697
2019-02-28 15:52:09,136 [MainThread  ][DEBUG]  Optimization method: Nelder-Mead
2019-02-28 15:52:09,136 [MainThread  ][DEBUG]  Optimization options: None
2019-02-28 15:52:09,136 [MainThread  ][INFO ]  Initial parameter values: [ 9.43207831  0.14848485  3.89765678]
2019-02-28 15:53:58,108 [MainThread  ][INFO ]  Final fidelity: 0.7661341076004092
2019-02-28 15:53:58,109 [MainThread  ][INFO ]  Final parameters: [ 3.13558683  0.21376157  3.79633268]
2019-02-28 15:53:58,109 [MainThread  ][INFO ]  Fidelity: 0.7661341076004092
2019-02-28 15:53:58,109 [MainThread  ][INFO ]  ---- Starting iteration 7/100
2019-02-28 15:53:58,110 [MainThread  ][DEBUG]  Setting hyperparameter tf=0.3363636363636363
2019-02-28 15:53:58,110 [MainThread  ][INFO ]  Starting optimization for tf=0.3363636363636363
2019-02-28 15:53:58,110 [MainThread  ][DEBUG]  Optimization method: Nelder-Mead
2019-02-28 15:53:58,110 [MainThread  ][DEBUG]  Optimization options: None
2019-02-28 15:53:58,110 [MainThread  ][INFO ]  Initial parameter values: [ 1.65528707  0.16818182  3.31732468]
2019-02-28 15:55:18,917 [MainThread  ][INFO ]  Final fidelity: 0.7780988321065443
2019-02-28 15:55:18,931 [MainThread  ][INFO ]  Final parameters: [ 7.16524076  0.12179974  1.21759935]
2019-02-28 15:55:18,932 [MainThread  ][INFO ]  Fidelity: 0.7780988321065443
2019-02-28 15:55:18,932 [MainThread  ][INFO ]  ---- Starting iteration 8/100
2019-02-28 15:55:18,932 [MainThread  ][DEBUG]  Setting hyperparameter tf=0.37575757575757573
2019-02-28 15:55:18,932 [MainThread  ][INFO ]  Starting optimization for tf=0.37575757575757573
2019-02-28 15:55:18,932 [MainThread  ][DEBUG]  Optimization method: Nelder-Mead
2019-02-28 15:55:18,932 [MainThread  ][DEBUG]  Optimization options: None
2019-02-28 15:55:18,932 [MainThread  ][INFO ]  Initial parameter values: [ 7.33965988  0.18787879  1.52121162]
2019-02-28 15:56:46,053 [MainThread  ][INFO ]  Final fidelity: 0.7802024410759426
2019-02-28 15:56:46,057 [MainThread  ][INFO ]  Final parameters: [ 6.37592144  0.18347007 -0.04563424]
2019-02-28 15:56:46,057 [MainThread  ][INFO ]  Fidelity: 0.7802024410759426
2019-02-28 15:56:46,057 [MainThread  ][INFO ]  ---- Starting iteration 9/100
2019-02-28 15:56:46,057 [MainThread  ][DEBUG]  Setting hyperparameter tf=0.41515151515151516
2019-02-28 15:56:46,057 [MainThread  ][INFO ]  Starting optimization for tf=0.41515151515151516
2019-02-28 15:56:46,057 [MainThread  ][DEBUG]  Optimization method: Nelder-Mead
2019-02-28 15:56:46,058 [MainThread  ][DEBUG]  Optimization options: None
2019-02-28 15:56:46,058 [MainThread  ][INFO ]  Initial parameter values: [ 0.6143896   0.20757576  9.58112349]
2019-02-28 15:58:45,080 [MainThread  ][INFO ]  Final fidelity: 0.7792004760127853
2019-02-28 15:58:45,103 [MainThread  ][INFO ]  Final parameters: [ 4.65918753  0.29539564 -0.0309296 ]
2019-02-28 15:58:45,104 [MainThread  ][INFO ]  Fidelity: 0.7792004760127853
2019-02-28 15:58:45,104 [MainThread  ][INFO ]  ---- Starting iteration 10/100
2019-02-28 15:58:45,104 [MainThread  ][DEBUG]  Setting hyperparameter tf=0.4545454545454545
2019-02-28 15:58:45,104 [MainThread  ][INFO ]  Starting optimization for tf=0.4545454545454545
2019-02-28 15:58:45,104 [MainThread  ][DEBUG]  Optimization method: Nelder-Mead
2019-02-28 15:58:45,104 [MainThread  ][DEBUG]  Optimization options: None
2019-02-28 15:58:45,105 [MainThread  ][INFO ]  Initial parameter values: [ 1.98109933  0.22727273  8.63202222]
2019-02-28 16:00:10,013 [MainThread  ][INFO ]  Final fidelity: 0.7883564162009198
2019-02-28 16:00:10,016 [MainThread  ][INFO ]  Final parameters: [ 5.67854308  0.25362205  0.17002194]
2019-02-28 16:00:10,016 [MainThread  ][INFO ]  Fidelity: 0.7883564162009198
2019-02-28 16:00:10,017 [MainThread  ][INFO ]  ---- Starting iteration 11/100
2019-02-28 16:00:10,017 [MainThread  ][DEBUG]  Setting hyperparameter tf=0.4939393939393939
2019-02-28 16:00:10,017 [MainThread  ][INFO ]  Starting optimization for tf=0.4939393939393939
2019-02-28 16:00:10,017 [MainThread  ][DEBUG]  Optimization method: Nelder-Mead
2019-02-28 16:00:10,017 [MainThread  ][DEBUG]  Optimization options: None
2019-02-28 16:00:10,017 [MainThread  ][INFO ]  Initial parameter values: [ 4.52253009  0.2469697   6.0978942 ]
2019-02-28 16:01:35,994 [MainThread  ][INFO ]  Final fidelity: 0.783567142427679
2019-02-28 16:01:35,996 [MainThread  ][INFO ]  Final parameters: [  4.65184293e+00   3.66799208e-01   1.44931944e-03]
2019-02-28 16:01:35,996 [MainThread  ][INFO ]  Fidelity: 0.783567142427679
2019-02-28 16:01:35,996 [MainThread  ][INFO ]  ---- Starting iteration 12/100
2019-02-28 16:01:35,996 [MainThread  ][DEBUG]  Setting hyperparameter tf=0.5333333333333333
2019-02-28 16:01:35,996 [MainThread  ][INFO ]  Starting optimization for tf=0.5333333333333333
2019-02-28 16:01:35,996 [MainThread  ][DEBUG]  Optimization method: Nelder-Mead
2019-02-28 16:01:35,996 [MainThread  ][DEBUG]  Optimization options: None
2019-02-28 16:01:35,997 [MainThread  ][INFO ]  Initial parameter values: [ 0.27294754  0.26666667  9.77505201]
2019-02-28 16:04:16,148 [MainThread  ][INFO ]  Final fidelity: 0.7833001731966841
2019-02-28 16:04:16,151 [MainThread  ][INFO ]  Final parameters: [ 3.88674923  0.47395016  0.02189124]
2019-02-28 16:04:16,152 [MainThread  ][INFO ]  Fidelity: 0.7833001731966841
2019-02-28 16:04:16,152 [MainThread  ][INFO ]  ---- Starting iteration 13/100
2019-02-28 16:04:16,152 [MainThread  ][DEBUG]  Setting hyperparameter tf=0.5727272727272726
2019-02-28 16:04:16,152 [MainThread  ][INFO ]  Starting optimization for tf=0.5727272727272726
2019-02-28 16:04:16,152 [MainThread  ][DEBUG]  Optimization method: Nelder-Mead
2019-02-28 16:04:16,152 [MainThread  ][DEBUG]  Optimization options: None
2019-02-28 16:04:16,152 [MainThread  ][INFO ]  Initial parameter values: [ 1.27868327  0.28636364  7.12424417]
2019-02-28 16:06:00,769 [MainThread  ][INFO ]  Final fidelity: 0.7879935717646266
2019-02-28 16:06:00,772 [MainThread  ][INFO ]  Final parameters: [ 4.10452598  0.50151429 -0.23743361]
2019-02-28 16:06:00,772 [MainThread  ][INFO ]  Fidelity: 0.7879935717646266
2019-02-28 16:06:00,772 [MainThread  ][INFO ]  ---- Starting iteration 14/100
2019-02-28 16:06:00,773 [MainThread  ][DEBUG]  Setting hyperparameter tf=0.6121212121212121
2019-02-28 16:06:00,773 [MainThread  ][INFO ]  Starting optimization for tf=0.6121212121212121
2019-02-28 16:06:00,773 [MainThread  ][DEBUG]  Optimization method: Nelder-Mead
2019-02-28 16:06:00,773 [MainThread  ][DEBUG]  Optimization options: None
2019-02-28 16:06:00,773 [MainThread  ][INFO ]  Initial parameter values: [ 2.1584107   0.30606061  0.70139138]
2019-02-28 16:07:33,441 [MainThread  ][INFO ]  Final fidelity: 0.8123198909564743
2019-02-28 16:07:33,456 [MainThread  ][INFO ]  Final parameters: [ 6.32985128  0.29933295  0.02474025]
2019-02-28 16:07:33,456 [MainThread  ][INFO ]  Fidelity: 0.8123198909564743
2019-02-28 16:07:33,456 [MainThread  ][INFO ]  ---- Starting iteration 15/100
2019-02-28 16:07:33,456 [MainThread  ][DEBUG]  Setting hyperparameter tf=0.6515151515151515
2019-02-28 16:07:33,456 [MainThread  ][INFO ]  Starting optimization for tf=0.6515151515151515
2019-02-28 16:07:33,456 [MainThread  ][DEBUG]  Optimization method: Nelder-Mead
2019-02-28 16:07:33,456 [MainThread  ][DEBUG]  Optimization options: None
2019-02-28 16:07:33,456 [MainThread  ][INFO ]  Initial parameter values: [ 5.19768603  0.32575758  8.91636432]
2019-02-28 16:09:07,256 [MainThread  ][INFO ]  Final fidelity: 0.8155395260184002
2019-02-28 16:09:07,259 [MainThread  ][INFO ]  Final parameters: [ 5.91070874  0.34165936  0.01656769]
2019-02-28 16:09:07,259 [MainThread  ][INFO ]  Fidelity: 0.8155395260184002
2019-02-28 16:09:07,259 [MainThread  ][INFO ]  ---- Starting iteration 16/100
2019-02-28 16:09:07,259 [MainThread  ][DEBUG]  Setting hyperparameter tf=0.6909090909090908
2019-02-28 16:09:07,259 [MainThread  ][INFO ]  Starting optimization for tf=0.6909090909090908
2019-02-28 16:09:07,259 [MainThread  ][DEBUG]  Optimization method: Nelder-Mead
2019-02-28 16:09:07,259 [MainThread  ][DEBUG]  Optimization options: None
2019-02-28 16:09:07,260 [MainThread  ][INFO ]  Initial parameter values: [ 6.65361773  0.34545455  8.88095291]
2019-02-28 16:10:40,572 [MainThread  ][INFO ]  Final fidelity: 0.8030146316509162
2019-02-28 16:10:40,574 [MainThread  ][INFO ]  Final parameters: [ 4.41257991  0.55873934 -0.08653448]
2019-02-28 16:10:40,574 [MainThread  ][INFO ]  Fidelity: 0.8030146316509162
2019-02-28 16:10:40,574 [MainThread  ][INFO ]  ---- Starting iteration 17/100
2019-02-28 16:10:40,575 [MainThread  ][DEBUG]  Setting hyperparameter tf=0.7303030303030302
2019-02-28 16:10:40,575 [MainThread  ][INFO ]  Starting optimization for tf=0.7303030303030302
2019-02-28 16:10:40,575 [MainThread  ][DEBUG]  Optimization method: Nelder-Mead
2019-02-28 16:10:40,575 [MainThread  ][DEBUG]  Optimization options: None
2019-02-28 16:10:40,575 [MainThread  ][INFO ]  Initial parameter values: [ 1.19072455  0.36515152  7.64806556]
2019-02-28 16:12:27,467 [MainThread  ][INFO ]  Final fidelity: 0.8348789445263184
2019-02-28 16:12:27,471 [MainThread  ][INFO ]  Final parameters: [ 6.3796994   0.35674175  0.01311089]
2019-02-28 16:12:27,471 [MainThread  ][INFO ]  Fidelity: 0.8348789445263184
2019-02-28 16:12:27,471 [MainThread  ][INFO ]  ---- Starting iteration 18/100
2019-02-28 16:12:27,471 [MainThread  ][DEBUG]  Setting hyperparameter tf=0.7696969696969697
2019-02-28 16:12:27,471 [MainThread  ][INFO ]  Starting optimization for tf=0.7696969696969697
2019-02-28 16:12:27,471 [MainThread  ][DEBUG]  Optimization method: Nelder-Mead
2019-02-28 16:12:27,471 [MainThread  ][DEBUG]  Optimization options: None
2019-02-28 16:12:27,472 [MainThread  ][INFO ]  Initial parameter values: [ 4.74175228  0.38484848  2.55711141]
2019-02-28 16:13:45,030 [MainThread  ][INFO ]  Final fidelity: 0.8584194890961937
2019-02-28 16:13:45,039 [MainThread  ][INFO ]  Final parameters: [ 9.84249587  0.18653258  0.40169301]
2019-02-28 16:13:45,039 [MainThread  ][INFO ]  Fidelity: 0.8584194890961937
2019-02-28 16:13:45,039 [MainThread  ][INFO ]  ---- Starting iteration 19/100
2019-02-28 16:13:45,040 [MainThread  ][DEBUG]  Setting hyperparameter tf=0.809090909090909
2019-02-28 16:13:45,040 [MainThread  ][INFO ]  Starting optimization for tf=0.809090909090909
2019-02-28 16:13:45,040 [MainThread  ][DEBUG]  Optimization method: Nelder-Mead
2019-02-28 16:13:45,040 [MainThread  ][DEBUG]  Optimization options: None
2019-02-28 16:13:45,040 [MainThread  ][INFO ]  Initial parameter values: [ 6.02934457  0.40454545  9.52204886]
2019-02-28 16:14:59,761 [MainThread  ][INFO ]  Final fidelity: 0.8563303959982413
2019-02-28 16:14:59,771 [MainThread  ][INFO ]  Final parameters: [ 6.89751594  0.36575788  0.011163  ]
2019-02-28 16:14:59,771 [MainThread  ][INFO ]  Fidelity: 0.8563303959982413
2019-02-28 16:14:59,771 [MainThread  ][INFO ]  ---- Starting iteration 20/100
2019-02-28 16:14:59,771 [MainThread  ][DEBUG]  Setting hyperparameter tf=0.8484848484848484
2019-02-28 16:14:59,771 [MainThread  ][INFO ]  Starting optimization for tf=0.8484848484848484
2019-02-28 16:14:59,771 [MainThread  ][DEBUG]  Optimization method: Nelder-Mead
2019-02-28 16:14:59,772 [MainThread  ][DEBUG]  Optimization options: None
2019-02-28 16:14:59,772 [MainThread  ][INFO ]  Initial parameter values: [ 3.98759385  0.42424242  7.91263953]
2019-02-28 16:16:36,886 [MainThread  ][INFO ]  Final fidelity: 0.8256781328529202
2019-02-28 16:16:36,887 [MainThread  ][INFO ]  Final parameters: [ 4.49577926  0.66234659  0.01536748]
2019-02-28 16:16:36,887 [MainThread  ][INFO ]  Fidelity: 0.8256781328529202
2019-02-28 16:16:36,887 [MainThread  ][INFO ]  ---- Starting iteration 21/100
2019-02-28 16:16:36,887 [MainThread  ][DEBUG]  Setting hyperparameter tf=0.8878787878787878
2019-02-28 16:16:36,887 [MainThread  ][INFO ]  Starting optimization for tf=0.8878787878787878
2019-02-28 16:16:36,888 [MainThread  ][DEBUG]  Optimization method: Nelder-Mead
2019-02-28 16:16:36,888 [MainThread  ][DEBUG]  Optimization options: None
2019-02-28 16:16:36,888 [MainThread  ][INFO ]  Initial parameter values: [ 8.91441861  0.44393939  1.12552055]
2019-02-28 16:18:06,564 [MainThread  ][INFO ]  Final fidelity: 0.8689092898142973
2019-02-28 16:18:06,565 [MainThread  ][INFO ]  Final parameters: [ 6.45716403  0.43951703  0.04494246]
2019-02-28 16:18:06,565 [MainThread  ][INFO ]  Fidelity: 0.8689092898142973
2019-02-28 16:18:06,566 [MainThread  ][INFO ]  ---- Starting iteration 22/100
2019-02-28 16:18:06,566 [MainThread  ][DEBUG]  Setting hyperparameter tf=0.9272727272727271
2019-02-28 16:18:06,566 [MainThread  ][INFO ]  Starting optimization for tf=0.9272727272727271
2019-02-28 16:18:06,566 [MainThread  ][DEBUG]  Optimization method: Nelder-Mead
2019-02-28 16:18:06,566 [MainThread  ][DEBUG]  Optimization options: None
2019-02-28 16:18:06,566 [MainThread  ][INFO ]  Initial parameter values: [ 8.43841348  0.46363636  8.7915539 ]
2019-02-28 16:19:36,751 [MainThread  ][INFO ]  Final fidelity: 0.826543106667274
2019-02-28 16:19:36,752 [MainThread  ][INFO ]  Final parameters: [  4.19544156e+00   7.98968896e-01  -1.96876500e-03]
2019-02-28 16:19:36,752 [MainThread  ][INFO ]  Fidelity: 0.826543106667274
2019-02-28 16:19:36,752 [MainThread  ][INFO ]  ---- Starting iteration 23/100
2019-02-28 16:19:36,752 [MainThread  ][DEBUG]  Setting hyperparameter tf=0.9666666666666666
2019-02-28 16:19:36,752 [MainThread  ][INFO ]  Starting optimization for tf=0.9666666666666666
2019-02-28 16:19:36,752 [MainThread  ][DEBUG]  Optimization method: Nelder-Mead
2019-02-28 16:19:36,752 [MainThread  ][DEBUG]  Optimization options: None
2019-02-28 16:19:36,752 [MainThread  ][INFO ]  Initial parameter values: [ 0.83827329  0.48333333  0.48900223]
2019-02-28 16:21:12,288 [MainThread  ][INFO ]  Final fidelity: 0.8496221220267832
2019-02-28 16:21:12,292 [MainThread  ][INFO ]  Final parameters: [ 4.7393911   0.7165811   0.01159176]
2019-02-28 16:21:12,292 [MainThread  ][INFO ]  Fidelity: 0.8496221220267832
2019-02-28 16:21:12,292 [MainThread  ][INFO ]  ---- Starting iteration 24/100
2019-02-28 16:21:12,293 [MainThread  ][DEBUG]  Setting hyperparameter tf=1.006060606060606
2019-02-28 16:21:12,293 [MainThread  ][INFO ]  Starting optimization for tf=1.006060606060606
2019-02-28 16:21:12,293 [MainThread  ][DEBUG]  Optimization method: Nelder-Mead
2019-02-28 16:21:12,293 [MainThread  ][DEBUG]  Optimization options: None
2019-02-28 16:21:12,293 [MainThread  ][INFO ]  Initial parameter values: [ 1.09600866  0.5030303   6.04709717]
2019-02-28 16:23:18,398 [MainThread  ][INFO ]  Final fidelity: 0.9282877925619483
2019-02-28 16:23:18,401 [MainThread  ][INFO ]  Final parameters: [ 9.17747019  0.30920891  0.01485882]
2019-02-28 16:23:18,401 [MainThread  ][INFO ]  Fidelity: 0.9282877925619483
2019-02-28 16:23:18,401 [MainThread  ][INFO ]  ---- Starting iteration 25/100
2019-02-28 16:23:18,401 [MainThread  ][DEBUG]  Setting hyperparameter tf=1.0454545454545454
2019-02-28 16:23:18,401 [MainThread  ][INFO ]  Starting optimization for tf=1.0454545454545454
2019-02-28 16:23:18,401 [MainThread  ][DEBUG]  Optimization method: Nelder-Mead
2019-02-28 16:23:18,401 [MainThread  ][DEBUG]  Optimization options: None
2019-02-28 16:23:18,402 [MainThread  ][INFO ]  Initial parameter values: [ 6.54039961  0.52272727  0.3660071 ]
2019-02-28 16:24:14,522 [MainThread  ][INFO ]  Final fidelity: 0.9019607068954675
2019-02-28 16:24:14,533 [MainThread  ][INFO ]  Final parameters: [ 6.35555971  0.54379276  0.37661762]
2019-02-28 16:24:14,533 [MainThread  ][INFO ]  Fidelity: 0.9019607068954675
2019-02-28 16:24:14,534 [MainThread  ][INFO ]  ---- Starting iteration 26/100
2019-02-28 16:24:14,534 [MainThread  ][DEBUG]  Setting hyperparameter tf=1.0848484848484847
2019-02-28 16:24:14,534 [MainThread  ][INFO ]  Starting optimization for tf=1.0848484848484847
2019-02-28 16:24:14,534 [MainThread  ][DEBUG]  Optimization method: Nelder-Mead
2019-02-28 16:24:14,534 [MainThread  ][DEBUG]  Optimization options: None
2019-02-28 16:24:14,534 [MainThread  ][INFO ]  Initial parameter values: [ 2.37393525  0.54242424  1.26246629]
2019-02-28 16:25:25,354 [MainThread  ][INFO ]  Final fidelity: 0.8767182068303582
2019-02-28 16:25:25,355 [MainThread  ][INFO ]  Final parameters: [ 4.98314062  0.76813103 -0.05198354]
2019-02-28 16:25:25,355 [MainThread  ][INFO ]  Fidelity: 0.8767182068303582
2019-02-28 16:25:25,355 [MainThread  ][INFO ]  ---- Starting iteration 27/100
2019-02-28 16:25:25,355 [MainThread  ][DEBUG]  Setting hyperparameter tf=1.1242424242424243
2019-02-28 16:25:25,356 [MainThread  ][INFO ]  Starting optimization for tf=1.1242424242424243
2019-02-28 16:25:25,356 [MainThread  ][DEBUG]  Optimization method: Nelder-Mead
2019-02-28 16:25:25,356 [MainThread  ][DEBUG]  Optimization options: None
2019-02-28 16:25:25,356 [MainThread  ][INFO ]  Initial parameter values: [ 2.34585448  0.56212121  8.68624202]
2019-02-28 16:27:23,745 [MainThread  ][INFO ]  Final fidelity: 0.8632124003774319
2019-02-28 16:27:23,773 [MainThread  ][INFO ]  Final parameters: [ 4.43069538  0.92976398 -0.02816465]
2019-02-28 16:27:23,773 [MainThread  ][INFO ]  Fidelity: 0.8632124003774319
2019-02-28 16:27:23,773 [MainThread  ][INFO ]  ---- Starting iteration 28/100
2019-02-28 16:27:23,773 [MainThread  ][DEBUG]  Setting hyperparameter tf=1.1636363636363636
2019-02-28 16:27:23,773 [MainThread  ][INFO ]  Starting optimization for tf=1.1636363636363636
2019-02-28 16:27:23,773 [MainThread  ][DEBUG]  Optimization method: Nelder-Mead
2019-02-28 16:27:23,774 [MainThread  ][DEBUG]  Optimization options: None
2019-02-28 16:27:23,774 [MainThread  ][INFO ]  Initial parameter values: [ 6.52214679  0.58181818  2.76115286]
2019-02-28 16:28:26,713 [MainThread  ][INFO ]  Final fidelity: 0.9325852842880992
2019-02-28 16:28:26,719 [MainThread  ][INFO ]  Final parameters: [ 6.49044299  0.60087035  0.01130313]
2019-02-28 16:28:26,719 [MainThread  ][INFO ]  Fidelity: 0.9325852842880992
2019-02-28 16:28:26,719 [MainThread  ][INFO ]  ---- Starting iteration 29/100
2019-02-28 16:28:26,720 [MainThread  ][DEBUG]  Setting hyperparameter tf=1.2030303030303031
2019-02-28 16:28:26,720 [MainThread  ][INFO ]  Starting optimization for tf=1.2030303030303031
2019-02-28 16:28:26,720 [MainThread  ][DEBUG]  Optimization method: Nelder-Mead
2019-02-28 16:28:26,720 [MainThread  ][DEBUG]  Optimization options: None
2019-02-28 16:28:26,720 [MainThread  ][INFO ]  Initial parameter values: [ 2.27625535  0.60151515  2.62398313]
2019-02-28 16:29:41,600 [MainThread  ][INFO ]  Final fidelity: 0.9750599120381521
2019-02-28 16:29:41,607 [MainThread  ][INFO ]  Final parameters: [ 9.9999376   0.32502097 -0.23670917]
2019-02-28 16:29:41,607 [MainThread  ][INFO ]  Fidelity: 0.9750599120381521
2019-02-28 16:29:41,607 [MainThread  ][INFO ]  ---- Starting iteration 30/100
2019-02-28 16:29:41,607 [MainThread  ][DEBUG]  Setting hyperparameter tf=1.2424242424242424
2019-02-28 16:29:41,608 [MainThread  ][INFO ]  Starting optimization for tf=1.2424242424242424
2019-02-28 16:29:41,608 [MainThread  ][DEBUG]  Optimization method: Nelder-Mead
2019-02-28 16:29:41,608 [MainThread  ][DEBUG]  Optimization options: None
2019-02-28 16:29:41,608 [MainThread  ][INFO ]  Initial parameter values: [ 0.2913953   0.62121212  7.89670907]
2019-02-28 16:31:56,707 [MainThread  ][INFO ]  Final fidelity: 0.9656690736089221
2019-02-28 16:31:56,724 [MainThread  ][INFO ]  Final parameters: [ 7.41927343  0.55006755  0.0281899 ]
2019-02-28 16:31:56,724 [MainThread  ][INFO ]  Fidelity: 0.9656690736089221
2019-02-28 16:31:56,725 [MainThread  ][INFO ]  ---- Starting iteration 31/100
2019-02-28 16:31:56,725 [MainThread  ][DEBUG]  Setting hyperparameter tf=1.2818181818181817
2019-02-28 16:31:56,725 [MainThread  ][INFO ]  Starting optimization for tf=1.2818181818181817
2019-02-28 16:31:56,725 [MainThread  ][DEBUG]  Optimization method: Nelder-Mead
2019-02-28 16:31:56,725 [MainThread  ][DEBUG]  Optimization options: None
2019-02-28 16:31:56,725 [MainThread  ][INFO ]  Initial parameter values: [ 1.7045428   0.64090909  0.62493155]
2019-02-28 16:33:55,893 [MainThread  ][INFO ]  Final fidelity: 0.8617639800902466
2019-02-28 16:33:55,895 [MainThread  ][INFO ]  Final parameters: [ 3.91808478  1.21833833  0.01154242]
2019-02-28 16:33:55,895 [MainThread  ][INFO ]  Fidelity: 0.8617639800902466
2019-02-28 16:33:55,895 [MainThread  ][INFO ]  ---- Starting iteration 32/100
2019-02-28 16:33:55,895 [MainThread  ][DEBUG]  Setting hyperparameter tf=1.3212121212121213
2019-02-28 16:33:55,895 [MainThread  ][INFO ]  Starting optimization for tf=1.3212121212121213
2019-02-28 16:33:55,895 [MainThread  ][DEBUG]  Optimization method: Nelder-Mead
2019-02-28 16:33:55,895 [MainThread  ][DEBUG]  Optimization options: None
2019-02-28 16:33:55,896 [MainThread  ][INFO ]  Initial parameter values: [ 3.91157997  0.66060606  5.19859729]
2019-02-28 16:35:14,623 [MainThread  ][INFO ]  Final fidelity: 0.9476378942003502
2019-02-28 16:35:14,623 [MainThread  ][INFO ]  Final parameters: [ 5.78343157  0.81332744  0.01654265]
2019-02-28 16:35:14,624 [MainThread  ][INFO ]  Fidelity: 0.9476378942003502
2019-02-28 16:35:14,624 [MainThread  ][INFO ]  ---- Starting iteration 33/100
2019-02-28 16:35:14,624 [MainThread  ][DEBUG]  Setting hyperparameter tf=1.3606060606060606
2019-02-28 16:35:14,624 [MainThread  ][INFO ]  Starting optimization for tf=1.3606060606060606
2019-02-28 16:35:14,624 [MainThread  ][DEBUG]  Optimization method: Nelder-Mead
2019-02-28 16:35:14,624 [MainThread  ][DEBUG]  Optimization options: None
2019-02-28 16:35:14,625 [MainThread  ][INFO ]  Initial parameter values: [ 1.99468723  0.68030303  6.54671243]
2019-02-28 16:37:02,516 [MainThread  ][INFO ]  Final fidelity: 0.8825204721869216
2019-02-28 16:37:02,525 [MainThread  ][INFO ]  Final parameters: [  4.15003134e+00   1.23212958e+00  -1.67547886e-03]
2019-02-28 16:37:02,525 [MainThread  ][INFO ]  Fidelity: 0.8825204721869216
2019-02-28 16:37:02,525 [MainThread  ][INFO ]  ---- Starting iteration 34/100
2019-02-28 16:37:02,526 [MainThread  ][DEBUG]  Setting hyperparameter tf=1.4
2019-02-28 16:37:02,526 [MainThread  ][INFO ]  Starting optimization for tf=1.4
2019-02-28 16:37:02,526 [MainThread  ][DEBUG]  Optimization method: Nelder-Mead
2019-02-28 16:37:02,526 [MainThread  ][DEBUG]  Optimization options: None
2019-02-28 16:37:02,526 [MainThread  ][INFO ]  Initial parameter values: [ 8.49718566  0.7         0.06522359]
2019-02-28 16:37:46,633 [MainThread  ][INFO ]  Final fidelity: 0.988651587076287
2019-02-28 16:37:46,649 [MainThread  ][INFO ]  Final parameters: [ 7.26607941  0.65094158  0.07333733]
2019-02-28 16:37:46,649 [MainThread  ][INFO ]  Fidelity: 0.988651587076287
2019-02-28 16:37:46,649 [MainThread  ][INFO ]  ---- Starting iteration 35/100
2019-02-28 16:37:46,650 [MainThread  ][DEBUG]  Setting hyperparameter tf=1.4393939393939394
2019-02-28 16:37:46,650 [MainThread  ][INFO ]  Starting optimization for tf=1.4393939393939394
2019-02-28 16:37:46,650 [MainThread  ][DEBUG]  Optimization method: Nelder-Mead
2019-02-28 16:37:46,650 [MainThread  ][DEBUG]  Optimization options: None
2019-02-28 16:37:46,650 [MainThread  ][INFO ]  Initial parameter values: [ 7.90512209  0.71969697  8.29027744]
2019-02-28 16:39:27,360 [MainThread  ][INFO ]  Final fidelity: 0.9309768842355551
2019-02-28 16:39:27,364 [MainThread  ][INFO ]  Final parameters: [ 4.80749636  1.11940765  0.00602239]
2019-02-28 16:39:27,365 [MainThread  ][INFO ]  Fidelity: 0.9309768842355551
2019-02-28 16:39:27,365 [MainThread  ][INFO ]  ---- Starting iteration 36/100
2019-02-28 16:39:27,365 [MainThread  ][DEBUG]  Setting hyperparameter tf=1.4787878787878788
2019-02-28 16:39:27,365 [MainThread  ][INFO ]  Starting optimization for tf=1.4787878787878788
2019-02-28 16:39:27,365 [MainThread  ][DEBUG]  Optimization method: Nelder-Mead
2019-02-28 16:39:27,365 [MainThread  ][DEBUG]  Optimization options: None
2019-02-28 16:39:27,365 [MainThread  ][INFO ]  Initial parameter values: [ 8.03112224  0.73939394  9.12521025]
2019-02-28 16:40:59,970 [MainThread  ][INFO ]  Final fidelity: 0.9216268041806004
2019-02-28 16:40:59,974 [MainThread  ][INFO ]  Final parameters: [ 4.54291018  1.22682111  0.01401248]
2019-02-28 16:40:59,974 [MainThread  ][INFO ]  Fidelity: 0.9216268041806004
2019-02-28 16:40:59,974 [MainThread  ][INFO ]  ---- Starting iteration 37/100
2019-02-28 16:40:59,974 [MainThread  ][DEBUG]  Setting hyperparameter tf=1.518181818181818
2019-02-28 16:40:59,974 [MainThread  ][INFO ]  Starting optimization for tf=1.518181818181818
2019-02-28 16:40:59,974 [MainThread  ][DEBUG]  Optimization method: Nelder-Mead
2019-02-28 16:40:59,974 [MainThread  ][DEBUG]  Optimization options: None
2019-02-28 16:40:59,975 [MainThread  ][INFO ]  Initial parameter values: [ 7.3429832   0.75909091  8.22279846]
2019-02-28 16:42:16,840 [MainThread  ][INFO ]  Final fidelity: 0.9509647771588917
2019-02-28 16:42:16,845 [MainThread  ][INFO ]  Final parameters: [ 4.97417401  1.13954407  0.00852932]
2019-02-28 16:42:16,845 [MainThread  ][INFO ]  Fidelity: 0.9509647771588917
2019-02-28 16:42:16,845 [MainThread  ][INFO ]  ---- Starting iteration 38/100
2019-02-28 16:42:16,845 [MainThread  ][DEBUG]  Setting hyperparameter tf=1.5575757575757576
2019-02-28 16:42:16,845 [MainThread  ][INFO ]  Starting optimization for tf=1.5575757575757576
2019-02-28 16:42:16,845 [MainThread  ][DEBUG]  Optimization method: Nelder-Mead
2019-02-28 16:42:16,845 [MainThread  ][DEBUG]  Optimization options: None
2019-02-28 16:42:16,845 [MainThread  ][INFO ]  Initial parameter values: [ 9.78178421  0.77878788  2.3660388 ]
2019-02-28 16:43:51,629 [MainThread  ][INFO ]  Final fidelity: 0.9926140092059194
2019-02-28 16:43:51,659 [MainThread  ][INFO ]  Final parameters: [ 7.63871015  0.61810806  1.93735213]
2019-02-28 16:43:51,659 [MainThread  ][INFO ]  Fidelity: 0.9926140092059194
2019-02-28 16:43:51,659 [MainThread  ][INFO ]  ---- Starting iteration 39/100
2019-02-28 16:43:51,659 [MainThread  ][DEBUG]  Setting hyperparameter tf=1.596969696969697
2019-02-28 16:43:51,659 [MainThread  ][INFO ]  Starting optimization for tf=1.596969696969697
2019-02-28 16:43:51,659 [MainThread  ][DEBUG]  Optimization method: Nelder-Mead
2019-02-28 16:43:51,660 [MainThread  ][DEBUG]  Optimization options: None
2019-02-28 16:43:51,660 [MainThread  ][INFO ]  Initial parameter values: [ 4.07829527  0.79848485  9.39925997]
2019-02-28 16:45:20,252 [MainThread  ][INFO ]  Final fidelity: 0.9955965776080792
2019-02-28 16:45:20,253 [MainThread  ][INFO ]  Final parameters: [ 6.35792786  0.91008797  0.16536722]
2019-02-28 16:45:20,254 [MainThread  ][INFO ]  Fidelity: 0.9955965776080792
2019-02-28 16:45:20,254 [MainThread  ][INFO ]  ---- Starting iteration 40/100
2019-02-28 16:45:20,254 [MainThread  ][DEBUG]  Setting hyperparameter tf=1.6363636363636362
2019-02-28 16:45:20,254 [MainThread  ][INFO ]  Starting optimization for tf=1.6363636363636362
2019-02-28 16:45:20,254 [MainThread  ][DEBUG]  Optimization method: Nelder-Mead
2019-02-28 16:45:20,254 [MainThread  ][DEBUG]  Optimization options: None
2019-02-28 16:45:20,254 [MainThread  ][INFO ]  Initial parameter values: [ 2.64986775  0.81818182  8.48586724]
2019-02-28 16:47:15,249 [MainThread  ][INFO ]  Final fidelity: 0.9447167813109135
2019-02-28 16:47:15,259 [MainThread  ][INFO ]  Final parameters: [ 4.5423533   1.37974479  0.01859161]
2019-02-28 16:47:15,259 [MainThread  ][INFO ]  Fidelity: 0.9447167813109135
2019-02-28 16:47:15,260 [MainThread  ][INFO ]  ---- Starting iteration 41/100
2019-02-28 16:47:15,260 [MainThread  ][DEBUG]  Setting hyperparameter tf=1.6757575757575758
2019-02-28 16:47:15,260 [MainThread  ][INFO ]  Starting optimization for tf=1.6757575757575758
2019-02-28 16:47:15,260 [MainThread  ][DEBUG]  Optimization method: Nelder-Mead
2019-02-28 16:47:15,260 [MainThread  ][DEBUG]  Optimization options: None
2019-02-28 16:47:15,260 [MainThread  ][INFO ]  Initial parameter values: [ 8.62527482  0.83787879  4.99861808]
2019-02-28 16:48:58,752 [MainThread  ][INFO ]  Final fidelity: 0.9951708647153306
2019-02-28 16:48:58,753 [MainThread  ][INFO ]  Final parameters: [ 5.96469431  1.04740976  0.09762429]
2019-02-28 16:48:58,753 [MainThread  ][INFO ]  Fidelity: 0.9951708647153306
2019-02-28 16:48:58,753 [MainThread  ][INFO ]  ---- Starting iteration 42/100
2019-02-28 16:48:58,754 [MainThread  ][DEBUG]  Setting hyperparameter tf=1.715151515151515
2019-02-28 16:48:58,754 [MainThread  ][INFO ]  Starting optimization for tf=1.715151515151515
2019-02-28 16:48:58,754 [MainThread  ][DEBUG]  Optimization method: Nelder-Mead
2019-02-28 16:48:58,754 [MainThread  ][DEBUG]  Optimization options: None
2019-02-28 16:48:58,754 [MainThread  ][INFO ]  Initial parameter values: [ 8.74680965  0.85757576  0.08124387]
2019-02-28 16:49:43,722 [MainThread  ][INFO ]  Final fidelity: 0.9859785656284454
2019-02-28 16:49:43,725 [MainThread  ][INFO ]  Final parameters: [ 6.83685798  0.90549091  0.08823244]
2019-02-28 16:49:43,725 [MainThread  ][INFO ]  Fidelity: 0.9859785656284454
2019-02-28 16:49:43,726 [MainThread  ][INFO ]  ---- Starting iteration 43/100
2019-02-28 16:49:43,726 [MainThread  ][DEBUG]  Setting hyperparameter tf=1.7545454545454544
2019-02-28 16:49:43,726 [MainThread  ][INFO ]  Starting optimization for tf=1.7545454545454544
2019-02-28 16:49:43,726 [MainThread  ][DEBUG]  Optimization method: Nelder-Mead
2019-02-28 16:49:43,726 [MainThread  ][DEBUG]  Optimization options: None
2019-02-28 16:49:43,726 [MainThread  ][INFO ]  Initial parameter values: [ 1.80567449  0.87727273  8.78382869]
2019-02-28 16:51:09,014 [MainThread  ][INFO ]  Final fidelity: 0.994478813399043
2019-02-28 16:51:09,015 [MainThread  ][INFO ]  Final parameters: [ 6.17885704  0.94074253  2.13768864]
2019-02-28 16:51:09,015 [MainThread  ][INFO ]  Fidelity: 0.994478813399043
2019-02-28 16:51:09,016 [MainThread  ][INFO ]  ---- Starting iteration 44/100
2019-02-28 16:51:09,016 [MainThread  ][DEBUG]  Setting hyperparameter tf=1.793939393939394
2019-02-28 16:51:09,016 [MainThread  ][INFO ]  Starting optimization for tf=1.793939393939394
2019-02-28 16:51:09,016 [MainThread  ][DEBUG]  Optimization method: Nelder-Mead
2019-02-28 16:51:09,016 [MainThread  ][DEBUG]  Optimization options: None
2019-02-28 16:51:09,016 [MainThread  ][INFO ]  Initial parameter values: [ 3.72813896  0.8969697   1.74759315]
2019-02-28 16:52:45,428 [MainThread  ][INFO ]  Final fidelity: 0.9927141475867596
2019-02-28 16:52:45,431 [MainThread  ][INFO ]  Final parameters: [ 5.33631428  1.29193194  0.05844031]
2019-02-28 16:52:45,431 [MainThread  ][INFO ]  Fidelity: 0.9927141475867596
2019-02-28 16:52:45,431 [MainThread  ][INFO ]  ---- Starting iteration 45/100
2019-02-28 16:52:45,432 [MainThread  ][DEBUG]  Setting hyperparameter tf=1.8333333333333333
2019-02-28 16:52:45,432 [MainThread  ][INFO ]  Starting optimization for tf=1.8333333333333333
2019-02-28 16:52:45,432 [MainThread  ][DEBUG]  Optimization method: Nelder-Mead
2019-02-28 16:52:45,432 [MainThread  ][DEBUG]  Optimization options: None
2019-02-28 16:52:45,432 [MainThread  ][INFO ]  Initial parameter values: [ 4.84696157  0.91666667  9.03521124]
2019-02-28 16:54:03,016 [MainThread  ][INFO ]  Final fidelity: 0.9982161140207869
2019-02-28 16:54:03,032 [MainThread  ][INFO ]  Final parameters: [ 5.70307341  1.15367696  1.76448371]
2019-02-28 16:54:03,032 [MainThread  ][INFO ]  Fidelity: 0.9982161140207869
2019-02-28 16:54:03,033 [MainThread  ][INFO ]  ---- Starting iteration 46/100
2019-02-28 16:54:03,033 [MainThread  ][DEBUG]  Setting hyperparameter tf=1.8727272727272726
2019-02-28 16:54:03,033 [MainThread  ][INFO ]  Starting optimization for tf=1.8727272727272726
2019-02-28 16:54:03,033 [MainThread  ][DEBUG]  Optimization method: Nelder-Mead
2019-02-28 16:54:03,033 [MainThread  ][DEBUG]  Optimization options: None
2019-02-28 16:54:03,033 [MainThread  ][INFO ]  Initial parameter values: [ 9.27123991  0.93636364  3.02772264]
2019-02-28 16:55:05,958 [MainThread  ][INFO ]  Final fidelity: 0.995553164563459
2019-02-28 16:55:05,959 [MainThread  ][INFO ]  Final parameters: [ 6.66012963  0.6751447   3.30241416]
2019-02-28 16:55:05,959 [MainThread  ][INFO ]  Fidelity: 0.995553164563459
2019-02-28 16:55:05,959 [MainThread  ][INFO ]  ---- Starting iteration 47/100
2019-02-28 16:55:05,959 [MainThread  ][DEBUG]  Setting hyperparameter tf=1.912121212121212
2019-02-28 16:55:05,959 [MainThread  ][INFO ]  Starting optimization for tf=1.912121212121212
2019-02-28 16:55:05,959 [MainThread  ][DEBUG]  Optimization method: Nelder-Mead
2019-02-28 16:55:05,959 [MainThread  ][DEBUG]  Optimization options: None
2019-02-28 16:55:05,960 [MainThread  ][INFO ]  Initial parameter values: [ 2.4996139   0.95606061  3.66839431]
2019-02-28 16:56:38,298 [MainThread  ][INFO ]  Final fidelity: 0.9934874722291351
2019-02-28 16:56:38,350 [MainThread  ][INFO ]  Final parameters: [ 7.05041888  0.54879161  3.52726986]
2019-02-28 16:56:38,350 [MainThread  ][INFO ]  Fidelity: 0.9934874722291351
2019-02-28 16:56:38,350 [MainThread  ][INFO ]  ---- Starting iteration 48/100
2019-02-28 16:56:38,351 [MainThread  ][DEBUG]  Setting hyperparameter tf=1.9515151515151514
2019-02-28 16:56:38,351 [MainThread  ][INFO ]  Starting optimization for tf=1.9515151515151514
2019-02-28 16:56:38,351 [MainThread  ][DEBUG]  Optimization method: Nelder-Mead
2019-02-28 16:56:38,351 [MainThread  ][DEBUG]  Optimization options: None
2019-02-28 16:56:38,351 [MainThread  ][INFO ]  Initial parameter values: [ 2.90642872  0.97575758  5.78809213]
2019-02-28 16:57:49,956 [MainThread  ][INFO ]  Final fidelity: 0.9983841685271763
2019-02-28 16:57:49,970 [MainThread  ][INFO ]  Final parameters: [ 5.64589364  1.0969824   2.82851129]
2019-02-28 16:57:49,970 [MainThread  ][INFO ]  Fidelity: 0.9983841685271763
2019-02-28 16:57:49,970 [MainThread  ][INFO ]  ---- Starting iteration 49/100
2019-02-28 16:57:49,970 [MainThread  ][DEBUG]  Setting hyperparameter tf=1.9909090909090907
2019-02-28 16:57:49,970 [MainThread  ][INFO ]  Starting optimization for tf=1.9909090909090907
2019-02-28 16:57:49,970 [MainThread  ][DEBUG]  Optimization method: Nelder-Mead
2019-02-28 16:57:49,970 [MainThread  ][DEBUG]  Optimization options: None
2019-02-28 16:57:49,971 [MainThread  ][INFO ]  Initial parameter values: [ 5.4296708   0.99545455  8.81487476]
2019-02-28 16:59:34,918 [MainThread  ][INFO ]  Final fidelity: 0.9937887854809347
2019-02-28 16:59:34,944 [MainThread  ][INFO ]  Final parameters: [ 4.90309906  1.61137387  0.01609992]
2019-02-28 16:59:34,944 [MainThread  ][INFO ]  Fidelity: 0.9937887854809347
2019-02-28 16:59:34,945 [MainThread  ][INFO ]  ---- Starting iteration 50/100
2019-02-28 16:59:34,945 [MainThread  ][DEBUG]  Setting hyperparameter tf=2.0303030303030303
2019-02-28 16:59:34,945 [MainThread  ][INFO ]  Starting optimization for tf=2.0303030303030303
2019-02-28 16:59:34,945 [MainThread  ][DEBUG]  Optimization method: Nelder-Mead
2019-02-28 16:59:34,945 [MainThread  ][DEBUG]  Optimization options: None
2019-02-28 16:59:34,945 [MainThread  ][INFO ]  Initial parameter values: [ 7.95281972  1.01515152  6.03664442]
2019-02-28 17:01:25,184 [MainThread  ][INFO ]  Final fidelity: 0.9945523396820249
2019-02-28 17:01:25,195 [MainThread  ][INFO ]  Final parameters: [ 4.86771575  1.65602593  0.03363722]
2019-02-28 17:01:25,196 [MainThread  ][INFO ]  Fidelity: 0.9945523396820249
2019-02-28 17:01:25,196 [MainThread  ][INFO ]  ---- Starting iteration 51/100
2019-02-28 17:01:25,196 [MainThread  ][DEBUG]  Setting hyperparameter tf=2.0696969696969694
2019-02-28 17:01:25,196 [MainThread  ][INFO ]  Starting optimization for tf=2.0696969696969694
2019-02-28 17:01:25,196 [MainThread  ][DEBUG]  Optimization method: Nelder-Mead
2019-02-28 17:01:25,196 [MainThread  ][DEBUG]  Optimization options: None
2019-02-28 17:01:25,196 [MainThread  ][INFO ]  Initial parameter values: [ 9.86881079  1.03484848  1.73051433]
2019-02-28 17:02:31,890 [MainThread  ][INFO ]  Final fidelity: 0.9970109586694482
2019-02-28 17:02:31,890 [MainThread  ][INFO ]  Final parameters: [ 5.12334679  1.51167912  2.02173482]
2019-02-28 17:02:31,891 [MainThread  ][INFO ]  Fidelity: 0.9970109586694482
2019-02-28 17:02:31,891 [MainThread  ][INFO ]  ---- Starting iteration 52/100
2019-02-28 17:02:31,891 [MainThread  ][DEBUG]  Setting hyperparameter tf=2.109090909090909
2019-02-28 17:02:31,917 [MainThread  ][INFO ]  Starting optimization for tf=2.109090909090909
2019-02-28 17:02:31,917 [MainThread  ][DEBUG]  Optimization method: Nelder-Mead
2019-02-28 17:02:31,917 [MainThread  ][DEBUG]  Optimization options: None
2019-02-28 17:02:31,917 [MainThread  ][INFO ]  Initial parameter values: [ 4.44621747  1.05454545  3.78544476]
2019-02-28 17:03:30,622 [MainThread  ][INFO ]  Final fidelity: 0.9952384385215984
2019-02-28 17:03:30,624 [MainThread  ][INFO ]  Final parameters: [ 5.44154922  1.11099812  3.37708779]
2019-02-28 17:03:30,624 [MainThread  ][INFO ]  Fidelity: 0.9952384385215984
2019-02-28 17:03:30,624 [MainThread  ][INFO ]  ---- Starting iteration 53/100
2019-02-28 17:03:30,625 [MainThread  ][DEBUG]  Setting hyperparameter tf=2.1484848484848484
2019-02-28 17:03:30,625 [MainThread  ][INFO ]  Starting optimization for tf=2.1484848484848484
2019-02-28 17:03:30,625 [MainThread  ][DEBUG]  Optimization method: Nelder-Mead
2019-02-28 17:03:30,625 [MainThread  ][DEBUG]  Optimization options: None
2019-02-28 17:03:30,625 [MainThread  ][INFO ]  Initial parameter values: [ 7.76944528  1.07424242  6.4488701 ]
2019-02-28 17:05:17,007 [MainThread  ][INFO ]  Final fidelity: 0.9983965611851484
2019-02-28 17:05:17,030 [MainThread  ][INFO ]  Final parameters: [ 4.93713338  1.71545165  1.32189476]
2019-02-28 17:05:17,030 [MainThread  ][INFO ]  Fidelity: 0.9983965611851484
2019-02-28 17:05:17,030 [MainThread  ][INFO ]  ---- Starting iteration 54/100
2019-02-28 17:05:17,030 [MainThread  ][DEBUG]  Setting hyperparameter tf=2.187878787878788
2019-02-28 17:05:17,030 [MainThread  ][INFO ]  Starting optimization for tf=2.187878787878788
2019-02-28 17:05:17,030 [MainThread  ][DEBUG]  Optimization method: Nelder-Mead
2019-02-28 17:05:17,030 [MainThread  ][DEBUG]  Optimization options: None
2019-02-28 17:05:17,030 [MainThread  ][INFO ]  Initial parameter values: [ 6.08135821  1.09393939  8.48108951]
2019-02-28 17:06:34,824 [MainThread  ][INFO ]  Final fidelity: 0.9974806167734752
2019-02-28 17:06:34,835 [MainThread  ][INFO ]  Final parameters: [ 4.90708397  1.74724409  1.64409525]
2019-02-28 17:06:34,835 [MainThread  ][INFO ]  Fidelity: 0.9974806167734752
2019-02-28 17:06:34,836 [MainThread  ][INFO ]  ---- Starting iteration 55/100
2019-02-28 17:06:34,836 [MainThread  ][DEBUG]  Setting hyperparameter tf=2.227272727272727
2019-02-28 17:06:34,836 [MainThread  ][INFO ]  Starting optimization for tf=2.227272727272727
2019-02-28 17:06:34,836 [MainThread  ][DEBUG]  Optimization method: Nelder-Mead
2019-02-28 17:06:34,836 [MainThread  ][DEBUG]  Optimization options: None
2019-02-28 17:06:34,836 [MainThread  ][INFO ]  Initial parameter values: [ 7.97629215  1.11363636  5.79297073]
2019-02-28 17:08:20,696 [MainThread  ][INFO ]  Final fidelity: 0.9962980849412327
2019-02-28 17:08:20,698 [MainThread  ][INFO ]  Final parameters: [ 4.87396822  1.79035054  1.83666473]
2019-02-28 17:08:20,698 [MainThread  ][INFO ]  Fidelity: 0.9962980849412327
2019-02-28 17:08:20,698 [MainThread  ][INFO ]  ---- Starting iteration 56/100
2019-02-28 17:08:20,698 [MainThread  ][DEBUG]  Setting hyperparameter tf=2.2666666666666666
2019-02-28 17:08:20,698 [MainThread  ][INFO ]  Starting optimization for tf=2.2666666666666666
2019-02-28 17:08:20,698 [MainThread  ][DEBUG]  Optimization method: Nelder-Mead
2019-02-28 17:08:20,698 [MainThread  ][DEBUG]  Optimization options: None
2019-02-28 17:08:20,699 [MainThread  ][INFO ]  Initial parameter values: [ 7.72342233  1.13333333  9.01119375]
2019-02-28 17:10:17,255 [MainThread  ][INFO ]  Final fidelity: 0.9981093643478891
2019-02-28 17:10:17,271 [MainThread  ][INFO ]  Final parameters: [ 4.72096019  1.95633276 -0.00669348]
2019-02-28 17:10:17,271 [MainThread  ][INFO ]  Fidelity: 0.9981093643478891
2019-02-28 17:10:17,271 [MainThread  ][INFO ]  ---- Starting iteration 57/100
2019-02-28 17:10:17,271 [MainThread  ][DEBUG]  Setting hyperparameter tf=2.306060606060606
2019-02-28 17:10:17,271 [MainThread  ][INFO ]  Starting optimization for tf=2.306060606060606
2019-02-28 17:10:17,271 [MainThread  ][DEBUG]  Optimization method: Nelder-Mead
2019-02-28 17:10:17,272 [MainThread  ][DEBUG]  Optimization options: None
2019-02-28 17:10:17,272 [MainThread  ][INFO ]  Initial parameter values: [ 2.51577068  1.1530303   2.13522208]
2019-02-28 17:11:20,088 [MainThread  ][INFO ]  Final fidelity: 0.9642518532054738
2019-02-28 17:11:20,108 [MainThread  ][INFO ]  Final parameters: [ 2.94172859  0.02315797  4.14848226]
2019-02-28 17:11:20,108 [MainThread  ][INFO ]  Fidelity: 0.9642518532054738
2019-02-28 17:11:20,108 [MainThread  ][INFO ]  ---- Starting iteration 58/100
2019-02-28 17:11:20,108 [MainThread  ][DEBUG]  Setting hyperparameter tf=2.3454545454545452
2019-02-28 17:11:20,109 [MainThread  ][INFO ]  Starting optimization for tf=2.3454545454545452
2019-02-28 17:11:20,109 [MainThread  ][DEBUG]  Optimization method: Nelder-Mead
2019-02-28 17:11:20,109 [MainThread  ][DEBUG]  Optimization options: None
2019-02-28 17:11:20,109 [MainThread  ][INFO ]  Initial parameter values: [ 8.71824769  1.17272727  0.69581339]
2019-02-28 17:13:25,078 [MainThread  ][INFO ]  Final fidelity: 0.996128856793286
2019-02-28 17:13:25,100 [MainThread  ][INFO ]  Final parameters: [ 4.7961575   1.78943997  2.95895639]
2019-02-28 17:13:25,100 [MainThread  ][INFO ]  Fidelity: 0.996128856793286
2019-02-28 17:13:25,100 [MainThread  ][INFO ]  ---- Starting iteration 59/100
2019-02-28 17:13:25,100 [MainThread  ][DEBUG]  Setting hyperparameter tf=2.3848484848484848
2019-02-28 17:13:25,101 [MainThread  ][INFO ]  Starting optimization for tf=2.3848484848484848
2019-02-28 17:13:25,101 [MainThread  ][DEBUG]  Optimization method: Nelder-Mead
2019-02-28 17:13:25,101 [MainThread  ][DEBUG]  Optimization options: None
2019-02-28 17:13:25,101 [MainThread  ][INFO ]  Initial parameter values: [ 2.82072289  1.19242424  2.34065825]
2019-02-28 17:14:25,549 [MainThread  ][INFO ]  Final fidelity: 0.9707150232733975
2019-02-28 17:14:25,564 [MainThread  ][INFO ]  Final parameters: [ 3.76874061  0.01936128  4.17837838]
2019-02-28 17:14:25,565 [MainThread  ][INFO ]  Fidelity: 0.9707150232733975
2019-02-28 17:14:25,565 [MainThread  ][INFO ]  ---- Starting iteration 60/100
2019-02-28 17:14:25,565 [MainThread  ][DEBUG]  Setting hyperparameter tf=2.4242424242424243
2019-02-28 17:14:25,565 [MainThread  ][INFO ]  Starting optimization for tf=2.4242424242424243
2019-02-28 17:14:25,565 [MainThread  ][DEBUG]  Optimization method: Nelder-Mead
2019-02-28 17:14:25,565 [MainThread  ][DEBUG]  Optimization options: None
2019-02-28 17:14:25,565 [MainThread  ][INFO ]  Initial parameter values: [ 0.44881598  1.21212121  4.46713608]
2019-02-28 17:15:24,710 [MainThread  ][INFO ]  Final fidelity: 0.9724608613177463
2019-02-28 17:15:24,716 [MainThread  ][INFO ]  Final parameters: [  7.01097848e-01   2.57545147e-05   4.19911062e+00]
2019-02-28 17:15:24,716 [MainThread  ][INFO ]  Fidelity: 0.9724608613177463
2019-02-28 17:15:24,716 [MainThread  ][INFO ]  ---- Starting iteration 61/100
2019-02-28 17:15:24,716 [MainThread  ][DEBUG]  Setting hyperparameter tf=2.4636363636363634
2019-02-28 17:15:24,716 [MainThread  ][INFO ]  Starting optimization for tf=2.4636363636363634
2019-02-28 17:15:24,716 [MainThread  ][DEBUG]  Optimization method: Nelder-Mead
2019-02-28 17:15:24,717 [MainThread  ][DEBUG]  Optimization options: None
2019-02-28 17:15:24,717 [MainThread  ][INFO ]  Initial parameter values: [ 4.79846461  1.23181818  3.22316584]
2019-02-28 17:16:24,848 [MainThread  ][INFO ]  Final fidelity: 0.9963605831587429
2019-02-28 17:16:24,854 [MainThread  ][INFO ]  Final parameters: [ 4.96864758  1.29341748  3.90567478]
2019-02-28 17:16:24,854 [MainThread  ][INFO ]  Fidelity: 0.9963605831587429
2019-02-28 17:16:24,854 [MainThread  ][INFO ]  ---- Starting iteration 62/100
2019-02-28 17:16:24,854 [MainThread  ][DEBUG]  Setting hyperparameter tf=2.503030303030303
2019-02-28 17:16:24,854 [MainThread  ][INFO ]  Starting optimization for tf=2.503030303030303
2019-02-28 17:16:24,854 [MainThread  ][DEBUG]  Optimization method: Nelder-Mead
2019-02-28 17:16:24,854 [MainThread  ][DEBUG]  Optimization options: None
2019-02-28 17:16:24,855 [MainThread  ][INFO ]  Initial parameter values: [ 7.24011878  1.25151515  0.25783354]
2019-02-28 17:17:31,237 [MainThread  ][INFO ]  Final fidelity: 0.9972813524675375
2019-02-28 17:17:31,244 [MainThread  ][INFO ]  Final parameters: [ 4.52515607  2.31486081  0.07051239]
2019-02-28 17:17:31,244 [MainThread  ][INFO ]  Fidelity: 0.9972813524675375
2019-02-28 17:17:31,245 [MainThread  ][INFO ]  ---- Starting iteration 63/100
2019-02-28 17:17:31,245 [MainThread  ][DEBUG]  Setting hyperparameter tf=2.5424242424242425
2019-02-28 17:17:31,245 [MainThread  ][INFO ]  Starting optimization for tf=2.5424242424242425
2019-02-28 17:17:31,245 [MainThread  ][DEBUG]  Optimization method: Nelder-Mead
2019-02-28 17:17:31,245 [MainThread  ][DEBUG]  Optimization options: None
2019-02-28 17:17:31,245 [MainThread  ][INFO ]  Initial parameter values: [ 7.34949408  1.27121212  4.96250924]
2019-02-28 17:18:40,348 [MainThread  ][INFO ]  Final fidelity: 0.9969672832832889
2019-02-28 17:18:40,355 [MainThread  ][INFO ]  Final parameters: [ 4.75304651  1.66826338  3.80171971]
2019-02-28 17:18:40,356 [MainThread  ][INFO ]  Fidelity: 0.9969672832832889
2019-02-28 17:18:40,356 [MainThread  ][INFO ]  ---- Starting iteration 64/100
2019-02-28 17:18:40,356 [MainThread  ][DEBUG]  Setting hyperparameter tf=2.5818181818181816
2019-02-28 17:18:40,356 [MainThread  ][INFO ]  Starting optimization for tf=2.5818181818181816
2019-02-28 17:18:40,356 [MainThread  ][DEBUG]  Optimization method: Nelder-Mead
2019-02-28 17:18:40,356 [MainThread  ][DEBUG]  Optimization options: None
2019-02-28 17:18:40,356 [MainThread  ][INFO ]  Initial parameter values: [ 1.5329248   1.29090909  7.39471197]
2019-02-28 17:20:27,795 [MainThread  ][INFO ]  Final fidelity: 0.9825865307824682
2019-02-28 17:20:27,796 [MainThread  ][INFO ]  Final parameters: [ 2.17213992  0.02243875  4.25114044]
2019-02-28 17:20:27,796 [MainThread  ][INFO ]  Fidelity: 0.9825865307824682
2019-02-28 17:20:27,797 [MainThread  ][INFO ]  ---- Starting iteration 65/100
2019-02-28 17:20:27,797 [MainThread  ][DEBUG]  Setting hyperparameter tf=2.621212121212121
2019-02-28 17:20:27,797 [MainThread  ][INFO ]  Starting optimization for tf=2.621212121212121
2019-02-28 17:20:27,797 [MainThread  ][DEBUG]  Optimization method: Nelder-Mead
2019-02-28 17:20:27,797 [MainThread  ][DEBUG]  Optimization options: None
2019-02-28 17:20:27,797 [MainThread  ][INFO ]  Initial parameter values: [ 3.1242131   1.31060606  7.90003224]
2019-02-28 17:21:34,628 [MainThread  ][INFO ]  Final fidelity: 0.998826373242567
2019-02-28 17:21:34,629 [MainThread  ][INFO ]  Final parameters: [ 4.74263478  1.60370993  3.96464631]
2019-02-28 17:21:34,629 [MainThread  ][INFO ]  Fidelity: 0.998826373242567
2019-02-28 17:21:34,629 [MainThread  ][INFO ]  ---- Starting iteration 66/100
2019-02-28 17:21:34,629 [MainThread  ][DEBUG]  Setting hyperparameter tf=2.6606060606060606
2019-02-28 17:21:34,629 [MainThread  ][INFO ]  Starting optimization for tf=2.6606060606060606
2019-02-28 17:21:34,629 [MainThread  ][DEBUG]  Optimization method: Nelder-Mead
2019-02-28 17:21:34,629 [MainThread  ][DEBUG]  Optimization options: None
2019-02-28 17:21:34,630 [MainThread  ][INFO ]  Initial parameter values: [ 4.39867904  1.33030303  4.96080411]
2019-02-28 17:22:36,353 [MainThread  ][INFO ]  Final fidelity: 0.9968021534833856
2019-02-28 17:22:36,354 [MainThread  ][INFO ]  Final parameters: [ 4.74917773  1.48121006  4.07451873]
2019-02-28 17:22:36,354 [MainThread  ][INFO ]  Fidelity: 0.9968021534833856
2019-02-28 17:22:36,354 [MainThread  ][INFO ]  ---- Starting iteration 67/100
2019-02-28 17:22:36,354 [MainThread  ][DEBUG]  Setting hyperparameter tf=2.6999999999999997
2019-02-28 17:22:36,354 [MainThread  ][INFO ]  Starting optimization for tf=2.6999999999999997
2019-02-28 17:22:36,354 [MainThread  ][DEBUG]  Optimization method: Nelder-Mead
2019-02-28 17:22:36,354 [MainThread  ][DEBUG]  Optimization options: None
2019-02-28 17:22:36,355 [MainThread  ][INFO ]  Initial parameter values: [ 2.64951696  1.35        8.30036474]
2019-02-28 17:23:45,106 [MainThread  ][INFO ]  Final fidelity: 0.9900139003858405
2019-02-28 17:23:45,118 [MainThread  ][INFO ]  Final parameters: [ 4.61082449  0.3657144   4.29754685]
2019-02-28 17:23:45,119 [MainThread  ][INFO ]  Fidelity: 0.9900139003858405
2019-02-28 17:23:45,119 [MainThread  ][INFO ]  ---- Starting iteration 68/100
2019-02-28 17:23:45,119 [MainThread  ][DEBUG]  Setting hyperparameter tf=2.7393939393939393
2019-02-28 17:23:45,119 [MainThread  ][INFO ]  Starting optimization for tf=2.7393939393939393
2019-02-28 17:23:45,119 [MainThread  ][DEBUG]  Optimization method: Nelder-Mead
2019-02-28 17:23:45,119 [MainThread  ][DEBUG]  Optimization options: None
2019-02-28 17:23:45,119 [MainThread  ][INFO ]  Initial parameter values: [ 9.80469473  1.36969697  9.66278915]
2019-02-28 17:25:06,642 [MainThread  ][INFO ]  Final fidelity: 0.9538977449519568
2019-02-28 17:25:06,686 [MainThread  ][INFO ]  Final parameters: [-4.25499336  2.73475149  8.24630654]
2019-02-28 17:25:06,686 [MainThread  ][INFO ]  Fidelity: 0.9538977449519568
2019-02-28 17:25:06,686 [MainThread  ][INFO ]  ---- Starting iteration 69/100
2019-02-28 17:25:06,686 [MainThread  ][DEBUG]  Setting hyperparameter tf=2.778787878787879
2019-02-28 17:25:06,686 [MainThread  ][INFO ]  Starting optimization for tf=2.778787878787879
2019-02-28 17:25:06,686 [MainThread  ][DEBUG]  Optimization method: Nelder-Mead
2019-02-28 17:25:06,686 [MainThread  ][DEBUG]  Optimization options: None
2019-02-28 17:25:06,686 [MainThread  ][INFO ]  Initial parameter values: [ 2.2887212   1.38939394  8.65363633]
2019-02-28 17:26:16,573 [MainThread  ][INFO ]  Final fidelity: 0.9896590694301529
2019-02-28 17:26:16,581 [MainThread  ][INFO ]  Final parameters: [ 4.35587633  0.11761111  4.32093797]
2019-02-28 17:26:16,581 [MainThread  ][INFO ]  Fidelity: 0.9896590694301529
2019-02-28 17:26:16,582 [MainThread  ][INFO ]  ---- Starting iteration 70/100
2019-02-28 17:26:16,582 [MainThread  ][DEBUG]  Setting hyperparameter tf=2.818181818181818
2019-02-28 17:26:16,582 [MainThread  ][INFO ]  Starting optimization for tf=2.818181818181818
2019-02-28 17:26:16,582 [MainThread  ][DEBUG]  Optimization method: Nelder-Mead
2019-02-28 17:26:16,582 [MainThread  ][DEBUG]  Optimization options: None
2019-02-28 17:26:16,582 [MainThread  ][INFO ]  Initial parameter values: [ 0.11681014  1.40909091  0.52981841]
2019-02-28 17:27:40,577 [MainThread  ][INFO ]  Final fidelity: 0.8823536860212743
2019-02-28 17:27:40,585 [MainThread  ][INFO ]  Final parameters: [-0.36341155  1.29096923  3.83122847]
2019-02-28 17:27:40,585 [MainThread  ][INFO ]  Fidelity: 0.8823536860212743
2019-02-28 17:27:40,585 [MainThread  ][INFO ]  ---- Starting iteration 71/100
2019-02-28 17:27:40,585 [MainThread  ][DEBUG]  Setting hyperparameter tf=2.8575757575757574
2019-02-28 17:27:40,585 [MainThread  ][INFO ]  Starting optimization for tf=2.8575757575757574
2019-02-28 17:27:40,585 [MainThread  ][DEBUG]  Optimization method: Nelder-Mead
2019-02-28 17:27:40,585 [MainThread  ][DEBUG]  Optimization options: None
2019-02-28 17:27:40,586 [MainThread  ][INFO ]  Initial parameter values: [ 5.64699098  1.42878788  5.05775222]
2019-02-28 17:28:49,608 [MainThread  ][INFO ]  Final fidelity: 0.9979854426999021
2019-02-28 17:28:49,626 [MainThread  ][INFO ]  Final parameters: [ 4.63544311  1.54430828  4.23941722]
2019-02-28 17:28:49,626 [MainThread  ][INFO ]  Fidelity: 0.9979854426999021
2019-02-28 17:28:49,626 [MainThread  ][INFO ]  ---- Starting iteration 72/100
2019-02-28 17:28:49,627 [MainThread  ][DEBUG]  Setting hyperparameter tf=2.896969696969697
2019-02-28 17:28:49,627 [MainThread  ][INFO ]  Starting optimization for tf=2.896969696969697
2019-02-28 17:28:49,627 [MainThread  ][DEBUG]  Optimization method: Nelder-Mead
2019-02-28 17:28:49,627 [MainThread  ][DEBUG]  Optimization options: None
2019-02-28 17:28:49,627 [MainThread  ][INFO ]  Initial parameter values: [ 5.97116334  1.44848485  3.08632959]
2019-02-28 17:30:01,038 [MainThread  ][INFO ]  Final fidelity: 0.9969521072124777
2019-02-28 17:30:01,067 [MainThread  ][INFO ]  Final parameters: [ 4.61399921  1.54168674  4.27374005]
2019-02-28 17:30:01,067 [MainThread  ][INFO ]  Fidelity: 0.9969521072124777
2019-02-28 17:30:01,067 [MainThread  ][INFO ]  ---- Starting iteration 73/100
2019-02-28 17:30:01,067 [MainThread  ][DEBUG]  Setting hyperparameter tf=2.936363636363636
2019-02-28 17:30:01,067 [MainThread  ][INFO ]  Starting optimization for tf=2.936363636363636
2019-02-28 17:30:01,067 [MainThread  ][DEBUG]  Optimization method: Nelder-Mead
2019-02-28 17:30:01,067 [MainThread  ][DEBUG]  Optimization options: None
2019-02-28 17:30:01,068 [MainThread  ][INFO ]  Initial parameter values: [ 8.31439544  1.46818182  5.81242514]
2019-02-28 17:31:32,099 [MainThread  ][INFO ]  Final fidelity: 0.9985357432181161
2019-02-28 17:31:32,101 [MainThread  ][INFO ]  Final parameters: [ 4.52914458  2.15665365  4.17583186]
2019-02-28 17:31:32,101 [MainThread  ][INFO ]  Fidelity: 0.9985357432181161
2019-02-28 17:31:32,101 [MainThread  ][INFO ]  ---- Starting iteration 74/100
2019-02-28 17:31:32,101 [MainThread  ][DEBUG]  Setting hyperparameter tf=2.9757575757575756
2019-02-28 17:31:32,101 [MainThread  ][INFO ]  Starting optimization for tf=2.9757575757575756
2019-02-28 17:31:32,101 [MainThread  ][DEBUG]  Optimization method: Nelder-Mead
2019-02-28 17:31:32,101 [MainThread  ][DEBUG]  Optimization options: None
2019-02-28 17:31:32,102 [MainThread  ][INFO ]  Initial parameter values: [ 6.96672149  1.48787879  2.52150459]
2019-02-28 17:33:04,129 [MainThread  ][INFO ]  Final fidelity: 0.9975678501907715
2019-02-28 17:33:04,149 [MainThread  ][INFO ]  Final parameters: [ 4.69086218  1.04946739  4.36381489]
2019-02-28 17:33:04,149 [MainThread  ][INFO ]  Fidelity: 0.9975678501907715
2019-02-28 17:33:04,149 [MainThread  ][INFO ]  ---- Starting iteration 75/100
2019-02-28 17:33:04,149 [MainThread  ][DEBUG]  Setting hyperparameter tf=3.015151515151515
2019-02-28 17:33:04,149 [MainThread  ][INFO ]  Starting optimization for tf=3.015151515151515
2019-02-28 17:33:04,149 [MainThread  ][DEBUG]  Optimization method: Nelder-Mead
2019-02-28 17:33:04,149 [MainThread  ][DEBUG]  Optimization options: None
2019-02-28 17:33:04,150 [MainThread  ][INFO ]  Initial parameter values: [ 0.97467216  1.50757576  6.39950568]
2019-02-28 17:34:10,582 [MainThread  ][INFO ]  Final fidelity: 0.9975934422488348
2019-02-28 17:34:10,583 [MainThread  ][INFO ]  Final parameters: [ 2.16844419  0.02712725  4.3939359 ]
2019-02-28 17:34:10,583 [MainThread  ][INFO ]  Fidelity: 0.9975934422488348
2019-02-28 17:34:10,609 [MainThread  ][INFO ]  ---- Starting iteration 76/100
2019-02-28 17:34:10,610 [MainThread  ][DEBUG]  Setting hyperparameter tf=3.0545454545454542
2019-02-28 17:34:10,610 [MainThread  ][INFO ]  Starting optimization for tf=3.0545454545454542
2019-02-28 17:34:10,610 [MainThread  ][DEBUG]  Optimization method: Nelder-Mead
2019-02-28 17:34:10,610 [MainThread  ][DEBUG]  Optimization options: None
2019-02-28 17:34:10,610 [MainThread  ][INFO ]  Initial parameter values: [ 7.73552285  1.52727273  8.03398761]
2019-02-28 17:35:46,052 [MainThread  ][INFO ]  Final fidelity: 0.9899510699381646
2019-02-28 17:35:46,052 [MainThread  ][INFO ]  Final parameters: [ 4.53870194  2.81135508 -3.40029365]
2019-02-28 17:35:46,053 [MainThread  ][INFO ]  Fidelity: 0.9899510699381646
2019-02-28 17:35:46,053 [MainThread  ][INFO ]  ---- Starting iteration 77/100
2019-02-28 17:35:46,053 [MainThread  ][DEBUG]  Setting hyperparameter tf=3.0939393939393938
2019-02-28 17:35:46,053 [MainThread  ][INFO ]  Starting optimization for tf=3.0939393939393938
2019-02-28 17:35:46,053 [MainThread  ][DEBUG]  Optimization method: Nelder-Mead
2019-02-28 17:35:46,053 [MainThread  ][DEBUG]  Optimization options: None
2019-02-28 17:35:46,053 [MainThread  ][INFO ]  Initial parameter values: [ 3.18060755  1.5469697   7.63793367]
2019-02-28 17:37:05,021 [MainThread  ][INFO ]  Final fidelity: 0.9972814140895603
2019-02-28 17:37:05,032 [MainThread  ][INFO ]  Final parameters: [ 4.51988275  1.54337085  4.39469342]
2019-02-28 17:37:05,033 [MainThread  ][INFO ]  Fidelity: 0.9972814140895603
2019-02-28 17:37:05,033 [MainThread  ][INFO ]  ---- Starting iteration 78/100
2019-02-28 17:37:05,033 [MainThread  ][DEBUG]  Setting hyperparameter tf=3.1333333333333333
2019-02-28 17:37:05,033 [MainThread  ][INFO ]  Starting optimization for tf=3.1333333333333333
2019-02-28 17:37:05,033 [MainThread  ][DEBUG]  Optimization method: Nelder-Mead
2019-02-28 17:37:05,033 [MainThread  ][DEBUG]  Optimization options: None
2019-02-28 17:37:05,034 [MainThread  ][INFO ]  Initial parameter values: [ 5.48185394  1.56666667  9.73570699]
2019-02-28 17:38:30,405 [MainThread  ][INFO ]  Final fidelity: 0.9976539630753338
2019-02-28 17:38:30,406 [MainThread  ][INFO ]  Final parameters: [ 4.46930606  2.46801418  4.35613245]
2019-02-28 17:38:30,406 [MainThread  ][INFO ]  Fidelity: 0.9976539630753338
2019-02-28 17:38:30,407 [MainThread  ][INFO ]  ---- Starting iteration 79/100
2019-02-28 17:38:30,407 [MainThread  ][DEBUG]  Setting hyperparameter tf=3.1727272727272724
2019-02-28 17:38:30,407 [MainThread  ][INFO ]  Starting optimization for tf=3.1727272727272724
2019-02-28 17:38:30,407 [MainThread  ][DEBUG]  Optimization method: Nelder-Mead
2019-02-28 17:38:30,407 [MainThread  ][DEBUG]  Optimization options: None
2019-02-28 17:38:30,407 [MainThread  ][INFO ]  Initial parameter values: [ 0.76465573  1.58636364  5.11679254]
2019-02-28 17:39:48,327 [MainThread  ][INFO ]  Final fidelity: 0.9982497758642365
2019-02-28 17:39:48,328 [MainThread  ][INFO ]  Final parameters: [ 0.72278305  0.04163141  4.4289533 ]
2019-02-28 17:39:48,329 [MainThread  ][INFO ]  Fidelity: 0.9982497758642365
2019-02-28 17:39:48,329 [MainThread  ][INFO ]  ---- Starting iteration 80/100
2019-02-28 17:39:48,329 [MainThread  ][DEBUG]  Setting hyperparameter tf=3.212121212121212
2019-02-28 17:39:48,329 [MainThread  ][INFO ]  Starting optimization for tf=3.212121212121212
2019-02-28 17:39:48,329 [MainThread  ][DEBUG]  Optimization method: Nelder-Mead
2019-02-28 17:39:48,329 [MainThread  ][DEBUG]  Optimization options: None
2019-02-28 17:39:48,329 [MainThread  ][INFO ]  Initial parameter values: [ 9.86044899  1.60606061  0.37469839]
2019-02-28 17:43:59,780 [MainThread  ][INFO ]  Final fidelity: 0.9819455547252988
2019-02-28 17:43:59,786 [MainThread  ][INFO ]  Final parameters: [-4.42581423  2.15996469  4.44179427]
2019-02-28 17:43:59,786 [MainThread  ][INFO ]  Fidelity: 0.9819455547252988
2019-02-28 17:43:59,786 [MainThread  ][INFO ]  ---- Starting iteration 81/100
2019-02-28 17:43:59,786 [MainThread  ][DEBUG]  Setting hyperparameter tf=3.2515151515151515
2019-02-28 17:43:59,787 [MainThread  ][INFO ]  Starting optimization for tf=3.2515151515151515
2019-02-28 17:43:59,787 [MainThread  ][DEBUG]  Optimization method: Nelder-Mead
2019-02-28 17:43:59,787 [MainThread  ][DEBUG]  Optimization options: None
2019-02-28 17:43:59,787 [MainThread  ][INFO ]  Initial parameter values: [ 1.3931576   1.62575758  0.76013584]
2019-02-28 17:45:16,409 [MainThread  ][INFO ]  Final fidelity: 0.9971281580340149
2019-02-28 17:45:16,419 [MainThread  ][INFO ]  Final parameters: [-2.55919555  0.24960558  4.41890967]
2019-02-28 17:45:16,419 [MainThread  ][INFO ]  Fidelity: 0.9971281580340149
2019-02-28 17:45:16,419 [MainThread  ][INFO ]  ---- Starting iteration 82/100
2019-02-28 17:45:16,419 [MainThread  ][DEBUG]  Setting hyperparameter tf=3.2909090909090906
2019-02-28 17:45:16,419 [MainThread  ][INFO ]  Starting optimization for tf=3.2909090909090906
2019-02-28 17:45:16,419 [MainThread  ][DEBUG]  Optimization method: Nelder-Mead
2019-02-28 17:45:16,419 [MainThread  ][DEBUG]  Optimization options: None
2019-02-28 17:45:16,420 [MainThread  ][INFO ]  Initial parameter values: [ 1.30088349  1.64545455  9.06390682]
2019-02-28 17:46:30,538 [MainThread  ][INFO ]  Final fidelity: 0.9991462151628341
2019-02-28 17:46:30,558 [MainThread  ][INFO ]  Final parameters: [ 3.22878683  0.21794876  4.4484022 ]
2019-02-28 17:46:30,559 [MainThread  ][INFO ]  Fidelity: 0.9991462151628341
2019-02-28 17:46:30,559 [MainThread  ][INFO ]  ---- Starting iteration 83/100
2019-02-28 17:46:30,559 [MainThread  ][DEBUG]  Setting hyperparameter tf=3.33030303030303
2019-02-28 17:46:30,559 [MainThread  ][INFO ]  Starting optimization for tf=3.33030303030303
2019-02-28 17:46:30,559 [MainThread  ][DEBUG]  Optimization method: Nelder-Mead
2019-02-28 17:46:30,559 [MainThread  ][DEBUG]  Optimization options: None
2019-02-28 17:46:30,559 [MainThread  ][INFO ]  Initial parameter values: [ 3.49347493  1.66515152  7.18366869]
2019-02-28 17:47:39,267 [MainThread  ][INFO ]  Final fidelity: 0.9974088392758859
2019-02-28 17:47:39,283 [MainThread  ][INFO ]  Final parameters: [ 4.41040802  1.94155544  4.51361565]
2019-02-28 17:47:39,284 [MainThread  ][INFO ]  Fidelity: 0.9974088392758859
2019-02-28 17:47:39,284 [MainThread  ][INFO ]  ---- Starting iteration 84/100
2019-02-28 17:47:39,284 [MainThread  ][DEBUG]  Setting hyperparameter tf=3.3696969696969696
2019-02-28 17:47:39,284 [MainThread  ][INFO ]  Starting optimization for tf=3.3696969696969696
2019-02-28 17:47:39,284 [MainThread  ][DEBUG]  Optimization method: Nelder-Mead
2019-02-28 17:47:39,284 [MainThread  ][DEBUG]  Optimization options: None
2019-02-28 17:47:39,284 [MainThread  ][INFO ]  Initial parameter values: [ 8.64809959  1.68484848  7.68579611]
2019-02-28 17:48:59,795 [MainThread  ][INFO ]  Final fidelity: 0.9981955804820968
2019-02-28 17:48:59,797 [MainThread  ][INFO ]  Final parameters: [ 4.43610618  2.62149973  4.58847858]
2019-02-28 17:48:59,797 [MainThread  ][INFO ]  Fidelity: 0.9981955804820968
2019-02-28 17:48:59,797 [MainThread  ][INFO ]  ---- Starting iteration 85/100
2019-02-28 17:48:59,797 [MainThread  ][DEBUG]  Setting hyperparameter tf=3.4090909090909087
2019-02-28 17:48:59,797 [MainThread  ][INFO ]  Starting optimization for tf=3.4090909090909087
2019-02-28 17:48:59,797 [MainThread  ][DEBUG]  Optimization method: Nelder-Mead
2019-02-28 17:48:59,797 [MainThread  ][DEBUG]  Optimization options: None
2019-02-28 17:48:59,798 [MainThread  ][INFO ]  Initial parameter values: [ 1.97365471  1.70454545  7.70611772]
2019-02-28 17:50:14,532 [MainThread  ][INFO ]  Final fidelity: 0.9992002705010224
2019-02-28 17:50:14,539 [MainThread  ][INFO ]  Final parameters: [ 3.14669529  0.28043568  4.46921383]
2019-02-28 17:50:14,540 [MainThread  ][INFO ]  Fidelity: 0.9992002705010224
2019-02-28 17:50:14,540 [MainThread  ][INFO ]  ---- Starting iteration 86/100
2019-02-28 17:50:14,540 [MainThread  ][DEBUG]  Setting hyperparameter tf=3.4484848484848483
2019-02-28 17:50:14,540 [MainThread  ][INFO ]  Starting optimization for tf=3.4484848484848483
2019-02-28 17:50:14,540 [MainThread  ][DEBUG]  Optimization method: Nelder-Mead
2019-02-28 17:50:14,540 [MainThread  ][DEBUG]  Optimization options: None
2019-02-28 17:50:14,540 [MainThread  ][INFO ]  Initial parameter values: [ 6.28498363  1.72424242  3.50761562]
2019-02-28 17:51:30,539 [MainThread  ][INFO ]  Final fidelity: 0.9977437272987687
2019-02-28 17:51:30,542 [MainThread  ][INFO ]  Final parameters: [ 4.35624275  1.69669998  4.5452775 ]
2019-02-28 17:51:30,542 [MainThread  ][INFO ]  Fidelity: 0.9977437272987687
2019-02-28 17:51:30,542 [MainThread  ][INFO ]  ---- Starting iteration 87/100
2019-02-28 17:51:30,542 [MainThread  ][DEBUG]  Setting hyperparameter tf=3.487878787878788
2019-02-28 17:51:30,543 [MainThread  ][INFO ]  Starting optimization for tf=3.487878787878788
2019-02-28 17:51:30,543 [MainThread  ][DEBUG]  Optimization method: Nelder-Mead
2019-02-28 17:51:30,543 [MainThread  ][DEBUG]  Optimization options: None
2019-02-28 17:51:30,543 [MainThread  ][INFO ]  Initial parameter values: [ 3.48956181  1.74393939  0.03455866]
2019-02-28 17:52:51,273 [MainThread  ][INFO ]  Final fidelity: 0.7599263753648446
2019-02-28 17:52:51,274 [MainThread  ][INFO ]  Final parameters: [-0.12481824  2.08830352  0.04653244]
2019-02-28 17:52:51,274 [MainThread  ][INFO ]  Fidelity: 0.7599263753648446
2019-02-28 17:52:51,275 [MainThread  ][INFO ]  ---- Starting iteration 88/100
2019-02-28 17:52:51,275 [MainThread  ][DEBUG]  Setting hyperparameter tf=3.527272727272727
2019-02-28 17:52:51,275 [MainThread  ][INFO ]  Starting optimization for tf=3.527272727272727
2019-02-28 17:52:51,275 [MainThread  ][DEBUG]  Optimization method: Nelder-Mead
2019-02-28 17:52:51,275 [MainThread  ][DEBUG]  Optimization options: None
2019-02-28 17:52:51,275 [MainThread  ][INFO ]  Initial parameter values: [ 9.41697624  1.76363636  1.32263391]
2019-02-28 17:54:59,517 [MainThread  ][INFO ]  Final fidelity: 0.9978671496788708
2019-02-28 17:54:59,518 [MainThread  ][INFO ]  Final parameters: [ 4.31253131  1.63517856  4.56639537]
2019-02-28 17:54:59,518 [MainThread  ][INFO ]  Fidelity: 0.9978671496788708
2019-02-28 17:54:59,518 [MainThread  ][INFO ]  ---- Starting iteration 89/100
2019-02-28 17:54:59,518 [MainThread  ][DEBUG]  Setting hyperparameter tf=3.5666666666666664
2019-02-28 17:54:59,518 [MainThread  ][INFO ]  Starting optimization for tf=3.5666666666666664
2019-02-28 17:54:59,519 [MainThread  ][DEBUG]  Optimization method: Nelder-Mead
2019-02-28 17:54:59,519 [MainThread  ][DEBUG]  Optimization options: None
2019-02-28 17:54:59,519 [MainThread  ][INFO ]  Initial parameter values: [ 4.70383264  1.78333333  1.80015879]
2019-02-28 17:56:21,836 [MainThread  ][INFO ]  Final fidelity: 0.9990305089080994
2019-02-28 17:56:21,838 [MainThread  ][INFO ]  Final parameters: [ 3.38635604  0.64654357  4.49497615]
2019-02-28 17:56:21,838 [MainThread  ][INFO ]  Fidelity: 0.9990305089080994
2019-02-28 17:56:21,838 [MainThread  ][INFO ]  ---- Starting iteration 90/100
2019-02-28 17:56:21,838 [MainThread  ][DEBUG]  Setting hyperparameter tf=3.606060606060606
2019-02-28 17:56:21,838 [MainThread  ][INFO ]  Starting optimization for tf=3.606060606060606
2019-02-28 17:56:21,838 [MainThread  ][DEBUG]  Optimization method: Nelder-Mead
2019-02-28 17:56:21,838 [MainThread  ][DEBUG]  Optimization options: None
2019-02-28 17:56:21,839 [MainThread  ][INFO ]  Initial parameter values: [ 8.97241759  1.8030303   7.136091  ]
2019-02-28 17:58:19,154 [MainThread  ][INFO ]  Final fidelity: 0.9982982203525093
2019-02-28 17:58:19,164 [MainThread  ][INFO ]  Final parameters: [ 4.42371345  2.62326975  4.70525571]
2019-02-28 17:58:19,164 [MainThread  ][INFO ]  Fidelity: 0.9982982203525093
2019-02-28 17:58:19,164 [MainThread  ][INFO ]  ---- Starting iteration 91/100
2019-02-28 17:58:19,164 [MainThread  ][DEBUG]  Setting hyperparameter tf=3.645454545454545
2019-02-28 17:58:19,164 [MainThread  ][INFO ]  Starting optimization for tf=3.645454545454545
2019-02-28 17:58:19,164 [MainThread  ][DEBUG]  Optimization method: Nelder-Mead
2019-02-28 17:58:19,164 [MainThread  ][DEBUG]  Optimization options: None
2019-02-28 17:58:19,165 [MainThread  ][INFO ]  Initial parameter values: [ 7.78883871  1.82272727  0.99602165]
2019-02-28 18:01:24,448 [MainThread  ][INFO ]  Final fidelity: 0.9980301924619159
2019-02-28 18:01:24,451 [MainThread  ][INFO ]  Final parameters: [ 4.18358034  1.38986743  4.57725902]
2019-02-28 18:01:24,451 [MainThread  ][INFO ]  Fidelity: 0.9980301924619159
2019-02-28 18:01:24,452 [MainThread  ][INFO ]  ---- Starting iteration 92/100
2019-02-28 18:01:24,452 [MainThread  ][DEBUG]  Setting hyperparameter tf=3.6848484848484846
2019-02-28 18:01:24,452 [MainThread  ][INFO ]  Starting optimization for tf=3.6848484848484846
2019-02-28 18:01:24,452 [MainThread  ][DEBUG]  Optimization method: Nelder-Mead
2019-02-28 18:01:24,452 [MainThread  ][DEBUG]  Optimization options: None
2019-02-28 18:01:24,452 [MainThread  ][INFO ]  Initial parameter values: [ 7.38573505  1.84242424  5.64118382]
2019-02-28 18:02:56,143 [MainThread  ][INFO ]  Final fidelity: 0.9983784357436082
2019-02-28 18:02:56,144 [MainThread  ][INFO ]  Final parameters: [ 4.27806203  1.75925361  4.61410141]
2019-02-28 18:02:56,144 [MainThread  ][INFO ]  Fidelity: 0.9983784357436082
2019-02-28 18:02:56,144 [MainThread  ][INFO ]  ---- Starting iteration 93/100
2019-02-28 18:02:56,144 [MainThread  ][DEBUG]  Setting hyperparameter tf=3.724242424242424
2019-02-28 18:02:56,144 [MainThread  ][INFO ]  Starting optimization for tf=3.724242424242424
2019-02-28 18:02:56,144 [MainThread  ][DEBUG]  Optimization method: Nelder-Mead
2019-02-28 18:02:56,144 [MainThread  ][DEBUG]  Optimization options: None
2019-02-28 18:02:56,145 [MainThread  ][INFO ]  Initial parameter values: [ 6.50000254  1.86212121  0.89341841]
2019-02-28 18:05:34,901 [MainThread  ][INFO ]  Final fidelity: 0.9984106990464604
2019-02-28 18:05:34,917 [MainThread  ][INFO ]  Final parameters: [ 4.30010535  1.88615772  4.6360385 ]
2019-02-28 18:05:34,917 [MainThread  ][INFO ]  Fidelity: 0.9984106990464604
2019-02-28 18:05:34,917 [MainThread  ][INFO ]  ---- Starting iteration 94/100
2019-02-28 18:05:34,918 [MainThread  ][DEBUG]  Setting hyperparameter tf=3.7636363636363632
2019-02-28 18:05:34,918 [MainThread  ][INFO ]  Starting optimization for tf=3.7636363636363632
2019-02-28 18:05:34,918 [MainThread  ][DEBUG]  Optimization method: Nelder-Mead
2019-02-28 18:05:34,918 [MainThread  ][DEBUG]  Optimization options: None
2019-02-28 18:05:34,918 [MainThread  ][INFO ]  Initial parameter values: [ 4.59588726  1.88181818  2.36164682]
2019-02-28 18:07:26,463 [MainThread  ][INFO ]  Final fidelity: 0.9991247869109917
2019-02-28 18:07:26,473 [MainThread  ][INFO ]  Final parameters: [ 3.15208635  0.77305842  4.52014782]
2019-02-28 18:07:26,473 [MainThread  ][INFO ]  Fidelity: 0.9991247869109917
2019-02-28 18:07:26,473 [MainThread  ][INFO ]  ---- Starting iteration 95/100
2019-02-28 18:07:26,473 [MainThread  ][DEBUG]  Setting hyperparameter tf=3.8030303030303028
2019-02-28 18:07:26,473 [MainThread  ][INFO ]  Starting optimization for tf=3.8030303030303028
2019-02-28 18:07:26,473 [MainThread  ][DEBUG]  Optimization method: Nelder-Mead
2019-02-28 18:07:26,474 [MainThread  ][DEBUG]  Optimization options: None
2019-02-28 18:07:26,474 [MainThread  ][INFO ]  Initial parameter values: [ 2.30494324  1.90151515  4.99816802]
2019-02-28 18:08:58,445 [MainThread  ][INFO ]  Final fidelity: 0.9994726842633732
2019-02-28 18:08:58,449 [MainThread  ][INFO ]  Final parameters: [ 3.26175529  0.77323097  4.53596093]
2019-02-28 18:08:58,449 [MainThread  ][INFO ]  Fidelity: 0.9994726842633732
2019-02-28 18:08:58,449 [MainThread  ][INFO ]  ---- Starting iteration 96/100
2019-02-28 18:08:58,450 [MainThread  ][DEBUG]  Setting hyperparameter tf=3.8424242424242423
2019-02-28 18:08:58,450 [MainThread  ][INFO ]  Starting optimization for tf=3.8424242424242423
2019-02-28 18:08:58,450 [MainThread  ][DEBUG]  Optimization method: Nelder-Mead
2019-02-28 18:08:58,450 [MainThread  ][DEBUG]  Optimization options: None
2019-02-28 18:08:58,450 [MainThread  ][INFO ]  Initial parameter values: [ 4.71357889  1.92121212  4.76050584]
2019-02-28 18:10:26,183 [MainThread  ][INFO ]  Final fidelity: 0.998328588739593
2019-02-28 18:10:26,184 [MainThread  ][INFO ]  Final parameters: [ 4.31077725  2.06966062  4.68308377]
2019-02-28 18:10:26,184 [MainThread  ][INFO ]  Fidelity: 0.998328588739593
2019-02-28 18:10:26,184 [MainThread  ][INFO ]  ---- Starting iteration 97/100
2019-02-28 18:10:26,184 [MainThread  ][DEBUG]  Setting hyperparameter tf=3.8818181818181814
2019-02-28 18:10:26,184 [MainThread  ][INFO ]  Starting optimization for tf=3.8818181818181814
2019-02-28 18:10:26,184 [MainThread  ][DEBUG]  Optimization method: Nelder-Mead
2019-02-28 18:10:26,184 [MainThread  ][DEBUG]  Optimization options: None
2019-02-28 18:10:26,184 [MainThread  ][INFO ]  Initial parameter values: [ 3.83989831  1.94090909  1.87919303]
2019-02-28 18:12:29,154 [MainThread  ][INFO ]  Final fidelity: 0.9996132546739989
2019-02-28 18:12:29,154 [MainThread  ][INFO ]  Final parameters: [ 1.97534504  0.65034176  4.49826676]
2019-02-28 18:12:29,155 [MainThread  ][INFO ]  Fidelity: 0.9996132546739989
2019-02-28 18:12:29,155 [MainThread  ][INFO ]  ---- Starting iteration 98/100
2019-02-28 18:12:29,155 [MainThread  ][DEBUG]  Setting hyperparameter tf=3.921212121212121
2019-02-28 18:12:29,155 [MainThread  ][INFO ]  Starting optimization for tf=3.921212121212121
2019-02-28 18:12:29,155 [MainThread  ][DEBUG]  Optimization method: Nelder-Mead
2019-02-28 18:12:29,155 [MainThread  ][DEBUG]  Optimization options: None
2019-02-28 18:12:29,155 [MainThread  ][INFO ]  Initial parameter values: [ 1.70506091  1.96060606  2.96884311]
2019-02-28 18:13:53,906 [MainThread  ][INFO ]  Final fidelity: 0.9995928776111386
2019-02-28 18:13:53,919 [MainThread  ][INFO ]  Final parameters: [ 2.22808159  0.71409366  4.50875154]
2019-02-28 18:13:53,920 [MainThread  ][INFO ]  Fidelity: 0.9995928776111386
2019-02-28 18:13:53,920 [MainThread  ][INFO ]  ---- Starting iteration 99/100
2019-02-28 18:13:53,920 [MainThread  ][DEBUG]  Setting hyperparameter tf=3.9606060606060605
2019-02-28 18:13:53,920 [MainThread  ][INFO ]  Starting optimization for tf=3.9606060606060605
2019-02-28 18:13:53,920 [MainThread  ][DEBUG]  Optimization method: Nelder-Mead
2019-02-28 18:13:53,920 [MainThread  ][DEBUG]  Optimization options: None
2019-02-28 18:13:53,921 [MainThread  ][INFO ]  Initial parameter values: [ 5.0432955   1.98030303  4.44375872]
2019-02-28 18:14:55,233 [MainThread  ][INFO ]  Final fidelity: 0.9982867587572293
2019-02-28 18:14:55,234 [MainThread  ][INFO ]  Final parameters: [ 4.28424992  2.06890407  4.70762522]
2019-02-28 18:14:55,234 [MainThread  ][INFO ]  Fidelity: 0.9982867587572293
2019-02-28 18:14:55,234 [MainThread  ][INFO ]  ---- Starting iteration 100/100
2019-02-28 18:14:55,234 [MainThread  ][DEBUG]  Setting hyperparameter tf=4.0
2019-02-28 18:14:55,234 [MainThread  ][INFO ]  Starting optimization for tf=4.0
2019-02-28 18:14:55,234 [MainThread  ][DEBUG]  Optimization method: Nelder-Mead
2019-02-28 18:14:55,234 [MainThread  ][DEBUG]  Optimization options: None
2019-02-28 18:14:55,235 [MainThread  ][INFO ]  Initial parameter values: [ 1.05077505  2.          5.43528084]
2019-02-28 18:16:01,782 [MainThread  ][INFO ]  Final fidelity: 0.9994180397268873
2019-02-28 18:16:01,784 [MainThread  ][INFO ]  Final parameters: [ 1.80758981  0.71241633  4.50783633]
2019-02-28 18:16:01,784 [MainThread  ][INFO ]  Fidelity: 0.9994180397268873
