2019-03-06 17:30:50,895 [MainThread  ][INFO ]  Output file name will be "lmg_triplebang_neldermead_bound4.csv"
2019-03-06 17:30:50,993 [MainThread  ][INFO ]  Using custom protocol ansatz.
2019-03-06 17:30:50,994 [MainThread  ][INFO ]  Using parameters constraints: [[-4, 4], [-4, 4], [-4, 4], [None, None], [None, None]]
2019-03-06 17:30:50,994 [MainThread  ][INFO ]  Using total height constraint: None
2019-03-06 17:30:50,994 [MainThread  ][INFO ]  ---- Starting iteration 1/100
2019-03-06 17:30:50,995 [MainThread  ][DEBUG]  Setting hyperparameter tf=0.1
2019-03-06 17:30:50,996 [MainThread  ][INFO ]  Starting optimization for tf=0.1
2019-03-06 17:30:50,996 [MainThread  ][DEBUG]  Optimization method: Nelder-Mead
2019-03-06 17:30:50,997 [MainThread  ][DEBUG]  Optimization options: None
2019-03-06 17:30:50,997 [MainThread  ][INFO ]  Initial parameter values: [0.5696437648321002, -0.33845264917613727, 0.6051105240420784, 0.03333333333333333, 0.06666666666666667]
2019-03-06 17:31:09,361 [MainThread  ][INFO ]  Final fidelity: 0.8138470889077046
2019-03-06 17:31:09,362 [MainThread  ][INFO ]  Final parameters: [ 3.99998919 -0.94241    -3.92023802  0.05170664  0.06190272]
2019-03-06 17:31:09,362 [MainThread  ][INFO ]  Fidelity: 0.8138470889077046
2019-03-06 17:31:09,362 [MainThread  ][INFO ]  ---- Starting iteration 2/100
2019-03-06 17:31:09,363 [MainThread  ][DEBUG]  Setting hyperparameter tf=0.1191919191919192
2019-03-06 17:31:09,363 [MainThread  ][INFO ]  Starting optimization for tf=0.1191919191919192
2019-03-06 17:31:09,363 [MainThread  ][DEBUG]  Optimization method: Nelder-Mead
2019-03-06 17:31:09,363 [MainThread  ][DEBUG]  Optimization options: None
2019-03-06 17:31:09,363 [MainThread  ][INFO ]  Initial parameter values: [-0.21723221787806368, -0.37387192121431534, -0.22456316643433683, 0.039730639730639734, 0.07946127946127947]
2019-03-06 17:31:31,787 [MainThread  ][INFO ]  Final fidelity: 0.816190185154213
2019-03-06 17:31:31,787 [MainThread  ][INFO ]  Final parameters: [ 3.99677172  2.80816782 -3.99993146  0.06636784  0.06665749]
2019-03-06 17:31:31,788 [MainThread  ][INFO ]  Fidelity: 0.816190185154213
2019-03-06 17:31:31,788 [MainThread  ][INFO ]  ---- Starting iteration 3/100
2019-03-06 17:31:31,788 [MainThread  ][DEBUG]  Setting hyperparameter tf=0.1383838383838384
2019-03-06 17:31:31,788 [MainThread  ][INFO ]  Starting optimization for tf=0.1383838383838384
2019-03-06 17:31:31,788 [MainThread  ][DEBUG]  Optimization method: Nelder-Mead
2019-03-06 17:31:31,788 [MainThread  ][DEBUG]  Optimization options: None
2019-03-06 17:31:31,789 [MainThread  ][INFO ]  Initial parameter values: [-0.17117187762096386, 0.05561270147293351, -0.8641819853706978, 0.04612794612794613, 0.09225589225589226]
2019-03-06 17:31:51,306 [MainThread  ][INFO ]  Final fidelity: 0.8188215189396638
2019-03-06 17:31:51,307 [MainThread  ][INFO ]  Final parameters: [ 3.99997994  1.2372515  -3.98517452  0.07450735  0.0791323 ]
2019-03-06 17:31:51,307 [MainThread  ][INFO ]  Fidelity: 0.8188215189396638
2019-03-06 17:31:51,307 [MainThread  ][INFO ]  ---- Starting iteration 4/100
2019-03-06 17:31:51,307 [MainThread  ][DEBUG]  Setting hyperparameter tf=0.1575757575757576
2019-03-06 17:31:51,307 [MainThread  ][INFO ]  Starting optimization for tf=0.1575757575757576
2019-03-06 17:31:51,308 [MainThread  ][DEBUG]  Optimization method: Nelder-Mead
2019-03-06 17:31:51,308 [MainThread  ][DEBUG]  Optimization options: None
2019-03-06 17:31:51,308 [MainThread  ][INFO ]  Initial parameter values: [0.571287925476121, 0.029314280481608, 0.6566055638402468, 0.05252525252525253, 0.10505050505050506]
2019-03-06 17:32:03,923 [MainThread  ][INFO ]  Final fidelity: 0.8192968769667817
2019-03-06 17:32:03,924 [MainThread  ][INFO ]  Final parameters: [ 2.80029486  0.0251632  -3.99976909  0.10257211  0.10257367]
2019-03-06 17:32:03,924 [MainThread  ][INFO ]  Fidelity: 0.8192968769667817
2019-03-06 17:32:03,924 [MainThread  ][INFO ]  ---- Starting iteration 5/100
2019-03-06 17:32:03,925 [MainThread  ][DEBUG]  Setting hyperparameter tf=0.17676767676767677
2019-03-06 17:32:03,925 [MainThread  ][INFO ]  Starting optimization for tf=0.17676767676767677
2019-03-06 17:32:03,925 [MainThread  ][DEBUG]  Optimization method: Nelder-Mead
2019-03-06 17:32:03,925 [MainThread  ][DEBUG]  Optimization options: None
2019-03-06 17:32:03,925 [MainThread  ][INFO ]  Initial parameter values: [-0.6901616959742087, 0.24983549469934951, -0.8434057126152825, 0.058922558922558925, 0.11784511784511785]
2019-03-06 17:32:27,921 [MainThread  ][INFO ]  Final fidelity: 0.8201125479559555
2019-03-06 17:32:27,922 [MainThread  ][INFO ]  Final parameters: [ 3.9998689   0.4981483  -3.99988782  0.03767307  0.13972478]
2019-03-06 17:32:27,922 [MainThread  ][INFO ]  Fidelity: 0.8201125479559555
2019-03-06 17:32:27,923 [MainThread  ][INFO ]  ---- Starting iteration 6/100
2019-03-06 17:32:27,923 [MainThread  ][DEBUG]  Setting hyperparameter tf=0.19595959595959594
2019-03-06 17:32:27,923 [MainThread  ][INFO ]  Starting optimization for tf=0.19595959595959594
2019-03-06 17:32:27,923 [MainThread  ][DEBUG]  Optimization method: Nelder-Mead
2019-03-06 17:32:27,923 [MainThread  ][DEBUG]  Optimization options: None
2019-03-06 17:32:27,923 [MainThread  ][INFO ]  Initial parameter values: [-0.4554558713290535, 0.28363178016145385, 0.18382992887712213, 0.06531986531986532, 0.13063973063973064]
2019-03-06 17:32:46,044 [MainThread  ][INFO ]  Final fidelity: 0.8131883820748915
2019-03-06 17:32:46,064 [MainThread  ][INFO ]  Final parameters: [-3.99883330e+00  7.24041571e-01 -1.73380025e+00  3.21129162e-06
  1.73099369e-01]
2019-03-06 17:32:46,064 [MainThread  ][INFO ]  Fidelity: 0.8131883820748915
2019-03-06 17:32:46,065 [MainThread  ][INFO ]  ---- Starting iteration 7/100
2019-03-06 17:32:46,065 [MainThread  ][DEBUG]  Setting hyperparameter tf=0.21515151515151515
2019-03-06 17:32:46,065 [MainThread  ][INFO ]  Starting optimization for tf=0.21515151515151515
2019-03-06 17:32:46,065 [MainThread  ][DEBUG]  Optimization method: Nelder-Mead
2019-03-06 17:32:46,065 [MainThread  ][DEBUG]  Optimization options: None
2019-03-06 17:32:46,065 [MainThread  ][INFO ]  Initial parameter values: [-0.915740922549233, 0.22543945355705675, 0.21442308842544677, 0.07171717171717172, 0.14343434343434344]
2019-03-06 17:33:07,822 [MainThread  ][INFO ]  Final fidelity: 0.8210991730008846
2019-03-06 17:33:07,823 [MainThread  ][INFO ]  Final parameters: [ 3.94533358  3.9995277  -0.55159587  0.01588693  0.06163175]
2019-03-06 17:33:07,823 [MainThread  ][INFO ]  Fidelity: 0.8210991730008846
2019-03-06 17:33:07,823 [MainThread  ][INFO ]  ---- Starting iteration 8/100
2019-03-06 17:33:07,823 [MainThread  ][DEBUG]  Setting hyperparameter tf=0.23434343434343433
2019-03-06 17:33:07,824 [MainThread  ][INFO ]  Starting optimization for tf=0.23434343434343433
2019-03-06 17:33:07,824 [MainThread  ][DEBUG]  Optimization method: Nelder-Mead
2019-03-06 17:33:07,824 [MainThread  ][DEBUG]  Optimization options: None
2019-03-06 17:33:07,824 [MainThread  ][INFO ]  Initial parameter values: [0.04569143530790054, 0.18385059980875007, 0.8128589498899275, 0.07811447811447811, 0.15622895622895622]
2019-03-06 17:33:22,029 [MainThread  ][INFO ]  Final fidelity: 0.8197729404061913
2019-03-06 17:33:22,029 [MainThread  ][INFO ]  Final parameters: [ 7.66866177e-02  1.03322839e+00 -3.99868569e+00  3.65864812e-07
  1.95273318e-01]
2019-03-06 17:33:22,030 [MainThread  ][INFO ]  Fidelity: 0.8197729404061913
2019-03-06 17:33:22,030 [MainThread  ][INFO ]  ---- Starting iteration 9/100
2019-03-06 17:33:22,030 [MainThread  ][DEBUG]  Setting hyperparameter tf=0.2535353535353535
2019-03-06 17:33:22,030 [MainThread  ][INFO ]  Starting optimization for tf=0.2535353535353535
2019-03-06 17:33:22,030 [MainThread  ][DEBUG]  Optimization method: Nelder-Mead
2019-03-06 17:33:22,031 [MainThread  ][DEBUG]  Optimization options: None
2019-03-06 17:33:22,031 [MainThread  ][INFO ]  Initial parameter values: [-0.3987729547152483, -0.9779624953212482, -0.03666042036529227, 0.0845117845117845, 0.169023569023569]
2019-03-06 17:33:42,621 [MainThread  ][INFO ]  Final fidelity: 0.8078157400745077
2019-03-06 17:33:42,622 [MainThread  ][INFO ]  Final parameters: [-3.23612123e-01 -3.99999901e+00 -4.31426087e-02  1.43508971e-04
  1.47547924e-04]
2019-03-06 17:33:42,622 [MainThread  ][INFO ]  Fidelity: 0.8078157400745077
2019-03-06 17:33:42,623 [MainThread  ][INFO ]  ---- Starting iteration 10/100
2019-03-06 17:33:42,623 [MainThread  ][DEBUG]  Setting hyperparameter tf=0.2727272727272727
2019-03-06 17:33:42,623 [MainThread  ][INFO ]  Starting optimization for tf=0.2727272727272727
2019-03-06 17:33:42,623 [MainThread  ][DEBUG]  Optimization method: Nelder-Mead
2019-03-06 17:33:42,623 [MainThread  ][DEBUG]  Optimization options: None
2019-03-06 17:33:42,623 [MainThread  ][INFO ]  Initial parameter values: [-0.5524011631979364, -0.7413408543826714, 0.9543288090277977, 0.0909090909090909, 0.1818181818181818]
2019-03-06 17:33:52,270 [MainThread  ][INFO ]  Final fidelity: 0.8074001925336145
2019-03-06 17:33:52,271 [MainThread  ][INFO ]  Final parameters: [-0.47768646 -1.02903741  0.6167879   0.09363345  0.09364507]
2019-03-06 17:33:52,271 [MainThread  ][INFO ]  Fidelity: 0.8074001925336145
2019-03-06 17:33:52,272 [MainThread  ][INFO ]  ---- Starting iteration 11/100
2019-03-06 17:33:52,272 [MainThread  ][DEBUG]  Setting hyperparameter tf=0.2919191919191919
2019-03-06 17:33:52,272 [MainThread  ][INFO ]  Starting optimization for tf=0.2919191919191919
2019-03-06 17:33:52,272 [MainThread  ][DEBUG]  Optimization method: Nelder-Mead
2019-03-06 17:33:52,272 [MainThread  ][DEBUG]  Optimization options: None
2019-03-06 17:33:52,272 [MainThread  ][INFO ]  Initial parameter values: [-0.4930749739702849, 0.02504236323190434, -0.14749327204671125, 0.0973063973063973, 0.1946127946127946]
2019-03-06 17:34:08,873 [MainThread  ][INFO ]  Final fidelity: 0.835647073790363
2019-03-06 17:34:08,874 [MainThread  ][INFO ]  Final parameters: [ 3.99999408  0.05447461 -0.96903698  0.09700852  0.10064628]
2019-03-06 17:34:08,874 [MainThread  ][INFO ]  Fidelity: 0.835647073790363
2019-03-06 17:34:08,874 [MainThread  ][INFO ]  ---- Starting iteration 12/100
2019-03-06 17:34:08,874 [MainThread  ][DEBUG]  Setting hyperparameter tf=0.3111111111111111
2019-03-06 17:34:08,875 [MainThread  ][INFO ]  Starting optimization for tf=0.3111111111111111
2019-03-06 17:34:08,875 [MainThread  ][DEBUG]  Optimization method: Nelder-Mead
2019-03-06 17:34:08,875 [MainThread  ][DEBUG]  Optimization options: None
2019-03-06 17:34:08,875 [MainThread  ][INFO ]  Initial parameter values: [-0.5909230041252846, 0.7670366785689893, -0.3004235282028853, 0.1037037037037037, 0.2074074074074074]
2019-03-06 17:34:24,990 [MainThread  ][INFO ]  Final fidelity: 0.8370514332848217
2019-03-06 17:34:24,991 [MainThread  ][INFO ]  Final parameters: [-1.10623403e-01  3.99992635e+00 -7.58727974e-01  3.93134953e-07
  9.68118827e-02]
2019-03-06 17:34:24,991 [MainThread  ][INFO ]  Fidelity: 0.8370514332848217
2019-03-06 17:34:24,992 [MainThread  ][INFO ]  ---- Starting iteration 13/100
2019-03-06 17:34:24,992 [MainThread  ][DEBUG]  Setting hyperparameter tf=0.3303030303030303
2019-03-06 17:34:24,992 [MainThread  ][INFO ]  Starting optimization for tf=0.3303030303030303
2019-03-06 17:34:24,992 [MainThread  ][DEBUG]  Optimization method: Nelder-Mead
2019-03-06 17:34:24,992 [MainThread  ][DEBUG]  Optimization options: None
2019-03-06 17:34:24,992 [MainThread  ][INFO ]  Initial parameter values: [0.7052832060485452, -0.43520950567170846, 0.8852030918865412, 0.1101010101010101, 0.2202020202020202]
2019-03-06 17:34:37,011 [MainThread  ][INFO ]  Final fidelity: 0.8606790598990709
2019-03-06 17:34:37,012 [MainThread  ][INFO ]  Final parameters: [ 3.99990319 -0.57876575 -3.22713064  0.17849848  0.18150979]
2019-03-06 17:34:37,012 [MainThread  ][INFO ]  Fidelity: 0.8606790598990709
2019-03-06 17:34:37,012 [MainThread  ][INFO ]  ---- Starting iteration 14/100
2019-03-06 17:34:37,013 [MainThread  ][DEBUG]  Setting hyperparameter tf=0.3494949494949495
2019-03-06 17:34:37,013 [MainThread  ][INFO ]  Starting optimization for tf=0.3494949494949495
2019-03-06 17:34:37,013 [MainThread  ][DEBUG]  Optimization method: Nelder-Mead
2019-03-06 17:34:37,013 [MainThread  ][DEBUG]  Optimization options: None
2019-03-06 17:34:37,013 [MainThread  ][INFO ]  Initial parameter values: [-0.5884761091608643, -0.12357908494896197, -0.2570639446112948, 0.1164983164983165, 0.232996632996633]
2019-03-06 17:35:04,442 [MainThread  ][INFO ]  Final fidelity: 0.8573487894511085
2019-03-06 17:35:04,443 [MainThread  ][INFO ]  Final parameters: [ 2.88781711 -3.27266724 -3.03658765  0.2151788   0.34949057]
2019-03-06 17:35:04,443 [MainThread  ][INFO ]  Fidelity: 0.8573487894511085
2019-03-06 17:35:04,443 [MainThread  ][INFO ]  ---- Starting iteration 15/100
2019-03-06 17:35:04,443 [MainThread  ][DEBUG]  Setting hyperparameter tf=0.3686868686868686
2019-03-06 17:35:04,444 [MainThread  ][INFO ]  Starting optimization for tf=0.3686868686868686
2019-03-06 17:35:04,444 [MainThread  ][DEBUG]  Optimization method: Nelder-Mead
2019-03-06 17:35:04,444 [MainThread  ][DEBUG]  Optimization options: None
2019-03-06 17:35:04,444 [MainThread  ][INFO ]  Initial parameter values: [0.9745300116913425, -0.7875000816705024, -0.35218227915365863, 0.12289562289562288, 0.24579124579124575]
2019-03-06 17:35:17,089 [MainThread  ][INFO ]  Final fidelity: 0.8321955763227977
2019-03-06 17:35:17,090 [MainThread  ][INFO ]  Final parameters: [ 2.12248602 -0.67221476 -0.09836     0.12192058  0.12192951]
2019-03-06 17:35:17,090 [MainThread  ][INFO ]  Fidelity: 0.8321955763227977
2019-03-06 17:35:17,090 [MainThread  ][INFO ]  ---- Starting iteration 16/100
2019-03-06 17:35:17,091 [MainThread  ][DEBUG]  Setting hyperparameter tf=0.3878787878787878
2019-03-06 17:35:17,091 [MainThread  ][INFO ]  Starting optimization for tf=0.3878787878787878
2019-03-06 17:35:17,091 [MainThread  ][DEBUG]  Optimization method: Nelder-Mead
2019-03-06 17:35:17,091 [MainThread  ][DEBUG]  Optimization options: None
2019-03-06 17:35:17,091 [MainThread  ][INFO ]  Initial parameter values: [-0.5811684492929499, 0.4182374340517392, 0.9835556873317504, 0.12929292929292927, 0.25858585858585853]
2019-03-06 17:35:26,659 [MainThread  ][INFO ]  Final fidelity: 0.8176124026270231
2019-03-06 17:35:26,672 [MainThread  ][INFO ]  Final parameters: [-5.19649540e-01  5.02906786e-01  5.95813648e-01  1.10129541e-05
  3.87846293e-01]
2019-03-06 17:35:26,672 [MainThread  ][INFO ]  Fidelity: 0.8176124026270231
2019-03-06 17:35:26,673 [MainThread  ][INFO ]  ---- Starting iteration 17/100
2019-03-06 17:35:26,673 [MainThread  ][DEBUG]  Setting hyperparameter tf=0.407070707070707
2019-03-06 17:35:26,673 [MainThread  ][INFO ]  Starting optimization for tf=0.407070707070707
2019-03-06 17:35:26,673 [MainThread  ][DEBUG]  Optimization method: Nelder-Mead
2019-03-06 17:35:26,673 [MainThread  ][DEBUG]  Optimization options: None
2019-03-06 17:35:26,673 [MainThread  ][INFO ]  Initial parameter values: [0.7063067167620356, 0.804409427549694, 0.08777642880725356, 0.13569023569023567, 0.27138047138047133]
2019-03-06 17:35:39,566 [MainThread  ][INFO ]  Final fidelity: 0.8474120752954577
2019-03-06 17:35:39,567 [MainThread  ][INFO ]  Final parameters: [ 3.99998709 -0.45488298 -0.01185586  0.08930409  0.40700604]
2019-03-06 17:35:39,567 [MainThread  ][INFO ]  Fidelity: 0.8474120752954577
2019-03-06 17:35:39,567 [MainThread  ][INFO ]  ---- Starting iteration 18/100
2019-03-06 17:35:39,567 [MainThread  ][DEBUG]  Setting hyperparameter tf=0.42626262626262623
2019-03-06 17:35:39,567 [MainThread  ][INFO ]  Starting optimization for tf=0.42626262626262623
2019-03-06 17:35:39,568 [MainThread  ][DEBUG]  Optimization method: Nelder-Mead
2019-03-06 17:35:39,568 [MainThread  ][DEBUG]  Optimization options: None
2019-03-06 17:35:39,568 [MainThread  ][INFO ]  Initial parameter values: [0.08927750034600623, -0.9460832712183171, 0.12523797227727673, 0.14208754208754207, 0.28417508417508414]
2019-03-06 17:35:54,817 [MainThread  ][INFO ]  Final fidelity: 0.818934982166955
2019-03-06 17:35:54,818 [MainThread  ][INFO ]  Final parameters: [3.44548188e-01 1.03330112e+00 3.94722937e-01 2.69902989e-04
 5.09696169e-04]
2019-03-06 17:35:54,818 [MainThread  ][INFO ]  Fidelity: 0.818934982166955
2019-03-06 17:35:54,818 [MainThread  ][INFO ]  ---- Starting iteration 19/100
2019-03-06 17:35:54,818 [MainThread  ][DEBUG]  Setting hyperparameter tf=0.44545454545454544
2019-03-06 17:35:54,819 [MainThread  ][INFO ]  Starting optimization for tf=0.44545454545454544
2019-03-06 17:35:54,819 [MainThread  ][DEBUG]  Optimization method: Nelder-Mead
2019-03-06 17:35:54,819 [MainThread  ][DEBUG]  Optimization options: None
2019-03-06 17:35:54,819 [MainThread  ][INFO ]  Initial parameter values: [0.6909011168963626, -0.5956050891129849, 0.7057952066661921, 0.14848484848484847, 0.29696969696969694]
2019-03-06 17:36:32,670 [MainThread  ][INFO ]  Final fidelity: 0.9044521025921607
2019-03-06 17:36:32,671 [MainThread  ][INFO ]  Final parameters: [ 3.99920418  0.55270492 -3.99999358  0.26556703  0.26631161]
2019-03-06 17:36:32,671 [MainThread  ][INFO ]  Fidelity: 0.9044521025921607
2019-03-06 17:36:32,671 [MainThread  ][INFO ]  ---- Starting iteration 20/100
2019-03-06 17:36:32,671 [MainThread  ][DEBUG]  Setting hyperparameter tf=0.46464646464646464
2019-03-06 17:36:32,671 [MainThread  ][INFO ]  Starting optimization for tf=0.46464646464646464
2019-03-06 17:36:32,672 [MainThread  ][DEBUG]  Optimization method: Nelder-Mead
2019-03-06 17:36:32,672 [MainThread  ][DEBUG]  Optimization options: None
2019-03-06 17:36:32,672 [MainThread  ][INFO ]  Initial parameter values: [0.20399158040490772, 0.28474748525412474, -0.4899566937216757, 0.15488215488215487, 0.30976430976430974]
2019-03-06 17:36:46,547 [MainThread  ][INFO ]  Final fidelity: 0.877562190427614
2019-03-06 17:36:46,548 [MainThread  ][INFO ]  Final parameters: [-2.02341240e+00  3.99998284e+00 -1.08942654e+00  7.92928522e-07
  1.69830709e-01]
2019-03-06 17:36:46,548 [MainThread  ][INFO ]  Fidelity: 0.877562190427614
2019-03-06 17:36:46,548 [MainThread  ][INFO ]  ---- Starting iteration 21/100
2019-03-06 17:36:46,549 [MainThread  ][DEBUG]  Setting hyperparameter tf=0.48383838383838385
2019-03-06 17:36:46,549 [MainThread  ][INFO ]  Starting optimization for tf=0.48383838383838385
2019-03-06 17:36:46,549 [MainThread  ][DEBUG]  Optimization method: Nelder-Mead
2019-03-06 17:36:46,549 [MainThread  ][DEBUG]  Optimization options: None
2019-03-06 17:36:46,549 [MainThread  ][INFO ]  Initial parameter values: [-0.9319949018318825, -0.3895814819767036, -0.1314295175521254, 0.16127946127946127, 0.32255892255892255]
2019-03-06 17:37:03,739 [MainThread  ][INFO ]  Final fidelity: 0.8752626042716928
2019-03-06 17:37:03,740 [MainThread  ][INFO ]  Final parameters: [ 3.99985662 -0.3173788  -0.74677318  0.15647174  0.15648694]
2019-03-06 17:37:03,740 [MainThread  ][INFO ]  Fidelity: 0.8752626042716928
2019-03-06 17:37:03,740 [MainThread  ][INFO ]  ---- Starting iteration 22/100
2019-03-06 17:37:03,741 [MainThread  ][DEBUG]  Setting hyperparameter tf=0.503030303030303
2019-03-06 17:37:03,741 [MainThread  ][INFO ]  Starting optimization for tf=0.503030303030303
2019-03-06 17:37:03,741 [MainThread  ][DEBUG]  Optimization method: Nelder-Mead
2019-03-06 17:37:03,741 [MainThread  ][DEBUG]  Optimization options: None
2019-03-06 17:37:03,741 [MainThread  ][INFO ]  Initial parameter values: [0.30153937130136144, -0.18044693758253816, 0.0955080365291372, 0.16767676767676767, 0.33535353535353535]
2019-03-06 17:37:18,845 [MainThread  ][INFO ]  Final fidelity: 0.8657933925190426
2019-03-06 17:37:18,846 [MainThread  ][INFO ]  Final parameters: [ 3.9999629   1.11645757 -0.2629169   0.11342246  0.15971798]
2019-03-06 17:37:18,846 [MainThread  ][INFO ]  Fidelity: 0.8657933925190426
2019-03-06 17:37:18,846 [MainThread  ][INFO ]  ---- Starting iteration 23/100
2019-03-06 17:37:18,846 [MainThread  ][DEBUG]  Setting hyperparameter tf=0.5222222222222221
2019-03-06 17:37:18,847 [MainThread  ][INFO ]  Starting optimization for tf=0.5222222222222221
2019-03-06 17:37:18,847 [MainThread  ][DEBUG]  Optimization method: Nelder-Mead
2019-03-06 17:37:18,847 [MainThread  ][DEBUG]  Optimization options: None
2019-03-06 17:37:18,847 [MainThread  ][INFO ]  Initial parameter values: [-0.7146236809394204, 0.8628709130378776, 0.8943192861473537, 0.17407407407407405, 0.3481481481481481]
2019-03-06 17:37:40,133 [MainThread  ][INFO ]  Final fidelity: 0.9220673778844867
2019-03-06 17:37:40,134 [MainThread  ][INFO ]  Final parameters: [-0.56993152  3.9999704  -3.99996997  0.02522646  0.32814435]
2019-03-06 17:37:40,134 [MainThread  ][INFO ]  Fidelity: 0.9220673778844867
2019-03-06 17:37:40,134 [MainThread  ][INFO ]  ---- Starting iteration 24/100
2019-03-06 17:37:40,134 [MainThread  ][DEBUG]  Setting hyperparameter tf=0.5414141414141413
2019-03-06 17:37:40,135 [MainThread  ][INFO ]  Starting optimization for tf=0.5414141414141413
2019-03-06 17:37:40,135 [MainThread  ][DEBUG]  Optimization method: Nelder-Mead
2019-03-06 17:37:40,135 [MainThread  ][DEBUG]  Optimization options: None
2019-03-06 17:37:40,135 [MainThread  ][INFO ]  Initial parameter values: [-0.3573863621923161, -0.4501366291442488, 0.29205600582464464, 0.18047138047138045, 0.3609427609427609]
2019-03-06 17:38:02,292 [MainThread  ][INFO ]  Final fidelity: 0.9070086348790103
2019-03-06 17:38:02,293 [MainThread  ][INFO ]  Final parameters: [ 2.36459881 -3.99999448 -0.66466055  0.39367556  0.54103302]
2019-03-06 17:38:02,294 [MainThread  ][INFO ]  Fidelity: 0.9070086348790103
2019-03-06 17:38:02,294 [MainThread  ][INFO ]  ---- Starting iteration 25/100
2019-03-06 17:38:02,294 [MainThread  ][DEBUG]  Setting hyperparameter tf=0.5606060606060606
2019-03-06 17:38:02,294 [MainThread  ][INFO ]  Starting optimization for tf=0.5606060606060606
2019-03-06 17:38:02,294 [MainThread  ][DEBUG]  Optimization method: Nelder-Mead
2019-03-06 17:38:02,295 [MainThread  ][DEBUG]  Optimization options: None
2019-03-06 17:38:02,295 [MainThread  ][INFO ]  Initial parameter values: [-0.4772090241198472, 0.047804244449775046, 0.8678963413484049, 0.18686868686868685, 0.3737373737373737]
2019-03-06 17:38:22,548 [MainThread  ][INFO ]  Final fidelity: 0.8593207406822104
2019-03-06 17:38:22,549 [MainThread  ][INFO ]  Final parameters: [3.99994034 0.18898571 1.39919411 0.09871986 0.56060199]
2019-03-06 17:38:22,549 [MainThread  ][INFO ]  Fidelity: 0.8593207406822104
2019-03-06 17:38:22,549 [MainThread  ][INFO ]  ---- Starting iteration 26/100
2019-03-06 17:38:22,550 [MainThread  ][DEBUG]  Setting hyperparameter tf=0.5797979797979798
2019-03-06 17:38:22,550 [MainThread  ][INFO ]  Starting optimization for tf=0.5797979797979798
2019-03-06 17:38:22,550 [MainThread  ][DEBUG]  Optimization method: Nelder-Mead
2019-03-06 17:38:22,550 [MainThread  ][DEBUG]  Optimization options: None
2019-03-06 17:38:22,550 [MainThread  ][INFO ]  Initial parameter values: [-0.0833518447435746, -0.9804862068342564, 0.9011752778298889, 0.19326599326599325, 0.3865319865319865]
2019-03-06 17:38:38,677 [MainThread  ][INFO ]  Final fidelity: 0.8285297087763462
2019-03-06 17:38:38,678 [MainThread  ][INFO ]  Final parameters: [-9.99195971e-02 -2.64672282e+00  5.10302048e-01  2.53462757e-05
  2.68192963e-05]
2019-03-06 17:38:38,678 [MainThread  ][INFO ]  Fidelity: 0.8285297087763462
2019-03-06 17:38:38,678 [MainThread  ][INFO ]  ---- Starting iteration 27/100
2019-03-06 17:38:38,679 [MainThread  ][DEBUG]  Setting hyperparameter tf=0.598989898989899
2019-03-06 17:38:38,679 [MainThread  ][INFO ]  Starting optimization for tf=0.598989898989899
2019-03-06 17:38:38,679 [MainThread  ][DEBUG]  Optimization method: Nelder-Mead
2019-03-06 17:38:38,679 [MainThread  ][DEBUG]  Optimization options: None
2019-03-06 17:38:38,679 [MainThread  ][INFO ]  Initial parameter values: [0.25288770732189625, -0.8631872475277971, -0.5198518766447375, 0.19966329966329965, 0.3993265993265993]
2019-03-06 17:39:00,404 [MainThread  ][INFO ]  Final fidelity: 0.8869381199158941
2019-03-06 17:39:00,405 [MainThread  ][INFO ]  Final parameters: [ 2.05348005 -0.93468974  3.99976611  0.33755392  0.59896991]
2019-03-06 17:39:00,405 [MainThread  ][INFO ]  Fidelity: 0.8869381199158941
2019-03-06 17:39:00,405 [MainThread  ][INFO ]  ---- Starting iteration 28/100
2019-03-06 17:39:00,406 [MainThread  ][DEBUG]  Setting hyperparameter tf=0.6181818181818182
2019-03-06 17:39:00,406 [MainThread  ][INFO ]  Starting optimization for tf=0.6181818181818182
2019-03-06 17:39:00,406 [MainThread  ][DEBUG]  Optimization method: Nelder-Mead
2019-03-06 17:39:00,406 [MainThread  ][DEBUG]  Optimization options: None
2019-03-06 17:39:00,406 [MainThread  ][INFO ]  Initial parameter values: [-0.33364655676858, -0.16453388193063234, -0.3030524308069227, 0.20606060606060606, 0.4121212121212121]
2019-03-06 17:39:47,122 [MainThread  ][INFO ]  Final fidelity: 0.9648601970582391
2019-03-06 17:39:47,123 [MainThread  ][INFO ]  Final parameters: [ 3.99999286 -1.84254247 -3.99999029  0.37693823  0.42444907]
2019-03-06 17:39:47,123 [MainThread  ][INFO ]  Fidelity: 0.9648601970582391
2019-03-06 17:39:47,123 [MainThread  ][INFO ]  ---- Starting iteration 29/100
2019-03-06 17:39:47,124 [MainThread  ][DEBUG]  Setting hyperparameter tf=0.6373737373737373
2019-03-06 17:39:47,124 [MainThread  ][INFO ]  Starting optimization for tf=0.6373737373737373
2019-03-06 17:39:47,124 [MainThread  ][DEBUG]  Optimization method: Nelder-Mead
2019-03-06 17:39:47,124 [MainThread  ][DEBUG]  Optimization options: None
2019-03-06 17:39:47,124 [MainThread  ][INFO ]  Initial parameter values: [0.10083050948174543, 0.5320865888804021, 0.05680457813649831, 0.21245791245791243, 0.42491582491582486]
2019-03-06 17:40:09,426 [MainThread  ][INFO ]  Final fidelity: 0.8907410408032568
2019-03-06 17:40:09,427 [MainThread  ][INFO ]  Final parameters: [ 3.03427750e-01  3.99985328e+00 -1.09073192e-01  1.01313806e-05
  1.49983159e-01]
2019-03-06 17:40:09,427 [MainThread  ][INFO ]  Fidelity: 0.8907410408032568
2019-03-06 17:40:09,427 [MainThread  ][INFO ]  ---- Starting iteration 30/100
2019-03-06 17:40:09,428 [MainThread  ][DEBUG]  Setting hyperparameter tf=0.6565656565656565
2019-03-06 17:40:09,428 [MainThread  ][INFO ]  Starting optimization for tf=0.6565656565656565
2019-03-06 17:40:09,428 [MainThread  ][DEBUG]  Optimization method: Nelder-Mead
2019-03-06 17:40:09,428 [MainThread  ][DEBUG]  Optimization options: None
2019-03-06 17:40:09,428 [MainThread  ][INFO ]  Initial parameter values: [-0.25580652586550556, -0.030566756728930056, 0.1982287299872083, 0.21885521885521883, 0.43771043771043766]
2019-03-06 17:40:29,192 [MainThread  ][INFO ]  Final fidelity: 0.8997159314341322
2019-03-06 17:40:29,193 [MainThread  ][INFO ]  Final parameters: [ 3.99994876 -0.19048668  1.95995077  0.1665516   0.65655518]
2019-03-06 17:40:29,193 [MainThread  ][INFO ]  Fidelity: 0.8997159314341322
2019-03-06 17:40:29,193 [MainThread  ][INFO ]  ---- Starting iteration 31/100
2019-03-06 17:40:29,193 [MainThread  ][DEBUG]  Setting hyperparameter tf=0.6757575757575757
2019-03-06 17:40:29,193 [MainThread  ][INFO ]  Starting optimization for tf=0.6757575757575757
2019-03-06 17:40:29,193 [MainThread  ][DEBUG]  Optimization method: Nelder-Mead
2019-03-06 17:40:29,194 [MainThread  ][DEBUG]  Optimization options: None
2019-03-06 17:40:29,194 [MainThread  ][INFO ]  Initial parameter values: [0.04736750137986667, 0.10309858559235563, -0.4497366767970239, 0.22525252525252523, 0.45050505050505046]
2019-03-06 17:40:47,158 [MainThread  ][INFO ]  Final fidelity: 0.9760131600889453
2019-03-06 17:40:47,159 [MainThread  ][INFO ]  Final parameters: [ 0.53318032  3.99996773 -3.99999005  0.02335759  0.43882344]
2019-03-06 17:40:47,159 [MainThread  ][INFO ]  Fidelity: 0.9760131600889453
2019-03-06 17:40:47,159 [MainThread  ][INFO ]  ---- Starting iteration 32/100
2019-03-06 17:40:47,159 [MainThread  ][DEBUG]  Setting hyperparameter tf=0.6949494949494949
2019-03-06 17:40:47,159 [MainThread  ][INFO ]  Starting optimization for tf=0.6949494949494949
2019-03-06 17:40:47,160 [MainThread  ][DEBUG]  Optimization method: Nelder-Mead
2019-03-06 17:40:47,160 [MainThread  ][DEBUG]  Optimization options: None
2019-03-06 17:40:47,160 [MainThread  ][INFO ]  Initial parameter values: [-0.7113967981599965, -0.5902006104755055, 0.19749571658784748, 0.23164983164983163, 0.46329966329966327]
2019-03-06 17:40:56,849 [MainThread  ][INFO ]  Final fidelity: 0.8355895624286981
2019-03-06 17:40:56,850 [MainThread  ][INFO ]  Final parameters: [-8.46100885e-01 -8.28381921e-01  6.23323709e-01  2.67762521e-06
  3.56289365e-06]
2019-03-06 17:40:56,850 [MainThread  ][INFO ]  Fidelity: 0.8355895624286981
2019-03-06 17:40:56,850 [MainThread  ][INFO ]  ---- Starting iteration 33/100
2019-03-06 17:40:56,851 [MainThread  ][DEBUG]  Setting hyperparameter tf=0.7141414141414141
2019-03-06 17:40:56,851 [MainThread  ][INFO ]  Starting optimization for tf=0.7141414141414141
2019-03-06 17:40:56,851 [MainThread  ][DEBUG]  Optimization method: Nelder-Mead
2019-03-06 17:40:56,851 [MainThread  ][DEBUG]  Optimization options: None
2019-03-06 17:40:56,851 [MainThread  ][INFO ]  Initial parameter values: [-0.5751197580092542, 0.39338252765813553, -0.4128307406289735, 0.23804713804713803, 0.47609427609427607]
2019-03-06 17:41:28,192 [MainThread  ][INFO ]  Final fidelity: 0.9840181557714769
2019-03-06 17:41:28,192 [MainThread  ][INFO ]  Final parameters: [ 3.99999691  3.40772355 -3.99841483  0.08565898  0.48427821]
2019-03-06 17:41:28,193 [MainThread  ][INFO ]  Fidelity: 0.9840181557714769
2019-03-06 17:41:28,193 [MainThread  ][INFO ]  ---- Starting iteration 34/100
2019-03-06 17:41:28,193 [MainThread  ][DEBUG]  Setting hyperparameter tf=0.7333333333333333
2019-03-06 17:41:28,193 [MainThread  ][INFO ]  Starting optimization for tf=0.7333333333333333
2019-03-06 17:41:28,193 [MainThread  ][DEBUG]  Optimization method: Nelder-Mead
2019-03-06 17:41:28,193 [MainThread  ][DEBUG]  Optimization options: None
2019-03-06 17:41:28,193 [MainThread  ][INFO ]  Initial parameter values: [0.006231542030183945, 0.19601916335544534, 0.4494564315167844, 0.24444444444444444, 0.4888888888888889]
2019-03-06 17:41:46,932 [MainThread  ][INFO ]  Final fidelity: 0.839815104542495
2019-03-06 17:41:46,933 [MainThread  ][INFO ]  Final parameters: [0.00539787 0.46971762 0.51995008 0.00189243 0.00211582]
2019-03-06 17:41:46,933 [MainThread  ][INFO ]  Fidelity: 0.839815104542495
2019-03-06 17:41:46,933 [MainThread  ][INFO ]  ---- Starting iteration 35/100
2019-03-06 17:41:46,933 [MainThread  ][DEBUG]  Setting hyperparameter tf=0.7525252525252525
2019-03-06 17:41:46,934 [MainThread  ][INFO ]  Starting optimization for tf=0.7525252525252525
2019-03-06 17:41:46,934 [MainThread  ][DEBUG]  Optimization method: Nelder-Mead
2019-03-06 17:41:46,934 [MainThread  ][DEBUG]  Optimization options: None
2019-03-06 17:41:46,934 [MainThread  ][INFO ]  Initial parameter values: [-0.542481713278608, -0.3803308836634882, -0.2306009183015938, 0.2508417508417508, 0.5016835016835016]
2019-03-06 17:42:11,983 [MainThread  ][INFO ]  Final fidelity: 0.9948642212732097
2019-03-06 17:42:11,984 [MainThread  ][INFO ]  Final parameters: [ 3.99755724 -3.9998988   0.22673446  0.493933    0.75016359]
2019-03-06 17:42:11,984 [MainThread  ][INFO ]  Fidelity: 0.9948642212732097
2019-03-06 17:42:11,985 [MainThread  ][INFO ]  ---- Starting iteration 36/100
2019-03-06 17:42:11,985 [MainThread  ][DEBUG]  Setting hyperparameter tf=0.7717171717171717
2019-03-06 17:42:11,985 [MainThread  ][INFO ]  Starting optimization for tf=0.7717171717171717
2019-03-06 17:42:11,985 [MainThread  ][DEBUG]  Optimization method: Nelder-Mead
2019-03-06 17:42:11,985 [MainThread  ][DEBUG]  Optimization options: None
2019-03-06 17:42:11,985 [MainThread  ][INFO ]  Initial parameter values: [-0.9534181612410477, -0.04412705574343212, -0.29466714287541373, 0.2572390572390572, 0.5144781144781144]
2019-03-06 17:42:26,480 [MainThread  ][INFO ]  Final fidelity: 0.9683220588876887
2019-03-06 17:42:26,481 [MainThread  ][INFO ]  Final parameters: [ 3.99998648 -0.15280292 -1.09581837  0.31491215  0.32075391]
2019-03-06 17:42:26,481 [MainThread  ][INFO ]  Fidelity: 0.9683220588876887
2019-03-06 17:42:26,481 [MainThread  ][INFO ]  ---- Starting iteration 37/100
2019-03-06 17:42:26,481 [MainThread  ][DEBUG]  Setting hyperparameter tf=0.7909090909090909
2019-03-06 17:42:26,481 [MainThread  ][INFO ]  Starting optimization for tf=0.7909090909090909
2019-03-06 17:42:26,482 [MainThread  ][DEBUG]  Optimization method: Nelder-Mead
2019-03-06 17:42:26,482 [MainThread  ][DEBUG]  Optimization options: None
2019-03-06 17:42:26,482 [MainThread  ][INFO ]  Initial parameter values: [-0.6581914032798328, 0.7106362170907223, -0.709659047921797, 0.2636363636363636, 0.5272727272727272]
2019-03-06 17:43:09,112 [MainThread  ][INFO ]  Final fidelity: 0.9981449983001701
2019-03-06 17:43:09,112 [MainThread  ][INFO ]  Final parameters: [-1.32875771e-01  3.99989929e+00 -3.89381072e+00  1.09594990e-04
  5.23209744e-01]
2019-03-06 17:43:09,113 [MainThread  ][INFO ]  Fidelity: 0.9981449983001701
2019-03-06 17:43:09,113 [MainThread  ][INFO ]  ---- Starting iteration 38/100
2019-03-06 17:43:09,113 [MainThread  ][DEBUG]  Setting hyperparameter tf=0.81010101010101
2019-03-06 17:43:09,113 [MainThread  ][INFO ]  Starting optimization for tf=0.81010101010101
2019-03-06 17:43:09,114 [MainThread  ][DEBUG]  Optimization method: Nelder-Mead
2019-03-06 17:43:09,114 [MainThread  ][DEBUG]  Optimization options: None
2019-03-06 17:43:09,114 [MainThread  ][INFO ]  Initial parameter values: [0.657515060341, -0.053648924554598354, 0.3700007574018225, 0.27003367003367, 0.54006734006734]
2019-03-06 17:43:36,679 [MainThread  ][INFO ]  Final fidelity: 0.9987337556970743
2019-03-06 17:43:36,679 [MainThread  ][INFO ]  Final parameters: [ 3.99968704 -0.25011503 -3.99275094  0.49960349  0.58801193]
2019-03-06 17:43:36,679 [MainThread  ][INFO ]  Fidelity: 0.9987337556970743
2019-03-06 17:43:36,680 [MainThread  ][INFO ]  ---- Starting iteration 39/100
2019-03-06 17:43:36,680 [MainThread  ][DEBUG]  Setting hyperparameter tf=0.8292929292929292
2019-03-06 17:43:36,680 [MainThread  ][INFO ]  Starting optimization for tf=0.8292929292929292
2019-03-06 17:43:36,680 [MainThread  ][DEBUG]  Optimization method: Nelder-Mead
2019-03-06 17:43:36,680 [MainThread  ][DEBUG]  Optimization options: None
2019-03-06 17:43:36,680 [MainThread  ][INFO ]  Initial parameter values: [-0.647064518775333, 0.43340060202876596, 0.27641759597853177, 0.2764309764309764, 0.5528619528619528]
2019-03-06 17:43:57,776 [MainThread  ][INFO ]  Final fidelity: 0.9951474302311967
2019-03-06 17:43:57,777 [MainThread  ][INFO ]  Final parameters: [-2.46444229e+00  3.99997680e+00 -2.05084519e+00  2.56143519e-06
  4.45324731e-01]
2019-03-06 17:43:57,778 [MainThread  ][INFO ]  Fidelity: 0.9951474302311967
2019-03-06 17:43:57,778 [MainThread  ][INFO ]  ---- Starting iteration 40/100
2019-03-06 17:43:57,778 [MainThread  ][DEBUG]  Setting hyperparameter tf=0.8484848484848484
2019-03-06 17:43:57,778 [MainThread  ][INFO ]  Starting optimization for tf=0.8484848484848484
2019-03-06 17:43:57,778 [MainThread  ][DEBUG]  Optimization method: Nelder-Mead
2019-03-06 17:43:57,779 [MainThread  ][DEBUG]  Optimization options: None
2019-03-06 17:43:57,779 [MainThread  ][INFO ]  Initial parameter values: [-0.8032914322389157, 0.6269586677494419, -0.19480929162925587, 0.2828282828282828, 0.5656565656565656]
2019-03-06 17:44:19,589 [MainThread  ][INFO ]  Final fidelity: 0.9058445568653999
2019-03-06 17:44:19,590 [MainThread  ][INFO ]  Final parameters: [-2.81998732e-01  1.83323948e+00  1.01027033e-01  1.68943888e-06
  3.18750651e-01]
2019-03-06 17:44:19,590 [MainThread  ][INFO ]  Fidelity: 0.9058445568653999
2019-03-06 17:44:19,590 [MainThread  ][INFO ]  ---- Starting iteration 41/100
2019-03-06 17:44:19,591 [MainThread  ][DEBUG]  Setting hyperparameter tf=0.8676767676767676
2019-03-06 17:44:19,591 [MainThread  ][INFO ]  Starting optimization for tf=0.8676767676767676
2019-03-06 17:44:19,591 [MainThread  ][DEBUG]  Optimization method: Nelder-Mead
2019-03-06 17:44:19,591 [MainThread  ][DEBUG]  Optimization options: None
2019-03-06 17:44:19,591 [MainThread  ][INFO ]  Initial parameter values: [-0.9170446033712518, -0.09519092731014767, -0.25168368781081707, 0.2892255892255892, 0.5784511784511784]
2019-03-06 17:44:40,931 [MainThread  ][INFO ]  Final fidelity: 0.9761693359998463
2019-03-06 17:44:40,932 [MainThread  ][INFO ]  Final parameters: [ 3.99998889 -0.0291315  -0.63285931  0.30666207  0.30788621]
2019-03-06 17:44:40,932 [MainThread  ][INFO ]  Fidelity: 0.9761693359998463
2019-03-06 17:44:40,932 [MainThread  ][INFO ]  ---- Starting iteration 42/100
2019-03-06 17:44:40,932 [MainThread  ][DEBUG]  Setting hyperparameter tf=0.8868686868686868
2019-03-06 17:44:40,933 [MainThread  ][INFO ]  Starting optimization for tf=0.8868686868686868
2019-03-06 17:44:40,933 [MainThread  ][DEBUG]  Optimization method: Nelder-Mead
2019-03-06 17:44:40,933 [MainThread  ][DEBUG]  Optimization options: None
2019-03-06 17:44:40,933 [MainThread  ][INFO ]  Initial parameter values: [-0.5033481659158747, -0.9247796741241543, -0.4832080932815399, 0.2956228956228956, 0.5912457912457912]
2019-03-06 17:44:55,698 [MainThread  ][INFO ]  Final fidelity: 0.9988783307667306
2019-03-06 17:44:55,699 [MainThread  ][INFO ]  Final parameters: [ 3.99993746 -1.62289414 -2.13968678  0.49482228  0.50214109]
2019-03-06 17:44:55,699 [MainThread  ][INFO ]  Fidelity: 0.9988783307667306
2019-03-06 17:44:55,699 [MainThread  ][INFO ]  ---- Starting iteration 43/100
2019-03-06 17:44:55,699 [MainThread  ][DEBUG]  Setting hyperparameter tf=0.906060606060606
2019-03-06 17:44:55,700 [MainThread  ][INFO ]  Starting optimization for tf=0.906060606060606
2019-03-06 17:44:55,700 [MainThread  ][DEBUG]  Optimization method: Nelder-Mead
2019-03-06 17:44:55,700 [MainThread  ][DEBUG]  Optimization options: None
2019-03-06 17:44:55,700 [MainThread  ][INFO ]  Initial parameter values: [0.9954181280657857, -0.19690666439194593, 0.4660394299156161, 0.302020202020202, 0.604040404040404]
2019-03-06 17:45:19,440 [MainThread  ][INFO ]  Final fidelity: 0.9989097586324247
2019-03-06 17:45:19,441 [MainThread  ][INFO ]  Final parameters: [ 3.06115749 -0.88802013 -3.81793226  0.63237664  0.69859793]
2019-03-06 17:45:19,441 [MainThread  ][INFO ]  Fidelity: 0.9989097586324247
2019-03-06 17:45:19,441 [MainThread  ][INFO ]  ---- Starting iteration 44/100
2019-03-06 17:45:19,441 [MainThread  ][DEBUG]  Setting hyperparameter tf=0.9252525252525252
2019-03-06 17:45:19,441 [MainThread  ][INFO ]  Starting optimization for tf=0.9252525252525252
2019-03-06 17:45:19,441 [MainThread  ][DEBUG]  Optimization method: Nelder-Mead
2019-03-06 17:45:19,442 [MainThread  ][DEBUG]  Optimization options: None
2019-03-06 17:45:19,442 [MainThread  ][INFO ]  Initial parameter values: [0.6867638630963484, -0.7479860712469493, 0.3656509790390663, 0.3084175084175084, 0.6168350168350168]
2019-03-06 17:45:47,385 [MainThread  ][INFO ]  Final fidelity: 0.9989159741491519
2019-03-06 17:45:47,386 [MainThread  ][INFO ]  Final parameters: [ 3.61412457 -1.98653188  0.76066066  0.53092483  0.92387162]
2019-03-06 17:45:47,386 [MainThread  ][INFO ]  Fidelity: 0.9989159741491519
2019-03-06 17:45:47,387 [MainThread  ][INFO ]  ---- Starting iteration 45/100
2019-03-06 17:45:47,387 [MainThread  ][DEBUG]  Setting hyperparameter tf=0.9444444444444443
2019-03-06 17:45:47,387 [MainThread  ][INFO ]  Starting optimization for tf=0.9444444444444443
2019-03-06 17:45:47,387 [MainThread  ][DEBUG]  Optimization method: Nelder-Mead
2019-03-06 17:45:47,387 [MainThread  ][DEBUG]  Optimization options: None
2019-03-06 17:45:47,387 [MainThread  ][INFO ]  Initial parameter values: [0.5459354296121004, -0.9047756795398174, -0.4190858962698232, 0.31481481481481477, 0.6296296296296295]
2019-03-06 17:46:01,670 [MainThread  ][INFO ]  Final fidelity: 0.9093926262263969
2019-03-06 17:46:01,671 [MainThread  ][INFO ]  Final parameters: [ 1.30000102 -1.03308189  0.13086188  0.40692608  0.40696233]
2019-03-06 17:46:01,671 [MainThread  ][INFO ]  Fidelity: 0.9093926262263969
2019-03-06 17:46:01,671 [MainThread  ][INFO ]  ---- Starting iteration 46/100
2019-03-06 17:46:01,672 [MainThread  ][DEBUG]  Setting hyperparameter tf=0.9636363636363635
2019-03-06 17:46:01,672 [MainThread  ][INFO ]  Starting optimization for tf=0.9636363636363635
2019-03-06 17:46:01,672 [MainThread  ][DEBUG]  Optimization method: Nelder-Mead
2019-03-06 17:46:01,672 [MainThread  ][DEBUG]  Optimization options: None
2019-03-06 17:46:01,672 [MainThread  ][INFO ]  Initial parameter values: [-0.4127596309520092, -0.6560321173902695, -0.6454769170219925, 0.32121212121212117, 0.6424242424242423]
2019-03-06 17:46:21,441 [MainThread  ][INFO ]  Final fidelity: 0.9890866778576476
2019-03-06 17:46:21,441 [MainThread  ][INFO ]  Final parameters: [-1.30970906e+00  3.99994422e+00 -4.91259737e-01  6.56005560e-07
  3.31592142e-01]
2019-03-06 17:46:21,442 [MainThread  ][INFO ]  Fidelity: 0.9890866778576476
2019-03-06 17:46:21,442 [MainThread  ][INFO ]  ---- Starting iteration 47/100
2019-03-06 17:46:21,442 [MainThread  ][DEBUG]  Setting hyperparameter tf=0.9828282828282827
2019-03-06 17:46:21,442 [MainThread  ][INFO ]  Starting optimization for tf=0.9828282828282827
2019-03-06 17:46:21,442 [MainThread  ][DEBUG]  Optimization method: Nelder-Mead
2019-03-06 17:46:21,442 [MainThread  ][DEBUG]  Optimization options: None
2019-03-06 17:46:21,443 [MainThread  ][INFO ]  Initial parameter values: [-0.533982185022192, 0.31015803611105275, 0.1257715200561711, 0.3276094276094276, 0.6552188552188551]
2019-03-06 17:46:44,425 [MainThread  ][INFO ]  Final fidelity: 0.992872584894048
2019-03-06 17:46:44,425 [MainThread  ][INFO ]  Final parameters: [-1.28651903e+00  3.99997696e+00 -5.28741866e-01  4.00646481e-07
  3.48063648e-01]
2019-03-06 17:46:44,426 [MainThread  ][INFO ]  Fidelity: 0.992872584894048
2019-03-06 17:46:44,426 [MainThread  ][INFO ]  ---- Starting iteration 48/100
2019-03-06 17:46:44,426 [MainThread  ][DEBUG]  Setting hyperparameter tf=1.002020202020202
2019-03-06 17:46:44,426 [MainThread  ][INFO ]  Starting optimization for tf=1.002020202020202
2019-03-06 17:46:44,426 [MainThread  ][DEBUG]  Optimization method: Nelder-Mead
2019-03-06 17:46:44,427 [MainThread  ][DEBUG]  Optimization options: None
2019-03-06 17:46:44,427 [MainThread  ][INFO ]  Initial parameter values: [-0.44825081072062845, 0.49320436225234365, 0.85512839346535, 0.33400673400673403, 0.6680134680134681]
2019-03-06 17:47:00,871 [MainThread  ][INFO ]  Final fidelity: 0.8646742352745104
2019-03-06 17:47:00,872 [MainThread  ][INFO ]  Final parameters: [-3.13694652e-01  5.39299807e-01  1.21046132e+00  1.06415293e-06
  1.00183207e+00]
2019-03-06 17:47:00,872 [MainThread  ][INFO ]  Fidelity: 0.8646742352745104
2019-03-06 17:47:00,873 [MainThread  ][INFO ]  ---- Starting iteration 49/100
2019-03-06 17:47:00,873 [MainThread  ][DEBUG]  Setting hyperparameter tf=1.0212121212121212
2019-03-06 17:47:00,873 [MainThread  ][INFO ]  Starting optimization for tf=1.0212121212121212
2019-03-06 17:47:00,873 [MainThread  ][DEBUG]  Optimization method: Nelder-Mead
2019-03-06 17:47:00,873 [MainThread  ][DEBUG]  Optimization options: None
2019-03-06 17:47:00,874 [MainThread  ][INFO ]  Initial parameter values: [0.7701097724554833, -0.7850253182229732, 0.338973054572254, 0.34040404040404043, 0.6808080808080809]
2019-03-06 17:47:20,961 [MainThread  ][INFO ]  Final fidelity: 0.9764006791940045
2019-03-06 17:47:20,961 [MainThread  ][INFO ]  Final parameters: [ 3.99923351 -0.04373177  0.5797962   0.24627977  1.02118816]
2019-03-06 17:47:20,962 [MainThread  ][INFO ]  Fidelity: 0.9764006791940045
2019-03-06 17:47:20,962 [MainThread  ][INFO ]  ---- Starting iteration 50/100
2019-03-06 17:47:20,962 [MainThread  ][DEBUG]  Setting hyperparameter tf=1.0404040404040404
2019-03-06 17:47:20,962 [MainThread  ][INFO ]  Starting optimization for tf=1.0404040404040404
2019-03-06 17:47:20,962 [MainThread  ][DEBUG]  Optimization method: Nelder-Mead
2019-03-06 17:47:20,963 [MainThread  ][DEBUG]  Optimization options: None
2019-03-06 17:47:20,963 [MainThread  ][INFO ]  Initial parameter values: [0.06998469839622712, 0.8284279732319686, -0.7928720256506809, 0.34680134680134683, 0.6936026936026937]
2019-03-06 17:47:36,363 [MainThread  ][INFO ]  Final fidelity: 0.9989850212281758
2019-03-06 17:47:36,364 [MainThread  ][INFO ]  Final parameters: [-0.08437283  3.19671191 -1.13797719  0.00708893  0.548064  ]
2019-03-06 17:47:36,364 [MainThread  ][INFO ]  Fidelity: 0.9989850212281758
2019-03-06 17:47:36,364 [MainThread  ][INFO ]  ---- Starting iteration 51/100
2019-03-06 17:47:36,365 [MainThread  ][DEBUG]  Setting hyperparameter tf=1.0595959595959596
2019-03-06 17:47:36,365 [MainThread  ][INFO ]  Starting optimization for tf=1.0595959595959596
2019-03-06 17:47:36,365 [MainThread  ][DEBUG]  Optimization method: Nelder-Mead
2019-03-06 17:47:36,365 [MainThread  ][DEBUG]  Optimization options: None
2019-03-06 17:47:36,365 [MainThread  ][INFO ]  Initial parameter values: [-0.23054227754790713, -0.6680774213403722, -0.6506903480344592, 0.35319865319865323, 0.7063973063973065]
2019-03-06 17:47:59,214 [MainThread  ][INFO ]  Final fidelity: 0.9990127078737858
2019-03-06 17:47:59,215 [MainThread  ][INFO ]  Final parameters: [-5.80846744e-01  2.43385566e+00 -1.98392572e+00  6.92957809e-05
  7.27533464e-01]
2019-03-06 17:47:59,215 [MainThread  ][INFO ]  Fidelity: 0.9990127078737858
2019-03-06 17:47:59,215 [MainThread  ][INFO ]  ---- Starting iteration 52/100
2019-03-06 17:47:59,215 [MainThread  ][DEBUG]  Setting hyperparameter tf=1.0787878787878789
2019-03-06 17:47:59,216 [MainThread  ][INFO ]  Starting optimization for tf=1.0787878787878789
2019-03-06 17:47:59,216 [MainThread  ][DEBUG]  Optimization method: Nelder-Mead
2019-03-06 17:47:59,216 [MainThread  ][DEBUG]  Optimization options: None
2019-03-06 17:47:59,216 [MainThread  ][INFO ]  Initial parameter values: [-0.7144660851611455, -0.10927474489630185, 0.8629583924853843, 0.35959595959595964, 0.7191919191919193]
2019-03-06 17:48:22,059 [MainThread  ][INFO ]  Final fidelity: 0.9989976029818198
2019-03-06 17:48:22,060 [MainThread  ][INFO ]  Final parameters: [ 3.96811478 -0.52829016  1.58945953  0.40128526  1.07813472]
2019-03-06 17:48:22,060 [MainThread  ][INFO ]  Fidelity: 0.9989976029818198
2019-03-06 17:48:22,060 [MainThread  ][INFO ]  ---- Starting iteration 53/100
2019-03-06 17:48:22,061 [MainThread  ][DEBUG]  Setting hyperparameter tf=1.097979797979798
2019-03-06 17:48:22,061 [MainThread  ][INFO ]  Starting optimization for tf=1.097979797979798
2019-03-06 17:48:22,061 [MainThread  ][DEBUG]  Optimization method: Nelder-Mead
2019-03-06 17:48:22,061 [MainThread  ][DEBUG]  Optimization options: None
2019-03-06 17:48:22,061 [MainThread  ][INFO ]  Initial parameter values: [0.09918558883383644, 0.9139222019086619, -0.9554667951892339, 0.36599326599326604, 0.7319865319865321]
2019-03-06 17:48:43,625 [MainThread  ][INFO ]  Final fidelity: 0.9989655289117351
2019-03-06 17:48:43,626 [MainThread  ][INFO ]  Final parameters: [ 0.19824869  3.99852039 -0.89025495  0.09676576  0.51965951]
2019-03-06 17:48:43,626 [MainThread  ][INFO ]  Fidelity: 0.9989655289117351
2019-03-06 17:48:43,626 [MainThread  ][INFO ]  ---- Starting iteration 54/100
2019-03-06 17:48:43,627 [MainThread  ][DEBUG]  Setting hyperparameter tf=1.1171717171717173
2019-03-06 17:48:43,627 [MainThread  ][INFO ]  Starting optimization for tf=1.1171717171717173
2019-03-06 17:48:43,627 [MainThread  ][DEBUG]  Optimization method: Nelder-Mead
2019-03-06 17:48:43,627 [MainThread  ][DEBUG]  Optimization options: None
2019-03-06 17:48:43,627 [MainThread  ][INFO ]  Initial parameter values: [-0.32621408517892525, -0.6280079366482252, 0.05067235363246758, 0.37239057239057244, 0.7447811447811449]
2019-03-06 17:49:00,795 [MainThread  ][INFO ]  Final fidelity: 0.939604075297385
2019-03-06 17:49:00,800 [MainThread  ][INFO ]  Final parameters: [-0.48472346  3.99983476  0.30224975  0.03229656  0.15624441]
2019-03-06 17:49:00,800 [MainThread  ][INFO ]  Fidelity: 0.939604075297385
2019-03-06 17:49:00,801 [MainThread  ][INFO ]  ---- Starting iteration 55/100
2019-03-06 17:49:00,801 [MainThread  ][DEBUG]  Setting hyperparameter tf=1.1363636363636365
2019-03-06 17:49:00,801 [MainThread  ][INFO ]  Starting optimization for tf=1.1363636363636365
2019-03-06 17:49:00,801 [MainThread  ][DEBUG]  Optimization method: Nelder-Mead
2019-03-06 17:49:00,801 [MainThread  ][DEBUG]  Optimization options: None
2019-03-06 17:49:00,801 [MainThread  ][INFO ]  Initial parameter values: [0.4188235223053476, 0.06437633380723051, -0.6626365022034595, 0.37878787878787884, 0.7575757575757577]
2019-03-06 17:49:17,875 [MainThread  ][INFO ]  Final fidelity: 0.9916046981368073
2019-03-06 17:49:17,876 [MainThread  ][INFO ]  Final parameters: [ 2.60120615 -0.22207002  3.99915526  0.46995233  1.1363614 ]
2019-03-06 17:49:17,876 [MainThread  ][INFO ]  Fidelity: 0.9916046981368073
2019-03-06 17:49:17,877 [MainThread  ][INFO ]  ---- Starting iteration 56/100
2019-03-06 17:49:17,877 [MainThread  ][DEBUG]  Setting hyperparameter tf=1.1555555555555557
2019-03-06 17:49:17,877 [MainThread  ][INFO ]  Starting optimization for tf=1.1555555555555557
2019-03-06 17:49:17,877 [MainThread  ][DEBUG]  Optimization method: Nelder-Mead
2019-03-06 17:49:17,877 [MainThread  ][DEBUG]  Optimization options: None
2019-03-06 17:49:17,877 [MainThread  ][INFO ]  Initial parameter values: [0.8199695020057918, -0.35996417857972673, -0.6276090854288261, 0.38518518518518524, 0.7703703703703705]
2019-03-06 17:49:34,540 [MainThread  ][INFO ]  Final fidelity: 0.9905221480271207
2019-03-06 17:49:34,541 [MainThread  ][INFO ]  Final parameters: [ 2.0932227  -0.35425825  3.98208393  0.58395522  1.15555463]
2019-03-06 17:49:34,541 [MainThread  ][INFO ]  Fidelity: 0.9905221480271207
2019-03-06 17:49:34,542 [MainThread  ][INFO ]  ---- Starting iteration 57/100
2019-03-06 17:49:34,542 [MainThread  ][DEBUG]  Setting hyperparameter tf=1.1747474747474747
2019-03-06 17:49:34,542 [MainThread  ][INFO ]  Starting optimization for tf=1.1747474747474747
2019-03-06 17:49:34,542 [MainThread  ][DEBUG]  Optimization method: Nelder-Mead
2019-03-06 17:49:34,542 [MainThread  ][DEBUG]  Optimization options: None
2019-03-06 17:49:34,542 [MainThread  ][INFO ]  Initial parameter values: [-0.921030376802926, -0.2553833759460602, 0.2789849637792474, 0.39158249158249153, 0.7831649831649831]
2019-03-06 17:49:52,991 [MainThread  ][INFO ]  Final fidelity: 0.999021291041247
2019-03-06 17:49:52,992 [MainThread  ][INFO ]  Final parameters: [ 3.14535189 -0.57710906  0.86285209  0.50011814  1.11663324]
2019-03-06 17:49:52,992 [MainThread  ][INFO ]  Fidelity: 0.999021291041247
2019-03-06 17:49:52,993 [MainThread  ][INFO ]  ---- Starting iteration 58/100
2019-03-06 17:49:52,993 [MainThread  ][DEBUG]  Setting hyperparameter tf=1.1939393939393939
2019-03-06 17:49:52,993 [MainThread  ][INFO ]  Starting optimization for tf=1.1939393939393939
2019-03-06 17:49:52,993 [MainThread  ][DEBUG]  Optimization method: Nelder-Mead
2019-03-06 17:49:52,993 [MainThread  ][DEBUG]  Optimization options: None
2019-03-06 17:49:52,993 [MainThread  ][INFO ]  Initial parameter values: [-0.8803523280610315, 0.03732186850369468, 0.6692724017830407, 0.39797979797979793, 0.7959595959595959]
2019-03-06 17:50:07,869 [MainThread  ][INFO ]  Final fidelity: 0.9950205312918899
2019-03-06 17:50:07,870 [MainThread  ][INFO ]  Final parameters: [3.99999331 0.06557079 2.31164099 0.2901621  1.19392374]
2019-03-06 17:50:07,870 [MainThread  ][INFO ]  Fidelity: 0.9950205312918899
2019-03-06 17:50:07,870 [MainThread  ][INFO ]  ---- Starting iteration 59/100
2019-03-06 17:50:07,871 [MainThread  ][DEBUG]  Setting hyperparameter tf=1.213131313131313
2019-03-06 17:50:07,871 [MainThread  ][INFO ]  Starting optimization for tf=1.213131313131313
2019-03-06 17:50:07,871 [MainThread  ][DEBUG]  Optimization method: Nelder-Mead
2019-03-06 17:50:07,871 [MainThread  ][DEBUG]  Optimization options: None
2019-03-06 17:50:07,871 [MainThread  ][INFO ]  Initial parameter values: [0.8718674015138066, 0.33648860454408, 0.028190003177475553, 0.40437710437710433, 0.8087542087542087]
2019-03-06 17:50:26,966 [MainThread  ][INFO ]  Final fidelity: 0.9990279533970237
2019-03-06 17:50:26,967 [MainThread  ][INFO ]  Final parameters: [ 3.99996721  0.90849668 -0.06661874  0.33649928  0.35188385]
2019-03-06 17:50:26,967 [MainThread  ][INFO ]  Fidelity: 0.9990279533970237
2019-03-06 17:50:26,967 [MainThread  ][INFO ]  ---- Starting iteration 60/100
2019-03-06 17:50:26,967 [MainThread  ][DEBUG]  Setting hyperparameter tf=1.2323232323232323
2019-03-06 17:50:26,968 [MainThread  ][INFO ]  Starting optimization for tf=1.2323232323232323
2019-03-06 17:50:26,968 [MainThread  ][DEBUG]  Optimization method: Nelder-Mead
2019-03-06 17:50:26,968 [MainThread  ][DEBUG]  Optimization options: None
2019-03-06 17:50:26,968 [MainThread  ][INFO ]  Initial parameter values: [-0.16666294659278047, -0.08525915708941922, -0.3101114540500698, 0.41077441077441074, 0.8215488215488215]
2019-03-06 17:50:47,023 [MainThread  ][INFO ]  Final fidelity: 0.999084842255136
2019-03-06 17:50:47,023 [MainThread  ][INFO ]  Final parameters: [ 1.732116    2.76738653 -1.67056922  0.77763287  0.8995906 ]
2019-03-06 17:50:47,024 [MainThread  ][INFO ]  Fidelity: 0.999084842255136
2019-03-06 17:50:47,024 [MainThread  ][INFO ]  ---- Starting iteration 61/100
2019-03-06 17:50:47,024 [MainThread  ][DEBUG]  Setting hyperparameter tf=1.2515151515151515
2019-03-06 17:50:47,024 [MainThread  ][INFO ]  Starting optimization for tf=1.2515151515151515
2019-03-06 17:50:47,025 [MainThread  ][DEBUG]  Optimization method: Nelder-Mead
2019-03-06 17:50:47,025 [MainThread  ][DEBUG]  Optimization options: None
2019-03-06 17:50:47,025 [MainThread  ][INFO ]  Initial parameter values: [0.7726004892339711, -0.3994914627206141, 0.4275708648668197, 0.41717171717171714, 0.8343434343434343]
2019-03-06 17:51:10,754 [MainThread  ][INFO ]  Final fidelity: 0.9989296507688791
2019-03-06 17:51:10,755 [MainThread  ][INFO ]  Final parameters: [3.9282108  0.03177705 0.67700365 0.32629261 1.25151158]
2019-03-06 17:51:10,755 [MainThread  ][INFO ]  Fidelity: 0.9989296507688791
2019-03-06 17:51:10,755 [MainThread  ][INFO ]  ---- Starting iteration 62/100
2019-03-06 17:51:10,755 [MainThread  ][DEBUG]  Setting hyperparameter tf=1.2707070707070707
2019-03-06 17:51:10,755 [MainThread  ][INFO ]  Starting optimization for tf=1.2707070707070707
2019-03-06 17:51:10,755 [MainThread  ][DEBUG]  Optimization method: Nelder-Mead
2019-03-06 17:51:10,756 [MainThread  ][DEBUG]  Optimization options: None
2019-03-06 17:51:10,756 [MainThread  ][INFO ]  Initial parameter values: [0.8910634650120204, 0.01201765008348632, 0.45058606496007036, 0.42356902356902354, 0.8471380471380471]
2019-03-06 17:51:24,480 [MainThread  ][INFO ]  Final fidelity: 0.9990708857528481
2019-03-06 17:51:24,481 [MainThread  ][INFO ]  Final parameters: [ 3.23298378  0.01348609 -0.30310596  0.40710299  1.19061185]
2019-03-06 17:51:24,481 [MainThread  ][INFO ]  Fidelity: 0.9990708857528481
2019-03-06 17:51:24,481 [MainThread  ][INFO ]  ---- Starting iteration 63/100
2019-03-06 17:51:24,481 [MainThread  ][DEBUG]  Setting hyperparameter tf=1.2898989898989899
2019-03-06 17:51:24,482 [MainThread  ][INFO ]  Starting optimization for tf=1.2898989898989899
2019-03-06 17:51:24,482 [MainThread  ][DEBUG]  Optimization method: Nelder-Mead
2019-03-06 17:51:24,482 [MainThread  ][DEBUG]  Optimization options: None
2019-03-06 17:51:24,482 [MainThread  ][INFO ]  Initial parameter values: [-0.9744516247936397, 0.008364919716844721, 0.4663841909024524, 0.42996632996632994, 0.8599326599326599]
2019-03-06 17:51:41,109 [MainThread  ][INFO ]  Final fidelity: 0.835970647661455
2019-03-06 17:51:41,110 [MainThread  ][INFO ]  Final parameters: [3.99999376 0.06618672 0.4728811  0.01376813 1.03248317]
2019-03-06 17:51:41,110 [MainThread  ][INFO ]  Fidelity: 0.835970647661455
2019-03-06 17:51:41,110 [MainThread  ][INFO ]  ---- Starting iteration 64/100
2019-03-06 17:51:41,110 [MainThread  ][DEBUG]  Setting hyperparameter tf=1.309090909090909
2019-03-06 17:51:41,110 [MainThread  ][INFO ]  Starting optimization for tf=1.309090909090909
2019-03-06 17:51:41,111 [MainThread  ][DEBUG]  Optimization method: Nelder-Mead
2019-03-06 17:51:41,111 [MainThread  ][DEBUG]  Optimization options: None
2019-03-06 17:51:41,111 [MainThread  ][INFO ]  Initial parameter values: [-0.28393877400668055, 0.09868956912923643, -0.6592835042823588, 0.43636363636363634, 0.8727272727272727]
2019-03-06 17:52:03,679 [MainThread  ][INFO ]  Final fidelity: 0.9990764608736711
2019-03-06 17:52:03,692 [MainThread  ][INFO ]  Final parameters: [ 2.93902672  0.96422458 -0.00468097  0.42770463  0.49213903]
2019-03-06 17:52:03,692 [MainThread  ][INFO ]  Fidelity: 0.9990764608736711
2019-03-06 17:52:03,692 [MainThread  ][INFO ]  ---- Starting iteration 65/100
2019-03-06 17:52:03,693 [MainThread  ][DEBUG]  Setting hyperparameter tf=1.3282828282828283
2019-03-06 17:52:03,693 [MainThread  ][INFO ]  Starting optimization for tf=1.3282828282828283
2019-03-06 17:52:03,693 [MainThread  ][DEBUG]  Optimization method: Nelder-Mead
2019-03-06 17:52:03,693 [MainThread  ][DEBUG]  Optimization options: None
2019-03-06 17:52:03,693 [MainThread  ][INFO ]  Initial parameter values: [0.44222661558558674, 0.5031256112455575, -0.598561945067047, 0.44276094276094274, 0.8855218855218855]
2019-03-06 17:52:24,037 [MainThread  ][INFO ]  Final fidelity: 0.9990778425015027
2019-03-06 17:52:24,038 [MainThread  ][INFO ]  Final parameters: [ 0.48898743  2.32231774 -0.18098979  0.02426698  0.62023628]
2019-03-06 17:52:24,038 [MainThread  ][INFO ]  Fidelity: 0.9990778425015027
2019-03-06 17:52:24,038 [MainThread  ][INFO ]  ---- Starting iteration 66/100
2019-03-06 17:52:24,038 [MainThread  ][DEBUG]  Setting hyperparameter tf=1.3474747474747475
2019-03-06 17:52:24,038 [MainThread  ][INFO ]  Starting optimization for tf=1.3474747474747475
2019-03-06 17:52:24,039 [MainThread  ][DEBUG]  Optimization method: Nelder-Mead
2019-03-06 17:52:24,039 [MainThread  ][DEBUG]  Optimization options: None
2019-03-06 17:52:24,039 [MainThread  ][INFO ]  Initial parameter values: [-0.5539502123910884, -0.7002502754868083, -0.07757705427989792, 0.44915824915824915, 0.8983164983164983]
2019-03-06 17:52:35,986 [MainThread  ][INFO ]  Final fidelity: 0.7943428621517493
2019-03-06 17:52:35,987 [MainThread  ][INFO ]  Final parameters: [-4.56723995e-01 -1.25081863e+00 -6.10871498e-02  1.19074365e-05
  1.82466683e-05]
2019-03-06 17:52:35,987 [MainThread  ][INFO ]  Fidelity: 0.7943428621517493
2019-03-06 17:52:35,988 [MainThread  ][INFO ]  ---- Starting iteration 67/100
2019-03-06 17:52:35,988 [MainThread  ][DEBUG]  Setting hyperparameter tf=1.3666666666666667
2019-03-06 17:52:35,988 [MainThread  ][INFO ]  Starting optimization for tf=1.3666666666666667
2019-03-06 17:52:35,988 [MainThread  ][DEBUG]  Optimization method: Nelder-Mead
2019-03-06 17:52:35,988 [MainThread  ][DEBUG]  Optimization options: None
2019-03-06 17:52:35,988 [MainThread  ][INFO ]  Initial parameter values: [0.7118189494284775, 0.3002643453131948, 0.743450487550356, 0.45555555555555555, 0.9111111111111111]
2019-03-06 17:52:47,443 [MainThread  ][INFO ]  Final fidelity: 0.999135345728058
2019-03-06 17:52:47,444 [MainThread  ][INFO ]  Final parameters: [ 2.02831273  0.50731662 -1.32091036  0.53112696  1.21832813]
2019-03-06 17:52:47,444 [MainThread  ][INFO ]  Fidelity: 0.999135345728058
2019-03-06 17:52:47,444 [MainThread  ][INFO ]  ---- Starting iteration 68/100
2019-03-06 17:52:47,444 [MainThread  ][DEBUG]  Setting hyperparameter tf=1.385858585858586
2019-03-06 17:52:47,444 [MainThread  ][INFO ]  Starting optimization for tf=1.385858585858586
2019-03-06 17:52:47,445 [MainThread  ][DEBUG]  Optimization method: Nelder-Mead
2019-03-06 17:52:47,445 [MainThread  ][DEBUG]  Optimization options: None
2019-03-06 17:52:47,445 [MainThread  ][INFO ]  Initial parameter values: [0.34977848818453827, -0.48722078321018336, -0.7092489583006938, 0.46195286195286195, 0.9239057239057239]
2019-03-06 17:53:04,437 [MainThread  ][INFO ]  Final fidelity: 0.9991205845638703
2019-03-06 17:53:04,438 [MainThread  ][INFO ]  Final parameters: [ 1.55206977  1.48747927 -0.72663127  0.86447972  0.97288243]
2019-03-06 17:53:04,438 [MainThread  ][INFO ]  Fidelity: 0.9991205845638703
2019-03-06 17:53:04,439 [MainThread  ][INFO ]  ---- Starting iteration 69/100
2019-03-06 17:53:04,439 [MainThread  ][DEBUG]  Setting hyperparameter tf=1.405050505050505
2019-03-06 17:53:04,439 [MainThread  ][INFO ]  Starting optimization for tf=1.405050505050505
2019-03-06 17:53:04,439 [MainThread  ][DEBUG]  Optimization method: Nelder-Mead
2019-03-06 17:53:04,439 [MainThread  ][DEBUG]  Optimization options: None
2019-03-06 17:53:04,440 [MainThread  ][INFO ]  Initial parameter values: [-0.7928114215620574, -0.5482893875984525, 0.44113686736275914, 0.46835016835016835, 0.9367003367003367]
2019-03-06 17:53:30,129 [MainThread  ][INFO ]  Final fidelity: 0.9080228534098547
2019-03-06 17:53:30,130 [MainThread  ][INFO ]  Final parameters: [-0.07813796 -0.41750696  0.58233338  0.00104168  0.00106774]
2019-03-06 17:53:30,130 [MainThread  ][INFO ]  Fidelity: 0.9080228534098547
2019-03-06 17:53:30,130 [MainThread  ][INFO ]  ---- Starting iteration 70/100
2019-03-06 17:53:30,131 [MainThread  ][DEBUG]  Setting hyperparameter tf=1.4242424242424243
2019-03-06 17:53:30,131 [MainThread  ][INFO ]  Starting optimization for tf=1.4242424242424243
2019-03-06 17:53:30,131 [MainThread  ][DEBUG]  Optimization method: Nelder-Mead
2019-03-06 17:53:30,131 [MainThread  ][DEBUG]  Optimization options: None
2019-03-06 17:53:30,131 [MainThread  ][INFO ]  Initial parameter values: [-0.7382791149396095, -0.12218326857286743, 0.9950653947483443, 0.47474747474747475, 0.9494949494949495]
2019-03-06 17:53:45,414 [MainThread  ][INFO ]  Final fidelity: 0.9990526747978352
2019-03-06 17:53:45,415 [MainThread  ][INFO ]  Final parameters: [ 2.68795861 -0.31698527  0.89304565  0.5421927   1.20595083]
2019-03-06 17:53:45,415 [MainThread  ][INFO ]  Fidelity: 0.9990526747978352
2019-03-06 17:53:45,416 [MainThread  ][INFO ]  ---- Starting iteration 71/100
2019-03-06 17:53:45,416 [MainThread  ][DEBUG]  Setting hyperparameter tf=1.4434343434343435
2019-03-06 17:53:45,416 [MainThread  ][INFO ]  Starting optimization for tf=1.4434343434343435
2019-03-06 17:53:45,416 [MainThread  ][DEBUG]  Optimization method: Nelder-Mead
2019-03-06 17:53:45,416 [MainThread  ][DEBUG]  Optimization options: None
2019-03-06 17:53:45,416 [MainThread  ][INFO ]  Initial parameter values: [-0.7670537411333749, -0.6522491675425124, 0.8100943207860594, 0.48114478114478115, 0.9622895622895623]
2019-03-06 17:54:01,707 [MainThread  ][INFO ]  Final fidelity: 0.9123233502437313
2019-03-06 17:54:01,707 [MainThread  ][INFO ]  Final parameters: [-4.88023666e-01 -1.70236357e+00  5.84009608e-01  1.16218121e-05
  1.62558874e-04]
2019-03-06 17:54:01,707 [MainThread  ][INFO ]  Fidelity: 0.9123233502437313
2019-03-06 17:54:01,708 [MainThread  ][INFO ]  ---- Starting iteration 72/100
2019-03-06 17:54:01,708 [MainThread  ][DEBUG]  Setting hyperparameter tf=1.4626262626262627
2019-03-06 17:54:01,708 [MainThread  ][INFO ]  Starting optimization for tf=1.4626262626262627
2019-03-06 17:54:01,708 [MainThread  ][DEBUG]  Optimization method: Nelder-Mead
2019-03-06 17:54:01,708 [MainThread  ][DEBUG]  Optimization options: None
2019-03-06 17:54:01,708 [MainThread  ][INFO ]  Initial parameter values: [-0.2011204629523513, 0.6375846241171756, -0.00014352490740954238, 0.48754208754208755, 0.9750841750841751]
2019-03-06 17:54:19,259 [MainThread  ][INFO ]  Final fidelity: 0.9990974324483456
2019-03-06 17:54:19,260 [MainThread  ][INFO ]  Final parameters: [-1.48770924e-01  2.20657413e+00 -3.73018736e-04  6.87400554e-02
  6.67647024e-01]
2019-03-06 17:54:19,260 [MainThread  ][INFO ]  Fidelity: 0.9990974324483456
2019-03-06 17:54:19,261 [MainThread  ][INFO ]  ---- Starting iteration 73/100
2019-03-06 17:54:19,261 [MainThread  ][DEBUG]  Setting hyperparameter tf=1.481818181818182
2019-03-06 17:54:19,261 [MainThread  ][INFO ]  Starting optimization for tf=1.481818181818182
2019-03-06 17:54:19,261 [MainThread  ][DEBUG]  Optimization method: Nelder-Mead
2019-03-06 17:54:19,261 [MainThread  ][DEBUG]  Optimization options: None
2019-03-06 17:54:19,261 [MainThread  ][INFO ]  Initial parameter values: [0.9237174068252534, -0.342984012547209, 0.34692186713233353, 0.49393939393939396, 0.9878787878787879]
2019-03-06 17:54:35,481 [MainThread  ][INFO ]  Final fidelity: 0.9990953079218674
2019-03-06 17:54:35,482 [MainThread  ][INFO ]  Final parameters: [ 2.52364262 -0.15928638  0.44722504  0.5322835   1.07079923]
2019-03-06 17:54:35,482 [MainThread  ][INFO ]  Fidelity: 0.9990953079218674
2019-03-06 17:54:35,482 [MainThread  ][INFO ]  ---- Starting iteration 74/100
2019-03-06 17:54:35,482 [MainThread  ][DEBUG]  Setting hyperparameter tf=1.501010101010101
2019-03-06 17:54:35,483 [MainThread  ][INFO ]  Starting optimization for tf=1.501010101010101
2019-03-06 17:54:35,483 [MainThread  ][DEBUG]  Optimization method: Nelder-Mead
2019-03-06 17:54:35,483 [MainThread  ][DEBUG]  Optimization options: None
2019-03-06 17:54:35,483 [MainThread  ][INFO ]  Initial parameter values: [0.06349210203114808, 0.8059055701563536, -0.07824011370085526, 0.5003367003367003, 1.0006734006734006]
2019-03-06 17:54:50,378 [MainThread  ][INFO ]  Final fidelity: 0.9991270221127915
2019-03-06 17:54:50,379 [MainThread  ][INFO ]  Final parameters: [ 0.06137162  1.61709409 -0.08877384  0.01930575  0.85387368]
2019-03-06 17:54:50,379 [MainThread  ][INFO ]  Fidelity: 0.9991270221127915
2019-03-06 17:54:50,379 [MainThread  ][INFO ]  ---- Starting iteration 75/100
2019-03-06 17:54:50,379 [MainThread  ][DEBUG]  Setting hyperparameter tf=1.52020202020202
2019-03-06 17:54:50,379 [MainThread  ][INFO ]  Starting optimization for tf=1.52020202020202
2019-03-06 17:54:50,380 [MainThread  ][DEBUG]  Optimization method: Nelder-Mead
2019-03-06 17:54:50,380 [MainThread  ][DEBUG]  Optimization options: None
2019-03-06 17:54:50,380 [MainThread  ][INFO ]  Initial parameter values: [0.3567679003137958, 0.1642832422593985, -0.9593781171982145, 0.5067340067340067, 1.0134680134680134]
2019-03-06 17:55:19,463 [MainThread  ][INFO ]  Final fidelity: 0.99918860921565
2019-03-06 17:55:19,464 [MainThread  ][INFO ]  Final parameters: [ 0.56295801  1.16549506 -3.99141848  0.0426076   1.40820224]
2019-03-06 17:55:19,464 [MainThread  ][INFO ]  Fidelity: 0.99918860921565
2019-03-06 17:55:19,464 [MainThread  ][INFO ]  ---- Starting iteration 76/100
2019-03-06 17:55:19,465 [MainThread  ][DEBUG]  Setting hyperparameter tf=1.5393939393939393
2019-03-06 17:55:19,465 [MainThread  ][INFO ]  Starting optimization for tf=1.5393939393939393
2019-03-06 17:55:19,465 [MainThread  ][DEBUG]  Optimization method: Nelder-Mead
2019-03-06 17:55:19,465 [MainThread  ][DEBUG]  Optimization options: None
2019-03-06 17:55:19,465 [MainThread  ][INFO ]  Initial parameter values: [0.47003998747669606, 0.4408519319445581, 0.7738374947384399, 0.5131313131313131, 1.0262626262626262]
2019-03-06 17:55:43,707 [MainThread  ][INFO ]  Final fidelity: 0.9992046262591768
2019-03-06 17:55:43,708 [MainThread  ][INFO ]  Final parameters: [ 1.62730803  0.79170096 -1.68863955  0.4714942   1.40336759]
2019-03-06 17:55:43,708 [MainThread  ][INFO ]  Fidelity: 0.9992046262591768
2019-03-06 17:55:43,708 [MainThread  ][INFO ]  ---- Starting iteration 77/100
2019-03-06 17:55:43,709 [MainThread  ][DEBUG]  Setting hyperparameter tf=1.5585858585858585
2019-03-06 17:55:43,709 [MainThread  ][INFO ]  Starting optimization for tf=1.5585858585858585
2019-03-06 17:55:43,709 [MainThread  ][DEBUG]  Optimization method: Nelder-Mead
2019-03-06 17:55:43,709 [MainThread  ][DEBUG]  Optimization options: None
2019-03-06 17:55:43,709 [MainThread  ][INFO ]  Initial parameter values: [-0.3077228470832838, 0.31080503709558505, 0.18521388359687685, 0.5195286195286195, 1.039057239057239]
2019-03-06 17:56:06,813 [MainThread  ][INFO ]  Final fidelity: 0.9991755323788376
2019-03-06 17:56:06,814 [MainThread  ][INFO ]  Final parameters: [-1.20756943e+00  1.19631363e+00 -9.49637424e-01  6.30641113e-04
  1.26517583e+00]
2019-03-06 17:56:06,814 [MainThread  ][INFO ]  Fidelity: 0.9991755323788376
2019-03-06 17:56:06,814 [MainThread  ][INFO ]  ---- Starting iteration 78/100
2019-03-06 17:56:06,815 [MainThread  ][DEBUG]  Setting hyperparameter tf=1.5777777777777777
2019-03-06 17:56:06,815 [MainThread  ][INFO ]  Starting optimization for tf=1.5777777777777777
2019-03-06 17:56:06,815 [MainThread  ][DEBUG]  Optimization method: Nelder-Mead
2019-03-06 17:56:06,815 [MainThread  ][DEBUG]  Optimization options: None
2019-03-06 17:56:06,815 [MainThread  ][INFO ]  Initial parameter values: [-0.1842792383087819, 0.40238488774390646, 0.32639432223720855, 0.5259259259259259, 1.0518518518518518]
2019-03-06 17:56:27,741 [MainThread  ][INFO ]  Final fidelity: 0.9989548929059509
2019-03-06 17:56:27,742 [MainThread  ][INFO ]  Final parameters: [-8.71113239e-02  2.06445904e+00  3.28637489e-01  2.54916447e-05
  5.15874119e-01]
2019-03-06 17:56:27,742 [MainThread  ][INFO ]  Fidelity: 0.9989548929059509
2019-03-06 17:56:27,742 [MainThread  ][INFO ]  ---- Starting iteration 79/100
2019-03-06 17:56:27,742 [MainThread  ][DEBUG]  Setting hyperparameter tf=1.596969696969697
2019-03-06 17:56:27,743 [MainThread  ][INFO ]  Starting optimization for tf=1.596969696969697
2019-03-06 17:56:27,743 [MainThread  ][DEBUG]  Optimization method: Nelder-Mead
2019-03-06 17:56:27,743 [MainThread  ][DEBUG]  Optimization options: None
2019-03-06 17:56:27,743 [MainThread  ][INFO ]  Initial parameter values: [0.6628472287742959, 0.8075542352058915, 0.5765288404474909, 0.5323232323232323, 1.0646464646464646]
2019-03-06 17:56:40,675 [MainThread  ][INFO ]  Final fidelity: 0.9991828280371566
2019-03-06 17:56:40,676 [MainThread  ][INFO ]  Final parameters: [ 1.38619827  0.63574859 -0.40992697  0.76414133  1.3324317 ]
2019-03-06 17:56:40,676 [MainThread  ][INFO ]  Fidelity: 0.9991828280371566
2019-03-06 17:56:40,676 [MainThread  ][INFO ]  ---- Starting iteration 80/100
2019-03-06 17:56:40,676 [MainThread  ][DEBUG]  Setting hyperparameter tf=1.6161616161616161
2019-03-06 17:56:40,676 [MainThread  ][INFO ]  Starting optimization for tf=1.6161616161616161
2019-03-06 17:56:40,677 [MainThread  ][DEBUG]  Optimization method: Nelder-Mead
2019-03-06 17:56:40,677 [MainThread  ][DEBUG]  Optimization options: None
2019-03-06 17:56:40,677 [MainThread  ][INFO ]  Initial parameter values: [0.2734268610234263, -0.47976519952717744, -0.2768051672434395, 0.5387205387205387, 1.0774410774410774]
2019-03-06 17:57:01,858 [MainThread  ][INFO ]  Final fidelity: 0.9992067460335408
2019-03-06 17:57:01,872 [MainThread  ][INFO ]  Final parameters: [ 1.08548258  1.90628414 -1.44759733  1.22427662  1.36704728]
2019-03-06 17:57:01,872 [MainThread  ][INFO ]  Fidelity: 0.9992067460335408
2019-03-06 17:57:01,873 [MainThread  ][INFO ]  ---- Starting iteration 81/100
2019-03-06 17:57:01,873 [MainThread  ][DEBUG]  Setting hyperparameter tf=1.6353535353535353
2019-03-06 17:57:01,873 [MainThread  ][INFO ]  Starting optimization for tf=1.6353535353535353
2019-03-06 17:57:01,873 [MainThread  ][DEBUG]  Optimization method: Nelder-Mead
2019-03-06 17:57:01,873 [MainThread  ][DEBUG]  Optimization options: None
2019-03-06 17:57:01,873 [MainThread  ][INFO ]  Initial parameter values: [0.5021799346189515, 0.4728823687358765, -0.524068380765981, 0.5451178451178451, 1.0902356902356902]
2019-03-06 17:57:19,041 [MainThread  ][INFO ]  Final fidelity: 0.9991722566825922
2019-03-06 17:57:19,042 [MainThread  ][INFO ]  Final parameters: [ 0.95480155  1.2805775  -0.05452603  0.01389244  1.06680172]
2019-03-06 17:57:19,042 [MainThread  ][INFO ]  Fidelity: 0.9991722566825922
2019-03-06 17:57:19,043 [MainThread  ][INFO ]  ---- Starting iteration 82/100
2019-03-06 17:57:19,043 [MainThread  ][DEBUG]  Setting hyperparameter tf=1.6545454545454545
2019-03-06 17:57:19,043 [MainThread  ][INFO ]  Starting optimization for tf=1.6545454545454545
2019-03-06 17:57:19,043 [MainThread  ][DEBUG]  Optimization method: Nelder-Mead
2019-03-06 17:57:19,043 [MainThread  ][DEBUG]  Optimization options: None
2019-03-06 17:57:19,043 [MainThread  ][INFO ]  Initial parameter values: [-0.7596544545360748, -0.7396557625150315, -0.11036657583357057, 0.5515151515151515, 1.103030303030303]
2019-03-06 17:57:36,838 [MainThread  ][INFO ]  Final fidelity: 0.9991658402847668
2019-03-06 17:57:36,839 [MainThread  ][INFO ]  Final parameters: [ 1.67967755 -1.65708653  0.31152277  0.71003394  0.73373984]
2019-03-06 17:57:36,839 [MainThread  ][INFO ]  Fidelity: 0.9991658402847668
2019-03-06 17:57:36,839 [MainThread  ][INFO ]  ---- Starting iteration 83/100
2019-03-06 17:57:36,839 [MainThread  ][DEBUG]  Setting hyperparameter tf=1.6737373737373737
2019-03-06 17:57:36,839 [MainThread  ][INFO ]  Starting optimization for tf=1.6737373737373737
2019-03-06 17:57:36,840 [MainThread  ][DEBUG]  Optimization method: Nelder-Mead
2019-03-06 17:57:36,840 [MainThread  ][DEBUG]  Optimization options: None
2019-03-06 17:57:36,840 [MainThread  ][INFO ]  Initial parameter values: [-0.8443271293560914, 0.44871891677202824, 0.4297139419808116, 0.5579124579124579, 1.1158249158249158]
2019-03-06 17:57:56,352 [MainThread  ][INFO ]  Final fidelity: 0.9991495653248372
2019-03-06 17:57:56,352 [MainThread  ][INFO ]  Final parameters: [-0.36352647  1.81784234  0.25005081  0.07331969  0.73174862]
2019-03-06 17:57:56,353 [MainThread  ][INFO ]  Fidelity: 0.9991495653248372
2019-03-06 17:57:56,353 [MainThread  ][INFO ]  ---- Starting iteration 84/100
2019-03-06 17:57:56,353 [MainThread  ][DEBUG]  Setting hyperparameter tf=1.692929292929293
2019-03-06 17:57:56,353 [MainThread  ][INFO ]  Starting optimization for tf=1.692929292929293
2019-03-06 17:57:56,353 [MainThread  ][DEBUG]  Optimization method: Nelder-Mead
2019-03-06 17:57:56,353 [MainThread  ][DEBUG]  Optimization options: None
2019-03-06 17:57:56,353 [MainThread  ][INFO ]  Initial parameter values: [0.3902141845694904, 0.5967248417397779, -0.23698400178628165, 0.5643097643097643, 1.1286195286195286]
2019-03-06 17:58:08,072 [MainThread  ][INFO ]  Final fidelity: 0.999172016477121
2019-03-06 17:58:08,073 [MainThread  ][INFO ]  Final parameters: [ 0.31678425  1.27445195 -0.14762319  0.1043152   1.17113064]
2019-03-06 17:58:08,073 [MainThread  ][INFO ]  Fidelity: 0.999172016477121
2019-03-06 17:58:08,074 [MainThread  ][INFO ]  ---- Starting iteration 85/100
2019-03-06 17:58:08,074 [MainThread  ][DEBUG]  Setting hyperparameter tf=1.7121212121212122
2019-03-06 17:58:08,074 [MainThread  ][INFO ]  Starting optimization for tf=1.7121212121212122
2019-03-06 17:58:08,074 [MainThread  ][DEBUG]  Optimization method: Nelder-Mead
2019-03-06 17:58:08,074 [MainThread  ][DEBUG]  Optimization options: None
2019-03-06 17:58:08,074 [MainThread  ][INFO ]  Initial parameter values: [-0.48975396081286493, -0.8949748468756384, 0.8358237709287886, 0.5707070707070707, 1.1414141414141414]
2019-03-06 17:58:25,674 [MainThread  ][INFO ]  Final fidelity: 0.9402667553067094
2019-03-06 17:58:25,675 [MainThread  ][INFO ]  Final parameters: [-0.4891866  -1.32996359  0.60935871  0.00269534  0.00269594]
2019-03-06 17:58:25,675 [MainThread  ][INFO ]  Fidelity: 0.9402667553067094
2019-03-06 17:58:25,675 [MainThread  ][INFO ]  ---- Starting iteration 86/100
2019-03-06 17:58:25,675 [MainThread  ][DEBUG]  Setting hyperparameter tf=1.7313131313131314
2019-03-06 17:58:25,675 [MainThread  ][INFO ]  Starting optimization for tf=1.7313131313131314
2019-03-06 17:58:25,675 [MainThread  ][DEBUG]  Optimization method: Nelder-Mead
2019-03-06 17:58:25,676 [MainThread  ][DEBUG]  Optimization options: None
2019-03-06 17:58:25,676 [MainThread  ][INFO ]  Initial parameter values: [-0.24186466118321248, 0.22334171115306245, 0.03563869662264607, 0.5771043771043771, 1.1542087542087542]
2019-03-06 17:58:42,927 [MainThread  ][INFO ]  Final fidelity: 0.9991622365077615
2019-03-06 17:58:42,928 [MainThread  ][INFO ]  Final parameters: [0.85412579 1.60311486 0.17103955 0.32154009 0.9283546 ]
2019-03-06 17:58:42,928 [MainThread  ][INFO ]  Fidelity: 0.9991622365077615
2019-03-06 17:58:42,928 [MainThread  ][INFO ]  ---- Starting iteration 87/100
2019-03-06 17:58:42,928 [MainThread  ][DEBUG]  Setting hyperparameter tf=1.7505050505050506
2019-03-06 17:58:42,928 [MainThread  ][INFO ]  Starting optimization for tf=1.7505050505050506
2019-03-06 17:58:42,929 [MainThread  ][DEBUG]  Optimization method: Nelder-Mead
2019-03-06 17:58:42,929 [MainThread  ][DEBUG]  Optimization options: None
2019-03-06 17:58:42,929 [MainThread  ][INFO ]  Initial parameter values: [0.22293617032407265, 0.5582542920649567, -0.2808706540872199, 0.5835016835016835, 1.167003367003367]
2019-03-06 17:58:55,304 [MainThread  ][INFO ]  Final fidelity: 0.9991374744257772
2019-03-06 17:58:55,305 [MainThread  ][INFO ]  Final parameters: [ 0.10844079  1.49765015 -0.21013531  0.27696374  1.190386  ]
2019-03-06 17:58:55,305 [MainThread  ][INFO ]  Fidelity: 0.9991374744257772
2019-03-06 17:58:55,305 [MainThread  ][INFO ]  ---- Starting iteration 88/100
2019-03-06 17:58:55,306 [MainThread  ][DEBUG]  Setting hyperparameter tf=1.7696969696969698
2019-03-06 17:58:55,306 [MainThread  ][INFO ]  Starting optimization for tf=1.7696969696969698
2019-03-06 17:58:55,306 [MainThread  ][DEBUG]  Optimization method: Nelder-Mead
2019-03-06 17:58:55,306 [MainThread  ][DEBUG]  Optimization options: None
2019-03-06 17:58:55,306 [MainThread  ][INFO ]  Initial parameter values: [-0.8702652723516278, 0.8856895088664569, -0.30928644262629956, 0.5898989898989899, 1.1797979797979798]
2019-03-06 17:59:15,558 [MainThread  ][INFO ]  Final fidelity: 0.9992278099600167
2019-03-06 17:59:15,559 [MainThread  ][INFO ]  Final parameters: [-7.90111755e-01  1.03271093e+00 -4.03198583e-01  1.09064318e-03
  1.43559998e+00]
2019-03-06 17:59:15,560 [MainThread  ][INFO ]  Fidelity: 0.9992278099600167
2019-03-06 17:59:15,560 [MainThread  ][INFO ]  ---- Starting iteration 89/100
2019-03-06 17:59:15,560 [MainThread  ][DEBUG]  Setting hyperparameter tf=1.7888888888888888
2019-03-06 17:59:15,560 [MainThread  ][INFO ]  Starting optimization for tf=1.7888888888888888
2019-03-06 17:59:15,560 [MainThread  ][DEBUG]  Optimization method: Nelder-Mead
2019-03-06 17:59:15,560 [MainThread  ][DEBUG]  Optimization options: None
2019-03-06 17:59:15,561 [MainThread  ][INFO ]  Initial parameter values: [0.513573110190606, -0.805456241435303, 0.7106180415311831, 0.5962962962962962, 1.1925925925925924]
2019-03-06 17:59:38,729 [MainThread  ][INFO ]  Final fidelity: 0.9992099975516208
2019-03-06 17:59:38,730 [MainThread  ][INFO ]  Final parameters: [ 1.92282265 -3.94579486  0.49953888  0.59982481  0.63772104]
2019-03-06 17:59:38,730 [MainThread  ][INFO ]  Fidelity: 0.9992099975516208
2019-03-06 17:59:38,730 [MainThread  ][INFO ]  ---- Starting iteration 90/100
2019-03-06 17:59:38,730 [MainThread  ][DEBUG]  Setting hyperparameter tf=1.808080808080808
2019-03-06 17:59:38,731 [MainThread  ][INFO ]  Starting optimization for tf=1.808080808080808
2019-03-06 17:59:38,731 [MainThread  ][DEBUG]  Optimization method: Nelder-Mead
2019-03-06 17:59:38,731 [MainThread  ][DEBUG]  Optimization options: None
2019-03-06 17:59:38,731 [MainThread  ][INFO ]  Initial parameter values: [0.819578543582312, 0.7894430479217873, -0.4741153199857555, 0.6026936026936026, 1.2053872053872052]
2019-03-06 17:59:53,001 [MainThread  ][INFO ]  Final fidelity: 0.9992276507542778
2019-03-06 17:59:53,001 [MainThread  ][INFO ]  Final parameters: [ 0.89896906  1.09120625 -0.46263128  0.56611003  1.47265988]
2019-03-06 17:59:53,002 [MainThread  ][INFO ]  Fidelity: 0.9992276507542778
2019-03-06 17:59:53,002 [MainThread  ][INFO ]  ---- Starting iteration 91/100
2019-03-06 17:59:53,002 [MainThread  ][DEBUG]  Setting hyperparameter tf=1.8272727272727272
2019-03-06 17:59:53,002 [MainThread  ][INFO ]  Starting optimization for tf=1.8272727272727272
2019-03-06 17:59:53,002 [MainThread  ][DEBUG]  Optimization method: Nelder-Mead
2019-03-06 17:59:53,002 [MainThread  ][DEBUG]  Optimization options: None
2019-03-06 17:59:53,003 [MainThread  ][INFO ]  Initial parameter values: [-0.9056154474327354, 0.20285991608938447, -0.4735446678558577, 0.609090909090909, 1.218181818181818]
2019-03-06 18:00:11,411 [MainThread  ][INFO ]  Final fidelity: 0.9992142929089147
2019-03-06 18:00:11,412 [MainThread  ][INFO ]  Final parameters: [1.20600412 1.14464178 0.25538105 0.01291299 1.10647472]
2019-03-06 18:00:11,412 [MainThread  ][INFO ]  Fidelity: 0.9992142929089147
2019-03-06 18:00:11,412 [MainThread  ][INFO ]  ---- Starting iteration 92/100
2019-03-06 18:00:11,413 [MainThread  ][DEBUG]  Setting hyperparameter tf=1.8464646464646464
2019-03-06 18:00:11,413 [MainThread  ][INFO ]  Starting optimization for tf=1.8464646464646464
2019-03-06 18:00:11,413 [MainThread  ][DEBUG]  Optimization method: Nelder-Mead
2019-03-06 18:00:11,413 [MainThread  ][DEBUG]  Optimization options: None
2019-03-06 18:00:11,413 [MainThread  ][INFO ]  Initial parameter values: [0.1615030713798713, -0.587085865498941, 0.17099327333151337, 0.6154882154882154, 1.2309764309764308]
2019-03-06 18:00:32,532 [MainThread  ][INFO ]  Final fidelity: 0.9534646484036668
2019-03-06 18:00:32,533 [MainThread  ][INFO ]  Final parameters: [-6.75844420e-02 -2.37746132e-01  6.20544895e-01  1.65810960e-06
  7.93308592e-06]
2019-03-06 18:00:32,534 [MainThread  ][INFO ]  Fidelity: 0.9534646484036668
2019-03-06 18:00:32,534 [MainThread  ][INFO ]  ---- Starting iteration 93/100
2019-03-06 18:00:32,534 [MainThread  ][DEBUG]  Setting hyperparameter tf=1.8656565656565656
2019-03-06 18:00:32,534 [MainThread  ][INFO ]  Starting optimization for tf=1.8656565656565656
2019-03-06 18:00:32,534 [MainThread  ][DEBUG]  Optimization method: Nelder-Mead
2019-03-06 18:00:32,534 [MainThread  ][DEBUG]  Optimization options: None
2019-03-06 18:00:32,535 [MainThread  ][INFO ]  Initial parameter values: [-0.9056840028982738, 0.1565786002099423, -0.9784760969459043, 0.6218855218855218, 1.2437710437710436]
2019-03-06 18:00:47,572 [MainThread  ][INFO ]  Final fidelity: 0.999254718926907
2019-03-06 18:00:47,575 [MainThread  ][INFO ]  Final parameters: [ 0.65115035  0.96914642 -0.78407388  0.12944593  1.6337923 ]
2019-03-06 18:00:47,576 [MainThread  ][INFO ]  Fidelity: 0.999254718926907
2019-03-06 18:00:47,576 [MainThread  ][INFO ]  ---- Starting iteration 94/100
2019-03-06 18:00:47,577 [MainThread  ][DEBUG]  Setting hyperparameter tf=1.8848484848484848
2019-03-06 18:00:47,577 [MainThread  ][INFO ]  Starting optimization for tf=1.8848484848484848
2019-03-06 18:00:47,578 [MainThread  ][DEBUG]  Optimization method: Nelder-Mead
2019-03-06 18:00:47,578 [MainThread  ][DEBUG]  Optimization options: None
2019-03-06 18:00:47,579 [MainThread  ][INFO ]  Initial parameter values: [-0.8057591003815976, -0.38977262202687246, -0.6272544415808774, 0.6282828282828282, 1.2565656565656564]
2019-03-06 18:01:13,688 [MainThread  ][INFO ]  Final fidelity: 0.999291656213434
2019-03-06 18:01:13,689 [MainThread  ][INFO ]  Final parameters: [-2.14208635e+00  9.06586297e-01 -2.77565815e+00  1.34563440e-05
  1.79325103e+00]
2019-03-06 18:01:13,689 [MainThread  ][INFO ]  Fidelity: 0.999291656213434
2019-03-06 18:01:13,689 [MainThread  ][INFO ]  ---- Starting iteration 95/100
2019-03-06 18:01:13,690 [MainThread  ][DEBUG]  Setting hyperparameter tf=1.904040404040404
2019-03-06 18:01:13,690 [MainThread  ][INFO ]  Starting optimization for tf=1.904040404040404
2019-03-06 18:01:13,690 [MainThread  ][DEBUG]  Optimization method: Nelder-Mead
2019-03-06 18:01:13,690 [MainThread  ][DEBUG]  Optimization options: None
2019-03-06 18:01:13,690 [MainThread  ][INFO ]  Initial parameter values: [-0.4244824987996274, -0.10723859878919861, -0.14474516804056958, 0.6346801346801346, 1.2693602693602692]
2019-03-06 18:01:31,119 [MainThread  ][INFO ]  Final fidelity: 0.88780399818401
2019-03-06 18:01:31,120 [MainThread  ][INFO ]  Final parameters: [-3.99970549  0.28684184  0.53958833  0.04734738  1.90289763]
2019-03-06 18:01:31,120 [MainThread  ][INFO ]  Fidelity: 0.88780399818401
2019-03-06 18:01:31,120 [MainThread  ][INFO ]  ---- Starting iteration 96/100
2019-03-06 18:01:31,120 [MainThread  ][DEBUG]  Setting hyperparameter tf=1.9232323232323232
2019-03-06 18:01:31,121 [MainThread  ][INFO ]  Starting optimization for tf=1.9232323232323232
2019-03-06 18:01:31,121 [MainThread  ][DEBUG]  Optimization method: Nelder-Mead
2019-03-06 18:01:31,121 [MainThread  ][DEBUG]  Optimization options: None
2019-03-06 18:01:31,121 [MainThread  ][INFO ]  Initial parameter values: [-0.5773695963993286, -0.8398451590133214, -0.378859361392351, 0.641077441077441, 1.282154882154882]
2019-03-06 18:01:53,551 [MainThread  ][INFO ]  Final fidelity: 0.9900994182496905
2019-03-06 18:01:53,552 [MainThread  ][INFO ]  Final parameters: [-3.99990135 -3.32655742 -0.67759136  0.50120967  0.68139297]
2019-03-06 18:01:53,552 [MainThread  ][INFO ]  Fidelity: 0.9900994182496905
2019-03-06 18:01:53,552 [MainThread  ][INFO ]  ---- Starting iteration 97/100
2019-03-06 18:01:53,553 [MainThread  ][DEBUG]  Setting hyperparameter tf=1.9424242424242424
2019-03-06 18:01:53,553 [MainThread  ][INFO ]  Starting optimization for tf=1.9424242424242424
2019-03-06 18:01:53,553 [MainThread  ][DEBUG]  Optimization method: Nelder-Mead
2019-03-06 18:01:53,553 [MainThread  ][DEBUG]  Optimization options: None
2019-03-06 18:01:53,553 [MainThread  ][INFO ]  Initial parameter values: [-0.030348338629954563, 0.6399430553627032, 0.38146978292058664, 0.6474747474747474, 1.2949494949494949]
2019-03-06 18:02:08,918 [MainThread  ][INFO ]  Final fidelity: 0.9992395612580302
2019-03-06 18:02:08,919 [MainThread  ][INFO ]  Final parameters: [-0.04173519  1.16654901  0.43894348  0.00240144  0.97116353]
2019-03-06 18:02:08,919 [MainThread  ][INFO ]  Fidelity: 0.9992395612580302
2019-03-06 18:02:08,919 [MainThread  ][INFO ]  ---- Starting iteration 98/100
2019-03-06 18:02:08,919 [MainThread  ][DEBUG]  Setting hyperparameter tf=1.9616161616161616
2019-03-06 18:02:08,919 [MainThread  ][INFO ]  Starting optimization for tf=1.9616161616161616
2019-03-06 18:02:08,919 [MainThread  ][DEBUG]  Optimization method: Nelder-Mead
2019-03-06 18:02:08,920 [MainThread  ][DEBUG]  Optimization options: None
2019-03-06 18:02:08,920 [MainThread  ][INFO ]  Initial parameter values: [0.4900530948726476, 0.26436193890101833, -0.796914435572375, 0.6538720538720538, 1.3077441077441077]
2019-03-06 18:02:25,150 [MainThread  ][INFO ]  Final fidelity: 0.999273799119595
2019-03-06 18:02:25,151 [MainThread  ][INFO ]  Final parameters: [ 0.65244453  0.93683155 -0.12241928  0.06491901  1.6123381 ]
2019-03-06 18:02:25,151 [MainThread  ][INFO ]  Fidelity: 0.999273799119595
2019-03-06 18:02:25,151 [MainThread  ][INFO ]  ---- Starting iteration 99/100
2019-03-06 18:02:25,152 [MainThread  ][DEBUG]  Setting hyperparameter tf=1.9808080808080808
2019-03-06 18:02:25,152 [MainThread  ][INFO ]  Starting optimization for tf=1.9808080808080808
2019-03-06 18:02:25,152 [MainThread  ][DEBUG]  Optimization method: Nelder-Mead
2019-03-06 18:02:25,152 [MainThread  ][DEBUG]  Optimization options: None
2019-03-06 18:02:25,152 [MainThread  ][INFO ]  Initial parameter values: [-0.6516966553511225, 0.7413552308548881, 0.1011266963296058, 0.6602693602693602, 1.3205387205387205]
2019-03-06 18:02:44,134 [MainThread  ][INFO ]  Final fidelity: 0.9992555107403369
2019-03-06 18:02:44,135 [MainThread  ][INFO ]  Final parameters: [-0.7780315   0.96858118  0.12916081  0.01699681  1.48808077]
2019-03-06 18:02:44,135 [MainThread  ][INFO ]  Fidelity: 0.9992555107403369
2019-03-06 18:02:44,135 [MainThread  ][INFO ]  ---- Starting iteration 100/100
2019-03-06 18:02:44,135 [MainThread  ][DEBUG]  Setting hyperparameter tf=2.0
2019-03-06 18:02:44,136 [MainThread  ][INFO ]  Starting optimization for tf=2.0
2019-03-06 18:02:44,136 [MainThread  ][DEBUG]  Optimization method: Nelder-Mead
2019-03-06 18:02:44,136 [MainThread  ][DEBUG]  Optimization options: None
2019-03-06 18:02:44,136 [MainThread  ][INFO ]  Initial parameter values: [0.9964196963560983, -0.018024557594875423, -0.9210146916115283, 0.6666666666666666, 1.3333333333333333]
2019-03-06 18:03:01,135 [MainThread  ][INFO ]  Final fidelity: 0.9992951390302653
2019-03-06 18:03:01,135 [MainThread  ][INFO ]  Final parameters: [ 0.90230198 -0.00577116 -0.35916641  1.67020119  1.92354943]
2019-03-06 18:03:01,136 [MainThread  ][INFO ]  Fidelity: 0.9992951390302653
