2019-09-19 21:20:40,772 [MainThread  ][INFO ]  Output file name will be "lmg_triplebang_powell_bound07.csv"
2019-09-19 21:20:40,786 [MainThread  ][INFO ]  Using custom protocol ansatz.
2019-09-19 21:20:40,786 [MainThread  ][INFO ]  Using parameters constraints: [[-7, 7], [-7, 7], [-7, 7], [None, None], [None, None]]
2019-09-19 21:20:40,786 [MainThread  ][INFO ]  Using total height constraint: None
2019-09-19 21:20:40,787 [MainThread  ][INFO ]  ---- Iteration 1/100
2019-09-19 21:20:40,788 [MainThread  ][DEBUG]  Setting hyperparameter tf=0.1
2019-09-19 21:20:40,788 [MainThread  ][INFO ]  Starting optimization for tf=0.1
2019-09-19 21:20:40,788 [MainThread  ][DEBUG]  Optimization method: Powell
2019-09-19 21:20:40,788 [MainThread  ][DEBUG]  Optimization options: None
2019-09-19 21:20:40,788 [MainThread  ][INFO ]  Initial parameter values: [0.33210167656630096, 0.8096698468279171, -0.7438731676100048, 0.03333333333333333, 0.06666666666666667]
2019-09-19 21:21:01,526 [MainThread  ][INFO ]  Final fidelity: 0.8175877147628902
2019-09-19 21:21:01,527 [MainThread  ][INFO ]  Final parameters: [ 6.99999989 -6.99826003 -7.          0.05367317  0.05952974]
2019-09-19 21:21:01,527 [MainThread  ][INFO ]  Fidelity: 0.8175877147628902
2019-09-19 21:21:01,527 [MainThread  ][INFO ]  ---- Iteration 2/100
2019-09-19 21:21:01,527 [MainThread  ][DEBUG]  Setting hyperparameter tf=0.1191919191919192
2019-09-19 21:21:01,527 [MainThread  ][INFO ]  Starting optimization for tf=0.1191919191919192
2019-09-19 21:21:01,527 [MainThread  ][DEBUG]  Optimization method: Powell
2019-09-19 21:21:01,527 [MainThread  ][DEBUG]  Optimization options: None
2019-09-19 21:21:01,527 [MainThread  ][INFO ]  Initial parameter values: [0.7223548496318759, 0.048888269232622905, 0.3885254433808698, 0.039730639730639734, 0.07946127946127947]
2019-09-19 21:21:16,231 [MainThread  ][INFO ]  Final fidelity: 0.8207313447658237
2019-09-19 21:21:16,231 [MainThread  ][INFO ]  Final parameters: [ 6.3776721  -4.96530306 -7.          0.06684918  0.06710654]
2019-09-19 21:21:16,232 [MainThread  ][INFO ]  Fidelity: 0.8207313447658237
2019-09-19 21:21:16,232 [MainThread  ][INFO ]  ---- Iteration 3/100
2019-09-19 21:21:16,232 [MainThread  ][DEBUG]  Setting hyperparameter tf=0.1383838383838384
2019-09-19 21:21:16,232 [MainThread  ][INFO ]  Starting optimization for tf=0.1383838383838384
2019-09-19 21:21:16,232 [MainThread  ][DEBUG]  Optimization method: Powell
2019-09-19 21:21:16,232 [MainThread  ][DEBUG]  Optimization options: None
2019-09-19 21:21:16,232 [MainThread  ][INFO ]  Initial parameter values: [-0.1740437885794086, -0.6597811962523434, -0.6427256433718833, 0.04612794612794613, 0.09225589225589226]
2019-09-19 21:21:43,962 [MainThread  ][INFO ]  Final fidelity: 0.8257483811237578
2019-09-19 21:21:43,962 [MainThread  ][INFO ]  Final parameters: [ 7.         -1.64291992 -7.          0.07254281  0.07759468]
2019-09-19 21:21:43,962 [MainThread  ][INFO ]  Fidelity: 0.8257483811237578
2019-09-19 21:21:43,962 [MainThread  ][INFO ]  ---- Iteration 4/100
2019-09-19 21:21:43,962 [MainThread  ][DEBUG]  Setting hyperparameter tf=0.1575757575757576
2019-09-19 21:21:43,962 [MainThread  ][INFO ]  Starting optimization for tf=0.1575757575757576
2019-09-19 21:21:43,962 [MainThread  ][DEBUG]  Optimization method: Powell
2019-09-19 21:21:43,962 [MainThread  ][DEBUG]  Optimization options: None
2019-09-19 21:21:43,963 [MainThread  ][INFO ]  Initial parameter values: [0.5883585131965436, -0.5185739868419639, 0.5809331999502019, 0.05252525252525253, 0.10505050505050506]
2019-09-19 21:22:06,511 [MainThread  ][INFO ]  Final fidelity: 0.8307740552833109
2019-09-19 21:22:06,512 [MainThread  ][INFO ]  Final parameters: [ 7.         -3.46172938 -7.          0.08397318  0.08869596]
2019-09-19 21:22:06,512 [MainThread  ][INFO ]  Fidelity: 0.8307740552833109
2019-09-19 21:22:06,512 [MainThread  ][INFO ]  ---- Iteration 5/100
2019-09-19 21:22:06,512 [MainThread  ][DEBUG]  Setting hyperparameter tf=0.17676767676767677
2019-09-19 21:22:06,512 [MainThread  ][INFO ]  Starting optimization for tf=0.17676767676767677
2019-09-19 21:22:06,512 [MainThread  ][DEBUG]  Optimization method: Powell
2019-09-19 21:22:06,513 [MainThread  ][DEBUG]  Optimization options: None
2019-09-19 21:22:06,513 [MainThread  ][INFO ]  Initial parameter values: [0.29342933938948135, 0.03569378011700408, 0.4843730364179102, 0.058922558922558925, 0.11784511784511785]
2019-09-19 21:22:17,076 [MainThread  ][INFO ]  Final fidelity: 0.8344474853846998
2019-09-19 21:22:17,077 [MainThread  ][INFO ]  Final parameters: [ 6.13169584 -3.61805933 -7.          0.1012249   0.10357388]
2019-09-19 21:22:17,077 [MainThread  ][INFO ]  Fidelity: 0.8344474853846998
2019-09-19 21:22:17,077 [MainThread  ][INFO ]  ---- Iteration 6/100
2019-09-19 21:22:17,078 [MainThread  ][DEBUG]  Setting hyperparameter tf=0.19595959595959594
2019-09-19 21:22:17,078 [MainThread  ][INFO ]  Starting optimization for tf=0.19595959595959594
2019-09-19 21:22:17,078 [MainThread  ][DEBUG]  Optimization method: Powell
2019-09-19 21:22:17,078 [MainThread  ][DEBUG]  Optimization options: None
2019-09-19 21:22:17,078 [MainThread  ][INFO ]  Initial parameter values: [0.7006534440956071, 0.24524896486029557, 0.9605634698314502, 0.06531986531986532, 0.13063973063973064]
2019-09-19 21:22:31,210 [MainThread  ][INFO ]  Final fidelity: 0.8398988709619579
2019-09-19 21:22:31,211 [MainThread  ][INFO ]  Final parameters: [ 6.02817224 -6.99997319 -6.99999993  0.11411012  0.1511433 ]
2019-09-19 21:22:31,211 [MainThread  ][INFO ]  Fidelity: 0.8398988709619579
2019-09-19 21:22:31,211 [MainThread  ][INFO ]  ---- Iteration 7/100
2019-09-19 21:22:31,211 [MainThread  ][DEBUG]  Setting hyperparameter tf=0.21515151515151515
2019-09-19 21:22:31,211 [MainThread  ][INFO ]  Starting optimization for tf=0.21515151515151515
2019-09-19 21:22:31,211 [MainThread  ][DEBUG]  Optimization method: Powell
2019-09-19 21:22:31,211 [MainThread  ][DEBUG]  Optimization options: None
2019-09-19 21:22:31,211 [MainThread  ][INFO ]  Initial parameter values: [0.32751543957508655, 0.3336719194629574, 0.6891101876101695, 0.07171717171717172, 0.14343434343434344]
2019-09-19 21:22:55,580 [MainThread  ][INFO ]  Final fidelity: 0.849272761955625
2019-09-19 21:22:55,581 [MainThread  ][INFO ]  Final parameters: [ 6.99998337 -6.99936946 -6.99999987  0.11807307  0.13939342]
2019-09-19 21:22:55,581 [MainThread  ][INFO ]  Fidelity: 0.849272761955625
2019-09-19 21:22:55,581 [MainThread  ][INFO ]  ---- Iteration 8/100
2019-09-19 21:22:55,581 [MainThread  ][DEBUG]  Setting hyperparameter tf=0.23434343434343433
2019-09-19 21:22:55,581 [MainThread  ][INFO ]  Starting optimization for tf=0.23434343434343433
2019-09-19 21:22:55,581 [MainThread  ][DEBUG]  Optimization method: Powell
2019-09-19 21:22:55,581 [MainThread  ][DEBUG]  Optimization options: None
2019-09-19 21:22:55,581 [MainThread  ][INFO ]  Initial parameter values: [-0.9973100671885058, 0.4425437941974302, 0.15993311986842507, 0.07811447811447811, 0.15622895622895622]
2019-09-19 21:23:15,194 [MainThread  ][INFO ]  Final fidelity: 0.856479537016728
2019-09-19 21:23:15,195 [MainThread  ][INFO ]  Final parameters: [ 6.99999999  4.48943682 -6.99994934  0.12874084  0.12931548]
2019-09-19 21:23:15,195 [MainThread  ][INFO ]  Fidelity: 0.856479537016728
2019-09-19 21:23:15,195 [MainThread  ][INFO ]  ---- Iteration 9/100
2019-09-19 21:23:15,195 [MainThread  ][DEBUG]  Setting hyperparameter tf=0.2535353535353535
2019-09-19 21:23:15,195 [MainThread  ][INFO ]  Starting optimization for tf=0.2535353535353535
2019-09-19 21:23:15,195 [MainThread  ][DEBUG]  Optimization method: Powell
2019-09-19 21:23:15,195 [MainThread  ][DEBUG]  Optimization options: None
2019-09-19 21:23:15,195 [MainThread  ][INFO ]  Initial parameter values: [0.1623496427176767, 0.08068522224831853, 0.7217329404353727, 0.0845117845117845, 0.169023569023569]
2019-09-19 21:23:34,425 [MainThread  ][INFO ]  Final fidelity: 0.8641490088944758
2019-09-19 21:23:34,426 [MainThread  ][INFO ]  Final parameters: [ 6.99999756 -6.99970717 -6.99998987  0.14056772  0.15659099]
2019-09-19 21:23:34,426 [MainThread  ][INFO ]  Fidelity: 0.8641490088944758
2019-09-19 21:23:34,426 [MainThread  ][INFO ]  ---- Iteration 10/100
2019-09-19 21:23:34,426 [MainThread  ][DEBUG]  Setting hyperparameter tf=0.2727272727272727
2019-09-19 21:23:34,426 [MainThread  ][INFO ]  Starting optimization for tf=0.2727272727272727
2019-09-19 21:23:34,426 [MainThread  ][DEBUG]  Optimization method: Powell
2019-09-19 21:23:34,426 [MainThread  ][DEBUG]  Optimization options: None
2019-09-19 21:23:34,426 [MainThread  ][INFO ]  Initial parameter values: [-0.8274277777156802, 0.6114861777854148, 0.4731491240529797, 0.0909090909090909, 0.1818181818181818]
2019-09-19 21:23:52,193 [MainThread  ][INFO ]  Final fidelity: 0.8722213364277235
2019-09-19 21:23:52,194 [MainThread  ][INFO ]  Final parameters: [ 6.99830664  6.9893878  -6.99999999  0.15088133  0.15207855]
2019-09-19 21:23:52,194 [MainThread  ][INFO ]  Fidelity: 0.8722213364277235
2019-09-19 21:23:52,194 [MainThread  ][INFO ]  ---- Iteration 11/100
2019-09-19 21:23:52,194 [MainThread  ][DEBUG]  Setting hyperparameter tf=0.2919191919191919
2019-09-19 21:23:52,194 [MainThread  ][INFO ]  Starting optimization for tf=0.2919191919191919
2019-09-19 21:23:52,194 [MainThread  ][DEBUG]  Optimization method: Powell
2019-09-19 21:23:52,194 [MainThread  ][DEBUG]  Optimization options: None
2019-09-19 21:23:52,194 [MainThread  ][INFO ]  Initial parameter values: [-0.8749290783863741, -0.38666922933473313, 0.4070284893209355, 0.0973063973063973, 0.1946127946127946]
2019-09-19 21:24:27,480 [MainThread  ][INFO ]  Final fidelity: 0.8806572946701549
2019-09-19 21:24:27,481 [MainThread  ][INFO ]  Final parameters: [ 7.          0.95891564 -6.99999999  0.16121108  0.1658168 ]
2019-09-19 21:24:27,481 [MainThread  ][INFO ]  Fidelity: 0.8806572946701549
2019-09-19 21:24:27,481 [MainThread  ][INFO ]  ---- Iteration 12/100
2019-09-19 21:24:27,481 [MainThread  ][DEBUG]  Setting hyperparameter tf=0.3111111111111111
2019-09-19 21:24:27,481 [MainThread  ][INFO ]  Starting optimization for tf=0.3111111111111111
2019-09-19 21:24:27,482 [MainThread  ][DEBUG]  Optimization method: Powell
2019-09-19 21:24:27,482 [MainThread  ][DEBUG]  Optimization options: None
2019-09-19 21:24:27,482 [MainThread  ][INFO ]  Initial parameter values: [0.17758104156293464, 0.3862120737816659, -0.018437010656233266, 0.1037037037037037, 0.2074074074074074]
2019-09-19 21:24:53,636 [MainThread  ][INFO ]  Final fidelity: 0.8894223689581273
2019-09-19 21:24:53,637 [MainThread  ][INFO ]  Final parameters: [ 6.9999958  -6.99776743 -6.99999982  0.17562326  0.18614192]
2019-09-19 21:24:53,637 [MainThread  ][INFO ]  Fidelity: 0.8894223689581273
2019-09-19 21:24:53,637 [MainThread  ][INFO ]  ---- Iteration 13/100
2019-09-19 21:24:53,637 [MainThread  ][DEBUG]  Setting hyperparameter tf=0.3303030303030303
2019-09-19 21:24:53,637 [MainThread  ][INFO ]  Starting optimization for tf=0.3303030303030303
2019-09-19 21:24:53,637 [MainThread  ][DEBUG]  Optimization method: Powell
2019-09-19 21:24:53,637 [MainThread  ][DEBUG]  Optimization options: None
2019-09-19 21:24:53,637 [MainThread  ][INFO ]  Initial parameter values: [0.18272487482633437, -0.9890124504570283, 0.2050376784674417, 0.1101010101010101, 0.2202020202020202]
2019-09-19 21:25:39,395 [MainThread  ][INFO ]  Final fidelity: 0.8984034854582686
2019-09-19 21:25:39,396 [MainThread  ][INFO ]  Final parameters: [ 7.          4.74502732 -6.99999999  0.18514425  0.18817068]
2019-09-19 21:25:39,396 [MainThread  ][INFO ]  Fidelity: 0.8984034854582686
2019-09-19 21:25:39,396 [MainThread  ][INFO ]  ---- Iteration 14/100
2019-09-19 21:25:39,396 [MainThread  ][DEBUG]  Setting hyperparameter tf=0.3494949494949495
2019-09-19 21:25:39,396 [MainThread  ][INFO ]  Starting optimization for tf=0.3494949494949495
2019-09-19 21:25:39,396 [MainThread  ][DEBUG]  Optimization method: Powell
2019-09-19 21:25:39,397 [MainThread  ][DEBUG]  Optimization options: None
2019-09-19 21:25:39,397 [MainThread  ][INFO ]  Initial parameter values: [-0.12067067786360175, 0.8305999817061192, -0.29089123417454243, 0.1164983164983165, 0.232996632996633]
2019-09-19 21:26:11,978 [MainThread  ][INFO ]  Final fidelity: 0.9075526280999886
2019-09-19 21:26:11,978 [MainThread  ][INFO ]  Final parameters: [ 6.99999801 -6.99999727 -6.99997923  0.20003816  0.27060679]
2019-09-19 21:26:11,978 [MainThread  ][INFO ]  Fidelity: 0.9075526280999886
2019-09-19 21:26:11,979 [MainThread  ][INFO ]  ---- Iteration 15/100
2019-09-19 21:26:11,979 [MainThread  ][DEBUG]  Setting hyperparameter tf=0.3686868686868686
2019-09-19 21:26:11,979 [MainThread  ][INFO ]  Starting optimization for tf=0.3686868686868686
2019-09-19 21:26:11,979 [MainThread  ][DEBUG]  Optimization method: Powell
2019-09-19 21:26:11,979 [MainThread  ][DEBUG]  Optimization options: None
2019-09-19 21:26:11,979 [MainThread  ][INFO ]  Initial parameter values: [0.22507675496110346, -0.5565679845855631, 0.8271832878562184, 0.12289562289562288, 0.24579124579124575]
2019-09-19 21:26:51,446 [MainThread  ][INFO ]  Final fidelity: 0.9167745878501341
2019-09-19 21:26:51,446 [MainThread  ][INFO ]  Final parameters: [ 6.99999999 -2.60965182 -6.99999996  0.21087511  0.21543361]
2019-09-19 21:26:51,446 [MainThread  ][INFO ]  Fidelity: 0.9167745878501341
2019-09-19 21:26:51,446 [MainThread  ][INFO ]  ---- Iteration 16/100
2019-09-19 21:26:51,447 [MainThread  ][DEBUG]  Setting hyperparameter tf=0.3878787878787878
2019-09-19 21:26:51,447 [MainThread  ][INFO ]  Starting optimization for tf=0.3878787878787878
2019-09-19 21:26:51,447 [MainThread  ][DEBUG]  Optimization method: Powell
2019-09-19 21:26:51,447 [MainThread  ][DEBUG]  Optimization options: None
2019-09-19 21:26:51,447 [MainThread  ][INFO ]  Initial parameter values: [-0.9366703946095472, -0.481086628363425, 0.771221274249974, 0.12929292929292927, 0.25858585858585853]
2019-09-19 21:27:42,606 [MainThread  ][INFO ]  Final fidelity: 0.9260108436052251
2019-09-19 21:27:42,607 [MainThread  ][INFO ]  Final parameters: [ 7.          4.63172752 -6.99999999  0.22194614  0.22574665]
2019-09-19 21:27:42,607 [MainThread  ][INFO ]  Fidelity: 0.9260108436052251
2019-09-19 21:27:42,607 [MainThread  ][INFO ]  ---- Iteration 17/100
2019-09-19 21:27:42,607 [MainThread  ][DEBUG]  Setting hyperparameter tf=0.407070707070707
2019-09-19 21:27:42,607 [MainThread  ][INFO ]  Starting optimization for tf=0.407070707070707
2019-09-19 21:27:42,607 [MainThread  ][DEBUG]  Optimization method: Powell
2019-09-19 21:27:42,608 [MainThread  ][DEBUG]  Optimization options: None
2019-09-19 21:27:42,608 [MainThread  ][INFO ]  Initial parameter values: [0.6622767933641815, -0.626657021569399, 0.6953246655309502, 0.13569023569023567, 0.27138047138047133]
2019-09-19 21:28:40,646 [MainThread  ][INFO ]  Final fidelity: 0.9351283124759836
2019-09-19 21:28:40,646 [MainThread  ][INFO ]  Final parameters: [ 7.         -3.26478041 -6.99999561  0.23626968  0.24240338]
2019-09-19 21:28:40,647 [MainThread  ][INFO ]  Fidelity: 0.9351283124759836
2019-09-19 21:28:40,647 [MainThread  ][INFO ]  ---- Iteration 18/100
2019-09-19 21:28:40,647 [MainThread  ][DEBUG]  Setting hyperparameter tf=0.42626262626262623
2019-09-19 21:28:40,647 [MainThread  ][INFO ]  Starting optimization for tf=0.42626262626262623
2019-09-19 21:28:40,647 [MainThread  ][DEBUG]  Optimization method: Powell
2019-09-19 21:28:40,647 [MainThread  ][DEBUG]  Optimization options: None
2019-09-19 21:28:40,647 [MainThread  ][INFO ]  Initial parameter values: [0.7352627981757023, -0.06990819710594742, -0.456614052391739, 0.14208754208754207, 0.28417508417508414]
2019-09-19 21:29:41,986 [MainThread  ][INFO ]  Final fidelity: 0.9389583097433852
2019-09-19 21:29:41,987 [MainThread  ][INFO ]  Final parameters: [ 6.99999997  6.99999927 -6.059808    0.20762712  0.23691952]
2019-09-19 21:29:41,987 [MainThread  ][INFO ]  Fidelity: 0.9389583097433852
2019-09-19 21:29:41,987 [MainThread  ][INFO ]  ---- Iteration 19/100
2019-09-19 21:29:41,988 [MainThread  ][DEBUG]  Setting hyperparameter tf=0.44545454545454544
2019-09-19 21:29:41,988 [MainThread  ][INFO ]  Starting optimization for tf=0.44545454545454544
2019-09-19 21:29:41,988 [MainThread  ][DEBUG]  Optimization method: Powell
2019-09-19 21:29:41,988 [MainThread  ][DEBUG]  Optimization options: None
2019-09-19 21:29:41,988 [MainThread  ][INFO ]  Initial parameter values: [-0.6859332503338678, -0.5336432156008069, -0.4936467339579027, 0.14848484848484847, 0.29696969696969694]
2019-09-19 21:30:39,068 [MainThread  ][INFO ]  Final fidelity: 0.9526821316288716
2019-09-19 21:30:39,069 [MainThread  ][INFO ]  Final parameters: [ 6.99999991  4.77752562 -6.99999995  0.25659656  0.2662065 ]
2019-09-19 21:30:39,069 [MainThread  ][INFO ]  Fidelity: 0.9526821316288716
2019-09-19 21:30:39,069 [MainThread  ][INFO ]  ---- Iteration 20/100
2019-09-19 21:30:39,069 [MainThread  ][DEBUG]  Setting hyperparameter tf=0.46464646464646464
2019-09-19 21:30:39,069 [MainThread  ][INFO ]  Starting optimization for tf=0.46464646464646464
2019-09-19 21:30:39,069 [MainThread  ][DEBUG]  Optimization method: Powell
2019-09-19 21:30:39,069 [MainThread  ][DEBUG]  Optimization options: None
2019-09-19 21:30:39,069 [MainThread  ][INFO ]  Initial parameter values: [-0.46611747130226044, -0.2392515014653942, -0.5169442664062696, 0.15488215488215487, 0.30976430976430974]
2019-09-19 21:31:07,142 [MainThread  ][INFO ]  Final fidelity: 0.9404187435302714
2019-09-19 21:31:07,142 [MainThread  ][INFO ]  Final parameters: [ 6.99999974  3.56007003 -4.07563223  0.21902806  0.22040527]
2019-09-19 21:31:07,142 [MainThread  ][INFO ]  Fidelity: 0.9404187435302714
2019-09-19 21:31:07,142 [MainThread  ][INFO ]  ---- Iteration 21/100
2019-09-19 21:31:07,143 [MainThread  ][DEBUG]  Setting hyperparameter tf=0.48383838383838385
2019-09-19 21:31:07,143 [MainThread  ][INFO ]  Starting optimization for tf=0.48383838383838385
2019-09-19 21:31:07,143 [MainThread  ][DEBUG]  Optimization method: Powell
2019-09-19 21:31:07,143 [MainThread  ][DEBUG]  Optimization options: None
2019-09-19 21:31:07,143 [MainThread  ][INFO ]  Initial parameter values: [0.3194228762080533, 0.25242589252119396, -0.8270065137394158, 0.16127946127946127, 0.32255892255892255]
2019-09-19 21:32:16,009 [MainThread  ][INFO ]  Final fidelity: 0.9685418827773846
2019-09-19 21:32:16,010 [MainThread  ][INFO ]  Final parameters: [ 7.          2.18094642 -6.99999976  0.28288127  0.29673991]
2019-09-19 21:32:16,010 [MainThread  ][INFO ]  Fidelity: 0.9685418827773846
2019-09-19 21:32:16,010 [MainThread  ][INFO ]  ---- Iteration 22/100
2019-09-19 21:32:16,010 [MainThread  ][DEBUG]  Setting hyperparameter tf=0.503030303030303
2019-09-19 21:32:16,011 [MainThread  ][INFO ]  Starting optimization for tf=0.503030303030303
2019-09-19 21:32:16,011 [MainThread  ][DEBUG]  Optimization method: Powell
2019-09-19 21:32:16,011 [MainThread  ][DEBUG]  Optimization options: None
2019-09-19 21:32:16,011 [MainThread  ][INFO ]  Initial parameter values: [-0.8760909919428113, 0.7089411663164065, -0.22250789007123828, 0.16767676767676767, 0.33535353535353535]
2019-09-19 21:33:18,959 [MainThread  ][INFO ]  Final fidelity: 0.9678393115258066
2019-09-19 21:33:18,959 [MainThread  ][INFO ]  Final parameters: [ 6.09227763  4.21446741 -6.99999986  0.32055736  0.32065242]
2019-09-19 21:33:18,959 [MainThread  ][INFO ]  Fidelity: 0.9678393115258066
2019-09-19 21:33:18,960 [MainThread  ][INFO ]  ---- Iteration 23/100
2019-09-19 21:33:18,960 [MainThread  ][DEBUG]  Setting hyperparameter tf=0.5222222222222221
2019-09-19 21:33:18,960 [MainThread  ][INFO ]  Starting optimization for tf=0.5222222222222221
2019-09-19 21:33:18,960 [MainThread  ][DEBUG]  Optimization method: Powell
2019-09-19 21:33:18,960 [MainThread  ][DEBUG]  Optimization options: None
2019-09-19 21:33:18,960 [MainThread  ][INFO ]  Initial parameter values: [-0.15510049157938965, -0.14519217501545723, 0.3587179674605119, 0.17407407407407405, 0.3481481481481481]
2019-09-19 21:34:28,207 [MainThread  ][INFO ]  Final fidelity: 0.9819145257238694
2019-09-19 21:34:28,208 [MainThread  ][INFO ]  Final parameters: [ 6.9999997  -6.99997662 -6.99994995  0.32034556  0.3438741 ]
2019-09-19 21:34:28,208 [MainThread  ][INFO ]  Fidelity: 0.9819145257238694
2019-09-19 21:34:28,208 [MainThread  ][INFO ]  ---- Iteration 24/100
2019-09-19 21:34:28,208 [MainThread  ][DEBUG]  Setting hyperparameter tf=0.5414141414141413
2019-09-19 21:34:28,208 [MainThread  ][INFO ]  Starting optimization for tf=0.5414141414141413
2019-09-19 21:34:28,208 [MainThread  ][DEBUG]  Optimization method: Powell
2019-09-19 21:34:28,208 [MainThread  ][DEBUG]  Optimization options: None
2019-09-19 21:34:28,208 [MainThread  ][INFO ]  Initial parameter values: [-0.07309282606001655, 0.4919836508123092, 0.13849949794362826, 0.18047138047138045, 0.3609427609427609]
2019-09-19 21:35:34,250 [MainThread  ][INFO ]  Final fidelity: 0.9872092835503921
2019-09-19 21:35:34,251 [MainThread  ][INFO ]  Final parameters: [ 6.9999899  -6.99885433 -6.99999557  0.33566245  0.33741402]
2019-09-19 21:35:34,251 [MainThread  ][INFO ]  Fidelity: 0.9872092835503921
2019-09-19 21:35:34,251 [MainThread  ][INFO ]  ---- Iteration 25/100
2019-09-19 21:35:34,251 [MainThread  ][DEBUG]  Setting hyperparameter tf=0.5606060606060606
2019-09-19 21:35:34,251 [MainThread  ][INFO ]  Starting optimization for tf=0.5606060606060606
2019-09-19 21:35:34,251 [MainThread  ][DEBUG]  Optimization method: Powell
2019-09-19 21:35:34,251 [MainThread  ][DEBUG]  Optimization options: None
2019-09-19 21:35:34,251 [MainThread  ][INFO ]  Initial parameter values: [-0.6651298406547501, 0.8351487469494838, 0.19551510985426535, 0.18686868686868685, 0.3737373737373737]
2019-09-19 21:36:12,471 [MainThread  ][INFO ]  Final fidelity: 0.9479256671554065
2019-09-19 21:36:12,472 [MainThread  ][INFO ]  Final parameters: [ 3.35939523 -6.25198291 -6.99999961  0.42315512  0.45626369]
2019-09-19 21:36:12,472 [MainThread  ][INFO ]  Fidelity: 0.9479256671554065
2019-09-19 21:36:12,472 [MainThread  ][INFO ]  ---- Iteration 26/100
2019-09-19 21:36:12,472 [MainThread  ][DEBUG]  Setting hyperparameter tf=0.5797979797979798
2019-09-19 21:36:12,472 [MainThread  ][INFO ]  Starting optimization for tf=0.5797979797979798
2019-09-19 21:36:12,472 [MainThread  ][DEBUG]  Optimization method: Powell
2019-09-19 21:36:12,472 [MainThread  ][DEBUG]  Optimization options: None
2019-09-19 21:36:12,472 [MainThread  ][INFO ]  Initial parameter values: [-0.14152226071048224, 0.06913162043856169, 0.32123124378647194, 0.19326599326599325, 0.3865319865319865]
2019-09-19 21:37:27,698 [MainThread  ][INFO ]  Final fidelity: 0.9950026595889344
2019-09-19 21:37:27,699 [MainThread  ][INFO ]  Final parameters: [ 6.99999884  1.91530177 -6.9999904   0.35246566  0.37045972]
2019-09-19 21:37:27,699 [MainThread  ][INFO ]  Fidelity: 0.9950026595889344
2019-09-19 21:37:27,699 [MainThread  ][INFO ]  ---- Iteration 27/100
2019-09-19 21:37:27,700 [MainThread  ][DEBUG]  Setting hyperparameter tf=0.598989898989899
2019-09-19 21:37:27,700 [MainThread  ][INFO ]  Starting optimization for tf=0.598989898989899
2019-09-19 21:37:27,700 [MainThread  ][DEBUG]  Optimization method: Powell
2019-09-19 21:37:27,700 [MainThread  ][DEBUG]  Optimization options: None
2019-09-19 21:37:27,700 [MainThread  ][INFO ]  Initial parameter values: [0.9624436165196568, -0.24198072256651537, -0.6061733371287938, 0.19966329966329965, 0.3993265993265993]
2019-09-19 21:38:18,627 [MainThread  ][INFO ]  Final fidelity: 0.9805313663618743
2019-09-19 21:38:18,627 [MainThread  ][INFO ]  Final parameters: [ 6.99999999 -4.70651714 -3.07470726  0.28175347  0.37537056]
2019-09-19 21:38:18,627 [MainThread  ][INFO ]  Fidelity: 0.9805313663618743
2019-09-19 21:38:18,627 [MainThread  ][INFO ]  ---- Iteration 28/100
2019-09-19 21:38:18,628 [MainThread  ][DEBUG]  Setting hyperparameter tf=0.6181818181818182
2019-09-19 21:38:18,628 [MainThread  ][INFO ]  Starting optimization for tf=0.6181818181818182
2019-09-19 21:38:18,628 [MainThread  ][DEBUG]  Optimization method: Powell
2019-09-19 21:38:18,628 [MainThread  ][DEBUG]  Optimization options: None
2019-09-19 21:38:18,628 [MainThread  ][INFO ]  Initial parameter values: [0.1815843877860337, 0.6644251820556109, 0.7684113393002732, 0.20606060606060606, 0.4121212121212121]
2019-09-19 21:39:21,797 [MainThread  ][INFO ]  Final fidelity: 0.9970861980620762
2019-09-19 21:39:21,798 [MainThread  ][INFO ]  Final parameters: [ 6.27867885 -6.99999018 -6.99999998  0.40757464  0.41038891]
2019-09-19 21:39:21,798 [MainThread  ][INFO ]  Fidelity: 0.9970861980620762
2019-09-19 21:39:21,798 [MainThread  ][INFO ]  ---- Iteration 29/100
2019-09-19 21:39:21,799 [MainThread  ][DEBUG]  Setting hyperparameter tf=0.6373737373737373
2019-09-19 21:39:21,799 [MainThread  ][INFO ]  Starting optimization for tf=0.6373737373737373
2019-09-19 21:39:21,799 [MainThread  ][DEBUG]  Optimization method: Powell
2019-09-19 21:39:21,799 [MainThread  ][DEBUG]  Optimization options: None
2019-09-19 21:39:21,799 [MainThread  ][INFO ]  Initial parameter values: [-0.16555258768104086, -0.26212013123108235, -0.5013779327662995, 0.21245791245791243, 0.42491582491582486]
2019-09-19 21:40:09,663 [MainThread  ][INFO ]  Final fidelity: 0.9923916312648617
2019-09-19 21:40:09,664 [MainThread  ][INFO ]  Final parameters: [ 6.99999998  6.999845   -3.50895623  0.29915687  0.30649394]
2019-09-19 21:40:09,664 [MainThread  ][INFO ]  Fidelity: 0.9923916312648617
2019-09-19 21:40:09,664 [MainThread  ][INFO ]  ---- Iteration 30/100
2019-09-19 21:40:09,664 [MainThread  ][DEBUG]  Setting hyperparameter tf=0.6565656565656565
2019-09-19 21:40:09,665 [MainThread  ][INFO ]  Starting optimization for tf=0.6565656565656565
2019-09-19 21:40:09,665 [MainThread  ][DEBUG]  Optimization method: Powell
2019-09-19 21:40:09,665 [MainThread  ][DEBUG]  Optimization options: None
2019-09-19 21:40:09,665 [MainThread  ][INFO ]  Initial parameter values: [0.9809435530425348, -0.5643213080387226, 0.4004205283343967, 0.21885521885521883, 0.43771043771043766]
2019-09-19 21:41:08,162 [MainThread  ][INFO ]  Final fidelity: 0.9984680244368637
2019-09-19 21:41:08,162 [MainThread  ][INFO ]  Final parameters: [ 6.9996219  -2.21426256 -6.99978974  0.33594965  0.55701121]
2019-09-19 21:41:08,162 [MainThread  ][INFO ]  Fidelity: 0.9984680244368637
2019-09-19 21:41:08,163 [MainThread  ][INFO ]  ---- Iteration 31/100
2019-09-19 21:41:08,163 [MainThread  ][DEBUG]  Setting hyperparameter tf=0.6757575757575757
2019-09-19 21:41:08,163 [MainThread  ][INFO ]  Starting optimization for tf=0.6757575757575757
2019-09-19 21:41:08,163 [MainThread  ][DEBUG]  Optimization method: Powell
2019-09-19 21:41:08,163 [MainThread  ][DEBUG]  Optimization options: None
2019-09-19 21:41:08,163 [MainThread  ][INFO ]  Initial parameter values: [0.8960597421230234, -0.728607108731864, -0.0022000649231916913, 0.22525252525252523, 0.45050505050505046]
2019-09-19 21:41:59,584 [MainThread  ][INFO ]  Final fidelity: 0.9985769908053462
2019-09-19 21:41:59,584 [MainThread  ][INFO ]  Final parameters: [ 6.99997756 -1.93615101 -6.99733557  0.32281794  0.59310083]
2019-09-19 21:41:59,585 [MainThread  ][INFO ]  Fidelity: 0.9985769908053462
2019-09-19 21:41:59,585 [MainThread  ][INFO ]  ---- Iteration 32/100
2019-09-19 21:41:59,585 [MainThread  ][DEBUG]  Setting hyperparameter tf=0.6949494949494949
2019-09-19 21:41:59,585 [MainThread  ][INFO ]  Starting optimization for tf=0.6949494949494949
2019-09-19 21:41:59,585 [MainThread  ][DEBUG]  Optimization method: Powell
2019-09-19 21:41:59,585 [MainThread  ][DEBUG]  Optimization options: None
2019-09-19 21:41:59,585 [MainThread  ][INFO ]  Initial parameter values: [0.8121641704756319, 0.8128165168359651, 0.6598176173128092, 0.23164983164983163, 0.46329966329966327]
2019-09-19 21:42:31,881 [MainThread  ][INFO ]  Final fidelity: 0.9983412745672633
2019-09-19 21:42:31,881 [MainThread  ][INFO ]  Final parameters: [ 4.84427392  6.99989466 -4.63401939  0.1131722   0.40020658]
2019-09-19 21:42:31,881 [MainThread  ][INFO ]  Fidelity: 0.9983412745672633
2019-09-19 21:42:31,881 [MainThread  ][INFO ]  ---- Iteration 33/100
2019-09-19 21:42:31,882 [MainThread  ][DEBUG]  Setting hyperparameter tf=0.7141414141414141
2019-09-19 21:42:31,882 [MainThread  ][INFO ]  Starting optimization for tf=0.7141414141414141
2019-09-19 21:42:31,882 [MainThread  ][DEBUG]  Optimization method: Powell
2019-09-19 21:42:31,882 [MainThread  ][DEBUG]  Optimization options: None
2019-09-19 21:42:31,882 [MainThread  ][INFO ]  Initial parameter values: [-0.7163981582355294, -0.5985964939037498, -0.4290214832791688, 0.23804713804713803, 0.47609427609427607]
2019-09-19 21:43:19,552 [MainThread  ][INFO ]  Final fidelity: 0.9986983955689431
2019-09-19 21:43:19,553 [MainThread  ][INFO ]  Final parameters: [ 6.99987908 -1.78973642 -6.99997003  0.30907879  0.66078029]
2019-09-19 21:43:19,553 [MainThread  ][INFO ]  Fidelity: 0.9986983955689431
2019-09-19 21:43:19,553 [MainThread  ][INFO ]  ---- Iteration 34/100
2019-09-19 21:43:19,554 [MainThread  ][DEBUG]  Setting hyperparameter tf=0.7333333333333333
2019-09-19 21:43:19,554 [MainThread  ][INFO ]  Starting optimization for tf=0.7333333333333333
2019-09-19 21:43:19,554 [MainThread  ][DEBUG]  Optimization method: Powell
2019-09-19 21:43:19,554 [MainThread  ][DEBUG]  Optimization options: None
2019-09-19 21:43:19,554 [MainThread  ][INFO ]  Initial parameter values: [-0.9994119106530586, -0.24275788377365548, 0.8274929559417699, 0.24444444444444444, 0.4888888888888889]
2019-09-19 21:43:52,795 [MainThread  ][INFO ]  Final fidelity: 0.998686483399922
2019-09-19 21:43:52,796 [MainThread  ][INFO ]  Final parameters: [ 5.75712267 -2.55288585 -6.99979463  0.38595887  0.69102893]
2019-09-19 21:43:52,796 [MainThread  ][INFO ]  Fidelity: 0.998686483399922
2019-09-19 21:43:52,796 [MainThread  ][INFO ]  ---- Iteration 35/100
2019-09-19 21:43:52,796 [MainThread  ][DEBUG]  Setting hyperparameter tf=0.7525252525252525
2019-09-19 21:43:52,796 [MainThread  ][INFO ]  Starting optimization for tf=0.7525252525252525
2019-09-19 21:43:52,796 [MainThread  ][DEBUG]  Optimization method: Powell
2019-09-19 21:43:52,796 [MainThread  ][DEBUG]  Optimization options: None
2019-09-19 21:43:52,797 [MainThread  ][INFO ]  Initial parameter values: [0.5040133397790694, -0.5306226290821667, -0.6358306542742882, 0.2508417508417508, 0.5016835016835016]
2019-09-19 21:44:15,346 [MainThread  ][INFO ]  Final fidelity: 0.9987693768740428
2019-09-19 21:44:15,347 [MainThread  ][INFO ]  Final parameters: [ 6.72344079 -1.61199851 -6.99997934  0.30978166  0.71452531]
2019-09-19 21:44:15,347 [MainThread  ][INFO ]  Fidelity: 0.9987693768740428
2019-09-19 21:44:15,348 [MainThread  ][INFO ]  ---- Iteration 36/100
2019-09-19 21:44:15,348 [MainThread  ][DEBUG]  Setting hyperparameter tf=0.7717171717171717
2019-09-19 21:44:15,348 [MainThread  ][INFO ]  Starting optimization for tf=0.7717171717171717
2019-09-19 21:44:15,348 [MainThread  ][DEBUG]  Optimization method: Powell
2019-09-19 21:44:15,348 [MainThread  ][DEBUG]  Optimization options: None
2019-09-19 21:44:15,348 [MainThread  ][INFO ]  Initial parameter values: [-0.16351453980952346, -0.1429177692702932, 0.8363926628622098, 0.2572390572390572, 0.5144781144781144]
2019-09-19 21:44:51,721 [MainThread  ][INFO ]  Final fidelity: 0.998611566874235
2019-09-19 21:44:51,722 [MainThread  ][INFO ]  Final parameters: [ 5.33939658 -6.08855813 -2.55253263  0.45003184  0.5628774 ]
2019-09-19 21:44:51,722 [MainThread  ][INFO ]  Fidelity: 0.998611566874235
2019-09-19 21:44:51,722 [MainThread  ][INFO ]  ---- Iteration 37/100
2019-09-19 21:44:51,722 [MainThread  ][DEBUG]  Setting hyperparameter tf=0.7909090909090909
2019-09-19 21:44:51,722 [MainThread  ][INFO ]  Starting optimization for tf=0.7909090909090909
2019-09-19 21:44:51,722 [MainThread  ][DEBUG]  Optimization method: Powell
2019-09-19 21:44:51,722 [MainThread  ][DEBUG]  Optimization options: None
2019-09-19 21:44:51,723 [MainThread  ][INFO ]  Initial parameter values: [0.22812253273037864, 0.7925335727561824, -0.7629627783242672, 0.2636363636363636, 0.5272727272727272]
2019-09-19 21:45:09,732 [MainThread  ][INFO ]  Final fidelity: 0.982762859641564
2019-09-19 21:45:09,733 [MainThread  ][INFO ]  Final parameters: [ 3.96569477 -1.80127412 -1.59800785  0.37431372  0.37431374]
2019-09-19 21:45:09,733 [MainThread  ][INFO ]  Fidelity: 0.982762859641564
2019-09-19 21:45:09,733 [MainThread  ][INFO ]  ---- Iteration 38/100
2019-09-19 21:45:09,734 [MainThread  ][DEBUG]  Setting hyperparameter tf=0.81010101010101
2019-09-19 21:45:09,734 [MainThread  ][INFO ]  Starting optimization for tf=0.81010101010101
2019-09-19 21:45:09,734 [MainThread  ][DEBUG]  Optimization method: Powell
2019-09-19 21:45:09,734 [MainThread  ][DEBUG]  Optimization options: None
2019-09-19 21:45:09,734 [MainThread  ][INFO ]  Initial parameter values: [0.38572783904930485, 0.11930942196248306, -0.889400320363918, 0.27003367003367, 0.54006734006734]
2019-09-19 21:45:35,442 [MainThread  ][INFO ]  Final fidelity: 0.9917879617111174
2019-09-19 21:45:35,442 [MainThread  ][INFO ]  Final parameters: [ 4.94035468 -3.27913962 -1.46092122  0.33401697  0.3340172 ]
2019-09-19 21:45:35,443 [MainThread  ][INFO ]  Fidelity: 0.9917879617111174
2019-09-19 21:45:35,443 [MainThread  ][INFO ]  ---- Iteration 39/100
2019-09-19 21:45:35,443 [MainThread  ][DEBUG]  Setting hyperparameter tf=0.8292929292929292
2019-09-19 21:45:35,443 [MainThread  ][INFO ]  Starting optimization for tf=0.8292929292929292
2019-09-19 21:45:35,443 [MainThread  ][DEBUG]  Optimization method: Powell
2019-09-19 21:45:35,443 [MainThread  ][DEBUG]  Optimization options: None
2019-09-19 21:45:35,443 [MainThread  ][INFO ]  Initial parameter values: [0.5954769338046151, -0.07740793876659446, -0.8373426856331303, 0.2764309764309764, 0.5528619528619528]
2019-09-19 21:46:03,809 [MainThread  ][INFO ]  Final fidelity: 0.9930691584095918
2019-09-19 21:46:03,809 [MainThread  ][INFO ]  Final parameters: [ 5.00983126 -1.76825535 -1.33006348  0.3290356   0.32903568]
2019-09-19 21:46:03,809 [MainThread  ][INFO ]  Fidelity: 0.9930691584095918
2019-09-19 21:46:03,810 [MainThread  ][INFO ]  ---- Iteration 40/100
2019-09-19 21:46:03,810 [MainThread  ][DEBUG]  Setting hyperparameter tf=0.8484848484848484
2019-09-19 21:46:03,810 [MainThread  ][INFO ]  Starting optimization for tf=0.8484848484848484
2019-09-19 21:46:03,810 [MainThread  ][DEBUG]  Optimization method: Powell
2019-09-19 21:46:03,810 [MainThread  ][DEBUG]  Optimization options: None
2019-09-19 21:46:03,810 [MainThread  ][INFO ]  Initial parameter values: [-0.8295871953119793, -0.421976435081036, -0.43275656534869733, 0.2828282828282828, 0.5656565656565656]
2019-09-19 21:46:37,525 [MainThread  ][INFO ]  Final fidelity: 0.9988869776029164
2019-09-19 21:46:37,525 [MainThread  ][INFO ]  Final parameters: [ 5.54143247 -1.13047237 -6.99998659  0.33921418  0.82438874]
2019-09-19 21:46:37,525 [MainThread  ][INFO ]  Fidelity: 0.9988869776029164
2019-09-19 21:46:37,525 [MainThread  ][INFO ]  ---- Iteration 41/100
2019-09-19 21:46:37,525 [MainThread  ][DEBUG]  Setting hyperparameter tf=0.8676767676767676
2019-09-19 21:46:37,525 [MainThread  ][INFO ]  Starting optimization for tf=0.8676767676767676
2019-09-19 21:46:37,525 [MainThread  ][DEBUG]  Optimization method: Powell
2019-09-19 21:46:37,526 [MainThread  ][DEBUG]  Optimization options: None
2019-09-19 21:46:37,526 [MainThread  ][INFO ]  Initial parameter values: [0.9091483618315002, 0.519043759524658, -0.9170713633052054, 0.2892255892255892, 0.5784511784511784]
2019-09-19 21:47:16,485 [MainThread  ][INFO ]  Final fidelity: 0.9988557268431174
2019-09-19 21:47:16,486 [MainThread  ][INFO ]  Final parameters: [ 5.20296913  6.9958694  -1.61433219  0.37377529  0.37868212]
2019-09-19 21:47:16,486 [MainThread  ][INFO ]  Fidelity: 0.9988557268431174
2019-09-19 21:47:16,486 [MainThread  ][INFO ]  ---- Iteration 42/100
2019-09-19 21:47:16,487 [MainThread  ][DEBUG]  Setting hyperparameter tf=0.8868686868686868
2019-09-19 21:47:16,487 [MainThread  ][INFO ]  Starting optimization for tf=0.8868686868686868
2019-09-19 21:47:16,487 [MainThread  ][DEBUG]  Optimization method: Powell
2019-09-19 21:47:16,487 [MainThread  ][DEBUG]  Optimization options: None
2019-09-19 21:47:16,487 [MainThread  ][INFO ]  Initial parameter values: [-0.3428924604461616, 0.9596400053348431, 0.1584244338177072, 0.2956228956228956, 0.5912457912457912]
2019-09-19 21:47:56,133 [MainThread  ][INFO ]  Final fidelity: 0.9988095386510039
2019-09-19 21:47:56,134 [MainThread  ][INFO ]  Final parameters: [ 3.6859522  -6.98938965 -1.75736385  0.59694429  0.70005299]
2019-09-19 21:47:56,134 [MainThread  ][INFO ]  Fidelity: 0.9988095386510039
2019-09-19 21:47:56,134 [MainThread  ][INFO ]  ---- Iteration 43/100
2019-09-19 21:47:56,135 [MainThread  ][DEBUG]  Setting hyperparameter tf=0.906060606060606
2019-09-19 21:47:56,135 [MainThread  ][INFO ]  Starting optimization for tf=0.906060606060606
2019-09-19 21:47:56,135 [MainThread  ][DEBUG]  Optimization method: Powell
2019-09-19 21:47:56,135 [MainThread  ][DEBUG]  Optimization options: None
2019-09-19 21:47:56,135 [MainThread  ][INFO ]  Initial parameter values: [0.28804009715027457, -0.5957314759254952, 0.7507231366275502, 0.302020202020202, 0.604040404040404]
2019-09-19 21:48:14,439 [MainThread  ][INFO ]  Final fidelity: 0.9988940928330771
2019-09-19 21:48:14,440 [MainThread  ][INFO ]  Final parameters: [ 4.55331133 -1.51024412 -0.59124376  0.41986763  0.9032169 ]
2019-09-19 21:48:14,440 [MainThread  ][INFO ]  Fidelity: 0.9988940928330771
2019-09-19 21:48:14,440 [MainThread  ][INFO ]  ---- Iteration 44/100
2019-09-19 21:48:14,440 [MainThread  ][DEBUG]  Setting hyperparameter tf=0.9252525252525252
2019-09-19 21:48:14,440 [MainThread  ][INFO ]  Starting optimization for tf=0.9252525252525252
2019-09-19 21:48:14,440 [MainThread  ][DEBUG]  Optimization method: Powell
2019-09-19 21:48:14,440 [MainThread  ][DEBUG]  Optimization options: None
2019-09-19 21:48:14,440 [MainThread  ][INFO ]  Initial parameter values: [-0.7555363895562668, 0.4285854685914188, -0.32168485738396946, 0.3084175084175084, 0.6168350168350168]
2019-09-19 21:48:59,205 [MainThread  ][INFO ]  Final fidelity: 0.9989606194086329
2019-09-19 21:48:59,206 [MainThread  ][INFO ]  Final parameters: [ 3.67718131 -0.9394427  -6.96020558  0.4748634   0.89023557]
2019-09-19 21:48:59,206 [MainThread  ][INFO ]  Fidelity: 0.9989606194086329
2019-09-19 21:48:59,206 [MainThread  ][INFO ]  ---- Iteration 45/100
2019-09-19 21:48:59,206 [MainThread  ][DEBUG]  Setting hyperparameter tf=0.9444444444444443
2019-09-19 21:48:59,206 [MainThread  ][INFO ]  Starting optimization for tf=0.9444444444444443
2019-09-19 21:48:59,206 [MainThread  ][DEBUG]  Optimization method: Powell
2019-09-19 21:48:59,206 [MainThread  ][DEBUG]  Optimization options: None
2019-09-19 21:48:59,206 [MainThread  ][INFO ]  Initial parameter values: [-0.21748047200351261, 0.08801912773300935, 0.8298727456264823, 0.31481481481481477, 0.6296296296296295]
2019-09-19 21:49:26,834 [MainThread  ][INFO ]  Final fidelity: 0.9989438762597472
2019-09-19 21:49:26,835 [MainThread  ][INFO ]  Final parameters: [ 3.78687076 -1.34653046 -6.99985226  0.48115271  0.93588126]
2019-09-19 21:49:26,835 [MainThread  ][INFO ]  Fidelity: 0.9989438762597472
2019-09-19 21:49:26,835 [MainThread  ][INFO ]  ---- Iteration 46/100
2019-09-19 21:49:26,836 [MainThread  ][DEBUG]  Setting hyperparameter tf=0.9636363636363635
2019-09-19 21:49:26,836 [MainThread  ][INFO ]  Starting optimization for tf=0.9636363636363635
2019-09-19 21:49:26,836 [MainThread  ][DEBUG]  Optimization method: Powell
2019-09-19 21:49:26,836 [MainThread  ][DEBUG]  Optimization options: None
2019-09-19 21:49:26,836 [MainThread  ][INFO ]  Initial parameter values: [-0.5814705065087309, 0.10118788180217853, 0.1620900939086125, 0.32121212121212117, 0.6424242424242423]
2019-09-19 21:49:53,504 [MainThread  ][INFO ]  Final fidelity: 0.9989758024440176
2019-09-19 21:49:53,505 [MainThread  ][INFO ]  Final parameters: [ 3.96036215 -0.72153935 -6.99935449  0.42385887  0.9412238 ]
2019-09-19 21:49:53,505 [MainThread  ][INFO ]  Fidelity: 0.9989758024440176
2019-09-19 21:49:53,505 [MainThread  ][INFO ]  ---- Iteration 47/100
2019-09-19 21:49:53,505 [MainThread  ][DEBUG]  Setting hyperparameter tf=0.9828282828282827
2019-09-19 21:49:53,505 [MainThread  ][INFO ]  Starting optimization for tf=0.9828282828282827
2019-09-19 21:49:53,506 [MainThread  ][DEBUG]  Optimization method: Powell
2019-09-19 21:49:53,506 [MainThread  ][DEBUG]  Optimization options: None
2019-09-19 21:49:53,506 [MainThread  ][INFO ]  Initial parameter values: [0.6099861286150452, 0.7284663498508201, -0.04784396739909269, 0.3276094276094276, 0.6552188552188551]
2019-09-19 21:52:05,099 [MainThread  ][INFO ]  Final fidelity: 0.9989556365503378
2019-09-19 21:52:05,099 [MainThread  ][INFO ]  Final parameters: [ 3.51290715 -1.34325884 -1.20598183  0.51046742  0.98277708]
2019-09-19 21:52:05,099 [MainThread  ][INFO ]  Fidelity: 0.9989556365503378
2019-09-19 21:52:05,100 [MainThread  ][INFO ]  ---- Iteration 48/100
2019-09-19 21:52:05,100 [MainThread  ][DEBUG]  Setting hyperparameter tf=1.002020202020202
2019-09-19 21:52:05,100 [MainThread  ][INFO ]  Starting optimization for tf=1.002020202020202
2019-09-19 21:52:05,100 [MainThread  ][DEBUG]  Optimization method: Powell
2019-09-19 21:52:05,100 [MainThread  ][DEBUG]  Optimization options: None
2019-09-19 21:52:05,100 [MainThread  ][INFO ]  Initial parameter values: [-0.44000230715965305, 0.4750041192099548, 0.46138161990280624, 0.33400673400673403, 0.6680134680134681]
2019-09-19 21:52:29,426 [MainThread  ][INFO ]  Final fidelity: 0.9990028574598212
2019-09-19 21:52:29,427 [MainThread  ][INFO ]  Final parameters: [ 3.21137993 -0.68000442 -6.99938177  0.50885223  0.97407645]
2019-09-19 21:52:29,427 [MainThread  ][INFO ]  Fidelity: 0.9990028574598212
2019-09-19 21:52:29,427 [MainThread  ][INFO ]  ---- Iteration 49/100
2019-09-19 21:52:29,427 [MainThread  ][DEBUG]  Setting hyperparameter tf=1.0212121212121212
2019-09-19 21:52:29,427 [MainThread  ][INFO ]  Starting optimization for tf=1.0212121212121212
2019-09-19 21:52:29,427 [MainThread  ][DEBUG]  Optimization method: Powell
2019-09-19 21:52:29,428 [MainThread  ][DEBUG]  Optimization options: None
2019-09-19 21:52:29,428 [MainThread  ][INFO ]  Initial parameter values: [-0.9726935865691564, 0.06731270933855749, 0.3711775774121495, 0.34040404040404043, 0.6808080808080809]
2019-09-19 21:52:59,786 [MainThread  ][INFO ]  Final fidelity: 0.9989907578186689
2019-09-19 21:52:59,787 [MainThread  ][INFO ]  Final parameters: [ 3.68806861 -0.72310862 -6.99102766  0.44795443  1.01163381]
2019-09-19 21:52:59,787 [MainThread  ][INFO ]  Fidelity: 0.9989907578186689
2019-09-19 21:52:59,787 [MainThread  ][INFO ]  ---- Iteration 50/100
2019-09-19 21:52:59,787 [MainThread  ][DEBUG]  Setting hyperparameter tf=1.0404040404040404
2019-09-19 21:52:59,787 [MainThread  ][INFO ]  Starting optimization for tf=1.0404040404040404
2019-09-19 21:52:59,787 [MainThread  ][DEBUG]  Optimization method: Powell
2019-09-19 21:52:59,787 [MainThread  ][DEBUG]  Optimization options: None
2019-09-19 21:52:59,787 [MainThread  ][INFO ]  Initial parameter values: [0.6685102018396651, 0.17671071834044172, 0.7586199701985947, 0.34680134680134683, 0.6936026936026937]
2019-09-19 21:53:59,843 [MainThread  ][INFO ]  Final fidelity: 0.9989965639169369
2019-09-19 21:53:59,844 [MainThread  ][INFO ]  Final parameters: [ 3.21991152 -0.97590742 -6.99185595  0.52578157  1.03684938]
2019-09-19 21:53:59,844 [MainThread  ][INFO ]  Fidelity: 0.9989965639169369
2019-09-19 21:53:59,844 [MainThread  ][INFO ]  ---- Iteration 51/100
2019-09-19 21:53:59,844 [MainThread  ][DEBUG]  Setting hyperparameter tf=1.0595959595959596
2019-09-19 21:53:59,844 [MainThread  ][INFO ]  Starting optimization for tf=1.0595959595959596
2019-09-19 21:53:59,844 [MainThread  ][DEBUG]  Optimization method: Powell
2019-09-19 21:53:59,844 [MainThread  ][DEBUG]  Optimization options: None
2019-09-19 21:53:59,844 [MainThread  ][INFO ]  Initial parameter values: [0.656839773906992, 0.3861598111108875, 0.6019319208956782, 0.35319865319865323, 0.7063973063973065]
2019-09-19 21:54:41,310 [MainThread  ][INFO ]  Final fidelity: 0.999020937996
2019-09-19 21:54:41,311 [MainThread  ][INFO ]  Final parameters: [ 3.1106143  -0.55796334 -6.99998799  0.50722397  1.04166352]
2019-09-19 21:54:41,311 [MainThread  ][INFO ]  Fidelity: 0.999020937996
2019-09-19 21:54:41,311 [MainThread  ][INFO ]  ---- Iteration 52/100
2019-09-19 21:54:41,311 [MainThread  ][DEBUG]  Setting hyperparameter tf=1.0787878787878789
2019-09-19 21:54:41,312 [MainThread  ][INFO ]  Starting optimization for tf=1.0787878787878789
2019-09-19 21:54:41,312 [MainThread  ][DEBUG]  Optimization method: Powell
2019-09-19 21:54:41,312 [MainThread  ][DEBUG]  Optimization options: None
2019-09-19 21:54:41,312 [MainThread  ][INFO ]  Initial parameter values: [-0.4628059507286586, 0.5752846198973127, -0.07550554143636301, 0.35959595959595964, 0.7191919191919193]
2019-09-19 21:55:20,316 [MainThread  ][INFO ]  Final fidelity: 0.9989892966274502
2019-09-19 21:55:20,317 [MainThread  ][INFO ]  Final parameters: [ 3.40407723 -2.14650206 -0.61592808  0.51548927  0.63946287]
2019-09-19 21:55:20,317 [MainThread  ][INFO ]  Fidelity: 0.9989892966274502
2019-09-19 21:55:20,317 [MainThread  ][INFO ]  ---- Iteration 53/100
2019-09-19 21:55:20,317 [MainThread  ][DEBUG]  Setting hyperparameter tf=1.097979797979798
2019-09-19 21:55:20,317 [MainThread  ][INFO ]  Starting optimization for tf=1.097979797979798
2019-09-19 21:55:20,317 [MainThread  ][DEBUG]  Optimization method: Powell
2019-09-19 21:55:20,317 [MainThread  ][DEBUG]  Optimization options: None
2019-09-19 21:55:20,317 [MainThread  ][INFO ]  Initial parameter values: [0.21614826507828, 0.022099109161768604, -0.9363371711408728, 0.36599326599326604, 0.7319865319865321]
2019-09-19 21:55:46,408 [MainThread  ][INFO ]  Final fidelity: 0.9990406707725898
2019-09-19 21:55:46,409 [MainThread  ][INFO ]  Final parameters: [ 3.96771911  0.36745484 -0.81438786  0.32566021  0.78344238]
2019-09-19 21:55:46,409 [MainThread  ][INFO ]  Fidelity: 0.9990406707725898
2019-09-19 21:55:46,409 [MainThread  ][INFO ]  ---- Iteration 54/100
2019-09-19 21:55:46,409 [MainThread  ][DEBUG]  Setting hyperparameter tf=1.1171717171717173
2019-09-19 21:55:46,409 [MainThread  ][INFO ]  Starting optimization for tf=1.1171717171717173
2019-09-19 21:55:46,409 [MainThread  ][DEBUG]  Optimization method: Powell
2019-09-19 21:55:46,409 [MainThread  ][DEBUG]  Optimization options: None
2019-09-19 21:55:46,409 [MainThread  ][INFO ]  Initial parameter values: [0.2222450557017328, -0.07704543263703334, -0.6277062727524607, 0.37239057239057244, 0.7447811447811449]
2019-09-19 21:56:08,359 [MainThread  ][INFO ]  Final fidelity: 0.9990324676854884
2019-09-19 21:56:08,360 [MainThread  ][INFO ]  Final parameters: [ 3.90699807  0.07488372 -0.56797439  0.35462851  0.7855126 ]
2019-09-19 21:56:08,360 [MainThread  ][INFO ]  Fidelity: 0.9990324676854884
2019-09-19 21:56:08,360 [MainThread  ][INFO ]  ---- Iteration 55/100
2019-09-19 21:56:08,360 [MainThread  ][DEBUG]  Setting hyperparameter tf=1.1363636363636365
2019-09-19 21:56:08,360 [MainThread  ][INFO ]  Starting optimization for tf=1.1363636363636365
2019-09-19 21:56:08,360 [MainThread  ][DEBUG]  Optimization method: Powell
2019-09-19 21:56:08,360 [MainThread  ][DEBUG]  Optimization options: None
2019-09-19 21:56:08,360 [MainThread  ][INFO ]  Initial parameter values: [0.5264302233105904, 0.8439413628360617, -0.006597266195595086, 0.37878787878787884, 0.7575757575757577]
2019-09-19 21:56:34,493 [MainThread  ][INFO ]  Final fidelity: 0.9955788290981912
2019-09-19 21:56:34,493 [MainThread  ][INFO ]  Final parameters: [ 2.48361511 -1.75506617 -0.45843176  0.53937682  0.53938097]
2019-09-19 21:56:34,494 [MainThread  ][INFO ]  Fidelity: 0.9955788290981912
2019-09-19 21:56:34,494 [MainThread  ][INFO ]  ---- Iteration 56/100
2019-09-19 21:56:34,494 [MainThread  ][DEBUG]  Setting hyperparameter tf=1.1555555555555557
2019-09-19 21:56:34,494 [MainThread  ][INFO ]  Starting optimization for tf=1.1555555555555557
2019-09-19 21:56:34,494 [MainThread  ][DEBUG]  Optimization method: Powell
2019-09-19 21:56:34,494 [MainThread  ][DEBUG]  Optimization options: None
2019-09-19 21:56:34,494 [MainThread  ][INFO ]  Initial parameter values: [0.0032325025640640437, 0.277401126301013, 0.04193508460517936, 0.38518518518518524, 0.7703703703703705]
2019-09-19 21:56:55,275 [MainThread  ][INFO ]  Final fidelity: 0.9990156486452414
2019-09-19 21:56:55,276 [MainThread  ][INFO ]  Final parameters: [ 3.26617876 -1.32434813 -0.31178388  0.50064053  0.67394904]
2019-09-19 21:56:55,276 [MainThread  ][INFO ]  Fidelity: 0.9990156486452414
2019-09-19 21:56:55,276 [MainThread  ][INFO ]  ---- Iteration 57/100
2019-09-19 21:56:55,276 [MainThread  ][DEBUG]  Setting hyperparameter tf=1.1747474747474747
2019-09-19 21:56:55,276 [MainThread  ][INFO ]  Starting optimization for tf=1.1747474747474747
2019-09-19 21:56:55,276 [MainThread  ][DEBUG]  Optimization method: Powell
2019-09-19 21:56:55,276 [MainThread  ][DEBUG]  Optimization options: None
2019-09-19 21:56:55,276 [MainThread  ][INFO ]  Initial parameter values: [-0.23789987853597583, 0.7544344081634939, -0.5261968693370247, 0.39158249158249153, 0.7831649831649831]
2019-09-19 21:57:12,248 [MainThread  ][INFO ]  Final fidelity: 0.9990568989115326
2019-09-19 21:57:12,249 [MainThread  ][INFO ]  Final parameters: [ 2.95380782  0.58606162 -0.59613137  0.42720354  0.76055463]
2019-09-19 21:57:12,249 [MainThread  ][INFO ]  Fidelity: 0.9990568989115326
2019-09-19 21:57:12,249 [MainThread  ][INFO ]  ---- Iteration 58/100
2019-09-19 21:57:12,249 [MainThread  ][DEBUG]  Setting hyperparameter tf=1.1939393939393939
2019-09-19 21:57:12,249 [MainThread  ][INFO ]  Starting optimization for tf=1.1939393939393939
2019-09-19 21:57:12,249 [MainThread  ][DEBUG]  Optimization method: Powell
2019-09-19 21:57:12,250 [MainThread  ][DEBUG]  Optimization options: None
2019-09-19 21:57:12,250 [MainThread  ][INFO ]  Initial parameter values: [-0.3393423083845384, 0.14352473453569115, -0.29176531387180615, 0.39797979797979793, 0.7959595959595959]
2019-09-19 21:57:25,870 [MainThread  ][INFO ]  Final fidelity: 0.9990514913161966
2019-09-19 21:57:25,871 [MainThread  ][INFO ]  Final parameters: [ 3.33008239  0.09248763 -0.31014942  0.40559997  0.77384367]
2019-09-19 21:57:25,871 [MainThread  ][INFO ]  Fidelity: 0.9990514913161966
2019-09-19 21:57:25,871 [MainThread  ][INFO ]  ---- Iteration 59/100
2019-09-19 21:57:25,871 [MainThread  ][DEBUG]  Setting hyperparameter tf=1.213131313131313
2019-09-19 21:57:25,871 [MainThread  ][INFO ]  Starting optimization for tf=1.213131313131313
2019-09-19 21:57:25,871 [MainThread  ][DEBUG]  Optimization method: Powell
2019-09-19 21:57:25,871 [MainThread  ][DEBUG]  Optimization options: None
2019-09-19 21:57:25,871 [MainThread  ][INFO ]  Initial parameter values: [-0.4294247087200882, 0.7732758438456035, 0.9670836494396868, 0.40437710437710433, 0.8087542087542087]
2019-09-19 21:57:56,548 [MainThread  ][INFO ]  Final fidelity: 0.9990761008461398
2019-09-19 21:57:56,548 [MainThread  ][INFO ]  Final parameters: [ 2.05245849 -0.46651047 -6.99999556  0.72668618  1.1957431 ]
2019-09-19 21:57:56,549 [MainThread  ][INFO ]  Fidelity: 0.9990761008461398
2019-09-19 21:57:56,549 [MainThread  ][INFO ]  ---- Iteration 60/100
2019-09-19 21:57:56,549 [MainThread  ][DEBUG]  Setting hyperparameter tf=1.2323232323232323
2019-09-19 21:57:56,549 [MainThread  ][INFO ]  Starting optimization for tf=1.2323232323232323
2019-09-19 21:57:56,549 [MainThread  ][DEBUG]  Optimization method: Powell
2019-09-19 21:57:56,549 [MainThread  ][DEBUG]  Optimization options: None
2019-09-19 21:57:56,549 [MainThread  ][INFO ]  Initial parameter values: [-0.6268850087807931, -0.8190188847018958, -0.80800414982766, 0.41077441077441074, 0.8215488215488215]
2019-09-19 21:58:30,673 [MainThread  ][INFO ]  Final fidelity: 0.9990489593977746
2019-09-19 21:58:30,674 [MainThread  ][INFO ]  Final parameters: [ 4.23420552 -0.03050175  6.97858927  0.3191048   1.23118118]
2019-09-19 21:58:30,674 [MainThread  ][INFO ]  Fidelity: 0.9990489593977746
2019-09-19 21:58:30,674 [MainThread  ][INFO ]  ---- Iteration 61/100
2019-09-19 21:58:30,674 [MainThread  ][DEBUG]  Setting hyperparameter tf=1.2515151515151515
2019-09-19 21:58:30,674 [MainThread  ][INFO ]  Starting optimization for tf=1.2515151515151515
2019-09-19 21:58:30,674 [MainThread  ][DEBUG]  Optimization method: Powell
2019-09-19 21:58:30,674 [MainThread  ][DEBUG]  Optimization options: None
2019-09-19 21:58:30,674 [MainThread  ][INFO ]  Initial parameter values: [-0.27074477356330884, -0.8169621083024619, 0.9268511371455386, 0.41717171717171714, 0.8343434343434343]
2019-09-19 21:58:54,625 [MainThread  ][INFO ]  Final fidelity: 0.9989836947701596
2019-09-19 21:58:54,626 [MainThread  ][INFO ]  Final parameters: [ 3.55548029 -1.06691532  0.63302763  0.4806028   0.94813792]
2019-09-19 21:58:54,626 [MainThread  ][INFO ]  Fidelity: 0.9989836947701596
2019-09-19 21:58:54,627 [MainThread  ][INFO ]  ---- Iteration 62/100
2019-09-19 21:58:54,627 [MainThread  ][DEBUG]  Setting hyperparameter tf=1.2707070707070707
2019-09-19 21:58:54,627 [MainThread  ][INFO ]  Starting optimization for tf=1.2707070707070707
2019-09-19 21:58:54,627 [MainThread  ][DEBUG]  Optimization method: Powell
2019-09-19 21:58:54,627 [MainThread  ][DEBUG]  Optimization options: None
2019-09-19 21:58:54,627 [MainThread  ][INFO ]  Initial parameter values: [-0.35761309645748907, -0.3289998236369882, 0.1258534066702559, 0.42356902356902354, 0.8471380471380471]
2019-09-19 21:59:07,364 [MainThread  ][INFO ]  Final fidelity: 0.9990459295722853
2019-09-19 21:59:07,365 [MainThread  ][INFO ]  Final parameters: [ 3.39664913 -0.36750127  0.1105939   0.42808329  0.8605212 ]
2019-09-19 21:59:07,365 [MainThread  ][INFO ]  Fidelity: 0.9990459295722853
2019-09-19 21:59:07,365 [MainThread  ][INFO ]  ---- Iteration 63/100
2019-09-19 21:59:07,365 [MainThread  ][DEBUG]  Setting hyperparameter tf=1.2898989898989899
2019-09-19 21:59:07,365 [MainThread  ][INFO ]  Starting optimization for tf=1.2898989898989899
2019-09-19 21:59:07,365 [MainThread  ][DEBUG]  Optimization method: Powell
2019-09-19 21:59:07,365 [MainThread  ][DEBUG]  Optimization options: None
2019-09-19 21:59:07,365 [MainThread  ][INFO ]  Initial parameter values: [-0.4937897335648569, 0.1371156909792608, -0.2943992465727294, 0.42996632996632994, 0.8599326599326599]
2019-09-19 21:59:27,129 [MainThread  ][INFO ]  Final fidelity: 0.9990894057382358
2019-09-19 21:59:27,130 [MainThread  ][INFO ]  Final parameters: [ 3.0112873   0.3316172  -0.21766684  0.39289611  0.93022705]
2019-09-19 21:59:27,130 [MainThread  ][INFO ]  Fidelity: 0.9990894057382358
2019-09-19 21:59:27,130 [MainThread  ][INFO ]  ---- Iteration 64/100
2019-09-19 21:59:27,130 [MainThread  ][DEBUG]  Setting hyperparameter tf=1.309090909090909
2019-09-19 21:59:27,130 [MainThread  ][INFO ]  Starting optimization for tf=1.309090909090909
2019-09-19 21:59:27,131 [MainThread  ][DEBUG]  Optimization method: Powell
2019-09-19 21:59:27,131 [MainThread  ][DEBUG]  Optimization options: None
2019-09-19 21:59:27,131 [MainThread  ][INFO ]  Initial parameter values: [0.4572868478082939, 0.2370304323727903, -0.8704139169556324, 0.43636363636363634, 0.8727272727272727]
2019-09-19 21:59:46,232 [MainThread  ][INFO ]  Final fidelity: 0.9991282955554683
2019-09-19 21:59:46,233 [MainThread  ][INFO ]  Final parameters: [ 2.82526241  1.02737681 -0.65039728  0.26167507  0.95835656]
2019-09-19 21:59:46,233 [MainThread  ][INFO ]  Fidelity: 0.9991282955554683
2019-09-19 21:59:46,233 [MainThread  ][INFO ]  ---- Iteration 65/100
2019-09-19 21:59:46,234 [MainThread  ][DEBUG]  Setting hyperparameter tf=1.3282828282828283
2019-09-19 21:59:46,234 [MainThread  ][INFO ]  Starting optimization for tf=1.3282828282828283
2019-09-19 21:59:46,234 [MainThread  ][DEBUG]  Optimization method: Powell
2019-09-19 21:59:46,234 [MainThread  ][DEBUG]  Optimization options: None
2019-09-19 21:59:46,234 [MainThread  ][INFO ]  Initial parameter values: [0.24434217472022102, 0.09875730879971845, -0.9411215930718677, 0.44276094276094274, 0.8855218855218855]
2019-09-19 22:00:07,307 [MainThread  ][INFO ]  Final fidelity: 0.999137185132653
2019-09-19 22:00:07,308 [MainThread  ][INFO ]  Final parameters: [ 2.88193738  1.05775732 -0.70118001  0.22788086  0.9920984 ]
2019-09-19 22:00:07,308 [MainThread  ][INFO ]  Fidelity: 0.999137185132653
2019-09-19 22:00:07,308 [MainThread  ][INFO ]  ---- Iteration 66/100
2019-09-19 22:00:07,309 [MainThread  ][DEBUG]  Setting hyperparameter tf=1.3474747474747475
2019-09-19 22:00:07,309 [MainThread  ][INFO ]  Starting optimization for tf=1.3474747474747475
2019-09-19 22:00:07,309 [MainThread  ][DEBUG]  Optimization method: Powell
2019-09-19 22:00:07,309 [MainThread  ][DEBUG]  Optimization options: None
2019-09-19 22:00:07,309 [MainThread  ][INFO ]  Initial parameter values: [-0.542565253765769, 0.1934634860879001, -0.8740098606674724, 0.44915824915824915, 0.8983164983164983]
2019-09-19 22:00:27,028 [MainThread  ][INFO ]  Final fidelity: 0.9991387829166934
2019-09-19 22:00:27,029 [MainThread  ][INFO ]  Final parameters: [ 2.66228661  1.10131055 -0.65799262  0.23333175  0.99545766]
2019-09-19 22:00:27,029 [MainThread  ][INFO ]  Fidelity: 0.9991387829166934
2019-09-19 22:00:27,029 [MainThread  ][INFO ]  ---- Iteration 67/100
2019-09-19 22:00:27,029 [MainThread  ][DEBUG]  Setting hyperparameter tf=1.3666666666666667
2019-09-19 22:00:27,029 [MainThread  ][INFO ]  Starting optimization for tf=1.3666666666666667
2019-09-19 22:00:27,029 [MainThread  ][DEBUG]  Optimization method: Powell
2019-09-19 22:00:27,030 [MainThread  ][DEBUG]  Optimization options: None
2019-09-19 22:00:27,030 [MainThread  ][INFO ]  Initial parameter values: [-0.6702576177710002, -0.31775542865276063, -0.7851529943186881, 0.45555555555555555, 0.9111111111111111]
2019-09-19 22:01:00,083 [MainThread  ][INFO ]  Final fidelity: 0.999146783595046
2019-09-19 22:01:00,084 [MainThread  ][INFO ]  Final parameters: [ 3.00092861  0.77735238 -0.52568465  0.26711347  1.0713819 ]
2019-09-19 22:01:00,084 [MainThread  ][INFO ]  Fidelity: 0.999146783595046
2019-09-19 22:01:00,084 [MainThread  ][INFO ]  ---- Iteration 68/100
2019-09-19 22:01:00,084 [MainThread  ][DEBUG]  Setting hyperparameter tf=1.385858585858586
2019-09-19 22:01:00,084 [MainThread  ][INFO ]  Starting optimization for tf=1.385858585858586
2019-09-19 22:01:00,084 [MainThread  ][DEBUG]  Optimization method: Powell
2019-09-19 22:01:00,084 [MainThread  ][DEBUG]  Optimization options: None
2019-09-19 22:01:00,085 [MainThread  ][INFO ]  Initial parameter values: [-0.45223270515880176, -0.3762712414050755, -0.8488748354027151, 0.46195286195286195, 0.9239057239057239]
2019-09-19 22:01:34,285 [MainThread  ][INFO ]  Final fidelity: 0.9991575521987075
2019-09-19 22:01:34,286 [MainThread  ][INFO ]  Final parameters: [ 2.89239403  0.91190773 -0.58748952  0.23365108  1.0756551 ]
2019-09-19 22:01:34,286 [MainThread  ][INFO ]  Fidelity: 0.9991575521987075
2019-09-19 22:01:34,286 [MainThread  ][INFO ]  ---- Iteration 69/100
2019-09-19 22:01:34,286 [MainThread  ][DEBUG]  Setting hyperparameter tf=1.405050505050505
2019-09-19 22:01:34,286 [MainThread  ][INFO ]  Starting optimization for tf=1.405050505050505
2019-09-19 22:01:34,286 [MainThread  ][DEBUG]  Optimization method: Powell
2019-09-19 22:01:34,286 [MainThread  ][DEBUG]  Optimization options: None
2019-09-19 22:01:34,287 [MainThread  ][INFO ]  Initial parameter values: [0.4687343979656562, -0.5664017899418392, -0.6131591435928658, 0.46835016835016835, 0.9367003367003367]
2019-09-19 22:01:59,927 [MainThread  ][INFO ]  Final fidelity: 0.9991454646262139
2019-09-19 22:01:59,928 [MainThread  ][INFO ]  Final parameters: [ 3.1630497   0.51086823 -0.33507017  0.30102992  1.18660279]
2019-09-19 22:01:59,928 [MainThread  ][INFO ]  Fidelity: 0.9991454646262139
2019-09-19 22:01:59,928 [MainThread  ][INFO ]  ---- Iteration 70/100
2019-09-19 22:01:59,928 [MainThread  ][DEBUG]  Setting hyperparameter tf=1.4242424242424243
2019-09-19 22:01:59,929 [MainThread  ][INFO ]  Starting optimization for tf=1.4242424242424243
2019-09-19 22:01:59,929 [MainThread  ][DEBUG]  Optimization method: Powell
2019-09-19 22:01:59,929 [MainThread  ][DEBUG]  Optimization options: None
2019-09-19 22:01:59,929 [MainThread  ][INFO ]  Initial parameter values: [0.68488161170064, -0.4312007391319326, -0.49963090529671095, 0.47474747474747475, 0.9494949494949495]
2019-09-19 22:02:27,795 [MainThread  ][INFO ]  Final fidelity: 0.9991480352191552
2019-09-19 22:02:27,796 [MainThread  ][INFO ]  Final parameters: [ 3.01682989  0.49293547 -0.24961145  0.31975996  1.20042907]
2019-09-19 22:02:27,796 [MainThread  ][INFO ]  Fidelity: 0.9991480352191552
2019-09-19 22:02:27,796 [MainThread  ][INFO ]  ---- Iteration 71/100
2019-09-19 22:02:27,796 [MainThread  ][DEBUG]  Setting hyperparameter tf=1.4434343434343435
2019-09-19 22:02:27,796 [MainThread  ][INFO ]  Starting optimization for tf=1.4434343434343435
2019-09-19 22:02:27,797 [MainThread  ][DEBUG]  Optimization method: Powell
2019-09-19 22:02:27,797 [MainThread  ][DEBUG]  Optimization options: None
2019-09-19 22:02:27,797 [MainThread  ][INFO ]  Initial parameter values: [0.809852687027653, -0.46516638425126366, 0.7031711333422561, 0.48114478114478115, 0.9622895622895623]
2019-09-19 22:02:59,988 [MainThread  ][INFO ]  Final fidelity: 0.999051638211937
2019-09-19 22:02:59,989 [MainThread  ][INFO ]  Final parameters: [ 2.95230962 -0.55508755  0.62006581  0.50936249  1.01798735]
2019-09-19 22:02:59,989 [MainThread  ][INFO ]  Fidelity: 0.999051638211937
2019-09-19 22:02:59,989 [MainThread  ][INFO ]  ---- Iteration 72/100
2019-09-19 22:02:59,989 [MainThread  ][DEBUG]  Setting hyperparameter tf=1.4626262626262627
2019-09-19 22:02:59,990 [MainThread  ][INFO ]  Starting optimization for tf=1.4626262626262627
2019-09-19 22:02:59,990 [MainThread  ][DEBUG]  Optimization method: Powell
2019-09-19 22:02:59,990 [MainThread  ][DEBUG]  Optimization options: None
2019-09-19 22:02:59,990 [MainThread  ][INFO ]  Initial parameter values: [0.421592767583298, -0.7432814288647571, 0.17510114479814587, 0.48754208754208755, 0.9750841750841751]
2019-09-19 22:03:19,357 [MainThread  ][INFO ]  Final fidelity: 0.9991029144682991
2019-09-19 22:03:19,358 [MainThread  ][INFO ]  Final parameters: [ 3.12461282 -0.14063363  0.34826815  0.40929484  0.80738709]
2019-09-19 22:03:19,358 [MainThread  ][INFO ]  Fidelity: 0.9991029144682991
2019-09-19 22:03:19,358 [MainThread  ][INFO ]  ---- Iteration 73/100
2019-09-19 22:03:19,359 [MainThread  ][DEBUG]  Setting hyperparameter tf=1.481818181818182
2019-09-19 22:03:19,359 [MainThread  ][INFO ]  Starting optimization for tf=1.481818181818182
2019-09-19 22:03:19,359 [MainThread  ][DEBUG]  Optimization method: Powell
2019-09-19 22:03:19,359 [MainThread  ][DEBUG]  Optimization options: None
2019-09-19 22:03:19,359 [MainThread  ][INFO ]  Initial parameter values: [0.5554922042694348, 0.15818547590161525, 0.2644946702366704, 0.49393939393939396, 0.9878787878787879]
2019-09-19 22:03:34,821 [MainThread  ][INFO ]  Final fidelity: 0.9991184099220647
2019-09-19 22:03:34,822 [MainThread  ][INFO ]  Final parameters: [2.42559608 0.14361036 0.26051819 0.49614971 1.00598677]
2019-09-19 22:03:34,822 [MainThread  ][INFO ]  Fidelity: 0.9991184099220647
2019-09-19 22:03:34,822 [MainThread  ][INFO ]  ---- Iteration 74/100
2019-09-19 22:03:34,822 [MainThread  ][DEBUG]  Setting hyperparameter tf=1.501010101010101
2019-09-19 22:03:34,822 [MainThread  ][INFO ]  Starting optimization for tf=1.501010101010101
2019-09-19 22:03:34,822 [MainThread  ][DEBUG]  Optimization method: Powell
2019-09-19 22:03:34,822 [MainThread  ][DEBUG]  Optimization options: None
2019-09-19 22:03:34,823 [MainThread  ][INFO ]  Initial parameter values: [0.676528696360656, 0.8123563373161489, 0.72948326831934, 0.5003367003367003, 1.0006734006734006]
2019-09-19 22:04:01,363 [MainThread  ][INFO ]  Final fidelity: 0.9991448278936307
2019-09-19 22:04:01,364 [MainThread  ][INFO ]  Final parameters: [ 1.56818838  0.10417808 -6.99906148  0.81552043  1.49211613]
2019-09-19 22:04:01,364 [MainThread  ][INFO ]  Fidelity: 0.9991448278936307
2019-09-19 22:04:01,364 [MainThread  ][INFO ]  ---- Iteration 75/100
2019-09-19 22:04:01,364 [MainThread  ][DEBUG]  Setting hyperparameter tf=1.52020202020202
2019-09-19 22:04:01,364 [MainThread  ][INFO ]  Starting optimization for tf=1.52020202020202
2019-09-19 22:04:01,364 [MainThread  ][DEBUG]  Optimization method: Powell
2019-09-19 22:04:01,364 [MainThread  ][DEBUG]  Optimization options: None
2019-09-19 22:04:01,364 [MainThread  ][INFO ]  Initial parameter values: [-0.7616408005040476, -0.9808445408681645, 0.4964762998856844, 0.5067340067340067, 1.0134680134680134]
2019-09-19 22:04:16,930 [MainThread  ][INFO ]  Final fidelity: 0.9990594711737464
2019-09-19 22:04:16,931 [MainThread  ][INFO ]  Final parameters: [ 3.27271578 -0.54965733  0.64365152  0.4518397   0.95004688]
2019-09-19 22:04:16,931 [MainThread  ][INFO ]  Fidelity: 0.9990594711737464
2019-09-19 22:04:16,931 [MainThread  ][INFO ]  ---- Iteration 76/100
2019-09-19 22:04:16,931 [MainThread  ][DEBUG]  Setting hyperparameter tf=1.5393939393939393
2019-09-19 22:04:16,931 [MainThread  ][INFO ]  Starting optimization for tf=1.5393939393939393
2019-09-19 22:04:16,931 [MainThread  ][DEBUG]  Optimization method: Powell
2019-09-19 22:04:16,931 [MainThread  ][DEBUG]  Optimization options: None
2019-09-19 22:04:16,931 [MainThread  ][INFO ]  Initial parameter values: [0.3347501343521, 0.25539362426317735, -0.34551996213060576, 0.5131313131313131, 1.0262626262626262]
2019-09-19 22:04:33,749 [MainThread  ][INFO ]  Final fidelity: 0.9991863128983504
2019-09-19 22:04:33,750 [MainThread  ][INFO ]  Final parameters: [ 2.15224102  0.93046612 -0.19586684  0.28162756  1.14294463]
2019-09-19 22:04:33,750 [MainThread  ][INFO ]  Fidelity: 0.9991863128983504
2019-09-19 22:04:33,750 [MainThread  ][INFO ]  ---- Iteration 77/100
2019-09-19 22:04:33,750 [MainThread  ][DEBUG]  Setting hyperparameter tf=1.5585858585858585
2019-09-19 22:04:33,750 [MainThread  ][INFO ]  Starting optimization for tf=1.5585858585858585
2019-09-19 22:04:33,750 [MainThread  ][DEBUG]  Optimization method: Powell
2019-09-19 22:04:33,750 [MainThread  ][DEBUG]  Optimization options: None
2019-09-19 22:04:33,750 [MainThread  ][INFO ]  Initial parameter values: [0.38229267528556976, 0.5083678707759645, 0.10524097973699398, 0.5195286195286195, 1.039057239057239]
2019-09-19 22:04:46,812 [MainThread  ][INFO ]  Final fidelity: 0.9991634022824245
2019-09-19 22:04:46,813 [MainThread  ][INFO ]  Final parameters: [1.99823952 0.59063679 0.13411158 0.48652869 1.07685378]
2019-09-19 22:04:46,813 [MainThread  ][INFO ]  Fidelity: 0.9991634022824245
2019-09-19 22:04:46,813 [MainThread  ][INFO ]  ---- Iteration 78/100
2019-09-19 22:04:46,813 [MainThread  ][DEBUG]  Setting hyperparameter tf=1.5777777777777777
2019-09-19 22:04:46,814 [MainThread  ][INFO ]  Starting optimization for tf=1.5777777777777777
2019-09-19 22:04:46,814 [MainThread  ][DEBUG]  Optimization method: Powell
2019-09-19 22:04:46,814 [MainThread  ][DEBUG]  Optimization options: None
2019-09-19 22:04:46,814 [MainThread  ][INFO ]  Initial parameter values: [0.9979279165084216, -0.74843489798022, -0.2672901062962372, 0.5259259259259259, 1.0518518518518518]
2019-09-19 22:05:16,028 [MainThread  ][INFO ]  Final fidelity: 0.9991891582233176
2019-09-19 22:05:16,029 [MainThread  ][INFO ]  Final parameters: [ 2.68877113  0.52094462 -0.03947262  0.33005285  1.39545252]
2019-09-19 22:05:16,029 [MainThread  ][INFO ]  Fidelity: 0.9991891582233176
2019-09-19 22:05:16,029 [MainThread  ][INFO ]  ---- Iteration 79/100
2019-09-19 22:05:16,029 [MainThread  ][DEBUG]  Setting hyperparameter tf=1.596969696969697
2019-09-19 22:05:16,029 [MainThread  ][INFO ]  Starting optimization for tf=1.596969696969697
2019-09-19 22:05:16,029 [MainThread  ][DEBUG]  Optimization method: Powell
2019-09-19 22:05:16,029 [MainThread  ][DEBUG]  Optimization options: None
2019-09-19 22:05:16,029 [MainThread  ][INFO ]  Initial parameter values: [0.969964870062805, 0.9732869514241498, -0.26311052723691275, 0.5323232323232323, 1.0646464646464646]
2019-09-19 22:05:41,404 [MainThread  ][INFO ]  Final fidelity: 0.9991704835638486
2019-09-19 22:05:41,405 [MainThread  ][INFO ]  Final parameters: [ 1.59005598  1.26131006 -0.19450461  0.04874894  1.09848767]
2019-09-19 22:05:41,405 [MainThread  ][INFO ]  Fidelity: 0.9991704835638486
2019-09-19 22:05:41,405 [MainThread  ][INFO ]  ---- Iteration 80/100
2019-09-19 22:05:41,405 [MainThread  ][DEBUG]  Setting hyperparameter tf=1.6161616161616161
2019-09-19 22:05:41,405 [MainThread  ][INFO ]  Starting optimization for tf=1.6161616161616161
2019-09-19 22:05:41,405 [MainThread  ][DEBUG]  Optimization method: Powell
2019-09-19 22:05:41,405 [MainThread  ][DEBUG]  Optimization options: None
2019-09-19 22:05:41,405 [MainThread  ][INFO ]  Initial parameter values: [-0.07195790388635359, -0.142872296465971, 0.5131027690114895, 0.5387205387205387, 1.0774410774410774]
2019-09-19 22:06:04,870 [MainThread  ][INFO ]  Final fidelity: 0.9991274931976958
2019-09-19 22:06:04,871 [MainThread  ][INFO ]  Final parameters: [ 2.41697458 -0.05847257  0.54146156  0.5213983   1.05363516]
2019-09-19 22:06:04,871 [MainThread  ][INFO ]  Fidelity: 0.9991274931976958
2019-09-19 22:06:04,871 [MainThread  ][INFO ]  ---- Iteration 81/100
2019-09-19 22:06:04,871 [MainThread  ][DEBUG]  Setting hyperparameter tf=1.6353535353535353
2019-09-19 22:06:04,872 [MainThread  ][INFO ]  Starting optimization for tf=1.6353535353535353
2019-09-19 22:06:04,872 [MainThread  ][DEBUG]  Optimization method: Powell
2019-09-19 22:06:04,872 [MainThread  ][DEBUG]  Optimization options: None
2019-09-19 22:06:04,872 [MainThread  ][INFO ]  Initial parameter values: [-0.3994167439899152, 0.07271318261862336, 0.1818924161286637, 0.5451178451178451, 1.0902356902356902]
2019-09-19 22:06:24,566 [MainThread  ][INFO ]  Final fidelity: 0.9991630734009972
2019-09-19 22:06:24,567 [MainThread  ][INFO ]  Final parameters: [2.2836113  0.36539769 2.0796018  0.46076783 1.62542961]
2019-09-19 22:06:24,567 [MainThread  ][INFO ]  Fidelity: 0.9991630734009972
2019-09-19 22:06:24,567 [MainThread  ][INFO ]  ---- Iteration 82/100
2019-09-19 22:06:24,567 [MainThread  ][DEBUG]  Setting hyperparameter tf=1.6545454545454545
2019-09-19 22:06:24,567 [MainThread  ][INFO ]  Starting optimization for tf=1.6545454545454545
2019-09-19 22:06:24,567 [MainThread  ][DEBUG]  Optimization method: Powell
2019-09-19 22:06:24,567 [MainThread  ][DEBUG]  Optimization options: None
2019-09-19 22:06:24,567 [MainThread  ][INFO ]  Initial parameter values: [0.22457190274711913, 0.114709204768634, 0.13489866427602126, 0.5515151515151515, 1.103030303030303]
2019-09-19 22:06:46,546 [MainThread  ][INFO ]  Final fidelity: 0.9991916275935525
2019-09-19 22:06:46,547 [MainThread  ][INFO ]  Final parameters: [2.15006468 0.46484222 0.24111685 0.44695058 1.45137572]
2019-09-19 22:06:46,547 [MainThread  ][INFO ]  Fidelity: 0.9991916275935525
2019-09-19 22:06:46,547 [MainThread  ][INFO ]  ---- Iteration 83/100
2019-09-19 22:06:46,547 [MainThread  ][DEBUG]  Setting hyperparameter tf=1.6737373737373737
2019-09-19 22:06:46,547 [MainThread  ][INFO ]  Starting optimization for tf=1.6737373737373737
2019-09-19 22:06:46,548 [MainThread  ][DEBUG]  Optimization method: Powell
2019-09-19 22:06:46,548 [MainThread  ][DEBUG]  Optimization options: None
2019-09-19 22:06:46,548 [MainThread  ][INFO ]  Initial parameter values: [-0.28955271147656125, 0.6772495360539263, 0.6390500266688486, 0.5579124579124579, 1.1158249158249158]
2019-09-19 22:07:02,702 [MainThread  ][INFO ]  Final fidelity: 0.9991767590209345
2019-09-19 22:07:02,702 [MainThread  ][INFO ]  Final parameters: [ 1.5398044   0.3198838  -1.54710764  0.74377278  1.66449529]
2019-09-19 22:07:02,703 [MainThread  ][INFO ]  Fidelity: 0.9991767590209345
2019-09-19 22:07:02,703 [MainThread  ][INFO ]  ---- Iteration 84/100
2019-09-19 22:07:02,703 [MainThread  ][DEBUG]  Setting hyperparameter tf=1.692929292929293
2019-09-19 22:07:02,703 [MainThread  ][INFO ]  Starting optimization for tf=1.692929292929293
2019-09-19 22:07:02,703 [MainThread  ][DEBUG]  Optimization method: Powell
2019-09-19 22:07:02,703 [MainThread  ][DEBUG]  Optimization options: None
2019-09-19 22:07:02,703 [MainThread  ][INFO ]  Initial parameter values: [-0.25494239901867144, 0.3892648970451116, 0.8049088620750975, 0.5643097643097643, 1.1286195286195286]
2019-09-19 22:07:31,487 [MainThread  ][INFO ]  Final fidelity: 0.999144383744481
2019-09-19 22:07:31,487 [MainThread  ][INFO ]  Final parameters: [ 1.78180519 -0.02108294  0.60287072  0.71788491  1.2738339 ]
2019-09-19 22:07:31,488 [MainThread  ][INFO ]  Fidelity: 0.999144383744481
2019-09-19 22:07:31,488 [MainThread  ][INFO ]  ---- Iteration 85/100
2019-09-19 22:07:31,488 [MainThread  ][DEBUG]  Setting hyperparameter tf=1.7121212121212122
2019-09-19 22:07:31,488 [MainThread  ][INFO ]  Starting optimization for tf=1.7121212121212122
2019-09-19 22:07:31,488 [MainThread  ][DEBUG]  Optimization method: Powell
2019-09-19 22:07:31,488 [MainThread  ][DEBUG]  Optimization options: None
2019-09-19 22:07:31,488 [MainThread  ][INFO ]  Initial parameter values: [0.6441023254964573, 0.019218907317494205, 0.20908280968597381, 0.5707070707070707, 1.1414141414141414]
2019-09-19 22:07:56,855 [MainThread  ][INFO ]  Final fidelity: 0.9991823087701954
2019-09-19 22:07:56,856 [MainThread  ][INFO ]  Final parameters: [2.2019006  0.42443065 6.92569864 0.45169966 1.70925597]
2019-09-19 22:07:56,856 [MainThread  ][INFO ]  Fidelity: 0.9991823087701954
2019-09-19 22:07:56,856 [MainThread  ][INFO ]  ---- Iteration 86/100
2019-09-19 22:07:56,856 [MainThread  ][DEBUG]  Setting hyperparameter tf=1.7313131313131314
2019-09-19 22:07:56,856 [MainThread  ][INFO ]  Starting optimization for tf=1.7313131313131314
2019-09-19 22:07:56,856 [MainThread  ][DEBUG]  Optimization method: Powell
2019-09-19 22:07:56,856 [MainThread  ][DEBUG]  Optimization options: None
2019-09-19 22:07:56,856 [MainThread  ][INFO ]  Initial parameter values: [-0.9863877949153279, 0.6102924927579187, 0.21017756561462453, 0.5771043771043771, 1.1542087542087542]
2019-09-19 22:08:17,338 [MainThread  ][INFO ]  Final fidelity: 0.9992118915976673
2019-09-19 22:08:17,339 [MainThread  ][INFO ]  Final parameters: [1.61728378 0.73304355 0.24806061 0.50266358 1.20217706]
2019-09-19 22:08:17,339 [MainThread  ][INFO ]  Fidelity: 0.9992118915976673
2019-09-19 22:08:17,339 [MainThread  ][INFO ]  ---- Iteration 87/100
2019-09-19 22:08:17,339 [MainThread  ][DEBUG]  Setting hyperparameter tf=1.7505050505050506
2019-09-19 22:08:17,339 [MainThread  ][INFO ]  Starting optimization for tf=1.7505050505050506
2019-09-19 22:08:17,339 [MainThread  ][DEBUG]  Optimization method: Powell
2019-09-19 22:08:17,339 [MainThread  ][DEBUG]  Optimization options: None
2019-09-19 22:08:17,339 [MainThread  ][INFO ]  Initial parameter values: [0.658316917015835, 0.3497641417998065, -0.07506559466270346, 0.5835016835016835, 1.167003367003367]
2019-09-19 22:08:35,575 [MainThread  ][INFO ]  Final fidelity: 0.9992299261119605
2019-09-19 22:08:35,576 [MainThread  ][INFO ]  Final parameters: [1.78993458 0.98761172 0.05069827 0.1749533  1.26867817]
2019-09-19 22:08:35,576 [MainThread  ][INFO ]  Fidelity: 0.9992299261119605
2019-09-19 22:08:35,577 [MainThread  ][INFO ]  ---- Iteration 88/100
2019-09-19 22:08:35,577 [MainThread  ][DEBUG]  Setting hyperparameter tf=1.7696969696969698
2019-09-19 22:08:35,577 [MainThread  ][INFO ]  Starting optimization for tf=1.7696969696969698
2019-09-19 22:08:35,577 [MainThread  ][DEBUG]  Optimization method: Powell
2019-09-19 22:08:35,577 [MainThread  ][DEBUG]  Optimization options: None
2019-09-19 22:08:35,577 [MainThread  ][INFO ]  Initial parameter values: [0.9549574537982011, -0.5622973023253877, 0.22938699421507924, 0.5898989898989899, 1.1797979797979798]
2019-09-19 22:09:01,721 [MainThread  ][INFO ]  Final fidelity: 0.999227265813226
2019-09-19 22:09:01,722 [MainThread  ][INFO ]  Final parameters: [2.17141124 0.64883861 0.43051574 0.35679509 1.1180404 ]
2019-09-19 22:09:01,722 [MainThread  ][INFO ]  Fidelity: 0.999227265813226
2019-09-19 22:09:01,723 [MainThread  ][INFO ]  ---- Iteration 89/100
2019-09-19 22:09:01,723 [MainThread  ][DEBUG]  Setting hyperparameter tf=1.7888888888888888
2019-09-19 22:09:01,723 [MainThread  ][INFO ]  Starting optimization for tf=1.7888888888888888
2019-09-19 22:09:01,723 [MainThread  ][DEBUG]  Optimization method: Powell
2019-09-19 22:09:01,723 [MainThread  ][DEBUG]  Optimization options: None
2019-09-19 22:09:01,723 [MainThread  ][INFO ]  Initial parameter values: [0.0955463250563302, -0.972940194658827, 0.7807983263856331, 0.5962962962962962, 1.1925925925925924]
2019-09-19 22:09:25,088 [MainThread  ][INFO ]  Final fidelity: 0.9990527425267617
2019-09-19 22:09:25,089 [MainThread  ][INFO ]  Final parameters: [ 2.90449027 -0.49860062  0.94011794  0.52008395  1.12416056]
2019-09-19 22:09:25,089 [MainThread  ][INFO ]  Fidelity: 0.9990527425267617
2019-09-19 22:09:25,089 [MainThread  ][INFO ]  ---- Iteration 90/100
2019-09-19 22:09:25,089 [MainThread  ][DEBUG]  Setting hyperparameter tf=1.808080808080808
2019-09-19 22:09:25,089 [MainThread  ][INFO ]  Starting optimization for tf=1.808080808080808
2019-09-19 22:09:25,089 [MainThread  ][DEBUG]  Optimization method: Powell
2019-09-19 22:09:25,090 [MainThread  ][DEBUG]  Optimization options: None
2019-09-19 22:09:25,090 [MainThread  ][INFO ]  Initial parameter values: [-0.9620225623335905, 0.26292819342615115, 0.642470907460903, 0.6026936026936026, 1.2053872053872052]
2019-09-19 22:09:39,106 [MainThread  ][INFO ]  Final fidelity: 0.9991826481272565
2019-09-19 22:09:39,107 [MainThread  ][INFO ]  Final parameters: [1.82551383 0.18513752 0.61347502 0.62931803 1.23753071]
2019-09-19 22:09:39,107 [MainThread  ][INFO ]  Fidelity: 0.9991826481272565
2019-09-19 22:09:39,107 [MainThread  ][INFO ]  ---- Iteration 91/100
2019-09-19 22:09:39,107 [MainThread  ][DEBUG]  Setting hyperparameter tf=1.8272727272727272
2019-09-19 22:09:39,107 [MainThread  ][INFO ]  Starting optimization for tf=1.8272727272727272
2019-09-19 22:09:39,107 [MainThread  ][DEBUG]  Optimization method: Powell
2019-09-19 22:09:39,107 [MainThread  ][DEBUG]  Optimization options: None
2019-09-19 22:09:39,108 [MainThread  ][INFO ]  Initial parameter values: [0.35696758861279143, 0.048093012532653745, 0.39444252693119175, 0.609090909090909, 1.218181818181818]
2019-09-19 22:10:06,100 [MainThread  ][INFO ]  Final fidelity: 0.9992230691731533
2019-09-19 22:10:06,100 [MainThread  ][INFO ]  Final parameters: [1.90277785 6.02087791 0.50734209 0.48046187 0.48047917]
2019-09-19 22:10:06,100 [MainThread  ][INFO ]  Fidelity: 0.9992230691731533
2019-09-19 22:10:06,100 [MainThread  ][INFO ]  ---- Iteration 92/100
2019-09-19 22:10:06,100 [MainThread  ][DEBUG]  Setting hyperparameter tf=1.8464646464646464
2019-09-19 22:10:06,100 [MainThread  ][INFO ]  Starting optimization for tf=1.8464646464646464
2019-09-19 22:10:06,100 [MainThread  ][DEBUG]  Optimization method: Powell
2019-09-19 22:10:06,101 [MainThread  ][DEBUG]  Optimization options: None
2019-09-19 22:10:06,101 [MainThread  ][INFO ]  Initial parameter values: [0.1903465572708316, -0.5187693018018, -0.8249726807069728, 0.6154882154882154, 1.2309764309764308]
2019-09-19 22:10:54,656 [MainThread  ][INFO ]  Final fidelity: 0.9984763091213481
2019-09-19 22:10:54,657 [MainThread  ][INFO ]  Final parameters: [-6.99994025 -0.11365599 -1.18770077  0.26002809  1.58750367]
2019-09-19 22:10:54,657 [MainThread  ][INFO ]  Fidelity: 0.9984763091213481
2019-09-19 22:10:54,657 [MainThread  ][INFO ]  ---- Iteration 93/100
2019-09-19 22:10:54,657 [MainThread  ][DEBUG]  Setting hyperparameter tf=1.8656565656565656
2019-09-19 22:10:54,657 [MainThread  ][INFO ]  Starting optimization for tf=1.8656565656565656
2019-09-19 22:10:54,657 [MainThread  ][DEBUG]  Optimization method: Powell
2019-09-19 22:10:54,657 [MainThread  ][DEBUG]  Optimization options: None
2019-09-19 22:10:54,657 [MainThread  ][INFO ]  Initial parameter values: [0.42304908747252057, 0.17684105729859123, 0.9116892018904394, 0.6218855218855218, 1.2437710437710436]
2019-09-19 22:11:16,995 [MainThread  ][INFO ]  Final fidelity: 0.9991505082868392
2019-09-19 22:11:16,996 [MainThread  ][INFO ]  Final parameters: [ 1.81034639 -0.03061053  0.80371204  0.70606803  1.32221389]
2019-09-19 22:11:16,996 [MainThread  ][INFO ]  Fidelity: 0.9991505082868392
2019-09-19 22:11:16,997 [MainThread  ][INFO ]  ---- Iteration 94/100
2019-09-19 22:11:16,997 [MainThread  ][DEBUG]  Setting hyperparameter tf=1.8848484848484848
2019-09-19 22:11:16,997 [MainThread  ][INFO ]  Starting optimization for tf=1.8848484848484848
2019-09-19 22:11:16,997 [MainThread  ][DEBUG]  Optimization method: Powell
2019-09-19 22:11:16,997 [MainThread  ][DEBUG]  Optimization options: None
2019-09-19 22:11:16,997 [MainThread  ][INFO ]  Initial parameter values: [-0.44523745615301147, 0.3157447549896635, -0.23573691407775255, 0.6282828282828282, 1.2565656565656564]
2019-09-19 22:12:07,324 [MainThread  ][INFO ]  Final fidelity: 0.9991584341589334
2019-09-19 22:12:07,325 [MainThread  ][INFO ]  Final parameters: [-4.05548108  6.18520354 -0.55529863  0.52717872  0.84435334]
2019-09-19 22:12:07,325 [MainThread  ][INFO ]  Fidelity: 0.9991584341589334
2019-09-19 22:12:07,325 [MainThread  ][INFO ]  ---- Iteration 95/100
2019-09-19 22:12:07,325 [MainThread  ][DEBUG]  Setting hyperparameter tf=1.904040404040404
2019-09-19 22:12:07,325 [MainThread  ][INFO ]  Starting optimization for tf=1.904040404040404
2019-09-19 22:12:07,325 [MainThread  ][DEBUG]  Optimization method: Powell
2019-09-19 22:12:07,325 [MainThread  ][DEBUG]  Optimization options: None
2019-09-19 22:12:07,325 [MainThread  ][INFO ]  Initial parameter values: [0.4476626822892611, -0.06608674391628244, 0.6463521083602972, 0.6346801346801346, 1.2693602693602692]
2019-09-19 22:12:22,975 [MainThread  ][INFO ]  Final fidelity: 0.9992008852093995
2019-09-19 22:12:22,976 [MainThread  ][INFO ]  Final parameters: [1.98587592 0.13710243 0.71021185 0.57660913 1.20657987]
2019-09-19 22:12:22,976 [MainThread  ][INFO ]  Fidelity: 0.9992008852093995
2019-09-19 22:12:22,976 [MainThread  ][INFO ]  ---- Iteration 96/100
2019-09-19 22:12:22,976 [MainThread  ][DEBUG]  Setting hyperparameter tf=1.9232323232323232
2019-09-19 22:12:22,976 [MainThread  ][INFO ]  Starting optimization for tf=1.9232323232323232
2019-09-19 22:12:22,976 [MainThread  ][DEBUG]  Optimization method: Powell
2019-09-19 22:12:22,976 [MainThread  ][DEBUG]  Optimization options: None
2019-09-19 22:12:22,977 [MainThread  ][INFO ]  Initial parameter values: [0.6540258494803763, 0.4132502268629408, -0.7184571091722478, 0.641077441077441, 1.282154882154882]
2019-09-19 22:13:37,268 [MainThread  ][INFO ]  Final fidelity: 0.9991826961219085
2019-09-19 22:13:37,269 [MainThread  ][INFO ]  Final parameters: [-6.99999441  0.56386639 -1.14360723  0.20015884  1.5672249 ]
2019-09-19 22:13:37,269 [MainThread  ][INFO ]  Fidelity: 0.9991826961219085
2019-09-19 22:13:37,269 [MainThread  ][INFO ]  ---- Iteration 97/100
2019-09-19 22:13:37,269 [MainThread  ][DEBUG]  Setting hyperparameter tf=1.9424242424242424
2019-09-19 22:13:37,269 [MainThread  ][INFO ]  Starting optimization for tf=1.9424242424242424
2019-09-19 22:13:37,269 [MainThread  ][DEBUG]  Optimization method: Powell
2019-09-19 22:13:37,269 [MainThread  ][DEBUG]  Optimization options: None
2019-09-19 22:13:37,269 [MainThread  ][INFO ]  Initial parameter values: [0.30254348408948784, 0.6923111686714913, 0.6850636785955022, 0.6474747474747474, 1.2949494949494949]
2019-09-19 22:13:51,993 [MainThread  ][INFO ]  Final fidelity: 0.9992346213604469
2019-09-19 22:13:51,994 [MainThread  ][INFO ]  Final parameters: [1.30170039 0.44187373 0.57902031 0.8225107  1.6674989 ]
2019-09-19 22:13:51,994 [MainThread  ][INFO ]  Fidelity: 0.9992346213604469
2019-09-19 22:13:51,994 [MainThread  ][INFO ]  ---- Iteration 98/100
2019-09-19 22:13:51,994 [MainThread  ][DEBUG]  Setting hyperparameter tf=1.9616161616161616
2019-09-19 22:13:51,994 [MainThread  ][INFO ]  Starting optimization for tf=1.9616161616161616
2019-09-19 22:13:51,994 [MainThread  ][DEBUG]  Optimization method: Powell
2019-09-19 22:13:51,994 [MainThread  ][DEBUG]  Optimization options: None
2019-09-19 22:13:51,994 [MainThread  ][INFO ]  Initial parameter values: [0.4071807903502469, 0.41332504554663263, 0.42450632004491795, 0.6538720538720538, 1.3077441077441077]
2019-09-19 22:14:15,063 [MainThread  ][INFO ]  Final fidelity: 0.9992797632268995
2019-09-19 22:14:15,063 [MainThread  ][INFO ]  Final parameters: [1.50097927 0.61226193 0.47596088 0.54066968 1.58508491]
2019-09-19 22:14:15,063 [MainThread  ][INFO ]  Fidelity: 0.9992797632268995
2019-09-19 22:14:15,063 [MainThread  ][INFO ]  ---- Iteration 99/100
2019-09-19 22:14:15,064 [MainThread  ][DEBUG]  Setting hyperparameter tf=1.9808080808080808
2019-09-19 22:14:15,064 [MainThread  ][INFO ]  Starting optimization for tf=1.9808080808080808
2019-09-19 22:14:15,064 [MainThread  ][DEBUG]  Optimization method: Powell
2019-09-19 22:14:15,064 [MainThread  ][DEBUG]  Optimization options: None
2019-09-19 22:14:15,064 [MainThread  ][INFO ]  Initial parameter values: [0.05247824507815735, 0.25841727105593115, -0.834825108322377, 0.6602693602693602, 1.3205387205387205]
2019-09-19 22:15:01,738 [MainThread  ][INFO ]  Final fidelity: 0.9991298351827428
2019-09-19 22:15:01,739 [MainThread  ][INFO ]  Final parameters: [-3.12045129  1.27624576 -0.91494363  0.48247866  1.41380247]
2019-09-19 22:15:01,739 [MainThread  ][INFO ]  Fidelity: 0.9991298351827428
2019-09-19 22:15:01,739 [MainThread  ][INFO ]  ---- Iteration 100/100
2019-09-19 22:15:01,739 [MainThread  ][DEBUG]  Setting hyperparameter tf=2.0
2019-09-19 22:15:01,739 [MainThread  ][INFO ]  Starting optimization for tf=2.0
2019-09-19 22:15:01,739 [MainThread  ][DEBUG]  Optimization method: Powell
2019-09-19 22:15:01,739 [MainThread  ][DEBUG]  Optimization options: None
2019-09-19 22:15:01,740 [MainThread  ][INFO ]  Initial parameter values: [0.43492622768658484, 0.8157132734137178, 0.47791079435096395, 0.6666666666666666, 1.3333333333333333]
2019-09-19 22:15:15,587 [MainThread  ][INFO ]  Final fidelity: 0.9992669678302838
2019-09-19 22:15:15,587 [MainThread  ][INFO ]  Final parameters: [1.15403759 0.73396868 0.45316954 0.76554672 1.29748955]
2019-09-19 22:15:15,587 [MainThread  ][INFO ]  Fidelity: 0.9992669678302838
