2019-03-06 17:30:50,894 [MainThread  ][INFO ]  Output file name will be "rabi_triplebang_neldermead_bound10.csv"
2019-03-06 17:30:51,271 [MainThread  ][INFO ]  Using custom protocol ansatz.
2019-03-06 17:30:51,271 [MainThread  ][INFO ]  Using parameters constraints: [[-10, 10], [-10, 10], [-10, 10], [None, None], [None, None]]
2019-03-06 17:30:51,271 [MainThread  ][INFO ]  Using total height constraint: None
2019-03-06 17:30:51,271 [MainThread  ][INFO ]  ---- Starting iteration 1/100
2019-03-06 17:30:51,272 [MainThread  ][DEBUG]  Setting hyperparameter tf=0.1
2019-03-06 17:30:51,272 [MainThread  ][INFO ]  Starting optimization for tf=0.1
2019-03-06 17:30:51,274 [MainThread  ][DEBUG]  Optimization method: Nelder-Mead
2019-03-06 17:30:51,274 [MainThread  ][DEBUG]  Optimization options: None
2019-03-06 17:30:51,274 [MainThread  ][INFO ]  Initial parameter values: [4.059962932876854, -1.441477189318081, 0.25953977167808784, 0.03333333333333333, 0.06666666666666667]
2019-03-06 17:31:07,363 [MainThread  ][INFO ]  Final fidelity: 0.7635378134107887
2019-03-06 17:31:07,364 [MainThread  ][INFO ]  Final parameters: [ 4.24523135 -0.95214349  0.02855048  0.04546284  0.09999172]
2019-03-06 17:31:07,364 [MainThread  ][INFO ]  Fidelity: 0.7635378134107887
2019-03-06 17:31:07,364 [MainThread  ][INFO ]  ---- Starting iteration 2/100
2019-03-06 17:31:07,365 [MainThread  ][DEBUG]  Setting hyperparameter tf=0.1191919191919192
2019-03-06 17:31:07,365 [MainThread  ][INFO ]  Starting optimization for tf=0.1191919191919192
2019-03-06 17:31:07,365 [MainThread  ][DEBUG]  Optimization method: Nelder-Mead
2019-03-06 17:31:07,365 [MainThread  ][DEBUG]  Optimization options: None
2019-03-06 17:31:07,365 [MainThread  ][INFO ]  Initial parameter values: [2.573544136731406, 1.8228024902518305, -2.034943226273013, 0.039730639730639734, 0.07946127946127947]
2019-03-06 17:31:36,303 [MainThread  ][INFO ]  Final fidelity: 0.7618372504384681
2019-03-06 17:31:36,304 [MainThread  ][INFO ]  Final parameters: [ 5.95698134  3.02968496 -0.1658361   0.05837075  0.05845329]
2019-03-06 17:31:36,304 [MainThread  ][INFO ]  Fidelity: 0.7618372504384681
2019-03-06 17:31:36,304 [MainThread  ][INFO ]  ---- Starting iteration 3/100
2019-03-06 17:31:36,304 [MainThread  ][DEBUG]  Setting hyperparameter tf=0.1383838383838384
2019-03-06 17:31:36,304 [MainThread  ][INFO ]  Starting optimization for tf=0.1383838383838384
2019-03-06 17:31:36,304 [MainThread  ][DEBUG]  Optimization method: Nelder-Mead
2019-03-06 17:31:36,305 [MainThread  ][DEBUG]  Optimization options: None
2019-03-06 17:31:36,305 [MainThread  ][INFO ]  Initial parameter values: [-3.5510410224352573, 0.9819039395542584, 0.9340429402076307, 0.04612794612794613, 0.09225589225589226]
2019-03-06 17:32:03,098 [MainThread  ][INFO ]  Final fidelity: 0.7654332791428416
2019-03-06 17:32:03,098 [MainThread  ][INFO ]  Final parameters: [-6.55033915  1.62521609 -0.08214462  0.05531632  0.06929132]
2019-03-06 17:32:03,098 [MainThread  ][INFO ]  Fidelity: 0.7654332791428416
2019-03-06 17:32:03,099 [MainThread  ][INFO ]  ---- Starting iteration 4/100
2019-03-06 17:32:03,099 [MainThread  ][DEBUG]  Setting hyperparameter tf=0.1575757575757576
2019-03-06 17:32:03,099 [MainThread  ][INFO ]  Starting optimization for tf=0.1575757575757576
2019-03-06 17:32:03,099 [MainThread  ][DEBUG]  Optimization method: Nelder-Mead
2019-03-06 17:32:03,099 [MainThread  ][DEBUG]  Optimization options: None
2019-03-06 17:32:03,099 [MainThread  ][INFO ]  Initial parameter values: [4.088532855017775, -0.5456535901346138, 3.310195332795592, 0.05252525252525253, 0.10505050505050506]
2019-03-06 17:32:21,048 [MainThread  ][INFO ]  Final fidelity: 0.7661434591647767
2019-03-06 17:32:21,048 [MainThread  ][INFO ]  Final parameters: [ 7.00499523 -0.21678828  2.03672792  0.05672864  0.1191949 ]
2019-03-06 17:32:21,048 [MainThread  ][INFO ]  Fidelity: 0.7661434591647767
2019-03-06 17:32:21,049 [MainThread  ][INFO ]  ---- Starting iteration 5/100
2019-03-06 17:32:21,049 [MainThread  ][DEBUG]  Setting hyperparameter tf=0.17676767676767677
2019-03-06 17:32:21,049 [MainThread  ][INFO ]  Starting optimization for tf=0.17676767676767677
2019-03-06 17:32:21,049 [MainThread  ][DEBUG]  Optimization method: Nelder-Mead
2019-03-06 17:32:21,049 [MainThread  ][DEBUG]  Optimization options: None
2019-03-06 17:32:21,050 [MainThread  ][INFO ]  Initial parameter values: [-4.22583068590715, -1.5403062570795614, 4.781976262368801, 0.058922558922558925, 0.11784511784511785]
2019-03-06 17:32:51,417 [MainThread  ][INFO ]  Final fidelity: 0.7674009391431527
2019-03-06 17:32:51,418 [MainThread  ][INFO ]  Final parameters: [-7.51132196 -0.72485146  0.90505118  0.06277529  0.14927794]
2019-03-06 17:32:51,418 [MainThread  ][INFO ]  Fidelity: 0.7674009391431527
2019-03-06 17:32:51,418 [MainThread  ][INFO ]  ---- Starting iteration 6/100
2019-03-06 17:32:51,418 [MainThread  ][DEBUG]  Setting hyperparameter tf=0.19595959595959594
2019-03-06 17:32:51,418 [MainThread  ][INFO ]  Starting optimization for tf=0.19595959595959594
2019-03-06 17:32:51,419 [MainThread  ][DEBUG]  Optimization method: Nelder-Mead
2019-03-06 17:32:51,419 [MainThread  ][DEBUG]  Optimization options: None
2019-03-06 17:32:51,419 [MainThread  ][INFO ]  Initial parameter values: [2.4649906363593024, -1.4844490758493114, 1.6842771877698013, 0.06531986531986532, 0.13063973063973064]
2019-03-06 17:33:31,917 [MainThread  ][INFO ]  Final fidelity: 0.7689844025307718
2019-03-06 17:33:31,918 [MainThread  ][INFO ]  Final parameters: [ 8.26421727 -3.45752795  0.05120398  0.06607221  0.07781037]
2019-03-06 17:33:31,918 [MainThread  ][INFO ]  Fidelity: 0.7689844025307718
2019-03-06 17:33:31,918 [MainThread  ][INFO ]  ---- Starting iteration 7/100
2019-03-06 17:33:31,918 [MainThread  ][DEBUG]  Setting hyperparameter tf=0.21515151515151515
2019-03-06 17:33:31,918 [MainThread  ][INFO ]  Starting optimization for tf=0.21515151515151515
2019-03-06 17:33:31,919 [MainThread  ][DEBUG]  Optimization method: Nelder-Mead
2019-03-06 17:33:31,919 [MainThread  ][DEBUG]  Optimization options: None
2019-03-06 17:33:31,919 [MainThread  ][INFO ]  Initial parameter values: [1.9631915319298265, 1.2878870558699598, -0.5203248137353924, 0.07171717171717172, 0.14343434343434344]
2019-03-06 17:33:56,925 [MainThread  ][INFO ]  Final fidelity: 0.7693949684238971
2019-03-06 17:33:56,925 [MainThread  ][INFO ]  Final parameters: [8.0524052  1.97460437 1.60570972 0.05829747 0.08310381]
2019-03-06 17:33:56,926 [MainThread  ][INFO ]  Fidelity: 0.7693949684238971
2019-03-06 17:33:56,926 [MainThread  ][INFO ]  ---- Starting iteration 8/100
2019-03-06 17:33:56,926 [MainThread  ][DEBUG]  Setting hyperparameter tf=0.23434343434343433
2019-03-06 17:33:56,926 [MainThread  ][INFO ]  Starting optimization for tf=0.23434343434343433
2019-03-06 17:33:56,926 [MainThread  ][DEBUG]  Optimization method: Nelder-Mead
2019-03-06 17:33:56,927 [MainThread  ][DEBUG]  Optimization options: None
2019-03-06 17:33:56,927 [MainThread  ][INFO ]  Initial parameter values: [-4.161953594979543, -1.912604584617097, 4.245281254487757, 0.07811447811447811, 0.15622895622895622]
2019-03-06 17:34:30,930 [MainThread  ][INFO ]  Final fidelity: 0.7719530434085837
2019-03-06 17:34:30,930 [MainThread  ][INFO ]  Final parameters: [-9.02081947 -0.29911698 -0.03695476  0.06427645  0.15920775]
2019-03-06 17:34:30,930 [MainThread  ][INFO ]  Fidelity: 0.7719530434085837
2019-03-06 17:34:30,931 [MainThread  ][INFO ]  ---- Starting iteration 9/100
2019-03-06 17:34:30,931 [MainThread  ][DEBUG]  Setting hyperparameter tf=0.2535353535353535
2019-03-06 17:34:30,931 [MainThread  ][INFO ]  Starting optimization for tf=0.2535353535353535
2019-03-06 17:34:30,931 [MainThread  ][DEBUG]  Optimization method: Nelder-Mead
2019-03-06 17:34:30,931 [MainThread  ][DEBUG]  Optimization options: None
2019-03-06 17:34:30,931 [MainThread  ][INFO ]  Initial parameter values: [-2.1783480155715838, -3.7008319471648807, -1.30415314619046, 0.0845117845117845, 0.169023569023569]
2019-03-06 17:35:19,304 [MainThread  ][INFO ]  Final fidelity: 0.7698746943526618
2019-03-06 17:35:19,305 [MainThread  ][INFO ]  Final parameters: [ 0.35011189 -5.78477451 -0.26936761  0.01563216  0.14671097]
2019-03-06 17:35:19,305 [MainThread  ][INFO ]  Fidelity: 0.7698746943526618
2019-03-06 17:35:19,305 [MainThread  ][INFO ]  ---- Starting iteration 10/100
2019-03-06 17:35:19,305 [MainThread  ][DEBUG]  Setting hyperparameter tf=0.2727272727272727
2019-03-06 17:35:19,306 [MainThread  ][INFO ]  Starting optimization for tf=0.2727272727272727
2019-03-06 17:35:19,306 [MainThread  ][DEBUG]  Optimization method: Nelder-Mead
2019-03-06 17:35:19,306 [MainThread  ][DEBUG]  Optimization options: None
2019-03-06 17:35:19,306 [MainThread  ][INFO ]  Initial parameter values: [3.1962764675185245, 3.8324051995521984, 3.8510501579730914, 0.0909090909090909, 0.1818181818181818]
2019-03-06 17:35:45,932 [MainThread  ][INFO ]  Final fidelity: 0.7724773234998907
2019-03-06 17:35:45,933 [MainThread  ][INFO ]  Final parameters: [ 6.18535887  1.44101037 -0.06633792  0.12668641  0.21455508]
2019-03-06 17:35:45,933 [MainThread  ][INFO ]  Fidelity: 0.7724773234998907
2019-03-06 17:35:45,933 [MainThread  ][INFO ]  ---- Starting iteration 11/100
2019-03-06 17:35:45,933 [MainThread  ][DEBUG]  Setting hyperparameter tf=0.2919191919191919
2019-03-06 17:35:45,934 [MainThread  ][INFO ]  Starting optimization for tf=0.2919191919191919
2019-03-06 17:35:45,934 [MainThread  ][DEBUG]  Optimization method: Nelder-Mead
2019-03-06 17:35:45,934 [MainThread  ][DEBUG]  Optimization options: None
2019-03-06 17:35:45,934 [MainThread  ][INFO ]  Initial parameter values: [2.436059023249104, -4.317845141942551, -1.779880532770981, 0.0973063973063973, 0.1946127946127946]
2019-03-06 17:36:10,801 [MainThread  ][INFO ]  Final fidelity: 0.775253367000604
2019-03-06 17:36:10,801 [MainThread  ][INFO ]  Final parameters: [ 6.89748634 -0.23510719  0.12905202  0.11295162  0.26416557]
2019-03-06 17:36:10,802 [MainThread  ][INFO ]  Fidelity: 0.775253367000604
2019-03-06 17:36:10,802 [MainThread  ][INFO ]  ---- Starting iteration 12/100
2019-03-06 17:36:10,802 [MainThread  ][DEBUG]  Setting hyperparameter tf=0.3111111111111111
2019-03-06 17:36:10,802 [MainThread  ][INFO ]  Starting optimization for tf=0.3111111111111111
2019-03-06 17:36:10,802 [MainThread  ][DEBUG]  Optimization method: Nelder-Mead
2019-03-06 17:36:10,803 [MainThread  ][DEBUG]  Optimization options: None
2019-03-06 17:36:10,803 [MainThread  ][INFO ]  Initial parameter values: [-0.1531478621853486, 4.072631803978293, 0.3426068662735968, 0.1037037037037037, 0.2074074074074074]
2019-03-06 17:36:29,581 [MainThread  ][INFO ]  Final fidelity: 0.7692863833803516
2019-03-06 17:36:29,582 [MainThread  ][INFO ]  Final parameters: [-0.10972739  5.85248911  0.32785595  0.08301657  0.19586245]
2019-03-06 17:36:29,582 [MainThread  ][INFO ]  Fidelity: 0.7692863833803516
2019-03-06 17:36:29,583 [MainThread  ][INFO ]  ---- Starting iteration 13/100
2019-03-06 17:36:29,583 [MainThread  ][DEBUG]  Setting hyperparameter tf=0.3303030303030303
2019-03-06 17:36:29,583 [MainThread  ][INFO ]  Starting optimization for tf=0.3303030303030303
2019-03-06 17:36:29,583 [MainThread  ][DEBUG]  Optimization method: Nelder-Mead
2019-03-06 17:36:29,583 [MainThread  ][DEBUG]  Optimization options: None
2019-03-06 17:36:29,583 [MainThread  ][INFO ]  Initial parameter values: [0.2949088108483604, -1.9596322120920782, 0.7019231385601081, 0.1101010101010101, 0.2202020202020202]
2019-03-06 17:36:49,605 [MainThread  ][INFO ]  Final fidelity: 0.7695267175094656
2019-03-06 17:36:49,606 [MainThread  ][INFO ]  Final parameters: [ 0.2472993  -4.74846454  0.69448266  0.06716687  0.24311768]
2019-03-06 17:36:49,606 [MainThread  ][INFO ]  Fidelity: 0.7695267175094656
2019-03-06 17:36:49,606 [MainThread  ][INFO ]  ---- Starting iteration 14/100
2019-03-06 17:36:49,606 [MainThread  ][DEBUG]  Setting hyperparameter tf=0.3494949494949495
2019-03-06 17:36:49,606 [MainThread  ][INFO ]  Starting optimization for tf=0.3494949494949495
2019-03-06 17:36:49,607 [MainThread  ][DEBUG]  Optimization method: Nelder-Mead
2019-03-06 17:36:49,607 [MainThread  ][DEBUG]  Optimization options: None
2019-03-06 17:36:49,607 [MainThread  ][INFO ]  Initial parameter values: [2.7093465902375513, 3.6725676983934026, 4.321005389215411, 0.1164983164983165, 0.232996632996633]
2019-03-06 17:37:34,119 [MainThread  ][INFO ]  Final fidelity: 0.783184328764104
2019-03-06 17:37:34,120 [MainThread  ][INFO ]  Final parameters: [9.99984335 1.34010295 0.01416603 0.05314939 0.28042902]
2019-03-06 17:37:34,120 [MainThread  ][INFO ]  Fidelity: 0.783184328764104
2019-03-06 17:37:34,121 [MainThread  ][INFO ]  ---- Starting iteration 15/100
2019-03-06 17:37:34,121 [MainThread  ][DEBUG]  Setting hyperparameter tf=0.3686868686868686
2019-03-06 17:37:34,121 [MainThread  ][INFO ]  Starting optimization for tf=0.3686868686868686
2019-03-06 17:37:34,121 [MainThread  ][DEBUG]  Optimization method: Nelder-Mead
2019-03-06 17:37:34,121 [MainThread  ][DEBUG]  Optimization options: None
2019-03-06 17:37:34,121 [MainThread  ][INFO ]  Initial parameter values: [2.571641864576124, -4.14345820640704, -2.0312067746352858, 0.12289562289562288, 0.24579124579124575]
2019-03-06 17:38:11,375 [MainThread  ][INFO ]  Final fidelity: 0.7842124891591971
2019-03-06 17:38:11,376 [MainThread  ][INFO ]  Final parameters: [ 7.88301446 -0.70266271  0.75081557  0.11896079  0.27012694]
2019-03-06 17:38:11,376 [MainThread  ][INFO ]  Fidelity: 0.7842124891591971
2019-03-06 17:38:11,376 [MainThread  ][INFO ]  ---- Starting iteration 16/100
2019-03-06 17:38:11,376 [MainThread  ][DEBUG]  Setting hyperparameter tf=0.3878787878787878
2019-03-06 17:38:11,376 [MainThread  ][INFO ]  Starting optimization for tf=0.3878787878787878
2019-03-06 17:38:11,376 [MainThread  ][DEBUG]  Optimization method: Nelder-Mead
2019-03-06 17:38:11,377 [MainThread  ][DEBUG]  Optimization options: None
2019-03-06 17:38:11,377 [MainThread  ][INFO ]  Initial parameter values: [1.2703283552082043, 3.10628080792425, 1.3075827525009442, 0.12929292929292927, 0.25858585858585853]
2019-03-06 17:38:45,195 [MainThread  ][INFO ]  Final fidelity: 0.7794785491744475
2019-03-06 17:38:45,196 [MainThread  ][INFO ]  Final parameters: [ 2.03913005e+00  5.20617213e+00 -8.52040841e-02  2.50805977e-07
  2.52683032e-01]
2019-03-06 17:38:45,196 [MainThread  ][INFO ]  Fidelity: 0.7794785491744475
2019-03-06 17:38:45,196 [MainThread  ][INFO ]  ---- Starting iteration 17/100
2019-03-06 17:38:45,196 [MainThread  ][DEBUG]  Setting hyperparameter tf=0.407070707070707
2019-03-06 17:38:45,196 [MainThread  ][INFO ]  Starting optimization for tf=0.407070707070707
2019-03-06 17:38:45,196 [MainThread  ][DEBUG]  Optimization method: Nelder-Mead
2019-03-06 17:38:45,197 [MainThread  ][DEBUG]  Optimization options: None
2019-03-06 17:38:45,197 [MainThread  ][INFO ]  Initial parameter values: [0.19101392932151384, 2.1638290202683272, 2.33704469498064, 0.13569023569023567, 0.27138047138047133]
2019-03-06 17:39:16,890 [MainThread  ][INFO ]  Final fidelity: 0.7721886806923487
2019-03-06 17:39:16,891 [MainThread  ][INFO ]  Final parameters: [ 0.0559737   5.22103066 -0.07837655  0.11666721  0.28940802]
2019-03-06 17:39:16,891 [MainThread  ][INFO ]  Fidelity: 0.7721886806923487
2019-03-06 17:39:16,892 [MainThread  ][INFO ]  ---- Starting iteration 18/100
2019-03-06 17:39:16,892 [MainThread  ][DEBUG]  Setting hyperparameter tf=0.42626262626262623
2019-03-06 17:39:16,892 [MainThread  ][INFO ]  Starting optimization for tf=0.42626262626262623
2019-03-06 17:39:16,892 [MainThread  ][DEBUG]  Optimization method: Nelder-Mead
2019-03-06 17:39:16,892 [MainThread  ][DEBUG]  Optimization options: None
2019-03-06 17:39:16,892 [MainThread  ][INFO ]  Initial parameter values: [3.784504761050533, -1.211736115600357, 1.4911163278219828, 0.14208754208754207, 0.28417508417508414]
2019-03-06 17:39:55,912 [MainThread  ][INFO ]  Final fidelity: 0.7927175502547165
2019-03-06 17:39:55,912 [MainThread  ][INFO ]  Final parameters: [ 8.59999878 -2.11828419  0.31180852  0.11373664  0.21900519]
2019-03-06 17:39:55,913 [MainThread  ][INFO ]  Fidelity: 0.7927175502547165
2019-03-06 17:39:55,913 [MainThread  ][INFO ]  ---- Starting iteration 19/100
2019-03-06 17:39:55,913 [MainThread  ][DEBUG]  Setting hyperparameter tf=0.44545454545454544
2019-03-06 17:39:55,913 [MainThread  ][INFO ]  Starting optimization for tf=0.44545454545454544
2019-03-06 17:39:55,913 [MainThread  ][DEBUG]  Optimization method: Nelder-Mead
2019-03-06 17:39:55,913 [MainThread  ][DEBUG]  Optimization options: None
2019-03-06 17:39:55,914 [MainThread  ][INFO ]  Initial parameter values: [-3.913716868895989, -0.9030042058233203, 1.5643134254644426, 0.14848484848484847, 0.29696969696969694]
2019-03-06 17:40:25,250 [MainThread  ][INFO ]  Final fidelity: 0.7921703415146742
2019-03-06 17:40:25,251 [MainThread  ][INFO ]  Final parameters: [-7.04767587 -0.92809941  0.17312272  0.17322417  0.34819245]
2019-03-06 17:40:25,251 [MainThread  ][INFO ]  Fidelity: 0.7921703415146742
2019-03-06 17:40:25,251 [MainThread  ][INFO ]  ---- Starting iteration 20/100
2019-03-06 17:40:25,252 [MainThread  ][DEBUG]  Setting hyperparameter tf=0.46464646464646464
2019-03-06 17:40:25,252 [MainThread  ][INFO ]  Starting optimization for tf=0.46464646464646464
2019-03-06 17:40:25,252 [MainThread  ][DEBUG]  Optimization method: Nelder-Mead
2019-03-06 17:40:25,252 [MainThread  ][DEBUG]  Optimization options: None
2019-03-06 17:40:25,252 [MainThread  ][INFO ]  Initial parameter values: [-1.0039079024290318, -1.3951007094880055, -0.07419115219007733, 0.15488215488215487, 0.30976430976430974]
2019-03-06 17:41:05,722 [MainThread  ][INFO ]  Final fidelity: 0.7953525574095346
2019-03-06 17:41:05,722 [MainThread  ][INFO ]  Final parameters: [-7.23180884  1.42973259 -0.11669836  0.18135005  0.26914529]
2019-03-06 17:41:05,722 [MainThread  ][INFO ]  Fidelity: 0.7953525574095346
2019-03-06 17:41:05,722 [MainThread  ][INFO ]  ---- Starting iteration 21/100
2019-03-06 17:41:05,723 [MainThread  ][DEBUG]  Setting hyperparameter tf=0.48383838383838385
2019-03-06 17:41:05,723 [MainThread  ][INFO ]  Starting optimization for tf=0.48383838383838385
2019-03-06 17:41:05,723 [MainThread  ][DEBUG]  Optimization method: Nelder-Mead
2019-03-06 17:41:05,723 [MainThread  ][DEBUG]  Optimization options: None
2019-03-06 17:41:05,723 [MainThread  ][INFO ]  Initial parameter values: [3.8425831746223036, -0.053866296557422366, 0.6268390741200367, 0.16127946127946127, 0.32255892255892255]
2019-03-06 17:41:36,655 [MainThread  ][INFO ]  Final fidelity: 0.7987208631343229
2019-03-06 17:41:36,656 [MainThread  ][INFO ]  Final parameters: [ 7.52201013 -0.02471059  0.36028184  0.1746359   0.20556153]
2019-03-06 17:41:36,656 [MainThread  ][INFO ]  Fidelity: 0.7987208631343229
2019-03-06 17:41:36,656 [MainThread  ][INFO ]  ---- Starting iteration 22/100
2019-03-06 17:41:36,656 [MainThread  ][DEBUG]  Setting hyperparameter tf=0.503030303030303
2019-03-06 17:41:36,656 [MainThread  ][INFO ]  Starting optimization for tf=0.503030303030303
2019-03-06 17:41:36,656 [MainThread  ][DEBUG]  Optimization method: Nelder-Mead
2019-03-06 17:41:36,657 [MainThread  ][DEBUG]  Optimization options: None
2019-03-06 17:41:36,657 [MainThread  ][INFO ]  Initial parameter values: [0.9575347389405007, -1.951078667680306, -2.8884178882019604, 0.16767676767676767, 0.33535353535353535]
2019-03-06 17:42:56,689 [MainThread  ][INFO ]  Final fidelity: 0.7979622846352201
2019-03-06 17:42:56,690 [MainThread  ][INFO ]  Final parameters: [-6.40760106 -0.59359948  0.03402498  0.22921391  0.31951684]
2019-03-06 17:42:56,690 [MainThread  ][INFO ]  Fidelity: 0.7979622846352201
2019-03-06 17:42:56,690 [MainThread  ][INFO ]  ---- Starting iteration 23/100
2019-03-06 17:42:56,691 [MainThread  ][DEBUG]  Setting hyperparameter tf=0.5222222222222221
2019-03-06 17:42:56,691 [MainThread  ][INFO ]  Starting optimization for tf=0.5222222222222221
2019-03-06 17:42:56,691 [MainThread  ][DEBUG]  Optimization method: Nelder-Mead
2019-03-06 17:42:56,691 [MainThread  ][DEBUG]  Optimization options: None
2019-03-06 17:42:56,691 [MainThread  ][INFO ]  Initial parameter values: [-3.6273656337801894, 2.2080919951346125, 2.3218589567780406, 0.17407407407407405, 0.3481481481481481]
2019-03-06 17:43:30,273 [MainThread  ][INFO ]  Final fidelity: 0.8067420042828641
2019-03-06 17:43:30,273 [MainThread  ][INFO ]  Final parameters: [-7.92926825  6.25402116 -0.03114943  0.18188552  0.19064495]
2019-03-06 17:43:30,274 [MainThread  ][INFO ]  Fidelity: 0.8067420042828641
2019-03-06 17:43:30,274 [MainThread  ][INFO ]  ---- Starting iteration 24/100
2019-03-06 17:43:30,274 [MainThread  ][DEBUG]  Setting hyperparameter tf=0.5414141414141413
2019-03-06 17:43:30,274 [MainThread  ][INFO ]  Starting optimization for tf=0.5414141414141413
2019-03-06 17:43:30,274 [MainThread  ][DEBUG]  Optimization method: Nelder-Mead
2019-03-06 17:43:30,274 [MainThread  ][DEBUG]  Optimization options: None
2019-03-06 17:43:30,275 [MainThread  ][INFO ]  Initial parameter values: [-3.681506573777079, -0.18030898782104998, 4.663636818032092, 0.18047138047138045, 0.3609427609427609]
2019-03-06 17:44:09,212 [MainThread  ][INFO ]  Final fidelity: 0.8101743479748621
2019-03-06 17:44:09,212 [MainThread  ][INFO ]  Final parameters: [-7.95873126  0.21584028 -0.09428783  0.18624154  0.18653064]
2019-03-06 17:44:09,212 [MainThread  ][INFO ]  Fidelity: 0.8101743479748621
2019-03-06 17:44:09,213 [MainThread  ][INFO ]  ---- Starting iteration 25/100
2019-03-06 17:44:09,213 [MainThread  ][DEBUG]  Setting hyperparameter tf=0.5606060606060606
2019-03-06 17:44:09,213 [MainThread  ][INFO ]  Starting optimization for tf=0.5606060606060606
2019-03-06 17:44:09,213 [MainThread  ][DEBUG]  Optimization method: Nelder-Mead
2019-03-06 17:44:09,213 [MainThread  ][DEBUG]  Optimization options: None
2019-03-06 17:44:09,214 [MainThread  ][INFO ]  Initial parameter values: [2.089420376051425, 4.975283290180636, 4.343704800010823, 0.18686868686868685, 0.3737373737373737]
2019-03-06 17:45:12,819 [MainThread  ][INFO ]  Final fidelity: 0.8085357059350422
2019-03-06 17:45:12,820 [MainThread  ][INFO ]  Final parameters: [ 6.85937049 -0.98999021  0.17572066  0.24392481  0.33188004]
2019-03-06 17:45:12,820 [MainThread  ][INFO ]  Fidelity: 0.8085357059350422
2019-03-06 17:45:12,820 [MainThread  ][INFO ]  ---- Starting iteration 26/100
2019-03-06 17:45:12,821 [MainThread  ][DEBUG]  Setting hyperparameter tf=0.5797979797979798
2019-03-06 17:45:12,821 [MainThread  ][INFO ]  Starting optimization for tf=0.5797979797979798
2019-03-06 17:45:12,821 [MainThread  ][DEBUG]  Optimization method: Nelder-Mead
2019-03-06 17:45:12,821 [MainThread  ][DEBUG]  Optimization options: None
2019-03-06 17:45:12,821 [MainThread  ][INFO ]  Initial parameter values: [-0.3333025662160285, -4.8173215187638165, 3.2412447956959376, 0.19326599326599325, 0.3865319865319865]
2019-03-06 17:45:38,756 [MainThread  ][INFO ]  Final fidelity: 0.7883810085913842
2019-03-06 17:45:38,756 [MainThread  ][INFO ]  Final parameters: [-0.50145646 -6.57227447 -0.20399511  0.15919133  0.35011494]
2019-03-06 17:45:38,756 [MainThread  ][INFO ]  Fidelity: 0.7883810085913842
2019-03-06 17:45:38,756 [MainThread  ][INFO ]  ---- Starting iteration 27/100
2019-03-06 17:45:38,757 [MainThread  ][DEBUG]  Setting hyperparameter tf=0.598989898989899
2019-03-06 17:45:38,757 [MainThread  ][INFO ]  Starting optimization for tf=0.598989898989899
2019-03-06 17:45:38,757 [MainThread  ][DEBUG]  Optimization method: Nelder-Mead
2019-03-06 17:45:38,757 [MainThread  ][DEBUG]  Optimization options: None
2019-03-06 17:45:38,757 [MainThread  ][INFO ]  Initial parameter values: [-0.1614442248357406, 1.7375299840897585, 4.25482561883636, 0.19966329966329965, 0.3993265993265993]
2019-03-06 17:46:18,368 [MainThread  ][INFO ]  Final fidelity: 0.7884253226686077
2019-03-06 17:46:18,369 [MainThread  ][INFO ]  Final parameters: [-0.15671686  5.71616903  0.08473093  0.14593955  0.3986814 ]
2019-03-06 17:46:18,369 [MainThread  ][INFO ]  Fidelity: 0.7884253226686077
2019-03-06 17:46:18,369 [MainThread  ][INFO ]  ---- Starting iteration 28/100
2019-03-06 17:46:18,370 [MainThread  ][DEBUG]  Setting hyperparameter tf=0.6181818181818182
2019-03-06 17:46:18,370 [MainThread  ][INFO ]  Starting optimization for tf=0.6181818181818182
2019-03-06 17:46:18,370 [MainThread  ][DEBUG]  Optimization method: Nelder-Mead
2019-03-06 17:46:18,370 [MainThread  ][DEBUG]  Optimization options: None
2019-03-06 17:46:18,370 [MainThread  ][INFO ]  Initial parameter values: [3.014607956161031, 4.069506931077948, 4.3084700177143365, 0.20606060606060606, 0.4121212121212121]
2019-03-06 17:46:58,947 [MainThread  ][INFO ]  Final fidelity: 0.8208127093955753
2019-03-06 17:46:58,948 [MainThread  ][INFO ]  Final parameters: [ 7.29273891 -0.91677869  0.14520559  0.24142462  0.44666262]
2019-03-06 17:46:58,948 [MainThread  ][INFO ]  Fidelity: 0.8208127093955753
2019-03-06 17:46:58,948 [MainThread  ][INFO ]  ---- Starting iteration 29/100
2019-03-06 17:46:58,948 [MainThread  ][DEBUG]  Setting hyperparameter tf=0.6373737373737373
2019-03-06 17:46:58,949 [MainThread  ][INFO ]  Starting optimization for tf=0.6373737373737373
2019-03-06 17:46:58,949 [MainThread  ][DEBUG]  Optimization method: Nelder-Mead
2019-03-06 17:46:58,949 [MainThread  ][DEBUG]  Optimization options: None
2019-03-06 17:46:58,949 [MainThread  ][INFO ]  Initial parameter values: [1.5378036408229265, 0.1860760447219878, 1.0967290673800747, 0.21245791245791243, 0.42491582491582486]
2019-03-06 17:47:26,904 [MainThread  ][INFO ]  Final fidelity: 0.8301248990580289
2019-03-06 17:47:26,905 [MainThread  ][INFO ]  Final parameters: [ 8.84424026 -0.18781672  0.78910797  0.18544931  0.43806684]
2019-03-06 17:47:26,905 [MainThread  ][INFO ]  Fidelity: 0.8301248990580289
2019-03-06 17:47:26,906 [MainThread  ][INFO ]  ---- Starting iteration 30/100
2019-03-06 17:47:26,906 [MainThread  ][DEBUG]  Setting hyperparameter tf=0.6565656565656565
2019-03-06 17:47:26,906 [MainThread  ][INFO ]  Starting optimization for tf=0.6565656565656565
2019-03-06 17:47:26,906 [MainThread  ][DEBUG]  Optimization method: Nelder-Mead
2019-03-06 17:47:26,906 [MainThread  ][DEBUG]  Optimization options: None
2019-03-06 17:47:26,906 [MainThread  ][INFO ]  Initial parameter values: [-4.496280871751557, -4.850042595276186, 3.374863731509487, 0.21885521885521883, 0.43771043771043766]
2019-03-06 17:47:57,030 [MainThread  ][INFO ]  Final fidelity: 0.8233508743945536
2019-03-06 17:47:57,030 [MainThread  ][INFO ]  Final parameters: [-6.63761674 -0.09726649  0.29859397  0.30614542  0.42876848]
2019-03-06 17:47:57,030 [MainThread  ][INFO ]  Fidelity: 0.8233508743945536
2019-03-06 17:47:57,031 [MainThread  ][INFO ]  ---- Starting iteration 31/100
2019-03-06 17:47:57,031 [MainThread  ][DEBUG]  Setting hyperparameter tf=0.6757575757575757
2019-03-06 17:47:57,031 [MainThread  ][INFO ]  Starting optimization for tf=0.6757575757575757
2019-03-06 17:47:57,031 [MainThread  ][DEBUG]  Optimization method: Nelder-Mead
2019-03-06 17:47:57,031 [MainThread  ][DEBUG]  Optimization options: None
2019-03-06 17:47:57,031 [MainThread  ][INFO ]  Initial parameter values: [-4.794228621458837, 4.617207706124352, -1.3738323409631583, 0.22525252525252523, 0.45050505050505046]
2019-03-06 17:48:47,850 [MainThread  ][INFO ]  Final fidelity: 0.8377198988591268
2019-03-06 17:48:47,850 [MainThread  ][INFO ]  Final parameters: [-9.18203534 -1.38593936  0.71186732  0.17552052  0.4543952 ]
2019-03-06 17:48:47,850 [MainThread  ][INFO ]  Fidelity: 0.8377198988591268
2019-03-06 17:48:47,851 [MainThread  ][INFO ]  ---- Starting iteration 32/100
2019-03-06 17:48:47,851 [MainThread  ][DEBUG]  Setting hyperparameter tf=0.6949494949494949
2019-03-06 17:48:47,851 [MainThread  ][INFO ]  Starting optimization for tf=0.6949494949494949
2019-03-06 17:48:47,851 [MainThread  ][DEBUG]  Optimization method: Nelder-Mead
2019-03-06 17:48:47,851 [MainThread  ][DEBUG]  Optimization options: None
2019-03-06 17:48:47,851 [MainThread  ][INFO ]  Initial parameter values: [3.2088968561088276, -1.3011843412455781, -0.9248544663487559, 0.23164983164983163, 0.46329966329966327]
2019-03-06 17:49:30,413 [MainThread  ][INFO ]  Final fidelity: 0.8406330049406275
2019-03-06 17:49:30,413 [MainThread  ][INFO ]  Final parameters: [7.97750553 0.63441408 0.0176434  0.24603694 0.26490291]
2019-03-06 17:49:30,414 [MainThread  ][INFO ]  Fidelity: 0.8406330049406275
2019-03-06 17:49:30,414 [MainThread  ][INFO ]  ---- Starting iteration 33/100
2019-03-06 17:49:30,414 [MainThread  ][DEBUG]  Setting hyperparameter tf=0.7141414141414141
2019-03-06 17:49:30,414 [MainThread  ][INFO ]  Starting optimization for tf=0.7141414141414141
2019-03-06 17:49:30,414 [MainThread  ][DEBUG]  Optimization method: Nelder-Mead
2019-03-06 17:49:30,414 [MainThread  ][DEBUG]  Optimization options: None
2019-03-06 17:49:30,415 [MainThread  ][INFO ]  Initial parameter values: [3.00541025487135, 3.8501094026205536, 1.6976911252840168, 0.23804713804713803, 0.47609427609427607]
2019-03-06 17:49:57,134 [MainThread  ][INFO ]  Final fidelity: 0.826440259568693
2019-03-06 17:49:57,135 [MainThread  ][INFO ]  Final parameters: [1.42583665 5.99069657 0.12552735 0.01849505 0.39236024]
2019-03-06 17:49:57,135 [MainThread  ][INFO ]  Fidelity: 0.826440259568693
2019-03-06 17:49:57,135 [MainThread  ][INFO ]  ---- Starting iteration 34/100
2019-03-06 17:49:57,135 [MainThread  ][DEBUG]  Setting hyperparameter tf=0.7333333333333333
2019-03-06 17:49:57,135 [MainThread  ][INFO ]  Starting optimization for tf=0.7333333333333333
2019-03-06 17:49:57,135 [MainThread  ][DEBUG]  Optimization method: Nelder-Mead
2019-03-06 17:49:57,136 [MainThread  ][DEBUG]  Optimization options: None
2019-03-06 17:49:57,136 [MainThread  ][INFO ]  Initial parameter values: [-1.0783597101448041, 4.733320761408164, 1.4186916545914503, 0.24444444444444444, 0.4888888888888889]
2019-03-06 17:50:39,555 [MainThread  ][INFO ]  Final fidelity: 0.8293837352254795
2019-03-06 17:50:39,556 [MainThread  ][INFO ]  Final parameters: [-2.12467818  7.84609025  1.50351878  0.05710088  0.29342423]
2019-03-06 17:50:39,556 [MainThread  ][INFO ]  Fidelity: 0.8293837352254795
2019-03-06 17:50:39,556 [MainThread  ][INFO ]  ---- Starting iteration 35/100
2019-03-06 17:50:39,556 [MainThread  ][DEBUG]  Setting hyperparameter tf=0.7525252525252525
2019-03-06 17:50:39,556 [MainThread  ][INFO ]  Starting optimization for tf=0.7525252525252525
2019-03-06 17:50:39,557 [MainThread  ][DEBUG]  Optimization method: Nelder-Mead
2019-03-06 17:50:39,557 [MainThread  ][DEBUG]  Optimization options: None
2019-03-06 17:50:39,557 [MainThread  ][INFO ]  Initial parameter values: [-2.958250019129153, -0.33903573376062557, -3.5160862288472137, 0.2508417508417508, 0.5016835016835016]
2019-03-06 17:51:03,519 [MainThread  ][INFO ]  Final fidelity: 0.8579038925233619
2019-03-06 17:51:03,520 [MainThread  ][INFO ]  Final parameters: [-8.67582724 -0.52777558  0.10420164  0.22802521  0.58177817]
2019-03-06 17:51:03,520 [MainThread  ][INFO ]  Fidelity: 0.8579038925233619
2019-03-06 17:51:03,520 [MainThread  ][INFO ]  ---- Starting iteration 36/100
2019-03-06 17:51:03,520 [MainThread  ][DEBUG]  Setting hyperparameter tf=0.7717171717171717
2019-03-06 17:51:03,520 [MainThread  ][INFO ]  Starting optimization for tf=0.7717171717171717
2019-03-06 17:51:03,520 [MainThread  ][DEBUG]  Optimization method: Nelder-Mead
2019-03-06 17:51:03,521 [MainThread  ][DEBUG]  Optimization options: None
2019-03-06 17:51:03,521 [MainThread  ][INFO ]  Initial parameter values: [0.359950278982371, 2.841075981819995, 4.305504190364147, 0.2572390572390572, 0.5144781144781144]
2019-03-06 17:51:48,719 [MainThread  ][INFO ]  Final fidelity: 0.842537635327905
2019-03-06 17:51:48,720 [MainThread  ][INFO ]  Final parameters: [ 6.76913506  1.19213609 -2.22280462  0.31878616  0.7717126 ]
2019-03-06 17:51:48,720 [MainThread  ][INFO ]  Fidelity: 0.842537635327905
2019-03-06 17:51:48,720 [MainThread  ][INFO ]  ---- Starting iteration 37/100
2019-03-06 17:51:48,720 [MainThread  ][DEBUG]  Setting hyperparameter tf=0.7909090909090909
2019-03-06 17:51:48,720 [MainThread  ][INFO ]  Starting optimization for tf=0.7909090909090909
2019-03-06 17:51:48,720 [MainThread  ][DEBUG]  Optimization method: Nelder-Mead
2019-03-06 17:51:48,721 [MainThread  ][DEBUG]  Optimization options: None
2019-03-06 17:51:48,721 [MainThread  ][INFO ]  Initial parameter values: [-2.566667913111221, -4.439819366823702, 4.902877935603115, 0.2636363636363636, 0.5272727272727272]
2019-03-06 17:52:26,969 [MainThread  ][INFO ]  Final fidelity: 0.8600682333230555
2019-03-06 17:52:26,969 [MainThread  ][INFO ]  Final parameters: [-9.99999949 -2.5526419   0.0725945   0.12185255  0.57161005]
2019-03-06 17:52:26,970 [MainThread  ][INFO ]  Fidelity: 0.8600682333230555
2019-03-06 17:52:26,970 [MainThread  ][INFO ]  ---- Starting iteration 38/100
2019-03-06 17:52:26,970 [MainThread  ][DEBUG]  Setting hyperparameter tf=0.81010101010101
2019-03-06 17:52:26,970 [MainThread  ][INFO ]  Starting optimization for tf=0.81010101010101
2019-03-06 17:52:26,970 [MainThread  ][DEBUG]  Optimization method: Nelder-Mead
2019-03-06 17:52:26,970 [MainThread  ][DEBUG]  Optimization options: None
2019-03-06 17:52:26,971 [MainThread  ][INFO ]  Initial parameter values: [1.460896806671462, 3.883471721070764, -2.7044354383848135, 0.27003367003367, 0.54006734006734]
2019-03-06 17:53:26,479 [MainThread  ][INFO ]  Final fidelity: 0.8658306661665268
2019-03-06 17:53:26,479 [MainThread  ][INFO ]  Final parameters: [ 7.82760464  0.06889715 -0.0211475   0.30382725  0.54901035]
2019-03-06 17:53:26,479 [MainThread  ][INFO ]  Fidelity: 0.8658306661665268
2019-03-06 17:53:26,480 [MainThread  ][INFO ]  ---- Starting iteration 39/100
2019-03-06 17:53:26,480 [MainThread  ][DEBUG]  Setting hyperparameter tf=0.8292929292929292
2019-03-06 17:53:26,480 [MainThread  ][INFO ]  Starting optimization for tf=0.8292929292929292
2019-03-06 17:53:26,480 [MainThread  ][DEBUG]  Optimization method: Nelder-Mead
2019-03-06 17:53:26,480 [MainThread  ][DEBUG]  Optimization options: None
2019-03-06 17:53:26,480 [MainThread  ][INFO ]  Initial parameter values: [3.8356876798282293, -0.5744893158078668, -1.7624330652171274, 0.2764309764309764, 0.5528619528619528]
2019-03-06 17:53:52,602 [MainThread  ][INFO ]  Final fidelity: 0.8732355235588819
2019-03-06 17:53:52,603 [MainThread  ][INFO ]  Final parameters: [ 8.72217446 -0.89791895  0.18976283  0.2536482   0.25403566]
2019-03-06 17:53:52,603 [MainThread  ][INFO ]  Fidelity: 0.8732355235588819
2019-03-06 17:53:52,603 [MainThread  ][INFO ]  ---- Starting iteration 40/100
2019-03-06 17:53:52,603 [MainThread  ][DEBUG]  Setting hyperparameter tf=0.8484848484848484
2019-03-06 17:53:52,603 [MainThread  ][INFO ]  Starting optimization for tf=0.8484848484848484
2019-03-06 17:53:52,603 [MainThread  ][DEBUG]  Optimization method: Nelder-Mead
2019-03-06 17:53:52,604 [MainThread  ][DEBUG]  Optimization options: None
2019-03-06 17:53:52,604 [MainThread  ][INFO ]  Initial parameter values: [-2.1465977964236016, 2.26900143650818, 2.4792203205704872, 0.2828282828282828, 0.5656565656565656]
2019-03-06 17:54:26,596 [MainThread  ][INFO ]  Final fidelity: 0.8775312415841406
2019-03-06 17:54:26,597 [MainThread  ][INFO ]  Final parameters: [-8.01951289 -0.15153187  0.01850409  0.30808772  0.47520546]
2019-03-06 17:54:26,597 [MainThread  ][INFO ]  Fidelity: 0.8775312415841406
2019-03-06 17:54:26,597 [MainThread  ][INFO ]  ---- Starting iteration 41/100
2019-03-06 17:54:26,598 [MainThread  ][DEBUG]  Setting hyperparameter tf=0.8676767676767676
2019-03-06 17:54:26,598 [MainThread  ][INFO ]  Starting optimization for tf=0.8676767676767676
2019-03-06 17:54:26,598 [MainThread  ][DEBUG]  Optimization method: Nelder-Mead
2019-03-06 17:54:26,598 [MainThread  ][DEBUG]  Optimization options: None
2019-03-06 17:54:26,598 [MainThread  ][INFO ]  Initial parameter values: [-1.2897253901772232, -4.752881939085296, -3.5668237714656135, 0.2892255892255892, 0.5784511784511784]
2019-03-06 17:55:11,129 [MainThread  ][INFO ]  Final fidelity: 0.8673279931161608
2019-03-06 17:55:11,130 [MainThread  ][INFO ]  Final parameters: [-6.71948610e+00 -7.30335568e-01  2.89188614e-03  3.98116416e-01
  6.18068694e-01]
2019-03-06 17:55:11,130 [MainThread  ][INFO ]  Fidelity: 0.8673279931161608
2019-03-06 17:55:11,130 [MainThread  ][INFO ]  ---- Starting iteration 42/100
2019-03-06 17:55:11,131 [MainThread  ][DEBUG]  Setting hyperparameter tf=0.8868686868686868
2019-03-06 17:55:11,131 [MainThread  ][INFO ]  Starting optimization for tf=0.8868686868686868
2019-03-06 17:55:11,131 [MainThread  ][DEBUG]  Optimization method: Nelder-Mead
2019-03-06 17:55:11,131 [MainThread  ][DEBUG]  Optimization options: None
2019-03-06 17:55:11,131 [MainThread  ][INFO ]  Initial parameter values: [-3.7302145645139673, -1.749645863209551, 2.3696624705621385, 0.2956228956228956, 0.5912457912457912]
2019-03-06 17:55:44,375 [MainThread  ][INFO ]  Final fidelity: 0.8815395534635034
2019-03-06 17:55:44,376 [MainThread  ][INFO ]  Final parameters: [-7.47488921 -0.04093724  0.14520813  0.35601611  0.60009737]
2019-03-06 17:55:44,376 [MainThread  ][INFO ]  Fidelity: 0.8815395534635034
2019-03-06 17:55:44,376 [MainThread  ][INFO ]  ---- Starting iteration 43/100
2019-03-06 17:55:44,377 [MainThread  ][DEBUG]  Setting hyperparameter tf=0.906060606060606
2019-03-06 17:55:44,377 [MainThread  ][INFO ]  Starting optimization for tf=0.906060606060606
2019-03-06 17:55:44,377 [MainThread  ][DEBUG]  Optimization method: Nelder-Mead
2019-03-06 17:55:44,377 [MainThread  ][DEBUG]  Optimization options: None
2019-03-06 17:55:44,377 [MainThread  ][INFO ]  Initial parameter values: [-1.9159182990379566, 2.7605163957060865, 3.4285513436091524, 0.302020202020202, 0.604040404040404]
2019-03-06 17:56:28,157 [MainThread  ][INFO ]  Final fidelity: 0.8966262577819781
2019-03-06 17:56:28,157 [MainThread  ][INFO ]  Final parameters: [-8.52611692 -0.04463195  0.10106457  0.30494517  0.72877793]
2019-03-06 17:56:28,158 [MainThread  ][INFO ]  Fidelity: 0.8966262577819781
2019-03-06 17:56:28,158 [MainThread  ][INFO ]  ---- Starting iteration 44/100
2019-03-06 17:56:28,158 [MainThread  ][DEBUG]  Setting hyperparameter tf=0.9252525252525252
2019-03-06 17:56:28,158 [MainThread  ][INFO ]  Starting optimization for tf=0.9252525252525252
2019-03-06 17:56:28,158 [MainThread  ][DEBUG]  Optimization method: Nelder-Mead
2019-03-06 17:56:28,159 [MainThread  ][DEBUG]  Optimization options: None
2019-03-06 17:56:28,159 [MainThread  ][INFO ]  Initial parameter values: [-4.81349729217654, -0.5376758228311225, -4.035313381923151, 0.3084175084175084, 0.6168350168350168]
2019-03-06 17:56:55,943 [MainThread  ][INFO ]  Final fidelity: 0.8867912379343469
2019-03-06 17:56:55,944 [MainThread  ][INFO ]  Final parameters: [-7.2472325  -0.56710983  0.02661227  0.38635291  0.66921165]
2019-03-06 17:56:55,944 [MainThread  ][INFO ]  Fidelity: 0.8867912379343469
2019-03-06 17:56:55,944 [MainThread  ][INFO ]  ---- Starting iteration 45/100
2019-03-06 17:56:55,944 [MainThread  ][DEBUG]  Setting hyperparameter tf=0.9444444444444443
2019-03-06 17:56:55,944 [MainThread  ][INFO ]  Starting optimization for tf=0.9444444444444443
2019-03-06 17:56:55,945 [MainThread  ][DEBUG]  Optimization method: Nelder-Mead
2019-03-06 17:56:55,945 [MainThread  ][DEBUG]  Optimization options: None
2019-03-06 17:56:55,945 [MainThread  ][INFO ]  Initial parameter values: [-3.353378317752859, 2.0183865850537703, -2.4182202936645014, 0.31481481481481477, 0.6296296296296295]
2019-03-06 17:57:41,671 [MainThread  ][INFO ]  Final fidelity: 0.9082886880392199
2019-03-06 17:57:41,672 [MainThread  ][INFO ]  Final parameters: [-8.66764008e+00  3.01389090e+00 -7.79326969e-03  2.89526959e-01
  4.07073202e-01]
2019-03-06 17:57:41,672 [MainThread  ][INFO ]  Fidelity: 0.9082886880392199
2019-03-06 17:57:41,673 [MainThread  ][INFO ]  ---- Starting iteration 46/100
2019-03-06 17:57:41,673 [MainThread  ][DEBUG]  Setting hyperparameter tf=0.9636363636363635
2019-03-06 17:57:41,673 [MainThread  ][INFO ]  Starting optimization for tf=0.9636363636363635
2019-03-06 17:57:41,673 [MainThread  ][DEBUG]  Optimization method: Nelder-Mead
2019-03-06 17:57:41,673 [MainThread  ][DEBUG]  Optimization options: None
2019-03-06 17:57:41,673 [MainThread  ][INFO ]  Initial parameter values: [3.1714221010795516, 0.31062647326334236, -4.18743352209761, 0.32121212121212117, 0.6424242424242423]
2019-03-06 17:58:09,745 [MainThread  ][INFO ]  Final fidelity: 0.9063701245167193
2019-03-06 17:58:09,746 [MainThread  ][INFO ]  Final parameters: [ 8.137266   -0.46005753  0.08398876  0.34179058  0.71946377]
2019-03-06 17:58:09,746 [MainThread  ][INFO ]  Fidelity: 0.9063701245167193
2019-03-06 17:58:09,746 [MainThread  ][INFO ]  ---- Starting iteration 47/100
2019-03-06 17:58:09,747 [MainThread  ][DEBUG]  Setting hyperparameter tf=0.9828282828282827
2019-03-06 17:58:09,747 [MainThread  ][INFO ]  Starting optimization for tf=0.9828282828282827
2019-03-06 17:58:09,747 [MainThread  ][DEBUG]  Optimization method: Nelder-Mead
2019-03-06 17:58:09,747 [MainThread  ][DEBUG]  Optimization options: None
2019-03-06 17:58:09,747 [MainThread  ][INFO ]  Initial parameter values: [-3.5514001313603005, -2.457662404272527, -2.836123977577616, 0.3276094276094276, 0.6552188552188551]
2019-03-06 17:58:45,970 [MainThread  ][INFO ]  Final fidelity: 0.923890926902474
2019-03-06 17:58:45,970 [MainThread  ][INFO ]  Final parameters: [-9.99987201 -3.65190421  0.14397817  0.21272234  0.43313009]
2019-03-06 17:58:45,971 [MainThread  ][INFO ]  Fidelity: 0.923890926902474
2019-03-06 17:58:45,971 [MainThread  ][INFO ]  ---- Starting iteration 48/100
2019-03-06 17:58:45,971 [MainThread  ][DEBUG]  Setting hyperparameter tf=1.002020202020202
2019-03-06 17:58:45,971 [MainThread  ][INFO ]  Starting optimization for tf=1.002020202020202
2019-03-06 17:58:45,971 [MainThread  ][DEBUG]  Optimization method: Nelder-Mead
2019-03-06 17:58:45,971 [MainThread  ][DEBUG]  Optimization options: None
2019-03-06 17:58:45,972 [MainThread  ][INFO ]  Initial parameter values: [-4.2107480466541025, 3.4512902282227778, -1.511757538430587, 0.33400673400673403, 0.6680134680134681]
2019-03-06 17:59:27,064 [MainThread  ][INFO ]  Final fidelity: 0.9209135408623043
2019-03-06 17:59:27,065 [MainThread  ][INFO ]  Final parameters: [-8.36105584 -0.64775359  0.05265162  0.34925113  0.45090269]
2019-03-06 17:59:27,065 [MainThread  ][INFO ]  Fidelity: 0.9209135408623043
2019-03-06 17:59:27,065 [MainThread  ][INFO ]  ---- Starting iteration 49/100
2019-03-06 17:59:27,065 [MainThread  ][DEBUG]  Setting hyperparameter tf=1.0212121212121212
2019-03-06 17:59:27,065 [MainThread  ][INFO ]  Starting optimization for tf=1.0212121212121212
2019-03-06 17:59:27,065 [MainThread  ][DEBUG]  Optimization method: Nelder-Mead
2019-03-06 17:59:27,066 [MainThread  ][DEBUG]  Optimization options: None
2019-03-06 17:59:27,066 [MainThread  ][INFO ]  Initial parameter values: [0.8508575266756164, -4.670668999760111, -1.1462850521880288, 0.34040404040404043, 0.6808080808080809]
2019-03-06 18:00:34,984 [MainThread  ][INFO ]  Final fidelity: 0.917902279077015
2019-03-06 18:00:34,984 [MainThread  ][INFO ]  Final parameters: [7.64173017 1.53384312 0.12512034 0.39414503 0.54790234]
2019-03-06 18:00:34,985 [MainThread  ][INFO ]  Fidelity: 0.917902279077015
2019-03-06 18:00:34,985 [MainThread  ][INFO ]  ---- Starting iteration 50/100
2019-03-06 18:00:34,985 [MainThread  ][DEBUG]  Setting hyperparameter tf=1.0404040404040404
2019-03-06 18:00:34,985 [MainThread  ][INFO ]  Starting optimization for tf=1.0404040404040404
2019-03-06 18:00:34,985 [MainThread  ][DEBUG]  Optimization method: Nelder-Mead
2019-03-06 18:00:34,985 [MainThread  ][DEBUG]  Optimization options: None
2019-03-06 18:00:34,986 [MainThread  ][INFO ]  Initial parameter values: [3.4272646838150838, 3.849519078994133, 3.187760055766745, 0.34680134680134683, 0.6936026936026937]
2019-03-06 18:01:13,362 [MainThread  ][INFO ]  Final fidelity: 0.9423235043502232
2019-03-06 18:01:13,363 [MainThread  ][INFO ]  Final parameters: [ 9.77455694e+00  7.46725435e-02 -4.71460974e-04  2.91135080e-01
  5.97212897e-01]
2019-03-06 18:01:13,363 [MainThread  ][INFO ]  Fidelity: 0.9423235043502232
2019-03-06 18:01:13,363 [MainThread  ][INFO ]  ---- Starting iteration 51/100
2019-03-06 18:01:13,363 [MainThread  ][DEBUG]  Setting hyperparameter tf=1.0595959595959596
2019-03-06 18:01:13,363 [MainThread  ][INFO ]  Starting optimization for tf=1.0595959595959596
2019-03-06 18:01:13,364 [MainThread  ][DEBUG]  Optimization method: Nelder-Mead
2019-03-06 18:01:13,364 [MainThread  ][DEBUG]  Optimization options: None
2019-03-06 18:01:13,364 [MainThread  ][INFO ]  Initial parameter values: [0.9510379303404859, -4.932164003851001, -4.291830196118346, 0.35319865319865323, 0.7063973063973065]
2019-03-06 18:02:16,398 [MainThread  ][INFO ]  Final fidelity: 0.9381044965413188
2019-03-06 18:02:16,399 [MainThread  ][INFO ]  Final parameters: [ 8.59799957 -0.05937206  0.05237584  0.36561496  0.71289946]
2019-03-06 18:02:16,399 [MainThread  ][INFO ]  Fidelity: 0.9381044965413188
2019-03-06 18:02:16,399 [MainThread  ][INFO ]  ---- Starting iteration 52/100
2019-03-06 18:02:16,400 [MainThread  ][DEBUG]  Setting hyperparameter tf=1.0787878787878789
2019-03-06 18:02:16,400 [MainThread  ][INFO ]  Starting optimization for tf=1.0787878787878789
2019-03-06 18:02:16,400 [MainThread  ][DEBUG]  Optimization method: Nelder-Mead
2019-03-06 18:02:16,400 [MainThread  ][DEBUG]  Optimization options: None
2019-03-06 18:02:16,400 [MainThread  ][INFO ]  Initial parameter values: [-4.017973711903555, 2.72640854697039, 4.30018159116846, 0.35959595959595964, 0.7191919191919193]
2019-03-06 18:02:53,991 [MainThread  ][INFO ]  Final fidelity: 0.9189448243176906
2019-03-06 18:02:53,992 [MainThread  ][INFO ]  Final parameters: [-7.59954183  3.26263765  0.18455485  0.35855125  0.77845562]
2019-03-06 18:02:53,992 [MainThread  ][INFO ]  Fidelity: 0.9189448243176906
2019-03-06 18:02:53,992 [MainThread  ][INFO ]  ---- Starting iteration 53/100
2019-03-06 18:02:53,993 [MainThread  ][DEBUG]  Setting hyperparameter tf=1.097979797979798
2019-03-06 18:02:53,993 [MainThread  ][INFO ]  Starting optimization for tf=1.097979797979798
2019-03-06 18:02:53,993 [MainThread  ][DEBUG]  Optimization method: Nelder-Mead
2019-03-06 18:02:53,993 [MainThread  ][DEBUG]  Optimization options: None
2019-03-06 18:02:53,993 [MainThread  ][INFO ]  Initial parameter values: [2.7451319671748253, 4.3657239037870585, 1.1192348947234132, 0.36599326599326604, 0.7319865319865321]
2019-03-06 18:03:55,888 [MainThread  ][INFO ]  Final fidelity: 0.9375027708965884
2019-03-06 18:03:55,889 [MainThread  ][INFO ]  Final parameters: [ 8.87513455 -4.07475239 -1.59123333  0.22960861  0.51989857]
2019-03-06 18:03:55,889 [MainThread  ][INFO ]  Fidelity: 0.9375027708965884
2019-03-06 18:03:55,889 [MainThread  ][INFO ]  ---- Starting iteration 54/100
2019-03-06 18:03:55,890 [MainThread  ][DEBUG]  Setting hyperparameter tf=1.1171717171717173
2019-03-06 18:03:55,890 [MainThread  ][INFO ]  Starting optimization for tf=1.1171717171717173
2019-03-06 18:03:55,890 [MainThread  ][DEBUG]  Optimization method: Nelder-Mead
2019-03-06 18:03:55,890 [MainThread  ][DEBUG]  Optimization options: None
2019-03-06 18:03:55,890 [MainThread  ][INFO ]  Initial parameter values: [1.2821988508631819, 3.1249583731012525, -4.261728586836307, 0.37239057239057244, 0.7447811447811449]
2019-03-06 18:05:04,373 [MainThread  ][INFO ]  Final fidelity: 0.8917031455738061
2019-03-06 18:05:04,374 [MainThread  ][INFO ]  Final parameters: [1.93207171 5.33674196 0.03928162 0.01809322 0.73993606]
2019-03-06 18:05:04,374 [MainThread  ][INFO ]  Fidelity: 0.8917031455738061
2019-03-06 18:05:04,375 [MainThread  ][INFO ]  ---- Starting iteration 55/100
2019-03-06 18:05:04,375 [MainThread  ][DEBUG]  Setting hyperparameter tf=1.1363636363636365
2019-03-06 18:05:04,375 [MainThread  ][INFO ]  Starting optimization for tf=1.1363636363636365
2019-03-06 18:05:04,375 [MainThread  ][DEBUG]  Optimization method: Nelder-Mead
2019-03-06 18:05:04,375 [MainThread  ][DEBUG]  Optimization options: None
2019-03-06 18:05:04,375 [MainThread  ][INFO ]  Initial parameter values: [-1.272731661594423, -1.465872063415251, -4.743848144811587, 0.37878787878787884, 0.7575757575757577]
2019-03-06 18:05:44,392 [MainThread  ][INFO ]  Final fidelity: 0.9117337940858093
2019-03-06 18:05:44,392 [MainThread  ][INFO ]  Final parameters: [-5.89869109 -5.84126673  0.16098669  0.04539629  0.66651246]
2019-03-06 18:05:44,393 [MainThread  ][INFO ]  Fidelity: 0.9117337940858093
2019-03-06 18:05:44,393 [MainThread  ][INFO ]  ---- Starting iteration 56/100
2019-03-06 18:05:44,393 [MainThread  ][DEBUG]  Setting hyperparameter tf=1.1555555555555557
2019-03-06 18:05:44,393 [MainThread  ][INFO ]  Starting optimization for tf=1.1555555555555557
2019-03-06 18:05:44,393 [MainThread  ][DEBUG]  Optimization method: Nelder-Mead
2019-03-06 18:05:44,393 [MainThread  ][DEBUG]  Optimization options: None
2019-03-06 18:05:44,394 [MainThread  ][INFO ]  Initial parameter values: [-0.30566993329100267, 0.2544689015547572, 4.878604796471786, 0.38518518518518524, 0.7703703703703705]
2019-03-06 18:06:09,472 [MainThread  ][INFO ]  Final fidelity: 0.7733552061940813
2019-03-06 18:06:09,473 [MainThread  ][INFO ]  Final parameters: [-0.32462106  0.3155023   3.47627973  0.40358102  0.74735534]
2019-03-06 18:06:09,473 [MainThread  ][INFO ]  Fidelity: 0.7733552061940813
2019-03-06 18:06:09,473 [MainThread  ][INFO ]  ---- Starting iteration 57/100
2019-03-06 18:06:09,473 [MainThread  ][DEBUG]  Setting hyperparameter tf=1.1747474747474747
2019-03-06 18:06:09,473 [MainThread  ][INFO ]  Starting optimization for tf=1.1747474747474747
2019-03-06 18:06:09,474 [MainThread  ][DEBUG]  Optimization method: Nelder-Mead
2019-03-06 18:06:09,474 [MainThread  ][DEBUG]  Optimization options: None
2019-03-06 18:06:09,474 [MainThread  ][INFO ]  Initial parameter values: [2.7408135867722088, 2.345179524932065, -2.1019305937547292, 0.39158249158249153, 0.7831649831649831]
2019-03-06 18:06:54,312 [MainThread  ][INFO ]  Final fidelity: 0.93429831004083
2019-03-06 18:06:54,313 [MainThread  ][INFO ]  Final parameters: [ 6.5264357   0.56732663 -0.22789191  0.60895325  0.73351927]
2019-03-06 18:06:54,313 [MainThread  ][INFO ]  Fidelity: 0.93429831004083
2019-03-06 18:06:54,313 [MainThread  ][INFO ]  ---- Starting iteration 58/100
2019-03-06 18:06:54,313 [MainThread  ][DEBUG]  Setting hyperparameter tf=1.1939393939393939
2019-03-06 18:06:54,314 [MainThread  ][INFO ]  Starting optimization for tf=1.1939393939393939
2019-03-06 18:06:54,314 [MainThread  ][DEBUG]  Optimization method: Nelder-Mead
2019-03-06 18:06:54,314 [MainThread  ][DEBUG]  Optimization options: None
2019-03-06 18:06:54,314 [MainThread  ][INFO ]  Initial parameter values: [-3.229925321565693, 1.1200333255077553, 2.6919634139187254, 0.39797979797979793, 0.7959595959595959]
2019-03-06 18:07:28,320 [MainThread  ][INFO ]  Final fidelity: 0.9708455273602987
2019-03-06 18:07:28,320 [MainThread  ][INFO ]  Final parameters: [-8.72584125e+00  8.17478401e-01 -1.85416518e-03  4.13925973e-01
  4.21849992e-01]
2019-03-06 18:07:28,321 [MainThread  ][INFO ]  Fidelity: 0.9708455273602987
2019-03-06 18:07:28,321 [MainThread  ][INFO ]  ---- Starting iteration 59/100
2019-03-06 18:07:28,321 [MainThread  ][DEBUG]  Setting hyperparameter tf=1.213131313131313
2019-03-06 18:07:28,321 [MainThread  ][INFO ]  Starting optimization for tf=1.213131313131313
2019-03-06 18:07:28,321 [MainThread  ][DEBUG]  Optimization method: Nelder-Mead
2019-03-06 18:07:28,321 [MainThread  ][DEBUG]  Optimization options: None
2019-03-06 18:07:28,321 [MainThread  ][INFO ]  Initial parameter values: [3.093411281579833, 1.5763990184000995, 0.9787882430638808, 0.40437710437710433, 0.8087542087542087]
2019-03-06 18:07:53,104 [MainThread  ][INFO ]  Final fidelity: 0.9596925710402731
2019-03-06 18:07:53,105 [MainThread  ][INFO ]  Final parameters: [7.38769721 1.31593129 0.31170522 0.52660569 0.62028604]
2019-03-06 18:07:53,105 [MainThread  ][INFO ]  Fidelity: 0.9596925710402731
2019-03-06 18:07:53,105 [MainThread  ][INFO ]  ---- Starting iteration 60/100
2019-03-06 18:07:53,106 [MainThread  ][DEBUG]  Setting hyperparameter tf=1.2323232323232323
2019-03-06 18:07:53,106 [MainThread  ][INFO ]  Starting optimization for tf=1.2323232323232323
2019-03-06 18:07:53,106 [MainThread  ][DEBUG]  Optimization method: Nelder-Mead
2019-03-06 18:07:53,106 [MainThread  ][DEBUG]  Optimization options: None
2019-03-06 18:07:53,106 [MainThread  ][INFO ]  Initial parameter values: [0.32563988486943973, -4.5902234474584604, -2.7372621861266233, 0.41077441077441074, 0.8215488215488215]
2019-03-06 18:08:15,222 [MainThread  ][INFO ]  Final fidelity: 0.8513160915366511
2019-03-06 18:08:15,223 [MainThread  ][INFO ]  Final parameters: [ 0.5375183  -6.58023131 -0.04607319  0.43985675  0.81508174]
2019-03-06 18:08:15,223 [MainThread  ][INFO ]  Fidelity: 0.8513160915366511
2019-03-06 18:08:15,223 [MainThread  ][INFO ]  ---- Starting iteration 61/100
2019-03-06 18:08:15,223 [MainThread  ][DEBUG]  Setting hyperparameter tf=1.2515151515151515
2019-03-06 18:08:15,224 [MainThread  ][INFO ]  Starting optimization for tf=1.2515151515151515
2019-03-06 18:08:15,224 [MainThread  ][DEBUG]  Optimization method: Nelder-Mead
2019-03-06 18:08:15,224 [MainThread  ][DEBUG]  Optimization options: None
2019-03-06 18:08:15,224 [MainThread  ][INFO ]  Initial parameter values: [-4.680041820666764, -4.399035107996484, -3.0494665451713487, 0.41717171717171714, 0.8343434343434343]
2019-03-06 18:08:58,241 [MainThread  ][INFO ]  Final fidelity: 0.9839796305293798
2019-03-06 18:08:58,242 [MainThread  ][INFO ]  Final parameters: [-9.16022291e+00 -3.38473237e-01  1.00043372e-03  4.09805305e-01
  7.64769261e-01]
2019-03-06 18:08:58,242 [MainThread  ][INFO ]  Fidelity: 0.9839796305293798
2019-03-06 18:08:58,242 [MainThread  ][INFO ]  ---- Starting iteration 62/100
2019-03-06 18:08:58,242 [MainThread  ][DEBUG]  Setting hyperparameter tf=1.2707070707070707
2019-03-06 18:08:58,243 [MainThread  ][INFO ]  Starting optimization for tf=1.2707070707070707
2019-03-06 18:08:58,243 [MainThread  ][DEBUG]  Optimization method: Nelder-Mead
2019-03-06 18:08:58,243 [MainThread  ][DEBUG]  Optimization options: None
2019-03-06 18:08:58,243 [MainThread  ][INFO ]  Initial parameter values: [4.30685834508761, -4.467511055352345, 1.5999157398222739, 0.42356902356902354, 0.8471380471380471]
2019-03-06 18:09:45,071 [MainThread  ][INFO ]  Final fidelity: 0.9846200582755598
2019-03-06 18:09:45,071 [MainThread  ][INFO ]  Final parameters: [ 9.45026249 -0.5277531  -0.02105623  0.39626577  0.83508169]
2019-03-06 18:09:45,072 [MainThread  ][INFO ]  Fidelity: 0.9846200582755598
2019-03-06 18:09:45,072 [MainThread  ][INFO ]  ---- Starting iteration 63/100
2019-03-06 18:09:45,072 [MainThread  ][DEBUG]  Setting hyperparameter tf=1.2898989898989899
2019-03-06 18:09:45,072 [MainThread  ][INFO ]  Starting optimization for tf=1.2898989898989899
2019-03-06 18:09:45,072 [MainThread  ][DEBUG]  Optimization method: Nelder-Mead
2019-03-06 18:09:45,072 [MainThread  ][DEBUG]  Optimization options: None
2019-03-06 18:09:45,073 [MainThread  ][INFO ]  Initial parameter values: [3.4548420483203817, -4.2738358626331765, -4.815565024476922, 0.42996632996632994, 0.8599326599326599]
2019-03-06 18:10:28,887 [MainThread  ][INFO ]  Final fidelity: 0.9860630059178641
2019-03-06 18:10:28,887 [MainThread  ][INFO ]  Final parameters: [8.7361553  2.42386977 0.42470892 0.41752005 0.72734489]
2019-03-06 18:10:28,887 [MainThread  ][INFO ]  Fidelity: 0.9860630059178641
2019-03-06 18:10:28,887 [MainThread  ][INFO ]  ---- Starting iteration 64/100
2019-03-06 18:10:28,888 [MainThread  ][DEBUG]  Setting hyperparameter tf=1.309090909090909
2019-03-06 18:10:28,888 [MainThread  ][INFO ]  Starting optimization for tf=1.309090909090909
2019-03-06 18:10:28,888 [MainThread  ][DEBUG]  Optimization method: Nelder-Mead
2019-03-06 18:10:28,888 [MainThread  ][DEBUG]  Optimization options: None
2019-03-06 18:10:28,888 [MainThread  ][INFO ]  Initial parameter values: [-1.5185973743159331, 1.851328500718667, 1.6248699877139323, 0.43636363636363634, 0.8727272727272727]
2019-03-06 18:11:53,504 [MainThread  ][INFO ]  Final fidelity: 0.9917330538566226
2019-03-06 18:11:53,505 [MainThread  ][INFO ]  Final parameters: [-9.38116997  1.65371268 -0.33075504  0.40632769  0.7188638 ]
2019-03-06 18:11:53,505 [MainThread  ][INFO ]  Fidelity: 0.9917330538566226
2019-03-06 18:11:53,505 [MainThread  ][INFO ]  ---- Starting iteration 65/100
2019-03-06 18:11:53,506 [MainThread  ][DEBUG]  Setting hyperparameter tf=1.3282828282828283
2019-03-06 18:11:53,506 [MainThread  ][INFO ]  Starting optimization for tf=1.3282828282828283
2019-03-06 18:11:53,506 [MainThread  ][DEBUG]  Optimization method: Nelder-Mead
2019-03-06 18:11:53,506 [MainThread  ][DEBUG]  Optimization options: None
2019-03-06 18:11:53,506 [MainThread  ][INFO ]  Initial parameter values: [2.162619956065467, 3.0024379807979074, 0.5159617356374664, 0.44276094276094274, 0.8855218855218855]
2019-03-06 18:12:30,151 [MainThread  ][INFO ]  Final fidelity: 0.9552961008748565
2019-03-06 18:12:30,152 [MainThread  ][INFO ]  Final parameters: [ 9.99999152  4.48499848 -1.96472942  0.11748703  0.88928364]
2019-03-06 18:12:30,152 [MainThread  ][INFO ]  Fidelity: 0.9552961008748565
2019-03-06 18:12:30,152 [MainThread  ][INFO ]  ---- Starting iteration 66/100
2019-03-06 18:12:30,152 [MainThread  ][DEBUG]  Setting hyperparameter tf=1.3474747474747475
2019-03-06 18:12:30,153 [MainThread  ][INFO ]  Starting optimization for tf=1.3474747474747475
2019-03-06 18:12:30,153 [MainThread  ][DEBUG]  Optimization method: Nelder-Mead
2019-03-06 18:12:30,153 [MainThread  ][DEBUG]  Optimization options: None
2019-03-06 18:12:30,153 [MainThread  ][INFO ]  Initial parameter values: [-0.677199043307839, 2.3390579406606005, 3.4257442956905937, 0.44915824915824915, 0.8983164983164983]
2019-03-06 18:13:09,855 [MainThread  ][INFO ]  Final fidelity: 0.988860867130894
2019-03-06 18:13:09,856 [MainThread  ][INFO ]  Final parameters: [0.35544228 8.47892845 0.0353969  0.03300916 0.52853329]
2019-03-06 18:13:09,856 [MainThread  ][INFO ]  Fidelity: 0.988860867130894
2019-03-06 18:13:09,856 [MainThread  ][INFO ]  ---- Starting iteration 67/100
2019-03-06 18:13:09,857 [MainThread  ][DEBUG]  Setting hyperparameter tf=1.3666666666666667
2019-03-06 18:13:09,857 [MainThread  ][INFO ]  Starting optimization for tf=1.3666666666666667
2019-03-06 18:13:09,857 [MainThread  ][DEBUG]  Optimization method: Nelder-Mead
2019-03-06 18:13:09,857 [MainThread  ][DEBUG]  Optimization options: None
2019-03-06 18:13:09,857 [MainThread  ][INFO ]  Initial parameter values: [1.579529797123918, -1.6262999668635238, 3.694821708989565, 0.45555555555555555, 0.9111111111111111]
2019-03-06 18:14:06,366 [MainThread  ][INFO ]  Final fidelity: 0.991260412590053
2019-03-06 18:14:06,366 [MainThread  ][INFO ]  Final parameters: [ 8.10808632 -0.18630729  0.16490346  0.55057384  0.87939735]
2019-03-06 18:14:06,366 [MainThread  ][INFO ]  Fidelity: 0.991260412590053
2019-03-06 18:14:06,367 [MainThread  ][INFO ]  ---- Starting iteration 68/100
2019-03-06 18:14:06,367 [MainThread  ][DEBUG]  Setting hyperparameter tf=1.385858585858586
2019-03-06 18:14:06,367 [MainThread  ][INFO ]  Starting optimization for tf=1.385858585858586
2019-03-06 18:14:06,367 [MainThread  ][DEBUG]  Optimization method: Nelder-Mead
2019-03-06 18:14:06,367 [MainThread  ][DEBUG]  Optimization options: None
2019-03-06 18:14:06,367 [MainThread  ][INFO ]  Initial parameter values: [-0.17816846224169147, -2.30854436292923, -0.35339948430646473, 0.46195286195286195, 0.9239057239057239]
2019-03-06 18:14:35,965 [MainThread  ][INFO ]  Final fidelity: 0.9463548421233546
2019-03-06 18:14:35,965 [MainThread  ][INFO ]  Final parameters: [-0.19230955 -5.54465518 -0.41684472  0.02997411  0.91062382]
2019-03-06 18:14:35,966 [MainThread  ][INFO ]  Fidelity: 0.9463548421233546
2019-03-06 18:14:35,966 [MainThread  ][INFO ]  ---- Starting iteration 69/100
2019-03-06 18:14:35,966 [MainThread  ][DEBUG]  Setting hyperparameter tf=1.405050505050505
2019-03-06 18:14:35,966 [MainThread  ][INFO ]  Starting optimization for tf=1.405050505050505
2019-03-06 18:14:35,966 [MainThread  ][DEBUG]  Optimization method: Nelder-Mead
2019-03-06 18:14:35,966 [MainThread  ][DEBUG]  Optimization options: None
2019-03-06 18:14:35,967 [MainThread  ][INFO ]  Initial parameter values: [1.8264276172837635, -4.641156323912999, 1.6641773343609243, 0.46835016835016835, 0.9367003367003367]
2019-03-06 18:15:10,528 [MainThread  ][INFO ]  Final fidelity: 0.9955925933273958
2019-03-06 18:15:10,540 [MainThread  ][INFO ]  Final parameters: [ 8.82733081 -1.32778319 -1.3123474   0.47142271  0.95432269]
2019-03-06 18:15:10,540 [MainThread  ][INFO ]  Fidelity: 0.9955925933273958
2019-03-06 18:15:10,540 [MainThread  ][INFO ]  ---- Starting iteration 70/100
2019-03-06 18:15:10,541 [MainThread  ][DEBUG]  Setting hyperparameter tf=1.4242424242424243
2019-03-06 18:15:10,541 [MainThread  ][INFO ]  Starting optimization for tf=1.4242424242424243
2019-03-06 18:15:10,541 [MainThread  ][DEBUG]  Optimization method: Nelder-Mead
2019-03-06 18:15:10,541 [MainThread  ][DEBUG]  Optimization options: None
2019-03-06 18:15:10,541 [MainThread  ][INFO ]  Initial parameter values: [1.4231332200821543, -2.140616269772556, -1.3924619440542019, 0.47474747474747475, 0.9494949494949495]
2019-03-06 18:15:55,113 [MainThread  ][INFO ]  Final fidelity: 0.934153523660901
2019-03-06 18:15:55,113 [MainThread  ][INFO ]  Final parameters: [ 4.11467792 -7.1260594  -0.98910059  0.49032586  0.83374854]
2019-03-06 18:15:55,113 [MainThread  ][INFO ]  Fidelity: 0.934153523660901
2019-03-06 18:15:55,114 [MainThread  ][INFO ]  ---- Starting iteration 71/100
2019-03-06 18:15:55,114 [MainThread  ][DEBUG]  Setting hyperparameter tf=1.4434343434343435
2019-03-06 18:15:55,114 [MainThread  ][INFO ]  Starting optimization for tf=1.4434343434343435
2019-03-06 18:15:55,114 [MainThread  ][DEBUG]  Optimization method: Nelder-Mead
2019-03-06 18:15:55,114 [MainThread  ][DEBUG]  Optimization options: None
2019-03-06 18:15:55,114 [MainThread  ][INFO ]  Initial parameter values: [-4.947355102140926, -4.950702498410223, -3.4181763990807856, 0.48114478114478115, 0.9622895622895623]
2019-03-06 18:16:34,764 [MainThread  ][INFO ]  Final fidelity: 0.9955832005782704
2019-03-06 18:16:34,765 [MainThread  ][INFO ]  Final parameters: [-7.58336697 -8.36503966  0.27561469  0.38792171  0.60059832]
2019-03-06 18:16:34,765 [MainThread  ][INFO ]  Fidelity: 0.9955832005782704
2019-03-06 18:16:34,765 [MainThread  ][INFO ]  ---- Starting iteration 72/100
2019-03-06 18:16:34,766 [MainThread  ][DEBUG]  Setting hyperparameter tf=1.4626262626262627
2019-03-06 18:16:34,766 [MainThread  ][INFO ]  Starting optimization for tf=1.4626262626262627
2019-03-06 18:16:34,766 [MainThread  ][DEBUG]  Optimization method: Nelder-Mead
2019-03-06 18:16:34,766 [MainThread  ][DEBUG]  Optimization options: None
2019-03-06 18:16:34,766 [MainThread  ][INFO ]  Initial parameter values: [-1.3066089541285066, -0.19826596989535616, 4.0495377921923, 0.48754208754208755, 0.9750841750841751]
2019-03-06 18:17:14,814 [MainThread  ][INFO ]  Final fidelity: 0.9885364239503162
2019-03-06 18:17:14,821 [MainThread  ][INFO ]  Final parameters: [-9.82212987 -0.06163425  2.28368794  0.36711604  0.46087735]
2019-03-06 18:17:14,821 [MainThread  ][INFO ]  Fidelity: 0.9885364239503162
2019-03-06 18:17:14,821 [MainThread  ][INFO ]  ---- Starting iteration 73/100
2019-03-06 18:17:14,821 [MainThread  ][DEBUG]  Setting hyperparameter tf=1.481818181818182
2019-03-06 18:17:14,821 [MainThread  ][INFO ]  Starting optimization for tf=1.481818181818182
2019-03-06 18:17:14,821 [MainThread  ][DEBUG]  Optimization method: Nelder-Mead
2019-03-06 18:17:14,821 [MainThread  ][DEBUG]  Optimization options: None
2019-03-06 18:17:14,821 [MainThread  ][INFO ]  Initial parameter values: [-3.259883965716257, 0.4050017482176047, 3.2876791055127725, 0.49393939393939396, 0.9878787878787879]
2019-03-06 18:17:49,682 [MainThread  ][INFO ]  Final fidelity: 0.9806035833223429
2019-03-06 18:17:49,683 [MainThread  ][INFO ]  Final parameters: [-6.04189743  0.15152593 -0.18141157  0.8832281   0.88356532]
2019-03-06 18:17:49,683 [MainThread  ][INFO ]  Fidelity: 0.9806035833223429
2019-03-06 18:17:49,683 [MainThread  ][INFO ]  ---- Starting iteration 74/100
2019-03-06 18:17:49,683 [MainThread  ][DEBUG]  Setting hyperparameter tf=1.501010101010101
2019-03-06 18:17:49,683 [MainThread  ][INFO ]  Starting optimization for tf=1.501010101010101
2019-03-06 18:17:49,684 [MainThread  ][DEBUG]  Optimization method: Nelder-Mead
2019-03-06 18:17:49,684 [MainThread  ][DEBUG]  Optimization options: None
2019-03-06 18:17:49,684 [MainThread  ][INFO ]  Initial parameter values: [1.9455423421876166, 0.9551177356827054, 3.7281604169498763, 0.5003367003367003, 1.0006734006734006]
2019-03-06 18:18:24,917 [MainThread  ][INFO ]  Final fidelity: 0.9893145870253782
2019-03-06 18:18:24,918 [MainThread  ][INFO ]  Final parameters: [8.88994535 0.10169801 2.30538285 0.4339051  0.43450928]
2019-03-06 18:18:24,918 [MainThread  ][INFO ]  Fidelity: 0.9893145870253782
2019-03-06 18:18:24,918 [MainThread  ][INFO ]  ---- Starting iteration 75/100
2019-03-06 18:18:24,918 [MainThread  ][DEBUG]  Setting hyperparameter tf=1.52020202020202
2019-03-06 18:18:24,918 [MainThread  ][INFO ]  Starting optimization for tf=1.52020202020202
2019-03-06 18:18:24,918 [MainThread  ][DEBUG]  Optimization method: Nelder-Mead
2019-03-06 18:18:24,919 [MainThread  ][DEBUG]  Optimization options: None
2019-03-06 18:18:24,919 [MainThread  ][INFO ]  Initial parameter values: [1.4330828525345911, 2.2223067039508475, 3.132836826812987, 0.5067340067340067, 1.0134680134680134]
2019-03-06 18:18:48,357 [MainThread  ][INFO ]  Final fidelity: 0.913870382971537
2019-03-06 18:18:48,358 [MainThread  ][INFO ]  Final parameters: [1.54085421e+00 4.86333090e+00 3.51883173e+00 9.44206137e-06
 4.24352897e-01]
2019-03-06 18:18:48,358 [MainThread  ][INFO ]  Fidelity: 0.913870382971537
2019-03-06 18:18:48,358 [MainThread  ][INFO ]  ---- Starting iteration 76/100
2019-03-06 18:18:48,359 [MainThread  ][DEBUG]  Setting hyperparameter tf=1.5393939393939393
2019-03-06 18:18:48,359 [MainThread  ][INFO ]  Starting optimization for tf=1.5393939393939393
2019-03-06 18:18:48,359 [MainThread  ][DEBUG]  Optimization method: Nelder-Mead
2019-03-06 18:18:48,359 [MainThread  ][DEBUG]  Optimization options: None
2019-03-06 18:18:48,359 [MainThread  ][INFO ]  Initial parameter values: [1.6949014749052003, 2.4175070487590204, -1.8739843488466978, 0.5131313131313131, 1.0262626262626262]
2019-03-06 18:20:00,742 [MainThread  ][INFO ]  Final fidelity: 0.9871660152066082
2019-03-06 18:20:00,743 [MainThread  ][INFO ]  Final parameters: [ 6.06728737  1.68199961 -0.43382965  0.91343361  0.97809137]
2019-03-06 18:20:00,743 [MainThread  ][INFO ]  Fidelity: 0.9871660152066082
2019-03-06 18:20:00,743 [MainThread  ][INFO ]  ---- Starting iteration 77/100
2019-03-06 18:20:00,743 [MainThread  ][DEBUG]  Setting hyperparameter tf=1.5585858585858585
2019-03-06 18:20:00,744 [MainThread  ][INFO ]  Starting optimization for tf=1.5585858585858585
2019-03-06 18:20:00,744 [MainThread  ][DEBUG]  Optimization method: Nelder-Mead
2019-03-06 18:20:00,744 [MainThread  ][DEBUG]  Optimization options: None
2019-03-06 18:20:00,744 [MainThread  ][INFO ]  Initial parameter values: [2.0092874816144644, 4.197987465604665, 1.6909448968655685, 0.5195286195286195, 1.039057239057239]
2019-03-06 18:20:38,302 [MainThread  ][INFO ]  Final fidelity: 0.9978834660517584
2019-03-06 18:20:38,303 [MainThread  ][INFO ]  Final parameters: [5.32194954 6.97997847 0.41960788 0.09132886 0.80489194]
2019-03-06 18:20:38,303 [MainThread  ][INFO ]  Fidelity: 0.9978834660517584
2019-03-06 18:20:38,303 [MainThread  ][INFO ]  ---- Starting iteration 78/100
2019-03-06 18:20:38,303 [MainThread  ][DEBUG]  Setting hyperparameter tf=1.5777777777777777
2019-03-06 18:20:38,303 [MainThread  ][INFO ]  Starting optimization for tf=1.5777777777777777
2019-03-06 18:20:38,303 [MainThread  ][DEBUG]  Optimization method: Nelder-Mead
2019-03-06 18:20:38,304 [MainThread  ][DEBUG]  Optimization options: None
2019-03-06 18:20:38,304 [MainThread  ][INFO ]  Initial parameter values: [-3.033285130410741, -1.0625201404809834, 1.4999220642484756, 0.5259259259259259, 1.0518518518518518]
2019-03-06 18:21:16,892 [MainThread  ][INFO ]  Final fidelity: 0.9943175370067286
2019-03-06 18:21:16,892 [MainThread  ][INFO ]  Final parameters: [-7.45414612 -0.82165346  2.11718695  0.66688032  1.06130941]
2019-03-06 18:21:16,892 [MainThread  ][INFO ]  Fidelity: 0.9943175370067286
2019-03-06 18:21:16,892 [MainThread  ][INFO ]  ---- Starting iteration 79/100
2019-03-06 18:21:16,893 [MainThread  ][DEBUG]  Setting hyperparameter tf=1.596969696969697
2019-03-06 18:21:16,893 [MainThread  ][INFO ]  Starting optimization for tf=1.596969696969697
2019-03-06 18:21:16,893 [MainThread  ][DEBUG]  Optimization method: Nelder-Mead
2019-03-06 18:21:16,893 [MainThread  ][DEBUG]  Optimization options: None
2019-03-06 18:21:16,893 [MainThread  ][INFO ]  Initial parameter values: [3.7288981068045874, -1.124851085536526, 4.218319844312566, 0.5323232323232323, 1.0646464646464646]
2019-03-06 18:21:54,391 [MainThread  ][INFO ]  Final fidelity: 0.9871642162778612
2019-03-06 18:21:54,392 [MainThread  ][INFO ]  Final parameters: [ 8.29165377 -1.75825812 -2.40781698  0.54095945  1.05209855]
2019-03-06 18:21:54,392 [MainThread  ][INFO ]  Fidelity: 0.9871642162778612
2019-03-06 18:21:54,392 [MainThread  ][INFO ]  ---- Starting iteration 80/100
2019-03-06 18:21:54,392 [MainThread  ][DEBUG]  Setting hyperparameter tf=1.6161616161616161
2019-03-06 18:21:54,393 [MainThread  ][INFO ]  Starting optimization for tf=1.6161616161616161
2019-03-06 18:21:54,393 [MainThread  ][DEBUG]  Optimization method: Nelder-Mead
2019-03-06 18:21:54,393 [MainThread  ][DEBUG]  Optimization options: None
2019-03-06 18:21:54,393 [MainThread  ][INFO ]  Initial parameter values: [4.699025149415434, 3.614412107816854, -4.643595772669907, 0.5387205387205387, 1.0774410774410774]
2019-03-06 18:22:41,699 [MainThread  ][INFO ]  Final fidelity: 0.9949189878525292
2019-03-06 18:22:41,700 [MainThread  ][INFO ]  Final parameters: [6.75820514 4.05939473 0.16130371 0.67639832 1.11439244]
2019-03-06 18:22:41,700 [MainThread  ][INFO ]  Fidelity: 0.9949189878525292
2019-03-06 18:22:41,701 [MainThread  ][INFO ]  ---- Starting iteration 81/100
2019-03-06 18:22:41,701 [MainThread  ][DEBUG]  Setting hyperparameter tf=1.6353535353535353
2019-03-06 18:22:41,701 [MainThread  ][INFO ]  Starting optimization for tf=1.6353535353535353
2019-03-06 18:22:41,701 [MainThread  ][DEBUG]  Optimization method: Nelder-Mead
2019-03-06 18:22:41,701 [MainThread  ][DEBUG]  Optimization options: None
2019-03-06 18:22:41,701 [MainThread  ][INFO ]  Initial parameter values: [-1.202364138532639, -4.798602046126143, -3.731748264867387, 0.5451178451178451, 1.0902356902356902]
2019-03-06 18:23:35,428 [MainThread  ][INFO ]  Final fidelity: 0.9935910670956951
2019-03-06 18:23:35,429 [MainThread  ][INFO ]  Final parameters: [-2.18566826 -5.87216694 -0.02675148  0.02683779  1.03963361]
2019-03-06 18:23:35,429 [MainThread  ][INFO ]  Fidelity: 0.9935910670956951
2019-03-06 18:23:35,429 [MainThread  ][INFO ]  ---- Starting iteration 82/100
2019-03-06 18:23:35,430 [MainThread  ][DEBUG]  Setting hyperparameter tf=1.6545454545454545
2019-03-06 18:23:35,430 [MainThread  ][INFO ]  Starting optimization for tf=1.6545454545454545
2019-03-06 18:23:35,430 [MainThread  ][DEBUG]  Optimization method: Nelder-Mead
2019-03-06 18:23:35,430 [MainThread  ][DEBUG]  Optimization options: None
2019-03-06 18:23:35,430 [MainThread  ][INFO ]  Initial parameter values: [4.786243234010486, 2.3745123321142847, 3.0421583441621998, 0.5515151515151515, 1.103030303030303]
2019-03-06 18:23:59,747 [MainThread  ][INFO ]  Final fidelity: 0.9953581669774815
2019-03-06 18:23:59,748 [MainThread  ][INFO ]  Final parameters: [8.08675949 3.01446748 2.89141737 0.48190463 0.61621358]
2019-03-06 18:23:59,748 [MainThread  ][INFO ]  Fidelity: 0.9953581669774815
2019-03-06 18:23:59,749 [MainThread  ][INFO ]  ---- Starting iteration 83/100
2019-03-06 18:23:59,749 [MainThread  ][DEBUG]  Setting hyperparameter tf=1.6737373737373737
2019-03-06 18:23:59,749 [MainThread  ][INFO ]  Starting optimization for tf=1.6737373737373737
2019-03-06 18:23:59,749 [MainThread  ][DEBUG]  Optimization method: Nelder-Mead
2019-03-06 18:23:59,749 [MainThread  ][DEBUG]  Optimization options: None
2019-03-06 18:23:59,749 [MainThread  ][INFO ]  Initial parameter values: [-2.9308427520571434, -0.34373162918988776, -2.7085565640446365, 0.5579124579124579, 1.1158249158249158]
2019-03-06 18:24:40,418 [MainThread  ][INFO ]  Final fidelity: 0.9933495942735742
2019-03-06 18:24:40,418 [MainThread  ][INFO ]  Final parameters: [-7.27215323 -0.09347303 -2.51628621  0.65701881  0.67184105]
2019-03-06 18:24:40,419 [MainThread  ][INFO ]  Fidelity: 0.9933495942735742
2019-03-06 18:24:40,419 [MainThread  ][INFO ]  ---- Starting iteration 84/100
2019-03-06 18:24:40,419 [MainThread  ][DEBUG]  Setting hyperparameter tf=1.692929292929293
2019-03-06 18:24:40,419 [MainThread  ][INFO ]  Starting optimization for tf=1.692929292929293
2019-03-06 18:24:40,419 [MainThread  ][DEBUG]  Optimization method: Nelder-Mead
2019-03-06 18:24:40,419 [MainThread  ][DEBUG]  Optimization options: None
2019-03-06 18:24:40,420 [MainThread  ][INFO ]  Initial parameter values: [-1.843030814464174, 0.5344082980037212, -1.9048008937161978, 0.5643097643097643, 1.1286195286195286]
2019-03-06 18:25:12,733 [MainThread  ][INFO ]  Final fidelity: 0.9768732106223394
2019-03-06 18:25:12,734 [MainThread  ][INFO ]  Final parameters: [-7.47848313  1.15043262 -3.02643445  0.61359564  1.00601432]
2019-03-06 18:25:12,734 [MainThread  ][INFO ]  Fidelity: 0.9768732106223394
2019-03-06 18:25:12,734 [MainThread  ][INFO ]  ---- Starting iteration 85/100
2019-03-06 18:25:12,735 [MainThread  ][DEBUG]  Setting hyperparameter tf=1.7121212121212122
2019-03-06 18:25:12,735 [MainThread  ][INFO ]  Starting optimization for tf=1.7121212121212122
2019-03-06 18:25:12,735 [MainThread  ][DEBUG]  Optimization method: Nelder-Mead
2019-03-06 18:25:12,735 [MainThread  ][DEBUG]  Optimization options: None
2019-03-06 18:25:12,735 [MainThread  ][INFO ]  Initial parameter values: [0.5262912636526673, 3.050861404673755, 4.222718304287405, 0.5707070707070707, 1.1414141414141414]
2019-03-06 18:26:25,835 [MainThread  ][INFO ]  Final fidelity: 0.9986983847536627
2019-03-06 18:26:25,836 [MainThread  ][INFO ]  Final parameters: [ 7.9529907   3.79688742 -2.14487369  0.4123312   1.34451867]
2019-03-06 18:26:25,836 [MainThread  ][INFO ]  Fidelity: 0.9986983847536627
2019-03-06 18:26:25,836 [MainThread  ][INFO ]  ---- Starting iteration 86/100
2019-03-06 18:26:25,837 [MainThread  ][DEBUG]  Setting hyperparameter tf=1.7313131313131314
2019-03-06 18:26:25,837 [MainThread  ][INFO ]  Starting optimization for tf=1.7313131313131314
2019-03-06 18:26:25,837 [MainThread  ][DEBUG]  Optimization method: Nelder-Mead
2019-03-06 18:26:25,837 [MainThread  ][DEBUG]  Optimization options: None
2019-03-06 18:26:25,837 [MainThread  ][INFO ]  Initial parameter values: [-0.6806214339452046, 1.2538873351191073, -2.58051614836607, 0.5771043771043771, 1.1542087542087542]
2019-03-06 18:27:14,033 [MainThread  ][INFO ]  Final fidelity: 0.9991611539117048
2019-03-06 18:27:14,034 [MainThread  ][INFO ]  Final parameters: [ 3.09170177  7.75694196 -0.23475355  0.33861264  0.91740761]
2019-03-06 18:27:14,034 [MainThread  ][INFO ]  Fidelity: 0.9991611539117048
2019-03-06 18:27:14,034 [MainThread  ][INFO ]  ---- Starting iteration 87/100
2019-03-06 18:27:14,035 [MainThread  ][DEBUG]  Setting hyperparameter tf=1.7505050505050506
2019-03-06 18:27:14,035 [MainThread  ][INFO ]  Starting optimization for tf=1.7505050505050506
2019-03-06 18:27:14,035 [MainThread  ][DEBUG]  Optimization method: Nelder-Mead
2019-03-06 18:27:14,035 [MainThread  ][DEBUG]  Optimization options: None
2019-03-06 18:27:14,035 [MainThread  ][INFO ]  Initial parameter values: [4.952230957878399, -1.9424748994847354, 1.2392857042353533, 0.5835016835016835, 1.167003367003367]
2019-03-06 18:27:45,098 [MainThread  ][INFO ]  Final fidelity: 0.9760499820403431
2019-03-06 18:27:45,099 [MainThread  ][INFO ]  Final parameters: [ 6.1007272  -4.9759335  -0.81154899  0.64872942  1.20891837]
2019-03-06 18:27:45,099 [MainThread  ][INFO ]  Fidelity: 0.9760499820403431
2019-03-06 18:27:45,099 [MainThread  ][INFO ]  ---- Starting iteration 88/100
2019-03-06 18:27:45,099 [MainThread  ][DEBUG]  Setting hyperparameter tf=1.7696969696969698
2019-03-06 18:27:45,099 [MainThread  ][INFO ]  Starting optimization for tf=1.7696969696969698
2019-03-06 18:27:45,099 [MainThread  ][DEBUG]  Optimization method: Nelder-Mead
2019-03-06 18:27:45,100 [MainThread  ][DEBUG]  Optimization options: None
2019-03-06 18:27:45,100 [MainThread  ][INFO ]  Initial parameter values: [2.700505564844735, 3.104287629951049, 2.5309469054256564, 0.5898989898989899, 1.1797979797979798]
2019-03-06 18:28:21,578 [MainThread  ][INFO ]  Final fidelity: 0.9981515969352194
2019-03-06 18:28:21,578 [MainThread  ][INFO ]  Final parameters: [1.71248749 6.27545178 1.99257837 0.05108022 0.96515682]
2019-03-06 18:28:21,579 [MainThread  ][INFO ]  Fidelity: 0.9981515969352194
2019-03-06 18:28:21,579 [MainThread  ][INFO ]  ---- Starting iteration 89/100
2019-03-06 18:28:21,579 [MainThread  ][DEBUG]  Setting hyperparameter tf=1.7888888888888888
2019-03-06 18:28:21,579 [MainThread  ][INFO ]  Starting optimization for tf=1.7888888888888888
2019-03-06 18:28:21,579 [MainThread  ][DEBUG]  Optimization method: Nelder-Mead
2019-03-06 18:28:21,580 [MainThread  ][DEBUG]  Optimization options: None
2019-03-06 18:28:21,580 [MainThread  ][INFO ]  Initial parameter values: [2.538490805649177, 2.0477624401635524, -3.966670129156673, 0.5962962962962962, 1.1925925925925924]
2019-03-06 18:28:51,507 [MainThread  ][INFO ]  Final fidelity: 0.9510969772112888
2019-03-06 18:28:51,508 [MainThread  ][INFO ]  Final parameters: [ 8.89087594  1.57224983 -4.1808459   0.4160319   1.24461232]
2019-03-06 18:28:51,508 [MainThread  ][INFO ]  Fidelity: 0.9510969772112888
2019-03-06 18:28:51,508 [MainThread  ][INFO ]  ---- Starting iteration 90/100
2019-03-06 18:28:51,509 [MainThread  ][DEBUG]  Setting hyperparameter tf=1.808080808080808
2019-03-06 18:28:51,509 [MainThread  ][INFO ]  Starting optimization for tf=1.808080808080808
2019-03-06 18:28:51,509 [MainThread  ][DEBUG]  Optimization method: Nelder-Mead
2019-03-06 18:28:51,509 [MainThread  ][DEBUG]  Optimization options: None
2019-03-06 18:28:51,509 [MainThread  ][INFO ]  Initial parameter values: [2.0625335457730376, 0.03652924074011654, -2.043906433848944, 0.6026936026936026, 1.2053872053872052]
2019-03-06 18:29:42,271 [MainThread  ][INFO ]  Final fidelity: 0.9626477342425648
2019-03-06 18:29:42,272 [MainThread  ][INFO ]  Final parameters: [ 7.07335742  0.39492964 -3.30131635  0.59767992  0.69107245]
2019-03-06 18:29:42,272 [MainThread  ][INFO ]  Fidelity: 0.9626477342425648
2019-03-06 18:29:42,272 [MainThread  ][INFO ]  ---- Starting iteration 91/100
2019-03-06 18:29:42,272 [MainThread  ][DEBUG]  Setting hyperparameter tf=1.8272727272727272
2019-03-06 18:29:42,272 [MainThread  ][INFO ]  Starting optimization for tf=1.8272727272727272
2019-03-06 18:29:42,273 [MainThread  ][DEBUG]  Optimization method: Nelder-Mead
2019-03-06 18:29:42,273 [MainThread  ][DEBUG]  Optimization options: None
2019-03-06 18:29:42,273 [MainThread  ][INFO ]  Initial parameter values: [1.5537261743921924, -1.6959165921375052, -0.14721001082979335, 0.609090909090909, 1.218181818181818]
2019-03-06 18:30:28,060 [MainThread  ][INFO ]  Final fidelity: 0.9898485304176892
2019-03-06 18:30:28,061 [MainThread  ][INFO ]  Final parameters: [ 5.25651342 -6.49434816  0.32413329  0.73372634  1.16326512]
2019-03-06 18:30:28,061 [MainThread  ][INFO ]  Fidelity: 0.9898485304176892
2019-03-06 18:30:28,061 [MainThread  ][INFO ]  ---- Starting iteration 92/100
2019-03-06 18:30:28,062 [MainThread  ][DEBUG]  Setting hyperparameter tf=1.8464646464646464
2019-03-06 18:30:28,062 [MainThread  ][INFO ]  Starting optimization for tf=1.8464646464646464
2019-03-06 18:30:28,062 [MainThread  ][DEBUG]  Optimization method: Nelder-Mead
2019-03-06 18:30:28,062 [MainThread  ][DEBUG]  Optimization options: None
2019-03-06 18:30:28,062 [MainThread  ][INFO ]  Initial parameter values: [-0.6884440139850909, -4.421365243431391, 4.689212221629724, 0.6154882154882154, 1.2309764309764308]
2019-03-06 18:31:58,127 [MainThread  ][INFO ]  Final fidelity: 0.9611396971351158
2019-03-06 18:31:58,128 [MainThread  ][INFO ]  Final parameters: [-0.58065345 -5.10805366 -0.11716572  0.30393653  1.43398141]
2019-03-06 18:31:58,128 [MainThread  ][INFO ]  Fidelity: 0.9611396971351158
2019-03-06 18:31:58,128 [MainThread  ][INFO ]  ---- Starting iteration 93/100
2019-03-06 18:31:58,129 [MainThread  ][DEBUG]  Setting hyperparameter tf=1.8656565656565656
2019-03-06 18:31:58,129 [MainThread  ][INFO ]  Starting optimization for tf=1.8656565656565656
2019-03-06 18:31:58,129 [MainThread  ][DEBUG]  Optimization method: Nelder-Mead
2019-03-06 18:31:58,129 [MainThread  ][DEBUG]  Optimization options: None
2019-03-06 18:31:58,129 [MainThread  ][INFO ]  Initial parameter values: [2.893907031711591, 0.8989969446747681, -4.169377055100211, 0.6218855218855218, 1.2437710437710436]
2019-03-06 18:32:31,584 [MainThread  ][INFO ]  Final fidelity: 0.9641922388690062
2019-03-06 18:32:31,585 [MainThread  ][INFO ]  Final parameters: [ 7.39234182 -0.75499347 -3.73716061  0.62587482  1.09892811]
2019-03-06 18:32:31,585 [MainThread  ][INFO ]  Fidelity: 0.9641922388690062
2019-03-06 18:32:31,585 [MainThread  ][INFO ]  ---- Starting iteration 94/100
2019-03-06 18:32:31,586 [MainThread  ][DEBUG]  Setting hyperparameter tf=1.8848484848484848
2019-03-06 18:32:31,586 [MainThread  ][INFO ]  Starting optimization for tf=1.8848484848484848
2019-03-06 18:32:31,586 [MainThread  ][DEBUG]  Optimization method: Nelder-Mead
2019-03-06 18:32:31,586 [MainThread  ][DEBUG]  Optimization options: None
2019-03-06 18:32:31,586 [MainThread  ][INFO ]  Initial parameter values: [-0.10717003348971943, -2.3145453169134997, 3.418674593691465, 0.6282828282828282, 1.2565656565656564]
2019-03-06 18:33:08,794 [MainThread  ][INFO ]  Final fidelity: 0.9944163712354817
2019-03-06 18:33:08,794 [MainThread  ][INFO ]  Final parameters: [ 0.06228324 -5.21564966  0.21002308  0.04324595  1.41067637]
2019-03-06 18:33:08,794 [MainThread  ][INFO ]  Fidelity: 0.9944163712354817
2019-03-06 18:33:08,794 [MainThread  ][INFO ]  ---- Starting iteration 95/100
2019-03-06 18:33:08,795 [MainThread  ][DEBUG]  Setting hyperparameter tf=1.904040404040404
2019-03-06 18:33:08,795 [MainThread  ][INFO ]  Starting optimization for tf=1.904040404040404
2019-03-06 18:33:08,795 [MainThread  ][DEBUG]  Optimization method: Nelder-Mead
2019-03-06 18:33:08,795 [MainThread  ][DEBUG]  Optimization options: None
2019-03-06 18:33:08,795 [MainThread  ][INFO ]  Initial parameter values: [-4.960344662634175, 2.0740491844452977, -0.7383345766888461, 0.6346801346801346, 1.2693602693602692]
2019-03-06 18:33:34,295 [MainThread  ][INFO ]  Final fidelity: 0.989693038098577
2019-03-06 18:33:34,295 [MainThread  ][INFO ]  Final parameters: [-5.3735394   5.20234893 -0.00885174  0.67629127  1.40356325]
2019-03-06 18:33:34,296 [MainThread  ][INFO ]  Fidelity: 0.989693038098577
2019-03-06 18:33:34,296 [MainThread  ][INFO ]  ---- Starting iteration 96/100
2019-03-06 18:33:34,296 [MainThread  ][DEBUG]  Setting hyperparameter tf=1.9232323232323232
2019-03-06 18:33:34,296 [MainThread  ][INFO ]  Starting optimization for tf=1.9232323232323232
2019-03-06 18:33:34,296 [MainThread  ][DEBUG]  Optimization method: Nelder-Mead
2019-03-06 18:33:34,296 [MainThread  ][DEBUG]  Optimization options: None
2019-03-06 18:33:34,297 [MainThread  ][INFO ]  Initial parameter values: [2.758118259731943, -2.054199915317727, 2.235761868333891, 0.641077441077441, 1.282154882154882]
2019-03-06 18:34:53,126 [MainThread  ][INFO ]  Final fidelity: 0.9934705473430356
2019-03-06 18:34:53,127 [MainThread  ][INFO ]  Final parameters: [ 4.56009727 -6.25837179  0.33810646  0.61294131  1.26914266]
2019-03-06 18:34:53,127 [MainThread  ][INFO ]  Fidelity: 0.9934705473430356
2019-03-06 18:34:53,127 [MainThread  ][INFO ]  ---- Starting iteration 97/100
2019-03-06 18:34:53,127 [MainThread  ][DEBUG]  Setting hyperparameter tf=1.9424242424242424
2019-03-06 18:34:53,127 [MainThread  ][INFO ]  Starting optimization for tf=1.9424242424242424
2019-03-06 18:34:53,128 [MainThread  ][DEBUG]  Optimization method: Nelder-Mead
2019-03-06 18:34:53,128 [MainThread  ][DEBUG]  Optimization options: None
2019-03-06 18:34:53,128 [MainThread  ][INFO ]  Initial parameter values: [-1.5927926538466441, -3.6458575249212313, -4.723927392122053, 0.6474747474747474, 1.2949494949494949]
2019-03-06 18:35:38,669 [MainThread  ][INFO ]  Final fidelity: 0.9840821476266642
2019-03-06 18:35:38,670 [MainThread  ][INFO ]  Final parameters: [-3.44150609 -4.79654641  0.27609304  0.14798061  1.59762977]
2019-03-06 18:35:38,670 [MainThread  ][INFO ]  Fidelity: 0.9840821476266642
2019-03-06 18:35:38,670 [MainThread  ][INFO ]  ---- Starting iteration 98/100
2019-03-06 18:35:38,671 [MainThread  ][DEBUG]  Setting hyperparameter tf=1.9616161616161616
2019-03-06 18:35:38,671 [MainThread  ][INFO ]  Starting optimization for tf=1.9616161616161616
2019-03-06 18:35:38,671 [MainThread  ][DEBUG]  Optimization method: Nelder-Mead
2019-03-06 18:35:38,671 [MainThread  ][DEBUG]  Optimization options: None
2019-03-06 18:35:38,671 [MainThread  ][INFO ]  Initial parameter values: [-0.009177990092494426, 2.144677823200766, 1.4516347513947299, 0.6538720538720538, 1.3077441077441077]
2019-03-06 18:36:26,227 [MainThread  ][INFO ]  Final fidelity: 0.8808461764708286
2019-03-06 18:36:26,228 [MainThread  ][INFO ]  Final parameters: [-0.02386593  4.15904124  0.02291312  0.63678494  1.82783764]
2019-03-06 18:36:26,228 [MainThread  ][INFO ]  Fidelity: 0.8808461764708286
2019-03-06 18:36:26,228 [MainThread  ][INFO ]  ---- Starting iteration 99/100
2019-03-06 18:36:26,228 [MainThread  ][DEBUG]  Setting hyperparameter tf=1.9808080808080808
2019-03-06 18:36:26,228 [MainThread  ][INFO ]  Starting optimization for tf=1.9808080808080808
2019-03-06 18:36:26,228 [MainThread  ][DEBUG]  Optimization method: Nelder-Mead
2019-03-06 18:36:26,228 [MainThread  ][DEBUG]  Optimization options: None
2019-03-06 18:36:26,229 [MainThread  ][INFO ]  Initial parameter values: [1.6607148055701657, 1.5735800627511543, 1.4781542784502406, 0.6602693602693602, 1.3205387205387205]
2019-03-06 18:37:03,029 [MainThread  ][INFO ]  Final fidelity: 0.9373347375421265
2019-03-06 18:37:03,030 [MainThread  ][INFO ]  Final parameters: [-9.72470062e-01  3.99777686e+00  3.56610173e+00  7.91399502e-09
  1.86084619e+00]
2019-03-06 18:37:03,030 [MainThread  ][INFO ]  Fidelity: 0.9373347375421265
2019-03-06 18:37:03,030 [MainThread  ][INFO ]  ---- Starting iteration 100/100
2019-03-06 18:37:03,031 [MainThread  ][DEBUG]  Setting hyperparameter tf=2.0
2019-03-06 18:37:03,031 [MainThread  ][INFO ]  Starting optimization for tf=2.0
2019-03-06 18:37:03,031 [MainThread  ][DEBUG]  Optimization method: Nelder-Mead
2019-03-06 18:37:03,031 [MainThread  ][DEBUG]  Optimization options: None
2019-03-06 18:37:03,031 [MainThread  ][INFO ]  Initial parameter values: [-1.8380557178016224, 2.3317731032147195, 4.0753420269478084, 0.6666666666666666, 1.3333333333333333]
2019-03-06 18:37:41,309 [MainThread  ][INFO ]  Final fidelity: 0.9330784761003991
2019-03-06 18:37:41,310 [MainThread  ][INFO ]  Final parameters: [-3.88872995  9.99977115  3.88265599  0.61352763  0.61401817]
2019-03-06 18:37:41,310 [MainThread  ][INFO ]  Fidelity: 0.9330784761003991
